[2023-07-03T08:38:57.233+0000] {taskinstance.py:1103} INFO - Dependencies all met for dep_context=non-requeueable deps ti=<TaskInstance: order-letter_NER.read_order_from_mail manual__2023-07-03T08:38:48.568538+00:00 [queued]>
[2023-07-03T08:38:57.244+0000] {taskinstance.py:1103} INFO - Dependencies all met for dep_context=requeueable deps ti=<TaskInstance: order-letter_NER.read_order_from_mail manual__2023-07-03T08:38:48.568538+00:00 [queued]>
[2023-07-03T08:38:57.245+0000] {taskinstance.py:1308} INFO - Starting attempt 1 of 6
[2023-07-03T08:38:57.266+0000] {taskinstance.py:1327} INFO - Executing <Task(PythonOperator): read_order_from_mail> on 2023-07-03 08:38:48.568538+00:00
[2023-07-03T08:38:57.273+0000] {standard_task_runner.py:57} INFO - Started process 6152 to run task
[2023-07-03T08:38:57.277+0000] {standard_task_runner.py:84} INFO - Running: ['***', 'tasks', 'run', 'order-letter_NER', 'read_order_from_mail', 'manual__2023-07-03T08:38:48.568538+00:00', '--job-id', '169', '--raw', '--subdir', 'DAGS_FOLDER/order-letter-extraction.py', '--cfg-path', '/tmp/tmptieqloc3']
[2023-07-03T08:38:57.281+0000] {standard_task_runner.py:85} INFO - Job 169: Subtask read_order_from_mail
[2023-07-03T08:38:57.342+0000] {task_command.py:410} INFO - Running <TaskInstance: order-letter_NER.read_order_from_mail manual__2023-07-03T08:38:48.568538+00:00 [running]> on host f7b244b51c6e
[2023-07-03T08:38:57.467+0000] {taskinstance.py:1545} INFO - Exporting env vars: AIRFLOW_CTX_DAG_OWNER='Abin Jilson' AIRFLOW_CTX_DAG_ID='order-letter_NER' AIRFLOW_CTX_TASK_ID='read_order_from_mail' AIRFLOW_CTX_EXECUTION_DATE='2023-07-03T08:38:48.568538+00:00' AIRFLOW_CTX_TRY_NUMBER='1' AIRFLOW_CTX_DAG_RUN_ID='manual__2023-07-03T08:38:48.568538+00:00'
[2023-07-03T08:52:07.304+0000] {logging_mixin.py:149} INFO -  Dear Sir,

There is an urgent need for some things/items in our office. The details of
which are as follows. 11 pieces of AMSTERDAM Lamp , 6 TOKYO Guest Chair,
blue , 13 ROME Guest Chair, green, 2 Conference Bundle 1-6 and 2 ANTWERP
Conference Table. You are requested to provide all the above items as soon
as possible to avoid interruption in our work.

Sincerely Yours,

Yahad
[2023-07-03T08:52:07.306+0000] {python.py:183} INFO - Done. Returned value was:  Dear Sir,

There is an urgent need for some things/items in our office. The details of
which are as follows. 11 pieces of AMSTERDAM Lamp , 6 TOKYO Guest Chair,
blue , 13 ROME Guest Chair, green, 2 Conference Bundle 1-6 and 2 ANTWERP
Conference Table. You are requested to provide all the above items as soon
as possible to avoid interruption in our work.

Sincerely Yours,

Yahad

[2023-07-03T08:52:07.378+0000] {taskinstance.py:1345} INFO - Marking task as SUCCESS. dag_id=order-letter_NER, task_id=read_order_from_mail, execution_date=20230703T083848, start_date=20230703T083857, end_date=20230703T085207
[2023-07-03T08:52:07.452+0000] {local_task_job_runner.py:225} INFO - Task exited with return code 0
[2023-07-03T08:52:07.554+0000] {taskinstance.py:2653} INFO - 1 downstream tasks scheduled from follow-on schedule check
