[2023-07-03T05:50:21.978+0000] {taskinstance.py:1103} INFO - Dependencies all met for dep_context=non-requeueable deps ti=<TaskInstance: order-letter_NER.read_order_from_mail scheduled__2023-07-02T00:00:00+00:00 [queued]>
[2023-07-03T05:50:22.042+0000] {taskinstance.py:1103} INFO - Dependencies all met for dep_context=requeueable deps ti=<TaskInstance: order-letter_NER.read_order_from_mail scheduled__2023-07-02T00:00:00+00:00 [queued]>
[2023-07-03T05:50:22.056+0000] {taskinstance.py:1308} INFO - Starting attempt 1 of 6
[2023-07-03T05:50:22.141+0000] {taskinstance.py:1327} INFO - Executing <Task(PythonOperator): read_order_from_mail> on 2023-07-02 00:00:00+00:00
[2023-07-03T05:50:22.160+0000] {standard_task_runner.py:57} INFO - Started process 184 to run task
[2023-07-03T05:50:22.177+0000] {standard_task_runner.py:84} INFO - Running: ['***', 'tasks', 'run', 'order-letter_NER', 'read_order_from_mail', 'scheduled__2023-07-02T00:00:00+00:00', '--job-id', '155', '--raw', '--subdir', 'DAGS_FOLDER/order-letter-extraction.py', '--cfg-path', '/tmp/tmpiqgoq765']
[2023-07-03T05:50:22.184+0000] {standard_task_runner.py:85} INFO - Job 155: Subtask read_order_from_mail
[2023-07-03T05:50:22.384+0000] {task_command.py:410} INFO - Running <TaskInstance: order-letter_NER.read_order_from_mail scheduled__2023-07-02T00:00:00+00:00 [running]> on host f7b244b51c6e
[2023-07-03T05:50:22.821+0000] {taskinstance.py:1545} INFO - Exporting env vars: AIRFLOW_CTX_DAG_OWNER='Abin Jilson' AIRFLOW_CTX_DAG_ID='order-letter_NER' AIRFLOW_CTX_TASK_ID='read_order_from_mail' AIRFLOW_CTX_EXECUTION_DATE='2023-07-02T00:00:00+00:00' AIRFLOW_CTX_TRY_NUMBER='1' AIRFLOW_CTX_DAG_RUN_ID='scheduled__2023-07-02T00:00:00+00:00'
[2023-07-03T06:27:24.929+0000] {logging_mixin.py:149} INFO -  Dear Sir,

There is an urgent need for some things/items in our office. The details of
which are as follows. 11 pieces of AMSTERDAM Lamp , 6 TOKYO Guest Chair,
blue , 13 ROME Guest Chair, green, 2 Conference Bundle 1-6 and 2 ANTWERP
Conference Table. You are requested to provide all the above items as soon
as possible to avoid interruption in our work.

Sincerely Yours,

Yahad
[2023-07-03T06:27:25.142+0000] {python.py:183} INFO - Done. Returned value was:  Dear Sir,

There is an urgent need for some things/items in our office. The details of
which are as follows. 11 pieces of AMSTERDAM Lamp , 6 TOKYO Guest Chair,
blue , 13 ROME Guest Chair, green, 2 Conference Bundle 1-6 and 2 ANTWERP
Conference Table. You are requested to provide all the above items as soon
as possible to avoid interruption in our work.

Sincerely Yours,

Yahad

[2023-07-03T06:27:33.454+0000] {taskinstance.py:1345} INFO - Marking task as SUCCESS. dag_id=order-letter_NER, task_id=read_order_from_mail, execution_date=20230702T000000, start_date=20230703T055021, end_date=20230703T062733
[2023-07-03T06:27:36.432+0000] {local_task_job_runner.py:225} INFO - Task exited with return code 0
[2023-07-03T06:27:37.852+0000] {taskinstance.py:2653} INFO - 1 downstream tasks scheduled from follow-on schedule check
