[2023-06-28T14:16:34.037+0000] {processor.py:157} INFO - Started process (PID=61) to work on /home/airflow/.local/lib/python3.7/site-packages/airflow/example_dags/example_short_circuit_decorator.py
[2023-06-28T14:16:34.042+0000] {processor.py:826} INFO - Processing file /home/airflow/.local/lib/python3.7/site-packages/airflow/example_dags/example_short_circuit_decorator.py for tasks to queue
[2023-06-28T14:16:34.048+0000] {logging_mixin.py:149} INFO - [2023-06-28T14:16:34.048+0000] {dagbag.py:541} INFO - Filling up the DagBag from /home/airflow/.local/lib/python3.7/site-packages/airflow/example_dags/example_short_circuit_decorator.py
[2023-06-28T14:16:34.101+0000] {processor.py:836} INFO - DAG(s) dict_keys(['example_short_circuit_decorator']) retrieved from /home/airflow/.local/lib/python3.7/site-packages/airflow/example_dags/example_short_circuit_decorator.py
[2023-06-28T14:16:34.206+0000] {logging_mixin.py:149} INFO - [2023-06-28T14:16:34.206+0000] {dag.py:2726} INFO - Sync 1 DAGs
[2023-06-28T14:16:34.280+0000] {logging_mixin.py:149} INFO - [2023-06-28T14:16:34.279+0000] {dag.py:3490} INFO - Setting next_dagrun for example_short_circuit_decorator to 2023-06-27T14:16:34.279199+00:00, run_after=2023-06-28T14:16:34.279199+00:00
[2023-06-28T14:16:34.426+0000] {processor.py:179} INFO - Processing /home/airflow/.local/lib/python3.7/site-packages/airflow/example_dags/example_short_circuit_decorator.py took 0.410 seconds
[2023-06-28T14:17:09.169+0000] {processor.py:157} INFO - Started process (PID=120) to work on /home/airflow/.local/lib/python3.7/site-packages/airflow/example_dags/example_short_circuit_decorator.py
[2023-06-28T14:17:09.174+0000] {processor.py:826} INFO - Processing file /home/airflow/.local/lib/python3.7/site-packages/airflow/example_dags/example_short_circuit_decorator.py for tasks to queue
[2023-06-28T14:17:09.176+0000] {logging_mixin.py:149} INFO - [2023-06-28T14:17:09.175+0000] {dagbag.py:541} INFO - Filling up the DagBag from /home/airflow/.local/lib/python3.7/site-packages/airflow/example_dags/example_short_circuit_decorator.py
[2023-06-28T14:17:09.229+0000] {processor.py:836} INFO - DAG(s) dict_keys(['example_short_circuit_decorator']) retrieved from /home/airflow/.local/lib/python3.7/site-packages/airflow/example_dags/example_short_circuit_decorator.py
[2023-06-28T14:17:09.367+0000] {logging_mixin.py:149} INFO - [2023-06-28T14:17:09.363+0000] {dag.py:2726} INFO - Sync 1 DAGs
[2023-06-28T14:17:09.438+0000] {logging_mixin.py:149} INFO - [2023-06-28T14:17:09.437+0000] {dag.py:3490} INFO - Setting next_dagrun for example_short_circuit_decorator to 2023-06-27T14:17:09.437541+00:00, run_after=2023-06-28T14:17:09.437541+00:00
[2023-06-28T14:17:09.527+0000] {processor.py:179} INFO - Processing /home/airflow/.local/lib/python3.7/site-packages/airflow/example_dags/example_short_circuit_decorator.py took 0.366 seconds
[2023-06-28T14:17:40.517+0000] {processor.py:157} INFO - Started process (PID=178) to work on /home/airflow/.local/lib/python3.7/site-packages/airflow/example_dags/example_short_circuit_decorator.py
[2023-06-28T14:17:40.518+0000] {processor.py:826} INFO - Processing file /home/airflow/.local/lib/python3.7/site-packages/airflow/example_dags/example_short_circuit_decorator.py for tasks to queue
[2023-06-28T14:17:40.519+0000] {logging_mixin.py:149} INFO - [2023-06-28T14:17:40.519+0000] {dagbag.py:541} INFO - Filling up the DagBag from /home/airflow/.local/lib/python3.7/site-packages/airflow/example_dags/example_short_circuit_decorator.py
[2023-06-28T14:17:40.537+0000] {processor.py:836} INFO - DAG(s) dict_keys(['example_short_circuit_decorator']) retrieved from /home/airflow/.local/lib/python3.7/site-packages/airflow/example_dags/example_short_circuit_decorator.py
[2023-06-28T14:17:40.557+0000] {logging_mixin.py:149} INFO - [2023-06-28T14:17:40.557+0000] {dag.py:2726} INFO - Sync 1 DAGs
[2023-06-28T14:17:40.606+0000] {logging_mixin.py:149} INFO - [2023-06-28T14:17:40.606+0000] {dag.py:3490} INFO - Setting next_dagrun for example_short_circuit_decorator to 2023-06-27T14:17:40.605834+00:00, run_after=2023-06-28T14:17:40.605834+00:00
[2023-06-28T14:17:40.651+0000] {processor.py:179} INFO - Processing /home/airflow/.local/lib/python3.7/site-packages/airflow/example_dags/example_short_circuit_decorator.py took 0.141 seconds
[2023-06-28T14:18:10.790+0000] {processor.py:157} INFO - Started process (PID=237) to work on /home/airflow/.local/lib/python3.7/site-packages/airflow/example_dags/example_short_circuit_decorator.py
[2023-06-28T14:18:10.793+0000] {processor.py:826} INFO - Processing file /home/airflow/.local/lib/python3.7/site-packages/airflow/example_dags/example_short_circuit_decorator.py for tasks to queue
[2023-06-28T14:18:10.795+0000] {logging_mixin.py:149} INFO - [2023-06-28T14:18:10.795+0000] {dagbag.py:541} INFO - Filling up the DagBag from /home/airflow/.local/lib/python3.7/site-packages/airflow/example_dags/example_short_circuit_decorator.py
[2023-06-28T14:18:10.811+0000] {processor.py:836} INFO - DAG(s) dict_keys(['example_short_circuit_decorator']) retrieved from /home/airflow/.local/lib/python3.7/site-packages/airflow/example_dags/example_short_circuit_decorator.py
[2023-06-28T14:18:10.861+0000] {logging_mixin.py:149} INFO - [2023-06-28T14:18:10.860+0000] {dag.py:2726} INFO - Sync 1 DAGs
[2023-06-28T14:18:10.912+0000] {logging_mixin.py:149} INFO - [2023-06-28T14:18:10.912+0000] {dag.py:3490} INFO - Setting next_dagrun for example_short_circuit_decorator to 2023-06-27T14:18:10.911714+00:00, run_after=2023-06-28T14:18:10.911714+00:00
[2023-06-28T14:18:10.965+0000] {processor.py:179} INFO - Processing /home/airflow/.local/lib/python3.7/site-packages/airflow/example_dags/example_short_circuit_decorator.py took 0.181 seconds
[2023-06-28T14:18:41.071+0000] {processor.py:157} INFO - Started process (PID=296) to work on /home/airflow/.local/lib/python3.7/site-packages/airflow/example_dags/example_short_circuit_decorator.py
[2023-06-28T14:18:41.073+0000] {processor.py:826} INFO - Processing file /home/airflow/.local/lib/python3.7/site-packages/airflow/example_dags/example_short_circuit_decorator.py for tasks to queue
[2023-06-28T14:18:41.075+0000] {logging_mixin.py:149} INFO - [2023-06-28T14:18:41.074+0000] {dagbag.py:541} INFO - Filling up the DagBag from /home/airflow/.local/lib/python3.7/site-packages/airflow/example_dags/example_short_circuit_decorator.py
[2023-06-28T14:18:41.091+0000] {processor.py:836} INFO - DAG(s) dict_keys(['example_short_circuit_decorator']) retrieved from /home/airflow/.local/lib/python3.7/site-packages/airflow/example_dags/example_short_circuit_decorator.py
[2023-06-28T14:18:41.139+0000] {logging_mixin.py:149} INFO - [2023-06-28T14:18:41.139+0000] {dag.py:2726} INFO - Sync 1 DAGs
[2023-06-28T14:18:41.192+0000] {logging_mixin.py:149} INFO - [2023-06-28T14:18:41.192+0000] {dag.py:3490} INFO - Setting next_dagrun for example_short_circuit_decorator to 2023-06-27T14:18:41.192289+00:00, run_after=2023-06-28T14:18:41.192289+00:00
[2023-06-28T14:18:41.237+0000] {processor.py:179} INFO - Processing /home/airflow/.local/lib/python3.7/site-packages/airflow/example_dags/example_short_circuit_decorator.py took 0.172 seconds
[2023-06-28T14:19:11.763+0000] {processor.py:157} INFO - Started process (PID=354) to work on /home/airflow/.local/lib/python3.7/site-packages/airflow/example_dags/example_short_circuit_decorator.py
[2023-06-28T14:19:11.765+0000] {processor.py:826} INFO - Processing file /home/airflow/.local/lib/python3.7/site-packages/airflow/example_dags/example_short_circuit_decorator.py for tasks to queue
[2023-06-28T14:19:11.768+0000] {logging_mixin.py:149} INFO - [2023-06-28T14:19:11.768+0000] {dagbag.py:541} INFO - Filling up the DagBag from /home/airflow/.local/lib/python3.7/site-packages/airflow/example_dags/example_short_circuit_decorator.py
[2023-06-28T14:19:11.783+0000] {processor.py:836} INFO - DAG(s) dict_keys(['example_short_circuit_decorator']) retrieved from /home/airflow/.local/lib/python3.7/site-packages/airflow/example_dags/example_short_circuit_decorator.py
[2023-06-28T14:19:11.834+0000] {logging_mixin.py:149} INFO - [2023-06-28T14:19:11.834+0000] {dag.py:2726} INFO - Sync 1 DAGs
[2023-06-28T14:19:11.943+0000] {logging_mixin.py:149} INFO - [2023-06-28T14:19:11.942+0000] {dag.py:3490} INFO - Setting next_dagrun for example_short_circuit_decorator to 2023-06-27T14:19:11.942257+00:00, run_after=2023-06-28T14:19:11.942257+00:00
[2023-06-28T14:19:11.991+0000] {processor.py:179} INFO - Processing /home/airflow/.local/lib/python3.7/site-packages/airflow/example_dags/example_short_circuit_decorator.py took 0.234 seconds
[2023-06-28T14:19:42.271+0000] {processor.py:157} INFO - Started process (PID=413) to work on /home/airflow/.local/lib/python3.7/site-packages/airflow/example_dags/example_short_circuit_decorator.py
[2023-06-28T14:19:42.273+0000] {processor.py:826} INFO - Processing file /home/airflow/.local/lib/python3.7/site-packages/airflow/example_dags/example_short_circuit_decorator.py for tasks to queue
[2023-06-28T14:19:42.274+0000] {logging_mixin.py:149} INFO - [2023-06-28T14:19:42.274+0000] {dagbag.py:541} INFO - Filling up the DagBag from /home/airflow/.local/lib/python3.7/site-packages/airflow/example_dags/example_short_circuit_decorator.py
[2023-06-28T14:19:42.301+0000] {processor.py:836} INFO - DAG(s) dict_keys(['example_short_circuit_decorator']) retrieved from /home/airflow/.local/lib/python3.7/site-packages/airflow/example_dags/example_short_circuit_decorator.py
[2023-06-28T14:19:42.368+0000] {logging_mixin.py:149} INFO - [2023-06-28T14:19:42.368+0000] {dag.py:2726} INFO - Sync 1 DAGs
[2023-06-28T14:19:42.405+0000] {logging_mixin.py:149} INFO - [2023-06-28T14:19:42.405+0000] {dag.py:3490} INFO - Setting next_dagrun for example_short_circuit_decorator to 2023-06-27T14:19:42.405364+00:00, run_after=2023-06-28T14:19:42.405364+00:00
[2023-06-28T14:19:42.438+0000] {processor.py:179} INFO - Processing /home/airflow/.local/lib/python3.7/site-packages/airflow/example_dags/example_short_circuit_decorator.py took 0.172 seconds
[2023-06-28T14:20:12.715+0000] {processor.py:157} INFO - Started process (PID=472) to work on /home/airflow/.local/lib/python3.7/site-packages/airflow/example_dags/example_short_circuit_decorator.py
[2023-06-28T14:20:12.716+0000] {processor.py:826} INFO - Processing file /home/airflow/.local/lib/python3.7/site-packages/airflow/example_dags/example_short_circuit_decorator.py for tasks to queue
[2023-06-28T14:20:12.717+0000] {logging_mixin.py:149} INFO - [2023-06-28T14:20:12.717+0000] {dagbag.py:541} INFO - Filling up the DagBag from /home/airflow/.local/lib/python3.7/site-packages/airflow/example_dags/example_short_circuit_decorator.py
[2023-06-28T14:20:12.729+0000] {processor.py:836} INFO - DAG(s) dict_keys(['example_short_circuit_decorator']) retrieved from /home/airflow/.local/lib/python3.7/site-packages/airflow/example_dags/example_short_circuit_decorator.py
[2023-06-28T14:20:12.767+0000] {logging_mixin.py:149} INFO - [2023-06-28T14:20:12.767+0000] {dag.py:2726} INFO - Sync 1 DAGs
[2023-06-28T14:20:12.804+0000] {logging_mixin.py:149} INFO - [2023-06-28T14:20:12.804+0000] {dag.py:3490} INFO - Setting next_dagrun for example_short_circuit_decorator to 2023-06-27T14:20:12.803781+00:00, run_after=2023-06-28T14:20:12.803781+00:00
[2023-06-28T14:20:12.847+0000] {processor.py:179} INFO - Processing /home/airflow/.local/lib/python3.7/site-packages/airflow/example_dags/example_short_circuit_decorator.py took 0.137 seconds
[2023-06-28T14:20:43.260+0000] {processor.py:157} INFO - Started process (PID=531) to work on /home/airflow/.local/lib/python3.7/site-packages/airflow/example_dags/example_short_circuit_decorator.py
[2023-06-28T14:20:43.261+0000] {processor.py:826} INFO - Processing file /home/airflow/.local/lib/python3.7/site-packages/airflow/example_dags/example_short_circuit_decorator.py for tasks to queue
[2023-06-28T14:20:43.262+0000] {logging_mixin.py:149} INFO - [2023-06-28T14:20:43.262+0000] {dagbag.py:541} INFO - Filling up the DagBag from /home/airflow/.local/lib/python3.7/site-packages/airflow/example_dags/example_short_circuit_decorator.py
[2023-06-28T14:20:43.276+0000] {processor.py:836} INFO - DAG(s) dict_keys(['example_short_circuit_decorator']) retrieved from /home/airflow/.local/lib/python3.7/site-packages/airflow/example_dags/example_short_circuit_decorator.py
[2023-06-28T14:20:43.316+0000] {logging_mixin.py:149} INFO - [2023-06-28T14:20:43.316+0000] {dag.py:2726} INFO - Sync 1 DAGs
[2023-06-28T14:20:43.353+0000] {logging_mixin.py:149} INFO - [2023-06-28T14:20:43.353+0000] {dag.py:3490} INFO - Setting next_dagrun for example_short_circuit_decorator to 2023-06-27T14:20:43.353196+00:00, run_after=2023-06-28T14:20:43.353196+00:00
[2023-06-28T14:20:43.390+0000] {processor.py:179} INFO - Processing /home/airflow/.local/lib/python3.7/site-packages/airflow/example_dags/example_short_circuit_decorator.py took 0.134 seconds
[2023-06-28T14:21:13.490+0000] {processor.py:157} INFO - Started process (PID=590) to work on /home/airflow/.local/lib/python3.7/site-packages/airflow/example_dags/example_short_circuit_decorator.py
[2023-06-28T14:21:13.493+0000] {processor.py:826} INFO - Processing file /home/airflow/.local/lib/python3.7/site-packages/airflow/example_dags/example_short_circuit_decorator.py for tasks to queue
[2023-06-28T14:21:13.495+0000] {logging_mixin.py:149} INFO - [2023-06-28T14:21:13.494+0000] {dagbag.py:541} INFO - Filling up the DagBag from /home/airflow/.local/lib/python3.7/site-packages/airflow/example_dags/example_short_circuit_decorator.py
[2023-06-28T14:21:13.518+0000] {processor.py:836} INFO - DAG(s) dict_keys(['example_short_circuit_decorator']) retrieved from /home/airflow/.local/lib/python3.7/site-packages/airflow/example_dags/example_short_circuit_decorator.py
[2023-06-28T14:21:13.624+0000] {logging_mixin.py:149} INFO - [2023-06-28T14:21:13.624+0000] {dag.py:2726} INFO - Sync 1 DAGs
[2023-06-28T14:21:13.718+0000] {logging_mixin.py:149} INFO - [2023-06-28T14:21:13.717+0000] {dag.py:3490} INFO - Setting next_dagrun for example_short_circuit_decorator to 2023-06-27T14:21:13.717523+00:00, run_after=2023-06-28T14:21:13.717523+00:00
[2023-06-28T14:21:13.772+0000] {processor.py:179} INFO - Processing /home/airflow/.local/lib/python3.7/site-packages/airflow/example_dags/example_short_circuit_decorator.py took 0.300 seconds
[2023-06-28T14:21:43.904+0000] {processor.py:157} INFO - Started process (PID=649) to work on /home/airflow/.local/lib/python3.7/site-packages/airflow/example_dags/example_short_circuit_decorator.py
[2023-06-28T14:21:43.906+0000] {processor.py:826} INFO - Processing file /home/airflow/.local/lib/python3.7/site-packages/airflow/example_dags/example_short_circuit_decorator.py for tasks to queue
[2023-06-28T14:21:43.907+0000] {logging_mixin.py:149} INFO - [2023-06-28T14:21:43.907+0000] {dagbag.py:541} INFO - Filling up the DagBag from /home/airflow/.local/lib/python3.7/site-packages/airflow/example_dags/example_short_circuit_decorator.py
[2023-06-28T14:21:43.927+0000] {processor.py:836} INFO - DAG(s) dict_keys(['example_short_circuit_decorator']) retrieved from /home/airflow/.local/lib/python3.7/site-packages/airflow/example_dags/example_short_circuit_decorator.py
[2023-06-28T14:21:43.972+0000] {logging_mixin.py:149} INFO - [2023-06-28T14:21:43.972+0000] {dag.py:2726} INFO - Sync 1 DAGs
[2023-06-28T14:21:44.013+0000] {logging_mixin.py:149} INFO - [2023-06-28T14:21:44.013+0000] {dag.py:3490} INFO - Setting next_dagrun for example_short_circuit_decorator to 2023-06-27T14:21:44.012760+00:00, run_after=2023-06-28T14:21:44.012760+00:00
[2023-06-28T14:21:44.051+0000] {processor.py:179} INFO - Processing /home/airflow/.local/lib/python3.7/site-packages/airflow/example_dags/example_short_circuit_decorator.py took 0.153 seconds
[2023-06-28T14:22:15.287+0000] {processor.py:157} INFO - Started process (PID=710) to work on /home/airflow/.local/lib/python3.7/site-packages/airflow/example_dags/example_short_circuit_decorator.py
[2023-06-28T14:22:15.289+0000] {processor.py:826} INFO - Processing file /home/airflow/.local/lib/python3.7/site-packages/airflow/example_dags/example_short_circuit_decorator.py for tasks to queue
[2023-06-28T14:22:15.291+0000] {logging_mixin.py:149} INFO - [2023-06-28T14:22:15.291+0000] {dagbag.py:541} INFO - Filling up the DagBag from /home/airflow/.local/lib/python3.7/site-packages/airflow/example_dags/example_short_circuit_decorator.py
[2023-06-28T14:22:15.324+0000] {processor.py:836} INFO - DAG(s) dict_keys(['example_short_circuit_decorator']) retrieved from /home/airflow/.local/lib/python3.7/site-packages/airflow/example_dags/example_short_circuit_decorator.py
[2023-06-28T14:22:15.421+0000] {logging_mixin.py:149} INFO - [2023-06-28T14:22:15.421+0000] {dag.py:2726} INFO - Sync 1 DAGs
[2023-06-28T14:22:15.492+0000] {logging_mixin.py:149} INFO - [2023-06-28T14:22:15.491+0000] {dag.py:3490} INFO - Setting next_dagrun for example_short_circuit_decorator to 2023-06-27T14:22:15.491433+00:00, run_after=2023-06-28T14:22:15.491433+00:00
[2023-06-28T14:22:15.528+0000] {processor.py:179} INFO - Processing /home/airflow/.local/lib/python3.7/site-packages/airflow/example_dags/example_short_circuit_decorator.py took 0.253 seconds
[2023-06-28T14:22:45.720+0000] {processor.py:157} INFO - Started process (PID=769) to work on /home/airflow/.local/lib/python3.7/site-packages/airflow/example_dags/example_short_circuit_decorator.py
[2023-06-28T14:22:45.721+0000] {processor.py:826} INFO - Processing file /home/airflow/.local/lib/python3.7/site-packages/airflow/example_dags/example_short_circuit_decorator.py for tasks to queue
[2023-06-28T14:22:45.723+0000] {logging_mixin.py:149} INFO - [2023-06-28T14:22:45.722+0000] {dagbag.py:541} INFO - Filling up the DagBag from /home/airflow/.local/lib/python3.7/site-packages/airflow/example_dags/example_short_circuit_decorator.py
[2023-06-28T14:22:45.739+0000] {processor.py:836} INFO - DAG(s) dict_keys(['example_short_circuit_decorator']) retrieved from /home/airflow/.local/lib/python3.7/site-packages/airflow/example_dags/example_short_circuit_decorator.py
[2023-06-28T14:22:45.776+0000] {logging_mixin.py:149} INFO - [2023-06-28T14:22:45.776+0000] {dag.py:2726} INFO - Sync 1 DAGs
[2023-06-28T14:22:45.821+0000] {logging_mixin.py:149} INFO - [2023-06-28T14:22:45.821+0000] {dag.py:3490} INFO - Setting next_dagrun for example_short_circuit_decorator to 2023-06-27T14:22:45.820637+00:00, run_after=2023-06-28T14:22:45.820637+00:00
[2023-06-28T14:22:45.858+0000] {processor.py:179} INFO - Processing /home/airflow/.local/lib/python3.7/site-packages/airflow/example_dags/example_short_circuit_decorator.py took 0.144 seconds
[2023-06-28T14:23:17.054+0000] {processor.py:157} INFO - Started process (PID=828) to work on /home/airflow/.local/lib/python3.7/site-packages/airflow/example_dags/example_short_circuit_decorator.py
[2023-06-28T14:23:17.055+0000] {processor.py:826} INFO - Processing file /home/airflow/.local/lib/python3.7/site-packages/airflow/example_dags/example_short_circuit_decorator.py for tasks to queue
[2023-06-28T14:23:17.056+0000] {logging_mixin.py:149} INFO - [2023-06-28T14:23:17.056+0000] {dagbag.py:541} INFO - Filling up the DagBag from /home/airflow/.local/lib/python3.7/site-packages/airflow/example_dags/example_short_circuit_decorator.py
[2023-06-28T14:23:17.075+0000] {processor.py:836} INFO - DAG(s) dict_keys(['example_short_circuit_decorator']) retrieved from /home/airflow/.local/lib/python3.7/site-packages/airflow/example_dags/example_short_circuit_decorator.py
[2023-06-28T14:23:17.123+0000] {logging_mixin.py:149} INFO - [2023-06-28T14:23:17.123+0000] {dag.py:2726} INFO - Sync 1 DAGs
[2023-06-28T14:23:17.168+0000] {logging_mixin.py:149} INFO - [2023-06-28T14:23:17.167+0000] {dag.py:3490} INFO - Setting next_dagrun for example_short_circuit_decorator to 2023-06-27T14:23:17.167103+00:00, run_after=2023-06-28T14:23:17.167103+00:00
[2023-06-28T14:23:17.202+0000] {processor.py:179} INFO - Processing /home/airflow/.local/lib/python3.7/site-packages/airflow/example_dags/example_short_circuit_decorator.py took 0.154 seconds
[2023-06-28T14:23:47.464+0000] {processor.py:157} INFO - Started process (PID=888) to work on /home/airflow/.local/lib/python3.7/site-packages/airflow/example_dags/example_short_circuit_decorator.py
[2023-06-28T14:23:47.466+0000] {processor.py:826} INFO - Processing file /home/airflow/.local/lib/python3.7/site-packages/airflow/example_dags/example_short_circuit_decorator.py for tasks to queue
[2023-06-28T14:23:47.467+0000] {logging_mixin.py:149} INFO - [2023-06-28T14:23:47.467+0000] {dagbag.py:541} INFO - Filling up the DagBag from /home/airflow/.local/lib/python3.7/site-packages/airflow/example_dags/example_short_circuit_decorator.py
[2023-06-28T14:23:47.487+0000] {processor.py:836} INFO - DAG(s) dict_keys(['example_short_circuit_decorator']) retrieved from /home/airflow/.local/lib/python3.7/site-packages/airflow/example_dags/example_short_circuit_decorator.py
[2023-06-28T14:23:47.542+0000] {logging_mixin.py:149} INFO - [2023-06-28T14:23:47.542+0000] {dag.py:2726} INFO - Sync 1 DAGs
[2023-06-28T14:23:47.597+0000] {logging_mixin.py:149} INFO - [2023-06-28T14:23:47.597+0000] {dag.py:3490} INFO - Setting next_dagrun for example_short_circuit_decorator to 2023-06-27T14:23:47.597059+00:00, run_after=2023-06-28T14:23:47.597059+00:00
[2023-06-28T14:23:47.643+0000] {processor.py:179} INFO - Processing /home/airflow/.local/lib/python3.7/site-packages/airflow/example_dags/example_short_circuit_decorator.py took 0.184 seconds
[2023-06-28T14:24:18.160+0000] {processor.py:157} INFO - Started process (PID=946) to work on /home/airflow/.local/lib/python3.7/site-packages/airflow/example_dags/example_short_circuit_decorator.py
[2023-06-28T14:24:18.162+0000] {processor.py:826} INFO - Processing file /home/airflow/.local/lib/python3.7/site-packages/airflow/example_dags/example_short_circuit_decorator.py for tasks to queue
[2023-06-28T14:24:18.163+0000] {logging_mixin.py:149} INFO - [2023-06-28T14:24:18.163+0000] {dagbag.py:541} INFO - Filling up the DagBag from /home/airflow/.local/lib/python3.7/site-packages/airflow/example_dags/example_short_circuit_decorator.py
[2023-06-28T14:24:18.177+0000] {processor.py:836} INFO - DAG(s) dict_keys(['example_short_circuit_decorator']) retrieved from /home/airflow/.local/lib/python3.7/site-packages/airflow/example_dags/example_short_circuit_decorator.py
[2023-06-28T14:24:18.230+0000] {logging_mixin.py:149} INFO - [2023-06-28T14:24:18.230+0000] {dag.py:2726} INFO - Sync 1 DAGs
[2023-06-28T14:24:18.284+0000] {logging_mixin.py:149} INFO - [2023-06-28T14:24:18.284+0000] {dag.py:3490} INFO - Setting next_dagrun for example_short_circuit_decorator to 2023-06-27T14:24:18.283944+00:00, run_after=2023-06-28T14:24:18.283944+00:00
[2023-06-28T14:24:18.327+0000] {processor.py:179} INFO - Processing /home/airflow/.local/lib/python3.7/site-packages/airflow/example_dags/example_short_circuit_decorator.py took 0.173 seconds
[2023-06-28T14:24:48.405+0000] {processor.py:157} INFO - Started process (PID=1004) to work on /home/airflow/.local/lib/python3.7/site-packages/airflow/example_dags/example_short_circuit_decorator.py
[2023-06-28T14:24:48.406+0000] {processor.py:826} INFO - Processing file /home/airflow/.local/lib/python3.7/site-packages/airflow/example_dags/example_short_circuit_decorator.py for tasks to queue
[2023-06-28T14:24:48.407+0000] {logging_mixin.py:149} INFO - [2023-06-28T14:24:48.407+0000] {dagbag.py:541} INFO - Filling up the DagBag from /home/airflow/.local/lib/python3.7/site-packages/airflow/example_dags/example_short_circuit_decorator.py
[2023-06-28T14:24:48.419+0000] {processor.py:836} INFO - DAG(s) dict_keys(['example_short_circuit_decorator']) retrieved from /home/airflow/.local/lib/python3.7/site-packages/airflow/example_dags/example_short_circuit_decorator.py
[2023-06-28T14:24:48.462+0000] {logging_mixin.py:149} INFO - [2023-06-28T14:24:48.462+0000] {dag.py:2726} INFO - Sync 1 DAGs
[2023-06-28T14:24:48.499+0000] {logging_mixin.py:149} INFO - [2023-06-28T14:24:48.499+0000] {dag.py:3490} INFO - Setting next_dagrun for example_short_circuit_decorator to 2023-06-27T14:24:48.499054+00:00, run_after=2023-06-28T14:24:48.499054+00:00
[2023-06-28T14:24:48.536+0000] {processor.py:179} INFO - Processing /home/airflow/.local/lib/python3.7/site-packages/airflow/example_dags/example_short_circuit_decorator.py took 0.135 seconds
[2023-06-28T14:25:19.170+0000] {processor.py:157} INFO - Started process (PID=1064) to work on /home/airflow/.local/lib/python3.7/site-packages/airflow/example_dags/example_short_circuit_decorator.py
[2023-06-28T14:25:19.171+0000] {processor.py:826} INFO - Processing file /home/airflow/.local/lib/python3.7/site-packages/airflow/example_dags/example_short_circuit_decorator.py for tasks to queue
[2023-06-28T14:25:19.172+0000] {logging_mixin.py:149} INFO - [2023-06-28T14:25:19.172+0000] {dagbag.py:541} INFO - Filling up the DagBag from /home/airflow/.local/lib/python3.7/site-packages/airflow/example_dags/example_short_circuit_decorator.py
[2023-06-28T14:25:19.203+0000] {processor.py:836} INFO - DAG(s) dict_keys(['example_short_circuit_decorator']) retrieved from /home/airflow/.local/lib/python3.7/site-packages/airflow/example_dags/example_short_circuit_decorator.py
[2023-06-28T14:25:19.266+0000] {logging_mixin.py:149} INFO - [2023-06-28T14:25:19.266+0000] {dag.py:2726} INFO - Sync 1 DAGs
[2023-06-28T14:25:19.345+0000] {logging_mixin.py:149} INFO - [2023-06-28T14:25:19.345+0000] {dag.py:3490} INFO - Setting next_dagrun for example_short_circuit_decorator to 2023-06-27T14:25:19.344602+00:00, run_after=2023-06-28T14:25:19.344602+00:00
[2023-06-28T14:25:19.390+0000] {processor.py:179} INFO - Processing /home/airflow/.local/lib/python3.7/site-packages/airflow/example_dags/example_short_circuit_decorator.py took 0.224 seconds
[2023-06-28T14:25:49.666+0000] {processor.py:157} INFO - Started process (PID=1122) to work on /home/airflow/.local/lib/python3.7/site-packages/airflow/example_dags/example_short_circuit_decorator.py
[2023-06-28T14:25:49.668+0000] {processor.py:826} INFO - Processing file /home/airflow/.local/lib/python3.7/site-packages/airflow/example_dags/example_short_circuit_decorator.py for tasks to queue
[2023-06-28T14:25:49.670+0000] {logging_mixin.py:149} INFO - [2023-06-28T14:25:49.670+0000] {dagbag.py:541} INFO - Filling up the DagBag from /home/airflow/.local/lib/python3.7/site-packages/airflow/example_dags/example_short_circuit_decorator.py
[2023-06-28T14:25:49.693+0000] {processor.py:836} INFO - DAG(s) dict_keys(['example_short_circuit_decorator']) retrieved from /home/airflow/.local/lib/python3.7/site-packages/airflow/example_dags/example_short_circuit_decorator.py
[2023-06-28T14:25:49.743+0000] {logging_mixin.py:149} INFO - [2023-06-28T14:25:49.743+0000] {dag.py:2726} INFO - Sync 1 DAGs
[2023-06-28T14:25:49.776+0000] {logging_mixin.py:149} INFO - [2023-06-28T14:25:49.776+0000] {dag.py:3490} INFO - Setting next_dagrun for example_short_circuit_decorator to 2023-06-27T14:25:49.775838+00:00, run_after=2023-06-28T14:25:49.775838+00:00
[2023-06-28T14:25:49.805+0000] {processor.py:179} INFO - Processing /home/airflow/.local/lib/python3.7/site-packages/airflow/example_dags/example_short_circuit_decorator.py took 0.145 seconds
[2023-06-28T14:26:20.540+0000] {processor.py:157} INFO - Started process (PID=1181) to work on /home/airflow/.local/lib/python3.7/site-packages/airflow/example_dags/example_short_circuit_decorator.py
[2023-06-28T14:26:20.542+0000] {processor.py:826} INFO - Processing file /home/airflow/.local/lib/python3.7/site-packages/airflow/example_dags/example_short_circuit_decorator.py for tasks to queue
[2023-06-28T14:26:20.543+0000] {logging_mixin.py:149} INFO - [2023-06-28T14:26:20.543+0000] {dagbag.py:541} INFO - Filling up the DagBag from /home/airflow/.local/lib/python3.7/site-packages/airflow/example_dags/example_short_circuit_decorator.py
[2023-06-28T14:26:20.556+0000] {processor.py:836} INFO - DAG(s) dict_keys(['example_short_circuit_decorator']) retrieved from /home/airflow/.local/lib/python3.7/site-packages/airflow/example_dags/example_short_circuit_decorator.py
[2023-06-28T14:26:20.621+0000] {logging_mixin.py:149} INFO - [2023-06-28T14:26:20.620+0000] {dag.py:2726} INFO - Sync 1 DAGs
[2023-06-28T14:26:20.666+0000] {logging_mixin.py:149} INFO - [2023-06-28T14:26:20.666+0000] {dag.py:3490} INFO - Setting next_dagrun for example_short_circuit_decorator to 2023-06-27T14:26:20.665756+00:00, run_after=2023-06-28T14:26:20.665756+00:00
[2023-06-28T14:26:20.700+0000] {processor.py:179} INFO - Processing /home/airflow/.local/lib/python3.7/site-packages/airflow/example_dags/example_short_circuit_decorator.py took 0.165 seconds
[2023-06-28T14:26:50.980+0000] {processor.py:157} INFO - Started process (PID=1241) to work on /home/airflow/.local/lib/python3.7/site-packages/airflow/example_dags/example_short_circuit_decorator.py
[2023-06-28T14:26:50.981+0000] {processor.py:826} INFO - Processing file /home/airflow/.local/lib/python3.7/site-packages/airflow/example_dags/example_short_circuit_decorator.py for tasks to queue
[2023-06-28T14:26:50.982+0000] {logging_mixin.py:149} INFO - [2023-06-28T14:26:50.982+0000] {dagbag.py:541} INFO - Filling up the DagBag from /home/airflow/.local/lib/python3.7/site-packages/airflow/example_dags/example_short_circuit_decorator.py
[2023-06-28T14:26:50.998+0000] {processor.py:836} INFO - DAG(s) dict_keys(['example_short_circuit_decorator']) retrieved from /home/airflow/.local/lib/python3.7/site-packages/airflow/example_dags/example_short_circuit_decorator.py
[2023-06-28T14:26:51.043+0000] {logging_mixin.py:149} INFO - [2023-06-28T14:26:51.043+0000] {dag.py:2726} INFO - Sync 1 DAGs
[2023-06-28T14:26:51.102+0000] {logging_mixin.py:149} INFO - [2023-06-28T14:26:51.102+0000] {dag.py:3490} INFO - Setting next_dagrun for example_short_circuit_decorator to 2023-06-27T14:26:51.101680+00:00, run_after=2023-06-28T14:26:51.101680+00:00
[2023-06-28T14:26:51.147+0000] {processor.py:179} INFO - Processing /home/airflow/.local/lib/python3.7/site-packages/airflow/example_dags/example_short_circuit_decorator.py took 0.173 seconds
[2023-06-28T14:27:21.474+0000] {processor.py:157} INFO - Started process (PID=1307) to work on /home/airflow/.local/lib/python3.7/site-packages/airflow/example_dags/example_short_circuit_decorator.py
[2023-06-28T14:27:21.476+0000] {processor.py:826} INFO - Processing file /home/airflow/.local/lib/python3.7/site-packages/airflow/example_dags/example_short_circuit_decorator.py for tasks to queue
[2023-06-28T14:27:21.477+0000] {logging_mixin.py:149} INFO - [2023-06-28T14:27:21.477+0000] {dagbag.py:541} INFO - Filling up the DagBag from /home/airflow/.local/lib/python3.7/site-packages/airflow/example_dags/example_short_circuit_decorator.py
[2023-06-28T14:27:21.499+0000] {processor.py:836} INFO - DAG(s) dict_keys(['example_short_circuit_decorator']) retrieved from /home/airflow/.local/lib/python3.7/site-packages/airflow/example_dags/example_short_circuit_decorator.py
[2023-06-28T14:27:21.576+0000] {logging_mixin.py:149} INFO - [2023-06-28T14:27:21.576+0000] {dag.py:2726} INFO - Sync 1 DAGs
[2023-06-28T14:27:21.660+0000] {logging_mixin.py:149} INFO - [2023-06-28T14:27:21.659+0000] {dag.py:3490} INFO - Setting next_dagrun for example_short_circuit_decorator to 2023-06-27T14:27:21.659404+00:00, run_after=2023-06-28T14:27:21.659404+00:00
[2023-06-28T14:27:21.699+0000] {processor.py:179} INFO - Processing /home/airflow/.local/lib/python3.7/site-packages/airflow/example_dags/example_short_circuit_decorator.py took 0.236 seconds
[2023-06-28T14:27:52.126+0000] {processor.py:157} INFO - Started process (PID=1367) to work on /home/airflow/.local/lib/python3.7/site-packages/airflow/example_dags/example_short_circuit_decorator.py
[2023-06-28T14:27:52.128+0000] {processor.py:826} INFO - Processing file /home/airflow/.local/lib/python3.7/site-packages/airflow/example_dags/example_short_circuit_decorator.py for tasks to queue
[2023-06-28T14:27:52.129+0000] {logging_mixin.py:149} INFO - [2023-06-28T14:27:52.129+0000] {dagbag.py:541} INFO - Filling up the DagBag from /home/airflow/.local/lib/python3.7/site-packages/airflow/example_dags/example_short_circuit_decorator.py
[2023-06-28T14:27:52.142+0000] {processor.py:836} INFO - DAG(s) dict_keys(['example_short_circuit_decorator']) retrieved from /home/airflow/.local/lib/python3.7/site-packages/airflow/example_dags/example_short_circuit_decorator.py
[2023-06-28T14:27:52.182+0000] {logging_mixin.py:149} INFO - [2023-06-28T14:27:52.182+0000] {dag.py:2726} INFO - Sync 1 DAGs
[2023-06-28T14:27:52.220+0000] {logging_mixin.py:149} INFO - [2023-06-28T14:27:52.219+0000] {dag.py:3490} INFO - Setting next_dagrun for example_short_circuit_decorator to 2023-06-27T14:27:52.219252+00:00, run_after=2023-06-28T14:27:52.219252+00:00
[2023-06-28T14:27:52.257+0000] {processor.py:179} INFO - Processing /home/airflow/.local/lib/python3.7/site-packages/airflow/example_dags/example_short_circuit_decorator.py took 0.137 seconds
[2023-06-28T14:28:22.881+0000] {processor.py:157} INFO - Started process (PID=1425) to work on /home/airflow/.local/lib/python3.7/site-packages/airflow/example_dags/example_short_circuit_decorator.py
[2023-06-28T14:28:22.882+0000] {processor.py:826} INFO - Processing file /home/airflow/.local/lib/python3.7/site-packages/airflow/example_dags/example_short_circuit_decorator.py for tasks to queue
[2023-06-28T14:28:22.883+0000] {logging_mixin.py:149} INFO - [2023-06-28T14:28:22.883+0000] {dagbag.py:541} INFO - Filling up the DagBag from /home/airflow/.local/lib/python3.7/site-packages/airflow/example_dags/example_short_circuit_decorator.py
[2023-06-28T14:28:22.900+0000] {processor.py:836} INFO - DAG(s) dict_keys(['example_short_circuit_decorator']) retrieved from /home/airflow/.local/lib/python3.7/site-packages/airflow/example_dags/example_short_circuit_decorator.py
[2023-06-28T14:28:22.948+0000] {logging_mixin.py:149} INFO - [2023-06-28T14:28:22.948+0000] {dag.py:2726} INFO - Sync 1 DAGs
[2023-06-28T14:28:22.981+0000] {logging_mixin.py:149} INFO - [2023-06-28T14:28:22.981+0000] {dag.py:3490} INFO - Setting next_dagrun for example_short_circuit_decorator to 2023-06-27T14:28:22.980788+00:00, run_after=2023-06-28T14:28:22.980788+00:00
[2023-06-28T14:28:23.021+0000] {processor.py:179} INFO - Processing /home/airflow/.local/lib/python3.7/site-packages/airflow/example_dags/example_short_circuit_decorator.py took 0.146 seconds
[2023-06-28T14:28:53.156+0000] {processor.py:157} INFO - Started process (PID=1484) to work on /home/airflow/.local/lib/python3.7/site-packages/airflow/example_dags/example_short_circuit_decorator.py
[2023-06-28T14:28:53.157+0000] {processor.py:826} INFO - Processing file /home/airflow/.local/lib/python3.7/site-packages/airflow/example_dags/example_short_circuit_decorator.py for tasks to queue
[2023-06-28T14:28:53.158+0000] {logging_mixin.py:149} INFO - [2023-06-28T14:28:53.158+0000] {dagbag.py:541} INFO - Filling up the DagBag from /home/airflow/.local/lib/python3.7/site-packages/airflow/example_dags/example_short_circuit_decorator.py
[2023-06-28T14:28:53.170+0000] {processor.py:836} INFO - DAG(s) dict_keys(['example_short_circuit_decorator']) retrieved from /home/airflow/.local/lib/python3.7/site-packages/airflow/example_dags/example_short_circuit_decorator.py
[2023-06-28T14:28:53.206+0000] {logging_mixin.py:149} INFO - [2023-06-28T14:28:53.206+0000] {dag.py:2726} INFO - Sync 1 DAGs
[2023-06-28T14:28:53.247+0000] {logging_mixin.py:149} INFO - [2023-06-28T14:28:53.246+0000] {dag.py:3490} INFO - Setting next_dagrun for example_short_circuit_decorator to 2023-06-27T14:28:53.246531+00:00, run_after=2023-06-28T14:28:53.246531+00:00
[2023-06-28T14:28:53.283+0000] {processor.py:179} INFO - Processing /home/airflow/.local/lib/python3.7/site-packages/airflow/example_dags/example_short_circuit_decorator.py took 0.131 seconds
[2023-06-28T14:29:23.603+0000] {processor.py:157} INFO - Started process (PID=1545) to work on /home/airflow/.local/lib/python3.7/site-packages/airflow/example_dags/example_short_circuit_decorator.py
[2023-06-28T14:29:23.606+0000] {processor.py:826} INFO - Processing file /home/airflow/.local/lib/python3.7/site-packages/airflow/example_dags/example_short_circuit_decorator.py for tasks to queue
[2023-06-28T14:29:23.607+0000] {logging_mixin.py:149} INFO - [2023-06-28T14:29:23.607+0000] {dagbag.py:541} INFO - Filling up the DagBag from /home/airflow/.local/lib/python3.7/site-packages/airflow/example_dags/example_short_circuit_decorator.py
[2023-06-28T14:29:23.626+0000] {processor.py:836} INFO - DAG(s) dict_keys(['example_short_circuit_decorator']) retrieved from /home/airflow/.local/lib/python3.7/site-packages/airflow/example_dags/example_short_circuit_decorator.py
[2023-06-28T14:29:23.677+0000] {logging_mixin.py:149} INFO - [2023-06-28T14:29:23.677+0000] {dag.py:2726} INFO - Sync 1 DAGs
[2023-06-28T14:29:23.720+0000] {logging_mixin.py:149} INFO - [2023-06-28T14:29:23.720+0000] {dag.py:3490} INFO - Setting next_dagrun for example_short_circuit_decorator to 2023-06-27T14:29:23.719867+00:00, run_after=2023-06-28T14:29:23.719867+00:00
[2023-06-28T14:29:23.750+0000] {processor.py:179} INFO - Processing /home/airflow/.local/lib/python3.7/site-packages/airflow/example_dags/example_short_circuit_decorator.py took 0.153 seconds
[2023-06-28T14:29:54.289+0000] {processor.py:157} INFO - Started process (PID=1604) to work on /home/airflow/.local/lib/python3.7/site-packages/airflow/example_dags/example_short_circuit_decorator.py
[2023-06-28T14:29:54.290+0000] {processor.py:826} INFO - Processing file /home/airflow/.local/lib/python3.7/site-packages/airflow/example_dags/example_short_circuit_decorator.py for tasks to queue
[2023-06-28T14:29:54.291+0000] {logging_mixin.py:149} INFO - [2023-06-28T14:29:54.291+0000] {dagbag.py:541} INFO - Filling up the DagBag from /home/airflow/.local/lib/python3.7/site-packages/airflow/example_dags/example_short_circuit_decorator.py
[2023-06-28T14:29:54.307+0000] {processor.py:836} INFO - DAG(s) dict_keys(['example_short_circuit_decorator']) retrieved from /home/airflow/.local/lib/python3.7/site-packages/airflow/example_dags/example_short_circuit_decorator.py
[2023-06-28T14:29:54.348+0000] {logging_mixin.py:149} INFO - [2023-06-28T14:29:54.348+0000] {dag.py:2726} INFO - Sync 1 DAGs
[2023-06-28T14:29:54.388+0000] {logging_mixin.py:149} INFO - [2023-06-28T14:29:54.387+0000] {dag.py:3490} INFO - Setting next_dagrun for example_short_circuit_decorator to 2023-06-27T14:29:54.387618+00:00, run_after=2023-06-28T14:29:54.387618+00:00
[2023-06-28T14:29:54.422+0000] {processor.py:179} INFO - Processing /home/airflow/.local/lib/python3.7/site-packages/airflow/example_dags/example_short_circuit_decorator.py took 0.139 seconds
[2023-06-28T14:30:24.772+0000] {processor.py:157} INFO - Started process (PID=1663) to work on /home/airflow/.local/lib/python3.7/site-packages/airflow/example_dags/example_short_circuit_decorator.py
[2023-06-28T14:30:24.773+0000] {processor.py:826} INFO - Processing file /home/airflow/.local/lib/python3.7/site-packages/airflow/example_dags/example_short_circuit_decorator.py for tasks to queue
[2023-06-28T14:30:24.774+0000] {logging_mixin.py:149} INFO - [2023-06-28T14:30:24.774+0000] {dagbag.py:541} INFO - Filling up the DagBag from /home/airflow/.local/lib/python3.7/site-packages/airflow/example_dags/example_short_circuit_decorator.py
[2023-06-28T14:30:24.788+0000] {processor.py:836} INFO - DAG(s) dict_keys(['example_short_circuit_decorator']) retrieved from /home/airflow/.local/lib/python3.7/site-packages/airflow/example_dags/example_short_circuit_decorator.py
[2023-06-28T14:30:24.841+0000] {logging_mixin.py:149} INFO - [2023-06-28T14:30:24.841+0000] {dag.py:2726} INFO - Sync 1 DAGs
[2023-06-28T14:30:24.879+0000] {logging_mixin.py:149} INFO - [2023-06-28T14:30:24.879+0000] {dag.py:3490} INFO - Setting next_dagrun for example_short_circuit_decorator to 2023-06-27T14:30:24.878867+00:00, run_after=2023-06-28T14:30:24.878867+00:00
[2023-06-28T14:30:24.917+0000] {processor.py:179} INFO - Processing /home/airflow/.local/lib/python3.7/site-packages/airflow/example_dags/example_short_circuit_decorator.py took 0.152 seconds
[2023-06-28T14:30:55.371+0000] {processor.py:157} INFO - Started process (PID=1722) to work on /home/airflow/.local/lib/python3.7/site-packages/airflow/example_dags/example_short_circuit_decorator.py
[2023-06-28T14:30:55.373+0000] {processor.py:826} INFO - Processing file /home/airflow/.local/lib/python3.7/site-packages/airflow/example_dags/example_short_circuit_decorator.py for tasks to queue
[2023-06-28T14:30:55.377+0000] {logging_mixin.py:149} INFO - [2023-06-28T14:30:55.377+0000] {dagbag.py:541} INFO - Filling up the DagBag from /home/airflow/.local/lib/python3.7/site-packages/airflow/example_dags/example_short_circuit_decorator.py
[2023-06-28T14:30:55.408+0000] {processor.py:836} INFO - DAG(s) dict_keys(['example_short_circuit_decorator']) retrieved from /home/airflow/.local/lib/python3.7/site-packages/airflow/example_dags/example_short_circuit_decorator.py
[2023-06-28T14:30:55.478+0000] {logging_mixin.py:149} INFO - [2023-06-28T14:30:55.478+0000] {dag.py:2726} INFO - Sync 1 DAGs
[2023-06-28T14:30:55.520+0000] {logging_mixin.py:149} INFO - [2023-06-28T14:30:55.519+0000] {dag.py:3490} INFO - Setting next_dagrun for example_short_circuit_decorator to 2023-06-27T14:30:55.519259+00:00, run_after=2023-06-28T14:30:55.519259+00:00
[2023-06-28T14:30:55.551+0000] {processor.py:179} INFO - Processing /home/airflow/.local/lib/python3.7/site-packages/airflow/example_dags/example_short_circuit_decorator.py took 0.190 seconds
[2023-06-28T14:31:25.727+0000] {processor.py:157} INFO - Started process (PID=1782) to work on /home/airflow/.local/lib/python3.7/site-packages/airflow/example_dags/example_short_circuit_decorator.py
[2023-06-28T14:31:25.728+0000] {processor.py:826} INFO - Processing file /home/airflow/.local/lib/python3.7/site-packages/airflow/example_dags/example_short_circuit_decorator.py for tasks to queue
[2023-06-28T14:31:25.730+0000] {logging_mixin.py:149} INFO - [2023-06-28T14:31:25.729+0000] {dagbag.py:541} INFO - Filling up the DagBag from /home/airflow/.local/lib/python3.7/site-packages/airflow/example_dags/example_short_circuit_decorator.py
[2023-06-28T14:31:25.744+0000] {processor.py:836} INFO - DAG(s) dict_keys(['example_short_circuit_decorator']) retrieved from /home/airflow/.local/lib/python3.7/site-packages/airflow/example_dags/example_short_circuit_decorator.py
[2023-06-28T14:31:25.792+0000] {logging_mixin.py:149} INFO - [2023-06-28T14:31:25.791+0000] {dag.py:2726} INFO - Sync 1 DAGs
[2023-06-28T14:31:25.828+0000] {logging_mixin.py:149} INFO - [2023-06-28T14:31:25.828+0000] {dag.py:3490} INFO - Setting next_dagrun for example_short_circuit_decorator to 2023-06-27T14:31:25.827649+00:00, run_after=2023-06-28T14:31:25.827649+00:00
[2023-06-28T14:31:25.864+0000] {processor.py:179} INFO - Processing /home/airflow/.local/lib/python3.7/site-packages/airflow/example_dags/example_short_circuit_decorator.py took 0.143 seconds
[2023-06-28T14:31:56.068+0000] {processor.py:157} INFO - Started process (PID=1841) to work on /home/airflow/.local/lib/python3.7/site-packages/airflow/example_dags/example_short_circuit_decorator.py
[2023-06-28T14:31:56.069+0000] {processor.py:826} INFO - Processing file /home/airflow/.local/lib/python3.7/site-packages/airflow/example_dags/example_short_circuit_decorator.py for tasks to queue
[2023-06-28T14:31:56.070+0000] {logging_mixin.py:149} INFO - [2023-06-28T14:31:56.070+0000] {dagbag.py:541} INFO - Filling up the DagBag from /home/airflow/.local/lib/python3.7/site-packages/airflow/example_dags/example_short_circuit_decorator.py
[2023-06-28T14:31:56.083+0000] {processor.py:836} INFO - DAG(s) dict_keys(['example_short_circuit_decorator']) retrieved from /home/airflow/.local/lib/python3.7/site-packages/airflow/example_dags/example_short_circuit_decorator.py
[2023-06-28T14:31:56.127+0000] {logging_mixin.py:149} INFO - [2023-06-28T14:31:56.127+0000] {dag.py:2726} INFO - Sync 1 DAGs
[2023-06-28T14:31:56.177+0000] {logging_mixin.py:149} INFO - [2023-06-28T14:31:56.176+0000] {dag.py:3490} INFO - Setting next_dagrun for example_short_circuit_decorator to 2023-06-27T14:31:56.176508+00:00, run_after=2023-06-28T14:31:56.176508+00:00
[2023-06-28T14:31:56.216+0000] {processor.py:179} INFO - Processing /home/airflow/.local/lib/python3.7/site-packages/airflow/example_dags/example_short_circuit_decorator.py took 0.154 seconds
[2023-06-28T14:32:26.314+0000] {processor.py:157} INFO - Started process (PID=1898) to work on /home/airflow/.local/lib/python3.7/site-packages/airflow/example_dags/example_short_circuit_decorator.py
[2023-06-28T14:32:26.317+0000] {processor.py:826} INFO - Processing file /home/airflow/.local/lib/python3.7/site-packages/airflow/example_dags/example_short_circuit_decorator.py for tasks to queue
[2023-06-28T14:32:26.318+0000] {logging_mixin.py:149} INFO - [2023-06-28T14:32:26.318+0000] {dagbag.py:541} INFO - Filling up the DagBag from /home/airflow/.local/lib/python3.7/site-packages/airflow/example_dags/example_short_circuit_decorator.py
[2023-06-28T14:32:26.338+0000] {processor.py:836} INFO - DAG(s) dict_keys(['example_short_circuit_decorator']) retrieved from /home/airflow/.local/lib/python3.7/site-packages/airflow/example_dags/example_short_circuit_decorator.py
[2023-06-28T14:32:26.378+0000] {logging_mixin.py:149} INFO - [2023-06-28T14:32:26.378+0000] {dag.py:2726} INFO - Sync 1 DAGs
[2023-06-28T14:32:26.436+0000] {logging_mixin.py:149} INFO - [2023-06-28T14:32:26.436+0000] {dag.py:3490} INFO - Setting next_dagrun for example_short_circuit_decorator to 2023-06-27T14:32:26.435994+00:00, run_after=2023-06-28T14:32:26.435994+00:00
[2023-06-28T14:32:26.478+0000] {processor.py:179} INFO - Processing /home/airflow/.local/lib/python3.7/site-packages/airflow/example_dags/example_short_circuit_decorator.py took 0.171 seconds
[2023-06-28T14:32:57.457+0000] {processor.py:157} INFO - Started process (PID=1957) to work on /home/airflow/.local/lib/python3.7/site-packages/airflow/example_dags/example_short_circuit_decorator.py
[2023-06-28T14:32:57.458+0000] {processor.py:826} INFO - Processing file /home/airflow/.local/lib/python3.7/site-packages/airflow/example_dags/example_short_circuit_decorator.py for tasks to queue
[2023-06-28T14:32:57.459+0000] {logging_mixin.py:149} INFO - [2023-06-28T14:32:57.459+0000] {dagbag.py:541} INFO - Filling up the DagBag from /home/airflow/.local/lib/python3.7/site-packages/airflow/example_dags/example_short_circuit_decorator.py
[2023-06-28T14:32:57.472+0000] {processor.py:836} INFO - DAG(s) dict_keys(['example_short_circuit_decorator']) retrieved from /home/airflow/.local/lib/python3.7/site-packages/airflow/example_dags/example_short_circuit_decorator.py
[2023-06-28T14:32:57.515+0000] {logging_mixin.py:149} INFO - [2023-06-28T14:32:57.514+0000] {dag.py:2726} INFO - Sync 1 DAGs
[2023-06-28T14:32:57.561+0000] {logging_mixin.py:149} INFO - [2023-06-28T14:32:57.561+0000] {dag.py:3490} INFO - Setting next_dagrun for example_short_circuit_decorator to 2023-06-27T14:32:57.561373+00:00, run_after=2023-06-28T14:32:57.561373+00:00
[2023-06-28T14:32:57.603+0000] {processor.py:179} INFO - Processing /home/airflow/.local/lib/python3.7/site-packages/airflow/example_dags/example_short_circuit_decorator.py took 0.152 seconds
[2023-06-28T14:33:27.984+0000] {processor.py:157} INFO - Started process (PID=2011) to work on /home/airflow/.local/lib/python3.7/site-packages/airflow/example_dags/example_short_circuit_decorator.py
[2023-06-28T14:33:27.986+0000] {processor.py:826} INFO - Processing file /home/airflow/.local/lib/python3.7/site-packages/airflow/example_dags/example_short_circuit_decorator.py for tasks to queue
[2023-06-28T14:33:27.987+0000] {logging_mixin.py:149} INFO - [2023-06-28T14:33:27.987+0000] {dagbag.py:541} INFO - Filling up the DagBag from /home/airflow/.local/lib/python3.7/site-packages/airflow/example_dags/example_short_circuit_decorator.py
[2023-06-28T14:33:28.000+0000] {processor.py:836} INFO - DAG(s) dict_keys(['example_short_circuit_decorator']) retrieved from /home/airflow/.local/lib/python3.7/site-packages/airflow/example_dags/example_short_circuit_decorator.py
[2023-06-28T14:33:28.043+0000] {logging_mixin.py:149} INFO - [2023-06-28T14:33:28.043+0000] {dag.py:2726} INFO - Sync 1 DAGs
[2023-06-28T14:33:28.095+0000] {logging_mixin.py:149} INFO - [2023-06-28T14:33:28.094+0000] {dag.py:3490} INFO - Setting next_dagrun for example_short_circuit_decorator to 2023-06-27T14:33:28.094428+00:00, run_after=2023-06-28T14:33:28.094428+00:00
[2023-06-28T14:33:28.135+0000] {processor.py:179} INFO - Processing /home/airflow/.local/lib/python3.7/site-packages/airflow/example_dags/example_short_circuit_decorator.py took 0.156 seconds
[2023-06-28T14:33:58.513+0000] {processor.py:157} INFO - Started process (PID=2070) to work on /home/airflow/.local/lib/python3.7/site-packages/airflow/example_dags/example_short_circuit_decorator.py
[2023-06-28T14:33:58.514+0000] {processor.py:826} INFO - Processing file /home/airflow/.local/lib/python3.7/site-packages/airflow/example_dags/example_short_circuit_decorator.py for tasks to queue
[2023-06-28T14:33:58.515+0000] {logging_mixin.py:149} INFO - [2023-06-28T14:33:58.515+0000] {dagbag.py:541} INFO - Filling up the DagBag from /home/airflow/.local/lib/python3.7/site-packages/airflow/example_dags/example_short_circuit_decorator.py
[2023-06-28T14:33:58.531+0000] {processor.py:836} INFO - DAG(s) dict_keys(['example_short_circuit_decorator']) retrieved from /home/airflow/.local/lib/python3.7/site-packages/airflow/example_dags/example_short_circuit_decorator.py
[2023-06-28T14:33:58.574+0000] {logging_mixin.py:149} INFO - [2023-06-28T14:33:58.574+0000] {dag.py:2726} INFO - Sync 1 DAGs
[2023-06-28T14:33:58.616+0000] {logging_mixin.py:149} INFO - [2023-06-28T14:33:58.616+0000] {dag.py:3490} INFO - Setting next_dagrun for example_short_circuit_decorator to 2023-06-27T14:33:58.616280+00:00, run_after=2023-06-28T14:33:58.616280+00:00
[2023-06-28T14:33:58.650+0000] {processor.py:179} INFO - Processing /home/airflow/.local/lib/python3.7/site-packages/airflow/example_dags/example_short_circuit_decorator.py took 0.142 seconds
[2023-06-28T14:34:29.345+0000] {processor.py:157} INFO - Started process (PID=2129) to work on /home/airflow/.local/lib/python3.7/site-packages/airflow/example_dags/example_short_circuit_decorator.py
[2023-06-28T14:34:29.346+0000] {processor.py:826} INFO - Processing file /home/airflow/.local/lib/python3.7/site-packages/airflow/example_dags/example_short_circuit_decorator.py for tasks to queue
[2023-06-28T14:34:29.347+0000] {logging_mixin.py:149} INFO - [2023-06-28T14:34:29.347+0000] {dagbag.py:541} INFO - Filling up the DagBag from /home/airflow/.local/lib/python3.7/site-packages/airflow/example_dags/example_short_circuit_decorator.py
[2023-06-28T14:34:29.360+0000] {processor.py:836} INFO - DAG(s) dict_keys(['example_short_circuit_decorator']) retrieved from /home/airflow/.local/lib/python3.7/site-packages/airflow/example_dags/example_short_circuit_decorator.py
[2023-06-28T14:34:29.397+0000] {logging_mixin.py:149} INFO - [2023-06-28T14:34:29.397+0000] {dag.py:2726} INFO - Sync 1 DAGs
[2023-06-28T14:34:29.442+0000] {logging_mixin.py:149} INFO - [2023-06-28T14:34:29.442+0000] {dag.py:3490} INFO - Setting next_dagrun for example_short_circuit_decorator to 2023-06-27T14:34:29.441693+00:00, run_after=2023-06-28T14:34:29.441693+00:00
[2023-06-28T14:34:29.475+0000] {processor.py:179} INFO - Processing /home/airflow/.local/lib/python3.7/site-packages/airflow/example_dags/example_short_circuit_decorator.py took 0.135 seconds
[2023-06-28T14:35:00.154+0000] {processor.py:157} INFO - Started process (PID=2189) to work on /home/airflow/.local/lib/python3.7/site-packages/airflow/example_dags/example_short_circuit_decorator.py
[2023-06-28T14:35:00.165+0000] {processor.py:826} INFO - Processing file /home/airflow/.local/lib/python3.7/site-packages/airflow/example_dags/example_short_circuit_decorator.py for tasks to queue
[2023-06-28T14:35:00.168+0000] {logging_mixin.py:149} INFO - [2023-06-28T14:35:00.168+0000] {dagbag.py:541} INFO - Filling up the DagBag from /home/airflow/.local/lib/python3.7/site-packages/airflow/example_dags/example_short_circuit_decorator.py
[2023-06-28T14:35:00.212+0000] {processor.py:836} INFO - DAG(s) dict_keys(['example_short_circuit_decorator']) retrieved from /home/airflow/.local/lib/python3.7/site-packages/airflow/example_dags/example_short_circuit_decorator.py
[2023-06-28T14:35:00.304+0000] {logging_mixin.py:149} INFO - [2023-06-28T14:35:00.304+0000] {dag.py:2726} INFO - Sync 1 DAGs
[2023-06-28T14:35:00.350+0000] {logging_mixin.py:149} INFO - [2023-06-28T14:35:00.349+0000] {dag.py:3490} INFO - Setting next_dagrun for example_short_circuit_decorator to 2023-06-27T14:35:00.349591+00:00, run_after=2023-06-28T14:35:00.349591+00:00
[2023-06-28T14:35:00.397+0000] {processor.py:179} INFO - Processing /home/airflow/.local/lib/python3.7/site-packages/airflow/example_dags/example_short_circuit_decorator.py took 0.248 seconds
[2023-06-28T14:35:30.495+0000] {processor.py:157} INFO - Started process (PID=2247) to work on /home/airflow/.local/lib/python3.7/site-packages/airflow/example_dags/example_short_circuit_decorator.py
[2023-06-28T14:35:30.496+0000] {processor.py:826} INFO - Processing file /home/airflow/.local/lib/python3.7/site-packages/airflow/example_dags/example_short_circuit_decorator.py for tasks to queue
[2023-06-28T14:35:30.497+0000] {logging_mixin.py:149} INFO - [2023-06-28T14:35:30.497+0000] {dagbag.py:541} INFO - Filling up the DagBag from /home/airflow/.local/lib/python3.7/site-packages/airflow/example_dags/example_short_circuit_decorator.py
[2023-06-28T14:35:30.513+0000] {processor.py:836} INFO - DAG(s) dict_keys(['example_short_circuit_decorator']) retrieved from /home/airflow/.local/lib/python3.7/site-packages/airflow/example_dags/example_short_circuit_decorator.py
[2023-06-28T14:35:30.561+0000] {logging_mixin.py:149} INFO - [2023-06-28T14:35:30.560+0000] {dag.py:2726} INFO - Sync 1 DAGs
[2023-06-28T14:35:30.600+0000] {logging_mixin.py:149} INFO - [2023-06-28T14:35:30.599+0000] {dag.py:3490} INFO - Setting next_dagrun for example_short_circuit_decorator to 2023-06-27T14:35:30.599398+00:00, run_after=2023-06-28T14:35:30.599398+00:00
[2023-06-28T14:35:30.637+0000] {processor.py:179} INFO - Processing /home/airflow/.local/lib/python3.7/site-packages/airflow/example_dags/example_short_circuit_decorator.py took 0.146 seconds
[2023-06-28T14:36:00.822+0000] {processor.py:157} INFO - Started process (PID=2307) to work on /home/airflow/.local/lib/python3.7/site-packages/airflow/example_dags/example_short_circuit_decorator.py
[2023-06-28T14:36:00.824+0000] {processor.py:826} INFO - Processing file /home/airflow/.local/lib/python3.7/site-packages/airflow/example_dags/example_short_circuit_decorator.py for tasks to queue
[2023-06-28T14:36:00.826+0000] {logging_mixin.py:149} INFO - [2023-06-28T14:36:00.825+0000] {dagbag.py:541} INFO - Filling up the DagBag from /home/airflow/.local/lib/python3.7/site-packages/airflow/example_dags/example_short_circuit_decorator.py
[2023-06-28T14:36:00.844+0000] {processor.py:836} INFO - DAG(s) dict_keys(['example_short_circuit_decorator']) retrieved from /home/airflow/.local/lib/python3.7/site-packages/airflow/example_dags/example_short_circuit_decorator.py
[2023-06-28T14:36:00.905+0000] {logging_mixin.py:149} INFO - [2023-06-28T14:36:00.905+0000] {dag.py:2726} INFO - Sync 1 DAGs
[2023-06-28T14:36:00.950+0000] {logging_mixin.py:149} INFO - [2023-06-28T14:36:00.950+0000] {dag.py:3490} INFO - Setting next_dagrun for example_short_circuit_decorator to 2023-06-27T14:36:00.950304+00:00, run_after=2023-06-28T14:36:00.950304+00:00
[2023-06-28T14:36:00.985+0000] {processor.py:179} INFO - Processing /home/airflow/.local/lib/python3.7/site-packages/airflow/example_dags/example_short_circuit_decorator.py took 0.169 seconds
[2023-06-28T14:36:31.200+0000] {processor.py:157} INFO - Started process (PID=2366) to work on /home/airflow/.local/lib/python3.7/site-packages/airflow/example_dags/example_short_circuit_decorator.py
[2023-06-28T14:36:31.201+0000] {processor.py:826} INFO - Processing file /home/airflow/.local/lib/python3.7/site-packages/airflow/example_dags/example_short_circuit_decorator.py for tasks to queue
[2023-06-28T14:36:31.202+0000] {logging_mixin.py:149} INFO - [2023-06-28T14:36:31.202+0000] {dagbag.py:541} INFO - Filling up the DagBag from /home/airflow/.local/lib/python3.7/site-packages/airflow/example_dags/example_short_circuit_decorator.py
[2023-06-28T14:36:31.218+0000] {processor.py:836} INFO - DAG(s) dict_keys(['example_short_circuit_decorator']) retrieved from /home/airflow/.local/lib/python3.7/site-packages/airflow/example_dags/example_short_circuit_decorator.py
[2023-06-28T14:36:31.267+0000] {logging_mixin.py:149} INFO - [2023-06-28T14:36:31.267+0000] {dag.py:2726} INFO - Sync 1 DAGs
[2023-06-28T14:36:31.307+0000] {logging_mixin.py:149} INFO - [2023-06-28T14:36:31.307+0000] {dag.py:3490} INFO - Setting next_dagrun for example_short_circuit_decorator to 2023-06-27T14:36:31.306979+00:00, run_after=2023-06-28T14:36:31.306979+00:00
[2023-06-28T14:36:31.348+0000] {processor.py:179} INFO - Processing /home/airflow/.local/lib/python3.7/site-packages/airflow/example_dags/example_short_circuit_decorator.py took 0.153 seconds
[2023-06-28T14:37:01.553+0000] {processor.py:157} INFO - Started process (PID=2425) to work on /home/airflow/.local/lib/python3.7/site-packages/airflow/example_dags/example_short_circuit_decorator.py
[2023-06-28T14:37:01.555+0000] {processor.py:826} INFO - Processing file /home/airflow/.local/lib/python3.7/site-packages/airflow/example_dags/example_short_circuit_decorator.py for tasks to queue
[2023-06-28T14:37:01.556+0000] {logging_mixin.py:149} INFO - [2023-06-28T14:37:01.556+0000] {dagbag.py:541} INFO - Filling up the DagBag from /home/airflow/.local/lib/python3.7/site-packages/airflow/example_dags/example_short_circuit_decorator.py
[2023-06-28T14:37:01.575+0000] {processor.py:836} INFO - DAG(s) dict_keys(['example_short_circuit_decorator']) retrieved from /home/airflow/.local/lib/python3.7/site-packages/airflow/example_dags/example_short_circuit_decorator.py
[2023-06-28T14:37:01.625+0000] {logging_mixin.py:149} INFO - [2023-06-28T14:37:01.625+0000] {dag.py:2726} INFO - Sync 1 DAGs
[2023-06-28T14:37:01.668+0000] {logging_mixin.py:149} INFO - [2023-06-28T14:37:01.667+0000] {dag.py:3490} INFO - Setting next_dagrun for example_short_circuit_decorator to 2023-06-27T14:37:01.667398+00:00, run_after=2023-06-28T14:37:01.667398+00:00
[2023-06-28T14:37:01.724+0000] {processor.py:179} INFO - Processing /home/airflow/.local/lib/python3.7/site-packages/airflow/example_dags/example_short_circuit_decorator.py took 0.177 seconds
[2023-06-28T14:37:31.790+0000] {processor.py:157} INFO - Started process (PID=2484) to work on /home/airflow/.local/lib/python3.7/site-packages/airflow/example_dags/example_short_circuit_decorator.py
[2023-06-28T14:37:31.791+0000] {processor.py:826} INFO - Processing file /home/airflow/.local/lib/python3.7/site-packages/airflow/example_dags/example_short_circuit_decorator.py for tasks to queue
[2023-06-28T14:37:31.792+0000] {logging_mixin.py:149} INFO - [2023-06-28T14:37:31.792+0000] {dagbag.py:541} INFO - Filling up the DagBag from /home/airflow/.local/lib/python3.7/site-packages/airflow/example_dags/example_short_circuit_decorator.py
[2023-06-28T14:37:31.808+0000] {processor.py:836} INFO - DAG(s) dict_keys(['example_short_circuit_decorator']) retrieved from /home/airflow/.local/lib/python3.7/site-packages/airflow/example_dags/example_short_circuit_decorator.py
[2023-06-28T14:37:31.850+0000] {logging_mixin.py:149} INFO - [2023-06-28T14:37:31.849+0000] {dag.py:2726} INFO - Sync 1 DAGs
[2023-06-28T14:37:31.882+0000] {logging_mixin.py:149} INFO - [2023-06-28T14:37:31.882+0000] {dag.py:3490} INFO - Setting next_dagrun for example_short_circuit_decorator to 2023-06-27T14:37:31.882324+00:00, run_after=2023-06-28T14:37:31.882324+00:00
[2023-06-28T14:37:31.926+0000] {processor.py:179} INFO - Processing /home/airflow/.local/lib/python3.7/site-packages/airflow/example_dags/example_short_circuit_decorator.py took 0.141 seconds
[2023-06-28T14:38:02.082+0000] {processor.py:157} INFO - Started process (PID=2544) to work on /home/airflow/.local/lib/python3.7/site-packages/airflow/example_dags/example_short_circuit_decorator.py
[2023-06-28T14:38:02.084+0000] {processor.py:826} INFO - Processing file /home/airflow/.local/lib/python3.7/site-packages/airflow/example_dags/example_short_circuit_decorator.py for tasks to queue
[2023-06-28T14:38:02.085+0000] {logging_mixin.py:149} INFO - [2023-06-28T14:38:02.085+0000] {dagbag.py:541} INFO - Filling up the DagBag from /home/airflow/.local/lib/python3.7/site-packages/airflow/example_dags/example_short_circuit_decorator.py
[2023-06-28T14:38:02.102+0000] {processor.py:836} INFO - DAG(s) dict_keys(['example_short_circuit_decorator']) retrieved from /home/airflow/.local/lib/python3.7/site-packages/airflow/example_dags/example_short_circuit_decorator.py
[2023-06-28T14:38:02.149+0000] {logging_mixin.py:149} INFO - [2023-06-28T14:38:02.149+0000] {dag.py:2726} INFO - Sync 1 DAGs
[2023-06-28T14:38:02.191+0000] {logging_mixin.py:149} INFO - [2023-06-28T14:38:02.191+0000] {dag.py:3490} INFO - Setting next_dagrun for example_short_circuit_decorator to 2023-06-27T14:38:02.191368+00:00, run_after=2023-06-28T14:38:02.191368+00:00
[2023-06-28T14:38:02.225+0000] {processor.py:179} INFO - Processing /home/airflow/.local/lib/python3.7/site-packages/airflow/example_dags/example_short_circuit_decorator.py took 0.149 seconds
[2023-06-28T14:38:32.743+0000] {processor.py:157} INFO - Started process (PID=2603) to work on /home/airflow/.local/lib/python3.7/site-packages/airflow/example_dags/example_short_circuit_decorator.py
[2023-06-28T14:38:32.744+0000] {processor.py:826} INFO - Processing file /home/airflow/.local/lib/python3.7/site-packages/airflow/example_dags/example_short_circuit_decorator.py for tasks to queue
[2023-06-28T14:38:32.745+0000] {logging_mixin.py:149} INFO - [2023-06-28T14:38:32.745+0000] {dagbag.py:541} INFO - Filling up the DagBag from /home/airflow/.local/lib/python3.7/site-packages/airflow/example_dags/example_short_circuit_decorator.py
[2023-06-28T14:38:32.759+0000] {processor.py:836} INFO - DAG(s) dict_keys(['example_short_circuit_decorator']) retrieved from /home/airflow/.local/lib/python3.7/site-packages/airflow/example_dags/example_short_circuit_decorator.py
[2023-06-28T14:38:32.801+0000] {logging_mixin.py:149} INFO - [2023-06-28T14:38:32.801+0000] {dag.py:2726} INFO - Sync 1 DAGs
[2023-06-28T14:38:32.843+0000] {logging_mixin.py:149} INFO - [2023-06-28T14:38:32.843+0000] {dag.py:3490} INFO - Setting next_dagrun for example_short_circuit_decorator to 2023-06-27T14:38:32.842970+00:00, run_after=2023-06-28T14:38:32.842970+00:00
[2023-06-28T14:38:32.875+0000] {processor.py:179} INFO - Processing /home/airflow/.local/lib/python3.7/site-packages/airflow/example_dags/example_short_circuit_decorator.py took 0.136 seconds
[2023-06-28T14:39:03.258+0000] {processor.py:157} INFO - Started process (PID=2662) to work on /home/airflow/.local/lib/python3.7/site-packages/airflow/example_dags/example_short_circuit_decorator.py
[2023-06-28T14:39:03.260+0000] {processor.py:826} INFO - Processing file /home/airflow/.local/lib/python3.7/site-packages/airflow/example_dags/example_short_circuit_decorator.py for tasks to queue
[2023-06-28T14:39:03.261+0000] {logging_mixin.py:149} INFO - [2023-06-28T14:39:03.261+0000] {dagbag.py:541} INFO - Filling up the DagBag from /home/airflow/.local/lib/python3.7/site-packages/airflow/example_dags/example_short_circuit_decorator.py
[2023-06-28T14:39:03.277+0000] {processor.py:836} INFO - DAG(s) dict_keys(['example_short_circuit_decorator']) retrieved from /home/airflow/.local/lib/python3.7/site-packages/airflow/example_dags/example_short_circuit_decorator.py
[2023-06-28T14:39:03.322+0000] {logging_mixin.py:149} INFO - [2023-06-28T14:39:03.322+0000] {dag.py:2726} INFO - Sync 1 DAGs
[2023-06-28T14:39:03.355+0000] {logging_mixin.py:149} INFO - [2023-06-28T14:39:03.355+0000] {dag.py:3490} INFO - Setting next_dagrun for example_short_circuit_decorator to 2023-06-27T14:39:03.355098+00:00, run_after=2023-06-28T14:39:03.355098+00:00
[2023-06-28T14:39:03.395+0000] {processor.py:179} INFO - Processing /home/airflow/.local/lib/python3.7/site-packages/airflow/example_dags/example_short_circuit_decorator.py took 0.141 seconds
[2023-06-28T14:39:33.787+0000] {processor.py:157} INFO - Started process (PID=2721) to work on /home/airflow/.local/lib/python3.7/site-packages/airflow/example_dags/example_short_circuit_decorator.py
[2023-06-28T14:39:33.789+0000] {processor.py:826} INFO - Processing file /home/airflow/.local/lib/python3.7/site-packages/airflow/example_dags/example_short_circuit_decorator.py for tasks to queue
[2023-06-28T14:39:33.790+0000] {logging_mixin.py:149} INFO - [2023-06-28T14:39:33.790+0000] {dagbag.py:541} INFO - Filling up the DagBag from /home/airflow/.local/lib/python3.7/site-packages/airflow/example_dags/example_short_circuit_decorator.py
[2023-06-28T14:39:33.805+0000] {processor.py:836} INFO - DAG(s) dict_keys(['example_short_circuit_decorator']) retrieved from /home/airflow/.local/lib/python3.7/site-packages/airflow/example_dags/example_short_circuit_decorator.py
[2023-06-28T14:39:33.848+0000] {logging_mixin.py:149} INFO - [2023-06-28T14:39:33.847+0000] {dag.py:2726} INFO - Sync 1 DAGs
[2023-06-28T14:39:33.882+0000] {logging_mixin.py:149} INFO - [2023-06-28T14:39:33.882+0000] {dag.py:3490} INFO - Setting next_dagrun for example_short_circuit_decorator to 2023-06-27T14:39:33.881762+00:00, run_after=2023-06-28T14:39:33.881762+00:00
[2023-06-28T14:39:33.915+0000] {processor.py:179} INFO - Processing /home/airflow/.local/lib/python3.7/site-packages/airflow/example_dags/example_short_circuit_decorator.py took 0.133 seconds
[2023-06-28T14:40:04.300+0000] {processor.py:157} INFO - Started process (PID=2781) to work on /home/airflow/.local/lib/python3.7/site-packages/airflow/example_dags/example_short_circuit_decorator.py
[2023-06-28T14:40:04.305+0000] {processor.py:826} INFO - Processing file /home/airflow/.local/lib/python3.7/site-packages/airflow/example_dags/example_short_circuit_decorator.py for tasks to queue
[2023-06-28T14:40:04.306+0000] {logging_mixin.py:149} INFO - [2023-06-28T14:40:04.306+0000] {dagbag.py:541} INFO - Filling up the DagBag from /home/airflow/.local/lib/python3.7/site-packages/airflow/example_dags/example_short_circuit_decorator.py
[2023-06-28T14:40:04.326+0000] {processor.py:836} INFO - DAG(s) dict_keys(['example_short_circuit_decorator']) retrieved from /home/airflow/.local/lib/python3.7/site-packages/airflow/example_dags/example_short_circuit_decorator.py
[2023-06-28T14:40:04.381+0000] {logging_mixin.py:149} INFO - [2023-06-28T14:40:04.380+0000] {dag.py:2726} INFO - Sync 1 DAGs
[2023-06-28T14:40:04.458+0000] {logging_mixin.py:149} INFO - [2023-06-28T14:40:04.458+0000] {dag.py:3490} INFO - Setting next_dagrun for example_short_circuit_decorator to 2023-06-27T14:40:04.457510+00:00, run_after=2023-06-28T14:40:04.457510+00:00
[2023-06-28T14:40:04.516+0000] {processor.py:179} INFO - Processing /home/airflow/.local/lib/python3.7/site-packages/airflow/example_dags/example_short_circuit_decorator.py took 0.222 seconds
[2023-06-28T14:40:34.562+0000] {processor.py:157} INFO - Started process (PID=2841) to work on /home/airflow/.local/lib/python3.7/site-packages/airflow/example_dags/example_short_circuit_decorator.py
[2023-06-28T14:40:34.564+0000] {processor.py:826} INFO - Processing file /home/airflow/.local/lib/python3.7/site-packages/airflow/example_dags/example_short_circuit_decorator.py for tasks to queue
[2023-06-28T14:40:34.565+0000] {logging_mixin.py:149} INFO - [2023-06-28T14:40:34.565+0000] {dagbag.py:541} INFO - Filling up the DagBag from /home/airflow/.local/lib/python3.7/site-packages/airflow/example_dags/example_short_circuit_decorator.py
[2023-06-28T14:40:34.587+0000] {processor.py:836} INFO - DAG(s) dict_keys(['example_short_circuit_decorator']) retrieved from /home/airflow/.local/lib/python3.7/site-packages/airflow/example_dags/example_short_circuit_decorator.py
[2023-06-28T14:40:34.646+0000] {logging_mixin.py:149} INFO - [2023-06-28T14:40:34.646+0000] {dag.py:2726} INFO - Sync 1 DAGs
[2023-06-28T14:40:34.693+0000] {logging_mixin.py:149} INFO - [2023-06-28T14:40:34.693+0000] {dag.py:3490} INFO - Setting next_dagrun for example_short_circuit_decorator to 2023-06-27T14:40:34.693168+00:00, run_after=2023-06-28T14:40:34.693168+00:00
[2023-06-28T14:40:34.734+0000] {processor.py:179} INFO - Processing /home/airflow/.local/lib/python3.7/site-packages/airflow/example_dags/example_short_circuit_decorator.py took 0.177 seconds
[2023-06-28T14:41:05.269+0000] {processor.py:157} INFO - Started process (PID=2899) to work on /home/airflow/.local/lib/python3.7/site-packages/airflow/example_dags/example_short_circuit_decorator.py
[2023-06-28T14:41:05.270+0000] {processor.py:826} INFO - Processing file /home/airflow/.local/lib/python3.7/site-packages/airflow/example_dags/example_short_circuit_decorator.py for tasks to queue
[2023-06-28T14:41:05.272+0000] {logging_mixin.py:149} INFO - [2023-06-28T14:41:05.272+0000] {dagbag.py:541} INFO - Filling up the DagBag from /home/airflow/.local/lib/python3.7/site-packages/airflow/example_dags/example_short_circuit_decorator.py
[2023-06-28T14:41:05.288+0000] {processor.py:836} INFO - DAG(s) dict_keys(['example_short_circuit_decorator']) retrieved from /home/airflow/.local/lib/python3.7/site-packages/airflow/example_dags/example_short_circuit_decorator.py
[2023-06-28T14:41:05.335+0000] {logging_mixin.py:149} INFO - [2023-06-28T14:41:05.335+0000] {dag.py:2726} INFO - Sync 1 DAGs
[2023-06-28T14:41:05.404+0000] {logging_mixin.py:149} INFO - [2023-06-28T14:41:05.403+0000] {dag.py:3490} INFO - Setting next_dagrun for example_short_circuit_decorator to 2023-06-27T14:41:05.403602+00:00, run_after=2023-06-28T14:41:05.403602+00:00
[2023-06-28T14:41:05.468+0000] {processor.py:179} INFO - Processing /home/airflow/.local/lib/python3.7/site-packages/airflow/example_dags/example_short_circuit_decorator.py took 0.204 seconds
[2023-06-28T14:41:35.610+0000] {processor.py:157} INFO - Started process (PID=2959) to work on /home/airflow/.local/lib/python3.7/site-packages/airflow/example_dags/example_short_circuit_decorator.py
[2023-06-28T14:41:35.612+0000] {processor.py:826} INFO - Processing file /home/airflow/.local/lib/python3.7/site-packages/airflow/example_dags/example_short_circuit_decorator.py for tasks to queue
[2023-06-28T14:41:35.613+0000] {logging_mixin.py:149} INFO - [2023-06-28T14:41:35.613+0000] {dagbag.py:541} INFO - Filling up the DagBag from /home/airflow/.local/lib/python3.7/site-packages/airflow/example_dags/example_short_circuit_decorator.py
[2023-06-28T14:41:35.630+0000] {processor.py:836} INFO - DAG(s) dict_keys(['example_short_circuit_decorator']) retrieved from /home/airflow/.local/lib/python3.7/site-packages/airflow/example_dags/example_short_circuit_decorator.py
[2023-06-28T14:41:35.675+0000] {logging_mixin.py:149} INFO - [2023-06-28T14:41:35.675+0000] {dag.py:2726} INFO - Sync 1 DAGs
[2023-06-28T14:41:35.709+0000] {logging_mixin.py:149} INFO - [2023-06-28T14:41:35.708+0000] {dag.py:3490} INFO - Setting next_dagrun for example_short_circuit_decorator to 2023-06-27T14:41:35.708454+00:00, run_after=2023-06-28T14:41:35.708454+00:00
[2023-06-28T14:41:35.738+0000] {processor.py:179} INFO - Processing /home/airflow/.local/lib/python3.7/site-packages/airflow/example_dags/example_short_circuit_decorator.py took 0.133 seconds
[2023-06-28T14:42:05.906+0000] {processor.py:157} INFO - Started process (PID=3018) to work on /home/airflow/.local/lib/python3.7/site-packages/airflow/example_dags/example_short_circuit_decorator.py
[2023-06-28T14:42:05.907+0000] {processor.py:826} INFO - Processing file /home/airflow/.local/lib/python3.7/site-packages/airflow/example_dags/example_short_circuit_decorator.py for tasks to queue
[2023-06-28T14:42:05.908+0000] {logging_mixin.py:149} INFO - [2023-06-28T14:42:05.908+0000] {dagbag.py:541} INFO - Filling up the DagBag from /home/airflow/.local/lib/python3.7/site-packages/airflow/example_dags/example_short_circuit_decorator.py
[2023-06-28T14:42:05.924+0000] {processor.py:836} INFO - DAG(s) dict_keys(['example_short_circuit_decorator']) retrieved from /home/airflow/.local/lib/python3.7/site-packages/airflow/example_dags/example_short_circuit_decorator.py
[2023-06-28T14:42:05.968+0000] {logging_mixin.py:149} INFO - [2023-06-28T14:42:05.968+0000] {dag.py:2726} INFO - Sync 1 DAGs
[2023-06-28T14:42:06.001+0000] {logging_mixin.py:149} INFO - [2023-06-28T14:42:06.001+0000] {dag.py:3490} INFO - Setting next_dagrun for example_short_circuit_decorator to 2023-06-27T14:42:06.001288+00:00, run_after=2023-06-28T14:42:06.001288+00:00
[2023-06-28T14:42:06.035+0000] {processor.py:179} INFO - Processing /home/airflow/.local/lib/python3.7/site-packages/airflow/example_dags/example_short_circuit_decorator.py took 0.134 seconds
[2023-06-28T14:42:36.667+0000] {processor.py:157} INFO - Started process (PID=3077) to work on /home/airflow/.local/lib/python3.7/site-packages/airflow/example_dags/example_short_circuit_decorator.py
[2023-06-28T14:42:36.670+0000] {processor.py:826} INFO - Processing file /home/airflow/.local/lib/python3.7/site-packages/airflow/example_dags/example_short_circuit_decorator.py for tasks to queue
[2023-06-28T14:42:36.672+0000] {logging_mixin.py:149} INFO - [2023-06-28T14:42:36.672+0000] {dagbag.py:541} INFO - Filling up the DagBag from /home/airflow/.local/lib/python3.7/site-packages/airflow/example_dags/example_short_circuit_decorator.py
[2023-06-28T14:42:36.697+0000] {processor.py:836} INFO - DAG(s) dict_keys(['example_short_circuit_decorator']) retrieved from /home/airflow/.local/lib/python3.7/site-packages/airflow/example_dags/example_short_circuit_decorator.py
[2023-06-28T14:42:36.775+0000] {logging_mixin.py:149} INFO - [2023-06-28T14:42:36.775+0000] {dag.py:2726} INFO - Sync 1 DAGs
[2023-06-28T14:42:36.826+0000] {logging_mixin.py:149} INFO - [2023-06-28T14:42:36.826+0000] {dag.py:3490} INFO - Setting next_dagrun for example_short_circuit_decorator to 2023-06-27T14:42:36.825721+00:00, run_after=2023-06-28T14:42:36.825721+00:00
[2023-06-28T14:42:36.882+0000] {processor.py:179} INFO - Processing /home/airflow/.local/lib/python3.7/site-packages/airflow/example_dags/example_short_circuit_decorator.py took 0.226 seconds
[2023-06-28T14:43:07.038+0000] {processor.py:157} INFO - Started process (PID=3137) to work on /home/airflow/.local/lib/python3.7/site-packages/airflow/example_dags/example_short_circuit_decorator.py
[2023-06-28T14:43:07.040+0000] {processor.py:826} INFO - Processing file /home/airflow/.local/lib/python3.7/site-packages/airflow/example_dags/example_short_circuit_decorator.py for tasks to queue
[2023-06-28T14:43:07.042+0000] {logging_mixin.py:149} INFO - [2023-06-28T14:43:07.041+0000] {dagbag.py:541} INFO - Filling up the DagBag from /home/airflow/.local/lib/python3.7/site-packages/airflow/example_dags/example_short_circuit_decorator.py
[2023-06-28T14:43:07.062+0000] {processor.py:836} INFO - DAG(s) dict_keys(['example_short_circuit_decorator']) retrieved from /home/airflow/.local/lib/python3.7/site-packages/airflow/example_dags/example_short_circuit_decorator.py
[2023-06-28T14:43:07.109+0000] {logging_mixin.py:149} INFO - [2023-06-28T14:43:07.109+0000] {dag.py:2726} INFO - Sync 1 DAGs
[2023-06-28T14:43:07.168+0000] {logging_mixin.py:149} INFO - [2023-06-28T14:43:07.167+0000] {dag.py:3490} INFO - Setting next_dagrun for example_short_circuit_decorator to 2023-06-27T14:43:07.167361+00:00, run_after=2023-06-28T14:43:07.167361+00:00
[2023-06-28T14:43:07.235+0000] {processor.py:179} INFO - Processing /home/airflow/.local/lib/python3.7/site-packages/airflow/example_dags/example_short_circuit_decorator.py took 0.204 seconds
[2023-06-28T14:43:38.685+0000] {processor.py:157} INFO - Started process (PID=3196) to work on /home/airflow/.local/lib/python3.7/site-packages/airflow/example_dags/example_short_circuit_decorator.py
[2023-06-28T14:43:38.687+0000] {processor.py:826} INFO - Processing file /home/airflow/.local/lib/python3.7/site-packages/airflow/example_dags/example_short_circuit_decorator.py for tasks to queue
[2023-06-28T14:43:38.690+0000] {logging_mixin.py:149} INFO - [2023-06-28T14:43:38.690+0000] {dagbag.py:541} INFO - Filling up the DagBag from /home/airflow/.local/lib/python3.7/site-packages/airflow/example_dags/example_short_circuit_decorator.py
[2023-06-28T14:43:38.738+0000] {processor.py:836} INFO - DAG(s) dict_keys(['example_short_circuit_decorator']) retrieved from /home/airflow/.local/lib/python3.7/site-packages/airflow/example_dags/example_short_circuit_decorator.py
[2023-06-28T14:43:38.972+0000] {logging_mixin.py:149} INFO - [2023-06-28T14:43:38.971+0000] {dag.py:2726} INFO - Sync 1 DAGs
[2023-06-28T14:43:39.176+0000] {logging_mixin.py:149} INFO - [2023-06-28T14:43:39.175+0000] {dag.py:3490} INFO - Setting next_dagrun for example_short_circuit_decorator to 2023-06-27T14:43:39.175074+00:00, run_after=2023-06-28T14:43:39.175074+00:00
[2023-06-28T14:43:39.297+0000] {processor.py:179} INFO - Processing /home/airflow/.local/lib/python3.7/site-packages/airflow/example_dags/example_short_circuit_decorator.py took 0.625 seconds
[2023-06-28T14:44:09.869+0000] {processor.py:157} INFO - Started process (PID=3255) to work on /home/airflow/.local/lib/python3.7/site-packages/airflow/example_dags/example_short_circuit_decorator.py
[2023-06-28T14:44:09.871+0000] {processor.py:826} INFO - Processing file /home/airflow/.local/lib/python3.7/site-packages/airflow/example_dags/example_short_circuit_decorator.py for tasks to queue
[2023-06-28T14:44:09.874+0000] {logging_mixin.py:149} INFO - [2023-06-28T14:44:09.872+0000] {dagbag.py:541} INFO - Filling up the DagBag from /home/airflow/.local/lib/python3.7/site-packages/airflow/example_dags/example_short_circuit_decorator.py
[2023-06-28T14:44:09.897+0000] {processor.py:836} INFO - DAG(s) dict_keys(['example_short_circuit_decorator']) retrieved from /home/airflow/.local/lib/python3.7/site-packages/airflow/example_dags/example_short_circuit_decorator.py
[2023-06-28T14:44:10.027+0000] {logging_mixin.py:149} INFO - [2023-06-28T14:44:10.027+0000] {dag.py:2726} INFO - Sync 1 DAGs
[2023-06-28T14:44:10.124+0000] {logging_mixin.py:149} INFO - [2023-06-28T14:44:10.124+0000] {dag.py:3490} INFO - Setting next_dagrun for example_short_circuit_decorator to 2023-06-27T14:44:10.123378+00:00, run_after=2023-06-28T14:44:10.123378+00:00
[2023-06-28T14:44:10.255+0000] {processor.py:179} INFO - Processing /home/airflow/.local/lib/python3.7/site-packages/airflow/example_dags/example_short_circuit_decorator.py took 0.393 seconds
[2023-06-28T14:44:40.947+0000] {processor.py:157} INFO - Started process (PID=3315) to work on /home/airflow/.local/lib/python3.7/site-packages/airflow/example_dags/example_short_circuit_decorator.py
[2023-06-28T14:44:40.956+0000] {processor.py:826} INFO - Processing file /home/airflow/.local/lib/python3.7/site-packages/airflow/example_dags/example_short_circuit_decorator.py for tasks to queue
[2023-06-28T14:44:40.958+0000] {logging_mixin.py:149} INFO - [2023-06-28T14:44:40.958+0000] {dagbag.py:541} INFO - Filling up the DagBag from /home/airflow/.local/lib/python3.7/site-packages/airflow/example_dags/example_short_circuit_decorator.py
[2023-06-28T14:44:41.016+0000] {processor.py:836} INFO - DAG(s) dict_keys(['example_short_circuit_decorator']) retrieved from /home/airflow/.local/lib/python3.7/site-packages/airflow/example_dags/example_short_circuit_decorator.py
[2023-06-28T14:44:41.136+0000] {logging_mixin.py:149} INFO - [2023-06-28T14:44:41.136+0000] {dag.py:2726} INFO - Sync 1 DAGs
[2023-06-28T14:44:41.261+0000] {logging_mixin.py:149} INFO - [2023-06-28T14:44:41.260+0000] {dag.py:3490} INFO - Setting next_dagrun for example_short_circuit_decorator to 2023-06-27T14:44:41.260185+00:00, run_after=2023-06-28T14:44:41.260185+00:00
[2023-06-28T14:44:41.329+0000] {processor.py:179} INFO - Processing /home/airflow/.local/lib/python3.7/site-packages/airflow/example_dags/example_short_circuit_decorator.py took 0.389 seconds
[2023-06-28T14:45:11.436+0000] {processor.py:157} INFO - Started process (PID=3373) to work on /home/airflow/.local/lib/python3.7/site-packages/airflow/example_dags/example_short_circuit_decorator.py
[2023-06-28T14:45:11.438+0000] {processor.py:826} INFO - Processing file /home/airflow/.local/lib/python3.7/site-packages/airflow/example_dags/example_short_circuit_decorator.py for tasks to queue
[2023-06-28T14:45:11.450+0000] {logging_mixin.py:149} INFO - [2023-06-28T14:45:11.449+0000] {dagbag.py:541} INFO - Filling up the DagBag from /home/airflow/.local/lib/python3.7/site-packages/airflow/example_dags/example_short_circuit_decorator.py
[2023-06-28T14:45:11.512+0000] {processor.py:836} INFO - DAG(s) dict_keys(['example_short_circuit_decorator']) retrieved from /home/airflow/.local/lib/python3.7/site-packages/airflow/example_dags/example_short_circuit_decorator.py
[2023-06-28T14:45:11.613+0000] {logging_mixin.py:149} INFO - [2023-06-28T14:45:11.610+0000] {dag.py:2726} INFO - Sync 1 DAGs
[2023-06-28T14:45:11.699+0000] {logging_mixin.py:149} INFO - [2023-06-28T14:45:11.698+0000] {dag.py:3490} INFO - Setting next_dagrun for example_short_circuit_decorator to 2023-06-27T14:45:11.698433+00:00, run_after=2023-06-28T14:45:11.698433+00:00
[2023-06-28T14:45:11.834+0000] {processor.py:179} INFO - Processing /home/airflow/.local/lib/python3.7/site-packages/airflow/example_dags/example_short_circuit_decorator.py took 0.410 seconds
[2023-06-28T14:45:42.563+0000] {processor.py:157} INFO - Started process (PID=3434) to work on /home/airflow/.local/lib/python3.7/site-packages/airflow/example_dags/example_short_circuit_decorator.py
[2023-06-28T14:45:42.565+0000] {processor.py:826} INFO - Processing file /home/airflow/.local/lib/python3.7/site-packages/airflow/example_dags/example_short_circuit_decorator.py for tasks to queue
[2023-06-28T14:45:42.567+0000] {logging_mixin.py:149} INFO - [2023-06-28T14:45:42.566+0000] {dagbag.py:541} INFO - Filling up the DagBag from /home/airflow/.local/lib/python3.7/site-packages/airflow/example_dags/example_short_circuit_decorator.py
[2023-06-28T14:45:42.589+0000] {processor.py:836} INFO - DAG(s) dict_keys(['example_short_circuit_decorator']) retrieved from /home/airflow/.local/lib/python3.7/site-packages/airflow/example_dags/example_short_circuit_decorator.py
[2023-06-28T14:45:42.653+0000] {logging_mixin.py:149} INFO - [2023-06-28T14:45:42.653+0000] {dag.py:2726} INFO - Sync 1 DAGs
[2023-06-28T14:45:42.702+0000] {logging_mixin.py:149} INFO - [2023-06-28T14:45:42.702+0000] {dag.py:3490} INFO - Setting next_dagrun for example_short_circuit_decorator to 2023-06-27T14:45:42.701844+00:00, run_after=2023-06-28T14:45:42.701844+00:00
[2023-06-28T14:45:42.753+0000] {processor.py:179} INFO - Processing /home/airflow/.local/lib/python3.7/site-packages/airflow/example_dags/example_short_circuit_decorator.py took 0.197 seconds
[2023-06-28T14:46:13.159+0000] {processor.py:157} INFO - Started process (PID=3493) to work on /home/airflow/.local/lib/python3.7/site-packages/airflow/example_dags/example_short_circuit_decorator.py
[2023-06-28T14:46:13.168+0000] {processor.py:826} INFO - Processing file /home/airflow/.local/lib/python3.7/site-packages/airflow/example_dags/example_short_circuit_decorator.py for tasks to queue
[2023-06-28T14:46:13.175+0000] {logging_mixin.py:149} INFO - [2023-06-28T14:46:13.174+0000] {dagbag.py:541} INFO - Filling up the DagBag from /home/airflow/.local/lib/python3.7/site-packages/airflow/example_dags/example_short_circuit_decorator.py
[2023-06-28T14:46:13.246+0000] {processor.py:836} INFO - DAG(s) dict_keys(['example_short_circuit_decorator']) retrieved from /home/airflow/.local/lib/python3.7/site-packages/airflow/example_dags/example_short_circuit_decorator.py
[2023-06-28T14:46:13.449+0000] {logging_mixin.py:149} INFO - [2023-06-28T14:46:13.447+0000] {dag.py:2726} INFO - Sync 1 DAGs
[2023-06-28T14:46:13.793+0000] {logging_mixin.py:149} INFO - [2023-06-28T14:46:13.793+0000] {dag.py:3490} INFO - Setting next_dagrun for example_short_circuit_decorator to 2023-06-27T14:46:13.792841+00:00, run_after=2023-06-28T14:46:13.792841+00:00
[2023-06-28T14:46:13.908+0000] {processor.py:179} INFO - Processing /home/airflow/.local/lib/python3.7/site-packages/airflow/example_dags/example_short_circuit_decorator.py took 0.780 seconds
[2023-06-28T14:46:44.088+0000] {processor.py:157} INFO - Started process (PID=3552) to work on /home/airflow/.local/lib/python3.7/site-packages/airflow/example_dags/example_short_circuit_decorator.py
[2023-06-28T14:46:44.090+0000] {processor.py:826} INFO - Processing file /home/airflow/.local/lib/python3.7/site-packages/airflow/example_dags/example_short_circuit_decorator.py for tasks to queue
[2023-06-28T14:46:44.091+0000] {logging_mixin.py:149} INFO - [2023-06-28T14:46:44.091+0000] {dagbag.py:541} INFO - Filling up the DagBag from /home/airflow/.local/lib/python3.7/site-packages/airflow/example_dags/example_short_circuit_decorator.py
[2023-06-28T14:46:44.110+0000] {processor.py:836} INFO - DAG(s) dict_keys(['example_short_circuit_decorator']) retrieved from /home/airflow/.local/lib/python3.7/site-packages/airflow/example_dags/example_short_circuit_decorator.py
[2023-06-28T14:46:44.173+0000] {logging_mixin.py:149} INFO - [2023-06-28T14:46:44.172+0000] {dag.py:2726} INFO - Sync 1 DAGs
[2023-06-28T14:46:44.226+0000] {logging_mixin.py:149} INFO - [2023-06-28T14:46:44.226+0000] {dag.py:3490} INFO - Setting next_dagrun for example_short_circuit_decorator to 2023-06-27T14:46:44.225895+00:00, run_after=2023-06-28T14:46:44.225895+00:00
[2023-06-28T14:46:44.291+0000] {processor.py:179} INFO - Processing /home/airflow/.local/lib/python3.7/site-packages/airflow/example_dags/example_short_circuit_decorator.py took 0.213 seconds
[2023-06-28T14:47:15.153+0000] {processor.py:157} INFO - Started process (PID=3612) to work on /home/airflow/.local/lib/python3.7/site-packages/airflow/example_dags/example_short_circuit_decorator.py
[2023-06-28T14:47:15.154+0000] {processor.py:826} INFO - Processing file /home/airflow/.local/lib/python3.7/site-packages/airflow/example_dags/example_short_circuit_decorator.py for tasks to queue
[2023-06-28T14:47:15.156+0000] {logging_mixin.py:149} INFO - [2023-06-28T14:47:15.156+0000] {dagbag.py:541} INFO - Filling up the DagBag from /home/airflow/.local/lib/python3.7/site-packages/airflow/example_dags/example_short_circuit_decorator.py
[2023-06-28T14:47:15.222+0000] {processor.py:836} INFO - DAG(s) dict_keys(['example_short_circuit_decorator']) retrieved from /home/airflow/.local/lib/python3.7/site-packages/airflow/example_dags/example_short_circuit_decorator.py
[2023-06-28T14:47:15.369+0000] {logging_mixin.py:149} INFO - [2023-06-28T14:47:15.368+0000] {dag.py:2726} INFO - Sync 1 DAGs
[2023-06-28T14:47:15.567+0000] {logging_mixin.py:149} INFO - [2023-06-28T14:47:15.563+0000] {dag.py:3490} INFO - Setting next_dagrun for example_short_circuit_decorator to 2023-06-27T14:47:15.561990+00:00, run_after=2023-06-28T14:47:15.561990+00:00
[2023-06-28T14:47:15.660+0000] {processor.py:179} INFO - Processing /home/airflow/.local/lib/python3.7/site-packages/airflow/example_dags/example_short_circuit_decorator.py took 0.522 seconds
[2023-06-28T14:47:46.529+0000] {processor.py:157} INFO - Started process (PID=3671) to work on /home/airflow/.local/lib/python3.7/site-packages/airflow/example_dags/example_short_circuit_decorator.py
[2023-06-28T14:47:46.536+0000] {processor.py:826} INFO - Processing file /home/airflow/.local/lib/python3.7/site-packages/airflow/example_dags/example_short_circuit_decorator.py for tasks to queue
[2023-06-28T14:47:46.539+0000] {logging_mixin.py:149} INFO - [2023-06-28T14:47:46.539+0000] {dagbag.py:541} INFO - Filling up the DagBag from /home/airflow/.local/lib/python3.7/site-packages/airflow/example_dags/example_short_circuit_decorator.py
[2023-06-28T14:47:46.583+0000] {processor.py:836} INFO - DAG(s) dict_keys(['example_short_circuit_decorator']) retrieved from /home/airflow/.local/lib/python3.7/site-packages/airflow/example_dags/example_short_circuit_decorator.py
[2023-06-28T14:47:46.678+0000] {logging_mixin.py:149} INFO - [2023-06-28T14:47:46.678+0000] {dag.py:2726} INFO - Sync 1 DAGs
[2023-06-28T14:47:46.729+0000] {logging_mixin.py:149} INFO - [2023-06-28T14:47:46.729+0000] {dag.py:3490} INFO - Setting next_dagrun for example_short_circuit_decorator to 2023-06-27T14:47:46.728771+00:00, run_after=2023-06-28T14:47:46.728771+00:00
[2023-06-28T14:47:46.782+0000] {processor.py:179} INFO - Processing /home/airflow/.local/lib/python3.7/site-packages/airflow/example_dags/example_short_circuit_decorator.py took 0.261 seconds
