[2023-06-28T14:16:27.008+0000] {processor.py:157} INFO - Started process (PID=49) to work on /home/airflow/.local/lib/python3.7/site-packages/airflow/example_dags/example_dag_decorator.py
[2023-06-28T14:16:27.013+0000] {processor.py:826} INFO - Processing file /home/airflow/.local/lib/python3.7/site-packages/airflow/example_dags/example_dag_decorator.py for tasks to queue
[2023-06-28T14:16:27.016+0000] {logging_mixin.py:149} INFO - [2023-06-28T14:16:27.016+0000] {dagbag.py:541} INFO - Filling up the DagBag from /home/airflow/.local/lib/python3.7/site-packages/airflow/example_dags/example_dag_decorator.py
[2023-06-28T14:16:27.110+0000] {processor.py:836} INFO - DAG(s) dict_keys(['example_dag_decorator']) retrieved from /home/airflow/.local/lib/python3.7/site-packages/airflow/example_dags/example_dag_decorator.py
[2023-06-28T14:16:27.956+0000] {logging_mixin.py:149} INFO - [2023-06-28T14:16:27.956+0000] {dag.py:2726} INFO - Sync 1 DAGs
[2023-06-28T14:16:28.098+0000] {logging_mixin.py:149} INFO - [2023-06-28T14:16:28.098+0000] {dag.py:3490} INFO - Setting next_dagrun for example_dag_decorator to None, run_after=None
[2023-06-28T14:16:28.263+0000] {processor.py:179} INFO - Processing /home/airflow/.local/lib/python3.7/site-packages/airflow/example_dags/example_dag_decorator.py took 1.290 seconds
[2023-06-28T14:16:58.954+0000] {processor.py:157} INFO - Started process (PID=107) to work on /home/airflow/.local/lib/python3.7/site-packages/airflow/example_dags/example_dag_decorator.py
[2023-06-28T14:16:58.957+0000] {processor.py:826} INFO - Processing file /home/airflow/.local/lib/python3.7/site-packages/airflow/example_dags/example_dag_decorator.py for tasks to queue
[2023-06-28T14:16:58.970+0000] {logging_mixin.py:149} INFO - [2023-06-28T14:16:58.959+0000] {dagbag.py:541} INFO - Filling up the DagBag from /home/airflow/.local/lib/python3.7/site-packages/airflow/example_dags/example_dag_decorator.py
[2023-06-28T14:16:59.147+0000] {processor.py:836} INFO - DAG(s) dict_keys(['example_dag_decorator']) retrieved from /home/airflow/.local/lib/python3.7/site-packages/airflow/example_dags/example_dag_decorator.py
[2023-06-28T14:17:00.435+0000] {logging_mixin.py:149} INFO - [2023-06-28T14:17:00.424+0000] {dag.py:2726} INFO - Sync 1 DAGs
[2023-06-28T14:17:00.679+0000] {logging_mixin.py:149} INFO - [2023-06-28T14:17:00.679+0000] {dag.py:3490} INFO - Setting next_dagrun for example_dag_decorator to None, run_after=None
[2023-06-28T14:17:01.061+0000] {processor.py:179} INFO - Processing /home/airflow/.local/lib/python3.7/site-packages/airflow/example_dags/example_dag_decorator.py took 2.150 seconds
[2023-06-28T14:17:31.713+0000] {processor.py:157} INFO - Started process (PID=165) to work on /home/airflow/.local/lib/python3.7/site-packages/airflow/example_dags/example_dag_decorator.py
[2023-06-28T14:17:31.715+0000] {processor.py:826} INFO - Processing file /home/airflow/.local/lib/python3.7/site-packages/airflow/example_dags/example_dag_decorator.py for tasks to queue
[2023-06-28T14:17:31.717+0000] {logging_mixin.py:149} INFO - [2023-06-28T14:17:31.717+0000] {dagbag.py:541} INFO - Filling up the DagBag from /home/airflow/.local/lib/python3.7/site-packages/airflow/example_dags/example_dag_decorator.py
[2023-06-28T14:17:31.772+0000] {processor.py:836} INFO - DAG(s) dict_keys(['example_dag_decorator']) retrieved from /home/airflow/.local/lib/python3.7/site-packages/airflow/example_dags/example_dag_decorator.py
[2023-06-28T14:17:31.799+0000] {logging_mixin.py:149} INFO - [2023-06-28T14:17:31.799+0000] {dag.py:2726} INFO - Sync 1 DAGs
[2023-06-28T14:17:31.879+0000] {logging_mixin.py:149} INFO - [2023-06-28T14:17:31.879+0000] {dag.py:3490} INFO - Setting next_dagrun for example_dag_decorator to None, run_after=None
[2023-06-28T14:17:31.970+0000] {processor.py:179} INFO - Processing /home/airflow/.local/lib/python3.7/site-packages/airflow/example_dags/example_dag_decorator.py took 0.266 seconds
[2023-06-28T14:18:02.139+0000] {processor.py:157} INFO - Started process (PID=224) to work on /home/airflow/.local/lib/python3.7/site-packages/airflow/example_dags/example_dag_decorator.py
[2023-06-28T14:18:02.141+0000] {processor.py:826} INFO - Processing file /home/airflow/.local/lib/python3.7/site-packages/airflow/example_dags/example_dag_decorator.py for tasks to queue
[2023-06-28T14:18:02.146+0000] {logging_mixin.py:149} INFO - [2023-06-28T14:18:02.142+0000] {dagbag.py:541} INFO - Filling up the DagBag from /home/airflow/.local/lib/python3.7/site-packages/airflow/example_dags/example_dag_decorator.py
[2023-06-28T14:18:02.182+0000] {processor.py:836} INFO - DAG(s) dict_keys(['example_dag_decorator']) retrieved from /home/airflow/.local/lib/python3.7/site-packages/airflow/example_dags/example_dag_decorator.py
[2023-06-28T14:18:02.422+0000] {logging_mixin.py:149} INFO - [2023-06-28T14:18:02.422+0000] {dag.py:2726} INFO - Sync 1 DAGs
[2023-06-28T14:18:02.457+0000] {logging_mixin.py:149} INFO - [2023-06-28T14:18:02.457+0000] {dag.py:3490} INFO - Setting next_dagrun for example_dag_decorator to None, run_after=None
[2023-06-28T14:18:02.499+0000] {processor.py:179} INFO - Processing /home/airflow/.local/lib/python3.7/site-packages/airflow/example_dags/example_dag_decorator.py took 0.364 seconds
[2023-06-28T14:18:32.587+0000] {processor.py:157} INFO - Started process (PID=283) to work on /home/airflow/.local/lib/python3.7/site-packages/airflow/example_dags/example_dag_decorator.py
[2023-06-28T14:18:32.589+0000] {processor.py:826} INFO - Processing file /home/airflow/.local/lib/python3.7/site-packages/airflow/example_dags/example_dag_decorator.py for tasks to queue
[2023-06-28T14:18:32.590+0000] {logging_mixin.py:149} INFO - [2023-06-28T14:18:32.590+0000] {dagbag.py:541} INFO - Filling up the DagBag from /home/airflow/.local/lib/python3.7/site-packages/airflow/example_dags/example_dag_decorator.py
[2023-06-28T14:18:32.608+0000] {processor.py:836} INFO - DAG(s) dict_keys(['example_dag_decorator']) retrieved from /home/airflow/.local/lib/python3.7/site-packages/airflow/example_dags/example_dag_decorator.py
[2023-06-28T14:18:32.782+0000] {logging_mixin.py:149} INFO - [2023-06-28T14:18:32.781+0000] {dag.py:2726} INFO - Sync 1 DAGs
[2023-06-28T14:18:32.815+0000] {logging_mixin.py:149} INFO - [2023-06-28T14:18:32.815+0000] {dag.py:3490} INFO - Setting next_dagrun for example_dag_decorator to None, run_after=None
[2023-06-28T14:18:32.846+0000] {processor.py:179} INFO - Processing /home/airflow/.local/lib/python3.7/site-packages/airflow/example_dags/example_dag_decorator.py took 0.262 seconds
[2023-06-28T14:19:02.934+0000] {processor.py:157} INFO - Started process (PID=341) to work on /home/airflow/.local/lib/python3.7/site-packages/airflow/example_dags/example_dag_decorator.py
[2023-06-28T14:19:02.936+0000] {processor.py:826} INFO - Processing file /home/airflow/.local/lib/python3.7/site-packages/airflow/example_dags/example_dag_decorator.py for tasks to queue
[2023-06-28T14:19:02.937+0000] {logging_mixin.py:149} INFO - [2023-06-28T14:19:02.937+0000] {dagbag.py:541} INFO - Filling up the DagBag from /home/airflow/.local/lib/python3.7/site-packages/airflow/example_dags/example_dag_decorator.py
[2023-06-28T14:19:02.954+0000] {processor.py:836} INFO - DAG(s) dict_keys(['example_dag_decorator']) retrieved from /home/airflow/.local/lib/python3.7/site-packages/airflow/example_dags/example_dag_decorator.py
[2023-06-28T14:19:03.162+0000] {logging_mixin.py:149} INFO - [2023-06-28T14:19:03.161+0000] {dag.py:2726} INFO - Sync 1 DAGs
[2023-06-28T14:19:03.203+0000] {logging_mixin.py:149} INFO - [2023-06-28T14:19:03.203+0000] {dag.py:3490} INFO - Setting next_dagrun for example_dag_decorator to None, run_after=None
[2023-06-28T14:19:03.245+0000] {processor.py:179} INFO - Processing /home/airflow/.local/lib/python3.7/site-packages/airflow/example_dags/example_dag_decorator.py took 0.314 seconds
[2023-06-28T14:19:33.665+0000] {processor.py:157} INFO - Started process (PID=400) to work on /home/airflow/.local/lib/python3.7/site-packages/airflow/example_dags/example_dag_decorator.py
[2023-06-28T14:19:33.667+0000] {processor.py:826} INFO - Processing file /home/airflow/.local/lib/python3.7/site-packages/airflow/example_dags/example_dag_decorator.py for tasks to queue
[2023-06-28T14:19:33.669+0000] {logging_mixin.py:149} INFO - [2023-06-28T14:19:33.669+0000] {dagbag.py:541} INFO - Filling up the DagBag from /home/airflow/.local/lib/python3.7/site-packages/airflow/example_dags/example_dag_decorator.py
[2023-06-28T14:19:33.693+0000] {processor.py:836} INFO - DAG(s) dict_keys(['example_dag_decorator']) retrieved from /home/airflow/.local/lib/python3.7/site-packages/airflow/example_dags/example_dag_decorator.py
[2023-06-28T14:19:33.919+0000] {logging_mixin.py:149} INFO - [2023-06-28T14:19:33.919+0000] {dag.py:2726} INFO - Sync 1 DAGs
[2023-06-28T14:19:33.949+0000] {logging_mixin.py:149} INFO - [2023-06-28T14:19:33.949+0000] {dag.py:3490} INFO - Setting next_dagrun for example_dag_decorator to None, run_after=None
[2023-06-28T14:19:33.990+0000] {processor.py:179} INFO - Processing /home/airflow/.local/lib/python3.7/site-packages/airflow/example_dags/example_dag_decorator.py took 0.334 seconds
[2023-06-28T14:20:04.682+0000] {processor.py:157} INFO - Started process (PID=459) to work on /home/airflow/.local/lib/python3.7/site-packages/airflow/example_dags/example_dag_decorator.py
[2023-06-28T14:20:04.684+0000] {processor.py:826} INFO - Processing file /home/airflow/.local/lib/python3.7/site-packages/airflow/example_dags/example_dag_decorator.py for tasks to queue
[2023-06-28T14:20:04.686+0000] {logging_mixin.py:149} INFO - [2023-06-28T14:20:04.685+0000] {dagbag.py:541} INFO - Filling up the DagBag from /home/airflow/.local/lib/python3.7/site-packages/airflow/example_dags/example_dag_decorator.py
[2023-06-28T14:20:04.717+0000] {processor.py:836} INFO - DAG(s) dict_keys(['example_dag_decorator']) retrieved from /home/airflow/.local/lib/python3.7/site-packages/airflow/example_dags/example_dag_decorator.py
[2023-06-28T14:20:04.950+0000] {logging_mixin.py:149} INFO - [2023-06-28T14:20:04.949+0000] {dag.py:2726} INFO - Sync 1 DAGs
[2023-06-28T14:20:05.002+0000] {logging_mixin.py:149} INFO - [2023-06-28T14:20:05.002+0000] {dag.py:3490} INFO - Setting next_dagrun for example_dag_decorator to None, run_after=None
[2023-06-28T14:20:05.048+0000] {processor.py:179} INFO - Processing /home/airflow/.local/lib/python3.7/site-packages/airflow/example_dags/example_dag_decorator.py took 0.371 seconds
[2023-06-28T14:20:35.388+0000] {processor.py:157} INFO - Started process (PID=518) to work on /home/airflow/.local/lib/python3.7/site-packages/airflow/example_dags/example_dag_decorator.py
[2023-06-28T14:20:35.391+0000] {processor.py:826} INFO - Processing file /home/airflow/.local/lib/python3.7/site-packages/airflow/example_dags/example_dag_decorator.py for tasks to queue
[2023-06-28T14:20:35.392+0000] {logging_mixin.py:149} INFO - [2023-06-28T14:20:35.392+0000] {dagbag.py:541} INFO - Filling up the DagBag from /home/airflow/.local/lib/python3.7/site-packages/airflow/example_dags/example_dag_decorator.py
[2023-06-28T14:20:35.417+0000] {processor.py:836} INFO - DAG(s) dict_keys(['example_dag_decorator']) retrieved from /home/airflow/.local/lib/python3.7/site-packages/airflow/example_dags/example_dag_decorator.py
[2023-06-28T14:20:35.583+0000] {logging_mixin.py:149} INFO - [2023-06-28T14:20:35.583+0000] {dag.py:2726} INFO - Sync 1 DAGs
[2023-06-28T14:20:35.613+0000] {logging_mixin.py:149} INFO - [2023-06-28T14:20:35.613+0000] {dag.py:3490} INFO - Setting next_dagrun for example_dag_decorator to None, run_after=None
[2023-06-28T14:20:35.642+0000] {processor.py:179} INFO - Processing /home/airflow/.local/lib/python3.7/site-packages/airflow/example_dags/example_dag_decorator.py took 0.260 seconds
[2023-06-28T14:21:05.744+0000] {processor.py:157} INFO - Started process (PID=577) to work on /home/airflow/.local/lib/python3.7/site-packages/airflow/example_dags/example_dag_decorator.py
[2023-06-28T14:21:05.746+0000] {processor.py:826} INFO - Processing file /home/airflow/.local/lib/python3.7/site-packages/airflow/example_dags/example_dag_decorator.py for tasks to queue
[2023-06-28T14:21:05.748+0000] {logging_mixin.py:149} INFO - [2023-06-28T14:21:05.747+0000] {dagbag.py:541} INFO - Filling up the DagBag from /home/airflow/.local/lib/python3.7/site-packages/airflow/example_dags/example_dag_decorator.py
[2023-06-28T14:21:05.767+0000] {processor.py:836} INFO - DAG(s) dict_keys(['example_dag_decorator']) retrieved from /home/airflow/.local/lib/python3.7/site-packages/airflow/example_dags/example_dag_decorator.py
[2023-06-28T14:21:05.987+0000] {logging_mixin.py:149} INFO - [2023-06-28T14:21:05.987+0000] {dag.py:2726} INFO - Sync 1 DAGs
[2023-06-28T14:21:06.016+0000] {logging_mixin.py:149} INFO - [2023-06-28T14:21:06.016+0000] {dag.py:3490} INFO - Setting next_dagrun for example_dag_decorator to None, run_after=None
[2023-06-28T14:21:06.047+0000] {processor.py:179} INFO - Processing /home/airflow/.local/lib/python3.7/site-packages/airflow/example_dags/example_dag_decorator.py took 0.308 seconds
[2023-06-28T14:21:36.139+0000] {processor.py:157} INFO - Started process (PID=637) to work on /home/airflow/.local/lib/python3.7/site-packages/airflow/example_dags/example_dag_decorator.py
[2023-06-28T14:21:36.140+0000] {processor.py:826} INFO - Processing file /home/airflow/.local/lib/python3.7/site-packages/airflow/example_dags/example_dag_decorator.py for tasks to queue
[2023-06-28T14:21:36.141+0000] {logging_mixin.py:149} INFO - [2023-06-28T14:21:36.141+0000] {dagbag.py:541} INFO - Filling up the DagBag from /home/airflow/.local/lib/python3.7/site-packages/airflow/example_dags/example_dag_decorator.py
[2023-06-28T14:21:36.165+0000] {processor.py:836} INFO - DAG(s) dict_keys(['example_dag_decorator']) retrieved from /home/airflow/.local/lib/python3.7/site-packages/airflow/example_dags/example_dag_decorator.py
[2023-06-28T14:21:36.388+0000] {logging_mixin.py:149} INFO - [2023-06-28T14:21:36.388+0000] {dag.py:2726} INFO - Sync 1 DAGs
[2023-06-28T14:21:36.485+0000] {logging_mixin.py:149} INFO - [2023-06-28T14:21:36.485+0000] {dag.py:3490} INFO - Setting next_dagrun for example_dag_decorator to None, run_after=None
[2023-06-28T14:21:36.537+0000] {processor.py:179} INFO - Processing /home/airflow/.local/lib/python3.7/site-packages/airflow/example_dags/example_dag_decorator.py took 0.402 seconds
[2023-06-28T14:22:06.856+0000] {processor.py:157} INFO - Started process (PID=697) to work on /home/airflow/.local/lib/python3.7/site-packages/airflow/example_dags/example_dag_decorator.py
[2023-06-28T14:22:06.857+0000] {processor.py:826} INFO - Processing file /home/airflow/.local/lib/python3.7/site-packages/airflow/example_dags/example_dag_decorator.py for tasks to queue
[2023-06-28T14:22:06.859+0000] {logging_mixin.py:149} INFO - [2023-06-28T14:22:06.858+0000] {dagbag.py:541} INFO - Filling up the DagBag from /home/airflow/.local/lib/python3.7/site-packages/airflow/example_dags/example_dag_decorator.py
[2023-06-28T14:22:06.877+0000] {processor.py:836} INFO - DAG(s) dict_keys(['example_dag_decorator']) retrieved from /home/airflow/.local/lib/python3.7/site-packages/airflow/example_dags/example_dag_decorator.py
[2023-06-28T14:22:07.069+0000] {logging_mixin.py:149} INFO - [2023-06-28T14:22:07.069+0000] {dag.py:2726} INFO - Sync 1 DAGs
[2023-06-28T14:22:07.099+0000] {logging_mixin.py:149} INFO - [2023-06-28T14:22:07.099+0000] {dag.py:3490} INFO - Setting next_dagrun for example_dag_decorator to None, run_after=None
[2023-06-28T14:22:07.131+0000] {processor.py:179} INFO - Processing /home/airflow/.local/lib/python3.7/site-packages/airflow/example_dags/example_dag_decorator.py took 0.280 seconds
[2023-06-28T14:22:37.326+0000] {processor.py:157} INFO - Started process (PID=757) to work on /home/airflow/.local/lib/python3.7/site-packages/airflow/example_dags/example_dag_decorator.py
[2023-06-28T14:22:37.328+0000] {processor.py:826} INFO - Processing file /home/airflow/.local/lib/python3.7/site-packages/airflow/example_dags/example_dag_decorator.py for tasks to queue
[2023-06-28T14:22:37.329+0000] {logging_mixin.py:149} INFO - [2023-06-28T14:22:37.329+0000] {dagbag.py:541} INFO - Filling up the DagBag from /home/airflow/.local/lib/python3.7/site-packages/airflow/example_dags/example_dag_decorator.py
[2023-06-28T14:22:37.346+0000] {processor.py:836} INFO - DAG(s) dict_keys(['example_dag_decorator']) retrieved from /home/airflow/.local/lib/python3.7/site-packages/airflow/example_dags/example_dag_decorator.py
[2023-06-28T14:22:37.511+0000] {logging_mixin.py:149} INFO - [2023-06-28T14:22:37.511+0000] {dag.py:2726} INFO - Sync 1 DAGs
[2023-06-28T14:22:37.543+0000] {logging_mixin.py:149} INFO - [2023-06-28T14:22:37.542+0000] {dag.py:3490} INFO - Setting next_dagrun for example_dag_decorator to None, run_after=None
[2023-06-28T14:22:37.576+0000] {processor.py:179} INFO - Processing /home/airflow/.local/lib/python3.7/site-packages/airflow/example_dags/example_dag_decorator.py took 0.254 seconds
[2023-06-28T14:23:08.409+0000] {processor.py:157} INFO - Started process (PID=816) to work on /home/airflow/.local/lib/python3.7/site-packages/airflow/example_dags/example_dag_decorator.py
[2023-06-28T14:23:08.410+0000] {processor.py:826} INFO - Processing file /home/airflow/.local/lib/python3.7/site-packages/airflow/example_dags/example_dag_decorator.py for tasks to queue
[2023-06-28T14:23:08.411+0000] {logging_mixin.py:149} INFO - [2023-06-28T14:23:08.411+0000] {dagbag.py:541} INFO - Filling up the DagBag from /home/airflow/.local/lib/python3.7/site-packages/airflow/example_dags/example_dag_decorator.py
[2023-06-28T14:23:08.430+0000] {processor.py:836} INFO - DAG(s) dict_keys(['example_dag_decorator']) retrieved from /home/airflow/.local/lib/python3.7/site-packages/airflow/example_dags/example_dag_decorator.py
[2023-06-28T14:23:08.603+0000] {logging_mixin.py:149} INFO - [2023-06-28T14:23:08.602+0000] {dag.py:2726} INFO - Sync 1 DAGs
[2023-06-28T14:23:08.633+0000] {logging_mixin.py:149} INFO - [2023-06-28T14:23:08.633+0000] {dag.py:3490} INFO - Setting next_dagrun for example_dag_decorator to None, run_after=None
[2023-06-28T14:23:08.670+0000] {processor.py:179} INFO - Processing /home/airflow/.local/lib/python3.7/site-packages/airflow/example_dags/example_dag_decorator.py took 0.266 seconds
[2023-06-28T14:23:38.739+0000] {processor.py:157} INFO - Started process (PID=876) to work on /home/airflow/.local/lib/python3.7/site-packages/airflow/example_dags/example_dag_decorator.py
[2023-06-28T14:23:38.740+0000] {processor.py:826} INFO - Processing file /home/airflow/.local/lib/python3.7/site-packages/airflow/example_dags/example_dag_decorator.py for tasks to queue
[2023-06-28T14:23:38.742+0000] {logging_mixin.py:149} INFO - [2023-06-28T14:23:38.741+0000] {dagbag.py:541} INFO - Filling up the DagBag from /home/airflow/.local/lib/python3.7/site-packages/airflow/example_dags/example_dag_decorator.py
[2023-06-28T14:23:38.758+0000] {processor.py:836} INFO - DAG(s) dict_keys(['example_dag_decorator']) retrieved from /home/airflow/.local/lib/python3.7/site-packages/airflow/example_dags/example_dag_decorator.py
[2023-06-28T14:23:38.933+0000] {logging_mixin.py:149} INFO - [2023-06-28T14:23:38.933+0000] {dag.py:2726} INFO - Sync 1 DAGs
[2023-06-28T14:23:38.963+0000] {logging_mixin.py:149} INFO - [2023-06-28T14:23:38.963+0000] {dag.py:3490} INFO - Setting next_dagrun for example_dag_decorator to None, run_after=None
[2023-06-28T14:23:38.998+0000] {processor.py:179} INFO - Processing /home/airflow/.local/lib/python3.7/site-packages/airflow/example_dags/example_dag_decorator.py took 0.263 seconds
[2023-06-28T14:24:09.283+0000] {processor.py:157} INFO - Started process (PID=935) to work on /home/airflow/.local/lib/python3.7/site-packages/airflow/example_dags/example_dag_decorator.py
[2023-06-28T14:24:09.285+0000] {processor.py:826} INFO - Processing file /home/airflow/.local/lib/python3.7/site-packages/airflow/example_dags/example_dag_decorator.py for tasks to queue
[2023-06-28T14:24:09.287+0000] {logging_mixin.py:149} INFO - [2023-06-28T14:24:09.286+0000] {dagbag.py:541} INFO - Filling up the DagBag from /home/airflow/.local/lib/python3.7/site-packages/airflow/example_dags/example_dag_decorator.py
[2023-06-28T14:24:09.304+0000] {processor.py:836} INFO - DAG(s) dict_keys(['example_dag_decorator']) retrieved from /home/airflow/.local/lib/python3.7/site-packages/airflow/example_dags/example_dag_decorator.py
[2023-06-28T14:24:09.472+0000] {logging_mixin.py:149} INFO - [2023-06-28T14:24:09.472+0000] {dag.py:2726} INFO - Sync 1 DAGs
[2023-06-28T14:24:09.502+0000] {logging_mixin.py:149} INFO - [2023-06-28T14:24:09.502+0000] {dag.py:3490} INFO - Setting next_dagrun for example_dag_decorator to None, run_after=None
[2023-06-28T14:24:09.534+0000] {processor.py:179} INFO - Processing /home/airflow/.local/lib/python3.7/site-packages/airflow/example_dags/example_dag_decorator.py took 0.255 seconds
[2023-06-28T14:24:39.640+0000] {processor.py:157} INFO - Started process (PID=993) to work on /home/airflow/.local/lib/python3.7/site-packages/airflow/example_dags/example_dag_decorator.py
[2023-06-28T14:24:39.642+0000] {processor.py:826} INFO - Processing file /home/airflow/.local/lib/python3.7/site-packages/airflow/example_dags/example_dag_decorator.py for tasks to queue
[2023-06-28T14:24:39.643+0000] {logging_mixin.py:149} INFO - [2023-06-28T14:24:39.643+0000] {dagbag.py:541} INFO - Filling up the DagBag from /home/airflow/.local/lib/python3.7/site-packages/airflow/example_dags/example_dag_decorator.py
[2023-06-28T14:24:39.661+0000] {processor.py:836} INFO - DAG(s) dict_keys(['example_dag_decorator']) retrieved from /home/airflow/.local/lib/python3.7/site-packages/airflow/example_dags/example_dag_decorator.py
[2023-06-28T14:24:39.834+0000] {logging_mixin.py:149} INFO - [2023-06-28T14:24:39.834+0000] {dag.py:2726} INFO - Sync 1 DAGs
[2023-06-28T14:24:39.865+0000] {logging_mixin.py:149} INFO - [2023-06-28T14:24:39.865+0000] {dag.py:3490} INFO - Setting next_dagrun for example_dag_decorator to None, run_after=None
[2023-06-28T14:24:39.900+0000] {processor.py:179} INFO - Processing /home/airflow/.local/lib/python3.7/site-packages/airflow/example_dags/example_dag_decorator.py took 0.264 seconds
[2023-06-28T14:25:10.383+0000] {processor.py:157} INFO - Started process (PID=1048) to work on /home/airflow/.local/lib/python3.7/site-packages/airflow/example_dags/example_dag_decorator.py
[2023-06-28T14:25:10.385+0000] {processor.py:826} INFO - Processing file /home/airflow/.local/lib/python3.7/site-packages/airflow/example_dags/example_dag_decorator.py for tasks to queue
[2023-06-28T14:25:10.386+0000] {logging_mixin.py:149} INFO - [2023-06-28T14:25:10.386+0000] {dagbag.py:541} INFO - Filling up the DagBag from /home/airflow/.local/lib/python3.7/site-packages/airflow/example_dags/example_dag_decorator.py
[2023-06-28T14:25:10.427+0000] {processor.py:836} INFO - DAG(s) dict_keys(['example_dag_decorator']) retrieved from /home/airflow/.local/lib/python3.7/site-packages/airflow/example_dags/example_dag_decorator.py
[2023-06-28T14:25:10.712+0000] {logging_mixin.py:149} INFO - [2023-06-28T14:25:10.711+0000] {dag.py:2726} INFO - Sync 1 DAGs
[2023-06-28T14:25:10.753+0000] {logging_mixin.py:149} INFO - [2023-06-28T14:25:10.752+0000] {dag.py:3490} INFO - Setting next_dagrun for example_dag_decorator to None, run_after=None
[2023-06-28T14:25:10.795+0000] {processor.py:179} INFO - Processing /home/airflow/.local/lib/python3.7/site-packages/airflow/example_dags/example_dag_decorator.py took 0.418 seconds
[2023-06-28T14:25:41.027+0000] {processor.py:157} INFO - Started process (PID=1106) to work on /home/airflow/.local/lib/python3.7/site-packages/airflow/example_dags/example_dag_decorator.py
[2023-06-28T14:25:41.028+0000] {processor.py:826} INFO - Processing file /home/airflow/.local/lib/python3.7/site-packages/airflow/example_dags/example_dag_decorator.py for tasks to queue
[2023-06-28T14:25:41.030+0000] {logging_mixin.py:149} INFO - [2023-06-28T14:25:41.029+0000] {dagbag.py:541} INFO - Filling up the DagBag from /home/airflow/.local/lib/python3.7/site-packages/airflow/example_dags/example_dag_decorator.py
[2023-06-28T14:25:41.050+0000] {processor.py:836} INFO - DAG(s) dict_keys(['example_dag_decorator']) retrieved from /home/airflow/.local/lib/python3.7/site-packages/airflow/example_dags/example_dag_decorator.py
[2023-06-28T14:25:41.218+0000] {logging_mixin.py:149} INFO - [2023-06-28T14:25:41.218+0000] {dag.py:2726} INFO - Sync 1 DAGs
[2023-06-28T14:25:41.249+0000] {logging_mixin.py:149} INFO - [2023-06-28T14:25:41.249+0000] {dag.py:3490} INFO - Setting next_dagrun for example_dag_decorator to None, run_after=None
[2023-06-28T14:25:41.288+0000] {processor.py:179} INFO - Processing /home/airflow/.local/lib/python3.7/site-packages/airflow/example_dags/example_dag_decorator.py took 0.265 seconds
[2023-06-28T14:26:11.638+0000] {processor.py:157} INFO - Started process (PID=1165) to work on /home/airflow/.local/lib/python3.7/site-packages/airflow/example_dags/example_dag_decorator.py
[2023-06-28T14:26:11.639+0000] {processor.py:826} INFO - Processing file /home/airflow/.local/lib/python3.7/site-packages/airflow/example_dags/example_dag_decorator.py for tasks to queue
[2023-06-28T14:26:11.641+0000] {logging_mixin.py:149} INFO - [2023-06-28T14:26:11.641+0000] {dagbag.py:541} INFO - Filling up the DagBag from /home/airflow/.local/lib/python3.7/site-packages/airflow/example_dags/example_dag_decorator.py
[2023-06-28T14:26:11.691+0000] {processor.py:836} INFO - DAG(s) dict_keys(['example_dag_decorator']) retrieved from /home/airflow/.local/lib/python3.7/site-packages/airflow/example_dags/example_dag_decorator.py
[2023-06-28T14:26:11.952+0000] {logging_mixin.py:149} INFO - [2023-06-28T14:26:11.952+0000] {dag.py:2726} INFO - Sync 1 DAGs
[2023-06-28T14:26:11.985+0000] {logging_mixin.py:149} INFO - [2023-06-28T14:26:11.985+0000] {dag.py:3490} INFO - Setting next_dagrun for example_dag_decorator to None, run_after=None
[2023-06-28T14:26:12.015+0000] {processor.py:179} INFO - Processing /home/airflow/.local/lib/python3.7/site-packages/airflow/example_dags/example_dag_decorator.py took 0.383 seconds
[2023-06-28T14:26:42.083+0000] {processor.py:157} INFO - Started process (PID=1225) to work on /home/airflow/.local/lib/python3.7/site-packages/airflow/example_dags/example_dag_decorator.py
[2023-06-28T14:26:42.084+0000] {processor.py:826} INFO - Processing file /home/airflow/.local/lib/python3.7/site-packages/airflow/example_dags/example_dag_decorator.py for tasks to queue
[2023-06-28T14:26:42.085+0000] {logging_mixin.py:149} INFO - [2023-06-28T14:26:42.085+0000] {dagbag.py:541} INFO - Filling up the DagBag from /home/airflow/.local/lib/python3.7/site-packages/airflow/example_dags/example_dag_decorator.py
[2023-06-28T14:26:42.103+0000] {processor.py:836} INFO - DAG(s) dict_keys(['example_dag_decorator']) retrieved from /home/airflow/.local/lib/python3.7/site-packages/airflow/example_dags/example_dag_decorator.py
[2023-06-28T14:26:42.281+0000] {logging_mixin.py:149} INFO - [2023-06-28T14:26:42.280+0000] {dag.py:2726} INFO - Sync 1 DAGs
[2023-06-28T14:26:42.315+0000] {logging_mixin.py:149} INFO - [2023-06-28T14:26:42.315+0000] {dag.py:3490} INFO - Setting next_dagrun for example_dag_decorator to None, run_after=None
[2023-06-28T14:26:42.352+0000] {processor.py:179} INFO - Processing /home/airflow/.local/lib/python3.7/site-packages/airflow/example_dags/example_dag_decorator.py took 0.273 seconds
[2023-06-28T14:27:12.702+0000] {processor.py:157} INFO - Started process (PID=1284) to work on /home/airflow/.local/lib/python3.7/site-packages/airflow/example_dags/example_dag_decorator.py
[2023-06-28T14:27:12.704+0000] {processor.py:826} INFO - Processing file /home/airflow/.local/lib/python3.7/site-packages/airflow/example_dags/example_dag_decorator.py for tasks to queue
[2023-06-28T14:27:12.705+0000] {logging_mixin.py:149} INFO - [2023-06-28T14:27:12.705+0000] {dagbag.py:541} INFO - Filling up the DagBag from /home/airflow/.local/lib/python3.7/site-packages/airflow/example_dags/example_dag_decorator.py
[2023-06-28T14:27:12.722+0000] {processor.py:836} INFO - DAG(s) dict_keys(['example_dag_decorator']) retrieved from /home/airflow/.local/lib/python3.7/site-packages/airflow/example_dags/example_dag_decorator.py
[2023-06-28T14:27:12.886+0000] {logging_mixin.py:149} INFO - [2023-06-28T14:27:12.886+0000] {dag.py:2726} INFO - Sync 1 DAGs
[2023-06-28T14:27:12.918+0000] {logging_mixin.py:149} INFO - [2023-06-28T14:27:12.918+0000] {dag.py:3490} INFO - Setting next_dagrun for example_dag_decorator to None, run_after=None
[2023-06-28T14:27:12.952+0000] {processor.py:179} INFO - Processing /home/airflow/.local/lib/python3.7/site-packages/airflow/example_dags/example_dag_decorator.py took 0.254 seconds
[2023-06-28T14:27:43.348+0000] {processor.py:157} INFO - Started process (PID=1343) to work on /home/airflow/.local/lib/python3.7/site-packages/airflow/example_dags/example_dag_decorator.py
[2023-06-28T14:27:43.350+0000] {processor.py:826} INFO - Processing file /home/airflow/.local/lib/python3.7/site-packages/airflow/example_dags/example_dag_decorator.py for tasks to queue
[2023-06-28T14:27:43.351+0000] {logging_mixin.py:149} INFO - [2023-06-28T14:27:43.350+0000] {dagbag.py:541} INFO - Filling up the DagBag from /home/airflow/.local/lib/python3.7/site-packages/airflow/example_dags/example_dag_decorator.py
[2023-06-28T14:27:43.368+0000] {processor.py:836} INFO - DAG(s) dict_keys(['example_dag_decorator']) retrieved from /home/airflow/.local/lib/python3.7/site-packages/airflow/example_dags/example_dag_decorator.py
[2023-06-28T14:27:43.532+0000] {logging_mixin.py:149} INFO - [2023-06-28T14:27:43.531+0000] {dag.py:2726} INFO - Sync 1 DAGs
[2023-06-28T14:27:43.566+0000] {logging_mixin.py:149} INFO - [2023-06-28T14:27:43.566+0000] {dag.py:3490} INFO - Setting next_dagrun for example_dag_decorator to None, run_after=None
[2023-06-28T14:27:43.599+0000] {processor.py:179} INFO - Processing /home/airflow/.local/lib/python3.7/site-packages/airflow/example_dags/example_dag_decorator.py took 0.255 seconds
[2023-06-28T14:28:13.695+0000] {processor.py:157} INFO - Started process (PID=1403) to work on /home/airflow/.local/lib/python3.7/site-packages/airflow/example_dags/example_dag_decorator.py
[2023-06-28T14:28:13.696+0000] {processor.py:826} INFO - Processing file /home/airflow/.local/lib/python3.7/site-packages/airflow/example_dags/example_dag_decorator.py for tasks to queue
[2023-06-28T14:28:13.697+0000] {logging_mixin.py:149} INFO - [2023-06-28T14:28:13.697+0000] {dagbag.py:541} INFO - Filling up the DagBag from /home/airflow/.local/lib/python3.7/site-packages/airflow/example_dags/example_dag_decorator.py
[2023-06-28T14:28:13.714+0000] {processor.py:836} INFO - DAG(s) dict_keys(['example_dag_decorator']) retrieved from /home/airflow/.local/lib/python3.7/site-packages/airflow/example_dags/example_dag_decorator.py
[2023-06-28T14:28:13.886+0000] {logging_mixin.py:149} INFO - [2023-06-28T14:28:13.886+0000] {dag.py:2726} INFO - Sync 1 DAGs
[2023-06-28T14:28:13.919+0000] {logging_mixin.py:149} INFO - [2023-06-28T14:28:13.919+0000] {dag.py:3490} INFO - Setting next_dagrun for example_dag_decorator to None, run_after=None
[2023-06-28T14:28:13.951+0000] {processor.py:179} INFO - Processing /home/airflow/.local/lib/python3.7/site-packages/airflow/example_dags/example_dag_decorator.py took 0.260 seconds
[2023-06-28T14:28:44.236+0000] {processor.py:157} INFO - Started process (PID=1461) to work on /home/airflow/.local/lib/python3.7/site-packages/airflow/example_dags/example_dag_decorator.py
[2023-06-28T14:28:44.237+0000] {processor.py:826} INFO - Processing file /home/airflow/.local/lib/python3.7/site-packages/airflow/example_dags/example_dag_decorator.py for tasks to queue
[2023-06-28T14:28:44.238+0000] {logging_mixin.py:149} INFO - [2023-06-28T14:28:44.238+0000] {dagbag.py:541} INFO - Filling up the DagBag from /home/airflow/.local/lib/python3.7/site-packages/airflow/example_dags/example_dag_decorator.py
[2023-06-28T14:28:44.255+0000] {processor.py:836} INFO - DAG(s) dict_keys(['example_dag_decorator']) retrieved from /home/airflow/.local/lib/python3.7/site-packages/airflow/example_dags/example_dag_decorator.py
[2023-06-28T14:28:44.419+0000] {logging_mixin.py:149} INFO - [2023-06-28T14:28:44.419+0000] {dag.py:2726} INFO - Sync 1 DAGs
[2023-06-28T14:28:44.451+0000] {logging_mixin.py:149} INFO - [2023-06-28T14:28:44.451+0000] {dag.py:3490} INFO - Setting next_dagrun for example_dag_decorator to None, run_after=None
[2023-06-28T14:28:44.486+0000] {processor.py:179} INFO - Processing /home/airflow/.local/lib/python3.7/site-packages/airflow/example_dags/example_dag_decorator.py took 0.254 seconds
[2023-06-28T14:29:14.588+0000] {processor.py:157} INFO - Started process (PID=1521) to work on /home/airflow/.local/lib/python3.7/site-packages/airflow/example_dags/example_dag_decorator.py
[2023-06-28T14:29:14.589+0000] {processor.py:826} INFO - Processing file /home/airflow/.local/lib/python3.7/site-packages/airflow/example_dags/example_dag_decorator.py for tasks to queue
[2023-06-28T14:29:14.591+0000] {logging_mixin.py:149} INFO - [2023-06-28T14:29:14.591+0000] {dagbag.py:541} INFO - Filling up the DagBag from /home/airflow/.local/lib/python3.7/site-packages/airflow/example_dags/example_dag_decorator.py
[2023-06-28T14:29:14.608+0000] {processor.py:836} INFO - DAG(s) dict_keys(['example_dag_decorator']) retrieved from /home/airflow/.local/lib/python3.7/site-packages/airflow/example_dags/example_dag_decorator.py
[2023-06-28T14:29:14.771+0000] {logging_mixin.py:149} INFO - [2023-06-28T14:29:14.771+0000] {dag.py:2726} INFO - Sync 1 DAGs
[2023-06-28T14:29:14.801+0000] {logging_mixin.py:149} INFO - [2023-06-28T14:29:14.801+0000] {dag.py:3490} INFO - Setting next_dagrun for example_dag_decorator to None, run_after=None
[2023-06-28T14:29:14.835+0000] {processor.py:179} INFO - Processing /home/airflow/.local/lib/python3.7/site-packages/airflow/example_dags/example_dag_decorator.py took 0.251 seconds
[2023-06-28T14:29:45.112+0000] {processor.py:157} INFO - Started process (PID=1581) to work on /home/airflow/.local/lib/python3.7/site-packages/airflow/example_dags/example_dag_decorator.py
[2023-06-28T14:29:45.113+0000] {processor.py:826} INFO - Processing file /home/airflow/.local/lib/python3.7/site-packages/airflow/example_dags/example_dag_decorator.py for tasks to queue
[2023-06-28T14:29:45.114+0000] {logging_mixin.py:149} INFO - [2023-06-28T14:29:45.114+0000] {dagbag.py:541} INFO - Filling up the DagBag from /home/airflow/.local/lib/python3.7/site-packages/airflow/example_dags/example_dag_decorator.py
[2023-06-28T14:29:45.132+0000] {processor.py:836} INFO - DAG(s) dict_keys(['example_dag_decorator']) retrieved from /home/airflow/.local/lib/python3.7/site-packages/airflow/example_dags/example_dag_decorator.py
[2023-06-28T14:29:45.409+0000] {logging_mixin.py:149} INFO - [2023-06-28T14:29:45.408+0000] {dag.py:2726} INFO - Sync 1 DAGs
[2023-06-28T14:29:45.443+0000] {logging_mixin.py:149} INFO - [2023-06-28T14:29:45.443+0000] {dag.py:3490} INFO - Setting next_dagrun for example_dag_decorator to None, run_after=None
[2023-06-28T14:29:45.483+0000] {processor.py:179} INFO - Processing /home/airflow/.local/lib/python3.7/site-packages/airflow/example_dags/example_dag_decorator.py took 0.375 seconds
[2023-06-28T14:30:15.633+0000] {processor.py:157} INFO - Started process (PID=1640) to work on /home/airflow/.local/lib/python3.7/site-packages/airflow/example_dags/example_dag_decorator.py
[2023-06-28T14:30:15.635+0000] {processor.py:826} INFO - Processing file /home/airflow/.local/lib/python3.7/site-packages/airflow/example_dags/example_dag_decorator.py for tasks to queue
[2023-06-28T14:30:15.637+0000] {logging_mixin.py:149} INFO - [2023-06-28T14:30:15.637+0000] {dagbag.py:541} INFO - Filling up the DagBag from /home/airflow/.local/lib/python3.7/site-packages/airflow/example_dags/example_dag_decorator.py
[2023-06-28T14:30:15.680+0000] {processor.py:836} INFO - DAG(s) dict_keys(['example_dag_decorator']) retrieved from /home/airflow/.local/lib/python3.7/site-packages/airflow/example_dags/example_dag_decorator.py
[2023-06-28T14:30:15.942+0000] {logging_mixin.py:149} INFO - [2023-06-28T14:30:15.942+0000] {dag.py:2726} INFO - Sync 1 DAGs
[2023-06-28T14:30:15.976+0000] {logging_mixin.py:149} INFO - [2023-06-28T14:30:15.976+0000] {dag.py:3490} INFO - Setting next_dagrun for example_dag_decorator to None, run_after=None
[2023-06-28T14:30:16.017+0000] {processor.py:179} INFO - Processing /home/airflow/.local/lib/python3.7/site-packages/airflow/example_dags/example_dag_decorator.py took 0.397 seconds
[2023-06-28T14:30:46.816+0000] {processor.py:157} INFO - Started process (PID=1699) to work on /home/airflow/.local/lib/python3.7/site-packages/airflow/example_dags/example_dag_decorator.py
[2023-06-28T14:30:46.818+0000] {processor.py:826} INFO - Processing file /home/airflow/.local/lib/python3.7/site-packages/airflow/example_dags/example_dag_decorator.py for tasks to queue
[2023-06-28T14:30:46.820+0000] {logging_mixin.py:149} INFO - [2023-06-28T14:30:46.819+0000] {dagbag.py:541} INFO - Filling up the DagBag from /home/airflow/.local/lib/python3.7/site-packages/airflow/example_dags/example_dag_decorator.py
[2023-06-28T14:30:46.855+0000] {processor.py:836} INFO - DAG(s) dict_keys(['example_dag_decorator']) retrieved from /home/airflow/.local/lib/python3.7/site-packages/airflow/example_dags/example_dag_decorator.py
[2023-06-28T14:30:47.101+0000] {logging_mixin.py:149} INFO - [2023-06-28T14:30:47.101+0000] {dag.py:2726} INFO - Sync 1 DAGs
[2023-06-28T14:30:47.138+0000] {logging_mixin.py:149} INFO - [2023-06-28T14:30:47.138+0000] {dag.py:3490} INFO - Setting next_dagrun for example_dag_decorator to None, run_after=None
[2023-06-28T14:30:47.172+0000] {processor.py:179} INFO - Processing /home/airflow/.local/lib/python3.7/site-packages/airflow/example_dags/example_dag_decorator.py took 0.361 seconds
[2023-06-28T14:31:17.767+0000] {processor.py:157} INFO - Started process (PID=1758) to work on /home/airflow/.local/lib/python3.7/site-packages/airflow/example_dags/example_dag_decorator.py
[2023-06-28T14:31:17.768+0000] {processor.py:826} INFO - Processing file /home/airflow/.local/lib/python3.7/site-packages/airflow/example_dags/example_dag_decorator.py for tasks to queue
[2023-06-28T14:31:17.770+0000] {logging_mixin.py:149} INFO - [2023-06-28T14:31:17.769+0000] {dagbag.py:541} INFO - Filling up the DagBag from /home/airflow/.local/lib/python3.7/site-packages/airflow/example_dags/example_dag_decorator.py
[2023-06-28T14:31:17.789+0000] {processor.py:836} INFO - DAG(s) dict_keys(['example_dag_decorator']) retrieved from /home/airflow/.local/lib/python3.7/site-packages/airflow/example_dags/example_dag_decorator.py
[2023-06-28T14:31:17.957+0000] {logging_mixin.py:149} INFO - [2023-06-28T14:31:17.957+0000] {dag.py:2726} INFO - Sync 1 DAGs
[2023-06-28T14:31:17.987+0000] {logging_mixin.py:149} INFO - [2023-06-28T14:31:17.987+0000] {dag.py:3490} INFO - Setting next_dagrun for example_dag_decorator to None, run_after=None
[2023-06-28T14:31:18.022+0000] {processor.py:179} INFO - Processing /home/airflow/.local/lib/python3.7/site-packages/airflow/example_dags/example_dag_decorator.py took 0.259 seconds
[2023-06-28T14:31:48.636+0000] {processor.py:157} INFO - Started process (PID=1818) to work on /home/airflow/.local/lib/python3.7/site-packages/airflow/example_dags/example_dag_decorator.py
[2023-06-28T14:31:48.637+0000] {processor.py:826} INFO - Processing file /home/airflow/.local/lib/python3.7/site-packages/airflow/example_dags/example_dag_decorator.py for tasks to queue
[2023-06-28T14:31:48.638+0000] {logging_mixin.py:149} INFO - [2023-06-28T14:31:48.638+0000] {dagbag.py:541} INFO - Filling up the DagBag from /home/airflow/.local/lib/python3.7/site-packages/airflow/example_dags/example_dag_decorator.py
[2023-06-28T14:31:48.657+0000] {processor.py:836} INFO - DAG(s) dict_keys(['example_dag_decorator']) retrieved from /home/airflow/.local/lib/python3.7/site-packages/airflow/example_dags/example_dag_decorator.py
[2023-06-28T14:31:48.834+0000] {logging_mixin.py:149} INFO - [2023-06-28T14:31:48.834+0000] {dag.py:2726} INFO - Sync 1 DAGs
[2023-06-28T14:31:48.866+0000] {logging_mixin.py:149} INFO - [2023-06-28T14:31:48.866+0000] {dag.py:3490} INFO - Setting next_dagrun for example_dag_decorator to None, run_after=None
[2023-06-28T14:31:48.899+0000] {processor.py:179} INFO - Processing /home/airflow/.local/lib/python3.7/site-packages/airflow/example_dags/example_dag_decorator.py took 0.267 seconds
[2023-06-28T14:32:19.053+0000] {processor.py:157} INFO - Started process (PID=1877) to work on /home/airflow/.local/lib/python3.7/site-packages/airflow/example_dags/example_dag_decorator.py
[2023-06-28T14:32:19.055+0000] {processor.py:826} INFO - Processing file /home/airflow/.local/lib/python3.7/site-packages/airflow/example_dags/example_dag_decorator.py for tasks to queue
[2023-06-28T14:32:19.056+0000] {logging_mixin.py:149} INFO - [2023-06-28T14:32:19.056+0000] {dagbag.py:541} INFO - Filling up the DagBag from /home/airflow/.local/lib/python3.7/site-packages/airflow/example_dags/example_dag_decorator.py
[2023-06-28T14:32:19.075+0000] {processor.py:836} INFO - DAG(s) dict_keys(['example_dag_decorator']) retrieved from /home/airflow/.local/lib/python3.7/site-packages/airflow/example_dags/example_dag_decorator.py
[2023-06-28T14:32:19.250+0000] {logging_mixin.py:149} INFO - [2023-06-28T14:32:19.250+0000] {dag.py:2726} INFO - Sync 1 DAGs
[2023-06-28T14:32:19.283+0000] {logging_mixin.py:149} INFO - [2023-06-28T14:32:19.283+0000] {dag.py:3490} INFO - Setting next_dagrun for example_dag_decorator to None, run_after=None
[2023-06-28T14:32:19.316+0000] {processor.py:179} INFO - Processing /home/airflow/.local/lib/python3.7/site-packages/airflow/example_dags/example_dag_decorator.py took 0.268 seconds
[2023-06-28T14:32:49.754+0000] {processor.py:157} INFO - Started process (PID=1935) to work on /home/airflow/.local/lib/python3.7/site-packages/airflow/example_dags/example_dag_decorator.py
[2023-06-28T14:32:49.756+0000] {processor.py:826} INFO - Processing file /home/airflow/.local/lib/python3.7/site-packages/airflow/example_dags/example_dag_decorator.py for tasks to queue
[2023-06-28T14:32:49.757+0000] {logging_mixin.py:149} INFO - [2023-06-28T14:32:49.757+0000] {dagbag.py:541} INFO - Filling up the DagBag from /home/airflow/.local/lib/python3.7/site-packages/airflow/example_dags/example_dag_decorator.py
[2023-06-28T14:32:49.776+0000] {processor.py:836} INFO - DAG(s) dict_keys(['example_dag_decorator']) retrieved from /home/airflow/.local/lib/python3.7/site-packages/airflow/example_dags/example_dag_decorator.py
[2023-06-28T14:32:49.953+0000] {logging_mixin.py:149} INFO - [2023-06-28T14:32:49.952+0000] {dag.py:2726} INFO - Sync 1 DAGs
[2023-06-28T14:32:49.983+0000] {logging_mixin.py:149} INFO - [2023-06-28T14:32:49.983+0000] {dag.py:3490} INFO - Setting next_dagrun for example_dag_decorator to None, run_after=None
[2023-06-28T14:32:50.017+0000] {processor.py:179} INFO - Processing /home/airflow/.local/lib/python3.7/site-packages/airflow/example_dags/example_dag_decorator.py took 0.267 seconds
[2023-06-28T14:33:20.137+0000] {processor.py:157} INFO - Started process (PID=1993) to work on /home/airflow/.local/lib/python3.7/site-packages/airflow/example_dags/example_dag_decorator.py
[2023-06-28T14:33:20.138+0000] {processor.py:826} INFO - Processing file /home/airflow/.local/lib/python3.7/site-packages/airflow/example_dags/example_dag_decorator.py for tasks to queue
[2023-06-28T14:33:20.139+0000] {logging_mixin.py:149} INFO - [2023-06-28T14:33:20.139+0000] {dagbag.py:541} INFO - Filling up the DagBag from /home/airflow/.local/lib/python3.7/site-packages/airflow/example_dags/example_dag_decorator.py
[2023-06-28T14:33:20.158+0000] {processor.py:836} INFO - DAG(s) dict_keys(['example_dag_decorator']) retrieved from /home/airflow/.local/lib/python3.7/site-packages/airflow/example_dags/example_dag_decorator.py
[2023-06-28T14:33:20.439+0000] {logging_mixin.py:149} INFO - [2023-06-28T14:33:20.439+0000] {dag.py:2726} INFO - Sync 1 DAGs
[2023-06-28T14:33:20.469+0000] {logging_mixin.py:149} INFO - [2023-06-28T14:33:20.469+0000] {dag.py:3490} INFO - Setting next_dagrun for example_dag_decorator to None, run_after=None
[2023-06-28T14:33:20.503+0000] {processor.py:179} INFO - Processing /home/airflow/.local/lib/python3.7/site-packages/airflow/example_dags/example_dag_decorator.py took 0.370 seconds
[2023-06-28T14:33:50.575+0000] {processor.py:157} INFO - Started process (PID=2052) to work on /home/airflow/.local/lib/python3.7/site-packages/airflow/example_dags/example_dag_decorator.py
[2023-06-28T14:33:50.577+0000] {processor.py:826} INFO - Processing file /home/airflow/.local/lib/python3.7/site-packages/airflow/example_dags/example_dag_decorator.py for tasks to queue
[2023-06-28T14:33:50.578+0000] {logging_mixin.py:149} INFO - [2023-06-28T14:33:50.578+0000] {dagbag.py:541} INFO - Filling up the DagBag from /home/airflow/.local/lib/python3.7/site-packages/airflow/example_dags/example_dag_decorator.py
[2023-06-28T14:33:50.596+0000] {processor.py:836} INFO - DAG(s) dict_keys(['example_dag_decorator']) retrieved from /home/airflow/.local/lib/python3.7/site-packages/airflow/example_dags/example_dag_decorator.py
[2023-06-28T14:33:50.772+0000] {logging_mixin.py:149} INFO - [2023-06-28T14:33:50.772+0000] {dag.py:2726} INFO - Sync 1 DAGs
[2023-06-28T14:33:50.804+0000] {logging_mixin.py:149} INFO - [2023-06-28T14:33:50.804+0000] {dag.py:3490} INFO - Setting next_dagrun for example_dag_decorator to None, run_after=None
[2023-06-28T14:33:50.838+0000] {processor.py:179} INFO - Processing /home/airflow/.local/lib/python3.7/site-packages/airflow/example_dags/example_dag_decorator.py took 0.267 seconds
[2023-06-28T14:34:21.287+0000] {processor.py:157} INFO - Started process (PID=2111) to work on /home/airflow/.local/lib/python3.7/site-packages/airflow/example_dags/example_dag_decorator.py
[2023-06-28T14:34:21.288+0000] {processor.py:826} INFO - Processing file /home/airflow/.local/lib/python3.7/site-packages/airflow/example_dags/example_dag_decorator.py for tasks to queue
[2023-06-28T14:34:21.289+0000] {logging_mixin.py:149} INFO - [2023-06-28T14:34:21.289+0000] {dagbag.py:541} INFO - Filling up the DagBag from /home/airflow/.local/lib/python3.7/site-packages/airflow/example_dags/example_dag_decorator.py
[2023-06-28T14:34:21.307+0000] {processor.py:836} INFO - DAG(s) dict_keys(['example_dag_decorator']) retrieved from /home/airflow/.local/lib/python3.7/site-packages/airflow/example_dags/example_dag_decorator.py
[2023-06-28T14:34:21.516+0000] {logging_mixin.py:149} INFO - [2023-06-28T14:34:21.516+0000] {dag.py:2726} INFO - Sync 1 DAGs
[2023-06-28T14:34:21.575+0000] {logging_mixin.py:149} INFO - [2023-06-28T14:34:21.575+0000] {dag.py:3490} INFO - Setting next_dagrun for example_dag_decorator to None, run_after=None
[2023-06-28T14:34:21.619+0000] {processor.py:179} INFO - Processing /home/airflow/.local/lib/python3.7/site-packages/airflow/example_dags/example_dag_decorator.py took 0.337 seconds
[2023-06-28T14:34:52.192+0000] {processor.py:157} INFO - Started process (PID=2170) to work on /home/airflow/.local/lib/python3.7/site-packages/airflow/example_dags/example_dag_decorator.py
[2023-06-28T14:34:52.194+0000] {processor.py:826} INFO - Processing file /home/airflow/.local/lib/python3.7/site-packages/airflow/example_dags/example_dag_decorator.py for tasks to queue
[2023-06-28T14:34:52.195+0000] {logging_mixin.py:149} INFO - [2023-06-28T14:34:52.195+0000] {dagbag.py:541} INFO - Filling up the DagBag from /home/airflow/.local/lib/python3.7/site-packages/airflow/example_dags/example_dag_decorator.py
[2023-06-28T14:34:52.212+0000] {processor.py:836} INFO - DAG(s) dict_keys(['example_dag_decorator']) retrieved from /home/airflow/.local/lib/python3.7/site-packages/airflow/example_dags/example_dag_decorator.py
[2023-06-28T14:34:52.383+0000] {logging_mixin.py:149} INFO - [2023-06-28T14:34:52.383+0000] {dag.py:2726} INFO - Sync 1 DAGs
[2023-06-28T14:34:52.415+0000] {logging_mixin.py:149} INFO - [2023-06-28T14:34:52.415+0000] {dag.py:3490} INFO - Setting next_dagrun for example_dag_decorator to None, run_after=None
[2023-06-28T14:34:52.461+0000] {processor.py:179} INFO - Processing /home/airflow/.local/lib/python3.7/site-packages/airflow/example_dags/example_dag_decorator.py took 0.273 seconds
[2023-06-28T14:35:22.852+0000] {processor.py:157} INFO - Started process (PID=2229) to work on /home/airflow/.local/lib/python3.7/site-packages/airflow/example_dags/example_dag_decorator.py
[2023-06-28T14:35:22.853+0000] {processor.py:826} INFO - Processing file /home/airflow/.local/lib/python3.7/site-packages/airflow/example_dags/example_dag_decorator.py for tasks to queue
[2023-06-28T14:35:22.855+0000] {logging_mixin.py:149} INFO - [2023-06-28T14:35:22.854+0000] {dagbag.py:541} INFO - Filling up the DagBag from /home/airflow/.local/lib/python3.7/site-packages/airflow/example_dags/example_dag_decorator.py
[2023-06-28T14:35:22.873+0000] {processor.py:836} INFO - DAG(s) dict_keys(['example_dag_decorator']) retrieved from /home/airflow/.local/lib/python3.7/site-packages/airflow/example_dags/example_dag_decorator.py
[2023-06-28T14:35:23.086+0000] {logging_mixin.py:149} INFO - [2023-06-28T14:35:23.086+0000] {dag.py:2726} INFO - Sync 1 DAGs
[2023-06-28T14:35:23.121+0000] {logging_mixin.py:149} INFO - [2023-06-28T14:35:23.121+0000] {dag.py:3490} INFO - Setting next_dagrun for example_dag_decorator to None, run_after=None
[2023-06-28T14:35:23.159+0000] {processor.py:179} INFO - Processing /home/airflow/.local/lib/python3.7/site-packages/airflow/example_dags/example_dag_decorator.py took 0.313 seconds
[2023-06-28T14:35:53.512+0000] {processor.py:157} INFO - Started process (PID=2288) to work on /home/airflow/.local/lib/python3.7/site-packages/airflow/example_dags/example_dag_decorator.py
[2023-06-28T14:35:53.514+0000] {processor.py:826} INFO - Processing file /home/airflow/.local/lib/python3.7/site-packages/airflow/example_dags/example_dag_decorator.py for tasks to queue
[2023-06-28T14:35:53.515+0000] {logging_mixin.py:149} INFO - [2023-06-28T14:35:53.515+0000] {dagbag.py:541} INFO - Filling up the DagBag from /home/airflow/.local/lib/python3.7/site-packages/airflow/example_dags/example_dag_decorator.py
[2023-06-28T14:35:53.539+0000] {processor.py:836} INFO - DAG(s) dict_keys(['example_dag_decorator']) retrieved from /home/airflow/.local/lib/python3.7/site-packages/airflow/example_dags/example_dag_decorator.py
[2023-06-28T14:35:53.759+0000] {logging_mixin.py:149} INFO - [2023-06-28T14:35:53.759+0000] {dag.py:2726} INFO - Sync 1 DAGs
[2023-06-28T14:35:53.796+0000] {logging_mixin.py:149} INFO - [2023-06-28T14:35:53.795+0000] {dag.py:3490} INFO - Setting next_dagrun for example_dag_decorator to None, run_after=None
[2023-06-28T14:35:53.829+0000] {processor.py:179} INFO - Processing /home/airflow/.local/lib/python3.7/site-packages/airflow/example_dags/example_dag_decorator.py took 0.321 seconds
[2023-06-28T14:36:23.888+0000] {processor.py:157} INFO - Started process (PID=2348) to work on /home/airflow/.local/lib/python3.7/site-packages/airflow/example_dags/example_dag_decorator.py
[2023-06-28T14:36:23.890+0000] {processor.py:826} INFO - Processing file /home/airflow/.local/lib/python3.7/site-packages/airflow/example_dags/example_dag_decorator.py for tasks to queue
[2023-06-28T14:36:23.892+0000] {logging_mixin.py:149} INFO - [2023-06-28T14:36:23.891+0000] {dagbag.py:541} INFO - Filling up the DagBag from /home/airflow/.local/lib/python3.7/site-packages/airflow/example_dags/example_dag_decorator.py
[2023-06-28T14:36:23.916+0000] {processor.py:836} INFO - DAG(s) dict_keys(['example_dag_decorator']) retrieved from /home/airflow/.local/lib/python3.7/site-packages/airflow/example_dags/example_dag_decorator.py
[2023-06-28T14:36:24.145+0000] {logging_mixin.py:149} INFO - [2023-06-28T14:36:24.145+0000] {dag.py:2726} INFO - Sync 1 DAGs
[2023-06-28T14:36:24.185+0000] {logging_mixin.py:149} INFO - [2023-06-28T14:36:24.185+0000] {dag.py:3490} INFO - Setting next_dagrun for example_dag_decorator to None, run_after=None
[2023-06-28T14:36:24.223+0000] {processor.py:179} INFO - Processing /home/airflow/.local/lib/python3.7/site-packages/airflow/example_dags/example_dag_decorator.py took 0.340 seconds
[2023-06-28T14:36:54.477+0000] {processor.py:157} INFO - Started process (PID=2407) to work on /home/airflow/.local/lib/python3.7/site-packages/airflow/example_dags/example_dag_decorator.py
[2023-06-28T14:36:54.479+0000] {processor.py:826} INFO - Processing file /home/airflow/.local/lib/python3.7/site-packages/airflow/example_dags/example_dag_decorator.py for tasks to queue
[2023-06-28T14:36:54.480+0000] {logging_mixin.py:149} INFO - [2023-06-28T14:36:54.480+0000] {dagbag.py:541} INFO - Filling up the DagBag from /home/airflow/.local/lib/python3.7/site-packages/airflow/example_dags/example_dag_decorator.py
[2023-06-28T14:36:54.500+0000] {processor.py:836} INFO - DAG(s) dict_keys(['example_dag_decorator']) retrieved from /home/airflow/.local/lib/python3.7/site-packages/airflow/example_dags/example_dag_decorator.py
[2023-06-28T14:36:54.765+0000] {logging_mixin.py:149} INFO - [2023-06-28T14:36:54.765+0000] {dag.py:2726} INFO - Sync 1 DAGs
[2023-06-28T14:36:54.802+0000] {logging_mixin.py:149} INFO - [2023-06-28T14:36:54.802+0000] {dag.py:3490} INFO - Setting next_dagrun for example_dag_decorator to None, run_after=None
[2023-06-28T14:36:54.838+0000] {processor.py:179} INFO - Processing /home/airflow/.local/lib/python3.7/site-packages/airflow/example_dags/example_dag_decorator.py took 0.365 seconds
[2023-06-28T14:37:25.589+0000] {processor.py:157} INFO - Started process (PID=2473) to work on /home/airflow/.local/lib/python3.7/site-packages/airflow/example_dags/example_dag_decorator.py
[2023-06-28T14:37:25.591+0000] {processor.py:826} INFO - Processing file /home/airflow/.local/lib/python3.7/site-packages/airflow/example_dags/example_dag_decorator.py for tasks to queue
[2023-06-28T14:37:25.597+0000] {logging_mixin.py:149} INFO - [2023-06-28T14:37:25.596+0000] {dagbag.py:541} INFO - Filling up the DagBag from /home/airflow/.local/lib/python3.7/site-packages/airflow/example_dags/example_dag_decorator.py
[2023-06-28T14:37:25.637+0000] {processor.py:836} INFO - DAG(s) dict_keys(['example_dag_decorator']) retrieved from /home/airflow/.local/lib/python3.7/site-packages/airflow/example_dags/example_dag_decorator.py
[2023-06-28T14:37:25.898+0000] {logging_mixin.py:149} INFO - [2023-06-28T14:37:25.898+0000] {dag.py:2726} INFO - Sync 1 DAGs
[2023-06-28T14:37:25.930+0000] {logging_mixin.py:149} INFO - [2023-06-28T14:37:25.930+0000] {dag.py:3490} INFO - Setting next_dagrun for example_dag_decorator to None, run_after=None
[2023-06-28T14:37:25.965+0000] {processor.py:179} INFO - Processing /home/airflow/.local/lib/python3.7/site-packages/airflow/example_dags/example_dag_decorator.py took 0.382 seconds
[2023-06-28T14:37:56.893+0000] {processor.py:157} INFO - Started process (PID=2533) to work on /home/airflow/.local/lib/python3.7/site-packages/airflow/example_dags/example_dag_decorator.py
[2023-06-28T14:37:56.897+0000] {processor.py:826} INFO - Processing file /home/airflow/.local/lib/python3.7/site-packages/airflow/example_dags/example_dag_decorator.py for tasks to queue
[2023-06-28T14:37:56.899+0000] {logging_mixin.py:149} INFO - [2023-06-28T14:37:56.898+0000] {dagbag.py:541} INFO - Filling up the DagBag from /home/airflow/.local/lib/python3.7/site-packages/airflow/example_dags/example_dag_decorator.py
[2023-06-28T14:37:56.928+0000] {processor.py:836} INFO - DAG(s) dict_keys(['example_dag_decorator']) retrieved from /home/airflow/.local/lib/python3.7/site-packages/airflow/example_dags/example_dag_decorator.py
[2023-06-28T14:37:57.241+0000] {logging_mixin.py:149} INFO - [2023-06-28T14:37:57.241+0000] {dag.py:2726} INFO - Sync 1 DAGs
[2023-06-28T14:37:57.285+0000] {logging_mixin.py:149} INFO - [2023-06-28T14:37:57.284+0000] {dag.py:3490} INFO - Setting next_dagrun for example_dag_decorator to None, run_after=None
[2023-06-28T14:37:57.323+0000] {processor.py:179} INFO - Processing /home/airflow/.local/lib/python3.7/site-packages/airflow/example_dags/example_dag_decorator.py took 0.435 seconds
[2023-06-28T14:38:27.464+0000] {processor.py:157} INFO - Started process (PID=2592) to work on /home/airflow/.local/lib/python3.7/site-packages/airflow/example_dags/example_dag_decorator.py
[2023-06-28T14:38:27.466+0000] {processor.py:826} INFO - Processing file /home/airflow/.local/lib/python3.7/site-packages/airflow/example_dags/example_dag_decorator.py for tasks to queue
[2023-06-28T14:38:27.468+0000] {logging_mixin.py:149} INFO - [2023-06-28T14:38:27.467+0000] {dagbag.py:541} INFO - Filling up the DagBag from /home/airflow/.local/lib/python3.7/site-packages/airflow/example_dags/example_dag_decorator.py
[2023-06-28T14:38:27.512+0000] {processor.py:836} INFO - DAG(s) dict_keys(['example_dag_decorator']) retrieved from /home/airflow/.local/lib/python3.7/site-packages/airflow/example_dags/example_dag_decorator.py
[2023-06-28T14:38:27.804+0000] {logging_mixin.py:149} INFO - [2023-06-28T14:38:27.803+0000] {dag.py:2726} INFO - Sync 1 DAGs
[2023-06-28T14:38:27.844+0000] {logging_mixin.py:149} INFO - [2023-06-28T14:38:27.843+0000] {dag.py:3490} INFO - Setting next_dagrun for example_dag_decorator to None, run_after=None
[2023-06-28T14:38:27.886+0000] {processor.py:179} INFO - Processing /home/airflow/.local/lib/python3.7/site-packages/airflow/example_dags/example_dag_decorator.py took 0.428 seconds
[2023-06-28T14:38:58.281+0000] {processor.py:157} INFO - Started process (PID=2651) to work on /home/airflow/.local/lib/python3.7/site-packages/airflow/example_dags/example_dag_decorator.py
[2023-06-28T14:38:58.283+0000] {processor.py:826} INFO - Processing file /home/airflow/.local/lib/python3.7/site-packages/airflow/example_dags/example_dag_decorator.py for tasks to queue
[2023-06-28T14:38:58.284+0000] {logging_mixin.py:149} INFO - [2023-06-28T14:38:58.284+0000] {dagbag.py:541} INFO - Filling up the DagBag from /home/airflow/.local/lib/python3.7/site-packages/airflow/example_dags/example_dag_decorator.py
[2023-06-28T14:38:58.307+0000] {processor.py:836} INFO - DAG(s) dict_keys(['example_dag_decorator']) retrieved from /home/airflow/.local/lib/python3.7/site-packages/airflow/example_dags/example_dag_decorator.py
[2023-06-28T14:38:58.606+0000] {logging_mixin.py:149} INFO - [2023-06-28T14:38:58.605+0000] {dag.py:2726} INFO - Sync 1 DAGs
[2023-06-28T14:38:58.653+0000] {logging_mixin.py:149} INFO - [2023-06-28T14:38:58.653+0000] {dag.py:3490} INFO - Setting next_dagrun for example_dag_decorator to None, run_after=None
[2023-06-28T14:38:58.696+0000] {processor.py:179} INFO - Processing /home/airflow/.local/lib/python3.7/site-packages/airflow/example_dags/example_dag_decorator.py took 0.419 seconds
[2023-06-28T14:39:28.897+0000] {processor.py:157} INFO - Started process (PID=2710) to work on /home/airflow/.local/lib/python3.7/site-packages/airflow/example_dags/example_dag_decorator.py
[2023-06-28T14:39:28.899+0000] {processor.py:826} INFO - Processing file /home/airflow/.local/lib/python3.7/site-packages/airflow/example_dags/example_dag_decorator.py for tasks to queue
[2023-06-28T14:39:28.900+0000] {logging_mixin.py:149} INFO - [2023-06-28T14:39:28.900+0000] {dagbag.py:541} INFO - Filling up the DagBag from /home/airflow/.local/lib/python3.7/site-packages/airflow/example_dags/example_dag_decorator.py
[2023-06-28T14:39:28.918+0000] {processor.py:836} INFO - DAG(s) dict_keys(['example_dag_decorator']) retrieved from /home/airflow/.local/lib/python3.7/site-packages/airflow/example_dags/example_dag_decorator.py
[2023-06-28T14:39:29.160+0000] {logging_mixin.py:149} INFO - [2023-06-28T14:39:29.160+0000] {dag.py:2726} INFO - Sync 1 DAGs
[2023-06-28T14:39:29.211+0000] {logging_mixin.py:149} INFO - [2023-06-28T14:39:29.211+0000] {dag.py:3490} INFO - Setting next_dagrun for example_dag_decorator to None, run_after=None
[2023-06-28T14:39:29.274+0000] {processor.py:179} INFO - Processing /home/airflow/.local/lib/python3.7/site-packages/airflow/example_dags/example_dag_decorator.py took 0.381 seconds
[2023-06-28T14:39:59.485+0000] {processor.py:157} INFO - Started process (PID=2770) to work on /home/airflow/.local/lib/python3.7/site-packages/airflow/example_dags/example_dag_decorator.py
[2023-06-28T14:39:59.487+0000] {processor.py:826} INFO - Processing file /home/airflow/.local/lib/python3.7/site-packages/airflow/example_dags/example_dag_decorator.py for tasks to queue
[2023-06-28T14:39:59.489+0000] {logging_mixin.py:149} INFO - [2023-06-28T14:39:59.488+0000] {dagbag.py:541} INFO - Filling up the DagBag from /home/airflow/.local/lib/python3.7/site-packages/airflow/example_dags/example_dag_decorator.py
[2023-06-28T14:39:59.510+0000] {processor.py:836} INFO - DAG(s) dict_keys(['example_dag_decorator']) retrieved from /home/airflow/.local/lib/python3.7/site-packages/airflow/example_dags/example_dag_decorator.py
[2023-06-28T14:39:59.694+0000] {logging_mixin.py:149} INFO - [2023-06-28T14:39:59.693+0000] {dag.py:2726} INFO - Sync 1 DAGs
[2023-06-28T14:39:59.728+0000] {logging_mixin.py:149} INFO - [2023-06-28T14:39:59.728+0000] {dag.py:3490} INFO - Setting next_dagrun for example_dag_decorator to None, run_after=None
[2023-06-28T14:39:59.770+0000] {processor.py:179} INFO - Processing /home/airflow/.local/lib/python3.7/site-packages/airflow/example_dags/example_dag_decorator.py took 0.290 seconds
[2023-06-28T14:40:29.980+0000] {processor.py:157} INFO - Started process (PID=2830) to work on /home/airflow/.local/lib/python3.7/site-packages/airflow/example_dags/example_dag_decorator.py
[2023-06-28T14:40:29.981+0000] {processor.py:826} INFO - Processing file /home/airflow/.local/lib/python3.7/site-packages/airflow/example_dags/example_dag_decorator.py for tasks to queue
[2023-06-28T14:40:29.983+0000] {logging_mixin.py:149} INFO - [2023-06-28T14:40:29.982+0000] {dagbag.py:541} INFO - Filling up the DagBag from /home/airflow/.local/lib/python3.7/site-packages/airflow/example_dags/example_dag_decorator.py
[2023-06-28T14:40:30.001+0000] {processor.py:836} INFO - DAG(s) dict_keys(['example_dag_decorator']) retrieved from /home/airflow/.local/lib/python3.7/site-packages/airflow/example_dags/example_dag_decorator.py
[2023-06-28T14:40:30.205+0000] {logging_mixin.py:149} INFO - [2023-06-28T14:40:30.205+0000] {dag.py:2726} INFO - Sync 1 DAGs
[2023-06-28T14:40:30.278+0000] {logging_mixin.py:149} INFO - [2023-06-28T14:40:30.277+0000] {dag.py:3490} INFO - Setting next_dagrun for example_dag_decorator to None, run_after=None
[2023-06-28T14:40:30.305+0000] {processor.py:179} INFO - Processing /home/airflow/.local/lib/python3.7/site-packages/airflow/example_dags/example_dag_decorator.py took 0.329 seconds
[2023-06-28T14:41:00.394+0000] {processor.py:157} INFO - Started process (PID=2889) to work on /home/airflow/.local/lib/python3.7/site-packages/airflow/example_dags/example_dag_decorator.py
[2023-06-28T14:41:00.395+0000] {processor.py:826} INFO - Processing file /home/airflow/.local/lib/python3.7/site-packages/airflow/example_dags/example_dag_decorator.py for tasks to queue
[2023-06-28T14:41:00.396+0000] {logging_mixin.py:149} INFO - [2023-06-28T14:41:00.396+0000] {dagbag.py:541} INFO - Filling up the DagBag from /home/airflow/.local/lib/python3.7/site-packages/airflow/example_dags/example_dag_decorator.py
[2023-06-28T14:41:00.415+0000] {processor.py:836} INFO - DAG(s) dict_keys(['example_dag_decorator']) retrieved from /home/airflow/.local/lib/python3.7/site-packages/airflow/example_dags/example_dag_decorator.py
[2023-06-28T14:41:00.588+0000] {logging_mixin.py:149} INFO - [2023-06-28T14:41:00.588+0000] {dag.py:2726} INFO - Sync 1 DAGs
[2023-06-28T14:41:00.634+0000] {logging_mixin.py:149} INFO - [2023-06-28T14:41:00.634+0000] {dag.py:3490} INFO - Setting next_dagrun for example_dag_decorator to None, run_after=None
[2023-06-28T14:41:00.672+0000] {processor.py:179} INFO - Processing /home/airflow/.local/lib/python3.7/site-packages/airflow/example_dags/example_dag_decorator.py took 0.283 seconds
[2023-06-28T14:41:30.826+0000] {processor.py:157} INFO - Started process (PID=2949) to work on /home/airflow/.local/lib/python3.7/site-packages/airflow/example_dags/example_dag_decorator.py
[2023-06-28T14:41:30.828+0000] {processor.py:826} INFO - Processing file /home/airflow/.local/lib/python3.7/site-packages/airflow/example_dags/example_dag_decorator.py for tasks to queue
[2023-06-28T14:41:30.829+0000] {logging_mixin.py:149} INFO - [2023-06-28T14:41:30.829+0000] {dagbag.py:541} INFO - Filling up the DagBag from /home/airflow/.local/lib/python3.7/site-packages/airflow/example_dags/example_dag_decorator.py
[2023-06-28T14:41:30.847+0000] {processor.py:836} INFO - DAG(s) dict_keys(['example_dag_decorator']) retrieved from /home/airflow/.local/lib/python3.7/site-packages/airflow/example_dags/example_dag_decorator.py
[2023-06-28T14:41:31.025+0000] {logging_mixin.py:149} INFO - [2023-06-28T14:41:31.024+0000] {dag.py:2726} INFO - Sync 1 DAGs
[2023-06-28T14:41:31.062+0000] {logging_mixin.py:149} INFO - [2023-06-28T14:41:31.062+0000] {dag.py:3490} INFO - Setting next_dagrun for example_dag_decorator to None, run_after=None
[2023-06-28T14:41:31.094+0000] {processor.py:179} INFO - Processing /home/airflow/.local/lib/python3.7/site-packages/airflow/example_dags/example_dag_decorator.py took 0.272 seconds
[2023-06-28T14:42:01.187+0000] {processor.py:157} INFO - Started process (PID=3008) to work on /home/airflow/.local/lib/python3.7/site-packages/airflow/example_dags/example_dag_decorator.py
[2023-06-28T14:42:01.188+0000] {processor.py:826} INFO - Processing file /home/airflow/.local/lib/python3.7/site-packages/airflow/example_dags/example_dag_decorator.py for tasks to queue
[2023-06-28T14:42:01.190+0000] {logging_mixin.py:149} INFO - [2023-06-28T14:42:01.190+0000] {dagbag.py:541} INFO - Filling up the DagBag from /home/airflow/.local/lib/python3.7/site-packages/airflow/example_dags/example_dag_decorator.py
[2023-06-28T14:42:01.208+0000] {processor.py:836} INFO - DAG(s) dict_keys(['example_dag_decorator']) retrieved from /home/airflow/.local/lib/python3.7/site-packages/airflow/example_dags/example_dag_decorator.py
[2023-06-28T14:42:01.375+0000] {logging_mixin.py:149} INFO - [2023-06-28T14:42:01.375+0000] {dag.py:2726} INFO - Sync 1 DAGs
[2023-06-28T14:42:01.406+0000] {logging_mixin.py:149} INFO - [2023-06-28T14:42:01.406+0000] {dag.py:3490} INFO - Setting next_dagrun for example_dag_decorator to None, run_after=None
[2023-06-28T14:42:01.440+0000] {processor.py:179} INFO - Processing /home/airflow/.local/lib/python3.7/site-packages/airflow/example_dags/example_dag_decorator.py took 0.257 seconds
[2023-06-28T14:42:31.726+0000] {processor.py:157} INFO - Started process (PID=3067) to work on /home/airflow/.local/lib/python3.7/site-packages/airflow/example_dags/example_dag_decorator.py
[2023-06-28T14:42:31.727+0000] {processor.py:826} INFO - Processing file /home/airflow/.local/lib/python3.7/site-packages/airflow/example_dags/example_dag_decorator.py for tasks to queue
[2023-06-28T14:42:31.729+0000] {logging_mixin.py:149} INFO - [2023-06-28T14:42:31.728+0000] {dagbag.py:541} INFO - Filling up the DagBag from /home/airflow/.local/lib/python3.7/site-packages/airflow/example_dags/example_dag_decorator.py
[2023-06-28T14:42:31.748+0000] {processor.py:836} INFO - DAG(s) dict_keys(['example_dag_decorator']) retrieved from /home/airflow/.local/lib/python3.7/site-packages/airflow/example_dags/example_dag_decorator.py
[2023-06-28T14:42:32.094+0000] {logging_mixin.py:149} INFO - [2023-06-28T14:42:32.093+0000] {dag.py:2726} INFO - Sync 1 DAGs
[2023-06-28T14:42:32.179+0000] {logging_mixin.py:149} INFO - [2023-06-28T14:42:32.179+0000] {dag.py:3490} INFO - Setting next_dagrun for example_dag_decorator to None, run_after=None
[2023-06-28T14:42:32.217+0000] {processor.py:179} INFO - Processing /home/airflow/.local/lib/python3.7/site-packages/airflow/example_dags/example_dag_decorator.py took 0.497 seconds
[2023-06-28T14:43:02.592+0000] {processor.py:157} INFO - Started process (PID=3127) to work on /home/airflow/.local/lib/python3.7/site-packages/airflow/example_dags/example_dag_decorator.py
[2023-06-28T14:43:02.594+0000] {processor.py:826} INFO - Processing file /home/airflow/.local/lib/python3.7/site-packages/airflow/example_dags/example_dag_decorator.py for tasks to queue
[2023-06-28T14:43:02.595+0000] {logging_mixin.py:149} INFO - [2023-06-28T14:43:02.595+0000] {dagbag.py:541} INFO - Filling up the DagBag from /home/airflow/.local/lib/python3.7/site-packages/airflow/example_dags/example_dag_decorator.py
[2023-06-28T14:43:02.612+0000] {processor.py:836} INFO - DAG(s) dict_keys(['example_dag_decorator']) retrieved from /home/airflow/.local/lib/python3.7/site-packages/airflow/example_dags/example_dag_decorator.py
[2023-06-28T14:43:02.783+0000] {logging_mixin.py:149} INFO - [2023-06-28T14:43:02.783+0000] {dag.py:2726} INFO - Sync 1 DAGs
[2023-06-28T14:43:02.814+0000] {logging_mixin.py:149} INFO - [2023-06-28T14:43:02.813+0000] {dag.py:3490} INFO - Setting next_dagrun for example_dag_decorator to None, run_after=None
[2023-06-28T14:43:02.846+0000] {processor.py:179} INFO - Processing /home/airflow/.local/lib/python3.7/site-packages/airflow/example_dags/example_dag_decorator.py took 0.258 seconds
[2023-06-28T14:43:33.672+0000] {processor.py:157} INFO - Started process (PID=3186) to work on /home/airflow/.local/lib/python3.7/site-packages/airflow/example_dags/example_dag_decorator.py
[2023-06-28T14:43:33.674+0000] {processor.py:826} INFO - Processing file /home/airflow/.local/lib/python3.7/site-packages/airflow/example_dags/example_dag_decorator.py for tasks to queue
[2023-06-28T14:43:33.685+0000] {logging_mixin.py:149} INFO - [2023-06-28T14:43:33.685+0000] {dagbag.py:541} INFO - Filling up the DagBag from /home/airflow/.local/lib/python3.7/site-packages/airflow/example_dags/example_dag_decorator.py
[2023-06-28T14:43:33.770+0000] {processor.py:836} INFO - DAG(s) dict_keys(['example_dag_decorator']) retrieved from /home/airflow/.local/lib/python3.7/site-packages/airflow/example_dags/example_dag_decorator.py
[2023-06-28T14:43:34.356+0000] {logging_mixin.py:149} INFO - [2023-06-28T14:43:34.356+0000] {dag.py:2726} INFO - Sync 1 DAGs
[2023-06-28T14:43:34.464+0000] {logging_mixin.py:149} INFO - [2023-06-28T14:43:34.464+0000] {dag.py:3490} INFO - Setting next_dagrun for example_dag_decorator to None, run_after=None
[2023-06-28T14:43:34.636+0000] {processor.py:179} INFO - Processing /home/airflow/.local/lib/python3.7/site-packages/airflow/example_dags/example_dag_decorator.py took 0.980 seconds
[2023-06-28T14:44:05.495+0000] {processor.py:157} INFO - Started process (PID=3245) to work on /home/airflow/.local/lib/python3.7/site-packages/airflow/example_dags/example_dag_decorator.py
[2023-06-28T14:44:05.497+0000] {processor.py:826} INFO - Processing file /home/airflow/.local/lib/python3.7/site-packages/airflow/example_dags/example_dag_decorator.py for tasks to queue
[2023-06-28T14:44:05.510+0000] {logging_mixin.py:149} INFO - [2023-06-28T14:44:05.510+0000] {dagbag.py:541} INFO - Filling up the DagBag from /home/airflow/.local/lib/python3.7/site-packages/airflow/example_dags/example_dag_decorator.py
[2023-06-28T14:44:05.545+0000] {processor.py:836} INFO - DAG(s) dict_keys(['example_dag_decorator']) retrieved from /home/airflow/.local/lib/python3.7/site-packages/airflow/example_dags/example_dag_decorator.py
[2023-06-28T14:44:05.777+0000] {logging_mixin.py:149} INFO - [2023-06-28T14:44:05.776+0000] {dag.py:2726} INFO - Sync 1 DAGs
[2023-06-28T14:44:05.823+0000] {logging_mixin.py:149} INFO - [2023-06-28T14:44:05.822+0000] {dag.py:3490} INFO - Setting next_dagrun for example_dag_decorator to None, run_after=None
[2023-06-28T14:44:05.871+0000] {processor.py:179} INFO - Processing /home/airflow/.local/lib/python3.7/site-packages/airflow/example_dags/example_dag_decorator.py took 0.385 seconds
[2023-06-28T14:44:35.980+0000] {processor.py:157} INFO - Started process (PID=3304) to work on /home/airflow/.local/lib/python3.7/site-packages/airflow/example_dags/example_dag_decorator.py
[2023-06-28T14:44:35.982+0000] {processor.py:826} INFO - Processing file /home/airflow/.local/lib/python3.7/site-packages/airflow/example_dags/example_dag_decorator.py for tasks to queue
[2023-06-28T14:44:35.984+0000] {logging_mixin.py:149} INFO - [2023-06-28T14:44:35.983+0000] {dagbag.py:541} INFO - Filling up the DagBag from /home/airflow/.local/lib/python3.7/site-packages/airflow/example_dags/example_dag_decorator.py
[2023-06-28T14:44:36.018+0000] {processor.py:836} INFO - DAG(s) dict_keys(['example_dag_decorator']) retrieved from /home/airflow/.local/lib/python3.7/site-packages/airflow/example_dags/example_dag_decorator.py
[2023-06-28T14:44:36.560+0000] {logging_mixin.py:149} INFO - [2023-06-28T14:44:36.560+0000] {dag.py:2726} INFO - Sync 1 DAGs
[2023-06-28T14:44:36.716+0000] {logging_mixin.py:149} INFO - [2023-06-28T14:44:36.713+0000] {dag.py:3490} INFO - Setting next_dagrun for example_dag_decorator to None, run_after=None
[2023-06-28T14:44:36.831+0000] {processor.py:179} INFO - Processing /home/airflow/.local/lib/python3.7/site-packages/airflow/example_dags/example_dag_decorator.py took 0.860 seconds
[2023-06-28T14:45:07.420+0000] {processor.py:157} INFO - Started process (PID=3364) to work on /home/airflow/.local/lib/python3.7/site-packages/airflow/example_dags/example_dag_decorator.py
[2023-06-28T14:45:07.421+0000] {processor.py:826} INFO - Processing file /home/airflow/.local/lib/python3.7/site-packages/airflow/example_dags/example_dag_decorator.py for tasks to queue
[2023-06-28T14:45:07.423+0000] {logging_mixin.py:149} INFO - [2023-06-28T14:45:07.423+0000] {dagbag.py:541} INFO - Filling up the DagBag from /home/airflow/.local/lib/python3.7/site-packages/airflow/example_dags/example_dag_decorator.py
[2023-06-28T14:45:07.445+0000] {processor.py:836} INFO - DAG(s) dict_keys(['example_dag_decorator']) retrieved from /home/airflow/.local/lib/python3.7/site-packages/airflow/example_dags/example_dag_decorator.py
[2023-06-28T14:45:07.723+0000] {logging_mixin.py:149} INFO - [2023-06-28T14:45:07.720+0000] {dag.py:2726} INFO - Sync 1 DAGs
[2023-06-28T14:45:07.755+0000] {logging_mixin.py:149} INFO - [2023-06-28T14:45:07.754+0000] {dag.py:3490} INFO - Setting next_dagrun for example_dag_decorator to None, run_after=None
[2023-06-28T14:45:07.817+0000] {processor.py:179} INFO - Processing /home/airflow/.local/lib/python3.7/site-packages/airflow/example_dags/example_dag_decorator.py took 0.400 seconds
[2023-06-28T14:45:38.133+0000] {processor.py:157} INFO - Started process (PID=3425) to work on /home/airflow/.local/lib/python3.7/site-packages/airflow/example_dags/example_dag_decorator.py
[2023-06-28T14:45:38.135+0000] {processor.py:826} INFO - Processing file /home/airflow/.local/lib/python3.7/site-packages/airflow/example_dags/example_dag_decorator.py for tasks to queue
[2023-06-28T14:45:38.137+0000] {logging_mixin.py:149} INFO - [2023-06-28T14:45:38.136+0000] {dagbag.py:541} INFO - Filling up the DagBag from /home/airflow/.local/lib/python3.7/site-packages/airflow/example_dags/example_dag_decorator.py
[2023-06-28T14:45:38.163+0000] {processor.py:836} INFO - DAG(s) dict_keys(['example_dag_decorator']) retrieved from /home/airflow/.local/lib/python3.7/site-packages/airflow/example_dags/example_dag_decorator.py
[2023-06-28T14:45:38.403+0000] {logging_mixin.py:149} INFO - [2023-06-28T14:45:38.403+0000] {dag.py:2726} INFO - Sync 1 DAGs
[2023-06-28T14:45:38.440+0000] {logging_mixin.py:149} INFO - [2023-06-28T14:45:38.439+0000] {dag.py:3490} INFO - Setting next_dagrun for example_dag_decorator to None, run_after=None
[2023-06-28T14:45:38.477+0000] {processor.py:179} INFO - Processing /home/airflow/.local/lib/python3.7/site-packages/airflow/example_dags/example_dag_decorator.py took 0.350 seconds
[2023-06-28T14:46:08.816+0000] {processor.py:157} INFO - Started process (PID=3484) to work on /home/airflow/.local/lib/python3.7/site-packages/airflow/example_dags/example_dag_decorator.py
[2023-06-28T14:46:08.817+0000] {processor.py:826} INFO - Processing file /home/airflow/.local/lib/python3.7/site-packages/airflow/example_dags/example_dag_decorator.py for tasks to queue
[2023-06-28T14:46:08.819+0000] {logging_mixin.py:149} INFO - [2023-06-28T14:46:08.819+0000] {dagbag.py:541} INFO - Filling up the DagBag from /home/airflow/.local/lib/python3.7/site-packages/airflow/example_dags/example_dag_decorator.py
[2023-06-28T14:46:08.851+0000] {processor.py:836} INFO - DAG(s) dict_keys(['example_dag_decorator']) retrieved from /home/airflow/.local/lib/python3.7/site-packages/airflow/example_dags/example_dag_decorator.py
[2023-06-28T14:46:09.243+0000] {logging_mixin.py:149} INFO - [2023-06-28T14:46:09.243+0000] {dag.py:2726} INFO - Sync 1 DAGs
[2023-06-28T14:46:09.294+0000] {logging_mixin.py:149} INFO - [2023-06-28T14:46:09.294+0000] {dag.py:3490} INFO - Setting next_dagrun for example_dag_decorator to None, run_after=None
[2023-06-28T14:46:09.343+0000] {processor.py:179} INFO - Processing /home/airflow/.local/lib/python3.7/site-packages/airflow/example_dags/example_dag_decorator.py took 0.534 seconds
[2023-06-28T14:46:39.415+0000] {processor.py:157} INFO - Started process (PID=3543) to work on /home/airflow/.local/lib/python3.7/site-packages/airflow/example_dags/example_dag_decorator.py
[2023-06-28T14:46:39.419+0000] {processor.py:826} INFO - Processing file /home/airflow/.local/lib/python3.7/site-packages/airflow/example_dags/example_dag_decorator.py for tasks to queue
[2023-06-28T14:46:39.422+0000] {logging_mixin.py:149} INFO - [2023-06-28T14:46:39.421+0000] {dagbag.py:541} INFO - Filling up the DagBag from /home/airflow/.local/lib/python3.7/site-packages/airflow/example_dags/example_dag_decorator.py
[2023-06-28T14:46:39.486+0000] {processor.py:836} INFO - DAG(s) dict_keys(['example_dag_decorator']) retrieved from /home/airflow/.local/lib/python3.7/site-packages/airflow/example_dags/example_dag_decorator.py
[2023-06-28T14:46:39.975+0000] {logging_mixin.py:149} INFO - [2023-06-28T14:46:39.975+0000] {dag.py:2726} INFO - Sync 1 DAGs
[2023-06-28T14:46:40.023+0000] {logging_mixin.py:149} INFO - [2023-06-28T14:46:40.023+0000] {dag.py:3490} INFO - Setting next_dagrun for example_dag_decorator to None, run_after=None
[2023-06-28T14:46:40.079+0000] {processor.py:179} INFO - Processing /home/airflow/.local/lib/python3.7/site-packages/airflow/example_dags/example_dag_decorator.py took 0.672 seconds
[2023-06-28T14:47:10.295+0000] {processor.py:157} INFO - Started process (PID=3603) to work on /home/airflow/.local/lib/python3.7/site-packages/airflow/example_dags/example_dag_decorator.py
[2023-06-28T14:47:10.304+0000] {processor.py:826} INFO - Processing file /home/airflow/.local/lib/python3.7/site-packages/airflow/example_dags/example_dag_decorator.py for tasks to queue
[2023-06-28T14:47:10.306+0000] {logging_mixin.py:149} INFO - [2023-06-28T14:47:10.306+0000] {dagbag.py:541} INFO - Filling up the DagBag from /home/airflow/.local/lib/python3.7/site-packages/airflow/example_dags/example_dag_decorator.py
[2023-06-28T14:47:10.350+0000] {processor.py:836} INFO - DAG(s) dict_keys(['example_dag_decorator']) retrieved from /home/airflow/.local/lib/python3.7/site-packages/airflow/example_dags/example_dag_decorator.py
[2023-06-28T14:47:10.758+0000] {logging_mixin.py:149} INFO - [2023-06-28T14:47:10.758+0000] {dag.py:2726} INFO - Sync 1 DAGs
[2023-06-28T14:47:10.795+0000] {logging_mixin.py:149} INFO - [2023-06-28T14:47:10.794+0000] {dag.py:3490} INFO - Setting next_dagrun for example_dag_decorator to None, run_after=None
[2023-06-28T14:47:10.835+0000] {processor.py:179} INFO - Processing /home/airflow/.local/lib/python3.7/site-packages/airflow/example_dags/example_dag_decorator.py took 0.548 seconds
[2023-06-28T14:47:41.747+0000] {processor.py:157} INFO - Started process (PID=3662) to work on /home/airflow/.local/lib/python3.7/site-packages/airflow/example_dags/example_dag_decorator.py
[2023-06-28T14:47:41.750+0000] {processor.py:826} INFO - Processing file /home/airflow/.local/lib/python3.7/site-packages/airflow/example_dags/example_dag_decorator.py for tasks to queue
[2023-06-28T14:47:41.761+0000] {logging_mixin.py:149} INFO - [2023-06-28T14:47:41.752+0000] {dagbag.py:541} INFO - Filling up the DagBag from /home/airflow/.local/lib/python3.7/site-packages/airflow/example_dags/example_dag_decorator.py
[2023-06-28T14:47:41.807+0000] {processor.py:836} INFO - DAG(s) dict_keys(['example_dag_decorator']) retrieved from /home/airflow/.local/lib/python3.7/site-packages/airflow/example_dags/example_dag_decorator.py
[2023-06-28T14:47:42.557+0000] {logging_mixin.py:149} INFO - [2023-06-28T14:47:42.557+0000] {dag.py:2726} INFO - Sync 1 DAGs
[2023-06-28T14:47:42.671+0000] {logging_mixin.py:149} INFO - [2023-06-28T14:47:42.671+0000] {dag.py:3490} INFO - Setting next_dagrun for example_dag_decorator to None, run_after=None
[2023-06-28T14:47:42.735+0000] {processor.py:179} INFO - Processing /home/airflow/.local/lib/python3.7/site-packages/airflow/example_dags/example_dag_decorator.py took 1.000 seconds
[2023-06-28T14:48:12.944+0000] {processor.py:157} INFO - Started process (PID=3723) to work on /home/airflow/.local/lib/python3.7/site-packages/airflow/example_dags/example_dag_decorator.py
[2023-06-28T14:48:12.945+0000] {processor.py:826} INFO - Processing file /home/airflow/.local/lib/python3.7/site-packages/airflow/example_dags/example_dag_decorator.py for tasks to queue
[2023-06-28T14:48:12.947+0000] {logging_mixin.py:149} INFO - [2023-06-28T14:48:12.947+0000] {dagbag.py:541} INFO - Filling up the DagBag from /home/airflow/.local/lib/python3.7/site-packages/airflow/example_dags/example_dag_decorator.py
[2023-06-28T14:48:12.970+0000] {processor.py:836} INFO - DAG(s) dict_keys(['example_dag_decorator']) retrieved from /home/airflow/.local/lib/python3.7/site-packages/airflow/example_dags/example_dag_decorator.py
[2023-06-28T14:48:13.192+0000] {logging_mixin.py:149} INFO - [2023-06-28T14:48:13.192+0000] {dag.py:2726} INFO - Sync 1 DAGs
[2023-06-28T14:48:13.235+0000] {logging_mixin.py:149} INFO - [2023-06-28T14:48:13.234+0000] {dag.py:3490} INFO - Setting next_dagrun for example_dag_decorator to None, run_after=None
[2023-06-28T14:48:13.272+0000] {processor.py:179} INFO - Processing /home/airflow/.local/lib/python3.7/site-packages/airflow/example_dags/example_dag_decorator.py took 0.334 seconds
