[2023-06-28T14:16:28.647+0000] {processor.py:157} INFO - Started process (PID=50) to work on /home/airflow/.local/lib/python3.7/site-packages/airflow/example_dags/example_task_group.py
[2023-06-28T14:16:28.657+0000] {processor.py:826} INFO - Processing file /home/airflow/.local/lib/python3.7/site-packages/airflow/example_dags/example_task_group.py for tasks to queue
[2023-06-28T14:16:28.659+0000] {logging_mixin.py:149} INFO - [2023-06-28T14:16:28.659+0000] {dagbag.py:541} INFO - Filling up the DagBag from /home/airflow/.local/lib/python3.7/site-packages/airflow/example_dags/example_task_group.py
[2023-06-28T14:16:28.996+0000] {processor.py:836} INFO - DAG(s) dict_keys(['example_task_group']) retrieved from /home/airflow/.local/lib/python3.7/site-packages/airflow/example_dags/example_task_group.py
[2023-06-28T14:16:29.356+0000] {logging_mixin.py:149} INFO - [2023-06-28T14:16:29.356+0000] {dag.py:2726} INFO - Sync 1 DAGs
[2023-06-28T14:16:29.570+0000] {logging_mixin.py:149} INFO - [2023-06-28T14:16:29.570+0000] {dag.py:3490} INFO - Setting next_dagrun for example_task_group to 2023-06-27T14:16:29.569281+00:00, run_after=2023-06-28T14:16:29.569281+00:00
[2023-06-28T14:16:29.690+0000] {processor.py:179} INFO - Processing /home/airflow/.local/lib/python3.7/site-packages/airflow/example_dags/example_task_group.py took 1.154 seconds
[2023-06-28T14:17:01.367+0000] {processor.py:157} INFO - Started process (PID=109) to work on /home/airflow/.local/lib/python3.7/site-packages/airflow/example_dags/example_task_group.py
[2023-06-28T14:17:01.384+0000] {processor.py:826} INFO - Processing file /home/airflow/.local/lib/python3.7/site-packages/airflow/example_dags/example_task_group.py for tasks to queue
[2023-06-28T14:17:01.388+0000] {logging_mixin.py:149} INFO - [2023-06-28T14:17:01.387+0000] {dagbag.py:541} INFO - Filling up the DagBag from /home/airflow/.local/lib/python3.7/site-packages/airflow/example_dags/example_task_group.py
[2023-06-28T14:17:01.460+0000] {processor.py:836} INFO - DAG(s) dict_keys(['example_task_group']) retrieved from /home/airflow/.local/lib/python3.7/site-packages/airflow/example_dags/example_task_group.py
[2023-06-28T14:17:01.588+0000] {logging_mixin.py:149} INFO - [2023-06-28T14:17:01.587+0000] {dag.py:2726} INFO - Sync 1 DAGs
[2023-06-28T14:17:01.861+0000] {logging_mixin.py:149} INFO - [2023-06-28T14:17:01.860+0000] {dag.py:3490} INFO - Setting next_dagrun for example_task_group to 2023-06-27T14:17:01.860379+00:00, run_after=2023-06-28T14:17:01.860379+00:00
[2023-06-28T14:17:02.263+0000] {processor.py:179} INFO - Processing /home/airflow/.local/lib/python3.7/site-packages/airflow/example_dags/example_task_group.py took 0.928 seconds
[2023-06-28T14:17:32.893+0000] {processor.py:157} INFO - Started process (PID=166) to work on /home/airflow/.local/lib/python3.7/site-packages/airflow/example_dags/example_task_group.py
[2023-06-28T14:17:32.895+0000] {processor.py:826} INFO - Processing file /home/airflow/.local/lib/python3.7/site-packages/airflow/example_dags/example_task_group.py for tasks to queue
[2023-06-28T14:17:32.896+0000] {logging_mixin.py:149} INFO - [2023-06-28T14:17:32.896+0000] {dagbag.py:541} INFO - Filling up the DagBag from /home/airflow/.local/lib/python3.7/site-packages/airflow/example_dags/example_task_group.py
[2023-06-28T14:17:32.912+0000] {processor.py:836} INFO - DAG(s) dict_keys(['example_task_group']) retrieved from /home/airflow/.local/lib/python3.7/site-packages/airflow/example_dags/example_task_group.py
[2023-06-28T14:17:32.936+0000] {logging_mixin.py:149} INFO - [2023-06-28T14:17:32.935+0000] {dag.py:2726} INFO - Sync 1 DAGs
[2023-06-28T14:17:32.990+0000] {logging_mixin.py:149} INFO - [2023-06-28T14:17:32.990+0000] {dag.py:3490} INFO - Setting next_dagrun for example_task_group to 2023-06-27T14:17:32.990048+00:00, run_after=2023-06-28T14:17:32.990048+00:00
[2023-06-28T14:17:33.080+0000] {processor.py:179} INFO - Processing /home/airflow/.local/lib/python3.7/site-packages/airflow/example_dags/example_task_group.py took 0.191 seconds
[2023-06-28T14:18:03.441+0000] {processor.py:157} INFO - Started process (PID=225) to work on /home/airflow/.local/lib/python3.7/site-packages/airflow/example_dags/example_task_group.py
[2023-06-28T14:18:03.444+0000] {processor.py:826} INFO - Processing file /home/airflow/.local/lib/python3.7/site-packages/airflow/example_dags/example_task_group.py for tasks to queue
[2023-06-28T14:18:03.445+0000] {logging_mixin.py:149} INFO - [2023-06-28T14:18:03.445+0000] {dagbag.py:541} INFO - Filling up the DagBag from /home/airflow/.local/lib/python3.7/site-packages/airflow/example_dags/example_task_group.py
[2023-06-28T14:18:03.455+0000] {processor.py:836} INFO - DAG(s) dict_keys(['example_task_group']) retrieved from /home/airflow/.local/lib/python3.7/site-packages/airflow/example_dags/example_task_group.py
[2023-06-28T14:18:03.492+0000] {logging_mixin.py:149} INFO - [2023-06-28T14:18:03.491+0000] {dag.py:2726} INFO - Sync 1 DAGs
[2023-06-28T14:18:03.548+0000] {logging_mixin.py:149} INFO - [2023-06-28T14:18:03.548+0000] {dag.py:3490} INFO - Setting next_dagrun for example_task_group to 2023-06-27T14:18:03.548056+00:00, run_after=2023-06-28T14:18:03.548056+00:00
[2023-06-28T14:18:03.591+0000] {processor.py:179} INFO - Processing /home/airflow/.local/lib/python3.7/site-packages/airflow/example_dags/example_task_group.py took 0.153 seconds
[2023-06-28T14:18:33.897+0000] {processor.py:157} INFO - Started process (PID=284) to work on /home/airflow/.local/lib/python3.7/site-packages/airflow/example_dags/example_task_group.py
[2023-06-28T14:18:33.899+0000] {processor.py:826} INFO - Processing file /home/airflow/.local/lib/python3.7/site-packages/airflow/example_dags/example_task_group.py for tasks to queue
[2023-06-28T14:18:33.900+0000] {logging_mixin.py:149} INFO - [2023-06-28T14:18:33.900+0000] {dagbag.py:541} INFO - Filling up the DagBag from /home/airflow/.local/lib/python3.7/site-packages/airflow/example_dags/example_task_group.py
[2023-06-28T14:18:33.911+0000] {processor.py:836} INFO - DAG(s) dict_keys(['example_task_group']) retrieved from /home/airflow/.local/lib/python3.7/site-packages/airflow/example_dags/example_task_group.py
[2023-06-28T14:18:33.952+0000] {logging_mixin.py:149} INFO - [2023-06-28T14:18:33.952+0000] {dag.py:2726} INFO - Sync 1 DAGs
[2023-06-28T14:18:33.996+0000] {logging_mixin.py:149} INFO - [2023-06-28T14:18:33.996+0000] {dag.py:3490} INFO - Setting next_dagrun for example_task_group to 2023-06-27T14:18:33.996003+00:00, run_after=2023-06-28T14:18:33.996003+00:00
[2023-06-28T14:18:34.028+0000] {processor.py:179} INFO - Processing /home/airflow/.local/lib/python3.7/site-packages/airflow/example_dags/example_task_group.py took 0.135 seconds
[2023-06-28T14:19:04.317+0000] {processor.py:157} INFO - Started process (PID=342) to work on /home/airflow/.local/lib/python3.7/site-packages/airflow/example_dags/example_task_group.py
[2023-06-28T14:19:04.318+0000] {processor.py:826} INFO - Processing file /home/airflow/.local/lib/python3.7/site-packages/airflow/example_dags/example_task_group.py for tasks to queue
[2023-06-28T14:19:04.320+0000] {logging_mixin.py:149} INFO - [2023-06-28T14:19:04.319+0000] {dagbag.py:541} INFO - Filling up the DagBag from /home/airflow/.local/lib/python3.7/site-packages/airflow/example_dags/example_task_group.py
[2023-06-28T14:19:04.330+0000] {processor.py:836} INFO - DAG(s) dict_keys(['example_task_group']) retrieved from /home/airflow/.local/lib/python3.7/site-packages/airflow/example_dags/example_task_group.py
[2023-06-28T14:19:04.363+0000] {logging_mixin.py:149} INFO - [2023-06-28T14:19:04.363+0000] {dag.py:2726} INFO - Sync 1 DAGs
[2023-06-28T14:19:04.402+0000] {logging_mixin.py:149} INFO - [2023-06-28T14:19:04.402+0000] {dag.py:3490} INFO - Setting next_dagrun for example_task_group to 2023-06-27T14:19:04.401863+00:00, run_after=2023-06-28T14:19:04.401863+00:00
[2023-06-28T14:19:04.440+0000] {processor.py:179} INFO - Processing /home/airflow/.local/lib/python3.7/site-packages/airflow/example_dags/example_task_group.py took 0.127 seconds
[2023-06-28T14:19:34.815+0000] {processor.py:157} INFO - Started process (PID=401) to work on /home/airflow/.local/lib/python3.7/site-packages/airflow/example_dags/example_task_group.py
[2023-06-28T14:19:34.819+0000] {processor.py:826} INFO - Processing file /home/airflow/.local/lib/python3.7/site-packages/airflow/example_dags/example_task_group.py for tasks to queue
[2023-06-28T14:19:34.822+0000] {logging_mixin.py:149} INFO - [2023-06-28T14:19:34.821+0000] {dagbag.py:541} INFO - Filling up the DagBag from /home/airflow/.local/lib/python3.7/site-packages/airflow/example_dags/example_task_group.py
[2023-06-28T14:19:34.838+0000] {processor.py:836} INFO - DAG(s) dict_keys(['example_task_group']) retrieved from /home/airflow/.local/lib/python3.7/site-packages/airflow/example_dags/example_task_group.py
[2023-06-28T14:19:34.878+0000] {logging_mixin.py:149} INFO - [2023-06-28T14:19:34.878+0000] {dag.py:2726} INFO - Sync 1 DAGs
[2023-06-28T14:19:34.917+0000] {logging_mixin.py:149} INFO - [2023-06-28T14:19:34.916+0000] {dag.py:3490} INFO - Setting next_dagrun for example_task_group to 2023-06-27T14:19:34.916582+00:00, run_after=2023-06-28T14:19:34.916582+00:00
[2023-06-28T14:19:34.954+0000] {processor.py:179} INFO - Processing /home/airflow/.local/lib/python3.7/site-packages/airflow/example_dags/example_task_group.py took 0.147 seconds
[2023-06-28T14:20:05.098+0000] {processor.py:157} INFO - Started process (PID=460) to work on /home/airflow/.local/lib/python3.7/site-packages/airflow/example_dags/example_task_group.py
[2023-06-28T14:20:05.100+0000] {processor.py:826} INFO - Processing file /home/airflow/.local/lib/python3.7/site-packages/airflow/example_dags/example_task_group.py for tasks to queue
[2023-06-28T14:20:05.102+0000] {logging_mixin.py:149} INFO - [2023-06-28T14:20:05.101+0000] {dagbag.py:541} INFO - Filling up the DagBag from /home/airflow/.local/lib/python3.7/site-packages/airflow/example_dags/example_task_group.py
[2023-06-28T14:20:05.116+0000] {processor.py:836} INFO - DAG(s) dict_keys(['example_task_group']) retrieved from /home/airflow/.local/lib/python3.7/site-packages/airflow/example_dags/example_task_group.py
[2023-06-28T14:20:05.189+0000] {logging_mixin.py:149} INFO - [2023-06-28T14:20:05.188+0000] {dag.py:2726} INFO - Sync 1 DAGs
[2023-06-28T14:20:05.333+0000] {logging_mixin.py:149} INFO - [2023-06-28T14:20:05.332+0000] {dag.py:3490} INFO - Setting next_dagrun for example_task_group to 2023-06-27T14:20:05.332564+00:00, run_after=2023-06-28T14:20:05.332564+00:00
[2023-06-28T14:20:05.446+0000] {processor.py:179} INFO - Processing /home/airflow/.local/lib/python3.7/site-packages/airflow/example_dags/example_task_group.py took 0.353 seconds
[2023-06-28T14:20:35.681+0000] {processor.py:157} INFO - Started process (PID=519) to work on /home/airflow/.local/lib/python3.7/site-packages/airflow/example_dags/example_task_group.py
[2023-06-28T14:20:35.682+0000] {processor.py:826} INFO - Processing file /home/airflow/.local/lib/python3.7/site-packages/airflow/example_dags/example_task_group.py for tasks to queue
[2023-06-28T14:20:35.683+0000] {logging_mixin.py:149} INFO - [2023-06-28T14:20:35.683+0000] {dagbag.py:541} INFO - Filling up the DagBag from /home/airflow/.local/lib/python3.7/site-packages/airflow/example_dags/example_task_group.py
[2023-06-28T14:20:35.693+0000] {processor.py:836} INFO - DAG(s) dict_keys(['example_task_group']) retrieved from /home/airflow/.local/lib/python3.7/site-packages/airflow/example_dags/example_task_group.py
[2023-06-28T14:20:35.725+0000] {logging_mixin.py:149} INFO - [2023-06-28T14:20:35.725+0000] {dag.py:2726} INFO - Sync 1 DAGs
[2023-06-28T14:20:35.761+0000] {logging_mixin.py:149} INFO - [2023-06-28T14:20:35.760+0000] {dag.py:3490} INFO - Setting next_dagrun for example_task_group to 2023-06-27T14:20:35.760667+00:00, run_after=2023-06-28T14:20:35.760667+00:00
[2023-06-28T14:20:35.789+0000] {processor.py:179} INFO - Processing /home/airflow/.local/lib/python3.7/site-packages/airflow/example_dags/example_task_group.py took 0.112 seconds
[2023-06-28T14:21:06.087+0000] {processor.py:157} INFO - Started process (PID=578) to work on /home/airflow/.local/lib/python3.7/site-packages/airflow/example_dags/example_task_group.py
[2023-06-28T14:21:06.088+0000] {processor.py:826} INFO - Processing file /home/airflow/.local/lib/python3.7/site-packages/airflow/example_dags/example_task_group.py for tasks to queue
[2023-06-28T14:21:06.090+0000] {logging_mixin.py:149} INFO - [2023-06-28T14:21:06.089+0000] {dagbag.py:541} INFO - Filling up the DagBag from /home/airflow/.local/lib/python3.7/site-packages/airflow/example_dags/example_task_group.py
[2023-06-28T14:21:06.100+0000] {processor.py:836} INFO - DAG(s) dict_keys(['example_task_group']) retrieved from /home/airflow/.local/lib/python3.7/site-packages/airflow/example_dags/example_task_group.py
[2023-06-28T14:21:06.132+0000] {logging_mixin.py:149} INFO - [2023-06-28T14:21:06.132+0000] {dag.py:2726} INFO - Sync 1 DAGs
[2023-06-28T14:21:06.166+0000] {logging_mixin.py:149} INFO - [2023-06-28T14:21:06.165+0000] {dag.py:3490} INFO - Setting next_dagrun for example_task_group to 2023-06-27T14:21:06.165708+00:00, run_after=2023-06-28T14:21:06.165708+00:00
[2023-06-28T14:21:06.195+0000] {processor.py:179} INFO - Processing /home/airflow/.local/lib/python3.7/site-packages/airflow/example_dags/example_task_group.py took 0.111 seconds
[2023-06-28T14:21:36.264+0000] {processor.py:157} INFO - Started process (PID=638) to work on /home/airflow/.local/lib/python3.7/site-packages/airflow/example_dags/example_task_group.py
[2023-06-28T14:21:36.266+0000] {processor.py:826} INFO - Processing file /home/airflow/.local/lib/python3.7/site-packages/airflow/example_dags/example_task_group.py for tasks to queue
[2023-06-28T14:21:36.268+0000] {logging_mixin.py:149} INFO - [2023-06-28T14:21:36.267+0000] {dagbag.py:541} INFO - Filling up the DagBag from /home/airflow/.local/lib/python3.7/site-packages/airflow/example_dags/example_task_group.py
[2023-06-28T14:21:36.282+0000] {processor.py:836} INFO - DAG(s) dict_keys(['example_task_group']) retrieved from /home/airflow/.local/lib/python3.7/site-packages/airflow/example_dags/example_task_group.py
[2023-06-28T14:21:36.327+0000] {logging_mixin.py:149} INFO - [2023-06-28T14:21:36.326+0000] {dag.py:2726} INFO - Sync 1 DAGs
[2023-06-28T14:21:36.373+0000] {logging_mixin.py:149} INFO - [2023-06-28T14:21:36.373+0000] {dag.py:3490} INFO - Setting next_dagrun for example_task_group to 2023-06-27T14:21:36.373165+00:00, run_after=2023-06-28T14:21:36.373165+00:00
[2023-06-28T14:21:36.428+0000] {processor.py:179} INFO - Processing /home/airflow/.local/lib/python3.7/site-packages/airflow/example_dags/example_task_group.py took 0.169 seconds
[2023-06-28T14:22:06.856+0000] {processor.py:157} INFO - Started process (PID=698) to work on /home/airflow/.local/lib/python3.7/site-packages/airflow/example_dags/example_task_group.py
[2023-06-28T14:22:06.857+0000] {processor.py:826} INFO - Processing file /home/airflow/.local/lib/python3.7/site-packages/airflow/example_dags/example_task_group.py for tasks to queue
[2023-06-28T14:22:06.858+0000] {logging_mixin.py:149} INFO - [2023-06-28T14:22:06.858+0000] {dagbag.py:541} INFO - Filling up the DagBag from /home/airflow/.local/lib/python3.7/site-packages/airflow/example_dags/example_task_group.py
[2023-06-28T14:22:06.868+0000] {processor.py:836} INFO - DAG(s) dict_keys(['example_task_group']) retrieved from /home/airflow/.local/lib/python3.7/site-packages/airflow/example_dags/example_task_group.py
[2023-06-28T14:22:06.905+0000] {logging_mixin.py:149} INFO - [2023-06-28T14:22:06.905+0000] {dag.py:2726} INFO - Sync 1 DAGs
[2023-06-28T14:22:06.946+0000] {logging_mixin.py:149} INFO - [2023-06-28T14:22:06.946+0000] {dag.py:3490} INFO - Setting next_dagrun for example_task_group to 2023-06-27T14:22:06.945635+00:00, run_after=2023-06-28T14:22:06.945635+00:00
[2023-06-28T14:22:06.982+0000] {processor.py:179} INFO - Processing /home/airflow/.local/lib/python3.7/site-packages/airflow/example_dags/example_task_group.py took 0.130 seconds
[2023-06-28T14:22:37.175+0000] {processor.py:157} INFO - Started process (PID=756) to work on /home/airflow/.local/lib/python3.7/site-packages/airflow/example_dags/example_task_group.py
[2023-06-28T14:22:37.177+0000] {processor.py:826} INFO - Processing file /home/airflow/.local/lib/python3.7/site-packages/airflow/example_dags/example_task_group.py for tasks to queue
[2023-06-28T14:22:37.178+0000] {logging_mixin.py:149} INFO - [2023-06-28T14:22:37.178+0000] {dagbag.py:541} INFO - Filling up the DagBag from /home/airflow/.local/lib/python3.7/site-packages/airflow/example_dags/example_task_group.py
[2023-06-28T14:22:37.188+0000] {processor.py:836} INFO - DAG(s) dict_keys(['example_task_group']) retrieved from /home/airflow/.local/lib/python3.7/site-packages/airflow/example_dags/example_task_group.py
[2023-06-28T14:22:37.221+0000] {logging_mixin.py:149} INFO - [2023-06-28T14:22:37.221+0000] {dag.py:2726} INFO - Sync 1 DAGs
[2023-06-28T14:22:37.255+0000] {logging_mixin.py:149} INFO - [2023-06-28T14:22:37.255+0000] {dag.py:3490} INFO - Setting next_dagrun for example_task_group to 2023-06-27T14:22:37.254779+00:00, run_after=2023-06-28T14:22:37.254779+00:00
[2023-06-28T14:22:37.288+0000] {processor.py:179} INFO - Processing /home/airflow/.local/lib/python3.7/site-packages/airflow/example_dags/example_task_group.py took 0.117 seconds
[2023-06-28T14:23:07.366+0000] {processor.py:157} INFO - Started process (PID=815) to work on /home/airflow/.local/lib/python3.7/site-packages/airflow/example_dags/example_task_group.py
[2023-06-28T14:23:07.368+0000] {processor.py:826} INFO - Processing file /home/airflow/.local/lib/python3.7/site-packages/airflow/example_dags/example_task_group.py for tasks to queue
[2023-06-28T14:23:07.369+0000] {logging_mixin.py:149} INFO - [2023-06-28T14:23:07.369+0000] {dagbag.py:541} INFO - Filling up the DagBag from /home/airflow/.local/lib/python3.7/site-packages/airflow/example_dags/example_task_group.py
[2023-06-28T14:23:07.379+0000] {processor.py:836} INFO - DAG(s) dict_keys(['example_task_group']) retrieved from /home/airflow/.local/lib/python3.7/site-packages/airflow/example_dags/example_task_group.py
[2023-06-28T14:23:07.412+0000] {logging_mixin.py:149} INFO - [2023-06-28T14:23:07.412+0000] {dag.py:2726} INFO - Sync 1 DAGs
[2023-06-28T14:23:07.445+0000] {logging_mixin.py:149} INFO - [2023-06-28T14:23:07.445+0000] {dag.py:3490} INFO - Setting next_dagrun for example_task_group to 2023-06-27T14:23:07.445439+00:00, run_after=2023-06-28T14:23:07.445439+00:00
[2023-06-28T14:23:07.478+0000] {processor.py:179} INFO - Processing /home/airflow/.local/lib/python3.7/site-packages/airflow/example_dags/example_task_group.py took 0.116 seconds
[2023-06-28T14:23:37.716+0000] {processor.py:157} INFO - Started process (PID=875) to work on /home/airflow/.local/lib/python3.7/site-packages/airflow/example_dags/example_task_group.py
[2023-06-28T14:23:37.717+0000] {processor.py:826} INFO - Processing file /home/airflow/.local/lib/python3.7/site-packages/airflow/example_dags/example_task_group.py for tasks to queue
[2023-06-28T14:23:37.719+0000] {logging_mixin.py:149} INFO - [2023-06-28T14:23:37.718+0000] {dagbag.py:541} INFO - Filling up the DagBag from /home/airflow/.local/lib/python3.7/site-packages/airflow/example_dags/example_task_group.py
[2023-06-28T14:23:37.729+0000] {processor.py:836} INFO - DAG(s) dict_keys(['example_task_group']) retrieved from /home/airflow/.local/lib/python3.7/site-packages/airflow/example_dags/example_task_group.py
[2023-06-28T14:23:37.761+0000] {logging_mixin.py:149} INFO - [2023-06-28T14:23:37.761+0000] {dag.py:2726} INFO - Sync 1 DAGs
[2023-06-28T14:23:37.795+0000] {logging_mixin.py:149} INFO - [2023-06-28T14:23:37.795+0000] {dag.py:3490} INFO - Setting next_dagrun for example_task_group to 2023-06-27T14:23:37.795228+00:00, run_after=2023-06-28T14:23:37.795228+00:00
[2023-06-28T14:23:37.834+0000] {processor.py:179} INFO - Processing /home/airflow/.local/lib/python3.7/site-packages/airflow/example_dags/example_task_group.py took 0.122 seconds
[2023-06-28T14:24:08.057+0000] {processor.py:157} INFO - Started process (PID=929) to work on /home/airflow/.local/lib/python3.7/site-packages/airflow/example_dags/example_task_group.py
[2023-06-28T14:24:08.058+0000] {processor.py:826} INFO - Processing file /home/airflow/.local/lib/python3.7/site-packages/airflow/example_dags/example_task_group.py for tasks to queue
[2023-06-28T14:24:08.059+0000] {logging_mixin.py:149} INFO - [2023-06-28T14:24:08.059+0000] {dagbag.py:541} INFO - Filling up the DagBag from /home/airflow/.local/lib/python3.7/site-packages/airflow/example_dags/example_task_group.py
[2023-06-28T14:24:08.071+0000] {processor.py:836} INFO - DAG(s) dict_keys(['example_task_group']) retrieved from /home/airflow/.local/lib/python3.7/site-packages/airflow/example_dags/example_task_group.py
[2023-06-28T14:24:08.121+0000] {logging_mixin.py:149} INFO - [2023-06-28T14:24:08.120+0000] {dag.py:2726} INFO - Sync 1 DAGs
[2023-06-28T14:24:08.177+0000] {logging_mixin.py:149} INFO - [2023-06-28T14:24:08.177+0000] {dag.py:3490} INFO - Setting next_dagrun for example_task_group to 2023-06-27T14:24:08.176647+00:00, run_after=2023-06-28T14:24:08.176647+00:00
[2023-06-28T14:24:08.216+0000] {processor.py:179} INFO - Processing /home/airflow/.local/lib/python3.7/site-packages/airflow/example_dags/example_task_group.py took 0.165 seconds
[2023-06-28T14:24:38.856+0000] {processor.py:157} INFO - Started process (PID=987) to work on /home/airflow/.local/lib/python3.7/site-packages/airflow/example_dags/example_task_group.py
[2023-06-28T14:24:38.859+0000] {processor.py:826} INFO - Processing file /home/airflow/.local/lib/python3.7/site-packages/airflow/example_dags/example_task_group.py for tasks to queue
[2023-06-28T14:24:38.862+0000] {logging_mixin.py:149} INFO - [2023-06-28T14:24:38.861+0000] {dagbag.py:541} INFO - Filling up the DagBag from /home/airflow/.local/lib/python3.7/site-packages/airflow/example_dags/example_task_group.py
[2023-06-28T14:24:38.885+0000] {processor.py:836} INFO - DAG(s) dict_keys(['example_task_group']) retrieved from /home/airflow/.local/lib/python3.7/site-packages/airflow/example_dags/example_task_group.py
[2023-06-28T14:24:38.967+0000] {logging_mixin.py:149} INFO - [2023-06-28T14:24:38.967+0000] {dag.py:2726} INFO - Sync 1 DAGs
[2023-06-28T14:24:39.019+0000] {logging_mixin.py:149} INFO - [2023-06-28T14:24:39.019+0000] {dag.py:3490} INFO - Setting next_dagrun for example_task_group to 2023-06-27T14:24:39.019059+00:00, run_after=2023-06-28T14:24:39.019059+00:00
[2023-06-28T14:24:39.057+0000] {processor.py:179} INFO - Processing /home/airflow/.local/lib/python3.7/site-packages/airflow/example_dags/example_task_group.py took 0.210 seconds
[2023-06-28T14:25:09.333+0000] {processor.py:157} INFO - Started process (PID=1047) to work on /home/airflow/.local/lib/python3.7/site-packages/airflow/example_dags/example_task_group.py
[2023-06-28T14:25:09.335+0000] {processor.py:826} INFO - Processing file /home/airflow/.local/lib/python3.7/site-packages/airflow/example_dags/example_task_group.py for tasks to queue
[2023-06-28T14:25:09.336+0000] {logging_mixin.py:149} INFO - [2023-06-28T14:25:09.336+0000] {dagbag.py:541} INFO - Filling up the DagBag from /home/airflow/.local/lib/python3.7/site-packages/airflow/example_dags/example_task_group.py
[2023-06-28T14:25:09.348+0000] {processor.py:836} INFO - DAG(s) dict_keys(['example_task_group']) retrieved from /home/airflow/.local/lib/python3.7/site-packages/airflow/example_dags/example_task_group.py
[2023-06-28T14:25:09.386+0000] {logging_mixin.py:149} INFO - [2023-06-28T14:25:09.385+0000] {dag.py:2726} INFO - Sync 1 DAGs
[2023-06-28T14:25:09.425+0000] {logging_mixin.py:149} INFO - [2023-06-28T14:25:09.425+0000] {dag.py:3490} INFO - Setting next_dagrun for example_task_group to 2023-06-27T14:25:09.424483+00:00, run_after=2023-06-28T14:25:09.424483+00:00
[2023-06-28T14:25:09.460+0000] {processor.py:179} INFO - Processing /home/airflow/.local/lib/python3.7/site-packages/airflow/example_dags/example_task_group.py took 0.130 seconds
[2023-06-28T14:25:39.993+0000] {processor.py:157} INFO - Started process (PID=1105) to work on /home/airflow/.local/lib/python3.7/site-packages/airflow/example_dags/example_task_group.py
[2023-06-28T14:25:39.995+0000] {processor.py:826} INFO - Processing file /home/airflow/.local/lib/python3.7/site-packages/airflow/example_dags/example_task_group.py for tasks to queue
[2023-06-28T14:25:39.996+0000] {logging_mixin.py:149} INFO - [2023-06-28T14:25:39.996+0000] {dagbag.py:541} INFO - Filling up the DagBag from /home/airflow/.local/lib/python3.7/site-packages/airflow/example_dags/example_task_group.py
[2023-06-28T14:25:40.005+0000] {processor.py:836} INFO - DAG(s) dict_keys(['example_task_group']) retrieved from /home/airflow/.local/lib/python3.7/site-packages/airflow/example_dags/example_task_group.py
[2023-06-28T14:25:40.040+0000] {logging_mixin.py:149} INFO - [2023-06-28T14:25:40.040+0000] {dag.py:2726} INFO - Sync 1 DAGs
[2023-06-28T14:25:40.074+0000] {logging_mixin.py:149} INFO - [2023-06-28T14:25:40.073+0000] {dag.py:3490} INFO - Setting next_dagrun for example_task_group to 2023-06-27T14:25:40.073615+00:00, run_after=2023-06-28T14:25:40.073615+00:00
[2023-06-28T14:25:40.104+0000] {processor.py:179} INFO - Processing /home/airflow/.local/lib/python3.7/site-packages/airflow/example_dags/example_task_group.py took 0.114 seconds
[2023-06-28T14:26:10.492+0000] {processor.py:157} INFO - Started process (PID=1164) to work on /home/airflow/.local/lib/python3.7/site-packages/airflow/example_dags/example_task_group.py
[2023-06-28T14:26:10.493+0000] {processor.py:826} INFO - Processing file /home/airflow/.local/lib/python3.7/site-packages/airflow/example_dags/example_task_group.py for tasks to queue
[2023-06-28T14:26:10.495+0000] {logging_mixin.py:149} INFO - [2023-06-28T14:26:10.495+0000] {dagbag.py:541} INFO - Filling up the DagBag from /home/airflow/.local/lib/python3.7/site-packages/airflow/example_dags/example_task_group.py
[2023-06-28T14:26:10.505+0000] {processor.py:836} INFO - DAG(s) dict_keys(['example_task_group']) retrieved from /home/airflow/.local/lib/python3.7/site-packages/airflow/example_dags/example_task_group.py
[2023-06-28T14:26:10.537+0000] {logging_mixin.py:149} INFO - [2023-06-28T14:26:10.537+0000] {dag.py:2726} INFO - Sync 1 DAGs
[2023-06-28T14:26:10.571+0000] {logging_mixin.py:149} INFO - [2023-06-28T14:26:10.570+0000] {dag.py:3490} INFO - Setting next_dagrun for example_task_group to 2023-06-27T14:26:10.570577+00:00, run_after=2023-06-28T14:26:10.570577+00:00
[2023-06-28T14:26:10.605+0000] {processor.py:179} INFO - Processing /home/airflow/.local/lib/python3.7/site-packages/airflow/example_dags/example_task_group.py took 0.119 seconds
[2023-06-28T14:26:41.033+0000] {processor.py:157} INFO - Started process (PID=1224) to work on /home/airflow/.local/lib/python3.7/site-packages/airflow/example_dags/example_task_group.py
[2023-06-28T14:26:41.034+0000] {processor.py:826} INFO - Processing file /home/airflow/.local/lib/python3.7/site-packages/airflow/example_dags/example_task_group.py for tasks to queue
[2023-06-28T14:26:41.035+0000] {logging_mixin.py:149} INFO - [2023-06-28T14:26:41.035+0000] {dagbag.py:541} INFO - Filling up the DagBag from /home/airflow/.local/lib/python3.7/site-packages/airflow/example_dags/example_task_group.py
[2023-06-28T14:26:41.045+0000] {processor.py:836} INFO - DAG(s) dict_keys(['example_task_group']) retrieved from /home/airflow/.local/lib/python3.7/site-packages/airflow/example_dags/example_task_group.py
[2023-06-28T14:26:41.077+0000] {logging_mixin.py:149} INFO - [2023-06-28T14:26:41.077+0000] {dag.py:2726} INFO - Sync 1 DAGs
[2023-06-28T14:26:41.115+0000] {logging_mixin.py:149} INFO - [2023-06-28T14:26:41.115+0000] {dag.py:3490} INFO - Setting next_dagrun for example_task_group to 2023-06-27T14:26:41.115116+00:00, run_after=2023-06-28T14:26:41.115116+00:00
[2023-06-28T14:26:41.147+0000] {processor.py:179} INFO - Processing /home/airflow/.local/lib/python3.7/site-packages/airflow/example_dags/example_task_group.py took 0.117 seconds
[2023-06-28T14:27:11.534+0000] {processor.py:157} INFO - Started process (PID=1283) to work on /home/airflow/.local/lib/python3.7/site-packages/airflow/example_dags/example_task_group.py
[2023-06-28T14:27:11.535+0000] {processor.py:826} INFO - Processing file /home/airflow/.local/lib/python3.7/site-packages/airflow/example_dags/example_task_group.py for tasks to queue
[2023-06-28T14:27:11.537+0000] {logging_mixin.py:149} INFO - [2023-06-28T14:27:11.537+0000] {dagbag.py:541} INFO - Filling up the DagBag from /home/airflow/.local/lib/python3.7/site-packages/airflow/example_dags/example_task_group.py
[2023-06-28T14:27:11.551+0000] {processor.py:836} INFO - DAG(s) dict_keys(['example_task_group']) retrieved from /home/airflow/.local/lib/python3.7/site-packages/airflow/example_dags/example_task_group.py
[2023-06-28T14:27:11.599+0000] {logging_mixin.py:149} INFO - [2023-06-28T14:27:11.599+0000] {dag.py:2726} INFO - Sync 1 DAGs
[2023-06-28T14:27:11.667+0000] {logging_mixin.py:149} INFO - [2023-06-28T14:27:11.667+0000] {dag.py:3490} INFO - Setting next_dagrun for example_task_group to 2023-06-27T14:27:11.667113+00:00, run_after=2023-06-28T14:27:11.667113+00:00
[2023-06-28T14:27:11.720+0000] {processor.py:179} INFO - Processing /home/airflow/.local/lib/python3.7/site-packages/airflow/example_dags/example_task_group.py took 0.193 seconds
[2023-06-28T14:27:42.202+0000] {processor.py:157} INFO - Started process (PID=1342) to work on /home/airflow/.local/lib/python3.7/site-packages/airflow/example_dags/example_task_group.py
[2023-06-28T14:27:42.203+0000] {processor.py:826} INFO - Processing file /home/airflow/.local/lib/python3.7/site-packages/airflow/example_dags/example_task_group.py for tasks to queue
[2023-06-28T14:27:42.204+0000] {logging_mixin.py:149} INFO - [2023-06-28T14:27:42.204+0000] {dagbag.py:541} INFO - Filling up the DagBag from /home/airflow/.local/lib/python3.7/site-packages/airflow/example_dags/example_task_group.py
[2023-06-28T14:27:42.214+0000] {processor.py:836} INFO - DAG(s) dict_keys(['example_task_group']) retrieved from /home/airflow/.local/lib/python3.7/site-packages/airflow/example_dags/example_task_group.py
[2023-06-28T14:27:42.247+0000] {logging_mixin.py:149} INFO - [2023-06-28T14:27:42.247+0000] {dag.py:2726} INFO - Sync 1 DAGs
[2023-06-28T14:27:42.287+0000] {logging_mixin.py:149} INFO - [2023-06-28T14:27:42.287+0000] {dag.py:3490} INFO - Setting next_dagrun for example_task_group to 2023-06-27T14:27:42.287092+00:00, run_after=2023-06-28T14:27:42.287092+00:00
[2023-06-28T14:27:42.319+0000] {processor.py:179} INFO - Processing /home/airflow/.local/lib/python3.7/site-packages/airflow/example_dags/example_task_group.py took 0.122 seconds
[2023-06-28T14:28:12.583+0000] {processor.py:157} INFO - Started process (PID=1402) to work on /home/airflow/.local/lib/python3.7/site-packages/airflow/example_dags/example_task_group.py
[2023-06-28T14:28:12.585+0000] {processor.py:826} INFO - Processing file /home/airflow/.local/lib/python3.7/site-packages/airflow/example_dags/example_task_group.py for tasks to queue
[2023-06-28T14:28:12.586+0000] {logging_mixin.py:149} INFO - [2023-06-28T14:28:12.586+0000] {dagbag.py:541} INFO - Filling up the DagBag from /home/airflow/.local/lib/python3.7/site-packages/airflow/example_dags/example_task_group.py
[2023-06-28T14:28:12.596+0000] {processor.py:836} INFO - DAG(s) dict_keys(['example_task_group']) retrieved from /home/airflow/.local/lib/python3.7/site-packages/airflow/example_dags/example_task_group.py
[2023-06-28T14:28:12.629+0000] {logging_mixin.py:149} INFO - [2023-06-28T14:28:12.629+0000] {dag.py:2726} INFO - Sync 1 DAGs
[2023-06-28T14:28:12.664+0000] {logging_mixin.py:149} INFO - [2023-06-28T14:28:12.664+0000] {dag.py:3490} INFO - Setting next_dagrun for example_task_group to 2023-06-27T14:28:12.664123+00:00, run_after=2023-06-28T14:28:12.664123+00:00
[2023-06-28T14:28:12.696+0000] {processor.py:179} INFO - Processing /home/airflow/.local/lib/python3.7/site-packages/airflow/example_dags/example_task_group.py took 0.117 seconds
[2023-06-28T14:28:43.083+0000] {processor.py:157} INFO - Started process (PID=1460) to work on /home/airflow/.local/lib/python3.7/site-packages/airflow/example_dags/example_task_group.py
[2023-06-28T14:28:43.085+0000] {processor.py:826} INFO - Processing file /home/airflow/.local/lib/python3.7/site-packages/airflow/example_dags/example_task_group.py for tasks to queue
[2023-06-28T14:28:43.086+0000] {logging_mixin.py:149} INFO - [2023-06-28T14:28:43.086+0000] {dagbag.py:541} INFO - Filling up the DagBag from /home/airflow/.local/lib/python3.7/site-packages/airflow/example_dags/example_task_group.py
[2023-06-28T14:28:43.097+0000] {processor.py:836} INFO - DAG(s) dict_keys(['example_task_group']) retrieved from /home/airflow/.local/lib/python3.7/site-packages/airflow/example_dags/example_task_group.py
[2023-06-28T14:28:43.130+0000] {logging_mixin.py:149} INFO - [2023-06-28T14:28:43.129+0000] {dag.py:2726} INFO - Sync 1 DAGs
[2023-06-28T14:28:43.164+0000] {logging_mixin.py:149} INFO - [2023-06-28T14:28:43.164+0000] {dag.py:3490} INFO - Setting next_dagrun for example_task_group to 2023-06-27T14:28:43.164240+00:00, run_after=2023-06-28T14:28:43.164240+00:00
[2023-06-28T14:28:43.199+0000] {processor.py:179} INFO - Processing /home/airflow/.local/lib/python3.7/site-packages/airflow/example_dags/example_task_group.py took 0.121 seconds
[2023-06-28T14:29:13.407+0000] {processor.py:157} INFO - Started process (PID=1520) to work on /home/airflow/.local/lib/python3.7/site-packages/airflow/example_dags/example_task_group.py
[2023-06-28T14:29:13.408+0000] {processor.py:826} INFO - Processing file /home/airflow/.local/lib/python3.7/site-packages/airflow/example_dags/example_task_group.py for tasks to queue
[2023-06-28T14:29:13.410+0000] {logging_mixin.py:149} INFO - [2023-06-28T14:29:13.410+0000] {dagbag.py:541} INFO - Filling up the DagBag from /home/airflow/.local/lib/python3.7/site-packages/airflow/example_dags/example_task_group.py
[2023-06-28T14:29:13.423+0000] {processor.py:836} INFO - DAG(s) dict_keys(['example_task_group']) retrieved from /home/airflow/.local/lib/python3.7/site-packages/airflow/example_dags/example_task_group.py
[2023-06-28T14:29:13.458+0000] {logging_mixin.py:149} INFO - [2023-06-28T14:29:13.458+0000] {dag.py:2726} INFO - Sync 1 DAGs
[2023-06-28T14:29:13.491+0000] {logging_mixin.py:149} INFO - [2023-06-28T14:29:13.491+0000] {dag.py:3490} INFO - Setting next_dagrun for example_task_group to 2023-06-27T14:29:13.490923+00:00, run_after=2023-06-28T14:29:13.490923+00:00
[2023-06-28T14:29:13.522+0000] {processor.py:179} INFO - Processing /home/airflow/.local/lib/python3.7/site-packages/airflow/example_dags/example_task_group.py took 0.121 seconds
[2023-06-28T14:29:44.080+0000] {processor.py:157} INFO - Started process (PID=1580) to work on /home/airflow/.local/lib/python3.7/site-packages/airflow/example_dags/example_task_group.py
[2023-06-28T14:29:44.081+0000] {processor.py:826} INFO - Processing file /home/airflow/.local/lib/python3.7/site-packages/airflow/example_dags/example_task_group.py for tasks to queue
[2023-06-28T14:29:44.083+0000] {logging_mixin.py:149} INFO - [2023-06-28T14:29:44.082+0000] {dagbag.py:541} INFO - Filling up the DagBag from /home/airflow/.local/lib/python3.7/site-packages/airflow/example_dags/example_task_group.py
[2023-06-28T14:29:44.093+0000] {processor.py:836} INFO - DAG(s) dict_keys(['example_task_group']) retrieved from /home/airflow/.local/lib/python3.7/site-packages/airflow/example_dags/example_task_group.py
[2023-06-28T14:29:44.129+0000] {logging_mixin.py:149} INFO - [2023-06-28T14:29:44.129+0000] {dag.py:2726} INFO - Sync 1 DAGs
[2023-06-28T14:29:44.172+0000] {logging_mixin.py:149} INFO - [2023-06-28T14:29:44.171+0000] {dag.py:3490} INFO - Setting next_dagrun for example_task_group to 2023-06-27T14:29:44.171561+00:00, run_after=2023-06-28T14:29:44.171561+00:00
[2023-06-28T14:29:44.208+0000] {processor.py:179} INFO - Processing /home/airflow/.local/lib/python3.7/site-packages/airflow/example_dags/example_task_group.py took 0.134 seconds
[2023-06-28T14:30:14.596+0000] {processor.py:157} INFO - Started process (PID=1639) to work on /home/airflow/.local/lib/python3.7/site-packages/airflow/example_dags/example_task_group.py
[2023-06-28T14:30:14.598+0000] {processor.py:826} INFO - Processing file /home/airflow/.local/lib/python3.7/site-packages/airflow/example_dags/example_task_group.py for tasks to queue
[2023-06-28T14:30:14.599+0000] {logging_mixin.py:149} INFO - [2023-06-28T14:30:14.599+0000] {dagbag.py:541} INFO - Filling up the DagBag from /home/airflow/.local/lib/python3.7/site-packages/airflow/example_dags/example_task_group.py
[2023-06-28T14:30:14.609+0000] {processor.py:836} INFO - DAG(s) dict_keys(['example_task_group']) retrieved from /home/airflow/.local/lib/python3.7/site-packages/airflow/example_dags/example_task_group.py
[2023-06-28T14:30:14.643+0000] {logging_mixin.py:149} INFO - [2023-06-28T14:30:14.643+0000] {dag.py:2726} INFO - Sync 1 DAGs
[2023-06-28T14:30:14.678+0000] {logging_mixin.py:149} INFO - [2023-06-28T14:30:14.678+0000] {dag.py:3490} INFO - Setting next_dagrun for example_task_group to 2023-06-27T14:30:14.678350+00:00, run_after=2023-06-28T14:30:14.678350+00:00
[2023-06-28T14:30:14.711+0000] {processor.py:179} INFO - Processing /home/airflow/.local/lib/python3.7/site-packages/airflow/example_dags/example_task_group.py took 0.119 seconds
[2023-06-28T14:30:44.772+0000] {processor.py:157} INFO - Started process (PID=1698) to work on /home/airflow/.local/lib/python3.7/site-packages/airflow/example_dags/example_task_group.py
[2023-06-28T14:30:44.774+0000] {processor.py:826} INFO - Processing file /home/airflow/.local/lib/python3.7/site-packages/airflow/example_dags/example_task_group.py for tasks to queue
[2023-06-28T14:30:44.775+0000] {logging_mixin.py:149} INFO - [2023-06-28T14:30:44.775+0000] {dagbag.py:541} INFO - Filling up the DagBag from /home/airflow/.local/lib/python3.7/site-packages/airflow/example_dags/example_task_group.py
[2023-06-28T14:30:44.787+0000] {processor.py:836} INFO - DAG(s) dict_keys(['example_task_group']) retrieved from /home/airflow/.local/lib/python3.7/site-packages/airflow/example_dags/example_task_group.py
[2023-06-28T14:30:44.826+0000] {logging_mixin.py:149} INFO - [2023-06-28T14:30:44.826+0000] {dag.py:2726} INFO - Sync 1 DAGs
[2023-06-28T14:30:44.866+0000] {logging_mixin.py:149} INFO - [2023-06-28T14:30:44.866+0000] {dag.py:3490} INFO - Setting next_dagrun for example_task_group to 2023-06-27T14:30:44.866242+00:00, run_after=2023-06-28T14:30:44.866242+00:00
[2023-06-28T14:30:44.899+0000] {processor.py:179} INFO - Processing /home/airflow/.local/lib/python3.7/site-packages/airflow/example_dags/example_task_group.py took 0.132 seconds
[2023-06-28T14:31:15.090+0000] {processor.py:157} INFO - Started process (PID=1757) to work on /home/airflow/.local/lib/python3.7/site-packages/airflow/example_dags/example_task_group.py
[2023-06-28T14:31:15.092+0000] {processor.py:826} INFO - Processing file /home/airflow/.local/lib/python3.7/site-packages/airflow/example_dags/example_task_group.py for tasks to queue
[2023-06-28T14:31:15.093+0000] {logging_mixin.py:149} INFO - [2023-06-28T14:31:15.093+0000] {dagbag.py:541} INFO - Filling up the DagBag from /home/airflow/.local/lib/python3.7/site-packages/airflow/example_dags/example_task_group.py
[2023-06-28T14:31:15.103+0000] {processor.py:836} INFO - DAG(s) dict_keys(['example_task_group']) retrieved from /home/airflow/.local/lib/python3.7/site-packages/airflow/example_dags/example_task_group.py
[2023-06-28T14:31:15.137+0000] {logging_mixin.py:149} INFO - [2023-06-28T14:31:15.137+0000] {dag.py:2726} INFO - Sync 1 DAGs
[2023-06-28T14:31:15.183+0000] {logging_mixin.py:149} INFO - [2023-06-28T14:31:15.183+0000] {dag.py:3490} INFO - Setting next_dagrun for example_task_group to 2023-06-27T14:31:15.183085+00:00, run_after=2023-06-28T14:31:15.183085+00:00
[2023-06-28T14:31:15.242+0000] {processor.py:179} INFO - Processing /home/airflow/.local/lib/python3.7/site-packages/airflow/example_dags/example_task_group.py took 0.155 seconds
[2023-06-28T14:31:45.411+0000] {processor.py:157} INFO - Started process (PID=1816) to work on /home/airflow/.local/lib/python3.7/site-packages/airflow/example_dags/example_task_group.py
[2023-06-28T14:31:45.412+0000] {processor.py:826} INFO - Processing file /home/airflow/.local/lib/python3.7/site-packages/airflow/example_dags/example_task_group.py for tasks to queue
[2023-06-28T14:31:45.413+0000] {logging_mixin.py:149} INFO - [2023-06-28T14:31:45.413+0000] {dagbag.py:541} INFO - Filling up the DagBag from /home/airflow/.local/lib/python3.7/site-packages/airflow/example_dags/example_task_group.py
[2023-06-28T14:31:45.426+0000] {processor.py:836} INFO - DAG(s) dict_keys(['example_task_group']) retrieved from /home/airflow/.local/lib/python3.7/site-packages/airflow/example_dags/example_task_group.py
[2023-06-28T14:31:45.462+0000] {logging_mixin.py:149} INFO - [2023-06-28T14:31:45.462+0000] {dag.py:2726} INFO - Sync 1 DAGs
[2023-06-28T14:31:45.501+0000] {logging_mixin.py:149} INFO - [2023-06-28T14:31:45.501+0000] {dag.py:3490} INFO - Setting next_dagrun for example_task_group to 2023-06-27T14:31:45.501133+00:00, run_after=2023-06-28T14:31:45.501133+00:00
[2023-06-28T14:31:45.534+0000] {processor.py:179} INFO - Processing /home/airflow/.local/lib/python3.7/site-packages/airflow/example_dags/example_task_group.py took 0.127 seconds
[2023-06-28T14:32:15.815+0000] {processor.py:157} INFO - Started process (PID=1875) to work on /home/airflow/.local/lib/python3.7/site-packages/airflow/example_dags/example_task_group.py
[2023-06-28T14:32:15.817+0000] {processor.py:826} INFO - Processing file /home/airflow/.local/lib/python3.7/site-packages/airflow/example_dags/example_task_group.py for tasks to queue
[2023-06-28T14:32:15.818+0000] {logging_mixin.py:149} INFO - [2023-06-28T14:32:15.818+0000] {dagbag.py:541} INFO - Filling up the DagBag from /home/airflow/.local/lib/python3.7/site-packages/airflow/example_dags/example_task_group.py
[2023-06-28T14:32:15.828+0000] {processor.py:836} INFO - DAG(s) dict_keys(['example_task_group']) retrieved from /home/airflow/.local/lib/python3.7/site-packages/airflow/example_dags/example_task_group.py
[2023-06-28T14:32:15.861+0000] {logging_mixin.py:149} INFO - [2023-06-28T14:32:15.861+0000] {dag.py:2726} INFO - Sync 1 DAGs
[2023-06-28T14:32:15.896+0000] {logging_mixin.py:149} INFO - [2023-06-28T14:32:15.896+0000] {dag.py:3490} INFO - Setting next_dagrun for example_task_group to 2023-06-27T14:32:15.896278+00:00, run_after=2023-06-28T14:32:15.896278+00:00
[2023-06-28T14:32:15.928+0000] {processor.py:179} INFO - Processing /home/airflow/.local/lib/python3.7/site-packages/airflow/example_dags/example_task_group.py took 0.117 seconds
[2023-06-28T14:32:46.147+0000] {processor.py:157} INFO - Started process (PID=1933) to work on /home/airflow/.local/lib/python3.7/site-packages/airflow/example_dags/example_task_group.py
[2023-06-28T14:32:46.148+0000] {processor.py:826} INFO - Processing file /home/airflow/.local/lib/python3.7/site-packages/airflow/example_dags/example_task_group.py for tasks to queue
[2023-06-28T14:32:46.149+0000] {logging_mixin.py:149} INFO - [2023-06-28T14:32:46.149+0000] {dagbag.py:541} INFO - Filling up the DagBag from /home/airflow/.local/lib/python3.7/site-packages/airflow/example_dags/example_task_group.py
[2023-06-28T14:32:46.159+0000] {processor.py:836} INFO - DAG(s) dict_keys(['example_task_group']) retrieved from /home/airflow/.local/lib/python3.7/site-packages/airflow/example_dags/example_task_group.py
[2023-06-28T14:32:46.193+0000] {logging_mixin.py:149} INFO - [2023-06-28T14:32:46.193+0000] {dag.py:2726} INFO - Sync 1 DAGs
[2023-06-28T14:32:46.228+0000] {logging_mixin.py:149} INFO - [2023-06-28T14:32:46.227+0000] {dag.py:3490} INFO - Setting next_dagrun for example_task_group to 2023-06-27T14:32:46.227592+00:00, run_after=2023-06-28T14:32:46.227592+00:00
[2023-06-28T14:32:46.259+0000] {processor.py:179} INFO - Processing /home/airflow/.local/lib/python3.7/site-packages/airflow/example_dags/example_task_group.py took 0.116 seconds
[2023-06-28T14:33:16.448+0000] {processor.py:157} INFO - Started process (PID=1991) to work on /home/airflow/.local/lib/python3.7/site-packages/airflow/example_dags/example_task_group.py
[2023-06-28T14:33:16.450+0000] {processor.py:826} INFO - Processing file /home/airflow/.local/lib/python3.7/site-packages/airflow/example_dags/example_task_group.py for tasks to queue
[2023-06-28T14:33:16.452+0000] {logging_mixin.py:149} INFO - [2023-06-28T14:33:16.452+0000] {dagbag.py:541} INFO - Filling up the DagBag from /home/airflow/.local/lib/python3.7/site-packages/airflow/example_dags/example_task_group.py
[2023-06-28T14:33:16.473+0000] {processor.py:836} INFO - DAG(s) dict_keys(['example_task_group']) retrieved from /home/airflow/.local/lib/python3.7/site-packages/airflow/example_dags/example_task_group.py
[2023-06-28T14:33:16.510+0000] {logging_mixin.py:149} INFO - [2023-06-28T14:33:16.510+0000] {dag.py:2726} INFO - Sync 1 DAGs
[2023-06-28T14:33:16.545+0000] {logging_mixin.py:149} INFO - [2023-06-28T14:33:16.545+0000] {dag.py:3490} INFO - Setting next_dagrun for example_task_group to 2023-06-27T14:33:16.545140+00:00, run_after=2023-06-28T14:33:16.545140+00:00
[2023-06-28T14:33:16.584+0000] {processor.py:179} INFO - Processing /home/airflow/.local/lib/python3.7/site-packages/airflow/example_dags/example_task_group.py took 0.142 seconds
[2023-06-28T14:33:47.043+0000] {processor.py:157} INFO - Started process (PID=2050) to work on /home/airflow/.local/lib/python3.7/site-packages/airflow/example_dags/example_task_group.py
[2023-06-28T14:33:47.045+0000] {processor.py:826} INFO - Processing file /home/airflow/.local/lib/python3.7/site-packages/airflow/example_dags/example_task_group.py for tasks to queue
[2023-06-28T14:33:47.046+0000] {logging_mixin.py:149} INFO - [2023-06-28T14:33:47.046+0000] {dagbag.py:541} INFO - Filling up the DagBag from /home/airflow/.local/lib/python3.7/site-packages/airflow/example_dags/example_task_group.py
[2023-06-28T14:33:47.056+0000] {processor.py:836} INFO - DAG(s) dict_keys(['example_task_group']) retrieved from /home/airflow/.local/lib/python3.7/site-packages/airflow/example_dags/example_task_group.py
[2023-06-28T14:33:47.090+0000] {logging_mixin.py:149} INFO - [2023-06-28T14:33:47.089+0000] {dag.py:2726} INFO - Sync 1 DAGs
[2023-06-28T14:33:47.124+0000] {logging_mixin.py:149} INFO - [2023-06-28T14:33:47.124+0000] {dag.py:3490} INFO - Setting next_dagrun for example_task_group to 2023-06-27T14:33:47.124215+00:00, run_after=2023-06-28T14:33:47.124215+00:00
[2023-06-28T14:33:47.157+0000] {processor.py:179} INFO - Processing /home/airflow/.local/lib/python3.7/site-packages/airflow/example_dags/example_task_group.py took 0.118 seconds
[2023-06-28T14:34:18.069+0000] {processor.py:157} INFO - Started process (PID=2109) to work on /home/airflow/.local/lib/python3.7/site-packages/airflow/example_dags/example_task_group.py
[2023-06-28T14:34:18.070+0000] {processor.py:826} INFO - Processing file /home/airflow/.local/lib/python3.7/site-packages/airflow/example_dags/example_task_group.py for tasks to queue
[2023-06-28T14:34:18.071+0000] {logging_mixin.py:149} INFO - [2023-06-28T14:34:18.071+0000] {dagbag.py:541} INFO - Filling up the DagBag from /home/airflow/.local/lib/python3.7/site-packages/airflow/example_dags/example_task_group.py
[2023-06-28T14:34:18.082+0000] {processor.py:836} INFO - DAG(s) dict_keys(['example_task_group']) retrieved from /home/airflow/.local/lib/python3.7/site-packages/airflow/example_dags/example_task_group.py
[2023-06-28T14:34:18.116+0000] {logging_mixin.py:149} INFO - [2023-06-28T14:34:18.116+0000] {dag.py:2726} INFO - Sync 1 DAGs
[2023-06-28T14:34:18.151+0000] {logging_mixin.py:149} INFO - [2023-06-28T14:34:18.150+0000] {dag.py:3490} INFO - Setting next_dagrun for example_task_group to 2023-06-27T14:34:18.150634+00:00, run_after=2023-06-28T14:34:18.150634+00:00
[2023-06-28T14:34:18.184+0000] {processor.py:179} INFO - Processing /home/airflow/.local/lib/python3.7/site-packages/airflow/example_dags/example_task_group.py took 0.120 seconds
[2023-06-28T14:34:48.394+0000] {processor.py:157} INFO - Started process (PID=2168) to work on /home/airflow/.local/lib/python3.7/site-packages/airflow/example_dags/example_task_group.py
[2023-06-28T14:34:48.396+0000] {processor.py:826} INFO - Processing file /home/airflow/.local/lib/python3.7/site-packages/airflow/example_dags/example_task_group.py for tasks to queue
[2023-06-28T14:34:48.397+0000] {logging_mixin.py:149} INFO - [2023-06-28T14:34:48.397+0000] {dagbag.py:541} INFO - Filling up the DagBag from /home/airflow/.local/lib/python3.7/site-packages/airflow/example_dags/example_task_group.py
[2023-06-28T14:34:48.408+0000] {processor.py:836} INFO - DAG(s) dict_keys(['example_task_group']) retrieved from /home/airflow/.local/lib/python3.7/site-packages/airflow/example_dags/example_task_group.py
[2023-06-28T14:34:48.441+0000] {logging_mixin.py:149} INFO - [2023-06-28T14:34:48.441+0000] {dag.py:2726} INFO - Sync 1 DAGs
[2023-06-28T14:34:48.475+0000] {logging_mixin.py:149} INFO - [2023-06-28T14:34:48.474+0000] {dag.py:3490} INFO - Setting next_dagrun for example_task_group to 2023-06-27T14:34:48.474574+00:00, run_after=2023-06-28T14:34:48.474574+00:00
[2023-06-28T14:34:48.510+0000] {processor.py:179} INFO - Processing /home/airflow/.local/lib/python3.7/site-packages/airflow/example_dags/example_task_group.py took 0.120 seconds
[2023-06-28T14:35:18.790+0000] {processor.py:157} INFO - Started process (PID=2228) to work on /home/airflow/.local/lib/python3.7/site-packages/airflow/example_dags/example_task_group.py
[2023-06-28T14:35:18.792+0000] {processor.py:826} INFO - Processing file /home/airflow/.local/lib/python3.7/site-packages/airflow/example_dags/example_task_group.py for tasks to queue
[2023-06-28T14:35:18.793+0000] {logging_mixin.py:149} INFO - [2023-06-28T14:35:18.793+0000] {dagbag.py:541} INFO - Filling up the DagBag from /home/airflow/.local/lib/python3.7/site-packages/airflow/example_dags/example_task_group.py
[2023-06-28T14:35:18.803+0000] {processor.py:836} INFO - DAG(s) dict_keys(['example_task_group']) retrieved from /home/airflow/.local/lib/python3.7/site-packages/airflow/example_dags/example_task_group.py
[2023-06-28T14:35:18.837+0000] {logging_mixin.py:149} INFO - [2023-06-28T14:35:18.837+0000] {dag.py:2726} INFO - Sync 1 DAGs
[2023-06-28T14:35:18.871+0000] {logging_mixin.py:149} INFO - [2023-06-28T14:35:18.871+0000] {dag.py:3490} INFO - Setting next_dagrun for example_task_group to 2023-06-27T14:35:18.870844+00:00, run_after=2023-06-28T14:35:18.870844+00:00
[2023-06-28T14:35:18.903+0000] {processor.py:179} INFO - Processing /home/airflow/.local/lib/python3.7/site-packages/airflow/example_dags/example_task_group.py took 0.117 seconds
[2023-06-28T14:35:49.452+0000] {processor.py:157} INFO - Started process (PID=2287) to work on /home/airflow/.local/lib/python3.7/site-packages/airflow/example_dags/example_task_group.py
[2023-06-28T14:35:49.453+0000] {processor.py:826} INFO - Processing file /home/airflow/.local/lib/python3.7/site-packages/airflow/example_dags/example_task_group.py for tasks to queue
[2023-06-28T14:35:49.454+0000] {logging_mixin.py:149} INFO - [2023-06-28T14:35:49.454+0000] {dagbag.py:541} INFO - Filling up the DagBag from /home/airflow/.local/lib/python3.7/site-packages/airflow/example_dags/example_task_group.py
[2023-06-28T14:35:49.464+0000] {processor.py:836} INFO - DAG(s) dict_keys(['example_task_group']) retrieved from /home/airflow/.local/lib/python3.7/site-packages/airflow/example_dags/example_task_group.py
[2023-06-28T14:35:49.502+0000] {logging_mixin.py:149} INFO - [2023-06-28T14:35:49.502+0000] {dag.py:2726} INFO - Sync 1 DAGs
[2023-06-28T14:35:49.539+0000] {logging_mixin.py:149} INFO - [2023-06-28T14:35:49.539+0000] {dag.py:3490} INFO - Setting next_dagrun for example_task_group to 2023-06-27T14:35:49.539231+00:00, run_after=2023-06-28T14:35:49.539231+00:00
[2023-06-28T14:35:49.574+0000] {processor.py:179} INFO - Processing /home/airflow/.local/lib/python3.7/site-packages/airflow/example_dags/example_task_group.py took 0.127 seconds
[2023-06-28T14:36:19.695+0000] {processor.py:157} INFO - Started process (PID=2347) to work on /home/airflow/.local/lib/python3.7/site-packages/airflow/example_dags/example_task_group.py
[2023-06-28T14:36:19.697+0000] {processor.py:826} INFO - Processing file /home/airflow/.local/lib/python3.7/site-packages/airflow/example_dags/example_task_group.py for tasks to queue
[2023-06-28T14:36:19.698+0000] {logging_mixin.py:149} INFO - [2023-06-28T14:36:19.697+0000] {dagbag.py:541} INFO - Filling up the DagBag from /home/airflow/.local/lib/python3.7/site-packages/airflow/example_dags/example_task_group.py
[2023-06-28T14:36:19.708+0000] {processor.py:836} INFO - DAG(s) dict_keys(['example_task_group']) retrieved from /home/airflow/.local/lib/python3.7/site-packages/airflow/example_dags/example_task_group.py
[2023-06-28T14:36:19.742+0000] {logging_mixin.py:149} INFO - [2023-06-28T14:36:19.742+0000] {dag.py:2726} INFO - Sync 1 DAGs
[2023-06-28T14:36:19.777+0000] {logging_mixin.py:149} INFO - [2023-06-28T14:36:19.776+0000] {dag.py:3490} INFO - Setting next_dagrun for example_task_group to 2023-06-27T14:36:19.776590+00:00, run_after=2023-06-28T14:36:19.776590+00:00
[2023-06-28T14:36:19.811+0000] {processor.py:179} INFO - Processing /home/airflow/.local/lib/python3.7/site-packages/airflow/example_dags/example_task_group.py took 0.120 seconds
[2023-06-28T14:36:50.230+0000] {processor.py:157} INFO - Started process (PID=2406) to work on /home/airflow/.local/lib/python3.7/site-packages/airflow/example_dags/example_task_group.py
[2023-06-28T14:36:50.232+0000] {processor.py:826} INFO - Processing file /home/airflow/.local/lib/python3.7/site-packages/airflow/example_dags/example_task_group.py for tasks to queue
[2023-06-28T14:36:50.233+0000] {logging_mixin.py:149} INFO - [2023-06-28T14:36:50.233+0000] {dagbag.py:541} INFO - Filling up the DagBag from /home/airflow/.local/lib/python3.7/site-packages/airflow/example_dags/example_task_group.py
[2023-06-28T14:36:50.247+0000] {processor.py:836} INFO - DAG(s) dict_keys(['example_task_group']) retrieved from /home/airflow/.local/lib/python3.7/site-packages/airflow/example_dags/example_task_group.py
[2023-06-28T14:36:50.302+0000] {logging_mixin.py:149} INFO - [2023-06-28T14:36:50.302+0000] {dag.py:2726} INFO - Sync 1 DAGs
[2023-06-28T14:36:50.378+0000] {logging_mixin.py:149} INFO - [2023-06-28T14:36:50.378+0000] {dag.py:3490} INFO - Setting next_dagrun for example_task_group to 2023-06-27T14:36:50.377677+00:00, run_after=2023-06-28T14:36:50.377677+00:00
[2023-06-28T14:36:50.446+0000] {processor.py:179} INFO - Processing /home/airflow/.local/lib/python3.7/site-packages/airflow/example_dags/example_task_group.py took 0.220 seconds
[2023-06-28T14:37:20.501+0000] {processor.py:157} INFO - Started process (PID=2465) to work on /home/airflow/.local/lib/python3.7/site-packages/airflow/example_dags/example_task_group.py
[2023-06-28T14:37:20.502+0000] {processor.py:826} INFO - Processing file /home/airflow/.local/lib/python3.7/site-packages/airflow/example_dags/example_task_group.py for tasks to queue
[2023-06-28T14:37:20.503+0000] {logging_mixin.py:149} INFO - [2023-06-28T14:37:20.503+0000] {dagbag.py:541} INFO - Filling up the DagBag from /home/airflow/.local/lib/python3.7/site-packages/airflow/example_dags/example_task_group.py
[2023-06-28T14:37:20.514+0000] {processor.py:836} INFO - DAG(s) dict_keys(['example_task_group']) retrieved from /home/airflow/.local/lib/python3.7/site-packages/airflow/example_dags/example_task_group.py
[2023-06-28T14:37:20.550+0000] {logging_mixin.py:149} INFO - [2023-06-28T14:37:20.549+0000] {dag.py:2726} INFO - Sync 1 DAGs
[2023-06-28T14:37:20.590+0000] {logging_mixin.py:149} INFO - [2023-06-28T14:37:20.590+0000] {dag.py:3490} INFO - Setting next_dagrun for example_task_group to 2023-06-27T14:37:20.590458+00:00, run_after=2023-06-28T14:37:20.590458+00:00
[2023-06-28T14:37:20.623+0000] {processor.py:179} INFO - Processing /home/airflow/.local/lib/python3.7/site-packages/airflow/example_dags/example_task_group.py took 0.127 seconds
[2023-06-28T14:37:50.807+0000] {processor.py:157} INFO - Started process (PID=2524) to work on /home/airflow/.local/lib/python3.7/site-packages/airflow/example_dags/example_task_group.py
[2023-06-28T14:37:50.808+0000] {processor.py:826} INFO - Processing file /home/airflow/.local/lib/python3.7/site-packages/airflow/example_dags/example_task_group.py for tasks to queue
[2023-06-28T14:37:50.809+0000] {logging_mixin.py:149} INFO - [2023-06-28T14:37:50.809+0000] {dagbag.py:541} INFO - Filling up the DagBag from /home/airflow/.local/lib/python3.7/site-packages/airflow/example_dags/example_task_group.py
[2023-06-28T14:37:50.819+0000] {processor.py:836} INFO - DAG(s) dict_keys(['example_task_group']) retrieved from /home/airflow/.local/lib/python3.7/site-packages/airflow/example_dags/example_task_group.py
[2023-06-28T14:37:50.855+0000] {logging_mixin.py:149} INFO - [2023-06-28T14:37:50.855+0000] {dag.py:2726} INFO - Sync 1 DAGs
[2023-06-28T14:37:50.889+0000] {logging_mixin.py:149} INFO - [2023-06-28T14:37:50.889+0000] {dag.py:3490} INFO - Setting next_dagrun for example_task_group to 2023-06-27T14:37:50.889068+00:00, run_after=2023-06-28T14:37:50.889068+00:00
[2023-06-28T14:37:50.921+0000] {processor.py:179} INFO - Processing /home/airflow/.local/lib/python3.7/site-packages/airflow/example_dags/example_task_group.py took 0.118 seconds
[2023-06-28T14:38:21.200+0000] {processor.py:157} INFO - Started process (PID=2584) to work on /home/airflow/.local/lib/python3.7/site-packages/airflow/example_dags/example_task_group.py
[2023-06-28T14:38:21.202+0000] {processor.py:826} INFO - Processing file /home/airflow/.local/lib/python3.7/site-packages/airflow/example_dags/example_task_group.py for tasks to queue
[2023-06-28T14:38:21.203+0000] {logging_mixin.py:149} INFO - [2023-06-28T14:38:21.203+0000] {dagbag.py:541} INFO - Filling up the DagBag from /home/airflow/.local/lib/python3.7/site-packages/airflow/example_dags/example_task_group.py
[2023-06-28T14:38:21.215+0000] {processor.py:836} INFO - DAG(s) dict_keys(['example_task_group']) retrieved from /home/airflow/.local/lib/python3.7/site-packages/airflow/example_dags/example_task_group.py
[2023-06-28T14:38:21.259+0000] {logging_mixin.py:149} INFO - [2023-06-28T14:38:21.258+0000] {dag.py:2726} INFO - Sync 1 DAGs
[2023-06-28T14:38:21.303+0000] {logging_mixin.py:149} INFO - [2023-06-28T14:38:21.303+0000] {dag.py:3490} INFO - Setting next_dagrun for example_task_group to 2023-06-27T14:38:21.302707+00:00, run_after=2023-06-28T14:38:21.302707+00:00
[2023-06-28T14:38:21.338+0000] {processor.py:179} INFO - Processing /home/airflow/.local/lib/python3.7/site-packages/airflow/example_dags/example_task_group.py took 0.144 seconds
[2023-06-28T14:38:52.022+0000] {processor.py:157} INFO - Started process (PID=2643) to work on /home/airflow/.local/lib/python3.7/site-packages/airflow/example_dags/example_task_group.py
[2023-06-28T14:38:52.023+0000] {processor.py:826} INFO - Processing file /home/airflow/.local/lib/python3.7/site-packages/airflow/example_dags/example_task_group.py for tasks to queue
[2023-06-28T14:38:52.025+0000] {logging_mixin.py:149} INFO - [2023-06-28T14:38:52.025+0000] {dagbag.py:541} INFO - Filling up the DagBag from /home/airflow/.local/lib/python3.7/site-packages/airflow/example_dags/example_task_group.py
[2023-06-28T14:38:52.037+0000] {processor.py:836} INFO - DAG(s) dict_keys(['example_task_group']) retrieved from /home/airflow/.local/lib/python3.7/site-packages/airflow/example_dags/example_task_group.py
[2023-06-28T14:38:52.073+0000] {logging_mixin.py:149} INFO - [2023-06-28T14:38:52.073+0000] {dag.py:2726} INFO - Sync 1 DAGs
[2023-06-28T14:38:52.121+0000] {logging_mixin.py:149} INFO - [2023-06-28T14:38:52.120+0000] {dag.py:3490} INFO - Setting next_dagrun for example_task_group to 2023-06-27T14:38:52.120638+00:00, run_after=2023-06-28T14:38:52.120638+00:00
[2023-06-28T14:38:52.157+0000] {processor.py:179} INFO - Processing /home/airflow/.local/lib/python3.7/site-packages/airflow/example_dags/example_task_group.py took 0.139 seconds
[2023-06-28T14:39:22.585+0000] {processor.py:157} INFO - Started process (PID=2702) to work on /home/airflow/.local/lib/python3.7/site-packages/airflow/example_dags/example_task_group.py
[2023-06-28T14:39:22.586+0000] {processor.py:826} INFO - Processing file /home/airflow/.local/lib/python3.7/site-packages/airflow/example_dags/example_task_group.py for tasks to queue
[2023-06-28T14:39:22.587+0000] {logging_mixin.py:149} INFO - [2023-06-28T14:39:22.587+0000] {dagbag.py:541} INFO - Filling up the DagBag from /home/airflow/.local/lib/python3.7/site-packages/airflow/example_dags/example_task_group.py
[2023-06-28T14:39:22.599+0000] {processor.py:836} INFO - DAG(s) dict_keys(['example_task_group']) retrieved from /home/airflow/.local/lib/python3.7/site-packages/airflow/example_dags/example_task_group.py
[2023-06-28T14:39:22.641+0000] {logging_mixin.py:149} INFO - [2023-06-28T14:39:22.641+0000] {dag.py:2726} INFO - Sync 1 DAGs
[2023-06-28T14:39:22.684+0000] {logging_mixin.py:149} INFO - [2023-06-28T14:39:22.684+0000] {dag.py:3490} INFO - Setting next_dagrun for example_task_group to 2023-06-27T14:39:22.684148+00:00, run_after=2023-06-28T14:39:22.684148+00:00
[2023-06-28T14:39:22.720+0000] {processor.py:179} INFO - Processing /home/airflow/.local/lib/python3.7/site-packages/airflow/example_dags/example_task_group.py took 0.139 seconds
[2023-06-28T14:39:53.194+0000] {processor.py:157} INFO - Started process (PID=2761) to work on /home/airflow/.local/lib/python3.7/site-packages/airflow/example_dags/example_task_group.py
[2023-06-28T14:39:53.196+0000] {processor.py:826} INFO - Processing file /home/airflow/.local/lib/python3.7/site-packages/airflow/example_dags/example_task_group.py for tasks to queue
[2023-06-28T14:39:53.197+0000] {logging_mixin.py:149} INFO - [2023-06-28T14:39:53.197+0000] {dagbag.py:541} INFO - Filling up the DagBag from /home/airflow/.local/lib/python3.7/site-packages/airflow/example_dags/example_task_group.py
[2023-06-28T14:39:53.211+0000] {processor.py:836} INFO - DAG(s) dict_keys(['example_task_group']) retrieved from /home/airflow/.local/lib/python3.7/site-packages/airflow/example_dags/example_task_group.py
[2023-06-28T14:39:53.249+0000] {logging_mixin.py:149} INFO - [2023-06-28T14:39:53.249+0000] {dag.py:2726} INFO - Sync 1 DAGs
[2023-06-28T14:39:53.292+0000] {logging_mixin.py:149} INFO - [2023-06-28T14:39:53.292+0000] {dag.py:3490} INFO - Setting next_dagrun for example_task_group to 2023-06-27T14:39:53.292476+00:00, run_after=2023-06-28T14:39:53.292476+00:00
[2023-06-28T14:39:53.332+0000] {processor.py:179} INFO - Processing /home/airflow/.local/lib/python3.7/site-packages/airflow/example_dags/example_task_group.py took 0.144 seconds
[2023-06-28T14:40:23.420+0000] {processor.py:157} INFO - Started process (PID=2820) to work on /home/airflow/.local/lib/python3.7/site-packages/airflow/example_dags/example_task_group.py
[2023-06-28T14:40:23.422+0000] {processor.py:826} INFO - Processing file /home/airflow/.local/lib/python3.7/site-packages/airflow/example_dags/example_task_group.py for tasks to queue
[2023-06-28T14:40:23.423+0000] {logging_mixin.py:149} INFO - [2023-06-28T14:40:23.423+0000] {dagbag.py:541} INFO - Filling up the DagBag from /home/airflow/.local/lib/python3.7/site-packages/airflow/example_dags/example_task_group.py
[2023-06-28T14:40:23.433+0000] {processor.py:836} INFO - DAG(s) dict_keys(['example_task_group']) retrieved from /home/airflow/.local/lib/python3.7/site-packages/airflow/example_dags/example_task_group.py
[2023-06-28T14:40:23.467+0000] {logging_mixin.py:149} INFO - [2023-06-28T14:40:23.467+0000] {dag.py:2726} INFO - Sync 1 DAGs
[2023-06-28T14:40:23.502+0000] {logging_mixin.py:149} INFO - [2023-06-28T14:40:23.502+0000] {dag.py:3490} INFO - Setting next_dagrun for example_task_group to 2023-06-27T14:40:23.501741+00:00, run_after=2023-06-28T14:40:23.501741+00:00
[2023-06-28T14:40:23.534+0000] {processor.py:179} INFO - Processing /home/airflow/.local/lib/python3.7/site-packages/airflow/example_dags/example_task_group.py took 0.118 seconds
[2023-06-28T14:40:54.009+0000] {processor.py:157} INFO - Started process (PID=2881) to work on /home/airflow/.local/lib/python3.7/site-packages/airflow/example_dags/example_task_group.py
[2023-06-28T14:40:54.011+0000] {processor.py:826} INFO - Processing file /home/airflow/.local/lib/python3.7/site-packages/airflow/example_dags/example_task_group.py for tasks to queue
[2023-06-28T14:40:54.012+0000] {logging_mixin.py:149} INFO - [2023-06-28T14:40:54.012+0000] {dagbag.py:541} INFO - Filling up the DagBag from /home/airflow/.local/lib/python3.7/site-packages/airflow/example_dags/example_task_group.py
[2023-06-28T14:40:54.023+0000] {processor.py:836} INFO - DAG(s) dict_keys(['example_task_group']) retrieved from /home/airflow/.local/lib/python3.7/site-packages/airflow/example_dags/example_task_group.py
[2023-06-28T14:40:54.062+0000] {logging_mixin.py:149} INFO - [2023-06-28T14:40:54.062+0000] {dag.py:2726} INFO - Sync 1 DAGs
[2023-06-28T14:40:54.104+0000] {logging_mixin.py:149} INFO - [2023-06-28T14:40:54.103+0000] {dag.py:3490} INFO - Setting next_dagrun for example_task_group to 2023-06-27T14:40:54.103124+00:00, run_after=2023-06-28T14:40:54.103124+00:00
[2023-06-28T14:40:54.140+0000] {processor.py:179} INFO - Processing /home/airflow/.local/lib/python3.7/site-packages/airflow/example_dags/example_task_group.py took 0.135 seconds
[2023-06-28T14:41:24.277+0000] {processor.py:157} INFO - Started process (PID=2939) to work on /home/airflow/.local/lib/python3.7/site-packages/airflow/example_dags/example_task_group.py
[2023-06-28T14:41:24.278+0000] {processor.py:826} INFO - Processing file /home/airflow/.local/lib/python3.7/site-packages/airflow/example_dags/example_task_group.py for tasks to queue
[2023-06-28T14:41:24.279+0000] {logging_mixin.py:149} INFO - [2023-06-28T14:41:24.279+0000] {dagbag.py:541} INFO - Filling up the DagBag from /home/airflow/.local/lib/python3.7/site-packages/airflow/example_dags/example_task_group.py
[2023-06-28T14:41:24.291+0000] {processor.py:836} INFO - DAG(s) dict_keys(['example_task_group']) retrieved from /home/airflow/.local/lib/python3.7/site-packages/airflow/example_dags/example_task_group.py
[2023-06-28T14:41:24.332+0000] {logging_mixin.py:149} INFO - [2023-06-28T14:41:24.332+0000] {dag.py:2726} INFO - Sync 1 DAGs
[2023-06-28T14:41:24.371+0000] {logging_mixin.py:149} INFO - [2023-06-28T14:41:24.371+0000] {dag.py:3490} INFO - Setting next_dagrun for example_task_group to 2023-06-27T14:41:24.371137+00:00, run_after=2023-06-28T14:41:24.371137+00:00
[2023-06-28T14:41:24.405+0000] {processor.py:179} INFO - Processing /home/airflow/.local/lib/python3.7/site-packages/airflow/example_dags/example_task_group.py took 0.132 seconds
[2023-06-28T14:41:54.834+0000] {processor.py:157} INFO - Started process (PID=3000) to work on /home/airflow/.local/lib/python3.7/site-packages/airflow/example_dags/example_task_group.py
[2023-06-28T14:41:54.836+0000] {processor.py:826} INFO - Processing file /home/airflow/.local/lib/python3.7/site-packages/airflow/example_dags/example_task_group.py for tasks to queue
[2023-06-28T14:41:54.837+0000] {logging_mixin.py:149} INFO - [2023-06-28T14:41:54.837+0000] {dagbag.py:541} INFO - Filling up the DagBag from /home/airflow/.local/lib/python3.7/site-packages/airflow/example_dags/example_task_group.py
[2023-06-28T14:41:54.847+0000] {processor.py:836} INFO - DAG(s) dict_keys(['example_task_group']) retrieved from /home/airflow/.local/lib/python3.7/site-packages/airflow/example_dags/example_task_group.py
[2023-06-28T14:41:54.885+0000] {logging_mixin.py:149} INFO - [2023-06-28T14:41:54.884+0000] {dag.py:2726} INFO - Sync 1 DAGs
[2023-06-28T14:41:54.929+0000] {logging_mixin.py:149} INFO - [2023-06-28T14:41:54.929+0000] {dag.py:3490} INFO - Setting next_dagrun for example_task_group to 2023-06-27T14:41:54.929395+00:00, run_after=2023-06-28T14:41:54.929395+00:00
[2023-06-28T14:41:54.960+0000] {processor.py:179} INFO - Processing /home/airflow/.local/lib/python3.7/site-packages/airflow/example_dags/example_task_group.py took 0.129 seconds
[2023-06-28T14:42:25.421+0000] {processor.py:157} INFO - Started process (PID=3059) to work on /home/airflow/.local/lib/python3.7/site-packages/airflow/example_dags/example_task_group.py
[2023-06-28T14:42:25.422+0000] {processor.py:826} INFO - Processing file /home/airflow/.local/lib/python3.7/site-packages/airflow/example_dags/example_task_group.py for tasks to queue
[2023-06-28T14:42:25.423+0000] {logging_mixin.py:149} INFO - [2023-06-28T14:42:25.423+0000] {dagbag.py:541} INFO - Filling up the DagBag from /home/airflow/.local/lib/python3.7/site-packages/airflow/example_dags/example_task_group.py
[2023-06-28T14:42:25.433+0000] {processor.py:836} INFO - DAG(s) dict_keys(['example_task_group']) retrieved from /home/airflow/.local/lib/python3.7/site-packages/airflow/example_dags/example_task_group.py
[2023-06-28T14:42:25.467+0000] {logging_mixin.py:149} INFO - [2023-06-28T14:42:25.467+0000] {dag.py:2726} INFO - Sync 1 DAGs
[2023-06-28T14:42:25.505+0000] {logging_mixin.py:149} INFO - [2023-06-28T14:42:25.504+0000] {dag.py:3490} INFO - Setting next_dagrun for example_task_group to 2023-06-27T14:42:25.504547+00:00, run_after=2023-06-28T14:42:25.504547+00:00
[2023-06-28T14:42:25.567+0000] {processor.py:179} INFO - Processing /home/airflow/.local/lib/python3.7/site-packages/airflow/example_dags/example_task_group.py took 0.151 seconds
[2023-06-28T14:42:56.279+0000] {processor.py:157} INFO - Started process (PID=3118) to work on /home/airflow/.local/lib/python3.7/site-packages/airflow/example_dags/example_task_group.py
[2023-06-28T14:42:56.281+0000] {processor.py:826} INFO - Processing file /home/airflow/.local/lib/python3.7/site-packages/airflow/example_dags/example_task_group.py for tasks to queue
[2023-06-28T14:42:56.283+0000] {logging_mixin.py:149} INFO - [2023-06-28T14:42:56.283+0000] {dagbag.py:541} INFO - Filling up the DagBag from /home/airflow/.local/lib/python3.7/site-packages/airflow/example_dags/example_task_group.py
[2023-06-28T14:42:56.297+0000] {processor.py:836} INFO - DAG(s) dict_keys(['example_task_group']) retrieved from /home/airflow/.local/lib/python3.7/site-packages/airflow/example_dags/example_task_group.py
[2023-06-28T14:42:56.338+0000] {logging_mixin.py:149} INFO - [2023-06-28T14:42:56.338+0000] {dag.py:2726} INFO - Sync 1 DAGs
[2023-06-28T14:42:56.382+0000] {logging_mixin.py:149} INFO - [2023-06-28T14:42:56.382+0000] {dag.py:3490} INFO - Setting next_dagrun for example_task_group to 2023-06-27T14:42:56.382148+00:00, run_after=2023-06-28T14:42:56.382148+00:00
[2023-06-28T14:42:56.437+0000] {processor.py:179} INFO - Processing /home/airflow/.local/lib/python3.7/site-packages/airflow/example_dags/example_task_group.py took 0.162 seconds
[2023-06-28T14:43:26.602+0000] {processor.py:157} INFO - Started process (PID=3177) to work on /home/airflow/.local/lib/python3.7/site-packages/airflow/example_dags/example_task_group.py
[2023-06-28T14:43:26.604+0000] {processor.py:826} INFO - Processing file /home/airflow/.local/lib/python3.7/site-packages/airflow/example_dags/example_task_group.py for tasks to queue
[2023-06-28T14:43:26.606+0000] {logging_mixin.py:149} INFO - [2023-06-28T14:43:26.605+0000] {dagbag.py:541} INFO - Filling up the DagBag from /home/airflow/.local/lib/python3.7/site-packages/airflow/example_dags/example_task_group.py
[2023-06-28T14:43:26.640+0000] {processor.py:836} INFO - DAG(s) dict_keys(['example_task_group']) retrieved from /home/airflow/.local/lib/python3.7/site-packages/airflow/example_dags/example_task_group.py
[2023-06-28T14:43:26.697+0000] {logging_mixin.py:149} INFO - [2023-06-28T14:43:26.697+0000] {dag.py:2726} INFO - Sync 1 DAGs
[2023-06-28T14:43:26.747+0000] {logging_mixin.py:149} INFO - [2023-06-28T14:43:26.747+0000] {dag.py:3490} INFO - Setting next_dagrun for example_task_group to 2023-06-27T14:43:26.746798+00:00, run_after=2023-06-28T14:43:26.746798+00:00
[2023-06-28T14:43:26.804+0000] {processor.py:179} INFO - Processing /home/airflow/.local/lib/python3.7/site-packages/airflow/example_dags/example_task_group.py took 0.208 seconds
[2023-06-28T14:43:57.699+0000] {processor.py:157} INFO - Started process (PID=3236) to work on /home/airflow/.local/lib/python3.7/site-packages/airflow/example_dags/example_task_group.py
[2023-06-28T14:43:57.702+0000] {processor.py:826} INFO - Processing file /home/airflow/.local/lib/python3.7/site-packages/airflow/example_dags/example_task_group.py for tasks to queue
[2023-06-28T14:43:57.715+0000] {logging_mixin.py:149} INFO - [2023-06-28T14:43:57.714+0000] {dagbag.py:541} INFO - Filling up the DagBag from /home/airflow/.local/lib/python3.7/site-packages/airflow/example_dags/example_task_group.py
[2023-06-28T14:43:57.767+0000] {processor.py:836} INFO - DAG(s) dict_keys(['example_task_group']) retrieved from /home/airflow/.local/lib/python3.7/site-packages/airflow/example_dags/example_task_group.py
[2023-06-28T14:43:57.888+0000] {logging_mixin.py:149} INFO - [2023-06-28T14:43:57.887+0000] {dag.py:2726} INFO - Sync 1 DAGs
[2023-06-28T14:43:58.115+0000] {logging_mixin.py:149} INFO - [2023-06-28T14:43:58.114+0000] {dag.py:3490} INFO - Setting next_dagrun for example_task_group to 2023-06-27T14:43:58.114202+00:00, run_after=2023-06-28T14:43:58.114202+00:00
[2023-06-28T14:43:58.254+0000] {processor.py:179} INFO - Processing /home/airflow/.local/lib/python3.7/site-packages/airflow/example_dags/example_task_group.py took 0.575 seconds
[2023-06-28T14:44:30.978+0000] {processor.py:157} INFO - Started process (PID=3303) to work on /home/airflow/.local/lib/python3.7/site-packages/airflow/example_dags/example_task_group.py
[2023-06-28T14:44:30.992+0000] {processor.py:826} INFO - Processing file /home/airflow/.local/lib/python3.7/site-packages/airflow/example_dags/example_task_group.py for tasks to queue
[2023-06-28T14:44:30.994+0000] {logging_mixin.py:149} INFO - [2023-06-28T14:44:30.993+0000] {dagbag.py:541} INFO - Filling up the DagBag from /home/airflow/.local/lib/python3.7/site-packages/airflow/example_dags/example_task_group.py
[2023-06-28T14:44:31.037+0000] {processor.py:836} INFO - DAG(s) dict_keys(['example_task_group']) retrieved from /home/airflow/.local/lib/python3.7/site-packages/airflow/example_dags/example_task_group.py
[2023-06-28T14:44:31.200+0000] {logging_mixin.py:149} INFO - [2023-06-28T14:44:31.199+0000] {dag.py:2726} INFO - Sync 1 DAGs
[2023-06-28T14:44:31.368+0000] {logging_mixin.py:149} INFO - [2023-06-28T14:44:31.367+0000] {dag.py:3490} INFO - Setting next_dagrun for example_task_group to 2023-06-27T14:44:31.367468+00:00, run_after=2023-06-28T14:44:31.367468+00:00
[2023-06-28T14:44:31.499+0000] {processor.py:179} INFO - Processing /home/airflow/.local/lib/python3.7/site-packages/airflow/example_dags/example_task_group.py took 0.528 seconds
[2023-06-28T14:45:02.968+0000] {processor.py:157} INFO - Started process (PID=3362) to work on /home/airflow/.local/lib/python3.7/site-packages/airflow/example_dags/example_task_group.py
[2023-06-28T14:45:02.969+0000] {processor.py:826} INFO - Processing file /home/airflow/.local/lib/python3.7/site-packages/airflow/example_dags/example_task_group.py for tasks to queue
[2023-06-28T14:45:02.970+0000] {logging_mixin.py:149} INFO - [2023-06-28T14:45:02.970+0000] {dagbag.py:541} INFO - Filling up the DagBag from /home/airflow/.local/lib/python3.7/site-packages/airflow/example_dags/example_task_group.py
[2023-06-28T14:45:02.984+0000] {processor.py:836} INFO - DAG(s) dict_keys(['example_task_group']) retrieved from /home/airflow/.local/lib/python3.7/site-packages/airflow/example_dags/example_task_group.py
[2023-06-28T14:45:03.047+0000] {logging_mixin.py:149} INFO - [2023-06-28T14:45:03.046+0000] {dag.py:2726} INFO - Sync 1 DAGs
[2023-06-28T14:45:03.147+0000] {logging_mixin.py:149} INFO - [2023-06-28T14:45:03.147+0000] {dag.py:3490} INFO - Setting next_dagrun for example_task_group to 2023-06-27T14:45:03.146508+00:00, run_after=2023-06-28T14:45:03.146508+00:00
[2023-06-28T14:45:03.218+0000] {processor.py:179} INFO - Processing /home/airflow/.local/lib/python3.7/site-packages/airflow/example_dags/example_task_group.py took 0.257 seconds
[2023-06-28T14:45:33.760+0000] {processor.py:157} INFO - Started process (PID=3418) to work on /home/airflow/.local/lib/python3.7/site-packages/airflow/example_dags/example_task_group.py
[2023-06-28T14:45:33.761+0000] {processor.py:826} INFO - Processing file /home/airflow/.local/lib/python3.7/site-packages/airflow/example_dags/example_task_group.py for tasks to queue
[2023-06-28T14:45:33.763+0000] {logging_mixin.py:149} INFO - [2023-06-28T14:45:33.763+0000] {dagbag.py:541} INFO - Filling up the DagBag from /home/airflow/.local/lib/python3.7/site-packages/airflow/example_dags/example_task_group.py
[2023-06-28T14:45:33.777+0000] {processor.py:836} INFO - DAG(s) dict_keys(['example_task_group']) retrieved from /home/airflow/.local/lib/python3.7/site-packages/airflow/example_dags/example_task_group.py
[2023-06-28T14:45:33.828+0000] {logging_mixin.py:149} INFO - [2023-06-28T14:45:33.827+0000] {dag.py:2726} INFO - Sync 1 DAGs
[2023-06-28T14:45:33.896+0000] {logging_mixin.py:149} INFO - [2023-06-28T14:45:33.896+0000] {dag.py:3490} INFO - Setting next_dagrun for example_task_group to 2023-06-27T14:45:33.896215+00:00, run_after=2023-06-28T14:45:33.896215+00:00
[2023-06-28T14:45:33.942+0000] {processor.py:179} INFO - Processing /home/airflow/.local/lib/python3.7/site-packages/airflow/example_dags/example_task_group.py took 0.189 seconds
[2023-06-28T14:46:04.311+0000] {processor.py:157} INFO - Started process (PID=3477) to work on /home/airflow/.local/lib/python3.7/site-packages/airflow/example_dags/example_task_group.py
[2023-06-28T14:46:04.312+0000] {processor.py:826} INFO - Processing file /home/airflow/.local/lib/python3.7/site-packages/airflow/example_dags/example_task_group.py for tasks to queue
[2023-06-28T14:46:04.313+0000] {logging_mixin.py:149} INFO - [2023-06-28T14:46:04.313+0000] {dagbag.py:541} INFO - Filling up the DagBag from /home/airflow/.local/lib/python3.7/site-packages/airflow/example_dags/example_task_group.py
[2023-06-28T14:46:04.324+0000] {processor.py:836} INFO - DAG(s) dict_keys(['example_task_group']) retrieved from /home/airflow/.local/lib/python3.7/site-packages/airflow/example_dags/example_task_group.py
[2023-06-28T14:46:04.358+0000] {logging_mixin.py:149} INFO - [2023-06-28T14:46:04.358+0000] {dag.py:2726} INFO - Sync 1 DAGs
[2023-06-28T14:46:04.410+0000] {logging_mixin.py:149} INFO - [2023-06-28T14:46:04.410+0000] {dag.py:3490} INFO - Setting next_dagrun for example_task_group to 2023-06-27T14:46:04.409946+00:00, run_after=2023-06-28T14:46:04.409946+00:00
[2023-06-28T14:46:04.452+0000] {processor.py:179} INFO - Processing /home/airflow/.local/lib/python3.7/site-packages/airflow/example_dags/example_task_group.py took 0.146 seconds
[2023-06-28T14:46:35.689+0000] {processor.py:157} INFO - Started process (PID=3536) to work on /home/airflow/.local/lib/python3.7/site-packages/airflow/example_dags/example_task_group.py
[2023-06-28T14:46:35.691+0000] {processor.py:826} INFO - Processing file /home/airflow/.local/lib/python3.7/site-packages/airflow/example_dags/example_task_group.py for tasks to queue
[2023-06-28T14:46:35.694+0000] {logging_mixin.py:149} INFO - [2023-06-28T14:46:35.693+0000] {dagbag.py:541} INFO - Filling up the DagBag from /home/airflow/.local/lib/python3.7/site-packages/airflow/example_dags/example_task_group.py
[2023-06-28T14:46:35.715+0000] {processor.py:836} INFO - DAG(s) dict_keys(['example_task_group']) retrieved from /home/airflow/.local/lib/python3.7/site-packages/airflow/example_dags/example_task_group.py
[2023-06-28T14:46:35.810+0000] {logging_mixin.py:149} INFO - [2023-06-28T14:46:35.809+0000] {dag.py:2726} INFO - Sync 1 DAGs
[2023-06-28T14:46:35.929+0000] {logging_mixin.py:149} INFO - [2023-06-28T14:46:35.929+0000] {dag.py:3490} INFO - Setting next_dagrun for example_task_group to 2023-06-27T14:46:35.929134+00:00, run_after=2023-06-28T14:46:35.929134+00:00
[2023-06-28T14:46:36.010+0000] {processor.py:179} INFO - Processing /home/airflow/.local/lib/python3.7/site-packages/airflow/example_dags/example_task_group.py took 0.334 seconds
[2023-06-28T14:47:06.412+0000] {processor.py:157} INFO - Started process (PID=3595) to work on /home/airflow/.local/lib/python3.7/site-packages/airflow/example_dags/example_task_group.py
[2023-06-28T14:47:06.420+0000] {processor.py:826} INFO - Processing file /home/airflow/.local/lib/python3.7/site-packages/airflow/example_dags/example_task_group.py for tasks to queue
[2023-06-28T14:47:06.423+0000] {logging_mixin.py:149} INFO - [2023-06-28T14:47:06.422+0000] {dagbag.py:541} INFO - Filling up the DagBag from /home/airflow/.local/lib/python3.7/site-packages/airflow/example_dags/example_task_group.py
[2023-06-28T14:47:06.495+0000] {processor.py:836} INFO - DAG(s) dict_keys(['example_task_group']) retrieved from /home/airflow/.local/lib/python3.7/site-packages/airflow/example_dags/example_task_group.py
[2023-06-28T14:47:06.641+0000] {logging_mixin.py:149} INFO - [2023-06-28T14:47:06.641+0000] {dag.py:2726} INFO - Sync 1 DAGs
[2023-06-28T14:47:06.804+0000] {logging_mixin.py:149} INFO - [2023-06-28T14:47:06.803+0000] {dag.py:3490} INFO - Setting next_dagrun for example_task_group to 2023-06-27T14:47:06.803326+00:00, run_after=2023-06-28T14:47:06.803326+00:00
[2023-06-28T14:47:06.918+0000] {processor.py:179} INFO - Processing /home/airflow/.local/lib/python3.7/site-packages/airflow/example_dags/example_task_group.py took 0.512 seconds
[2023-06-28T14:47:37.812+0000] {processor.py:157} INFO - Started process (PID=3654) to work on /home/airflow/.local/lib/python3.7/site-packages/airflow/example_dags/example_task_group.py
[2023-06-28T14:47:37.814+0000] {processor.py:826} INFO - Processing file /home/airflow/.local/lib/python3.7/site-packages/airflow/example_dags/example_task_group.py for tasks to queue
[2023-06-28T14:47:37.815+0000] {logging_mixin.py:149} INFO - [2023-06-28T14:47:37.815+0000] {dagbag.py:541} INFO - Filling up the DagBag from /home/airflow/.local/lib/python3.7/site-packages/airflow/example_dags/example_task_group.py
[2023-06-28T14:47:37.833+0000] {processor.py:836} INFO - DAG(s) dict_keys(['example_task_group']) retrieved from /home/airflow/.local/lib/python3.7/site-packages/airflow/example_dags/example_task_group.py
[2023-06-28T14:47:37.888+0000] {logging_mixin.py:149} INFO - [2023-06-28T14:47:37.888+0000] {dag.py:2726} INFO - Sync 1 DAGs
[2023-06-28T14:47:37.944+0000] {logging_mixin.py:149} INFO - [2023-06-28T14:47:37.944+0000] {dag.py:3490} INFO - Setting next_dagrun for example_task_group to 2023-06-27T14:47:37.944029+00:00, run_after=2023-06-28T14:47:37.944029+00:00
[2023-06-28T14:47:37.980+0000] {processor.py:179} INFO - Processing /home/airflow/.local/lib/python3.7/site-packages/airflow/example_dags/example_task_group.py took 0.175 seconds
[2023-06-28T14:48:08.242+0000] {processor.py:157} INFO - Started process (PID=3714) to work on /home/airflow/.local/lib/python3.7/site-packages/airflow/example_dags/example_task_group.py
[2023-06-28T14:48:08.243+0000] {processor.py:826} INFO - Processing file /home/airflow/.local/lib/python3.7/site-packages/airflow/example_dags/example_task_group.py for tasks to queue
[2023-06-28T14:48:08.245+0000] {logging_mixin.py:149} INFO - [2023-06-28T14:48:08.245+0000] {dagbag.py:541} INFO - Filling up the DagBag from /home/airflow/.local/lib/python3.7/site-packages/airflow/example_dags/example_task_group.py
[2023-06-28T14:48:08.258+0000] {processor.py:836} INFO - DAG(s) dict_keys(['example_task_group']) retrieved from /home/airflow/.local/lib/python3.7/site-packages/airflow/example_dags/example_task_group.py
[2023-06-28T14:48:08.296+0000] {logging_mixin.py:149} INFO - [2023-06-28T14:48:08.296+0000] {dag.py:2726} INFO - Sync 1 DAGs
[2023-06-28T14:48:08.339+0000] {logging_mixin.py:149} INFO - [2023-06-28T14:48:08.339+0000] {dag.py:3490} INFO - Setting next_dagrun for example_task_group to 2023-06-27T14:48:08.339004+00:00, run_after=2023-06-28T14:48:08.339004+00:00
[2023-06-28T14:48:08.370+0000] {processor.py:179} INFO - Processing /home/airflow/.local/lib/python3.7/site-packages/airflow/example_dags/example_task_group.py took 0.133 seconds
