[2023-06-28T14:16:43.908+0000] {processor.py:157} INFO - Started process (PID=77) to work on /home/airflow/.local/lib/python3.7/site-packages/airflow/example_dags/example_latest_only_with_trigger.py
[2023-06-28T14:16:43.910+0000] {processor.py:826} INFO - Processing file /home/airflow/.local/lib/python3.7/site-packages/airflow/example_dags/example_latest_only_with_trigger.py for tasks to queue
[2023-06-28T14:16:43.915+0000] {logging_mixin.py:149} INFO - [2023-06-28T14:16:43.914+0000] {dagbag.py:541} INFO - Filling up the DagBag from /home/airflow/.local/lib/python3.7/site-packages/airflow/example_dags/example_latest_only_with_trigger.py
[2023-06-28T14:16:43.993+0000] {processor.py:836} INFO - DAG(s) dict_keys(['latest_only_with_trigger']) retrieved from /home/airflow/.local/lib/python3.7/site-packages/airflow/example_dags/example_latest_only_with_trigger.py
[2023-06-28T14:16:44.200+0000] {logging_mixin.py:149} INFO - [2023-06-28T14:16:44.199+0000] {dag.py:2726} INFO - Sync 1 DAGs
[2023-06-28T14:16:44.454+0000] {logging_mixin.py:149} INFO - [2023-06-28T14:16:44.454+0000] {dag.py:3490} INFO - Setting next_dagrun for latest_only_with_trigger to 2023-06-28T10:16:44.454058+00:00, run_after=2023-06-28T14:16:44.454058+00:00
[2023-06-28T14:16:44.617+0000] {processor.py:179} INFO - Processing /home/airflow/.local/lib/python3.7/site-packages/airflow/example_dags/example_latest_only_with_trigger.py took 0.715 seconds
[2023-06-28T14:17:16.499+0000] {processor.py:157} INFO - Started process (PID=136) to work on /home/airflow/.local/lib/python3.7/site-packages/airflow/example_dags/example_latest_only_with_trigger.py
[2023-06-28T14:17:16.501+0000] {processor.py:826} INFO - Processing file /home/airflow/.local/lib/python3.7/site-packages/airflow/example_dags/example_latest_only_with_trigger.py for tasks to queue
[2023-06-28T14:17:16.504+0000] {logging_mixin.py:149} INFO - [2023-06-28T14:17:16.503+0000] {dagbag.py:541} INFO - Filling up the DagBag from /home/airflow/.local/lib/python3.7/site-packages/airflow/example_dags/example_latest_only_with_trigger.py
[2023-06-28T14:17:16.518+0000] {processor.py:836} INFO - DAG(s) dict_keys(['latest_only_with_trigger']) retrieved from /home/airflow/.local/lib/python3.7/site-packages/airflow/example_dags/example_latest_only_with_trigger.py
[2023-06-28T14:17:16.700+0000] {logging_mixin.py:149} INFO - [2023-06-28T14:17:16.700+0000] {dag.py:2726} INFO - Sync 1 DAGs
[2023-06-28T14:17:17.035+0000] {logging_mixin.py:149} INFO - [2023-06-28T14:17:17.015+0000] {dag.py:3490} INFO - Setting next_dagrun for latest_only_with_trigger to 2023-06-28T10:17:17.014542+00:00, run_after=2023-06-28T14:17:17.014542+00:00
[2023-06-28T14:17:17.410+0000] {processor.py:179} INFO - Processing /home/airflow/.local/lib/python3.7/site-packages/airflow/example_dags/example_latest_only_with_trigger.py took 0.919 seconds
[2023-06-28T14:17:48.237+0000] {processor.py:157} INFO - Started process (PID=201) to work on /home/airflow/.local/lib/python3.7/site-packages/airflow/example_dags/example_latest_only_with_trigger.py
[2023-06-28T14:17:48.238+0000] {processor.py:826} INFO - Processing file /home/airflow/.local/lib/python3.7/site-packages/airflow/example_dags/example_latest_only_with_trigger.py for tasks to queue
[2023-06-28T14:17:48.240+0000] {logging_mixin.py:149} INFO - [2023-06-28T14:17:48.240+0000] {dagbag.py:541} INFO - Filling up the DagBag from /home/airflow/.local/lib/python3.7/site-packages/airflow/example_dags/example_latest_only_with_trigger.py
[2023-06-28T14:17:48.253+0000] {processor.py:836} INFO - DAG(s) dict_keys(['latest_only_with_trigger']) retrieved from /home/airflow/.local/lib/python3.7/site-packages/airflow/example_dags/example_latest_only_with_trigger.py
[2023-06-28T14:17:48.279+0000] {logging_mixin.py:149} INFO - [2023-06-28T14:17:48.279+0000] {dag.py:2726} INFO - Sync 1 DAGs
[2023-06-28T14:17:48.339+0000] {logging_mixin.py:149} INFO - [2023-06-28T14:17:48.338+0000] {dag.py:3490} INFO - Setting next_dagrun for latest_only_with_trigger to 2023-06-28T10:17:48.338470+00:00, run_after=2023-06-28T14:17:48.338470+00:00
[2023-06-28T14:17:48.390+0000] {processor.py:179} INFO - Processing /home/airflow/.local/lib/python3.7/site-packages/airflow/example_dags/example_latest_only_with_trigger.py took 0.160 seconds
[2023-06-28T14:18:18.718+0000] {processor.py:157} INFO - Started process (PID=260) to work on /home/airflow/.local/lib/python3.7/site-packages/airflow/example_dags/example_latest_only_with_trigger.py
[2023-06-28T14:18:18.719+0000] {processor.py:826} INFO - Processing file /home/airflow/.local/lib/python3.7/site-packages/airflow/example_dags/example_latest_only_with_trigger.py for tasks to queue
[2023-06-28T14:18:18.721+0000] {logging_mixin.py:149} INFO - [2023-06-28T14:18:18.721+0000] {dagbag.py:541} INFO - Filling up the DagBag from /home/airflow/.local/lib/python3.7/site-packages/airflow/example_dags/example_latest_only_with_trigger.py
[2023-06-28T14:18:18.730+0000] {processor.py:836} INFO - DAG(s) dict_keys(['latest_only_with_trigger']) retrieved from /home/airflow/.local/lib/python3.7/site-packages/airflow/example_dags/example_latest_only_with_trigger.py
[2023-06-28T14:18:18.764+0000] {logging_mixin.py:149} INFO - [2023-06-28T14:18:18.764+0000] {dag.py:2726} INFO - Sync 1 DAGs
[2023-06-28T14:18:18.807+0000] {logging_mixin.py:149} INFO - [2023-06-28T14:18:18.807+0000] {dag.py:3490} INFO - Setting next_dagrun for latest_only_with_trigger to 2023-06-28T10:18:18.807081+00:00, run_after=2023-06-28T14:18:18.807081+00:00
[2023-06-28T14:18:18.841+0000] {processor.py:179} INFO - Processing /home/airflow/.local/lib/python3.7/site-packages/airflow/example_dags/example_latest_only_with_trigger.py took 0.127 seconds
[2023-06-28T14:18:48.944+0000] {processor.py:157} INFO - Started process (PID=318) to work on /home/airflow/.local/lib/python3.7/site-packages/airflow/example_dags/example_latest_only_with_trigger.py
[2023-06-28T14:18:48.949+0000] {processor.py:826} INFO - Processing file /home/airflow/.local/lib/python3.7/site-packages/airflow/example_dags/example_latest_only_with_trigger.py for tasks to queue
[2023-06-28T14:18:48.951+0000] {logging_mixin.py:149} INFO - [2023-06-28T14:18:48.951+0000] {dagbag.py:541} INFO - Filling up the DagBag from /home/airflow/.local/lib/python3.7/site-packages/airflow/example_dags/example_latest_only_with_trigger.py
[2023-06-28T14:18:48.969+0000] {processor.py:836} INFO - DAG(s) dict_keys(['latest_only_with_trigger']) retrieved from /home/airflow/.local/lib/python3.7/site-packages/airflow/example_dags/example_latest_only_with_trigger.py
[2023-06-28T14:18:49.040+0000] {logging_mixin.py:149} INFO - [2023-06-28T14:18:49.040+0000] {dag.py:2726} INFO - Sync 1 DAGs
[2023-06-28T14:18:49.124+0000] {logging_mixin.py:149} INFO - [2023-06-28T14:18:49.124+0000] {dag.py:3490} INFO - Setting next_dagrun for latest_only_with_trigger to 2023-06-28T10:18:49.124222+00:00, run_after=2023-06-28T14:18:49.124222+00:00
[2023-06-28T14:18:49.202+0000] {processor.py:179} INFO - Processing /home/airflow/.local/lib/python3.7/site-packages/airflow/example_dags/example_latest_only_with_trigger.py took 0.264 seconds
[2023-06-28T14:19:19.599+0000] {processor.py:157} INFO - Started process (PID=377) to work on /home/airflow/.local/lib/python3.7/site-packages/airflow/example_dags/example_latest_only_with_trigger.py
[2023-06-28T14:19:19.602+0000] {processor.py:826} INFO - Processing file /home/airflow/.local/lib/python3.7/site-packages/airflow/example_dags/example_latest_only_with_trigger.py for tasks to queue
[2023-06-28T14:19:19.612+0000] {logging_mixin.py:149} INFO - [2023-06-28T14:19:19.612+0000] {dagbag.py:541} INFO - Filling up the DagBag from /home/airflow/.local/lib/python3.7/site-packages/airflow/example_dags/example_latest_only_with_trigger.py
[2023-06-28T14:19:19.650+0000] {processor.py:836} INFO - DAG(s) dict_keys(['latest_only_with_trigger']) retrieved from /home/airflow/.local/lib/python3.7/site-packages/airflow/example_dags/example_latest_only_with_trigger.py
[2023-06-28T14:19:19.815+0000] {logging_mixin.py:149} INFO - [2023-06-28T14:19:19.814+0000] {dag.py:2726} INFO - Sync 1 DAGs
[2023-06-28T14:19:19.995+0000] {logging_mixin.py:149} INFO - [2023-06-28T14:19:19.994+0000] {dag.py:3490} INFO - Setting next_dagrun for latest_only_with_trigger to 2023-06-28T10:19:19.994154+00:00, run_after=2023-06-28T14:19:19.994154+00:00
[2023-06-28T14:19:20.164+0000] {processor.py:179} INFO - Processing /home/airflow/.local/lib/python3.7/site-packages/airflow/example_dags/example_latest_only_with_trigger.py took 0.579 seconds
[2023-06-28T14:19:50.867+0000] {processor.py:157} INFO - Started process (PID=435) to work on /home/airflow/.local/lib/python3.7/site-packages/airflow/example_dags/example_latest_only_with_trigger.py
[2023-06-28T14:19:50.868+0000] {processor.py:826} INFO - Processing file /home/airflow/.local/lib/python3.7/site-packages/airflow/example_dags/example_latest_only_with_trigger.py for tasks to queue
[2023-06-28T14:19:50.871+0000] {logging_mixin.py:149} INFO - [2023-06-28T14:19:50.871+0000] {dagbag.py:541} INFO - Filling up the DagBag from /home/airflow/.local/lib/python3.7/site-packages/airflow/example_dags/example_latest_only_with_trigger.py
[2023-06-28T14:19:50.894+0000] {processor.py:836} INFO - DAG(s) dict_keys(['latest_only_with_trigger']) retrieved from /home/airflow/.local/lib/python3.7/site-packages/airflow/example_dags/example_latest_only_with_trigger.py
[2023-06-28T14:19:50.952+0000] {logging_mixin.py:149} INFO - [2023-06-28T14:19:50.951+0000] {dag.py:2726} INFO - Sync 1 DAGs
[2023-06-28T14:19:51.013+0000] {logging_mixin.py:149} INFO - [2023-06-28T14:19:51.013+0000] {dag.py:3490} INFO - Setting next_dagrun for latest_only_with_trigger to 2023-06-28T10:19:51.012862+00:00, run_after=2023-06-28T14:19:51.012862+00:00
[2023-06-28T14:19:51.121+0000] {processor.py:179} INFO - Processing /home/airflow/.local/lib/python3.7/site-packages/airflow/example_dags/example_latest_only_with_trigger.py took 0.264 seconds
[2023-06-28T14:20:21.335+0000] {processor.py:157} INFO - Started process (PID=495) to work on /home/airflow/.local/lib/python3.7/site-packages/airflow/example_dags/example_latest_only_with_trigger.py
[2023-06-28T14:20:21.336+0000] {processor.py:826} INFO - Processing file /home/airflow/.local/lib/python3.7/site-packages/airflow/example_dags/example_latest_only_with_trigger.py for tasks to queue
[2023-06-28T14:20:21.337+0000] {logging_mixin.py:149} INFO - [2023-06-28T14:20:21.337+0000] {dagbag.py:541} INFO - Filling up the DagBag from /home/airflow/.local/lib/python3.7/site-packages/airflow/example_dags/example_latest_only_with_trigger.py
[2023-06-28T14:20:21.345+0000] {processor.py:836} INFO - DAG(s) dict_keys(['latest_only_with_trigger']) retrieved from /home/airflow/.local/lib/python3.7/site-packages/airflow/example_dags/example_latest_only_with_trigger.py
[2023-06-28T14:20:21.377+0000] {logging_mixin.py:149} INFO - [2023-06-28T14:20:21.377+0000] {dag.py:2726} INFO - Sync 1 DAGs
[2023-06-28T14:20:21.411+0000] {logging_mixin.py:149} INFO - [2023-06-28T14:20:21.411+0000] {dag.py:3490} INFO - Setting next_dagrun for latest_only_with_trigger to 2023-06-28T10:20:21.410983+00:00, run_after=2023-06-28T14:20:21.410983+00:00
[2023-06-28T14:20:21.440+0000] {processor.py:179} INFO - Processing /home/airflow/.local/lib/python3.7/site-packages/airflow/example_dags/example_latest_only_with_trigger.py took 0.109 seconds
[2023-06-28T14:20:51.711+0000] {processor.py:157} INFO - Started process (PID=553) to work on /home/airflow/.local/lib/python3.7/site-packages/airflow/example_dags/example_latest_only_with_trigger.py
[2023-06-28T14:20:51.719+0000] {processor.py:826} INFO - Processing file /home/airflow/.local/lib/python3.7/site-packages/airflow/example_dags/example_latest_only_with_trigger.py for tasks to queue
[2023-06-28T14:20:51.722+0000] {logging_mixin.py:149} INFO - [2023-06-28T14:20:51.722+0000] {dagbag.py:541} INFO - Filling up the DagBag from /home/airflow/.local/lib/python3.7/site-packages/airflow/example_dags/example_latest_only_with_trigger.py
[2023-06-28T14:20:51.736+0000] {processor.py:836} INFO - DAG(s) dict_keys(['latest_only_with_trigger']) retrieved from /home/airflow/.local/lib/python3.7/site-packages/airflow/example_dags/example_latest_only_with_trigger.py
[2023-06-28T14:20:51.813+0000] {logging_mixin.py:149} INFO - [2023-06-28T14:20:51.812+0000] {dag.py:2726} INFO - Sync 1 DAGs
[2023-06-28T14:20:51.891+0000] {logging_mixin.py:149} INFO - [2023-06-28T14:20:51.890+0000] {dag.py:3490} INFO - Setting next_dagrun for latest_only_with_trigger to 2023-06-28T10:20:51.890665+00:00, run_after=2023-06-28T14:20:51.890665+00:00
[2023-06-28T14:20:51.925+0000] {processor.py:179} INFO - Processing /home/airflow/.local/lib/python3.7/site-packages/airflow/example_dags/example_latest_only_with_trigger.py took 0.220 seconds
[2023-06-28T14:21:22.006+0000] {processor.py:157} INFO - Started process (PID=613) to work on /home/airflow/.local/lib/python3.7/site-packages/airflow/example_dags/example_latest_only_with_trigger.py
[2023-06-28T14:21:22.009+0000] {processor.py:826} INFO - Processing file /home/airflow/.local/lib/python3.7/site-packages/airflow/example_dags/example_latest_only_with_trigger.py for tasks to queue
[2023-06-28T14:21:22.012+0000] {logging_mixin.py:149} INFO - [2023-06-28T14:21:22.011+0000] {dagbag.py:541} INFO - Filling up the DagBag from /home/airflow/.local/lib/python3.7/site-packages/airflow/example_dags/example_latest_only_with_trigger.py
[2023-06-28T14:21:22.030+0000] {processor.py:836} INFO - DAG(s) dict_keys(['latest_only_with_trigger']) retrieved from /home/airflow/.local/lib/python3.7/site-packages/airflow/example_dags/example_latest_only_with_trigger.py
[2023-06-28T14:21:22.071+0000] {logging_mixin.py:149} INFO - [2023-06-28T14:21:22.071+0000] {dag.py:2726} INFO - Sync 1 DAGs
[2023-06-28T14:21:22.122+0000] {logging_mixin.py:149} INFO - [2023-06-28T14:21:22.122+0000] {dag.py:3490} INFO - Setting next_dagrun for latest_only_with_trigger to 2023-06-28T10:21:22.122206+00:00, run_after=2023-06-28T14:21:22.122206+00:00
[2023-06-28T14:21:22.171+0000] {processor.py:179} INFO - Processing /home/airflow/.local/lib/python3.7/site-packages/airflow/example_dags/example_latest_only_with_trigger.py took 0.172 seconds
[2023-06-28T14:21:52.763+0000] {processor.py:157} INFO - Started process (PID=673) to work on /home/airflow/.local/lib/python3.7/site-packages/airflow/example_dags/example_latest_only_with_trigger.py
[2023-06-28T14:21:52.765+0000] {processor.py:826} INFO - Processing file /home/airflow/.local/lib/python3.7/site-packages/airflow/example_dags/example_latest_only_with_trigger.py for tasks to queue
[2023-06-28T14:21:52.767+0000] {logging_mixin.py:149} INFO - [2023-06-28T14:21:52.766+0000] {dagbag.py:541} INFO - Filling up the DagBag from /home/airflow/.local/lib/python3.7/site-packages/airflow/example_dags/example_latest_only_with_trigger.py
[2023-06-28T14:21:52.777+0000] {processor.py:836} INFO - DAG(s) dict_keys(['latest_only_with_trigger']) retrieved from /home/airflow/.local/lib/python3.7/site-packages/airflow/example_dags/example_latest_only_with_trigger.py
[2023-06-28T14:21:52.815+0000] {logging_mixin.py:149} INFO - [2023-06-28T14:21:52.815+0000] {dag.py:2726} INFO - Sync 1 DAGs
[2023-06-28T14:21:52.858+0000] {logging_mixin.py:149} INFO - [2023-06-28T14:21:52.858+0000] {dag.py:3490} INFO - Setting next_dagrun for latest_only_with_trigger to 2023-06-28T10:21:52.857883+00:00, run_after=2023-06-28T14:21:52.857883+00:00
[2023-06-28T14:21:52.895+0000] {processor.py:179} INFO - Processing /home/airflow/.local/lib/python3.7/site-packages/airflow/example_dags/example_latest_only_with_trigger.py took 0.136 seconds
[2023-06-28T14:22:23.803+0000] {processor.py:157} INFO - Started process (PID=732) to work on /home/airflow/.local/lib/python3.7/site-packages/airflow/example_dags/example_latest_only_with_trigger.py
[2023-06-28T14:22:23.805+0000] {processor.py:826} INFO - Processing file /home/airflow/.local/lib/python3.7/site-packages/airflow/example_dags/example_latest_only_with_trigger.py for tasks to queue
[2023-06-28T14:22:23.806+0000] {logging_mixin.py:149} INFO - [2023-06-28T14:22:23.806+0000] {dagbag.py:541} INFO - Filling up the DagBag from /home/airflow/.local/lib/python3.7/site-packages/airflow/example_dags/example_latest_only_with_trigger.py
[2023-06-28T14:22:23.816+0000] {processor.py:836} INFO - DAG(s) dict_keys(['latest_only_with_trigger']) retrieved from /home/airflow/.local/lib/python3.7/site-packages/airflow/example_dags/example_latest_only_with_trigger.py
[2023-06-28T14:22:23.849+0000] {logging_mixin.py:149} INFO - [2023-06-28T14:22:23.849+0000] {dag.py:2726} INFO - Sync 1 DAGs
[2023-06-28T14:22:23.899+0000] {logging_mixin.py:149} INFO - [2023-06-28T14:22:23.898+0000] {dag.py:3490} INFO - Setting next_dagrun for latest_only_with_trigger to 2023-06-28T10:22:23.895772+00:00, run_after=2023-06-28T14:22:23.895772+00:00
[2023-06-28T14:22:23.969+0000] {processor.py:179} INFO - Processing /home/airflow/.local/lib/python3.7/site-packages/airflow/example_dags/example_latest_only_with_trigger.py took 0.171 seconds
[2023-06-28T14:22:54.223+0000] {processor.py:157} INFO - Started process (PID=791) to work on /home/airflow/.local/lib/python3.7/site-packages/airflow/example_dags/example_latest_only_with_trigger.py
[2023-06-28T14:22:54.234+0000] {processor.py:826} INFO - Processing file /home/airflow/.local/lib/python3.7/site-packages/airflow/example_dags/example_latest_only_with_trigger.py for tasks to queue
[2023-06-28T14:22:54.236+0000] {logging_mixin.py:149} INFO - [2023-06-28T14:22:54.236+0000] {dagbag.py:541} INFO - Filling up the DagBag from /home/airflow/.local/lib/python3.7/site-packages/airflow/example_dags/example_latest_only_with_trigger.py
[2023-06-28T14:22:54.267+0000] {processor.py:836} INFO - DAG(s) dict_keys(['latest_only_with_trigger']) retrieved from /home/airflow/.local/lib/python3.7/site-packages/airflow/example_dags/example_latest_only_with_trigger.py
[2023-06-28T14:22:54.305+0000] {logging_mixin.py:149} INFO - [2023-06-28T14:22:54.305+0000] {dag.py:2726} INFO - Sync 1 DAGs
[2023-06-28T14:22:54.359+0000] {logging_mixin.py:149} INFO - [2023-06-28T14:22:54.359+0000] {dag.py:3490} INFO - Setting next_dagrun for latest_only_with_trigger to 2023-06-28T10:22:54.358730+00:00, run_after=2023-06-28T14:22:54.358730+00:00
[2023-06-28T14:22:54.400+0000] {processor.py:179} INFO - Processing /home/airflow/.local/lib/python3.7/site-packages/airflow/example_dags/example_latest_only_with_trigger.py took 0.182 seconds
[2023-06-28T14:23:24.616+0000] {processor.py:157} INFO - Started process (PID=851) to work on /home/airflow/.local/lib/python3.7/site-packages/airflow/example_dags/example_latest_only_with_trigger.py
[2023-06-28T14:23:24.617+0000] {processor.py:826} INFO - Processing file /home/airflow/.local/lib/python3.7/site-packages/airflow/example_dags/example_latest_only_with_trigger.py for tasks to queue
[2023-06-28T14:23:24.618+0000] {logging_mixin.py:149} INFO - [2023-06-28T14:23:24.618+0000] {dagbag.py:541} INFO - Filling up the DagBag from /home/airflow/.local/lib/python3.7/site-packages/airflow/example_dags/example_latest_only_with_trigger.py
[2023-06-28T14:23:24.626+0000] {processor.py:836} INFO - DAG(s) dict_keys(['latest_only_with_trigger']) retrieved from /home/airflow/.local/lib/python3.7/site-packages/airflow/example_dags/example_latest_only_with_trigger.py
[2023-06-28T14:23:24.660+0000] {logging_mixin.py:149} INFO - [2023-06-28T14:23:24.659+0000] {dag.py:2726} INFO - Sync 1 DAGs
[2023-06-28T14:23:24.693+0000] {logging_mixin.py:149} INFO - [2023-06-28T14:23:24.693+0000] {dag.py:3490} INFO - Setting next_dagrun for latest_only_with_trigger to 2023-06-28T10:23:24.693298+00:00, run_after=2023-06-28T14:23:24.693298+00:00
[2023-06-28T14:23:24.726+0000] {processor.py:179} INFO - Processing /home/airflow/.local/lib/python3.7/site-packages/airflow/example_dags/example_latest_only_with_trigger.py took 0.115 seconds
[2023-06-28T14:23:54.976+0000] {processor.py:157} INFO - Started process (PID=910) to work on /home/airflow/.local/lib/python3.7/site-packages/airflow/example_dags/example_latest_only_with_trigger.py
[2023-06-28T14:23:54.978+0000] {processor.py:826} INFO - Processing file /home/airflow/.local/lib/python3.7/site-packages/airflow/example_dags/example_latest_only_with_trigger.py for tasks to queue
[2023-06-28T14:23:54.979+0000] {logging_mixin.py:149} INFO - [2023-06-28T14:23:54.979+0000] {dagbag.py:541} INFO - Filling up the DagBag from /home/airflow/.local/lib/python3.7/site-packages/airflow/example_dags/example_latest_only_with_trigger.py
[2023-06-28T14:23:54.990+0000] {processor.py:836} INFO - DAG(s) dict_keys(['latest_only_with_trigger']) retrieved from /home/airflow/.local/lib/python3.7/site-packages/airflow/example_dags/example_latest_only_with_trigger.py
[2023-06-28T14:23:55.023+0000] {logging_mixin.py:149} INFO - [2023-06-28T14:23:55.023+0000] {dag.py:2726} INFO - Sync 1 DAGs
[2023-06-28T14:23:55.063+0000] {logging_mixin.py:149} INFO - [2023-06-28T14:23:55.062+0000] {dag.py:3490} INFO - Setting next_dagrun for latest_only_with_trigger to 2023-06-28T10:23:55.062640+00:00, run_after=2023-06-28T14:23:55.062640+00:00
[2023-06-28T14:23:55.103+0000] {processor.py:179} INFO - Processing /home/airflow/.local/lib/python3.7/site-packages/airflow/example_dags/example_latest_only_with_trigger.py took 0.132 seconds
[2023-06-28T14:24:26.076+0000] {processor.py:157} INFO - Started process (PID=968) to work on /home/airflow/.local/lib/python3.7/site-packages/airflow/example_dags/example_latest_only_with_trigger.py
[2023-06-28T14:24:26.078+0000] {processor.py:826} INFO - Processing file /home/airflow/.local/lib/python3.7/site-packages/airflow/example_dags/example_latest_only_with_trigger.py for tasks to queue
[2023-06-28T14:24:26.081+0000] {logging_mixin.py:149} INFO - [2023-06-28T14:24:26.080+0000] {dagbag.py:541} INFO - Filling up the DagBag from /home/airflow/.local/lib/python3.7/site-packages/airflow/example_dags/example_latest_only_with_trigger.py
[2023-06-28T14:24:26.094+0000] {processor.py:836} INFO - DAG(s) dict_keys(['latest_only_with_trigger']) retrieved from /home/airflow/.local/lib/python3.7/site-packages/airflow/example_dags/example_latest_only_with_trigger.py
[2023-06-28T14:24:26.141+0000] {logging_mixin.py:149} INFO - [2023-06-28T14:24:26.141+0000] {dag.py:2726} INFO - Sync 1 DAGs
[2023-06-28T14:24:26.200+0000] {logging_mixin.py:149} INFO - [2023-06-28T14:24:26.199+0000] {dag.py:3490} INFO - Setting next_dagrun for latest_only_with_trigger to 2023-06-28T10:24:26.199331+00:00, run_after=2023-06-28T14:24:26.199331+00:00
[2023-06-28T14:24:26.242+0000] {processor.py:179} INFO - Processing /home/airflow/.local/lib/python3.7/site-packages/airflow/example_dags/example_latest_only_with_trigger.py took 0.172 seconds
[2023-06-28T14:24:56.513+0000] {processor.py:157} INFO - Started process (PID=1028) to work on /home/airflow/.local/lib/python3.7/site-packages/airflow/example_dags/example_latest_only_with_trigger.py
[2023-06-28T14:24:56.515+0000] {processor.py:826} INFO - Processing file /home/airflow/.local/lib/python3.7/site-packages/airflow/example_dags/example_latest_only_with_trigger.py for tasks to queue
[2023-06-28T14:24:56.517+0000] {logging_mixin.py:149} INFO - [2023-06-28T14:24:56.516+0000] {dagbag.py:541} INFO - Filling up the DagBag from /home/airflow/.local/lib/python3.7/site-packages/airflow/example_dags/example_latest_only_with_trigger.py
[2023-06-28T14:24:56.529+0000] {processor.py:836} INFO - DAG(s) dict_keys(['latest_only_with_trigger']) retrieved from /home/airflow/.local/lib/python3.7/site-packages/airflow/example_dags/example_latest_only_with_trigger.py
[2023-06-28T14:24:56.582+0000] {logging_mixin.py:149} INFO - [2023-06-28T14:24:56.582+0000] {dag.py:2726} INFO - Sync 1 DAGs
[2023-06-28T14:24:56.639+0000] {logging_mixin.py:149} INFO - [2023-06-28T14:24:56.638+0000] {dag.py:3490} INFO - Setting next_dagrun for latest_only_with_trigger to 2023-06-28T10:24:56.638660+00:00, run_after=2023-06-28T14:24:56.638660+00:00
[2023-06-28T14:24:56.682+0000] {processor.py:179} INFO - Processing /home/airflow/.local/lib/python3.7/site-packages/airflow/example_dags/example_latest_only_with_trigger.py took 0.184 seconds
[2023-06-28T14:25:26.919+0000] {processor.py:157} INFO - Started process (PID=1086) to work on /home/airflow/.local/lib/python3.7/site-packages/airflow/example_dags/example_latest_only_with_trigger.py
[2023-06-28T14:25:26.921+0000] {processor.py:826} INFO - Processing file /home/airflow/.local/lib/python3.7/site-packages/airflow/example_dags/example_latest_only_with_trigger.py for tasks to queue
[2023-06-28T14:25:26.922+0000] {logging_mixin.py:149} INFO - [2023-06-28T14:25:26.922+0000] {dagbag.py:541} INFO - Filling up the DagBag from /home/airflow/.local/lib/python3.7/site-packages/airflow/example_dags/example_latest_only_with_trigger.py
[2023-06-28T14:25:26.931+0000] {processor.py:836} INFO - DAG(s) dict_keys(['latest_only_with_trigger']) retrieved from /home/airflow/.local/lib/python3.7/site-packages/airflow/example_dags/example_latest_only_with_trigger.py
[2023-06-28T14:25:26.970+0000] {logging_mixin.py:149} INFO - [2023-06-28T14:25:26.970+0000] {dag.py:2726} INFO - Sync 1 DAGs
[2023-06-28T14:25:27.011+0000] {logging_mixin.py:149} INFO - [2023-06-28T14:25:27.011+0000] {dag.py:3490} INFO - Setting next_dagrun for latest_only_with_trigger to 2023-06-28T10:25:27.011195+00:00, run_after=2023-06-28T14:25:27.011195+00:00
[2023-06-28T14:25:27.048+0000] {processor.py:179} INFO - Processing /home/airflow/.local/lib/python3.7/site-packages/airflow/example_dags/example_latest_only_with_trigger.py took 0.134 seconds
[2023-06-28T14:25:57.567+0000] {processor.py:157} INFO - Started process (PID=1145) to work on /home/airflow/.local/lib/python3.7/site-packages/airflow/example_dags/example_latest_only_with_trigger.py
[2023-06-28T14:25:57.568+0000] {processor.py:826} INFO - Processing file /home/airflow/.local/lib/python3.7/site-packages/airflow/example_dags/example_latest_only_with_trigger.py for tasks to queue
[2023-06-28T14:25:57.570+0000] {logging_mixin.py:149} INFO - [2023-06-28T14:25:57.569+0000] {dagbag.py:541} INFO - Filling up the DagBag from /home/airflow/.local/lib/python3.7/site-packages/airflow/example_dags/example_latest_only_with_trigger.py
[2023-06-28T14:25:57.585+0000] {processor.py:836} INFO - DAG(s) dict_keys(['latest_only_with_trigger']) retrieved from /home/airflow/.local/lib/python3.7/site-packages/airflow/example_dags/example_latest_only_with_trigger.py
[2023-06-28T14:25:57.725+0000] {logging_mixin.py:149} INFO - [2023-06-28T14:25:57.724+0000] {dag.py:2726} INFO - Sync 1 DAGs
[2023-06-28T14:25:57.808+0000] {logging_mixin.py:149} INFO - [2023-06-28T14:25:57.808+0000] {dag.py:3490} INFO - Setting next_dagrun for latest_only_with_trigger to 2023-06-28T10:25:57.808148+00:00, run_after=2023-06-28T14:25:57.808148+00:00
[2023-06-28T14:25:57.866+0000] {processor.py:179} INFO - Processing /home/airflow/.local/lib/python3.7/site-packages/airflow/example_dags/example_latest_only_with_trigger.py took 0.305 seconds
[2023-06-28T14:26:28.588+0000] {processor.py:157} INFO - Started process (PID=1205) to work on /home/airflow/.local/lib/python3.7/site-packages/airflow/example_dags/example_latest_only_with_trigger.py
[2023-06-28T14:26:28.589+0000] {processor.py:826} INFO - Processing file /home/airflow/.local/lib/python3.7/site-packages/airflow/example_dags/example_latest_only_with_trigger.py for tasks to queue
[2023-06-28T14:26:28.591+0000] {logging_mixin.py:149} INFO - [2023-06-28T14:26:28.591+0000] {dagbag.py:541} INFO - Filling up the DagBag from /home/airflow/.local/lib/python3.7/site-packages/airflow/example_dags/example_latest_only_with_trigger.py
[2023-06-28T14:26:28.602+0000] {processor.py:836} INFO - DAG(s) dict_keys(['latest_only_with_trigger']) retrieved from /home/airflow/.local/lib/python3.7/site-packages/airflow/example_dags/example_latest_only_with_trigger.py
[2023-06-28T14:26:28.645+0000] {logging_mixin.py:149} INFO - [2023-06-28T14:26:28.644+0000] {dag.py:2726} INFO - Sync 1 DAGs
[2023-06-28T14:26:28.694+0000] {logging_mixin.py:149} INFO - [2023-06-28T14:26:28.694+0000] {dag.py:3490} INFO - Setting next_dagrun for latest_only_with_trigger to 2023-06-28T10:26:28.694106+00:00, run_after=2023-06-28T14:26:28.694106+00:00
[2023-06-28T14:26:28.738+0000] {processor.py:179} INFO - Processing /home/airflow/.local/lib/python3.7/site-packages/airflow/example_dags/example_latest_only_with_trigger.py took 0.155 seconds
[2023-06-28T14:26:58.807+0000] {processor.py:157} INFO - Started process (PID=1264) to work on /home/airflow/.local/lib/python3.7/site-packages/airflow/example_dags/example_latest_only_with_trigger.py
[2023-06-28T14:26:58.808+0000] {processor.py:826} INFO - Processing file /home/airflow/.local/lib/python3.7/site-packages/airflow/example_dags/example_latest_only_with_trigger.py for tasks to queue
[2023-06-28T14:26:58.809+0000] {logging_mixin.py:149} INFO - [2023-06-28T14:26:58.809+0000] {dagbag.py:541} INFO - Filling up the DagBag from /home/airflow/.local/lib/python3.7/site-packages/airflow/example_dags/example_latest_only_with_trigger.py
[2023-06-28T14:26:58.819+0000] {processor.py:836} INFO - DAG(s) dict_keys(['latest_only_with_trigger']) retrieved from /home/airflow/.local/lib/python3.7/site-packages/airflow/example_dags/example_latest_only_with_trigger.py
[2023-06-28T14:26:58.863+0000] {logging_mixin.py:149} INFO - [2023-06-28T14:26:58.862+0000] {dag.py:2726} INFO - Sync 1 DAGs
[2023-06-28T14:26:58.913+0000] {logging_mixin.py:149} INFO - [2023-06-28T14:26:58.913+0000] {dag.py:3490} INFO - Setting next_dagrun for latest_only_with_trigger to 2023-06-28T10:26:58.913030+00:00, run_after=2023-06-28T14:26:58.913030+00:00
[2023-06-28T14:26:58.950+0000] {processor.py:179} INFO - Processing /home/airflow/.local/lib/python3.7/site-packages/airflow/example_dags/example_latest_only_with_trigger.py took 0.148 seconds
[2023-06-28T14:27:29.405+0000] {processor.py:157} INFO - Started process (PID=1323) to work on /home/airflow/.local/lib/python3.7/site-packages/airflow/example_dags/example_latest_only_with_trigger.py
[2023-06-28T14:27:29.406+0000] {processor.py:826} INFO - Processing file /home/airflow/.local/lib/python3.7/site-packages/airflow/example_dags/example_latest_only_with_trigger.py for tasks to queue
[2023-06-28T14:27:29.407+0000] {logging_mixin.py:149} INFO - [2023-06-28T14:27:29.407+0000] {dagbag.py:541} INFO - Filling up the DagBag from /home/airflow/.local/lib/python3.7/site-packages/airflow/example_dags/example_latest_only_with_trigger.py
[2023-06-28T14:27:29.415+0000] {processor.py:836} INFO - DAG(s) dict_keys(['latest_only_with_trigger']) retrieved from /home/airflow/.local/lib/python3.7/site-packages/airflow/example_dags/example_latest_only_with_trigger.py
[2023-06-28T14:27:29.448+0000] {logging_mixin.py:149} INFO - [2023-06-28T14:27:29.448+0000] {dag.py:2726} INFO - Sync 1 DAGs
[2023-06-28T14:27:29.481+0000] {logging_mixin.py:149} INFO - [2023-06-28T14:27:29.481+0000] {dag.py:3490} INFO - Setting next_dagrun for latest_only_with_trigger to 2023-06-28T10:27:29.481435+00:00, run_after=2023-06-28T14:27:29.481435+00:00
[2023-06-28T14:27:29.526+0000] {processor.py:179} INFO - Processing /home/airflow/.local/lib/python3.7/site-packages/airflow/example_dags/example_latest_only_with_trigger.py took 0.126 seconds
[2023-06-28T14:27:59.747+0000] {processor.py:157} INFO - Started process (PID=1383) to work on /home/airflow/.local/lib/python3.7/site-packages/airflow/example_dags/example_latest_only_with_trigger.py
[2023-06-28T14:27:59.748+0000] {processor.py:826} INFO - Processing file /home/airflow/.local/lib/python3.7/site-packages/airflow/example_dags/example_latest_only_with_trigger.py for tasks to queue
[2023-06-28T14:27:59.750+0000] {logging_mixin.py:149} INFO - [2023-06-28T14:27:59.749+0000] {dagbag.py:541} INFO - Filling up the DagBag from /home/airflow/.local/lib/python3.7/site-packages/airflow/example_dags/example_latest_only_with_trigger.py
[2023-06-28T14:27:59.763+0000] {processor.py:836} INFO - DAG(s) dict_keys(['latest_only_with_trigger']) retrieved from /home/airflow/.local/lib/python3.7/site-packages/airflow/example_dags/example_latest_only_with_trigger.py
[2023-06-28T14:27:59.812+0000] {logging_mixin.py:149} INFO - [2023-06-28T14:27:59.812+0000] {dag.py:2726} INFO - Sync 1 DAGs
[2023-06-28T14:27:59.869+0000] {logging_mixin.py:149} INFO - [2023-06-28T14:27:59.868+0000] {dag.py:3490} INFO - Setting next_dagrun for latest_only_with_trigger to 2023-06-28T10:27:59.868689+00:00, run_after=2023-06-28T14:27:59.868689+00:00
[2023-06-28T14:27:59.914+0000] {processor.py:179} INFO - Processing /home/airflow/.local/lib/python3.7/site-packages/airflow/example_dags/example_latest_only_with_trigger.py took 0.175 seconds
[2023-06-28T14:28:30.057+0000] {processor.py:157} INFO - Started process (PID=1441) to work on /home/airflow/.local/lib/python3.7/site-packages/airflow/example_dags/example_latest_only_with_trigger.py
[2023-06-28T14:28:30.058+0000] {processor.py:826} INFO - Processing file /home/airflow/.local/lib/python3.7/site-packages/airflow/example_dags/example_latest_only_with_trigger.py for tasks to queue
[2023-06-28T14:28:30.059+0000] {logging_mixin.py:149} INFO - [2023-06-28T14:28:30.059+0000] {dagbag.py:541} INFO - Filling up the DagBag from /home/airflow/.local/lib/python3.7/site-packages/airflow/example_dags/example_latest_only_with_trigger.py
[2023-06-28T14:28:30.067+0000] {processor.py:836} INFO - DAG(s) dict_keys(['latest_only_with_trigger']) retrieved from /home/airflow/.local/lib/python3.7/site-packages/airflow/example_dags/example_latest_only_with_trigger.py
[2023-06-28T14:28:30.108+0000] {logging_mixin.py:149} INFO - [2023-06-28T14:28:30.107+0000] {dag.py:2726} INFO - Sync 1 DAGs
[2023-06-28T14:28:30.145+0000] {logging_mixin.py:149} INFO - [2023-06-28T14:28:30.145+0000] {dag.py:3490} INFO - Setting next_dagrun for latest_only_with_trigger to 2023-06-28T10:28:30.144413+00:00, run_after=2023-06-28T14:28:30.144413+00:00
[2023-06-28T14:28:30.182+0000] {processor.py:179} INFO - Processing /home/airflow/.local/lib/python3.7/site-packages/airflow/example_dags/example_latest_only_with_trigger.py took 0.130 seconds
[2023-06-28T14:29:00.970+0000] {processor.py:157} INFO - Started process (PID=1501) to work on /home/airflow/.local/lib/python3.7/site-packages/airflow/example_dags/example_latest_only_with_trigger.py
[2023-06-28T14:29:00.972+0000] {processor.py:826} INFO - Processing file /home/airflow/.local/lib/python3.7/site-packages/airflow/example_dags/example_latest_only_with_trigger.py for tasks to queue
[2023-06-28T14:29:00.973+0000] {logging_mixin.py:149} INFO - [2023-06-28T14:29:00.973+0000] {dagbag.py:541} INFO - Filling up the DagBag from /home/airflow/.local/lib/python3.7/site-packages/airflow/example_dags/example_latest_only_with_trigger.py
[2023-06-28T14:29:00.982+0000] {processor.py:836} INFO - DAG(s) dict_keys(['latest_only_with_trigger']) retrieved from /home/airflow/.local/lib/python3.7/site-packages/airflow/example_dags/example_latest_only_with_trigger.py
[2023-06-28T14:29:01.063+0000] {logging_mixin.py:149} INFO - [2023-06-28T14:29:01.063+0000] {dag.py:2726} INFO - Sync 1 DAGs
[2023-06-28T14:29:01.134+0000] {logging_mixin.py:149} INFO - [2023-06-28T14:29:01.134+0000] {dag.py:3490} INFO - Setting next_dagrun for latest_only_with_trigger to 2023-06-28T10:29:01.133462+00:00, run_after=2023-06-28T14:29:01.133462+00:00
[2023-06-28T14:29:01.181+0000] {processor.py:179} INFO - Processing /home/airflow/.local/lib/python3.7/site-packages/airflow/example_dags/example_latest_only_with_trigger.py took 0.217 seconds
[2023-06-28T14:29:31.421+0000] {processor.py:157} INFO - Started process (PID=1561) to work on /home/airflow/.local/lib/python3.7/site-packages/airflow/example_dags/example_latest_only_with_trigger.py
[2023-06-28T14:29:31.423+0000] {processor.py:826} INFO - Processing file /home/airflow/.local/lib/python3.7/site-packages/airflow/example_dags/example_latest_only_with_trigger.py for tasks to queue
[2023-06-28T14:29:31.424+0000] {logging_mixin.py:149} INFO - [2023-06-28T14:29:31.424+0000] {dagbag.py:541} INFO - Filling up the DagBag from /home/airflow/.local/lib/python3.7/site-packages/airflow/example_dags/example_latest_only_with_trigger.py
[2023-06-28T14:29:31.437+0000] {processor.py:836} INFO - DAG(s) dict_keys(['latest_only_with_trigger']) retrieved from /home/airflow/.local/lib/python3.7/site-packages/airflow/example_dags/example_latest_only_with_trigger.py
[2023-06-28T14:29:31.495+0000] {logging_mixin.py:149} INFO - [2023-06-28T14:29:31.494+0000] {dag.py:2726} INFO - Sync 1 DAGs
[2023-06-28T14:29:31.552+0000] {logging_mixin.py:149} INFO - [2023-06-28T14:29:31.552+0000] {dag.py:3490} INFO - Setting next_dagrun for latest_only_with_trigger to 2023-06-28T10:29:31.551476+00:00, run_after=2023-06-28T14:29:31.551476+00:00
[2023-06-28T14:29:31.593+0000] {processor.py:179} INFO - Processing /home/airflow/.local/lib/python3.7/site-packages/airflow/example_dags/example_latest_only_with_trigger.py took 0.176 seconds
[2023-06-28T14:30:02.176+0000] {processor.py:157} INFO - Started process (PID=1620) to work on /home/airflow/.local/lib/python3.7/site-packages/airflow/example_dags/example_latest_only_with_trigger.py
[2023-06-28T14:30:02.177+0000] {processor.py:826} INFO - Processing file /home/airflow/.local/lib/python3.7/site-packages/airflow/example_dags/example_latest_only_with_trigger.py for tasks to queue
[2023-06-28T14:30:02.179+0000] {logging_mixin.py:149} INFO - [2023-06-28T14:30:02.179+0000] {dagbag.py:541} INFO - Filling up the DagBag from /home/airflow/.local/lib/python3.7/site-packages/airflow/example_dags/example_latest_only_with_trigger.py
[2023-06-28T14:30:02.189+0000] {processor.py:836} INFO - DAG(s) dict_keys(['latest_only_with_trigger']) retrieved from /home/airflow/.local/lib/python3.7/site-packages/airflow/example_dags/example_latest_only_with_trigger.py
[2023-06-28T14:30:02.224+0000] {logging_mixin.py:149} INFO - [2023-06-28T14:30:02.224+0000] {dag.py:2726} INFO - Sync 1 DAGs
[2023-06-28T14:30:02.260+0000] {logging_mixin.py:149} INFO - [2023-06-28T14:30:02.260+0000] {dag.py:3490} INFO - Setting next_dagrun for latest_only_with_trigger to 2023-06-28T10:30:02.259626+00:00, run_after=2023-06-28T14:30:02.259626+00:00
[2023-06-28T14:30:02.297+0000] {processor.py:179} INFO - Processing /home/airflow/.local/lib/python3.7/site-packages/airflow/example_dags/example_latest_only_with_trigger.py took 0.127 seconds
[2023-06-28T14:30:32.450+0000] {processor.py:157} INFO - Started process (PID=1679) to work on /home/airflow/.local/lib/python3.7/site-packages/airflow/example_dags/example_latest_only_with_trigger.py
[2023-06-28T14:30:32.452+0000] {processor.py:826} INFO - Processing file /home/airflow/.local/lib/python3.7/site-packages/airflow/example_dags/example_latest_only_with_trigger.py for tasks to queue
[2023-06-28T14:30:32.454+0000] {logging_mixin.py:149} INFO - [2023-06-28T14:30:32.453+0000] {dagbag.py:541} INFO - Filling up the DagBag from /home/airflow/.local/lib/python3.7/site-packages/airflow/example_dags/example_latest_only_with_trigger.py
[2023-06-28T14:30:32.468+0000] {processor.py:836} INFO - DAG(s) dict_keys(['latest_only_with_trigger']) retrieved from /home/airflow/.local/lib/python3.7/site-packages/airflow/example_dags/example_latest_only_with_trigger.py
[2023-06-28T14:30:32.532+0000] {logging_mixin.py:149} INFO - [2023-06-28T14:30:32.531+0000] {dag.py:2726} INFO - Sync 1 DAGs
[2023-06-28T14:30:32.596+0000] {logging_mixin.py:149} INFO - [2023-06-28T14:30:32.596+0000] {dag.py:3490} INFO - Setting next_dagrun for latest_only_with_trigger to 2023-06-28T10:30:32.595550+00:00, run_after=2023-06-28T14:30:32.595550+00:00
[2023-06-28T14:30:32.632+0000] {processor.py:179} INFO - Processing /home/airflow/.local/lib/python3.7/site-packages/airflow/example_dags/example_latest_only_with_trigger.py took 0.188 seconds
[2023-06-28T14:31:03.173+0000] {processor.py:157} INFO - Started process (PID=1738) to work on /home/airflow/.local/lib/python3.7/site-packages/airflow/example_dags/example_latest_only_with_trigger.py
[2023-06-28T14:31:03.175+0000] {processor.py:826} INFO - Processing file /home/airflow/.local/lib/python3.7/site-packages/airflow/example_dags/example_latest_only_with_trigger.py for tasks to queue
[2023-06-28T14:31:03.176+0000] {logging_mixin.py:149} INFO - [2023-06-28T14:31:03.176+0000] {dagbag.py:541} INFO - Filling up the DagBag from /home/airflow/.local/lib/python3.7/site-packages/airflow/example_dags/example_latest_only_with_trigger.py
[2023-06-28T14:31:03.186+0000] {processor.py:836} INFO - DAG(s) dict_keys(['latest_only_with_trigger']) retrieved from /home/airflow/.local/lib/python3.7/site-packages/airflow/example_dags/example_latest_only_with_trigger.py
[2023-06-28T14:31:03.228+0000] {logging_mixin.py:149} INFO - [2023-06-28T14:31:03.228+0000] {dag.py:2726} INFO - Sync 1 DAGs
[2023-06-28T14:31:03.275+0000] {logging_mixin.py:149} INFO - [2023-06-28T14:31:03.275+0000] {dag.py:3490} INFO - Setting next_dagrun for latest_only_with_trigger to 2023-06-28T10:31:03.275226+00:00, run_after=2023-06-28T14:31:03.275226+00:00
[2023-06-28T14:31:03.322+0000] {processor.py:179} INFO - Processing /home/airflow/.local/lib/python3.7/site-packages/airflow/example_dags/example_latest_only_with_trigger.py took 0.153 seconds
[2023-06-28T14:31:33.607+0000] {processor.py:157} INFO - Started process (PID=1798) to work on /home/airflow/.local/lib/python3.7/site-packages/airflow/example_dags/example_latest_only_with_trigger.py
[2023-06-28T14:31:33.609+0000] {processor.py:826} INFO - Processing file /home/airflow/.local/lib/python3.7/site-packages/airflow/example_dags/example_latest_only_with_trigger.py for tasks to queue
[2023-06-28T14:31:33.610+0000] {logging_mixin.py:149} INFO - [2023-06-28T14:31:33.610+0000] {dagbag.py:541} INFO - Filling up the DagBag from /home/airflow/.local/lib/python3.7/site-packages/airflow/example_dags/example_latest_only_with_trigger.py
[2023-06-28T14:31:33.618+0000] {processor.py:836} INFO - DAG(s) dict_keys(['latest_only_with_trigger']) retrieved from /home/airflow/.local/lib/python3.7/site-packages/airflow/example_dags/example_latest_only_with_trigger.py
[2023-06-28T14:31:33.652+0000] {logging_mixin.py:149} INFO - [2023-06-28T14:31:33.652+0000] {dag.py:2726} INFO - Sync 1 DAGs
[2023-06-28T14:31:33.687+0000] {logging_mixin.py:149} INFO - [2023-06-28T14:31:33.687+0000] {dag.py:3490} INFO - Setting next_dagrun for latest_only_with_trigger to 2023-06-28T10:31:33.687315+00:00, run_after=2023-06-28T14:31:33.687315+00:00
[2023-06-28T14:31:33.728+0000] {processor.py:179} INFO - Processing /home/airflow/.local/lib/python3.7/site-packages/airflow/example_dags/example_latest_only_with_trigger.py took 0.125 seconds
[2023-06-28T14:32:03.788+0000] {processor.py:157} INFO - Started process (PID=1857) to work on /home/airflow/.local/lib/python3.7/site-packages/airflow/example_dags/example_latest_only_with_trigger.py
[2023-06-28T14:32:03.790+0000] {processor.py:826} INFO - Processing file /home/airflow/.local/lib/python3.7/site-packages/airflow/example_dags/example_latest_only_with_trigger.py for tasks to queue
[2023-06-28T14:32:03.791+0000] {logging_mixin.py:149} INFO - [2023-06-28T14:32:03.791+0000] {dagbag.py:541} INFO - Filling up the DagBag from /home/airflow/.local/lib/python3.7/site-packages/airflow/example_dags/example_latest_only_with_trigger.py
[2023-06-28T14:32:03.801+0000] {processor.py:836} INFO - DAG(s) dict_keys(['latest_only_with_trigger']) retrieved from /home/airflow/.local/lib/python3.7/site-packages/airflow/example_dags/example_latest_only_with_trigger.py
[2023-06-28T14:32:03.838+0000] {logging_mixin.py:149} INFO - [2023-06-28T14:32:03.838+0000] {dag.py:2726} INFO - Sync 1 DAGs
[2023-06-28T14:32:03.877+0000] {logging_mixin.py:149} INFO - [2023-06-28T14:32:03.877+0000] {dag.py:3490} INFO - Setting next_dagrun for latest_only_with_trigger to 2023-06-28T10:32:03.876906+00:00, run_after=2023-06-28T14:32:03.876906+00:00
[2023-06-28T14:32:03.919+0000] {processor.py:179} INFO - Processing /home/airflow/.local/lib/python3.7/site-packages/airflow/example_dags/example_latest_only_with_trigger.py took 0.137 seconds
[2023-06-28T14:32:34.318+0000] {processor.py:157} INFO - Started process (PID=1915) to work on /home/airflow/.local/lib/python3.7/site-packages/airflow/example_dags/example_latest_only_with_trigger.py
[2023-06-28T14:32:34.321+0000] {processor.py:826} INFO - Processing file /home/airflow/.local/lib/python3.7/site-packages/airflow/example_dags/example_latest_only_with_trigger.py for tasks to queue
[2023-06-28T14:32:34.323+0000] {logging_mixin.py:149} INFO - [2023-06-28T14:32:34.323+0000] {dagbag.py:541} INFO - Filling up the DagBag from /home/airflow/.local/lib/python3.7/site-packages/airflow/example_dags/example_latest_only_with_trigger.py
[2023-06-28T14:32:34.333+0000] {processor.py:836} INFO - DAG(s) dict_keys(['latest_only_with_trigger']) retrieved from /home/airflow/.local/lib/python3.7/site-packages/airflow/example_dags/example_latest_only_with_trigger.py
[2023-06-28T14:32:34.365+0000] {logging_mixin.py:149} INFO - [2023-06-28T14:32:34.365+0000] {dag.py:2726} INFO - Sync 1 DAGs
[2023-06-28T14:32:34.398+0000] {logging_mixin.py:149} INFO - [2023-06-28T14:32:34.398+0000] {dag.py:3490} INFO - Setting next_dagrun for latest_only_with_trigger to 2023-06-28T10:32:34.397933+00:00, run_after=2023-06-28T14:32:34.397933+00:00
[2023-06-28T14:32:34.430+0000] {processor.py:179} INFO - Processing /home/airflow/.local/lib/python3.7/site-packages/airflow/example_dags/example_latest_only_with_trigger.py took 0.118 seconds
[2023-06-28T14:33:04.636+0000] {processor.py:157} INFO - Started process (PID=1973) to work on /home/airflow/.local/lib/python3.7/site-packages/airflow/example_dags/example_latest_only_with_trigger.py
[2023-06-28T14:33:04.637+0000] {processor.py:826} INFO - Processing file /home/airflow/.local/lib/python3.7/site-packages/airflow/example_dags/example_latest_only_with_trigger.py for tasks to queue
[2023-06-28T14:33:04.639+0000] {logging_mixin.py:149} INFO - [2023-06-28T14:33:04.639+0000] {dagbag.py:541} INFO - Filling up the DagBag from /home/airflow/.local/lib/python3.7/site-packages/airflow/example_dags/example_latest_only_with_trigger.py
[2023-06-28T14:33:04.648+0000] {processor.py:836} INFO - DAG(s) dict_keys(['latest_only_with_trigger']) retrieved from /home/airflow/.local/lib/python3.7/site-packages/airflow/example_dags/example_latest_only_with_trigger.py
[2023-06-28T14:33:04.689+0000] {logging_mixin.py:149} INFO - [2023-06-28T14:33:04.689+0000] {dag.py:2726} INFO - Sync 1 DAGs
[2023-06-28T14:33:04.736+0000] {logging_mixin.py:149} INFO - [2023-06-28T14:33:04.736+0000] {dag.py:3490} INFO - Setting next_dagrun for latest_only_with_trigger to 2023-06-28T10:33:04.735783+00:00, run_after=2023-06-28T14:33:04.735783+00:00
[2023-06-28T14:33:04.782+0000] {processor.py:179} INFO - Processing /home/airflow/.local/lib/python3.7/site-packages/airflow/example_dags/example_latest_only_with_trigger.py took 0.152 seconds
[2023-06-28T14:33:35.335+0000] {processor.py:157} INFO - Started process (PID=2032) to work on /home/airflow/.local/lib/python3.7/site-packages/airflow/example_dags/example_latest_only_with_trigger.py
[2023-06-28T14:33:35.337+0000] {processor.py:826} INFO - Processing file /home/airflow/.local/lib/python3.7/site-packages/airflow/example_dags/example_latest_only_with_trigger.py for tasks to queue
[2023-06-28T14:33:35.338+0000] {logging_mixin.py:149} INFO - [2023-06-28T14:33:35.338+0000] {dagbag.py:541} INFO - Filling up the DagBag from /home/airflow/.local/lib/python3.7/site-packages/airflow/example_dags/example_latest_only_with_trigger.py
[2023-06-28T14:33:35.347+0000] {processor.py:836} INFO - DAG(s) dict_keys(['latest_only_with_trigger']) retrieved from /home/airflow/.local/lib/python3.7/site-packages/airflow/example_dags/example_latest_only_with_trigger.py
[2023-06-28T14:33:35.386+0000] {logging_mixin.py:149} INFO - [2023-06-28T14:33:35.386+0000] {dag.py:2726} INFO - Sync 1 DAGs
[2023-06-28T14:33:35.451+0000] {logging_mixin.py:149} INFO - [2023-06-28T14:33:35.451+0000] {dag.py:3490} INFO - Setting next_dagrun for latest_only_with_trigger to 2023-06-28T10:33:35.451186+00:00, run_after=2023-06-28T14:33:35.451186+00:00
[2023-06-28T14:33:35.517+0000] {processor.py:179} INFO - Processing /home/airflow/.local/lib/python3.7/site-packages/airflow/example_dags/example_latest_only_with_trigger.py took 0.186 seconds
[2023-06-28T14:34:06.382+0000] {processor.py:157} INFO - Started process (PID=2091) to work on /home/airflow/.local/lib/python3.7/site-packages/airflow/example_dags/example_latest_only_with_trigger.py
[2023-06-28T14:34:06.383+0000] {processor.py:826} INFO - Processing file /home/airflow/.local/lib/python3.7/site-packages/airflow/example_dags/example_latest_only_with_trigger.py for tasks to queue
[2023-06-28T14:34:06.385+0000] {logging_mixin.py:149} INFO - [2023-06-28T14:34:06.384+0000] {dagbag.py:541} INFO - Filling up the DagBag from /home/airflow/.local/lib/python3.7/site-packages/airflow/example_dags/example_latest_only_with_trigger.py
[2023-06-28T14:34:06.396+0000] {processor.py:836} INFO - DAG(s) dict_keys(['latest_only_with_trigger']) retrieved from /home/airflow/.local/lib/python3.7/site-packages/airflow/example_dags/example_latest_only_with_trigger.py
[2023-06-28T14:34:06.434+0000] {logging_mixin.py:149} INFO - [2023-06-28T14:34:06.433+0000] {dag.py:2726} INFO - Sync 1 DAGs
[2023-06-28T14:34:06.474+0000] {logging_mixin.py:149} INFO - [2023-06-28T14:34:06.473+0000] {dag.py:3490} INFO - Setting next_dagrun for latest_only_with_trigger to 2023-06-28T10:34:06.473423+00:00, run_after=2023-06-28T14:34:06.473423+00:00
[2023-06-28T14:34:06.521+0000] {processor.py:179} INFO - Processing /home/airflow/.local/lib/python3.7/site-packages/airflow/example_dags/example_latest_only_with_trigger.py took 0.144 seconds
[2023-06-28T14:34:37.343+0000] {processor.py:157} INFO - Started process (PID=2150) to work on /home/airflow/.local/lib/python3.7/site-packages/airflow/example_dags/example_latest_only_with_trigger.py
[2023-06-28T14:34:37.344+0000] {processor.py:826} INFO - Processing file /home/airflow/.local/lib/python3.7/site-packages/airflow/example_dags/example_latest_only_with_trigger.py for tasks to queue
[2023-06-28T14:34:37.346+0000] {logging_mixin.py:149} INFO - [2023-06-28T14:34:37.346+0000] {dagbag.py:541} INFO - Filling up the DagBag from /home/airflow/.local/lib/python3.7/site-packages/airflow/example_dags/example_latest_only_with_trigger.py
[2023-06-28T14:34:37.372+0000] {processor.py:836} INFO - DAG(s) dict_keys(['latest_only_with_trigger']) retrieved from /home/airflow/.local/lib/python3.7/site-packages/airflow/example_dags/example_latest_only_with_trigger.py
[2023-06-28T14:34:37.439+0000] {logging_mixin.py:149} INFO - [2023-06-28T14:34:37.438+0000] {dag.py:2726} INFO - Sync 1 DAGs
[2023-06-28T14:34:37.519+0000] {logging_mixin.py:149} INFO - [2023-06-28T14:34:37.519+0000] {dag.py:3490} INFO - Setting next_dagrun for latest_only_with_trigger to 2023-06-28T10:34:37.519143+00:00, run_after=2023-06-28T14:34:37.519143+00:00
[2023-06-28T14:34:37.554+0000] {processor.py:179} INFO - Processing /home/airflow/.local/lib/python3.7/site-packages/airflow/example_dags/example_latest_only_with_trigger.py took 0.217 seconds
[2023-06-28T14:35:07.977+0000] {processor.py:157} INFO - Started process (PID=2210) to work on /home/airflow/.local/lib/python3.7/site-packages/airflow/example_dags/example_latest_only_with_trigger.py
[2023-06-28T14:35:07.979+0000] {processor.py:826} INFO - Processing file /home/airflow/.local/lib/python3.7/site-packages/airflow/example_dags/example_latest_only_with_trigger.py for tasks to queue
[2023-06-28T14:35:07.980+0000] {logging_mixin.py:149} INFO - [2023-06-28T14:35:07.980+0000] {dagbag.py:541} INFO - Filling up the DagBag from /home/airflow/.local/lib/python3.7/site-packages/airflow/example_dags/example_latest_only_with_trigger.py
[2023-06-28T14:35:07.991+0000] {processor.py:836} INFO - DAG(s) dict_keys(['latest_only_with_trigger']) retrieved from /home/airflow/.local/lib/python3.7/site-packages/airflow/example_dags/example_latest_only_with_trigger.py
[2023-06-28T14:35:08.043+0000] {logging_mixin.py:149} INFO - [2023-06-28T14:35:08.042+0000] {dag.py:2726} INFO - Sync 1 DAGs
[2023-06-28T14:35:08.078+0000] {logging_mixin.py:149} INFO - [2023-06-28T14:35:08.078+0000] {dag.py:3490} INFO - Setting next_dagrun for latest_only_with_trigger to 2023-06-28T10:35:08.078301+00:00, run_after=2023-06-28T14:35:08.078301+00:00
[2023-06-28T14:35:08.111+0000] {processor.py:179} INFO - Processing /home/airflow/.local/lib/python3.7/site-packages/airflow/example_dags/example_latest_only_with_trigger.py took 0.138 seconds
[2023-06-28T14:35:38.223+0000] {processor.py:157} INFO - Started process (PID=2269) to work on /home/airflow/.local/lib/python3.7/site-packages/airflow/example_dags/example_latest_only_with_trigger.py
[2023-06-28T14:35:38.224+0000] {processor.py:826} INFO - Processing file /home/airflow/.local/lib/python3.7/site-packages/airflow/example_dags/example_latest_only_with_trigger.py for tasks to queue
[2023-06-28T14:35:38.225+0000] {logging_mixin.py:149} INFO - [2023-06-28T14:35:38.225+0000] {dagbag.py:541} INFO - Filling up the DagBag from /home/airflow/.local/lib/python3.7/site-packages/airflow/example_dags/example_latest_only_with_trigger.py
[2023-06-28T14:35:38.233+0000] {processor.py:836} INFO - DAG(s) dict_keys(['latest_only_with_trigger']) retrieved from /home/airflow/.local/lib/python3.7/site-packages/airflow/example_dags/example_latest_only_with_trigger.py
[2023-06-28T14:35:38.269+0000] {logging_mixin.py:149} INFO - [2023-06-28T14:35:38.269+0000] {dag.py:2726} INFO - Sync 1 DAGs
[2023-06-28T14:35:38.317+0000] {logging_mixin.py:149} INFO - [2023-06-28T14:35:38.317+0000] {dag.py:3490} INFO - Setting next_dagrun for latest_only_with_trigger to 2023-06-28T10:35:38.316581+00:00, run_after=2023-06-28T14:35:38.316581+00:00
[2023-06-28T14:35:38.359+0000] {processor.py:179} INFO - Processing /home/airflow/.local/lib/python3.7/site-packages/airflow/example_dags/example_latest_only_with_trigger.py took 0.141 seconds
[2023-06-28T14:36:08.491+0000] {processor.py:157} INFO - Started process (PID=2328) to work on /home/airflow/.local/lib/python3.7/site-packages/airflow/example_dags/example_latest_only_with_trigger.py
[2023-06-28T14:36:08.493+0000] {processor.py:826} INFO - Processing file /home/airflow/.local/lib/python3.7/site-packages/airflow/example_dags/example_latest_only_with_trigger.py for tasks to queue
[2023-06-28T14:36:08.494+0000] {logging_mixin.py:149} INFO - [2023-06-28T14:36:08.494+0000] {dagbag.py:541} INFO - Filling up the DagBag from /home/airflow/.local/lib/python3.7/site-packages/airflow/example_dags/example_latest_only_with_trigger.py
[2023-06-28T14:36:08.505+0000] {processor.py:836} INFO - DAG(s) dict_keys(['latest_only_with_trigger']) retrieved from /home/airflow/.local/lib/python3.7/site-packages/airflow/example_dags/example_latest_only_with_trigger.py
[2023-06-28T14:36:08.539+0000] {logging_mixin.py:149} INFO - [2023-06-28T14:36:08.539+0000] {dag.py:2726} INFO - Sync 1 DAGs
[2023-06-28T14:36:08.578+0000] {logging_mixin.py:149} INFO - [2023-06-28T14:36:08.578+0000] {dag.py:3490} INFO - Setting next_dagrun for latest_only_with_trigger to 2023-06-28T10:36:08.578136+00:00, run_after=2023-06-28T14:36:08.578136+00:00
[2023-06-28T14:36:08.612+0000] {processor.py:179} INFO - Processing /home/airflow/.local/lib/python3.7/site-packages/airflow/example_dags/example_latest_only_with_trigger.py took 0.125 seconds
[2023-06-28T14:36:38.685+0000] {processor.py:157} INFO - Started process (PID=2387) to work on /home/airflow/.local/lib/python3.7/site-packages/airflow/example_dags/example_latest_only_with_trigger.py
[2023-06-28T14:36:38.686+0000] {processor.py:826} INFO - Processing file /home/airflow/.local/lib/python3.7/site-packages/airflow/example_dags/example_latest_only_with_trigger.py for tasks to queue
[2023-06-28T14:36:38.688+0000] {logging_mixin.py:149} INFO - [2023-06-28T14:36:38.688+0000] {dagbag.py:541} INFO - Filling up the DagBag from /home/airflow/.local/lib/python3.7/site-packages/airflow/example_dags/example_latest_only_with_trigger.py
[2023-06-28T14:36:38.699+0000] {processor.py:836} INFO - DAG(s) dict_keys(['latest_only_with_trigger']) retrieved from /home/airflow/.local/lib/python3.7/site-packages/airflow/example_dags/example_latest_only_with_trigger.py
[2023-06-28T14:36:38.730+0000] {logging_mixin.py:149} INFO - [2023-06-28T14:36:38.730+0000] {dag.py:2726} INFO - Sync 1 DAGs
[2023-06-28T14:36:38.765+0000] {logging_mixin.py:149} INFO - [2023-06-28T14:36:38.765+0000] {dag.py:3490} INFO - Setting next_dagrun for latest_only_with_trigger to 2023-06-28T10:36:38.764940+00:00, run_after=2023-06-28T14:36:38.764940+00:00
[2023-06-28T14:36:38.807+0000] {processor.py:179} INFO - Processing /home/airflow/.local/lib/python3.7/site-packages/airflow/example_dags/example_latest_only_with_trigger.py took 0.127 seconds
[2023-06-28T14:37:08.981+0000] {processor.py:157} INFO - Started process (PID=2446) to work on /home/airflow/.local/lib/python3.7/site-packages/airflow/example_dags/example_latest_only_with_trigger.py
[2023-06-28T14:37:08.982+0000] {processor.py:826} INFO - Processing file /home/airflow/.local/lib/python3.7/site-packages/airflow/example_dags/example_latest_only_with_trigger.py for tasks to queue
[2023-06-28T14:37:08.983+0000] {logging_mixin.py:149} INFO - [2023-06-28T14:37:08.983+0000] {dagbag.py:541} INFO - Filling up the DagBag from /home/airflow/.local/lib/python3.7/site-packages/airflow/example_dags/example_latest_only_with_trigger.py
[2023-06-28T14:37:08.991+0000] {processor.py:836} INFO - DAG(s) dict_keys(['latest_only_with_trigger']) retrieved from /home/airflow/.local/lib/python3.7/site-packages/airflow/example_dags/example_latest_only_with_trigger.py
[2023-06-28T14:37:09.023+0000] {logging_mixin.py:149} INFO - [2023-06-28T14:37:09.022+0000] {dag.py:2726} INFO - Sync 1 DAGs
[2023-06-28T14:37:09.058+0000] {logging_mixin.py:149} INFO - [2023-06-28T14:37:09.057+0000] {dag.py:3490} INFO - Setting next_dagrun for latest_only_with_trigger to 2023-06-28T10:37:09.057522+00:00, run_after=2023-06-28T14:37:09.057522+00:00
[2023-06-28T14:37:09.090+0000] {processor.py:179} INFO - Processing /home/airflow/.local/lib/python3.7/site-packages/airflow/example_dags/example_latest_only_with_trigger.py took 0.113 seconds
[2023-06-28T14:37:40.156+0000] {processor.py:157} INFO - Started process (PID=2505) to work on /home/airflow/.local/lib/python3.7/site-packages/airflow/example_dags/example_latest_only_with_trigger.py
[2023-06-28T14:37:40.157+0000] {processor.py:826} INFO - Processing file /home/airflow/.local/lib/python3.7/site-packages/airflow/example_dags/example_latest_only_with_trigger.py for tasks to queue
[2023-06-28T14:37:40.159+0000] {logging_mixin.py:149} INFO - [2023-06-28T14:37:40.158+0000] {dagbag.py:541} INFO - Filling up the DagBag from /home/airflow/.local/lib/python3.7/site-packages/airflow/example_dags/example_latest_only_with_trigger.py
[2023-06-28T14:37:40.178+0000] {processor.py:836} INFO - DAG(s) dict_keys(['latest_only_with_trigger']) retrieved from /home/airflow/.local/lib/python3.7/site-packages/airflow/example_dags/example_latest_only_with_trigger.py
[2023-06-28T14:37:40.260+0000] {logging_mixin.py:149} INFO - [2023-06-28T14:37:40.260+0000] {dag.py:2726} INFO - Sync 1 DAGs
[2023-06-28T14:37:40.337+0000] {logging_mixin.py:149} INFO - [2023-06-28T14:37:40.337+0000] {dag.py:3490} INFO - Setting next_dagrun for latest_only_with_trigger to 2023-06-28T10:37:40.337137+00:00, run_after=2023-06-28T14:37:40.337137+00:00
[2023-06-28T14:37:40.398+0000] {processor.py:179} INFO - Processing /home/airflow/.local/lib/python3.7/site-packages/airflow/example_dags/example_latest_only_with_trigger.py took 0.246 seconds
[2023-06-28T14:38:10.829+0000] {processor.py:157} INFO - Started process (PID=2560) to work on /home/airflow/.local/lib/python3.7/site-packages/airflow/example_dags/example_latest_only_with_trigger.py
[2023-06-28T14:38:10.831+0000] {processor.py:826} INFO - Processing file /home/airflow/.local/lib/python3.7/site-packages/airflow/example_dags/example_latest_only_with_trigger.py for tasks to queue
[2023-06-28T14:38:10.832+0000] {logging_mixin.py:149} INFO - [2023-06-28T14:38:10.832+0000] {dagbag.py:541} INFO - Filling up the DagBag from /home/airflow/.local/lib/python3.7/site-packages/airflow/example_dags/example_latest_only_with_trigger.py
[2023-06-28T14:38:10.843+0000] {processor.py:836} INFO - DAG(s) dict_keys(['latest_only_with_trigger']) retrieved from /home/airflow/.local/lib/python3.7/site-packages/airflow/example_dags/example_latest_only_with_trigger.py
[2023-06-28T14:38:10.884+0000] {logging_mixin.py:149} INFO - [2023-06-28T14:38:10.884+0000] {dag.py:2726} INFO - Sync 1 DAGs
[2023-06-28T14:38:10.925+0000] {logging_mixin.py:149} INFO - [2023-06-28T14:38:10.925+0000] {dag.py:3490} INFO - Setting next_dagrun for latest_only_with_trigger to 2023-06-28T10:38:10.924748+00:00, run_after=2023-06-28T14:38:10.924748+00:00
[2023-06-28T14:38:10.963+0000] {processor.py:179} INFO - Processing /home/airflow/.local/lib/python3.7/site-packages/airflow/example_dags/example_latest_only_with_trigger.py took 0.138 seconds
[2023-06-28T14:38:41.206+0000] {processor.py:157} INFO - Started process (PID=2619) to work on /home/airflow/.local/lib/python3.7/site-packages/airflow/example_dags/example_latest_only_with_trigger.py
[2023-06-28T14:38:41.207+0000] {processor.py:826} INFO - Processing file /home/airflow/.local/lib/python3.7/site-packages/airflow/example_dags/example_latest_only_with_trigger.py for tasks to queue
[2023-06-28T14:38:41.209+0000] {logging_mixin.py:149} INFO - [2023-06-28T14:38:41.208+0000] {dagbag.py:541} INFO - Filling up the DagBag from /home/airflow/.local/lib/python3.7/site-packages/airflow/example_dags/example_latest_only_with_trigger.py
[2023-06-28T14:38:41.217+0000] {processor.py:836} INFO - DAG(s) dict_keys(['latest_only_with_trigger']) retrieved from /home/airflow/.local/lib/python3.7/site-packages/airflow/example_dags/example_latest_only_with_trigger.py
[2023-06-28T14:38:41.251+0000] {logging_mixin.py:149} INFO - [2023-06-28T14:38:41.251+0000] {dag.py:2726} INFO - Sync 1 DAGs
[2023-06-28T14:38:41.295+0000] {logging_mixin.py:149} INFO - [2023-06-28T14:38:41.294+0000] {dag.py:3490} INFO - Setting next_dagrun for latest_only_with_trigger to 2023-06-28T10:38:41.294285+00:00, run_after=2023-06-28T14:38:41.294285+00:00
[2023-06-28T14:38:41.337+0000] {processor.py:179} INFO - Processing /home/airflow/.local/lib/python3.7/site-packages/airflow/example_dags/example_latest_only_with_trigger.py took 0.136 seconds
[2023-06-28T14:39:11.860+0000] {processor.py:157} INFO - Started process (PID=2678) to work on /home/airflow/.local/lib/python3.7/site-packages/airflow/example_dags/example_latest_only_with_trigger.py
[2023-06-28T14:39:11.862+0000] {processor.py:826} INFO - Processing file /home/airflow/.local/lib/python3.7/site-packages/airflow/example_dags/example_latest_only_with_trigger.py for tasks to queue
[2023-06-28T14:39:11.864+0000] {logging_mixin.py:149} INFO - [2023-06-28T14:39:11.864+0000] {dagbag.py:541} INFO - Filling up the DagBag from /home/airflow/.local/lib/python3.7/site-packages/airflow/example_dags/example_latest_only_with_trigger.py
[2023-06-28T14:39:11.875+0000] {processor.py:836} INFO - DAG(s) dict_keys(['latest_only_with_trigger']) retrieved from /home/airflow/.local/lib/python3.7/site-packages/airflow/example_dags/example_latest_only_with_trigger.py
[2023-06-28T14:39:11.911+0000] {logging_mixin.py:149} INFO - [2023-06-28T14:39:11.910+0000] {dag.py:2726} INFO - Sync 1 DAGs
[2023-06-28T14:39:11.958+0000] {logging_mixin.py:149} INFO - [2023-06-28T14:39:11.957+0000] {dag.py:3490} INFO - Setting next_dagrun for latest_only_with_trigger to 2023-06-28T10:39:11.957483+00:00, run_after=2023-06-28T14:39:11.957483+00:00
[2023-06-28T14:39:12.005+0000] {processor.py:179} INFO - Processing /home/airflow/.local/lib/python3.7/site-packages/airflow/example_dags/example_latest_only_with_trigger.py took 0.150 seconds
[2023-06-28T14:39:42.429+0000] {processor.py:157} INFO - Started process (PID=2737) to work on /home/airflow/.local/lib/python3.7/site-packages/airflow/example_dags/example_latest_only_with_trigger.py
[2023-06-28T14:39:42.430+0000] {processor.py:826} INFO - Processing file /home/airflow/.local/lib/python3.7/site-packages/airflow/example_dags/example_latest_only_with_trigger.py for tasks to queue
[2023-06-28T14:39:42.432+0000] {logging_mixin.py:149} INFO - [2023-06-28T14:39:42.432+0000] {dagbag.py:541} INFO - Filling up the DagBag from /home/airflow/.local/lib/python3.7/site-packages/airflow/example_dags/example_latest_only_with_trigger.py
[2023-06-28T14:39:42.443+0000] {processor.py:836} INFO - DAG(s) dict_keys(['latest_only_with_trigger']) retrieved from /home/airflow/.local/lib/python3.7/site-packages/airflow/example_dags/example_latest_only_with_trigger.py
[2023-06-28T14:39:42.486+0000] {logging_mixin.py:149} INFO - [2023-06-28T14:39:42.485+0000] {dag.py:2726} INFO - Sync 1 DAGs
[2023-06-28T14:39:42.536+0000] {logging_mixin.py:149} INFO - [2023-06-28T14:39:42.535+0000] {dag.py:3490} INFO - Setting next_dagrun for latest_only_with_trigger to 2023-06-28T10:39:42.535502+00:00, run_after=2023-06-28T14:39:42.535502+00:00
[2023-06-28T14:39:42.585+0000] {processor.py:179} INFO - Processing /home/airflow/.local/lib/python3.7/site-packages/airflow/example_dags/example_latest_only_with_trigger.py took 0.162 seconds
[2023-06-28T14:40:13.067+0000] {processor.py:157} INFO - Started process (PID=2797) to work on /home/airflow/.local/lib/python3.7/site-packages/airflow/example_dags/example_latest_only_with_trigger.py
[2023-06-28T14:40:13.069+0000] {processor.py:826} INFO - Processing file /home/airflow/.local/lib/python3.7/site-packages/airflow/example_dags/example_latest_only_with_trigger.py for tasks to queue
[2023-06-28T14:40:13.070+0000] {logging_mixin.py:149} INFO - [2023-06-28T14:40:13.070+0000] {dagbag.py:541} INFO - Filling up the DagBag from /home/airflow/.local/lib/python3.7/site-packages/airflow/example_dags/example_latest_only_with_trigger.py
[2023-06-28T14:40:13.082+0000] {processor.py:836} INFO - DAG(s) dict_keys(['latest_only_with_trigger']) retrieved from /home/airflow/.local/lib/python3.7/site-packages/airflow/example_dags/example_latest_only_with_trigger.py
[2023-06-28T14:40:13.117+0000] {logging_mixin.py:149} INFO - [2023-06-28T14:40:13.117+0000] {dag.py:2726} INFO - Sync 1 DAGs
[2023-06-28T14:40:13.154+0000] {logging_mixin.py:149} INFO - [2023-06-28T14:40:13.154+0000] {dag.py:3490} INFO - Setting next_dagrun for latest_only_with_trigger to 2023-06-28T10:40:13.154050+00:00, run_after=2023-06-28T14:40:13.154050+00:00
[2023-06-28T14:40:13.193+0000] {processor.py:179} INFO - Processing /home/airflow/.local/lib/python3.7/site-packages/airflow/example_dags/example_latest_only_with_trigger.py took 0.131 seconds
[2023-06-28T14:40:43.333+0000] {processor.py:157} INFO - Started process (PID=2857) to work on /home/airflow/.local/lib/python3.7/site-packages/airflow/example_dags/example_latest_only_with_trigger.py
[2023-06-28T14:40:43.335+0000] {processor.py:826} INFO - Processing file /home/airflow/.local/lib/python3.7/site-packages/airflow/example_dags/example_latest_only_with_trigger.py for tasks to queue
[2023-06-28T14:40:43.337+0000] {logging_mixin.py:149} INFO - [2023-06-28T14:40:43.337+0000] {dagbag.py:541} INFO - Filling up the DagBag from /home/airflow/.local/lib/python3.7/site-packages/airflow/example_dags/example_latest_only_with_trigger.py
[2023-06-28T14:40:43.346+0000] {processor.py:836} INFO - DAG(s) dict_keys(['latest_only_with_trigger']) retrieved from /home/airflow/.local/lib/python3.7/site-packages/airflow/example_dags/example_latest_only_with_trigger.py
[2023-06-28T14:40:43.392+0000] {logging_mixin.py:149} INFO - [2023-06-28T14:40:43.392+0000] {dag.py:2726} INFO - Sync 1 DAGs
[2023-06-28T14:40:43.433+0000] {logging_mixin.py:149} INFO - [2023-06-28T14:40:43.433+0000] {dag.py:3490} INFO - Setting next_dagrun for latest_only_with_trigger to 2023-06-28T10:40:43.433176+00:00, run_after=2023-06-28T14:40:43.433176+00:00
[2023-06-28T14:40:43.484+0000] {processor.py:179} INFO - Processing /home/airflow/.local/lib/python3.7/site-packages/airflow/example_dags/example_latest_only_with_trigger.py took 0.160 seconds
[2023-06-28T14:41:13.849+0000] {processor.py:157} INFO - Started process (PID=2916) to work on /home/airflow/.local/lib/python3.7/site-packages/airflow/example_dags/example_latest_only_with_trigger.py
[2023-06-28T14:41:13.850+0000] {processor.py:826} INFO - Processing file /home/airflow/.local/lib/python3.7/site-packages/airflow/example_dags/example_latest_only_with_trigger.py for tasks to queue
[2023-06-28T14:41:13.852+0000] {logging_mixin.py:149} INFO - [2023-06-28T14:41:13.851+0000] {dagbag.py:541} INFO - Filling up the DagBag from /home/airflow/.local/lib/python3.7/site-packages/airflow/example_dags/example_latest_only_with_trigger.py
[2023-06-28T14:41:13.868+0000] {processor.py:836} INFO - DAG(s) dict_keys(['latest_only_with_trigger']) retrieved from /home/airflow/.local/lib/python3.7/site-packages/airflow/example_dags/example_latest_only_with_trigger.py
[2023-06-28T14:41:13.927+0000] {logging_mixin.py:149} INFO - [2023-06-28T14:41:13.926+0000] {dag.py:2726} INFO - Sync 1 DAGs
[2023-06-28T14:41:13.971+0000] {logging_mixin.py:149} INFO - [2023-06-28T14:41:13.971+0000] {dag.py:3490} INFO - Setting next_dagrun for latest_only_with_trigger to 2023-06-28T10:41:13.971193+00:00, run_after=2023-06-28T14:41:13.971193+00:00
[2023-06-28T14:41:14.010+0000] {processor.py:179} INFO - Processing /home/airflow/.local/lib/python3.7/site-packages/airflow/example_dags/example_latest_only_with_trigger.py took 0.169 seconds
[2023-06-28T14:41:44.099+0000] {processor.py:157} INFO - Started process (PID=2976) to work on /home/airflow/.local/lib/python3.7/site-packages/airflow/example_dags/example_latest_only_with_trigger.py
[2023-06-28T14:41:44.101+0000] {processor.py:826} INFO - Processing file /home/airflow/.local/lib/python3.7/site-packages/airflow/example_dags/example_latest_only_with_trigger.py for tasks to queue
[2023-06-28T14:41:44.103+0000] {logging_mixin.py:149} INFO - [2023-06-28T14:41:44.102+0000] {dagbag.py:541} INFO - Filling up the DagBag from /home/airflow/.local/lib/python3.7/site-packages/airflow/example_dags/example_latest_only_with_trigger.py
[2023-06-28T14:41:44.112+0000] {processor.py:836} INFO - DAG(s) dict_keys(['latest_only_with_trigger']) retrieved from /home/airflow/.local/lib/python3.7/site-packages/airflow/example_dags/example_latest_only_with_trigger.py
[2023-06-28T14:41:44.160+0000] {logging_mixin.py:149} INFO - [2023-06-28T14:41:44.159+0000] {dag.py:2726} INFO - Sync 1 DAGs
[2023-06-28T14:41:44.202+0000] {logging_mixin.py:149} INFO - [2023-06-28T14:41:44.202+0000] {dag.py:3490} INFO - Setting next_dagrun for latest_only_with_trigger to 2023-06-28T10:41:44.202082+00:00, run_after=2023-06-28T14:41:44.202082+00:00
[2023-06-28T14:41:44.241+0000] {processor.py:179} INFO - Processing /home/airflow/.local/lib/python3.7/site-packages/airflow/example_dags/example_latest_only_with_trigger.py took 0.146 seconds
[2023-06-28T14:42:14.522+0000] {processor.py:157} INFO - Started process (PID=3035) to work on /home/airflow/.local/lib/python3.7/site-packages/airflow/example_dags/example_latest_only_with_trigger.py
[2023-06-28T14:42:14.523+0000] {processor.py:826} INFO - Processing file /home/airflow/.local/lib/python3.7/site-packages/airflow/example_dags/example_latest_only_with_trigger.py for tasks to queue
[2023-06-28T14:42:14.525+0000] {logging_mixin.py:149} INFO - [2023-06-28T14:42:14.525+0000] {dagbag.py:541} INFO - Filling up the DagBag from /home/airflow/.local/lib/python3.7/site-packages/airflow/example_dags/example_latest_only_with_trigger.py
[2023-06-28T14:42:14.533+0000] {processor.py:836} INFO - DAG(s) dict_keys(['latest_only_with_trigger']) retrieved from /home/airflow/.local/lib/python3.7/site-packages/airflow/example_dags/example_latest_only_with_trigger.py
[2023-06-28T14:42:14.574+0000] {logging_mixin.py:149} INFO - [2023-06-28T14:42:14.574+0000] {dag.py:2726} INFO - Sync 1 DAGs
[2023-06-28T14:42:14.627+0000] {logging_mixin.py:149} INFO - [2023-06-28T14:42:14.627+0000] {dag.py:3490} INFO - Setting next_dagrun for latest_only_with_trigger to 2023-06-28T10:42:14.626633+00:00, run_after=2023-06-28T14:42:14.626633+00:00
[2023-06-28T14:42:14.668+0000] {processor.py:179} INFO - Processing /home/airflow/.local/lib/python3.7/site-packages/airflow/example_dags/example_latest_only_with_trigger.py took 0.150 seconds
[2023-06-28T14:42:44.947+0000] {processor.py:157} INFO - Started process (PID=3094) to work on /home/airflow/.local/lib/python3.7/site-packages/airflow/example_dags/example_latest_only_with_trigger.py
[2023-06-28T14:42:44.949+0000] {processor.py:826} INFO - Processing file /home/airflow/.local/lib/python3.7/site-packages/airflow/example_dags/example_latest_only_with_trigger.py for tasks to queue
[2023-06-28T14:42:44.950+0000] {logging_mixin.py:149} INFO - [2023-06-28T14:42:44.950+0000] {dagbag.py:541} INFO - Filling up the DagBag from /home/airflow/.local/lib/python3.7/site-packages/airflow/example_dags/example_latest_only_with_trigger.py
[2023-06-28T14:42:44.959+0000] {processor.py:836} INFO - DAG(s) dict_keys(['latest_only_with_trigger']) retrieved from /home/airflow/.local/lib/python3.7/site-packages/airflow/example_dags/example_latest_only_with_trigger.py
[2023-06-28T14:42:45.042+0000] {logging_mixin.py:149} INFO - [2023-06-28T14:42:45.042+0000] {dag.py:2726} INFO - Sync 1 DAGs
[2023-06-28T14:42:45.098+0000] {logging_mixin.py:149} INFO - [2023-06-28T14:42:45.098+0000] {dag.py:3490} INFO - Setting next_dagrun for latest_only_with_trigger to 2023-06-28T10:42:45.097755+00:00, run_after=2023-06-28T14:42:45.097755+00:00
[2023-06-28T14:42:45.133+0000] {processor.py:179} INFO - Processing /home/airflow/.local/lib/python3.7/site-packages/airflow/example_dags/example_latest_only_with_trigger.py took 0.193 seconds
[2023-06-28T14:43:15.599+0000] {processor.py:157} INFO - Started process (PID=3154) to work on /home/airflow/.local/lib/python3.7/site-packages/airflow/example_dags/example_latest_only_with_trigger.py
[2023-06-28T14:43:15.600+0000] {processor.py:826} INFO - Processing file /home/airflow/.local/lib/python3.7/site-packages/airflow/example_dags/example_latest_only_with_trigger.py for tasks to queue
[2023-06-28T14:43:15.602+0000] {logging_mixin.py:149} INFO - [2023-06-28T14:43:15.602+0000] {dagbag.py:541} INFO - Filling up the DagBag from /home/airflow/.local/lib/python3.7/site-packages/airflow/example_dags/example_latest_only_with_trigger.py
[2023-06-28T14:43:15.614+0000] {processor.py:836} INFO - DAG(s) dict_keys(['latest_only_with_trigger']) retrieved from /home/airflow/.local/lib/python3.7/site-packages/airflow/example_dags/example_latest_only_with_trigger.py
[2023-06-28T14:43:15.653+0000] {logging_mixin.py:149} INFO - [2023-06-28T14:43:15.652+0000] {dag.py:2726} INFO - Sync 1 DAGs
[2023-06-28T14:43:15.698+0000] {logging_mixin.py:149} INFO - [2023-06-28T14:43:15.698+0000] {dag.py:3490} INFO - Setting next_dagrun for latest_only_with_trigger to 2023-06-28T10:43:15.698103+00:00, run_after=2023-06-28T14:43:15.698103+00:00
[2023-06-28T14:43:15.745+0000] {processor.py:179} INFO - Processing /home/airflow/.local/lib/python3.7/site-packages/airflow/example_dags/example_latest_only_with_trigger.py took 0.153 seconds
[2023-06-28T14:43:46.709+0000] {processor.py:157} INFO - Started process (PID=3213) to work on /home/airflow/.local/lib/python3.7/site-packages/airflow/example_dags/example_latest_only_with_trigger.py
[2023-06-28T14:43:46.730+0000] {processor.py:826} INFO - Processing file /home/airflow/.local/lib/python3.7/site-packages/airflow/example_dags/example_latest_only_with_trigger.py for tasks to queue
[2023-06-28T14:43:46.741+0000] {logging_mixin.py:149} INFO - [2023-06-28T14:43:46.741+0000] {dagbag.py:541} INFO - Filling up the DagBag from /home/airflow/.local/lib/python3.7/site-packages/airflow/example_dags/example_latest_only_with_trigger.py
[2023-06-28T14:43:46.780+0000] {processor.py:836} INFO - DAG(s) dict_keys(['latest_only_with_trigger']) retrieved from /home/airflow/.local/lib/python3.7/site-packages/airflow/example_dags/example_latest_only_with_trigger.py
[2023-06-28T14:43:46.949+0000] {logging_mixin.py:149} INFO - [2023-06-28T14:43:46.949+0000] {dag.py:2726} INFO - Sync 1 DAGs
[2023-06-28T14:43:47.154+0000] {logging_mixin.py:149} INFO - [2023-06-28T14:43:47.153+0000] {dag.py:3490} INFO - Setting next_dagrun for latest_only_with_trigger to 2023-06-28T10:43:47.153208+00:00, run_after=2023-06-28T14:43:47.153208+00:00
[2023-06-28T14:43:47.309+0000] {processor.py:179} INFO - Processing /home/airflow/.local/lib/python3.7/site-packages/airflow/example_dags/example_latest_only_with_trigger.py took 0.608 seconds
[2023-06-28T14:44:18.391+0000] {processor.py:157} INFO - Started process (PID=3272) to work on /home/airflow/.local/lib/python3.7/site-packages/airflow/example_dags/example_latest_only_with_trigger.py
[2023-06-28T14:44:18.396+0000] {processor.py:826} INFO - Processing file /home/airflow/.local/lib/python3.7/site-packages/airflow/example_dags/example_latest_only_with_trigger.py for tasks to queue
[2023-06-28T14:44:18.398+0000] {logging_mixin.py:149} INFO - [2023-06-28T14:44:18.397+0000] {dagbag.py:541} INFO - Filling up the DagBag from /home/airflow/.local/lib/python3.7/site-packages/airflow/example_dags/example_latest_only_with_trigger.py
[2023-06-28T14:44:18.423+0000] {processor.py:836} INFO - DAG(s) dict_keys(['latest_only_with_trigger']) retrieved from /home/airflow/.local/lib/python3.7/site-packages/airflow/example_dags/example_latest_only_with_trigger.py
[2023-06-28T14:44:18.520+0000] {logging_mixin.py:149} INFO - [2023-06-28T14:44:18.520+0000] {dag.py:2726} INFO - Sync 1 DAGs
[2023-06-28T14:44:18.623+0000] {logging_mixin.py:149} INFO - [2023-06-28T14:44:18.616+0000] {dag.py:3490} INFO - Setting next_dagrun for latest_only_with_trigger to 2023-06-28T10:44:18.616170+00:00, run_after=2023-06-28T14:44:18.616170+00:00
[2023-06-28T14:44:18.690+0000] {processor.py:179} INFO - Processing /home/airflow/.local/lib/python3.7/site-packages/airflow/example_dags/example_latest_only_with_trigger.py took 0.318 seconds
[2023-06-28T14:44:49.050+0000] {processor.py:157} INFO - Started process (PID=3331) to work on /home/airflow/.local/lib/python3.7/site-packages/airflow/example_dags/example_latest_only_with_trigger.py
[2023-06-28T14:44:49.051+0000] {processor.py:826} INFO - Processing file /home/airflow/.local/lib/python3.7/site-packages/airflow/example_dags/example_latest_only_with_trigger.py for tasks to queue
[2023-06-28T14:44:49.053+0000] {logging_mixin.py:149} INFO - [2023-06-28T14:44:49.053+0000] {dagbag.py:541} INFO - Filling up the DagBag from /home/airflow/.local/lib/python3.7/site-packages/airflow/example_dags/example_latest_only_with_trigger.py
[2023-06-28T14:44:49.065+0000] {processor.py:836} INFO - DAG(s) dict_keys(['latest_only_with_trigger']) retrieved from /home/airflow/.local/lib/python3.7/site-packages/airflow/example_dags/example_latest_only_with_trigger.py
[2023-06-28T14:44:49.102+0000] {logging_mixin.py:149} INFO - [2023-06-28T14:44:49.102+0000] {dag.py:2726} INFO - Sync 1 DAGs
[2023-06-28T14:44:49.144+0000] {logging_mixin.py:149} INFO - [2023-06-28T14:44:49.143+0000] {dag.py:3490} INFO - Setting next_dagrun for latest_only_with_trigger to 2023-06-28T10:44:49.142786+00:00, run_after=2023-06-28T14:44:49.142786+00:00
[2023-06-28T14:44:49.202+0000] {processor.py:179} INFO - Processing /home/airflow/.local/lib/python3.7/site-packages/airflow/example_dags/example_latest_only_with_trigger.py took 0.159 seconds
[2023-06-28T14:45:19.863+0000] {processor.py:157} INFO - Started process (PID=3390) to work on /home/airflow/.local/lib/python3.7/site-packages/airflow/example_dags/example_latest_only_with_trigger.py
[2023-06-28T14:45:19.865+0000] {processor.py:826} INFO - Processing file /home/airflow/.local/lib/python3.7/site-packages/airflow/example_dags/example_latest_only_with_trigger.py for tasks to queue
[2023-06-28T14:45:19.866+0000] {logging_mixin.py:149} INFO - [2023-06-28T14:45:19.866+0000] {dagbag.py:541} INFO - Filling up the DagBag from /home/airflow/.local/lib/python3.7/site-packages/airflow/example_dags/example_latest_only_with_trigger.py
[2023-06-28T14:45:19.882+0000] {processor.py:836} INFO - DAG(s) dict_keys(['latest_only_with_trigger']) retrieved from /home/airflow/.local/lib/python3.7/site-packages/airflow/example_dags/example_latest_only_with_trigger.py
[2023-06-28T14:45:19.968+0000] {logging_mixin.py:149} INFO - [2023-06-28T14:45:19.968+0000] {dag.py:2726} INFO - Sync 1 DAGs
[2023-06-28T14:45:20.058+0000] {logging_mixin.py:149} INFO - [2023-06-28T14:45:20.057+0000] {dag.py:3490} INFO - Setting next_dagrun for latest_only_with_trigger to 2023-06-28T10:45:20.055659+00:00, run_after=2023-06-28T14:45:20.055659+00:00
[2023-06-28T14:45:20.126+0000] {processor.py:179} INFO - Processing /home/airflow/.local/lib/python3.7/site-packages/airflow/example_dags/example_latest_only_with_trigger.py took 0.273 seconds
[2023-06-28T14:45:50.661+0000] {processor.py:157} INFO - Started process (PID=3451) to work on /home/airflow/.local/lib/python3.7/site-packages/airflow/example_dags/example_latest_only_with_trigger.py
[2023-06-28T14:45:50.663+0000] {processor.py:826} INFO - Processing file /home/airflow/.local/lib/python3.7/site-packages/airflow/example_dags/example_latest_only_with_trigger.py for tasks to queue
[2023-06-28T14:45:50.665+0000] {logging_mixin.py:149} INFO - [2023-06-28T14:45:50.664+0000] {dagbag.py:541} INFO - Filling up the DagBag from /home/airflow/.local/lib/python3.7/site-packages/airflow/example_dags/example_latest_only_with_trigger.py
[2023-06-28T14:45:50.678+0000] {processor.py:836} INFO - DAG(s) dict_keys(['latest_only_with_trigger']) retrieved from /home/airflow/.local/lib/python3.7/site-packages/airflow/example_dags/example_latest_only_with_trigger.py
[2023-06-28T14:45:50.736+0000] {logging_mixin.py:149} INFO - [2023-06-28T14:45:50.736+0000] {dag.py:2726} INFO - Sync 1 DAGs
[2023-06-28T14:45:50.792+0000] {logging_mixin.py:149} INFO - [2023-06-28T14:45:50.792+0000] {dag.py:3490} INFO - Setting next_dagrun for latest_only_with_trigger to 2023-06-28T10:45:50.792301+00:00, run_after=2023-06-28T14:45:50.792301+00:00
[2023-06-28T14:45:50.831+0000] {processor.py:179} INFO - Processing /home/airflow/.local/lib/python3.7/site-packages/airflow/example_dags/example_latest_only_with_trigger.py took 0.177 seconds
[2023-06-28T14:46:21.027+0000] {processor.py:157} INFO - Started process (PID=3510) to work on /home/airflow/.local/lib/python3.7/site-packages/airflow/example_dags/example_latest_only_with_trigger.py
[2023-06-28T14:46:21.029+0000] {processor.py:826} INFO - Processing file /home/airflow/.local/lib/python3.7/site-packages/airflow/example_dags/example_latest_only_with_trigger.py for tasks to queue
[2023-06-28T14:46:21.033+0000] {logging_mixin.py:149} INFO - [2023-06-28T14:46:21.033+0000] {dagbag.py:541} INFO - Filling up the DagBag from /home/airflow/.local/lib/python3.7/site-packages/airflow/example_dags/example_latest_only_with_trigger.py
[2023-06-28T14:46:21.044+0000] {processor.py:836} INFO - DAG(s) dict_keys(['latest_only_with_trigger']) retrieved from /home/airflow/.local/lib/python3.7/site-packages/airflow/example_dags/example_latest_only_with_trigger.py
[2023-06-28T14:46:21.092+0000] {logging_mixin.py:149} INFO - [2023-06-28T14:46:21.092+0000] {dag.py:2726} INFO - Sync 1 DAGs
[2023-06-28T14:46:21.143+0000] {logging_mixin.py:149} INFO - [2023-06-28T14:46:21.143+0000] {dag.py:3490} INFO - Setting next_dagrun for latest_only_with_trigger to 2023-06-28T10:46:21.142912+00:00, run_after=2023-06-28T14:46:21.142912+00:00
[2023-06-28T14:46:21.192+0000] {processor.py:179} INFO - Processing /home/airflow/.local/lib/python3.7/site-packages/airflow/example_dags/example_latest_only_with_trigger.py took 0.170 seconds
[2023-06-28T14:46:51.672+0000] {processor.py:157} INFO - Started process (PID=3568) to work on /home/airflow/.local/lib/python3.7/site-packages/airflow/example_dags/example_latest_only_with_trigger.py
[2023-06-28T14:46:51.674+0000] {processor.py:826} INFO - Processing file /home/airflow/.local/lib/python3.7/site-packages/airflow/example_dags/example_latest_only_with_trigger.py for tasks to queue
[2023-06-28T14:46:51.677+0000] {logging_mixin.py:149} INFO - [2023-06-28T14:46:51.676+0000] {dagbag.py:541} INFO - Filling up the DagBag from /home/airflow/.local/lib/python3.7/site-packages/airflow/example_dags/example_latest_only_with_trigger.py
[2023-06-28T14:46:51.693+0000] {processor.py:836} INFO - DAG(s) dict_keys(['latest_only_with_trigger']) retrieved from /home/airflow/.local/lib/python3.7/site-packages/airflow/example_dags/example_latest_only_with_trigger.py
[2023-06-28T14:46:51.808+0000] {logging_mixin.py:149} INFO - [2023-06-28T14:46:51.808+0000] {dag.py:2726} INFO - Sync 1 DAGs
[2023-06-28T14:46:51.991+0000] {logging_mixin.py:149} INFO - [2023-06-28T14:46:51.990+0000] {dag.py:3490} INFO - Setting next_dagrun for latest_only_with_trigger to 2023-06-28T10:46:51.989266+00:00, run_after=2023-06-28T14:46:51.989266+00:00
[2023-06-28T14:46:52.106+0000] {processor.py:179} INFO - Processing /home/airflow/.local/lib/python3.7/site-packages/airflow/example_dags/example_latest_only_with_trigger.py took 0.440 seconds
[2023-06-28T14:47:22.293+0000] {processor.py:157} INFO - Started process (PID=3628) to work on /home/airflow/.local/lib/python3.7/site-packages/airflow/example_dags/example_latest_only_with_trigger.py
[2023-06-28T14:47:22.296+0000] {processor.py:826} INFO - Processing file /home/airflow/.local/lib/python3.7/site-packages/airflow/example_dags/example_latest_only_with_trigger.py for tasks to queue
[2023-06-28T14:47:22.304+0000] {logging_mixin.py:149} INFO - [2023-06-28T14:47:22.304+0000] {dagbag.py:541} INFO - Filling up the DagBag from /home/airflow/.local/lib/python3.7/site-packages/airflow/example_dags/example_latest_only_with_trigger.py
[2023-06-28T14:47:22.332+0000] {processor.py:836} INFO - DAG(s) dict_keys(['latest_only_with_trigger']) retrieved from /home/airflow/.local/lib/python3.7/site-packages/airflow/example_dags/example_latest_only_with_trigger.py
[2023-06-28T14:47:22.451+0000] {logging_mixin.py:149} INFO - [2023-06-28T14:47:22.451+0000] {dag.py:2726} INFO - Sync 1 DAGs
[2023-06-28T14:47:22.523+0000] {logging_mixin.py:149} INFO - [2023-06-28T14:47:22.523+0000] {dag.py:3490} INFO - Setting next_dagrun for latest_only_with_trigger to 2023-06-28T10:47:22.522481+00:00, run_after=2023-06-28T14:47:22.522481+00:00
[2023-06-28T14:47:22.585+0000] {processor.py:179} INFO - Processing /home/airflow/.local/lib/python3.7/site-packages/airflow/example_dags/example_latest_only_with_trigger.py took 0.302 seconds
[2023-06-28T14:47:52.667+0000] {processor.py:157} INFO - Started process (PID=3687) to work on /home/airflow/.local/lib/python3.7/site-packages/airflow/example_dags/example_latest_only_with_trigger.py
[2023-06-28T14:47:52.668+0000] {processor.py:826} INFO - Processing file /home/airflow/.local/lib/python3.7/site-packages/airflow/example_dags/example_latest_only_with_trigger.py for tasks to queue
[2023-06-28T14:47:52.669+0000] {logging_mixin.py:149} INFO - [2023-06-28T14:47:52.669+0000] {dagbag.py:541} INFO - Filling up the DagBag from /home/airflow/.local/lib/python3.7/site-packages/airflow/example_dags/example_latest_only_with_trigger.py
[2023-06-28T14:47:52.678+0000] {processor.py:836} INFO - DAG(s) dict_keys(['latest_only_with_trigger']) retrieved from /home/airflow/.local/lib/python3.7/site-packages/airflow/example_dags/example_latest_only_with_trigger.py
[2023-06-28T14:47:52.714+0000] {logging_mixin.py:149} INFO - [2023-06-28T14:47:52.713+0000] {dag.py:2726} INFO - Sync 1 DAGs
[2023-06-28T14:47:52.761+0000] {logging_mixin.py:149} INFO - [2023-06-28T14:47:52.760+0000] {dag.py:3490} INFO - Setting next_dagrun for latest_only_with_trigger to 2023-06-28T10:47:52.760413+00:00, run_after=2023-06-28T14:47:52.760413+00:00
[2023-06-28T14:47:52.794+0000] {processor.py:179} INFO - Processing /home/airflow/.local/lib/python3.7/site-packages/airflow/example_dags/example_latest_only_with_trigger.py took 0.133 seconds
