[2023-06-28T14:16:19.830+0000] {processor.py:157} INFO - Started process (PID=41) to work on /home/airflow/.local/lib/python3.7/site-packages/airflow/example_dags/example_params_ui_tutorial.py
[2023-06-28T14:16:19.838+0000] {processor.py:826} INFO - Processing file /home/airflow/.local/lib/python3.7/site-packages/airflow/example_dags/example_params_ui_tutorial.py for tasks to queue
[2023-06-28T14:16:19.842+0000] {logging_mixin.py:149} INFO - [2023-06-28T14:16:19.842+0000] {dagbag.py:541} INFO - Filling up the DagBag from /home/airflow/.local/lib/python3.7/site-packages/airflow/example_dags/example_params_ui_tutorial.py
[2023-06-28T14:16:20.165+0000] {processor.py:836} INFO - DAG(s) dict_keys(['example_params_ui_tutorial']) retrieved from /home/airflow/.local/lib/python3.7/site-packages/airflow/example_dags/example_params_ui_tutorial.py
[2023-06-28T14:16:21.776+0000] {logging_mixin.py:149} INFO - [2023-06-28T14:16:21.775+0000] {dag.py:2726} INFO - Sync 1 DAGs
[2023-06-28T14:16:22.277+0000] {logging_mixin.py:149} INFO - [2023-06-28T14:16:22.271+0000] {dag.py:3490} INFO - Setting next_dagrun for example_params_ui_tutorial to None, run_after=None
[2023-06-28T14:16:22.514+0000] {processor.py:179} INFO - Processing /home/airflow/.local/lib/python3.7/site-packages/airflow/example_dags/example_params_ui_tutorial.py took 2.726 seconds
[2023-06-28T14:16:53.090+0000] {processor.py:157} INFO - Started process (PID=101) to work on /home/airflow/.local/lib/python3.7/site-packages/airflow/example_dags/example_params_ui_tutorial.py
[2023-06-28T14:16:53.093+0000] {processor.py:826} INFO - Processing file /home/airflow/.local/lib/python3.7/site-packages/airflow/example_dags/example_params_ui_tutorial.py for tasks to queue
[2023-06-28T14:16:53.105+0000] {logging_mixin.py:149} INFO - [2023-06-28T14:16:53.094+0000] {dagbag.py:541} INFO - Filling up the DagBag from /home/airflow/.local/lib/python3.7/site-packages/airflow/example_dags/example_params_ui_tutorial.py
[2023-06-28T14:16:53.434+0000] {processor.py:836} INFO - DAG(s) dict_keys(['example_params_ui_tutorial']) retrieved from /home/airflow/.local/lib/python3.7/site-packages/airflow/example_dags/example_params_ui_tutorial.py
[2023-06-28T14:16:54.317+0000] {logging_mixin.py:149} INFO - [2023-06-28T14:16:54.317+0000] {dag.py:2726} INFO - Sync 1 DAGs
[2023-06-28T14:16:54.390+0000] {logging_mixin.py:149} INFO - [2023-06-28T14:16:54.386+0000] {dag.py:3490} INFO - Setting next_dagrun for example_params_ui_tutorial to None, run_after=None
[2023-06-28T14:16:54.657+0000] {processor.py:179} INFO - Processing /home/airflow/.local/lib/python3.7/site-packages/airflow/example_dags/example_params_ui_tutorial.py took 1.596 seconds
[2023-06-28T14:17:24.963+0000] {processor.py:157} INFO - Started process (PID=159) to work on /home/airflow/.local/lib/python3.7/site-packages/airflow/example_dags/example_params_ui_tutorial.py
[2023-06-28T14:17:24.966+0000] {processor.py:826} INFO - Processing file /home/airflow/.local/lib/python3.7/site-packages/airflow/example_dags/example_params_ui_tutorial.py for tasks to queue
[2023-06-28T14:17:24.967+0000] {logging_mixin.py:149} INFO - [2023-06-28T14:17:24.967+0000] {dagbag.py:541} INFO - Filling up the DagBag from /home/airflow/.local/lib/python3.7/site-packages/airflow/example_dags/example_params_ui_tutorial.py
[2023-06-28T14:17:25.129+0000] {processor.py:836} INFO - DAG(s) dict_keys(['example_params_ui_tutorial']) retrieved from /home/airflow/.local/lib/python3.7/site-packages/airflow/example_dags/example_params_ui_tutorial.py
[2023-06-28T14:17:25.565+0000] {logging_mixin.py:149} INFO - [2023-06-28T14:17:25.564+0000] {dag.py:2726} INFO - Sync 1 DAGs
[2023-06-28T14:17:25.696+0000] {logging_mixin.py:149} INFO - [2023-06-28T14:17:25.696+0000] {dag.py:3490} INFO - Setting next_dagrun for example_params_ui_tutorial to None, run_after=None
[2023-06-28T14:17:25.763+0000] {processor.py:179} INFO - Processing /home/airflow/.local/lib/python3.7/site-packages/airflow/example_dags/example_params_ui_tutorial.py took 0.808 seconds
[2023-06-28T14:17:55.918+0000] {processor.py:157} INFO - Started process (PID=218) to work on /home/airflow/.local/lib/python3.7/site-packages/airflow/example_dags/example_params_ui_tutorial.py
[2023-06-28T14:17:55.919+0000] {processor.py:826} INFO - Processing file /home/airflow/.local/lib/python3.7/site-packages/airflow/example_dags/example_params_ui_tutorial.py for tasks to queue
[2023-06-28T14:17:55.921+0000] {logging_mixin.py:149} INFO - [2023-06-28T14:17:55.921+0000] {dagbag.py:541} INFO - Filling up the DagBag from /home/airflow/.local/lib/python3.7/site-packages/airflow/example_dags/example_params_ui_tutorial.py
[2023-06-28T14:17:56.150+0000] {processor.py:836} INFO - DAG(s) dict_keys(['example_params_ui_tutorial']) retrieved from /home/airflow/.local/lib/python3.7/site-packages/airflow/example_dags/example_params_ui_tutorial.py
[2023-06-28T14:17:56.496+0000] {logging_mixin.py:149} INFO - [2023-06-28T14:17:56.496+0000] {dag.py:2726} INFO - Sync 1 DAGs
[2023-06-28T14:17:56.642+0000] {logging_mixin.py:149} INFO - [2023-06-28T14:17:56.642+0000] {dag.py:3490} INFO - Setting next_dagrun for example_params_ui_tutorial to None, run_after=None
[2023-06-28T14:17:56.756+0000] {processor.py:179} INFO - Processing /home/airflow/.local/lib/python3.7/site-packages/airflow/example_dags/example_params_ui_tutorial.py took 0.845 seconds
[2023-06-28T14:18:26.907+0000] {processor.py:157} INFO - Started process (PID=278) to work on /home/airflow/.local/lib/python3.7/site-packages/airflow/example_dags/example_params_ui_tutorial.py
[2023-06-28T14:18:26.909+0000] {processor.py:826} INFO - Processing file /home/airflow/.local/lib/python3.7/site-packages/airflow/example_dags/example_params_ui_tutorial.py for tasks to queue
[2023-06-28T14:18:26.911+0000] {logging_mixin.py:149} INFO - [2023-06-28T14:18:26.910+0000] {dagbag.py:541} INFO - Filling up the DagBag from /home/airflow/.local/lib/python3.7/site-packages/airflow/example_dags/example_params_ui_tutorial.py
[2023-06-28T14:18:26.969+0000] {processor.py:836} INFO - DAG(s) dict_keys(['example_params_ui_tutorial']) retrieved from /home/airflow/.local/lib/python3.7/site-packages/airflow/example_dags/example_params_ui_tutorial.py
[2023-06-28T14:18:27.069+0000] {logging_mixin.py:149} INFO - [2023-06-28T14:18:27.068+0000] {dag.py:2726} INFO - Sync 1 DAGs
[2023-06-28T14:18:27.102+0000] {logging_mixin.py:149} INFO - [2023-06-28T14:18:27.102+0000] {dag.py:3490} INFO - Setting next_dagrun for example_params_ui_tutorial to None, run_after=None
[2023-06-28T14:18:27.137+0000] {processor.py:179} INFO - Processing /home/airflow/.local/lib/python3.7/site-packages/airflow/example_dags/example_params_ui_tutorial.py took 0.234 seconds
[2023-06-28T14:18:57.942+0000] {processor.py:157} INFO - Started process (PID=336) to work on /home/airflow/.local/lib/python3.7/site-packages/airflow/example_dags/example_params_ui_tutorial.py
[2023-06-28T14:18:57.943+0000] {processor.py:826} INFO - Processing file /home/airflow/.local/lib/python3.7/site-packages/airflow/example_dags/example_params_ui_tutorial.py for tasks to queue
[2023-06-28T14:18:57.945+0000] {logging_mixin.py:149} INFO - [2023-06-28T14:18:57.945+0000] {dagbag.py:541} INFO - Filling up the DagBag from /home/airflow/.local/lib/python3.7/site-packages/airflow/example_dags/example_params_ui_tutorial.py
[2023-06-28T14:18:58.008+0000] {processor.py:836} INFO - DAG(s) dict_keys(['example_params_ui_tutorial']) retrieved from /home/airflow/.local/lib/python3.7/site-packages/airflow/example_dags/example_params_ui_tutorial.py
[2023-06-28T14:18:58.104+0000] {logging_mixin.py:149} INFO - [2023-06-28T14:18:58.104+0000] {dag.py:2726} INFO - Sync 1 DAGs
[2023-06-28T14:18:58.138+0000] {logging_mixin.py:149} INFO - [2023-06-28T14:18:58.138+0000] {dag.py:3490} INFO - Setting next_dagrun for example_params_ui_tutorial to None, run_after=None
[2023-06-28T14:18:58.173+0000] {processor.py:179} INFO - Processing /home/airflow/.local/lib/python3.7/site-packages/airflow/example_dags/example_params_ui_tutorial.py took 0.235 seconds
[2023-06-28T14:19:28.645+0000] {processor.py:157} INFO - Started process (PID=395) to work on /home/airflow/.local/lib/python3.7/site-packages/airflow/example_dags/example_params_ui_tutorial.py
[2023-06-28T14:19:28.647+0000] {processor.py:826} INFO - Processing file /home/airflow/.local/lib/python3.7/site-packages/airflow/example_dags/example_params_ui_tutorial.py for tasks to queue
[2023-06-28T14:19:28.649+0000] {logging_mixin.py:149} INFO - [2023-06-28T14:19:28.649+0000] {dagbag.py:541} INFO - Filling up the DagBag from /home/airflow/.local/lib/python3.7/site-packages/airflow/example_dags/example_params_ui_tutorial.py
[2023-06-28T14:19:28.788+0000] {processor.py:836} INFO - DAG(s) dict_keys(['example_params_ui_tutorial']) retrieved from /home/airflow/.local/lib/python3.7/site-packages/airflow/example_dags/example_params_ui_tutorial.py
[2023-06-28T14:19:29.056+0000] {logging_mixin.py:149} INFO - [2023-06-28T14:19:29.056+0000] {dag.py:2726} INFO - Sync 1 DAGs
[2023-06-28T14:19:29.101+0000] {logging_mixin.py:149} INFO - [2023-06-28T14:19:29.101+0000] {dag.py:3490} INFO - Setting next_dagrun for example_params_ui_tutorial to None, run_after=None
[2023-06-28T14:19:29.138+0000] {processor.py:179} INFO - Processing /home/airflow/.local/lib/python3.7/site-packages/airflow/example_dags/example_params_ui_tutorial.py took 0.499 seconds
[2023-06-28T14:19:59.419+0000] {processor.py:157} INFO - Started process (PID=454) to work on /home/airflow/.local/lib/python3.7/site-packages/airflow/example_dags/example_params_ui_tutorial.py
[2023-06-28T14:19:59.430+0000] {processor.py:826} INFO - Processing file /home/airflow/.local/lib/python3.7/site-packages/airflow/example_dags/example_params_ui_tutorial.py for tasks to queue
[2023-06-28T14:19:59.455+0000] {logging_mixin.py:149} INFO - [2023-06-28T14:19:59.454+0000] {dagbag.py:541} INFO - Filling up the DagBag from /home/airflow/.local/lib/python3.7/site-packages/airflow/example_dags/example_params_ui_tutorial.py
[2023-06-28T14:19:59.922+0000] {processor.py:836} INFO - DAG(s) dict_keys(['example_params_ui_tutorial']) retrieved from /home/airflow/.local/lib/python3.7/site-packages/airflow/example_dags/example_params_ui_tutorial.py
[2023-06-28T14:20:00.492+0000] {logging_mixin.py:149} INFO - [2023-06-28T14:20:00.492+0000] {dag.py:2726} INFO - Sync 1 DAGs
[2023-06-28T14:20:00.813+0000] {logging_mixin.py:149} INFO - [2023-06-28T14:20:00.812+0000] {dag.py:3490} INFO - Setting next_dagrun for example_params_ui_tutorial to None, run_after=None
[2023-06-28T14:20:00.990+0000] {processor.py:179} INFO - Processing /home/airflow/.local/lib/python3.7/site-packages/airflow/example_dags/example_params_ui_tutorial.py took 1.587 seconds
[2023-06-28T14:20:31.693+0000] {processor.py:157} INFO - Started process (PID=513) to work on /home/airflow/.local/lib/python3.7/site-packages/airflow/example_dags/example_params_ui_tutorial.py
[2023-06-28T14:20:31.695+0000] {processor.py:826} INFO - Processing file /home/airflow/.local/lib/python3.7/site-packages/airflow/example_dags/example_params_ui_tutorial.py for tasks to queue
[2023-06-28T14:20:31.699+0000] {logging_mixin.py:149} INFO - [2023-06-28T14:20:31.698+0000] {dagbag.py:541} INFO - Filling up the DagBag from /home/airflow/.local/lib/python3.7/site-packages/airflow/example_dags/example_params_ui_tutorial.py
[2023-06-28T14:20:31.839+0000] {processor.py:836} INFO - DAG(s) dict_keys(['example_params_ui_tutorial']) retrieved from /home/airflow/.local/lib/python3.7/site-packages/airflow/example_dags/example_params_ui_tutorial.py
[2023-06-28T14:20:32.001+0000] {logging_mixin.py:149} INFO - [2023-06-28T14:20:32.000+0000] {dag.py:2726} INFO - Sync 1 DAGs
[2023-06-28T14:20:32.055+0000] {logging_mixin.py:149} INFO - [2023-06-28T14:20:32.055+0000] {dag.py:3490} INFO - Setting next_dagrun for example_params_ui_tutorial to None, run_after=None
[2023-06-28T14:20:32.090+0000] {processor.py:179} INFO - Processing /home/airflow/.local/lib/python3.7/site-packages/airflow/example_dags/example_params_ui_tutorial.py took 0.403 seconds
[2023-06-28T14:21:02.253+0000] {processor.py:157} INFO - Started process (PID=573) to work on /home/airflow/.local/lib/python3.7/site-packages/airflow/example_dags/example_params_ui_tutorial.py
[2023-06-28T14:21:02.256+0000] {processor.py:826} INFO - Processing file /home/airflow/.local/lib/python3.7/site-packages/airflow/example_dags/example_params_ui_tutorial.py for tasks to queue
[2023-06-28T14:21:02.257+0000] {logging_mixin.py:149} INFO - [2023-06-28T14:21:02.257+0000] {dagbag.py:541} INFO - Filling up the DagBag from /home/airflow/.local/lib/python3.7/site-packages/airflow/example_dags/example_params_ui_tutorial.py
[2023-06-28T14:21:02.338+0000] {processor.py:836} INFO - DAG(s) dict_keys(['example_params_ui_tutorial']) retrieved from /home/airflow/.local/lib/python3.7/site-packages/airflow/example_dags/example_params_ui_tutorial.py
[2023-06-28T14:21:02.455+0000] {logging_mixin.py:149} INFO - [2023-06-28T14:21:02.454+0000] {dag.py:2726} INFO - Sync 1 DAGs
[2023-06-28T14:21:02.492+0000] {logging_mixin.py:149} INFO - [2023-06-28T14:21:02.492+0000] {dag.py:3490} INFO - Setting next_dagrun for example_params_ui_tutorial to None, run_after=None
[2023-06-28T14:21:02.523+0000] {processor.py:179} INFO - Processing /home/airflow/.local/lib/python3.7/site-packages/airflow/example_dags/example_params_ui_tutorial.py took 0.274 seconds
[2023-06-28T14:21:32.667+0000] {processor.py:157} INFO - Started process (PID=634) to work on /home/airflow/.local/lib/python3.7/site-packages/airflow/example_dags/example_params_ui_tutorial.py
[2023-06-28T14:21:32.668+0000] {processor.py:826} INFO - Processing file /home/airflow/.local/lib/python3.7/site-packages/airflow/example_dags/example_params_ui_tutorial.py for tasks to queue
[2023-06-28T14:21:32.669+0000] {logging_mixin.py:149} INFO - [2023-06-28T14:21:32.669+0000] {dagbag.py:541} INFO - Filling up the DagBag from /home/airflow/.local/lib/python3.7/site-packages/airflow/example_dags/example_params_ui_tutorial.py
[2023-06-28T14:21:32.733+0000] {processor.py:836} INFO - DAG(s) dict_keys(['example_params_ui_tutorial']) retrieved from /home/airflow/.local/lib/python3.7/site-packages/airflow/example_dags/example_params_ui_tutorial.py
[2023-06-28T14:21:32.826+0000] {logging_mixin.py:149} INFO - [2023-06-28T14:21:32.826+0000] {dag.py:2726} INFO - Sync 1 DAGs
[2023-06-28T14:21:32.862+0000] {logging_mixin.py:149} INFO - [2023-06-28T14:21:32.862+0000] {dag.py:3490} INFO - Setting next_dagrun for example_params_ui_tutorial to None, run_after=None
[2023-06-28T14:21:32.896+0000] {processor.py:179} INFO - Processing /home/airflow/.local/lib/python3.7/site-packages/airflow/example_dags/example_params_ui_tutorial.py took 0.233 seconds
[2023-06-28T14:22:03.143+0000] {processor.py:157} INFO - Started process (PID=687) to work on /home/airflow/.local/lib/python3.7/site-packages/airflow/example_dags/example_params_ui_tutorial.py
[2023-06-28T14:22:03.144+0000] {processor.py:826} INFO - Processing file /home/airflow/.local/lib/python3.7/site-packages/airflow/example_dags/example_params_ui_tutorial.py for tasks to queue
[2023-06-28T14:22:03.145+0000] {logging_mixin.py:149} INFO - [2023-06-28T14:22:03.145+0000] {dagbag.py:541} INFO - Filling up the DagBag from /home/airflow/.local/lib/python3.7/site-packages/airflow/example_dags/example_params_ui_tutorial.py
[2023-06-28T14:22:03.206+0000] {processor.py:836} INFO - DAG(s) dict_keys(['example_params_ui_tutorial']) retrieved from /home/airflow/.local/lib/python3.7/site-packages/airflow/example_dags/example_params_ui_tutorial.py
[2023-06-28T14:22:03.317+0000] {logging_mixin.py:149} INFO - [2023-06-28T14:22:03.316+0000] {dag.py:2726} INFO - Sync 1 DAGs
[2023-06-28T14:22:03.351+0000] {logging_mixin.py:149} INFO - [2023-06-28T14:22:03.350+0000] {dag.py:3490} INFO - Setting next_dagrun for example_params_ui_tutorial to None, run_after=None
[2023-06-28T14:22:03.387+0000] {processor.py:179} INFO - Processing /home/airflow/.local/lib/python3.7/site-packages/airflow/example_dags/example_params_ui_tutorial.py took 0.249 seconds
[2023-06-28T14:22:33.451+0000] {processor.py:157} INFO - Started process (PID=746) to work on /home/airflow/.local/lib/python3.7/site-packages/airflow/example_dags/example_params_ui_tutorial.py
[2023-06-28T14:22:33.452+0000] {processor.py:826} INFO - Processing file /home/airflow/.local/lib/python3.7/site-packages/airflow/example_dags/example_params_ui_tutorial.py for tasks to queue
[2023-06-28T14:22:33.454+0000] {logging_mixin.py:149} INFO - [2023-06-28T14:22:33.454+0000] {dagbag.py:541} INFO - Filling up the DagBag from /home/airflow/.local/lib/python3.7/site-packages/airflow/example_dags/example_params_ui_tutorial.py
[2023-06-28T14:22:33.518+0000] {processor.py:836} INFO - DAG(s) dict_keys(['example_params_ui_tutorial']) retrieved from /home/airflow/.local/lib/python3.7/site-packages/airflow/example_dags/example_params_ui_tutorial.py
[2023-06-28T14:22:33.638+0000] {logging_mixin.py:149} INFO - [2023-06-28T14:22:33.638+0000] {dag.py:2726} INFO - Sync 1 DAGs
[2023-06-28T14:22:33.674+0000] {logging_mixin.py:149} INFO - [2023-06-28T14:22:33.674+0000] {dag.py:3490} INFO - Setting next_dagrun for example_params_ui_tutorial to None, run_after=None
[2023-06-28T14:22:33.706+0000] {processor.py:179} INFO - Processing /home/airflow/.local/lib/python3.7/site-packages/airflow/example_dags/example_params_ui_tutorial.py took 0.259 seconds
[2023-06-28T14:23:03.822+0000] {processor.py:157} INFO - Started process (PID=805) to work on /home/airflow/.local/lib/python3.7/site-packages/airflow/example_dags/example_params_ui_tutorial.py
[2023-06-28T14:23:03.824+0000] {processor.py:826} INFO - Processing file /home/airflow/.local/lib/python3.7/site-packages/airflow/example_dags/example_params_ui_tutorial.py for tasks to queue
[2023-06-28T14:23:03.825+0000] {logging_mixin.py:149} INFO - [2023-06-28T14:23:03.825+0000] {dagbag.py:541} INFO - Filling up the DagBag from /home/airflow/.local/lib/python3.7/site-packages/airflow/example_dags/example_params_ui_tutorial.py
[2023-06-28T14:23:03.893+0000] {processor.py:836} INFO - DAG(s) dict_keys(['example_params_ui_tutorial']) retrieved from /home/airflow/.local/lib/python3.7/site-packages/airflow/example_dags/example_params_ui_tutorial.py
[2023-06-28T14:23:04.014+0000] {logging_mixin.py:149} INFO - [2023-06-28T14:23:04.013+0000] {dag.py:2726} INFO - Sync 1 DAGs
[2023-06-28T14:23:04.054+0000] {logging_mixin.py:149} INFO - [2023-06-28T14:23:04.053+0000] {dag.py:3490} INFO - Setting next_dagrun for example_params_ui_tutorial to None, run_after=None
[2023-06-28T14:23:04.089+0000] {processor.py:179} INFO - Processing /home/airflow/.local/lib/python3.7/site-packages/airflow/example_dags/example_params_ui_tutorial.py took 0.272 seconds
[2023-06-28T14:23:34.186+0000] {processor.py:157} INFO - Started process (PID=865) to work on /home/airflow/.local/lib/python3.7/site-packages/airflow/example_dags/example_params_ui_tutorial.py
[2023-06-28T14:23:34.188+0000] {processor.py:826} INFO - Processing file /home/airflow/.local/lib/python3.7/site-packages/airflow/example_dags/example_params_ui_tutorial.py for tasks to queue
[2023-06-28T14:23:34.189+0000] {logging_mixin.py:149} INFO - [2023-06-28T14:23:34.189+0000] {dagbag.py:541} INFO - Filling up the DagBag from /home/airflow/.local/lib/python3.7/site-packages/airflow/example_dags/example_params_ui_tutorial.py
[2023-06-28T14:23:34.257+0000] {processor.py:836} INFO - DAG(s) dict_keys(['example_params_ui_tutorial']) retrieved from /home/airflow/.local/lib/python3.7/site-packages/airflow/example_dags/example_params_ui_tutorial.py
[2023-06-28T14:23:34.369+0000] {logging_mixin.py:149} INFO - [2023-06-28T14:23:34.369+0000] {dag.py:2726} INFO - Sync 1 DAGs
[2023-06-28T14:23:34.405+0000] {logging_mixin.py:149} INFO - [2023-06-28T14:23:34.405+0000] {dag.py:3490} INFO - Setting next_dagrun for example_params_ui_tutorial to None, run_after=None
[2023-06-28T14:23:34.440+0000] {processor.py:179} INFO - Processing /home/airflow/.local/lib/python3.7/site-packages/airflow/example_dags/example_params_ui_tutorial.py took 0.259 seconds
[2023-06-28T14:24:04.543+0000] {processor.py:157} INFO - Started process (PID=924) to work on /home/airflow/.local/lib/python3.7/site-packages/airflow/example_dags/example_params_ui_tutorial.py
[2023-06-28T14:24:04.544+0000] {processor.py:826} INFO - Processing file /home/airflow/.local/lib/python3.7/site-packages/airflow/example_dags/example_params_ui_tutorial.py for tasks to queue
[2023-06-28T14:24:04.546+0000] {logging_mixin.py:149} INFO - [2023-06-28T14:24:04.545+0000] {dagbag.py:541} INFO - Filling up the DagBag from /home/airflow/.local/lib/python3.7/site-packages/airflow/example_dags/example_params_ui_tutorial.py
[2023-06-28T14:24:04.613+0000] {processor.py:836} INFO - DAG(s) dict_keys(['example_params_ui_tutorial']) retrieved from /home/airflow/.local/lib/python3.7/site-packages/airflow/example_dags/example_params_ui_tutorial.py
[2023-06-28T14:24:04.742+0000] {logging_mixin.py:149} INFO - [2023-06-28T14:24:04.741+0000] {dag.py:2726} INFO - Sync 1 DAGs
[2023-06-28T14:24:04.783+0000] {logging_mixin.py:149} INFO - [2023-06-28T14:24:04.782+0000] {dag.py:3490} INFO - Setting next_dagrun for example_params_ui_tutorial to None, run_after=None
[2023-06-28T14:24:04.816+0000] {processor.py:179} INFO - Processing /home/airflow/.local/lib/python3.7/site-packages/airflow/example_dags/example_params_ui_tutorial.py took 0.277 seconds
[2023-06-28T14:24:35.252+0000] {processor.py:157} INFO - Started process (PID=982) to work on /home/airflow/.local/lib/python3.7/site-packages/airflow/example_dags/example_params_ui_tutorial.py
[2023-06-28T14:24:35.256+0000] {processor.py:826} INFO - Processing file /home/airflow/.local/lib/python3.7/site-packages/airflow/example_dags/example_params_ui_tutorial.py for tasks to queue
[2023-06-28T14:24:35.258+0000] {logging_mixin.py:149} INFO - [2023-06-28T14:24:35.257+0000] {dagbag.py:541} INFO - Filling up the DagBag from /home/airflow/.local/lib/python3.7/site-packages/airflow/example_dags/example_params_ui_tutorial.py
[2023-06-28T14:24:35.400+0000] {processor.py:836} INFO - DAG(s) dict_keys(['example_params_ui_tutorial']) retrieved from /home/airflow/.local/lib/python3.7/site-packages/airflow/example_dags/example_params_ui_tutorial.py
[2023-06-28T14:24:35.646+0000] {logging_mixin.py:149} INFO - [2023-06-28T14:24:35.646+0000] {dag.py:2726} INFO - Sync 1 DAGs
[2023-06-28T14:24:35.697+0000] {logging_mixin.py:149} INFO - [2023-06-28T14:24:35.696+0000] {dag.py:3490} INFO - Setting next_dagrun for example_params_ui_tutorial to None, run_after=None
[2023-06-28T14:24:35.736+0000] {processor.py:179} INFO - Processing /home/airflow/.local/lib/python3.7/site-packages/airflow/example_dags/example_params_ui_tutorial.py took 0.490 seconds
[2023-06-28T14:25:05.813+0000] {processor.py:157} INFO - Started process (PID=1042) to work on /home/airflow/.local/lib/python3.7/site-packages/airflow/example_dags/example_params_ui_tutorial.py
[2023-06-28T14:25:05.815+0000] {processor.py:826} INFO - Processing file /home/airflow/.local/lib/python3.7/site-packages/airflow/example_dags/example_params_ui_tutorial.py for tasks to queue
[2023-06-28T14:25:05.816+0000] {logging_mixin.py:149} INFO - [2023-06-28T14:25:05.816+0000] {dagbag.py:541} INFO - Filling up the DagBag from /home/airflow/.local/lib/python3.7/site-packages/airflow/example_dags/example_params_ui_tutorial.py
[2023-06-28T14:25:05.879+0000] {processor.py:836} INFO - DAG(s) dict_keys(['example_params_ui_tutorial']) retrieved from /home/airflow/.local/lib/python3.7/site-packages/airflow/example_dags/example_params_ui_tutorial.py
[2023-06-28T14:25:05.995+0000] {logging_mixin.py:149} INFO - [2023-06-28T14:25:05.995+0000] {dag.py:2726} INFO - Sync 1 DAGs
[2023-06-28T14:25:06.034+0000] {logging_mixin.py:149} INFO - [2023-06-28T14:25:06.034+0000] {dag.py:3490} INFO - Setting next_dagrun for example_params_ui_tutorial to None, run_after=None
[2023-06-28T14:25:06.072+0000] {processor.py:179} INFO - Processing /home/airflow/.local/lib/python3.7/site-packages/airflow/example_dags/example_params_ui_tutorial.py took 0.262 seconds
[2023-06-28T14:25:36.287+0000] {processor.py:157} INFO - Started process (PID=1100) to work on /home/airflow/.local/lib/python3.7/site-packages/airflow/example_dags/example_params_ui_tutorial.py
[2023-06-28T14:25:36.288+0000] {processor.py:826} INFO - Processing file /home/airflow/.local/lib/python3.7/site-packages/airflow/example_dags/example_params_ui_tutorial.py for tasks to queue
[2023-06-28T14:25:36.290+0000] {logging_mixin.py:149} INFO - [2023-06-28T14:25:36.290+0000] {dagbag.py:541} INFO - Filling up the DagBag from /home/airflow/.local/lib/python3.7/site-packages/airflow/example_dags/example_params_ui_tutorial.py
[2023-06-28T14:25:36.350+0000] {processor.py:836} INFO - DAG(s) dict_keys(['example_params_ui_tutorial']) retrieved from /home/airflow/.local/lib/python3.7/site-packages/airflow/example_dags/example_params_ui_tutorial.py
[2023-06-28T14:25:36.519+0000] {logging_mixin.py:149} INFO - [2023-06-28T14:25:36.518+0000] {dag.py:2726} INFO - Sync 1 DAGs
[2023-06-28T14:25:36.578+0000] {logging_mixin.py:149} INFO - [2023-06-28T14:25:36.577+0000] {dag.py:3490} INFO - Setting next_dagrun for example_params_ui_tutorial to None, run_after=None
[2023-06-28T14:25:36.630+0000] {processor.py:179} INFO - Processing /home/airflow/.local/lib/python3.7/site-packages/airflow/example_dags/example_params_ui_tutorial.py took 0.348 seconds
[2023-06-28T14:26:06.935+0000] {processor.py:157} INFO - Started process (PID=1159) to work on /home/airflow/.local/lib/python3.7/site-packages/airflow/example_dags/example_params_ui_tutorial.py
[2023-06-28T14:26:06.942+0000] {processor.py:826} INFO - Processing file /home/airflow/.local/lib/python3.7/site-packages/airflow/example_dags/example_params_ui_tutorial.py for tasks to queue
[2023-06-28T14:26:06.949+0000] {logging_mixin.py:149} INFO - [2023-06-28T14:26:06.948+0000] {dagbag.py:541} INFO - Filling up the DagBag from /home/airflow/.local/lib/python3.7/site-packages/airflow/example_dags/example_params_ui_tutorial.py
[2023-06-28T14:26:07.081+0000] {processor.py:836} INFO - DAG(s) dict_keys(['example_params_ui_tutorial']) retrieved from /home/airflow/.local/lib/python3.7/site-packages/airflow/example_dags/example_params_ui_tutorial.py
[2023-06-28T14:26:07.243+0000] {logging_mixin.py:149} INFO - [2023-06-28T14:26:07.242+0000] {dag.py:2726} INFO - Sync 1 DAGs
[2023-06-28T14:26:07.298+0000] {logging_mixin.py:149} INFO - [2023-06-28T14:26:07.297+0000] {dag.py:3490} INFO - Setting next_dagrun for example_params_ui_tutorial to None, run_after=None
[2023-06-28T14:26:07.338+0000] {processor.py:179} INFO - Processing /home/airflow/.local/lib/python3.7/site-packages/airflow/example_dags/example_params_ui_tutorial.py took 0.409 seconds
[2023-06-28T14:26:37.469+0000] {processor.py:157} INFO - Started process (PID=1219) to work on /home/airflow/.local/lib/python3.7/site-packages/airflow/example_dags/example_params_ui_tutorial.py
[2023-06-28T14:26:37.471+0000] {processor.py:826} INFO - Processing file /home/airflow/.local/lib/python3.7/site-packages/airflow/example_dags/example_params_ui_tutorial.py for tasks to queue
[2023-06-28T14:26:37.473+0000] {logging_mixin.py:149} INFO - [2023-06-28T14:26:37.472+0000] {dagbag.py:541} INFO - Filling up the DagBag from /home/airflow/.local/lib/python3.7/site-packages/airflow/example_dags/example_params_ui_tutorial.py
[2023-06-28T14:26:37.541+0000] {processor.py:836} INFO - DAG(s) dict_keys(['example_params_ui_tutorial']) retrieved from /home/airflow/.local/lib/python3.7/site-packages/airflow/example_dags/example_params_ui_tutorial.py
[2023-06-28T14:26:37.659+0000] {logging_mixin.py:149} INFO - [2023-06-28T14:26:37.658+0000] {dag.py:2726} INFO - Sync 1 DAGs
[2023-06-28T14:26:37.704+0000] {logging_mixin.py:149} INFO - [2023-06-28T14:26:37.704+0000] {dag.py:3490} INFO - Setting next_dagrun for example_params_ui_tutorial to None, run_after=None
[2023-06-28T14:26:37.741+0000] {processor.py:179} INFO - Processing /home/airflow/.local/lib/python3.7/site-packages/airflow/example_dags/example_params_ui_tutorial.py took 0.277 seconds
[2023-06-28T14:27:08.162+0000] {processor.py:157} INFO - Started process (PID=1278) to work on /home/airflow/.local/lib/python3.7/site-packages/airflow/example_dags/example_params_ui_tutorial.py
[2023-06-28T14:27:08.163+0000] {processor.py:826} INFO - Processing file /home/airflow/.local/lib/python3.7/site-packages/airflow/example_dags/example_params_ui_tutorial.py for tasks to queue
[2023-06-28T14:27:08.165+0000] {logging_mixin.py:149} INFO - [2023-06-28T14:27:08.165+0000] {dagbag.py:541} INFO - Filling up the DagBag from /home/airflow/.local/lib/python3.7/site-packages/airflow/example_dags/example_params_ui_tutorial.py
[2023-06-28T14:27:08.239+0000] {processor.py:836} INFO - DAG(s) dict_keys(['example_params_ui_tutorial']) retrieved from /home/airflow/.local/lib/python3.7/site-packages/airflow/example_dags/example_params_ui_tutorial.py
[2023-06-28T14:27:08.351+0000] {logging_mixin.py:149} INFO - [2023-06-28T14:27:08.351+0000] {dag.py:2726} INFO - Sync 1 DAGs
[2023-06-28T14:27:08.389+0000] {logging_mixin.py:149} INFO - [2023-06-28T14:27:08.389+0000] {dag.py:3490} INFO - Setting next_dagrun for example_params_ui_tutorial to None, run_after=None
[2023-06-28T14:27:08.422+0000] {processor.py:179} INFO - Processing /home/airflow/.local/lib/python3.7/site-packages/airflow/example_dags/example_params_ui_tutorial.py took 0.264 seconds
[2023-06-28T14:27:38.797+0000] {processor.py:157} INFO - Started process (PID=1337) to work on /home/airflow/.local/lib/python3.7/site-packages/airflow/example_dags/example_params_ui_tutorial.py
[2023-06-28T14:27:38.799+0000] {processor.py:826} INFO - Processing file /home/airflow/.local/lib/python3.7/site-packages/airflow/example_dags/example_params_ui_tutorial.py for tasks to queue
[2023-06-28T14:27:38.801+0000] {logging_mixin.py:149} INFO - [2023-06-28T14:27:38.800+0000] {dagbag.py:541} INFO - Filling up the DagBag from /home/airflow/.local/lib/python3.7/site-packages/airflow/example_dags/example_params_ui_tutorial.py
[2023-06-28T14:27:38.870+0000] {processor.py:836} INFO - DAG(s) dict_keys(['example_params_ui_tutorial']) retrieved from /home/airflow/.local/lib/python3.7/site-packages/airflow/example_dags/example_params_ui_tutorial.py
[2023-06-28T14:27:38.980+0000] {logging_mixin.py:149} INFO - [2023-06-28T14:27:38.979+0000] {dag.py:2726} INFO - Sync 1 DAGs
[2023-06-28T14:27:39.014+0000] {logging_mixin.py:149} INFO - [2023-06-28T14:27:39.014+0000] {dag.py:3490} INFO - Setting next_dagrun for example_params_ui_tutorial to None, run_after=None
[2023-06-28T14:27:39.047+0000] {processor.py:179} INFO - Processing /home/airflow/.local/lib/python3.7/site-packages/airflow/example_dags/example_params_ui_tutorial.py took 0.255 seconds
[2023-06-28T14:28:09.187+0000] {processor.py:157} INFO - Started process (PID=1398) to work on /home/airflow/.local/lib/python3.7/site-packages/airflow/example_dags/example_params_ui_tutorial.py
[2023-06-28T14:28:09.189+0000] {processor.py:826} INFO - Processing file /home/airflow/.local/lib/python3.7/site-packages/airflow/example_dags/example_params_ui_tutorial.py for tasks to queue
[2023-06-28T14:28:09.190+0000] {logging_mixin.py:149} INFO - [2023-06-28T14:28:09.190+0000] {dagbag.py:541} INFO - Filling up the DagBag from /home/airflow/.local/lib/python3.7/site-packages/airflow/example_dags/example_params_ui_tutorial.py
[2023-06-28T14:28:09.266+0000] {processor.py:836} INFO - DAG(s) dict_keys(['example_params_ui_tutorial']) retrieved from /home/airflow/.local/lib/python3.7/site-packages/airflow/example_dags/example_params_ui_tutorial.py
[2023-06-28T14:28:09.386+0000] {logging_mixin.py:149} INFO - [2023-06-28T14:28:09.386+0000] {dag.py:2726} INFO - Sync 1 DAGs
[2023-06-28T14:28:09.420+0000] {logging_mixin.py:149} INFO - [2023-06-28T14:28:09.420+0000] {dag.py:3490} INFO - Setting next_dagrun for example_params_ui_tutorial to None, run_after=None
[2023-06-28T14:28:09.451+0000] {processor.py:179} INFO - Processing /home/airflow/.local/lib/python3.7/site-packages/airflow/example_dags/example_params_ui_tutorial.py took 0.268 seconds
[2023-06-28T14:28:39.633+0000] {processor.py:157} INFO - Started process (PID=1457) to work on /home/airflow/.local/lib/python3.7/site-packages/airflow/example_dags/example_params_ui_tutorial.py
[2023-06-28T14:28:39.634+0000] {processor.py:826} INFO - Processing file /home/airflow/.local/lib/python3.7/site-packages/airflow/example_dags/example_params_ui_tutorial.py for tasks to queue
[2023-06-28T14:28:39.636+0000] {logging_mixin.py:149} INFO - [2023-06-28T14:28:39.635+0000] {dagbag.py:541} INFO - Filling up the DagBag from /home/airflow/.local/lib/python3.7/site-packages/airflow/example_dags/example_params_ui_tutorial.py
[2023-06-28T14:28:39.717+0000] {processor.py:836} INFO - DAG(s) dict_keys(['example_params_ui_tutorial']) retrieved from /home/airflow/.local/lib/python3.7/site-packages/airflow/example_dags/example_params_ui_tutorial.py
[2023-06-28T14:28:39.855+0000] {logging_mixin.py:149} INFO - [2023-06-28T14:28:39.855+0000] {dag.py:2726} INFO - Sync 1 DAGs
[2023-06-28T14:28:39.908+0000] {logging_mixin.py:149} INFO - [2023-06-28T14:28:39.908+0000] {dag.py:3490} INFO - Setting next_dagrun for example_params_ui_tutorial to None, run_after=None
[2023-06-28T14:28:39.949+0000] {processor.py:179} INFO - Processing /home/airflow/.local/lib/python3.7/site-packages/airflow/example_dags/example_params_ui_tutorial.py took 0.321 seconds
[2023-06-28T14:29:10.485+0000] {processor.py:157} INFO - Started process (PID=1515) to work on /home/airflow/.local/lib/python3.7/site-packages/airflow/example_dags/example_params_ui_tutorial.py
[2023-06-28T14:29:10.486+0000] {processor.py:826} INFO - Processing file /home/airflow/.local/lib/python3.7/site-packages/airflow/example_dags/example_params_ui_tutorial.py for tasks to queue
[2023-06-28T14:29:10.488+0000] {logging_mixin.py:149} INFO - [2023-06-28T14:29:10.488+0000] {dagbag.py:541} INFO - Filling up the DagBag from /home/airflow/.local/lib/python3.7/site-packages/airflow/example_dags/example_params_ui_tutorial.py
[2023-06-28T14:29:10.567+0000] {processor.py:836} INFO - DAG(s) dict_keys(['example_params_ui_tutorial']) retrieved from /home/airflow/.local/lib/python3.7/site-packages/airflow/example_dags/example_params_ui_tutorial.py
[2023-06-28T14:29:10.705+0000] {logging_mixin.py:149} INFO - [2023-06-28T14:29:10.705+0000] {dag.py:2726} INFO - Sync 1 DAGs
[2023-06-28T14:29:10.753+0000] {logging_mixin.py:149} INFO - [2023-06-28T14:29:10.753+0000] {dag.py:3490} INFO - Setting next_dagrun for example_params_ui_tutorial to None, run_after=None
[2023-06-28T14:29:10.793+0000] {processor.py:179} INFO - Processing /home/airflow/.local/lib/python3.7/site-packages/airflow/example_dags/example_params_ui_tutorial.py took 0.314 seconds
[2023-06-28T14:29:41.039+0000] {processor.py:157} INFO - Started process (PID=1575) to work on /home/airflow/.local/lib/python3.7/site-packages/airflow/example_dags/example_params_ui_tutorial.py
[2023-06-28T14:29:41.040+0000] {processor.py:826} INFO - Processing file /home/airflow/.local/lib/python3.7/site-packages/airflow/example_dags/example_params_ui_tutorial.py for tasks to queue
[2023-06-28T14:29:41.042+0000] {logging_mixin.py:149} INFO - [2023-06-28T14:29:41.042+0000] {dagbag.py:541} INFO - Filling up the DagBag from /home/airflow/.local/lib/python3.7/site-packages/airflow/example_dags/example_params_ui_tutorial.py
[2023-06-28T14:29:41.112+0000] {processor.py:836} INFO - DAG(s) dict_keys(['example_params_ui_tutorial']) retrieved from /home/airflow/.local/lib/python3.7/site-packages/airflow/example_dags/example_params_ui_tutorial.py
[2023-06-28T14:29:41.221+0000] {logging_mixin.py:149} INFO - [2023-06-28T14:29:41.221+0000] {dag.py:2726} INFO - Sync 1 DAGs
[2023-06-28T14:29:41.258+0000] {logging_mixin.py:149} INFO - [2023-06-28T14:29:41.258+0000] {dag.py:3490} INFO - Setting next_dagrun for example_params_ui_tutorial to None, run_after=None
[2023-06-28T14:29:41.290+0000] {processor.py:179} INFO - Processing /home/airflow/.local/lib/python3.7/site-packages/airflow/example_dags/example_params_ui_tutorial.py took 0.255 seconds
[2023-06-28T14:30:11.450+0000] {processor.py:157} INFO - Started process (PID=1635) to work on /home/airflow/.local/lib/python3.7/site-packages/airflow/example_dags/example_params_ui_tutorial.py
[2023-06-28T14:30:11.451+0000] {processor.py:826} INFO - Processing file /home/airflow/.local/lib/python3.7/site-packages/airflow/example_dags/example_params_ui_tutorial.py for tasks to queue
[2023-06-28T14:30:11.453+0000] {logging_mixin.py:149} INFO - [2023-06-28T14:30:11.452+0000] {dagbag.py:541} INFO - Filling up the DagBag from /home/airflow/.local/lib/python3.7/site-packages/airflow/example_dags/example_params_ui_tutorial.py
[2023-06-28T14:30:11.539+0000] {processor.py:836} INFO - DAG(s) dict_keys(['example_params_ui_tutorial']) retrieved from /home/airflow/.local/lib/python3.7/site-packages/airflow/example_dags/example_params_ui_tutorial.py
[2023-06-28T14:30:11.714+0000] {logging_mixin.py:149} INFO - [2023-06-28T14:30:11.713+0000] {dag.py:2726} INFO - Sync 1 DAGs
[2023-06-28T14:30:11.801+0000] {logging_mixin.py:149} INFO - [2023-06-28T14:30:11.800+0000] {dag.py:3490} INFO - Setting next_dagrun for example_params_ui_tutorial to None, run_after=None
[2023-06-28T14:30:11.881+0000] {processor.py:179} INFO - Processing /home/airflow/.local/lib/python3.7/site-packages/airflow/example_dags/example_params_ui_tutorial.py took 0.436 seconds
[2023-06-28T14:30:42.053+0000] {processor.py:157} INFO - Started process (PID=1695) to work on /home/airflow/.local/lib/python3.7/site-packages/airflow/example_dags/example_params_ui_tutorial.py
[2023-06-28T14:30:42.054+0000] {processor.py:826} INFO - Processing file /home/airflow/.local/lib/python3.7/site-packages/airflow/example_dags/example_params_ui_tutorial.py for tasks to queue
[2023-06-28T14:30:42.055+0000] {logging_mixin.py:149} INFO - [2023-06-28T14:30:42.055+0000] {dagbag.py:541} INFO - Filling up the DagBag from /home/airflow/.local/lib/python3.7/site-packages/airflow/example_dags/example_params_ui_tutorial.py
[2023-06-28T14:30:42.114+0000] {processor.py:836} INFO - DAG(s) dict_keys(['example_params_ui_tutorial']) retrieved from /home/airflow/.local/lib/python3.7/site-packages/airflow/example_dags/example_params_ui_tutorial.py
[2023-06-28T14:30:42.211+0000] {logging_mixin.py:149} INFO - [2023-06-28T14:30:42.211+0000] {dag.py:2726} INFO - Sync 1 DAGs
[2023-06-28T14:30:42.244+0000] {logging_mixin.py:149} INFO - [2023-06-28T14:30:42.244+0000] {dag.py:3490} INFO - Setting next_dagrun for example_params_ui_tutorial to None, run_after=None
[2023-06-28T14:30:42.278+0000] {processor.py:179} INFO - Processing /home/airflow/.local/lib/python3.7/site-packages/airflow/example_dags/example_params_ui_tutorial.py took 0.228 seconds
[2023-06-28T14:31:12.602+0000] {processor.py:157} INFO - Started process (PID=1752) to work on /home/airflow/.local/lib/python3.7/site-packages/airflow/example_dags/example_params_ui_tutorial.py
[2023-06-28T14:31:12.603+0000] {processor.py:826} INFO - Processing file /home/airflow/.local/lib/python3.7/site-packages/airflow/example_dags/example_params_ui_tutorial.py for tasks to queue
[2023-06-28T14:31:12.605+0000] {logging_mixin.py:149} INFO - [2023-06-28T14:31:12.604+0000] {dagbag.py:541} INFO - Filling up the DagBag from /home/airflow/.local/lib/python3.7/site-packages/airflow/example_dags/example_params_ui_tutorial.py
[2023-06-28T14:31:12.677+0000] {processor.py:836} INFO - DAG(s) dict_keys(['example_params_ui_tutorial']) retrieved from /home/airflow/.local/lib/python3.7/site-packages/airflow/example_dags/example_params_ui_tutorial.py
[2023-06-28T14:31:12.794+0000] {logging_mixin.py:149} INFO - [2023-06-28T14:31:12.794+0000] {dag.py:2726} INFO - Sync 1 DAGs
[2023-06-28T14:31:12.836+0000] {logging_mixin.py:149} INFO - [2023-06-28T14:31:12.836+0000] {dag.py:3490} INFO - Setting next_dagrun for example_params_ui_tutorial to None, run_after=None
[2023-06-28T14:31:12.871+0000] {processor.py:179} INFO - Processing /home/airflow/.local/lib/python3.7/site-packages/airflow/example_dags/example_params_ui_tutorial.py took 0.276 seconds
[2023-06-28T14:31:43.038+0000] {processor.py:157} INFO - Started process (PID=1813) to work on /home/airflow/.local/lib/python3.7/site-packages/airflow/example_dags/example_params_ui_tutorial.py
[2023-06-28T14:31:43.040+0000] {processor.py:826} INFO - Processing file /home/airflow/.local/lib/python3.7/site-packages/airflow/example_dags/example_params_ui_tutorial.py for tasks to queue
[2023-06-28T14:31:43.041+0000] {logging_mixin.py:149} INFO - [2023-06-28T14:31:43.041+0000] {dagbag.py:541} INFO - Filling up the DagBag from /home/airflow/.local/lib/python3.7/site-packages/airflow/example_dags/example_params_ui_tutorial.py
[2023-06-28T14:31:43.113+0000] {processor.py:836} INFO - DAG(s) dict_keys(['example_params_ui_tutorial']) retrieved from /home/airflow/.local/lib/python3.7/site-packages/airflow/example_dags/example_params_ui_tutorial.py
[2023-06-28T14:31:43.246+0000] {logging_mixin.py:149} INFO - [2023-06-28T14:31:43.246+0000] {dag.py:2726} INFO - Sync 1 DAGs
[2023-06-28T14:31:43.284+0000] {logging_mixin.py:149} INFO - [2023-06-28T14:31:43.284+0000] {dag.py:3490} INFO - Setting next_dagrun for example_params_ui_tutorial to None, run_after=None
[2023-06-28T14:31:43.316+0000] {processor.py:179} INFO - Processing /home/airflow/.local/lib/python3.7/site-packages/airflow/example_dags/example_params_ui_tutorial.py took 0.283 seconds
[2023-06-28T14:32:13.460+0000] {processor.py:157} INFO - Started process (PID=1871) to work on /home/airflow/.local/lib/python3.7/site-packages/airflow/example_dags/example_params_ui_tutorial.py
[2023-06-28T14:32:13.461+0000] {processor.py:826} INFO - Processing file /home/airflow/.local/lib/python3.7/site-packages/airflow/example_dags/example_params_ui_tutorial.py for tasks to queue
[2023-06-28T14:32:13.463+0000] {logging_mixin.py:149} INFO - [2023-06-28T14:32:13.463+0000] {dagbag.py:541} INFO - Filling up the DagBag from /home/airflow/.local/lib/python3.7/site-packages/airflow/example_dags/example_params_ui_tutorial.py
[2023-06-28T14:32:13.539+0000] {processor.py:836} INFO - DAG(s) dict_keys(['example_params_ui_tutorial']) retrieved from /home/airflow/.local/lib/python3.7/site-packages/airflow/example_dags/example_params_ui_tutorial.py
[2023-06-28T14:32:13.645+0000] {logging_mixin.py:149} INFO - [2023-06-28T14:32:13.645+0000] {dag.py:2726} INFO - Sync 1 DAGs
[2023-06-28T14:32:13.682+0000] {logging_mixin.py:149} INFO - [2023-06-28T14:32:13.682+0000] {dag.py:3490} INFO - Setting next_dagrun for example_params_ui_tutorial to None, run_after=None
[2023-06-28T14:32:13.717+0000] {processor.py:179} INFO - Processing /home/airflow/.local/lib/python3.7/site-packages/airflow/example_dags/example_params_ui_tutorial.py took 0.264 seconds
[2023-06-28T14:32:43.767+0000] {processor.py:157} INFO - Started process (PID=1930) to work on /home/airflow/.local/lib/python3.7/site-packages/airflow/example_dags/example_params_ui_tutorial.py
[2023-06-28T14:32:43.768+0000] {processor.py:826} INFO - Processing file /home/airflow/.local/lib/python3.7/site-packages/airflow/example_dags/example_params_ui_tutorial.py for tasks to queue
[2023-06-28T14:32:43.769+0000] {logging_mixin.py:149} INFO - [2023-06-28T14:32:43.769+0000] {dagbag.py:541} INFO - Filling up the DagBag from /home/airflow/.local/lib/python3.7/site-packages/airflow/example_dags/example_params_ui_tutorial.py
[2023-06-28T14:32:43.831+0000] {processor.py:836} INFO - DAG(s) dict_keys(['example_params_ui_tutorial']) retrieved from /home/airflow/.local/lib/python3.7/site-packages/airflow/example_dags/example_params_ui_tutorial.py
[2023-06-28T14:32:43.955+0000] {logging_mixin.py:149} INFO - [2023-06-28T14:32:43.955+0000] {dag.py:2726} INFO - Sync 1 DAGs
[2023-06-28T14:32:43.994+0000] {logging_mixin.py:149} INFO - [2023-06-28T14:32:43.993+0000] {dag.py:3490} INFO - Setting next_dagrun for example_params_ui_tutorial to None, run_after=None
[2023-06-28T14:32:44.027+0000] {processor.py:179} INFO - Processing /home/airflow/.local/lib/python3.7/site-packages/airflow/example_dags/example_params_ui_tutorial.py took 0.264 seconds
[2023-06-28T14:33:14.086+0000] {processor.py:157} INFO - Started process (PID=1988) to work on /home/airflow/.local/lib/python3.7/site-packages/airflow/example_dags/example_params_ui_tutorial.py
[2023-06-28T14:33:14.088+0000] {processor.py:826} INFO - Processing file /home/airflow/.local/lib/python3.7/site-packages/airflow/example_dags/example_params_ui_tutorial.py for tasks to queue
[2023-06-28T14:33:14.090+0000] {logging_mixin.py:149} INFO - [2023-06-28T14:33:14.089+0000] {dagbag.py:541} INFO - Filling up the DagBag from /home/airflow/.local/lib/python3.7/site-packages/airflow/example_dags/example_params_ui_tutorial.py
[2023-06-28T14:33:14.157+0000] {processor.py:836} INFO - DAG(s) dict_keys(['example_params_ui_tutorial']) retrieved from /home/airflow/.local/lib/python3.7/site-packages/airflow/example_dags/example_params_ui_tutorial.py
[2023-06-28T14:33:14.280+0000] {logging_mixin.py:149} INFO - [2023-06-28T14:33:14.280+0000] {dag.py:2726} INFO - Sync 1 DAGs
[2023-06-28T14:33:14.319+0000] {logging_mixin.py:149} INFO - [2023-06-28T14:33:14.319+0000] {dag.py:3490} INFO - Setting next_dagrun for example_params_ui_tutorial to None, run_after=None
[2023-06-28T14:33:14.358+0000] {processor.py:179} INFO - Processing /home/airflow/.local/lib/python3.7/site-packages/airflow/example_dags/example_params_ui_tutorial.py took 0.276 seconds
[2023-06-28T14:33:44.642+0000] {processor.py:157} INFO - Started process (PID=2046) to work on /home/airflow/.local/lib/python3.7/site-packages/airflow/example_dags/example_params_ui_tutorial.py
[2023-06-28T14:33:44.643+0000] {processor.py:826} INFO - Processing file /home/airflow/.local/lib/python3.7/site-packages/airflow/example_dags/example_params_ui_tutorial.py for tasks to queue
[2023-06-28T14:33:44.645+0000] {logging_mixin.py:149} INFO - [2023-06-28T14:33:44.645+0000] {dagbag.py:541} INFO - Filling up the DagBag from /home/airflow/.local/lib/python3.7/site-packages/airflow/example_dags/example_params_ui_tutorial.py
[2023-06-28T14:33:44.713+0000] {processor.py:836} INFO - DAG(s) dict_keys(['example_params_ui_tutorial']) retrieved from /home/airflow/.local/lib/python3.7/site-packages/airflow/example_dags/example_params_ui_tutorial.py
[2023-06-28T14:33:44.832+0000] {logging_mixin.py:149} INFO - [2023-06-28T14:33:44.832+0000] {dag.py:2726} INFO - Sync 1 DAGs
[2023-06-28T14:33:44.872+0000] {logging_mixin.py:149} INFO - [2023-06-28T14:33:44.872+0000] {dag.py:3490} INFO - Setting next_dagrun for example_params_ui_tutorial to None, run_after=None
[2023-06-28T14:33:44.906+0000] {processor.py:179} INFO - Processing /home/airflow/.local/lib/python3.7/site-packages/airflow/example_dags/example_params_ui_tutorial.py took 0.269 seconds
[2023-06-28T14:34:15.670+0000] {processor.py:157} INFO - Started process (PID=2105) to work on /home/airflow/.local/lib/python3.7/site-packages/airflow/example_dags/example_params_ui_tutorial.py
[2023-06-28T14:34:15.672+0000] {processor.py:826} INFO - Processing file /home/airflow/.local/lib/python3.7/site-packages/airflow/example_dags/example_params_ui_tutorial.py for tasks to queue
[2023-06-28T14:34:15.673+0000] {logging_mixin.py:149} INFO - [2023-06-28T14:34:15.673+0000] {dagbag.py:541} INFO - Filling up the DagBag from /home/airflow/.local/lib/python3.7/site-packages/airflow/example_dags/example_params_ui_tutorial.py
[2023-06-28T14:34:15.742+0000] {processor.py:836} INFO - DAG(s) dict_keys(['example_params_ui_tutorial']) retrieved from /home/airflow/.local/lib/python3.7/site-packages/airflow/example_dags/example_params_ui_tutorial.py
[2023-06-28T14:34:15.864+0000] {logging_mixin.py:149} INFO - [2023-06-28T14:34:15.864+0000] {dag.py:2726} INFO - Sync 1 DAGs
[2023-06-28T14:34:15.902+0000] {logging_mixin.py:149} INFO - [2023-06-28T14:34:15.902+0000] {dag.py:3490} INFO - Setting next_dagrun for example_params_ui_tutorial to None, run_after=None
[2023-06-28T14:34:15.945+0000] {processor.py:179} INFO - Processing /home/airflow/.local/lib/python3.7/site-packages/airflow/example_dags/example_params_ui_tutorial.py took 0.282 seconds
[2023-06-28T14:34:46.032+0000] {processor.py:157} INFO - Started process (PID=2165) to work on /home/airflow/.local/lib/python3.7/site-packages/airflow/example_dags/example_params_ui_tutorial.py
[2023-06-28T14:34:46.033+0000] {processor.py:826} INFO - Processing file /home/airflow/.local/lib/python3.7/site-packages/airflow/example_dags/example_params_ui_tutorial.py for tasks to queue
[2023-06-28T14:34:46.035+0000] {logging_mixin.py:149} INFO - [2023-06-28T14:34:46.035+0000] {dagbag.py:541} INFO - Filling up the DagBag from /home/airflow/.local/lib/python3.7/site-packages/airflow/example_dags/example_params_ui_tutorial.py
[2023-06-28T14:34:46.104+0000] {processor.py:836} INFO - DAG(s) dict_keys(['example_params_ui_tutorial']) retrieved from /home/airflow/.local/lib/python3.7/site-packages/airflow/example_dags/example_params_ui_tutorial.py
[2023-06-28T14:34:46.228+0000] {logging_mixin.py:149} INFO - [2023-06-28T14:34:46.228+0000] {dag.py:2726} INFO - Sync 1 DAGs
[2023-06-28T14:34:46.267+0000] {logging_mixin.py:149} INFO - [2023-06-28T14:34:46.267+0000] {dag.py:3490} INFO - Setting next_dagrun for example_params_ui_tutorial to None, run_after=None
[2023-06-28T14:34:46.302+0000] {processor.py:179} INFO - Processing /home/airflow/.local/lib/python3.7/site-packages/airflow/example_dags/example_params_ui_tutorial.py took 0.275 seconds
[2023-06-28T14:35:16.564+0000] {processor.py:157} INFO - Started process (PID=2226) to work on /home/airflow/.local/lib/python3.7/site-packages/airflow/example_dags/example_params_ui_tutorial.py
[2023-06-28T14:35:16.566+0000] {processor.py:826} INFO - Processing file /home/airflow/.local/lib/python3.7/site-packages/airflow/example_dags/example_params_ui_tutorial.py for tasks to queue
[2023-06-28T14:35:16.567+0000] {logging_mixin.py:149} INFO - [2023-06-28T14:35:16.567+0000] {dagbag.py:541} INFO - Filling up the DagBag from /home/airflow/.local/lib/python3.7/site-packages/airflow/example_dags/example_params_ui_tutorial.py
[2023-06-28T14:35:16.641+0000] {processor.py:836} INFO - DAG(s) dict_keys(['example_params_ui_tutorial']) retrieved from /home/airflow/.local/lib/python3.7/site-packages/airflow/example_dags/example_params_ui_tutorial.py
[2023-06-28T14:35:16.784+0000] {logging_mixin.py:149} INFO - [2023-06-28T14:35:16.784+0000] {dag.py:2726} INFO - Sync 1 DAGs
[2023-06-28T14:35:16.850+0000] {logging_mixin.py:149} INFO - [2023-06-28T14:35:16.850+0000] {dag.py:3490} INFO - Setting next_dagrun for example_params_ui_tutorial to None, run_after=None
[2023-06-28T14:35:16.910+0000] {processor.py:179} INFO - Processing /home/airflow/.local/lib/python3.7/site-packages/airflow/example_dags/example_params_ui_tutorial.py took 0.351 seconds
[2023-06-28T14:35:47.423+0000] {processor.py:157} INFO - Started process (PID=2286) to work on /home/airflow/.local/lib/python3.7/site-packages/airflow/example_dags/example_params_ui_tutorial.py
[2023-06-28T14:35:47.426+0000] {processor.py:826} INFO - Processing file /home/airflow/.local/lib/python3.7/site-packages/airflow/example_dags/example_params_ui_tutorial.py for tasks to queue
[2023-06-28T14:35:47.428+0000] {logging_mixin.py:149} INFO - [2023-06-28T14:35:47.427+0000] {dagbag.py:541} INFO - Filling up the DagBag from /home/airflow/.local/lib/python3.7/site-packages/airflow/example_dags/example_params_ui_tutorial.py
[2023-06-28T14:35:47.491+0000] {processor.py:836} INFO - DAG(s) dict_keys(['example_params_ui_tutorial']) retrieved from /home/airflow/.local/lib/python3.7/site-packages/airflow/example_dags/example_params_ui_tutorial.py
[2023-06-28T14:35:47.586+0000] {logging_mixin.py:149} INFO - [2023-06-28T14:35:47.586+0000] {dag.py:2726} INFO - Sync 1 DAGs
[2023-06-28T14:35:47.619+0000] {logging_mixin.py:149} INFO - [2023-06-28T14:35:47.618+0000] {dag.py:3490} INFO - Setting next_dagrun for example_params_ui_tutorial to None, run_after=None
[2023-06-28T14:35:47.652+0000] {processor.py:179} INFO - Processing /home/airflow/.local/lib/python3.7/site-packages/airflow/example_dags/example_params_ui_tutorial.py took 0.233 seconds
[2023-06-28T14:36:18.541+0000] {processor.py:157} INFO - Started process (PID=2346) to work on /home/airflow/.local/lib/python3.7/site-packages/airflow/example_dags/example_params_ui_tutorial.py
[2023-06-28T14:36:18.542+0000] {processor.py:826} INFO - Processing file /home/airflow/.local/lib/python3.7/site-packages/airflow/example_dags/example_params_ui_tutorial.py for tasks to queue
[2023-06-28T14:36:18.543+0000] {logging_mixin.py:149} INFO - [2023-06-28T14:36:18.543+0000] {dagbag.py:541} INFO - Filling up the DagBag from /home/airflow/.local/lib/python3.7/site-packages/airflow/example_dags/example_params_ui_tutorial.py
[2023-06-28T14:36:18.602+0000] {processor.py:836} INFO - DAG(s) dict_keys(['example_params_ui_tutorial']) retrieved from /home/airflow/.local/lib/python3.7/site-packages/airflow/example_dags/example_params_ui_tutorial.py
[2023-06-28T14:36:18.701+0000] {logging_mixin.py:149} INFO - [2023-06-28T14:36:18.700+0000] {dag.py:2726} INFO - Sync 1 DAGs
[2023-06-28T14:36:18.733+0000] {logging_mixin.py:149} INFO - [2023-06-28T14:36:18.733+0000] {dag.py:3490} INFO - Setting next_dagrun for example_params_ui_tutorial to None, run_after=None
[2023-06-28T14:36:18.765+0000] {processor.py:179} INFO - Processing /home/airflow/.local/lib/python3.7/site-packages/airflow/example_dags/example_params_ui_tutorial.py took 0.228 seconds
[2023-06-28T14:36:49.050+0000] {processor.py:157} INFO - Started process (PID=2405) to work on /home/airflow/.local/lib/python3.7/site-packages/airflow/example_dags/example_params_ui_tutorial.py
[2023-06-28T14:36:49.052+0000] {processor.py:826} INFO - Processing file /home/airflow/.local/lib/python3.7/site-packages/airflow/example_dags/example_params_ui_tutorial.py for tasks to queue
[2023-06-28T14:36:49.053+0000] {logging_mixin.py:149} INFO - [2023-06-28T14:36:49.053+0000] {dagbag.py:541} INFO - Filling up the DagBag from /home/airflow/.local/lib/python3.7/site-packages/airflow/example_dags/example_params_ui_tutorial.py
[2023-06-28T14:36:49.125+0000] {processor.py:836} INFO - DAG(s) dict_keys(['example_params_ui_tutorial']) retrieved from /home/airflow/.local/lib/python3.7/site-packages/airflow/example_dags/example_params_ui_tutorial.py
[2023-06-28T14:36:49.242+0000] {logging_mixin.py:149} INFO - [2023-06-28T14:36:49.241+0000] {dag.py:2726} INFO - Sync 1 DAGs
[2023-06-28T14:36:49.283+0000] {logging_mixin.py:149} INFO - [2023-06-28T14:36:49.283+0000] {dag.py:3490} INFO - Setting next_dagrun for example_params_ui_tutorial to None, run_after=None
[2023-06-28T14:36:49.318+0000] {processor.py:179} INFO - Processing /home/airflow/.local/lib/python3.7/site-packages/airflow/example_dags/example_params_ui_tutorial.py took 0.272 seconds
[2023-06-28T14:37:19.493+0000] {processor.py:157} INFO - Started process (PID=2464) to work on /home/airflow/.local/lib/python3.7/site-packages/airflow/example_dags/example_params_ui_tutorial.py
[2023-06-28T14:37:19.495+0000] {processor.py:826} INFO - Processing file /home/airflow/.local/lib/python3.7/site-packages/airflow/example_dags/example_params_ui_tutorial.py for tasks to queue
[2023-06-28T14:37:19.496+0000] {logging_mixin.py:149} INFO - [2023-06-28T14:37:19.496+0000] {dagbag.py:541} INFO - Filling up the DagBag from /home/airflow/.local/lib/python3.7/site-packages/airflow/example_dags/example_params_ui_tutorial.py
[2023-06-28T14:37:19.557+0000] {processor.py:836} INFO - DAG(s) dict_keys(['example_params_ui_tutorial']) retrieved from /home/airflow/.local/lib/python3.7/site-packages/airflow/example_dags/example_params_ui_tutorial.py
[2023-06-28T14:37:19.663+0000] {logging_mixin.py:149} INFO - [2023-06-28T14:37:19.663+0000] {dag.py:2726} INFO - Sync 1 DAGs
[2023-06-28T14:37:19.704+0000] {logging_mixin.py:149} INFO - [2023-06-28T14:37:19.704+0000] {dag.py:3490} INFO - Setting next_dagrun for example_params_ui_tutorial to None, run_after=None
[2023-06-28T14:37:19.737+0000] {processor.py:179} INFO - Processing /home/airflow/.local/lib/python3.7/site-packages/airflow/example_dags/example_params_ui_tutorial.py took 0.248 seconds
[2023-06-28T14:37:50.525+0000] {processor.py:157} INFO - Started process (PID=2523) to work on /home/airflow/.local/lib/python3.7/site-packages/airflow/example_dags/example_params_ui_tutorial.py
[2023-06-28T14:37:50.527+0000] {processor.py:826} INFO - Processing file /home/airflow/.local/lib/python3.7/site-packages/airflow/example_dags/example_params_ui_tutorial.py for tasks to queue
[2023-06-28T14:37:50.529+0000] {logging_mixin.py:149} INFO - [2023-06-28T14:37:50.529+0000] {dagbag.py:541} INFO - Filling up the DagBag from /home/airflow/.local/lib/python3.7/site-packages/airflow/example_dags/example_params_ui_tutorial.py
[2023-06-28T14:37:50.598+0000] {processor.py:836} INFO - DAG(s) dict_keys(['example_params_ui_tutorial']) retrieved from /home/airflow/.local/lib/python3.7/site-packages/airflow/example_dags/example_params_ui_tutorial.py
[2023-06-28T14:37:50.692+0000] {logging_mixin.py:149} INFO - [2023-06-28T14:37:50.692+0000] {dag.py:2726} INFO - Sync 1 DAGs
[2023-06-28T14:37:50.726+0000] {logging_mixin.py:149} INFO - [2023-06-28T14:37:50.726+0000] {dag.py:3490} INFO - Setting next_dagrun for example_params_ui_tutorial to None, run_after=None
[2023-06-28T14:37:50.767+0000] {processor.py:179} INFO - Processing /home/airflow/.local/lib/python3.7/site-packages/airflow/example_dags/example_params_ui_tutorial.py took 0.246 seconds
[2023-06-28T14:38:20.921+0000] {processor.py:157} INFO - Started process (PID=2583) to work on /home/airflow/.local/lib/python3.7/site-packages/airflow/example_dags/example_params_ui_tutorial.py
[2023-06-28T14:38:20.922+0000] {processor.py:826} INFO - Processing file /home/airflow/.local/lib/python3.7/site-packages/airflow/example_dags/example_params_ui_tutorial.py for tasks to queue
[2023-06-28T14:38:20.924+0000] {logging_mixin.py:149} INFO - [2023-06-28T14:38:20.923+0000] {dagbag.py:541} INFO - Filling up the DagBag from /home/airflow/.local/lib/python3.7/site-packages/airflow/example_dags/example_params_ui_tutorial.py
[2023-06-28T14:38:20.983+0000] {processor.py:836} INFO - DAG(s) dict_keys(['example_params_ui_tutorial']) retrieved from /home/airflow/.local/lib/python3.7/site-packages/airflow/example_dags/example_params_ui_tutorial.py
[2023-06-28T14:38:21.084+0000] {logging_mixin.py:149} INFO - [2023-06-28T14:38:21.084+0000] {dag.py:2726} INFO - Sync 1 DAGs
[2023-06-28T14:38:21.117+0000] {logging_mixin.py:149} INFO - [2023-06-28T14:38:21.117+0000] {dag.py:3490} INFO - Setting next_dagrun for example_params_ui_tutorial to None, run_after=None
[2023-06-28T14:38:21.150+0000] {processor.py:179} INFO - Processing /home/airflow/.local/lib/python3.7/site-packages/airflow/example_dags/example_params_ui_tutorial.py took 0.233 seconds
[2023-06-28T14:38:52.021+0000] {processor.py:157} INFO - Started process (PID=2642) to work on /home/airflow/.local/lib/python3.7/site-packages/airflow/example_dags/example_params_ui_tutorial.py
[2023-06-28T14:38:52.022+0000] {processor.py:826} INFO - Processing file /home/airflow/.local/lib/python3.7/site-packages/airflow/example_dags/example_params_ui_tutorial.py for tasks to queue
[2023-06-28T14:38:52.024+0000] {logging_mixin.py:149} INFO - [2023-06-28T14:38:52.024+0000] {dagbag.py:541} INFO - Filling up the DagBag from /home/airflow/.local/lib/python3.7/site-packages/airflow/example_dags/example_params_ui_tutorial.py
[2023-06-28T14:38:52.096+0000] {processor.py:836} INFO - DAG(s) dict_keys(['example_params_ui_tutorial']) retrieved from /home/airflow/.local/lib/python3.7/site-packages/airflow/example_dags/example_params_ui_tutorial.py
[2023-06-28T14:38:52.212+0000] {logging_mixin.py:149} INFO - [2023-06-28T14:38:52.212+0000] {dag.py:2726} INFO - Sync 1 DAGs
[2023-06-28T14:38:52.245+0000] {logging_mixin.py:149} INFO - [2023-06-28T14:38:52.245+0000] {dag.py:3490} INFO - Setting next_dagrun for example_params_ui_tutorial to None, run_after=None
[2023-06-28T14:38:52.275+0000] {processor.py:179} INFO - Processing /home/airflow/.local/lib/python3.7/site-packages/airflow/example_dags/example_params_ui_tutorial.py took 0.258 seconds
[2023-06-28T14:39:22.584+0000] {processor.py:157} INFO - Started process (PID=2701) to work on /home/airflow/.local/lib/python3.7/site-packages/airflow/example_dags/example_params_ui_tutorial.py
[2023-06-28T14:39:22.585+0000] {processor.py:826} INFO - Processing file /home/airflow/.local/lib/python3.7/site-packages/airflow/example_dags/example_params_ui_tutorial.py for tasks to queue
[2023-06-28T14:39:22.587+0000] {logging_mixin.py:149} INFO - [2023-06-28T14:39:22.586+0000] {dagbag.py:541} INFO - Filling up the DagBag from /home/airflow/.local/lib/python3.7/site-packages/airflow/example_dags/example_params_ui_tutorial.py
[2023-06-28T14:39:22.658+0000] {processor.py:836} INFO - DAG(s) dict_keys(['example_params_ui_tutorial']) retrieved from /home/airflow/.local/lib/python3.7/site-packages/airflow/example_dags/example_params_ui_tutorial.py
[2023-06-28T14:39:22.768+0000] {logging_mixin.py:149} INFO - [2023-06-28T14:39:22.768+0000] {dag.py:2726} INFO - Sync 1 DAGs
[2023-06-28T14:39:22.801+0000] {logging_mixin.py:149} INFO - [2023-06-28T14:39:22.801+0000] {dag.py:3490} INFO - Setting next_dagrun for example_params_ui_tutorial to None, run_after=None
[2023-06-28T14:39:22.834+0000] {processor.py:179} INFO - Processing /home/airflow/.local/lib/python3.7/site-packages/airflow/example_dags/example_params_ui_tutorial.py took 0.254 seconds
[2023-06-28T14:39:53.194+0000] {processor.py:157} INFO - Started process (PID=2760) to work on /home/airflow/.local/lib/python3.7/site-packages/airflow/example_dags/example_params_ui_tutorial.py
[2023-06-28T14:39:53.196+0000] {processor.py:826} INFO - Processing file /home/airflow/.local/lib/python3.7/site-packages/airflow/example_dags/example_params_ui_tutorial.py for tasks to queue
[2023-06-28T14:39:53.197+0000] {logging_mixin.py:149} INFO - [2023-06-28T14:39:53.197+0000] {dagbag.py:541} INFO - Filling up the DagBag from /home/airflow/.local/lib/python3.7/site-packages/airflow/example_dags/example_params_ui_tutorial.py
[2023-06-28T14:39:53.271+0000] {processor.py:836} INFO - DAG(s) dict_keys(['example_params_ui_tutorial']) retrieved from /home/airflow/.local/lib/python3.7/site-packages/airflow/example_dags/example_params_ui_tutorial.py
[2023-06-28T14:39:53.387+0000] {logging_mixin.py:149} INFO - [2023-06-28T14:39:53.387+0000] {dag.py:2726} INFO - Sync 1 DAGs
[2023-06-28T14:39:53.426+0000] {logging_mixin.py:149} INFO - [2023-06-28T14:39:53.425+0000] {dag.py:3490} INFO - Setting next_dagrun for example_params_ui_tutorial to None, run_after=None
[2023-06-28T14:39:53.484+0000] {processor.py:179} INFO - Processing /home/airflow/.local/lib/python3.7/site-packages/airflow/example_dags/example_params_ui_tutorial.py took 0.296 seconds
[2023-06-28T14:40:23.575+0000] {processor.py:157} INFO - Started process (PID=2821) to work on /home/airflow/.local/lib/python3.7/site-packages/airflow/example_dags/example_params_ui_tutorial.py
[2023-06-28T14:40:23.576+0000] {processor.py:826} INFO - Processing file /home/airflow/.local/lib/python3.7/site-packages/airflow/example_dags/example_params_ui_tutorial.py for tasks to queue
[2023-06-28T14:40:23.578+0000] {logging_mixin.py:149} INFO - [2023-06-28T14:40:23.577+0000] {dagbag.py:541} INFO - Filling up the DagBag from /home/airflow/.local/lib/python3.7/site-packages/airflow/example_dags/example_params_ui_tutorial.py
[2023-06-28T14:40:23.637+0000] {processor.py:836} INFO - DAG(s) dict_keys(['example_params_ui_tutorial']) retrieved from /home/airflow/.local/lib/python3.7/site-packages/airflow/example_dags/example_params_ui_tutorial.py
[2023-06-28T14:40:23.738+0000] {logging_mixin.py:149} INFO - [2023-06-28T14:40:23.738+0000] {dag.py:2726} INFO - Sync 1 DAGs
[2023-06-28T14:40:23.770+0000] {logging_mixin.py:149} INFO - [2023-06-28T14:40:23.770+0000] {dag.py:3490} INFO - Setting next_dagrun for example_params_ui_tutorial to None, run_after=None
[2023-06-28T14:40:23.801+0000] {processor.py:179} INFO - Processing /home/airflow/.local/lib/python3.7/site-packages/airflow/example_dags/example_params_ui_tutorial.py took 0.230 seconds
[2023-06-28T14:40:54.008+0000] {processor.py:157} INFO - Started process (PID=2880) to work on /home/airflow/.local/lib/python3.7/site-packages/airflow/example_dags/example_params_ui_tutorial.py
[2023-06-28T14:40:54.010+0000] {processor.py:826} INFO - Processing file /home/airflow/.local/lib/python3.7/site-packages/airflow/example_dags/example_params_ui_tutorial.py for tasks to queue
[2023-06-28T14:40:54.011+0000] {logging_mixin.py:149} INFO - [2023-06-28T14:40:54.011+0000] {dagbag.py:541} INFO - Filling up the DagBag from /home/airflow/.local/lib/python3.7/site-packages/airflow/example_dags/example_params_ui_tutorial.py
[2023-06-28T14:40:54.080+0000] {processor.py:836} INFO - DAG(s) dict_keys(['example_params_ui_tutorial']) retrieved from /home/airflow/.local/lib/python3.7/site-packages/airflow/example_dags/example_params_ui_tutorial.py
[2023-06-28T14:40:54.194+0000] {logging_mixin.py:149} INFO - [2023-06-28T14:40:54.193+0000] {dag.py:2726} INFO - Sync 1 DAGs
[2023-06-28T14:40:54.228+0000] {logging_mixin.py:149} INFO - [2023-06-28T14:40:54.227+0000] {dag.py:3490} INFO - Setting next_dagrun for example_params_ui_tutorial to None, run_after=None
[2023-06-28T14:40:54.261+0000] {processor.py:179} INFO - Processing /home/airflow/.local/lib/python3.7/site-packages/airflow/example_dags/example_params_ui_tutorial.py took 0.259 seconds
[2023-06-28T14:41:24.447+0000] {processor.py:157} INFO - Started process (PID=2940) to work on /home/airflow/.local/lib/python3.7/site-packages/airflow/example_dags/example_params_ui_tutorial.py
[2023-06-28T14:41:24.449+0000] {processor.py:826} INFO - Processing file /home/airflow/.local/lib/python3.7/site-packages/airflow/example_dags/example_params_ui_tutorial.py for tasks to queue
[2023-06-28T14:41:24.450+0000] {logging_mixin.py:149} INFO - [2023-06-28T14:41:24.450+0000] {dagbag.py:541} INFO - Filling up the DagBag from /home/airflow/.local/lib/python3.7/site-packages/airflow/example_dags/example_params_ui_tutorial.py
[2023-06-28T14:41:24.519+0000] {processor.py:836} INFO - DAG(s) dict_keys(['example_params_ui_tutorial']) retrieved from /home/airflow/.local/lib/python3.7/site-packages/airflow/example_dags/example_params_ui_tutorial.py
[2023-06-28T14:41:24.633+0000] {logging_mixin.py:149} INFO - [2023-06-28T14:41:24.633+0000] {dag.py:2726} INFO - Sync 1 DAGs
[2023-06-28T14:41:24.671+0000] {logging_mixin.py:149} INFO - [2023-06-28T14:41:24.670+0000] {dag.py:3490} INFO - Setting next_dagrun for example_params_ui_tutorial to None, run_after=None
[2023-06-28T14:41:24.711+0000] {processor.py:179} INFO - Processing /home/airflow/.local/lib/python3.7/site-packages/airflow/example_dags/example_params_ui_tutorial.py took 0.267 seconds
[2023-06-28T14:41:54.834+0000] {processor.py:157} INFO - Started process (PID=2999) to work on /home/airflow/.local/lib/python3.7/site-packages/airflow/example_dags/example_params_ui_tutorial.py
[2023-06-28T14:41:54.836+0000] {processor.py:826} INFO - Processing file /home/airflow/.local/lib/python3.7/site-packages/airflow/example_dags/example_params_ui_tutorial.py for tasks to queue
[2023-06-28T14:41:54.837+0000] {logging_mixin.py:149} INFO - [2023-06-28T14:41:54.837+0000] {dagbag.py:541} INFO - Filling up the DagBag from /home/airflow/.local/lib/python3.7/site-packages/airflow/example_dags/example_params_ui_tutorial.py
[2023-06-28T14:41:54.908+0000] {processor.py:836} INFO - DAG(s) dict_keys(['example_params_ui_tutorial']) retrieved from /home/airflow/.local/lib/python3.7/site-packages/airflow/example_dags/example_params_ui_tutorial.py
[2023-06-28T14:41:55.015+0000] {logging_mixin.py:149} INFO - [2023-06-28T14:41:55.014+0000] {dag.py:2726} INFO - Sync 1 DAGs
[2023-06-28T14:41:55.048+0000] {logging_mixin.py:149} INFO - [2023-06-28T14:41:55.047+0000] {dag.py:3490} INFO - Setting next_dagrun for example_params_ui_tutorial to None, run_after=None
[2023-06-28T14:41:55.077+0000] {processor.py:179} INFO - Processing /home/airflow/.local/lib/python3.7/site-packages/airflow/example_dags/example_params_ui_tutorial.py took 0.248 seconds
[2023-06-28T14:42:25.421+0000] {processor.py:157} INFO - Started process (PID=3058) to work on /home/airflow/.local/lib/python3.7/site-packages/airflow/example_dags/example_params_ui_tutorial.py
[2023-06-28T14:42:25.422+0000] {processor.py:826} INFO - Processing file /home/airflow/.local/lib/python3.7/site-packages/airflow/example_dags/example_params_ui_tutorial.py for tasks to queue
[2023-06-28T14:42:25.423+0000] {logging_mixin.py:149} INFO - [2023-06-28T14:42:25.423+0000] {dagbag.py:541} INFO - Filling up the DagBag from /home/airflow/.local/lib/python3.7/site-packages/airflow/example_dags/example_params_ui_tutorial.py
[2023-06-28T14:42:25.483+0000] {processor.py:836} INFO - DAG(s) dict_keys(['example_params_ui_tutorial']) retrieved from /home/airflow/.local/lib/python3.7/site-packages/airflow/example_dags/example_params_ui_tutorial.py
[2023-06-28T14:42:25.669+0000] {logging_mixin.py:149} INFO - [2023-06-28T14:42:25.669+0000] {dag.py:2726} INFO - Sync 1 DAGs
[2023-06-28T14:42:25.712+0000] {logging_mixin.py:149} INFO - [2023-06-28T14:42:25.712+0000] {dag.py:3490} INFO - Setting next_dagrun for example_params_ui_tutorial to None, run_after=None
[2023-06-28T14:42:25.742+0000] {processor.py:179} INFO - Processing /home/airflow/.local/lib/python3.7/site-packages/airflow/example_dags/example_params_ui_tutorial.py took 0.328 seconds
[2023-06-28T14:42:56.278+0000] {processor.py:157} INFO - Started process (PID=3117) to work on /home/airflow/.local/lib/python3.7/site-packages/airflow/example_dags/example_params_ui_tutorial.py
[2023-06-28T14:42:56.280+0000] {processor.py:826} INFO - Processing file /home/airflow/.local/lib/python3.7/site-packages/airflow/example_dags/example_params_ui_tutorial.py for tasks to queue
[2023-06-28T14:42:56.282+0000] {logging_mixin.py:149} INFO - [2023-06-28T14:42:56.282+0000] {dagbag.py:541} INFO - Filling up the DagBag from /home/airflow/.local/lib/python3.7/site-packages/airflow/example_dags/example_params_ui_tutorial.py
[2023-06-28T14:42:56.358+0000] {processor.py:836} INFO - DAG(s) dict_keys(['example_params_ui_tutorial']) retrieved from /home/airflow/.local/lib/python3.7/site-packages/airflow/example_dags/example_params_ui_tutorial.py
[2023-06-28T14:42:56.532+0000] {logging_mixin.py:149} INFO - [2023-06-28T14:42:56.531+0000] {dag.py:2726} INFO - Sync 1 DAGs
[2023-06-28T14:42:56.581+0000] {logging_mixin.py:149} INFO - [2023-06-28T14:42:56.581+0000] {dag.py:3490} INFO - Setting next_dagrun for example_params_ui_tutorial to None, run_after=None
[2023-06-28T14:42:56.626+0000] {processor.py:179} INFO - Processing /home/airflow/.local/lib/python3.7/site-packages/airflow/example_dags/example_params_ui_tutorial.py took 0.353 seconds
[2023-06-28T14:43:26.794+0000] {processor.py:157} INFO - Started process (PID=3178) to work on /home/airflow/.local/lib/python3.7/site-packages/airflow/example_dags/example_params_ui_tutorial.py
[2023-06-28T14:43:26.798+0000] {processor.py:826} INFO - Processing file /home/airflow/.local/lib/python3.7/site-packages/airflow/example_dags/example_params_ui_tutorial.py for tasks to queue
[2023-06-28T14:43:26.800+0000] {logging_mixin.py:149} INFO - [2023-06-28T14:43:26.800+0000] {dagbag.py:541} INFO - Filling up the DagBag from /home/airflow/.local/lib/python3.7/site-packages/airflow/example_dags/example_params_ui_tutorial.py
[2023-06-28T14:43:26.945+0000] {processor.py:836} INFO - DAG(s) dict_keys(['example_params_ui_tutorial']) retrieved from /home/airflow/.local/lib/python3.7/site-packages/airflow/example_dags/example_params_ui_tutorial.py
[2023-06-28T14:43:27.057+0000] {logging_mixin.py:149} INFO - [2023-06-28T14:43:27.057+0000] {dag.py:2726} INFO - Sync 1 DAGs
[2023-06-28T14:43:27.106+0000] {logging_mixin.py:149} INFO - [2023-06-28T14:43:27.105+0000] {dag.py:3490} INFO - Setting next_dagrun for example_params_ui_tutorial to None, run_after=None
[2023-06-28T14:43:27.156+0000] {processor.py:179} INFO - Processing /home/airflow/.local/lib/python3.7/site-packages/airflow/example_dags/example_params_ui_tutorial.py took 0.368 seconds
[2023-06-28T14:43:57.831+0000] {processor.py:157} INFO - Started process (PID=3237) to work on /home/airflow/.local/lib/python3.7/site-packages/airflow/example_dags/example_params_ui_tutorial.py
[2023-06-28T14:43:57.834+0000] {processor.py:826} INFO - Processing file /home/airflow/.local/lib/python3.7/site-packages/airflow/example_dags/example_params_ui_tutorial.py for tasks to queue
[2023-06-28T14:43:57.835+0000] {logging_mixin.py:149} INFO - [2023-06-28T14:43:57.835+0000] {dagbag.py:541} INFO - Filling up the DagBag from /home/airflow/.local/lib/python3.7/site-packages/airflow/example_dags/example_params_ui_tutorial.py
[2023-06-28T14:43:58.183+0000] {processor.py:836} INFO - DAG(s) dict_keys(['example_params_ui_tutorial']) retrieved from /home/airflow/.local/lib/python3.7/site-packages/airflow/example_dags/example_params_ui_tutorial.py
[2023-06-28T14:43:58.405+0000] {logging_mixin.py:149} INFO - [2023-06-28T14:43:58.405+0000] {dag.py:2726} INFO - Sync 1 DAGs
[2023-06-28T14:43:58.451+0000] {logging_mixin.py:149} INFO - [2023-06-28T14:43:58.451+0000] {dag.py:3490} INFO - Setting next_dagrun for example_params_ui_tutorial to None, run_after=None
[2023-06-28T14:43:58.504+0000] {processor.py:179} INFO - Processing /home/airflow/.local/lib/python3.7/site-packages/airflow/example_dags/example_params_ui_tutorial.py took 0.678 seconds
[2023-06-28T14:44:30.873+0000] {processor.py:157} INFO - Started process (PID=3302) to work on /home/airflow/.local/lib/python3.7/site-packages/airflow/example_dags/example_params_ui_tutorial.py
[2023-06-28T14:44:30.875+0000] {processor.py:826} INFO - Processing file /home/airflow/.local/lib/python3.7/site-packages/airflow/example_dags/example_params_ui_tutorial.py for tasks to queue
[2023-06-28T14:44:30.877+0000] {logging_mixin.py:149} INFO - [2023-06-28T14:44:30.877+0000] {dagbag.py:541} INFO - Filling up the DagBag from /home/airflow/.local/lib/python3.7/site-packages/airflow/example_dags/example_params_ui_tutorial.py
[2023-06-28T14:44:31.091+0000] {processor.py:836} INFO - DAG(s) dict_keys(['example_params_ui_tutorial']) retrieved from /home/airflow/.local/lib/python3.7/site-packages/airflow/example_dags/example_params_ui_tutorial.py
[2023-06-28T14:44:31.535+0000] {logging_mixin.py:149} INFO - [2023-06-28T14:44:31.534+0000] {dag.py:2726} INFO - Sync 1 DAGs
[2023-06-28T14:44:31.709+0000] {logging_mixin.py:149} INFO - [2023-06-28T14:44:31.709+0000] {dag.py:3490} INFO - Setting next_dagrun for example_params_ui_tutorial to None, run_after=None
[2023-06-28T14:44:31.844+0000] {processor.py:179} INFO - Processing /home/airflow/.local/lib/python3.7/site-packages/airflow/example_dags/example_params_ui_tutorial.py took 0.980 seconds
[2023-06-28T14:45:02.878+0000] {processor.py:157} INFO - Started process (PID=3361) to work on /home/airflow/.local/lib/python3.7/site-packages/airflow/example_dags/example_params_ui_tutorial.py
[2023-06-28T14:45:02.879+0000] {processor.py:826} INFO - Processing file /home/airflow/.local/lib/python3.7/site-packages/airflow/example_dags/example_params_ui_tutorial.py for tasks to queue
[2023-06-28T14:45:02.881+0000] {logging_mixin.py:149} INFO - [2023-06-28T14:45:02.881+0000] {dagbag.py:541} INFO - Filling up the DagBag from /home/airflow/.local/lib/python3.7/site-packages/airflow/example_dags/example_params_ui_tutorial.py
[2023-06-28T14:45:02.986+0000] {processor.py:836} INFO - DAG(s) dict_keys(['example_params_ui_tutorial']) retrieved from /home/airflow/.local/lib/python3.7/site-packages/airflow/example_dags/example_params_ui_tutorial.py
[2023-06-28T14:45:03.232+0000] {logging_mixin.py:149} INFO - [2023-06-28T14:45:03.232+0000] {dag.py:2726} INFO - Sync 1 DAGs
[2023-06-28T14:45:03.289+0000] {logging_mixin.py:149} INFO - [2023-06-28T14:45:03.289+0000] {dag.py:3490} INFO - Setting next_dagrun for example_params_ui_tutorial to None, run_after=None
[2023-06-28T14:45:03.332+0000] {processor.py:179} INFO - Processing /home/airflow/.local/lib/python3.7/site-packages/airflow/example_dags/example_params_ui_tutorial.py took 0.461 seconds
[2023-06-28T14:45:33.535+0000] {processor.py:157} INFO - Started process (PID=3417) to work on /home/airflow/.local/lib/python3.7/site-packages/airflow/example_dags/example_params_ui_tutorial.py
[2023-06-28T14:45:33.537+0000] {processor.py:826} INFO - Processing file /home/airflow/.local/lib/python3.7/site-packages/airflow/example_dags/example_params_ui_tutorial.py for tasks to queue
[2023-06-28T14:45:33.548+0000] {logging_mixin.py:149} INFO - [2023-06-28T14:45:33.548+0000] {dagbag.py:541} INFO - Filling up the DagBag from /home/airflow/.local/lib/python3.7/site-packages/airflow/example_dags/example_params_ui_tutorial.py
[2023-06-28T14:45:33.649+0000] {processor.py:836} INFO - DAG(s) dict_keys(['example_params_ui_tutorial']) retrieved from /home/airflow/.local/lib/python3.7/site-packages/airflow/example_dags/example_params_ui_tutorial.py
[2023-06-28T14:45:33.821+0000] {logging_mixin.py:149} INFO - [2023-06-28T14:45:33.821+0000] {dag.py:2726} INFO - Sync 1 DAGs
[2023-06-28T14:45:33.878+0000] {logging_mixin.py:149} INFO - [2023-06-28T14:45:33.878+0000] {dag.py:3490} INFO - Setting next_dagrun for example_params_ui_tutorial to None, run_after=None
[2023-06-28T14:45:33.921+0000] {processor.py:179} INFO - Processing /home/airflow/.local/lib/python3.7/site-packages/airflow/example_dags/example_params_ui_tutorial.py took 0.398 seconds
[2023-06-28T14:46:04.309+0000] {processor.py:157} INFO - Started process (PID=3476) to work on /home/airflow/.local/lib/python3.7/site-packages/airflow/example_dags/example_params_ui_tutorial.py
[2023-06-28T14:46:04.311+0000] {processor.py:826} INFO - Processing file /home/airflow/.local/lib/python3.7/site-packages/airflow/example_dags/example_params_ui_tutorial.py for tasks to queue
[2023-06-28T14:46:04.312+0000] {logging_mixin.py:149} INFO - [2023-06-28T14:46:04.312+0000] {dagbag.py:541} INFO - Filling up the DagBag from /home/airflow/.local/lib/python3.7/site-packages/airflow/example_dags/example_params_ui_tutorial.py
[2023-06-28T14:46:04.383+0000] {processor.py:836} INFO - DAG(s) dict_keys(['example_params_ui_tutorial']) retrieved from /home/airflow/.local/lib/python3.7/site-packages/airflow/example_dags/example_params_ui_tutorial.py
[2023-06-28T14:46:04.504+0000] {logging_mixin.py:149} INFO - [2023-06-28T14:46:04.504+0000] {dag.py:2726} INFO - Sync 1 DAGs
[2023-06-28T14:46:04.537+0000] {logging_mixin.py:149} INFO - [2023-06-28T14:46:04.537+0000] {dag.py:3490} INFO - Setting next_dagrun for example_params_ui_tutorial to None, run_after=None
[2023-06-28T14:46:04.577+0000] {processor.py:179} INFO - Processing /home/airflow/.local/lib/python3.7/site-packages/airflow/example_dags/example_params_ui_tutorial.py took 0.272 seconds
[2023-06-28T14:46:34.889+0000] {processor.py:157} INFO - Started process (PID=3534) to work on /home/airflow/.local/lib/python3.7/site-packages/airflow/example_dags/example_params_ui_tutorial.py
[2023-06-28T14:46:34.891+0000] {processor.py:826} INFO - Processing file /home/airflow/.local/lib/python3.7/site-packages/airflow/example_dags/example_params_ui_tutorial.py for tasks to queue
[2023-06-28T14:46:34.892+0000] {logging_mixin.py:149} INFO - [2023-06-28T14:46:34.892+0000] {dagbag.py:541} INFO - Filling up the DagBag from /home/airflow/.local/lib/python3.7/site-packages/airflow/example_dags/example_params_ui_tutorial.py
[2023-06-28T14:46:35.026+0000] {processor.py:836} INFO - DAG(s) dict_keys(['example_params_ui_tutorial']) retrieved from /home/airflow/.local/lib/python3.7/site-packages/airflow/example_dags/example_params_ui_tutorial.py
[2023-06-28T14:46:35.306+0000] {logging_mixin.py:149} INFO - [2023-06-28T14:46:35.305+0000] {dag.py:2726} INFO - Sync 1 DAGs
[2023-06-28T14:46:35.442+0000] {logging_mixin.py:149} INFO - [2023-06-28T14:46:35.442+0000] {dag.py:3490} INFO - Setting next_dagrun for example_params_ui_tutorial to None, run_after=None
[2023-06-28T14:46:35.560+0000] {processor.py:179} INFO - Processing /home/airflow/.local/lib/python3.7/site-packages/airflow/example_dags/example_params_ui_tutorial.py took 0.683 seconds
[2023-06-28T14:47:06.416+0000] {processor.py:157} INFO - Started process (PID=3594) to work on /home/airflow/.local/lib/python3.7/site-packages/airflow/example_dags/example_params_ui_tutorial.py
[2023-06-28T14:47:06.420+0000] {processor.py:826} INFO - Processing file /home/airflow/.local/lib/python3.7/site-packages/airflow/example_dags/example_params_ui_tutorial.py for tasks to queue
[2023-06-28T14:47:06.423+0000] {logging_mixin.py:149} INFO - [2023-06-28T14:47:06.422+0000] {dagbag.py:541} INFO - Filling up the DagBag from /home/airflow/.local/lib/python3.7/site-packages/airflow/example_dags/example_params_ui_tutorial.py
[2023-06-28T14:47:06.661+0000] {processor.py:836} INFO - DAG(s) dict_keys(['example_params_ui_tutorial']) retrieved from /home/airflow/.local/lib/python3.7/site-packages/airflow/example_dags/example_params_ui_tutorial.py
[2023-06-28T14:47:07.188+0000] {logging_mixin.py:149} INFO - [2023-06-28T14:47:07.188+0000] {dag.py:2726} INFO - Sync 1 DAGs
[2023-06-28T14:47:07.372+0000] {logging_mixin.py:149} INFO - [2023-06-28T14:47:07.371+0000] {dag.py:3490} INFO - Setting next_dagrun for example_params_ui_tutorial to None, run_after=None
[2023-06-28T14:47:07.483+0000] {processor.py:179} INFO - Processing /home/airflow/.local/lib/python3.7/site-packages/airflow/example_dags/example_params_ui_tutorial.py took 1.077 seconds
[2023-06-28T14:47:37.807+0000] {processor.py:157} INFO - Started process (PID=3653) to work on /home/airflow/.local/lib/python3.7/site-packages/airflow/example_dags/example_params_ui_tutorial.py
[2023-06-28T14:47:37.808+0000] {processor.py:826} INFO - Processing file /home/airflow/.local/lib/python3.7/site-packages/airflow/example_dags/example_params_ui_tutorial.py for tasks to queue
[2023-06-28T14:47:37.810+0000] {logging_mixin.py:149} INFO - [2023-06-28T14:47:37.810+0000] {dagbag.py:541} INFO - Filling up the DagBag from /home/airflow/.local/lib/python3.7/site-packages/airflow/example_dags/example_params_ui_tutorial.py
[2023-06-28T14:47:37.915+0000] {processor.py:836} INFO - DAG(s) dict_keys(['example_params_ui_tutorial']) retrieved from /home/airflow/.local/lib/python3.7/site-packages/airflow/example_dags/example_params_ui_tutorial.py
[2023-06-28T14:47:38.038+0000] {logging_mixin.py:149} INFO - [2023-06-28T14:47:38.038+0000] {dag.py:2726} INFO - Sync 1 DAGs
[2023-06-28T14:47:38.073+0000] {logging_mixin.py:149} INFO - [2023-06-28T14:47:38.072+0000] {dag.py:3490} INFO - Setting next_dagrun for example_params_ui_tutorial to None, run_after=None
[2023-06-28T14:47:38.103+0000] {processor.py:179} INFO - Processing /home/airflow/.local/lib/python3.7/site-packages/airflow/example_dags/example_params_ui_tutorial.py took 0.302 seconds
[2023-06-28T14:48:08.239+0000] {processor.py:157} INFO - Started process (PID=3713) to work on /home/airflow/.local/lib/python3.7/site-packages/airflow/example_dags/example_params_ui_tutorial.py
[2023-06-28T14:48:08.240+0000] {processor.py:826} INFO - Processing file /home/airflow/.local/lib/python3.7/site-packages/airflow/example_dags/example_params_ui_tutorial.py for tasks to queue
[2023-06-28T14:48:08.242+0000] {logging_mixin.py:149} INFO - [2023-06-28T14:48:08.242+0000] {dagbag.py:541} INFO - Filling up the DagBag from /home/airflow/.local/lib/python3.7/site-packages/airflow/example_dags/example_params_ui_tutorial.py
[2023-06-28T14:48:08.317+0000] {processor.py:836} INFO - DAG(s) dict_keys(['example_params_ui_tutorial']) retrieved from /home/airflow/.local/lib/python3.7/site-packages/airflow/example_dags/example_params_ui_tutorial.py
[2023-06-28T14:48:08.420+0000] {logging_mixin.py:149} INFO - [2023-06-28T14:48:08.419+0000] {dag.py:2726} INFO - Sync 1 DAGs
[2023-06-28T14:48:08.456+0000] {logging_mixin.py:149} INFO - [2023-06-28T14:48:08.455+0000] {dag.py:3490} INFO - Setting next_dagrun for example_params_ui_tutorial to None, run_after=None
[2023-06-28T14:48:08.488+0000] {processor.py:179} INFO - Processing /home/airflow/.local/lib/python3.7/site-packages/airflow/example_dags/example_params_ui_tutorial.py took 0.256 seconds
