[2023-06-28T14:16:31.043+0000] {processor.py:157} INFO - Started process (PID=53) to work on /home/airflow/.local/lib/python3.7/site-packages/airflow/example_dags/example_skip_dag.py
[2023-06-28T14:16:31.045+0000] {processor.py:826} INFO - Processing file /home/airflow/.local/lib/python3.7/site-packages/airflow/example_dags/example_skip_dag.py for tasks to queue
[2023-06-28T14:16:31.047+0000] {logging_mixin.py:149} INFO - [2023-06-28T14:16:31.046+0000] {dagbag.py:541} INFO - Filling up the DagBag from /home/airflow/.local/lib/python3.7/site-packages/airflow/example_dags/example_skip_dag.py
[2023-06-28T14:16:31.070+0000] {processor.py:836} INFO - DAG(s) dict_keys(['example_skip_dag']) retrieved from /home/airflow/.local/lib/python3.7/site-packages/airflow/example_dags/example_skip_dag.py
[2023-06-28T14:16:31.140+0000] {logging_mixin.py:149} INFO - [2023-06-28T14:16:31.140+0000] {dag.py:2726} INFO - Sync 1 DAGs
[2023-06-28T14:16:31.214+0000] {logging_mixin.py:149} INFO - [2023-06-28T14:16:31.213+0000] {dag.py:3490} INFO - Setting next_dagrun for example_skip_dag to 2023-06-27T14:16:31.211944+00:00, run_after=2023-06-28T14:16:31.211944+00:00
[2023-06-28T14:16:31.341+0000] {processor.py:179} INFO - Processing /home/airflow/.local/lib/python3.7/site-packages/airflow/example_dags/example_skip_dag.py took 0.303 seconds
[2023-06-28T14:17:05.926+0000] {processor.py:157} INFO - Started process (PID=112) to work on /home/airflow/.local/lib/python3.7/site-packages/airflow/example_dags/example_skip_dag.py
[2023-06-28T14:17:05.937+0000] {processor.py:826} INFO - Processing file /home/airflow/.local/lib/python3.7/site-packages/airflow/example_dags/example_skip_dag.py for tasks to queue
[2023-06-28T14:17:05.939+0000] {logging_mixin.py:149} INFO - [2023-06-28T14:17:05.939+0000] {dagbag.py:541} INFO - Filling up the DagBag from /home/airflow/.local/lib/python3.7/site-packages/airflow/example_dags/example_skip_dag.py
[2023-06-28T14:17:05.954+0000] {processor.py:836} INFO - DAG(s) dict_keys(['example_skip_dag']) retrieved from /home/airflow/.local/lib/python3.7/site-packages/airflow/example_dags/example_skip_dag.py
[2023-06-28T14:17:06.349+0000] {logging_mixin.py:149} INFO - [2023-06-28T14:17:06.348+0000] {dag.py:2726} INFO - Sync 1 DAGs
[2023-06-28T14:17:06.575+0000] {logging_mixin.py:149} INFO - [2023-06-28T14:17:06.575+0000] {dag.py:3490} INFO - Setting next_dagrun for example_skip_dag to 2023-06-27T14:17:06.575077+00:00, run_after=2023-06-28T14:17:06.575077+00:00
[2023-06-28T14:17:06.901+0000] {processor.py:179} INFO - Processing /home/airflow/.local/lib/python3.7/site-packages/airflow/example_dags/example_skip_dag.py took 0.990 seconds
[2023-06-28T14:17:37.295+0000] {processor.py:157} INFO - Started process (PID=170) to work on /home/airflow/.local/lib/python3.7/site-packages/airflow/example_dags/example_skip_dag.py
[2023-06-28T14:17:37.304+0000] {processor.py:826} INFO - Processing file /home/airflow/.local/lib/python3.7/site-packages/airflow/example_dags/example_skip_dag.py for tasks to queue
[2023-06-28T14:17:37.312+0000] {logging_mixin.py:149} INFO - [2023-06-28T14:17:37.311+0000] {dagbag.py:541} INFO - Filling up the DagBag from /home/airflow/.local/lib/python3.7/site-packages/airflow/example_dags/example_skip_dag.py
[2023-06-28T14:17:37.357+0000] {processor.py:836} INFO - DAG(s) dict_keys(['example_skip_dag']) retrieved from /home/airflow/.local/lib/python3.7/site-packages/airflow/example_dags/example_skip_dag.py
[2023-06-28T14:17:37.481+0000] {logging_mixin.py:149} INFO - [2023-06-28T14:17:37.481+0000] {dag.py:2726} INFO - Sync 1 DAGs
[2023-06-28T14:17:37.609+0000] {logging_mixin.py:149} INFO - [2023-06-28T14:17:37.609+0000] {dag.py:3490} INFO - Setting next_dagrun for example_skip_dag to 2023-06-27T14:17:37.608685+00:00, run_after=2023-06-28T14:17:37.608685+00:00
[2023-06-28T14:17:38.093+0000] {processor.py:179} INFO - Processing /home/airflow/.local/lib/python3.7/site-packages/airflow/example_dags/example_skip_dag.py took 0.817 seconds
[2023-06-28T14:18:08.734+0000] {processor.py:157} INFO - Started process (PID=229) to work on /home/airflow/.local/lib/python3.7/site-packages/airflow/example_dags/example_skip_dag.py
[2023-06-28T14:18:08.736+0000] {processor.py:826} INFO - Processing file /home/airflow/.local/lib/python3.7/site-packages/airflow/example_dags/example_skip_dag.py for tasks to queue
[2023-06-28T14:18:08.737+0000] {logging_mixin.py:149} INFO - [2023-06-28T14:18:08.737+0000] {dagbag.py:541} INFO - Filling up the DagBag from /home/airflow/.local/lib/python3.7/site-packages/airflow/example_dags/example_skip_dag.py
[2023-06-28T14:18:08.748+0000] {processor.py:836} INFO - DAG(s) dict_keys(['example_skip_dag']) retrieved from /home/airflow/.local/lib/python3.7/site-packages/airflow/example_dags/example_skip_dag.py
[2023-06-28T14:18:08.803+0000] {logging_mixin.py:149} INFO - [2023-06-28T14:18:08.801+0000] {dag.py:2726} INFO - Sync 1 DAGs
[2023-06-28T14:18:08.850+0000] {logging_mixin.py:149} INFO - [2023-06-28T14:18:08.850+0000] {dag.py:3490} INFO - Setting next_dagrun for example_skip_dag to 2023-06-27T14:18:08.850196+00:00, run_after=2023-06-28T14:18:08.850196+00:00
[2023-06-28T14:18:08.891+0000] {processor.py:179} INFO - Processing /home/airflow/.local/lib/python3.7/site-packages/airflow/example_dags/example_skip_dag.py took 0.161 seconds
[2023-06-28T14:18:39.693+0000] {processor.py:157} INFO - Started process (PID=288) to work on /home/airflow/.local/lib/python3.7/site-packages/airflow/example_dags/example_skip_dag.py
[2023-06-28T14:18:39.695+0000] {processor.py:826} INFO - Processing file /home/airflow/.local/lib/python3.7/site-packages/airflow/example_dags/example_skip_dag.py for tasks to queue
[2023-06-28T14:18:39.696+0000] {logging_mixin.py:149} INFO - [2023-06-28T14:18:39.696+0000] {dagbag.py:541} INFO - Filling up the DagBag from /home/airflow/.local/lib/python3.7/site-packages/airflow/example_dags/example_skip_dag.py
[2023-06-28T14:18:39.709+0000] {processor.py:836} INFO - DAG(s) dict_keys(['example_skip_dag']) retrieved from /home/airflow/.local/lib/python3.7/site-packages/airflow/example_dags/example_skip_dag.py
[2023-06-28T14:18:39.804+0000] {logging_mixin.py:149} INFO - [2023-06-28T14:18:39.804+0000] {dag.py:2726} INFO - Sync 1 DAGs
[2023-06-28T14:18:39.886+0000] {logging_mixin.py:149} INFO - [2023-06-28T14:18:39.885+0000] {dag.py:3490} INFO - Setting next_dagrun for example_skip_dag to 2023-06-27T14:18:39.884689+00:00, run_after=2023-06-28T14:18:39.884689+00:00
[2023-06-28T14:18:39.938+0000] {processor.py:179} INFO - Processing /home/airflow/.local/lib/python3.7/site-packages/airflow/example_dags/example_skip_dag.py took 0.249 seconds
[2023-06-28T14:19:10.057+0000] {processor.py:157} INFO - Started process (PID=346) to work on /home/airflow/.local/lib/python3.7/site-packages/airflow/example_dags/example_skip_dag.py
[2023-06-28T14:19:10.059+0000] {processor.py:826} INFO - Processing file /home/airflow/.local/lib/python3.7/site-packages/airflow/example_dags/example_skip_dag.py for tasks to queue
[2023-06-28T14:19:10.061+0000] {logging_mixin.py:149} INFO - [2023-06-28T14:19:10.061+0000] {dagbag.py:541} INFO - Filling up the DagBag from /home/airflow/.local/lib/python3.7/site-packages/airflow/example_dags/example_skip_dag.py
[2023-06-28T14:19:10.081+0000] {processor.py:836} INFO - DAG(s) dict_keys(['example_skip_dag']) retrieved from /home/airflow/.local/lib/python3.7/site-packages/airflow/example_dags/example_skip_dag.py
[2023-06-28T14:19:10.137+0000] {logging_mixin.py:149} INFO - [2023-06-28T14:19:10.137+0000] {dag.py:2726} INFO - Sync 1 DAGs
[2023-06-28T14:19:10.211+0000] {logging_mixin.py:149} INFO - [2023-06-28T14:19:10.211+0000] {dag.py:3490} INFO - Setting next_dagrun for example_skip_dag to 2023-06-27T14:19:10.210832+00:00, run_after=2023-06-28T14:19:10.210832+00:00
[2023-06-28T14:19:10.272+0000] {processor.py:179} INFO - Processing /home/airflow/.local/lib/python3.7/site-packages/airflow/example_dags/example_skip_dag.py took 0.220 seconds
[2023-06-28T14:19:40.508+0000] {processor.py:157} INFO - Started process (PID=405) to work on /home/airflow/.local/lib/python3.7/site-packages/airflow/example_dags/example_skip_dag.py
[2023-06-28T14:19:40.509+0000] {processor.py:826} INFO - Processing file /home/airflow/.local/lib/python3.7/site-packages/airflow/example_dags/example_skip_dag.py for tasks to queue
[2023-06-28T14:19:40.511+0000] {logging_mixin.py:149} INFO - [2023-06-28T14:19:40.510+0000] {dagbag.py:541} INFO - Filling up the DagBag from /home/airflow/.local/lib/python3.7/site-packages/airflow/example_dags/example_skip_dag.py
[2023-06-28T14:19:40.524+0000] {processor.py:836} INFO - DAG(s) dict_keys(['example_skip_dag']) retrieved from /home/airflow/.local/lib/python3.7/site-packages/airflow/example_dags/example_skip_dag.py
[2023-06-28T14:19:40.565+0000] {logging_mixin.py:149} INFO - [2023-06-28T14:19:40.564+0000] {dag.py:2726} INFO - Sync 1 DAGs
[2023-06-28T14:19:40.611+0000] {logging_mixin.py:149} INFO - [2023-06-28T14:19:40.610+0000] {dag.py:3490} INFO - Setting next_dagrun for example_skip_dag to 2023-06-27T14:19:40.610414+00:00, run_after=2023-06-28T14:19:40.610414+00:00
[2023-06-28T14:19:40.660+0000] {processor.py:179} INFO - Processing /home/airflow/.local/lib/python3.7/site-packages/airflow/example_dags/example_skip_dag.py took 0.157 seconds
[2023-06-28T14:20:10.811+0000] {processor.py:157} INFO - Started process (PID=464) to work on /home/airflow/.local/lib/python3.7/site-packages/airflow/example_dags/example_skip_dag.py
[2023-06-28T14:20:10.813+0000] {processor.py:826} INFO - Processing file /home/airflow/.local/lib/python3.7/site-packages/airflow/example_dags/example_skip_dag.py for tasks to queue
[2023-06-28T14:20:10.814+0000] {logging_mixin.py:149} INFO - [2023-06-28T14:20:10.814+0000] {dagbag.py:541} INFO - Filling up the DagBag from /home/airflow/.local/lib/python3.7/site-packages/airflow/example_dags/example_skip_dag.py
[2023-06-28T14:20:10.823+0000] {processor.py:836} INFO - DAG(s) dict_keys(['example_skip_dag']) retrieved from /home/airflow/.local/lib/python3.7/site-packages/airflow/example_dags/example_skip_dag.py
[2023-06-28T14:20:10.862+0000] {logging_mixin.py:149} INFO - [2023-06-28T14:20:10.861+0000] {dag.py:2726} INFO - Sync 1 DAGs
[2023-06-28T14:20:10.901+0000] {logging_mixin.py:149} INFO - [2023-06-28T14:20:10.901+0000] {dag.py:3490} INFO - Setting next_dagrun for example_skip_dag to 2023-06-27T14:20:10.901207+00:00, run_after=2023-06-28T14:20:10.901207+00:00
[2023-06-28T14:20:10.936+0000] {processor.py:179} INFO - Processing /home/airflow/.local/lib/python3.7/site-packages/airflow/example_dags/example_skip_dag.py took 0.129 seconds
[2023-06-28T14:20:41.224+0000] {processor.py:157} INFO - Started process (PID=522) to work on /home/airflow/.local/lib/python3.7/site-packages/airflow/example_dags/example_skip_dag.py
[2023-06-28T14:20:41.226+0000] {processor.py:826} INFO - Processing file /home/airflow/.local/lib/python3.7/site-packages/airflow/example_dags/example_skip_dag.py for tasks to queue
[2023-06-28T14:20:41.227+0000] {logging_mixin.py:149} INFO - [2023-06-28T14:20:41.227+0000] {dagbag.py:541} INFO - Filling up the DagBag from /home/airflow/.local/lib/python3.7/site-packages/airflow/example_dags/example_skip_dag.py
[2023-06-28T14:20:41.239+0000] {processor.py:836} INFO - DAG(s) dict_keys(['example_skip_dag']) retrieved from /home/airflow/.local/lib/python3.7/site-packages/airflow/example_dags/example_skip_dag.py
[2023-06-28T14:20:41.275+0000] {logging_mixin.py:149} INFO - [2023-06-28T14:20:41.275+0000] {dag.py:2726} INFO - Sync 1 DAGs
[2023-06-28T14:20:41.316+0000] {logging_mixin.py:149} INFO - [2023-06-28T14:20:41.316+0000] {dag.py:3490} INFO - Setting next_dagrun for example_skip_dag to 2023-06-27T14:20:41.316208+00:00, run_after=2023-06-28T14:20:41.316208+00:00
[2023-06-28T14:20:41.350+0000] {processor.py:179} INFO - Processing /home/airflow/.local/lib/python3.7/site-packages/airflow/example_dags/example_skip_dag.py took 0.133 seconds
[2023-06-28T14:21:11.582+0000] {processor.py:157} INFO - Started process (PID=581) to work on /home/airflow/.local/lib/python3.7/site-packages/airflow/example_dags/example_skip_dag.py
[2023-06-28T14:21:11.585+0000] {processor.py:826} INFO - Processing file /home/airflow/.local/lib/python3.7/site-packages/airflow/example_dags/example_skip_dag.py for tasks to queue
[2023-06-28T14:21:11.587+0000] {logging_mixin.py:149} INFO - [2023-06-28T14:21:11.587+0000] {dagbag.py:541} INFO - Filling up the DagBag from /home/airflow/.local/lib/python3.7/site-packages/airflow/example_dags/example_skip_dag.py
[2023-06-28T14:21:11.608+0000] {processor.py:836} INFO - DAG(s) dict_keys(['example_skip_dag']) retrieved from /home/airflow/.local/lib/python3.7/site-packages/airflow/example_dags/example_skip_dag.py
[2023-06-28T14:21:11.683+0000] {logging_mixin.py:149} INFO - [2023-06-28T14:21:11.682+0000] {dag.py:2726} INFO - Sync 1 DAGs
[2023-06-28T14:21:11.745+0000] {logging_mixin.py:149} INFO - [2023-06-28T14:21:11.745+0000] {dag.py:3490} INFO - Setting next_dagrun for example_skip_dag to 2023-06-27T14:21:11.744566+00:00, run_after=2023-06-28T14:21:11.744566+00:00
[2023-06-28T14:21:11.819+0000] {processor.py:179} INFO - Processing /home/airflow/.local/lib/python3.7/site-packages/airflow/example_dags/example_skip_dag.py took 0.246 seconds
[2023-06-28T14:21:41.971+0000] {processor.py:157} INFO - Started process (PID=641) to work on /home/airflow/.local/lib/python3.7/site-packages/airflow/example_dags/example_skip_dag.py
[2023-06-28T14:21:41.973+0000] {processor.py:826} INFO - Processing file /home/airflow/.local/lib/python3.7/site-packages/airflow/example_dags/example_skip_dag.py for tasks to queue
[2023-06-28T14:21:41.976+0000] {logging_mixin.py:149} INFO - [2023-06-28T14:21:41.975+0000] {dagbag.py:541} INFO - Filling up the DagBag from /home/airflow/.local/lib/python3.7/site-packages/airflow/example_dags/example_skip_dag.py
[2023-06-28T14:21:42.020+0000] {processor.py:836} INFO - DAG(s) dict_keys(['example_skip_dag']) retrieved from /home/airflow/.local/lib/python3.7/site-packages/airflow/example_dags/example_skip_dag.py
[2023-06-28T14:21:42.140+0000] {logging_mixin.py:149} INFO - [2023-06-28T14:21:42.139+0000] {dag.py:2726} INFO - Sync 1 DAGs
[2023-06-28T14:21:42.247+0000] {logging_mixin.py:149} INFO - [2023-06-28T14:21:42.246+0000] {dag.py:3490} INFO - Setting next_dagrun for example_skip_dag to 2023-06-27T14:21:42.245624+00:00, run_after=2023-06-28T14:21:42.245624+00:00
[2023-06-28T14:21:42.317+0000] {processor.py:179} INFO - Processing /home/airflow/.local/lib/python3.7/site-packages/airflow/example_dags/example_skip_dag.py took 0.361 seconds
[2023-06-28T14:22:13.325+0000] {processor.py:157} INFO - Started process (PID=701) to work on /home/airflow/.local/lib/python3.7/site-packages/airflow/example_dags/example_skip_dag.py
[2023-06-28T14:22:13.326+0000] {processor.py:826} INFO - Processing file /home/airflow/.local/lib/python3.7/site-packages/airflow/example_dags/example_skip_dag.py for tasks to queue
[2023-06-28T14:22:13.328+0000] {logging_mixin.py:149} INFO - [2023-06-28T14:22:13.327+0000] {dagbag.py:541} INFO - Filling up the DagBag from /home/airflow/.local/lib/python3.7/site-packages/airflow/example_dags/example_skip_dag.py
[2023-06-28T14:22:13.338+0000] {processor.py:836} INFO - DAG(s) dict_keys(['example_skip_dag']) retrieved from /home/airflow/.local/lib/python3.7/site-packages/airflow/example_dags/example_skip_dag.py
[2023-06-28T14:22:13.376+0000] {logging_mixin.py:149} INFO - [2023-06-28T14:22:13.376+0000] {dag.py:2726} INFO - Sync 1 DAGs
[2023-06-28T14:22:13.413+0000] {logging_mixin.py:149} INFO - [2023-06-28T14:22:13.413+0000] {dag.py:3490} INFO - Setting next_dagrun for example_skip_dag to 2023-06-27T14:22:13.413180+00:00, run_after=2023-06-28T14:22:13.413180+00:00
[2023-06-28T14:22:13.452+0000] {processor.py:179} INFO - Processing /home/airflow/.local/lib/python3.7/site-packages/airflow/example_dags/example_skip_dag.py took 0.131 seconds
[2023-06-28T14:22:43.827+0000] {processor.py:157} INFO - Started process (PID=760) to work on /home/airflow/.local/lib/python3.7/site-packages/airflow/example_dags/example_skip_dag.py
[2023-06-28T14:22:43.829+0000] {processor.py:826} INFO - Processing file /home/airflow/.local/lib/python3.7/site-packages/airflow/example_dags/example_skip_dag.py for tasks to queue
[2023-06-28T14:22:43.830+0000] {logging_mixin.py:149} INFO - [2023-06-28T14:22:43.830+0000] {dagbag.py:541} INFO - Filling up the DagBag from /home/airflow/.local/lib/python3.7/site-packages/airflow/example_dags/example_skip_dag.py
[2023-06-28T14:22:43.839+0000] {processor.py:836} INFO - DAG(s) dict_keys(['example_skip_dag']) retrieved from /home/airflow/.local/lib/python3.7/site-packages/airflow/example_dags/example_skip_dag.py
[2023-06-28T14:22:43.876+0000] {logging_mixin.py:149} INFO - [2023-06-28T14:22:43.876+0000] {dag.py:2726} INFO - Sync 1 DAGs
[2023-06-28T14:22:43.917+0000] {logging_mixin.py:149} INFO - [2023-06-28T14:22:43.916+0000] {dag.py:3490} INFO - Setting next_dagrun for example_skip_dag to 2023-06-27T14:22:43.916534+00:00, run_after=2023-06-28T14:22:43.916534+00:00
[2023-06-28T14:22:43.949+0000] {processor.py:179} INFO - Processing /home/airflow/.local/lib/python3.7/site-packages/airflow/example_dags/example_skip_dag.py took 0.126 seconds
[2023-06-28T14:23:14.829+0000] {processor.py:157} INFO - Started process (PID=819) to work on /home/airflow/.local/lib/python3.7/site-packages/airflow/example_dags/example_skip_dag.py
[2023-06-28T14:23:14.830+0000] {processor.py:826} INFO - Processing file /home/airflow/.local/lib/python3.7/site-packages/airflow/example_dags/example_skip_dag.py for tasks to queue
[2023-06-28T14:23:14.832+0000] {logging_mixin.py:149} INFO - [2023-06-28T14:23:14.831+0000] {dagbag.py:541} INFO - Filling up the DagBag from /home/airflow/.local/lib/python3.7/site-packages/airflow/example_dags/example_skip_dag.py
[2023-06-28T14:23:14.846+0000] {processor.py:836} INFO - DAG(s) dict_keys(['example_skip_dag']) retrieved from /home/airflow/.local/lib/python3.7/site-packages/airflow/example_dags/example_skip_dag.py
[2023-06-28T14:23:14.890+0000] {logging_mixin.py:149} INFO - [2023-06-28T14:23:14.890+0000] {dag.py:2726} INFO - Sync 1 DAGs
[2023-06-28T14:23:14.942+0000] {logging_mixin.py:149} INFO - [2023-06-28T14:23:14.942+0000] {dag.py:3490} INFO - Setting next_dagrun for example_skip_dag to 2023-06-27T14:23:14.942262+00:00, run_after=2023-06-28T14:23:14.942262+00:00
[2023-06-28T14:23:14.983+0000] {processor.py:179} INFO - Processing /home/airflow/.local/lib/python3.7/site-packages/airflow/example_dags/example_skip_dag.py took 0.159 seconds
[2023-06-28T14:23:45.183+0000] {processor.py:157} INFO - Started process (PID=879) to work on /home/airflow/.local/lib/python3.7/site-packages/airflow/example_dags/example_skip_dag.py
[2023-06-28T14:23:45.185+0000] {processor.py:826} INFO - Processing file /home/airflow/.local/lib/python3.7/site-packages/airflow/example_dags/example_skip_dag.py for tasks to queue
[2023-06-28T14:23:45.187+0000] {logging_mixin.py:149} INFO - [2023-06-28T14:23:45.186+0000] {dagbag.py:541} INFO - Filling up the DagBag from /home/airflow/.local/lib/python3.7/site-packages/airflow/example_dags/example_skip_dag.py
[2023-06-28T14:23:45.210+0000] {processor.py:836} INFO - DAG(s) dict_keys(['example_skip_dag']) retrieved from /home/airflow/.local/lib/python3.7/site-packages/airflow/example_dags/example_skip_dag.py
[2023-06-28T14:23:45.297+0000] {logging_mixin.py:149} INFO - [2023-06-28T14:23:45.296+0000] {dag.py:2726} INFO - Sync 1 DAGs
[2023-06-28T14:23:45.386+0000] {logging_mixin.py:149} INFO - [2023-06-28T14:23:45.385+0000] {dag.py:3490} INFO - Setting next_dagrun for example_skip_dag to 2023-06-27T14:23:45.385154+00:00, run_after=2023-06-28T14:23:45.385154+00:00
[2023-06-28T14:23:45.460+0000] {processor.py:179} INFO - Processing /home/airflow/.local/lib/python3.7/site-packages/airflow/example_dags/example_skip_dag.py took 0.292 seconds
[2023-06-28T14:24:15.585+0000] {processor.py:157} INFO - Started process (PID=938) to work on /home/airflow/.local/lib/python3.7/site-packages/airflow/example_dags/example_skip_dag.py
[2023-06-28T14:24:15.588+0000] {processor.py:826} INFO - Processing file /home/airflow/.local/lib/python3.7/site-packages/airflow/example_dags/example_skip_dag.py for tasks to queue
[2023-06-28T14:24:15.589+0000] {logging_mixin.py:149} INFO - [2023-06-28T14:24:15.589+0000] {dagbag.py:541} INFO - Filling up the DagBag from /home/airflow/.local/lib/python3.7/site-packages/airflow/example_dags/example_skip_dag.py
[2023-06-28T14:24:15.600+0000] {processor.py:836} INFO - DAG(s) dict_keys(['example_skip_dag']) retrieved from /home/airflow/.local/lib/python3.7/site-packages/airflow/example_dags/example_skip_dag.py
[2023-06-28T14:24:15.635+0000] {logging_mixin.py:149} INFO - [2023-06-28T14:24:15.635+0000] {dag.py:2726} INFO - Sync 1 DAGs
[2023-06-28T14:24:15.673+0000] {logging_mixin.py:149} INFO - [2023-06-28T14:24:15.672+0000] {dag.py:3490} INFO - Setting next_dagrun for example_skip_dag to 2023-06-27T14:24:15.672584+00:00, run_after=2023-06-28T14:24:15.672584+00:00
[2023-06-28T14:24:15.708+0000] {processor.py:179} INFO - Processing /home/airflow/.local/lib/python3.7/site-packages/airflow/example_dags/example_skip_dag.py took 0.130 seconds
[2023-06-28T14:24:45.952+0000] {processor.py:157} INFO - Started process (PID=996) to work on /home/airflow/.local/lib/python3.7/site-packages/airflow/example_dags/example_skip_dag.py
[2023-06-28T14:24:45.953+0000] {processor.py:826} INFO - Processing file /home/airflow/.local/lib/python3.7/site-packages/airflow/example_dags/example_skip_dag.py for tasks to queue
[2023-06-28T14:24:45.955+0000] {logging_mixin.py:149} INFO - [2023-06-28T14:24:45.955+0000] {dagbag.py:541} INFO - Filling up the DagBag from /home/airflow/.local/lib/python3.7/site-packages/airflow/example_dags/example_skip_dag.py
[2023-06-28T14:24:45.967+0000] {processor.py:836} INFO - DAG(s) dict_keys(['example_skip_dag']) retrieved from /home/airflow/.local/lib/python3.7/site-packages/airflow/example_dags/example_skip_dag.py
[2023-06-28T14:24:46.008+0000] {logging_mixin.py:149} INFO - [2023-06-28T14:24:46.008+0000] {dag.py:2726} INFO - Sync 1 DAGs
[2023-06-28T14:24:46.046+0000] {logging_mixin.py:149} INFO - [2023-06-28T14:24:46.046+0000] {dag.py:3490} INFO - Setting next_dagrun for example_skip_dag to 2023-06-27T14:24:46.045688+00:00, run_after=2023-06-28T14:24:46.045688+00:00
[2023-06-28T14:24:46.084+0000] {processor.py:179} INFO - Processing /home/airflow/.local/lib/python3.7/site-packages/airflow/example_dags/example_skip_dag.py took 0.136 seconds
[2023-06-28T14:25:16.517+0000] {processor.py:157} INFO - Started process (PID=1056) to work on /home/airflow/.local/lib/python3.7/site-packages/airflow/example_dags/example_skip_dag.py
[2023-06-28T14:25:16.519+0000] {processor.py:826} INFO - Processing file /home/airflow/.local/lib/python3.7/site-packages/airflow/example_dags/example_skip_dag.py for tasks to queue
[2023-06-28T14:25:16.521+0000] {logging_mixin.py:149} INFO - [2023-06-28T14:25:16.520+0000] {dagbag.py:541} INFO - Filling up the DagBag from /home/airflow/.local/lib/python3.7/site-packages/airflow/example_dags/example_skip_dag.py
[2023-06-28T14:25:16.537+0000] {processor.py:836} INFO - DAG(s) dict_keys(['example_skip_dag']) retrieved from /home/airflow/.local/lib/python3.7/site-packages/airflow/example_dags/example_skip_dag.py
[2023-06-28T14:25:16.597+0000] {logging_mixin.py:149} INFO - [2023-06-28T14:25:16.596+0000] {dag.py:2726} INFO - Sync 1 DAGs
[2023-06-28T14:25:16.687+0000] {logging_mixin.py:149} INFO - [2023-06-28T14:25:16.687+0000] {dag.py:3490} INFO - Setting next_dagrun for example_skip_dag to 2023-06-27T14:25:16.686982+00:00, run_after=2023-06-28T14:25:16.686982+00:00
[2023-06-28T14:25:16.731+0000] {processor.py:179} INFO - Processing /home/airflow/.local/lib/python3.7/site-packages/airflow/example_dags/example_skip_dag.py took 0.221 seconds
[2023-06-28T14:25:47.714+0000] {processor.py:157} INFO - Started process (PID=1114) to work on /home/airflow/.local/lib/python3.7/site-packages/airflow/example_dags/example_skip_dag.py
[2023-06-28T14:25:47.715+0000] {processor.py:826} INFO - Processing file /home/airflow/.local/lib/python3.7/site-packages/airflow/example_dags/example_skip_dag.py for tasks to queue
[2023-06-28T14:25:47.717+0000] {logging_mixin.py:149} INFO - [2023-06-28T14:25:47.717+0000] {dagbag.py:541} INFO - Filling up the DagBag from /home/airflow/.local/lib/python3.7/site-packages/airflow/example_dags/example_skip_dag.py
[2023-06-28T14:25:47.729+0000] {processor.py:836} INFO - DAG(s) dict_keys(['example_skip_dag']) retrieved from /home/airflow/.local/lib/python3.7/site-packages/airflow/example_dags/example_skip_dag.py
[2023-06-28T14:25:47.768+0000] {logging_mixin.py:149} INFO - [2023-06-28T14:25:47.768+0000] {dag.py:2726} INFO - Sync 1 DAGs
[2023-06-28T14:25:47.806+0000] {logging_mixin.py:149} INFO - [2023-06-28T14:25:47.806+0000] {dag.py:3490} INFO - Setting next_dagrun for example_skip_dag to 2023-06-27T14:25:47.806460+00:00, run_after=2023-06-28T14:25:47.806460+00:00
[2023-06-28T14:25:47.851+0000] {processor.py:179} INFO - Processing /home/airflow/.local/lib/python3.7/site-packages/airflow/example_dags/example_skip_dag.py took 0.144 seconds
[2023-06-28T14:26:17.994+0000] {processor.py:157} INFO - Started process (PID=1173) to work on /home/airflow/.local/lib/python3.7/site-packages/airflow/example_dags/example_skip_dag.py
[2023-06-28T14:26:17.996+0000] {processor.py:826} INFO - Processing file /home/airflow/.local/lib/python3.7/site-packages/airflow/example_dags/example_skip_dag.py for tasks to queue
[2023-06-28T14:26:17.998+0000] {logging_mixin.py:149} INFO - [2023-06-28T14:26:17.997+0000] {dagbag.py:541} INFO - Filling up the DagBag from /home/airflow/.local/lib/python3.7/site-packages/airflow/example_dags/example_skip_dag.py
[2023-06-28T14:26:18.010+0000] {processor.py:836} INFO - DAG(s) dict_keys(['example_skip_dag']) retrieved from /home/airflow/.local/lib/python3.7/site-packages/airflow/example_dags/example_skip_dag.py
[2023-06-28T14:26:18.044+0000] {logging_mixin.py:149} INFO - [2023-06-28T14:26:18.043+0000] {dag.py:2726} INFO - Sync 1 DAGs
[2023-06-28T14:26:18.087+0000] {logging_mixin.py:149} INFO - [2023-06-28T14:26:18.086+0000] {dag.py:3490} INFO - Setting next_dagrun for example_skip_dag to 2023-06-27T14:26:18.086428+00:00, run_after=2023-06-28T14:26:18.086428+00:00
[2023-06-28T14:26:18.129+0000] {processor.py:179} INFO - Processing /home/airflow/.local/lib/python3.7/site-packages/airflow/example_dags/example_skip_dag.py took 0.144 seconds
[2023-06-28T14:26:48.352+0000] {processor.py:157} INFO - Started process (PID=1233) to work on /home/airflow/.local/lib/python3.7/site-packages/airflow/example_dags/example_skip_dag.py
[2023-06-28T14:26:48.354+0000] {processor.py:826} INFO - Processing file /home/airflow/.local/lib/python3.7/site-packages/airflow/example_dags/example_skip_dag.py for tasks to queue
[2023-06-28T14:26:48.356+0000] {logging_mixin.py:149} INFO - [2023-06-28T14:26:48.355+0000] {dagbag.py:541} INFO - Filling up the DagBag from /home/airflow/.local/lib/python3.7/site-packages/airflow/example_dags/example_skip_dag.py
[2023-06-28T14:26:48.369+0000] {processor.py:836} INFO - DAG(s) dict_keys(['example_skip_dag']) retrieved from /home/airflow/.local/lib/python3.7/site-packages/airflow/example_dags/example_skip_dag.py
[2023-06-28T14:26:48.411+0000] {logging_mixin.py:149} INFO - [2023-06-28T14:26:48.410+0000] {dag.py:2726} INFO - Sync 1 DAGs
[2023-06-28T14:26:48.479+0000] {logging_mixin.py:149} INFO - [2023-06-28T14:26:48.479+0000] {dag.py:3490} INFO - Setting next_dagrun for example_skip_dag to 2023-06-27T14:26:48.476772+00:00, run_after=2023-06-28T14:26:48.476772+00:00
[2023-06-28T14:26:48.548+0000] {processor.py:179} INFO - Processing /home/airflow/.local/lib/python3.7/site-packages/airflow/example_dags/example_skip_dag.py took 0.201 seconds
[2023-06-28T14:27:18.924+0000] {processor.py:157} INFO - Started process (PID=1292) to work on /home/airflow/.local/lib/python3.7/site-packages/airflow/example_dags/example_skip_dag.py
[2023-06-28T14:27:18.926+0000] {processor.py:826} INFO - Processing file /home/airflow/.local/lib/python3.7/site-packages/airflow/example_dags/example_skip_dag.py for tasks to queue
[2023-06-28T14:27:18.927+0000] {logging_mixin.py:149} INFO - [2023-06-28T14:27:18.927+0000] {dagbag.py:541} INFO - Filling up the DagBag from /home/airflow/.local/lib/python3.7/site-packages/airflow/example_dags/example_skip_dag.py
[2023-06-28T14:27:18.937+0000] {processor.py:836} INFO - DAG(s) dict_keys(['example_skip_dag']) retrieved from /home/airflow/.local/lib/python3.7/site-packages/airflow/example_dags/example_skip_dag.py
[2023-06-28T14:27:18.974+0000] {logging_mixin.py:149} INFO - [2023-06-28T14:27:18.973+0000] {dag.py:2726} INFO - Sync 1 DAGs
[2023-06-28T14:27:19.012+0000] {logging_mixin.py:149} INFO - [2023-06-28T14:27:19.012+0000] {dag.py:3490} INFO - Setting next_dagrun for example_skip_dag to 2023-06-27T14:27:19.011856+00:00, run_after=2023-06-28T14:27:19.011856+00:00
[2023-06-28T14:27:19.046+0000] {processor.py:179} INFO - Processing /home/airflow/.local/lib/python3.7/site-packages/airflow/example_dags/example_skip_dag.py took 0.127 seconds
[2023-06-28T14:27:49.597+0000] {processor.py:157} INFO - Started process (PID=1351) to work on /home/airflow/.local/lib/python3.7/site-packages/airflow/example_dags/example_skip_dag.py
[2023-06-28T14:27:49.598+0000] {processor.py:826} INFO - Processing file /home/airflow/.local/lib/python3.7/site-packages/airflow/example_dags/example_skip_dag.py for tasks to queue
[2023-06-28T14:27:49.599+0000] {logging_mixin.py:149} INFO - [2023-06-28T14:27:49.599+0000] {dagbag.py:541} INFO - Filling up the DagBag from /home/airflow/.local/lib/python3.7/site-packages/airflow/example_dags/example_skip_dag.py
[2023-06-28T14:27:49.612+0000] {processor.py:836} INFO - DAG(s) dict_keys(['example_skip_dag']) retrieved from /home/airflow/.local/lib/python3.7/site-packages/airflow/example_dags/example_skip_dag.py
[2023-06-28T14:27:49.656+0000] {logging_mixin.py:149} INFO - [2023-06-28T14:27:49.655+0000] {dag.py:2726} INFO - Sync 1 DAGs
[2023-06-28T14:27:49.695+0000] {logging_mixin.py:149} INFO - [2023-06-28T14:27:49.695+0000] {dag.py:3490} INFO - Setting next_dagrun for example_skip_dag to 2023-06-27T14:27:49.694945+00:00, run_after=2023-06-28T14:27:49.694945+00:00
[2023-06-28T14:27:49.740+0000] {processor.py:179} INFO - Processing /home/airflow/.local/lib/python3.7/site-packages/airflow/example_dags/example_skip_dag.py took 0.149 seconds
[2023-06-28T14:28:20.284+0000] {processor.py:157} INFO - Started process (PID=1411) to work on /home/airflow/.local/lib/python3.7/site-packages/airflow/example_dags/example_skip_dag.py
[2023-06-28T14:28:20.296+0000] {processor.py:826} INFO - Processing file /home/airflow/.local/lib/python3.7/site-packages/airflow/example_dags/example_skip_dag.py for tasks to queue
[2023-06-28T14:28:20.301+0000] {logging_mixin.py:149} INFO - [2023-06-28T14:28:20.300+0000] {dagbag.py:541} INFO - Filling up the DagBag from /home/airflow/.local/lib/python3.7/site-packages/airflow/example_dags/example_skip_dag.py
[2023-06-28T14:28:20.330+0000] {processor.py:836} INFO - DAG(s) dict_keys(['example_skip_dag']) retrieved from /home/airflow/.local/lib/python3.7/site-packages/airflow/example_dags/example_skip_dag.py
[2023-06-28T14:28:20.399+0000] {logging_mixin.py:149} INFO - [2023-06-28T14:28:20.398+0000] {dag.py:2726} INFO - Sync 1 DAGs
[2023-06-28T14:28:20.460+0000] {logging_mixin.py:149} INFO - [2023-06-28T14:28:20.460+0000] {dag.py:3490} INFO - Setting next_dagrun for example_skip_dag to 2023-06-27T14:28:20.459643+00:00, run_after=2023-06-28T14:28:20.459643+00:00
[2023-06-28T14:28:20.497+0000] {processor.py:179} INFO - Processing /home/airflow/.local/lib/python3.7/site-packages/airflow/example_dags/example_skip_dag.py took 0.232 seconds
[2023-06-28T14:28:50.816+0000] {processor.py:157} INFO - Started process (PID=1469) to work on /home/airflow/.local/lib/python3.7/site-packages/airflow/example_dags/example_skip_dag.py
[2023-06-28T14:28:50.817+0000] {processor.py:826} INFO - Processing file /home/airflow/.local/lib/python3.7/site-packages/airflow/example_dags/example_skip_dag.py for tasks to queue
[2023-06-28T14:28:50.819+0000] {logging_mixin.py:149} INFO - [2023-06-28T14:28:50.818+0000] {dagbag.py:541} INFO - Filling up the DagBag from /home/airflow/.local/lib/python3.7/site-packages/airflow/example_dags/example_skip_dag.py
[2023-06-28T14:28:50.828+0000] {processor.py:836} INFO - DAG(s) dict_keys(['example_skip_dag']) retrieved from /home/airflow/.local/lib/python3.7/site-packages/airflow/example_dags/example_skip_dag.py
[2023-06-28T14:28:50.869+0000] {logging_mixin.py:149} INFO - [2023-06-28T14:28:50.869+0000] {dag.py:2726} INFO - Sync 1 DAGs
[2023-06-28T14:28:50.910+0000] {logging_mixin.py:149} INFO - [2023-06-28T14:28:50.909+0000] {dag.py:3490} INFO - Setting next_dagrun for example_skip_dag to 2023-06-27T14:28:50.909538+00:00, run_after=2023-06-28T14:28:50.909538+00:00
[2023-06-28T14:28:50.952+0000] {processor.py:179} INFO - Processing /home/airflow/.local/lib/python3.7/site-packages/airflow/example_dags/example_skip_dag.py took 0.141 seconds
[2023-06-28T14:29:21.174+0000] {processor.py:157} INFO - Started process (PID=1529) to work on /home/airflow/.local/lib/python3.7/site-packages/airflow/example_dags/example_skip_dag.py
[2023-06-28T14:29:21.176+0000] {processor.py:826} INFO - Processing file /home/airflow/.local/lib/python3.7/site-packages/airflow/example_dags/example_skip_dag.py for tasks to queue
[2023-06-28T14:29:21.180+0000] {logging_mixin.py:149} INFO - [2023-06-28T14:29:21.179+0000] {dagbag.py:541} INFO - Filling up the DagBag from /home/airflow/.local/lib/python3.7/site-packages/airflow/example_dags/example_skip_dag.py
[2023-06-28T14:29:21.192+0000] {processor.py:836} INFO - DAG(s) dict_keys(['example_skip_dag']) retrieved from /home/airflow/.local/lib/python3.7/site-packages/airflow/example_dags/example_skip_dag.py
[2023-06-28T14:29:21.233+0000] {logging_mixin.py:149} INFO - [2023-06-28T14:29:21.232+0000] {dag.py:2726} INFO - Sync 1 DAGs
[2023-06-28T14:29:21.273+0000] {logging_mixin.py:149} INFO - [2023-06-28T14:29:21.272+0000] {dag.py:3490} INFO - Setting next_dagrun for example_skip_dag to 2023-06-27T14:29:21.272375+00:00, run_after=2023-06-28T14:29:21.272375+00:00
[2023-06-28T14:29:21.313+0000] {processor.py:179} INFO - Processing /home/airflow/.local/lib/python3.7/site-packages/airflow/example_dags/example_skip_dag.py took 0.142 seconds
[2023-06-28T14:29:51.839+0000] {processor.py:157} INFO - Started process (PID=1589) to work on /home/airflow/.local/lib/python3.7/site-packages/airflow/example_dags/example_skip_dag.py
[2023-06-28T14:29:51.840+0000] {processor.py:826} INFO - Processing file /home/airflow/.local/lib/python3.7/site-packages/airflow/example_dags/example_skip_dag.py for tasks to queue
[2023-06-28T14:29:51.842+0000] {logging_mixin.py:149} INFO - [2023-06-28T14:29:51.842+0000] {dagbag.py:541} INFO - Filling up the DagBag from /home/airflow/.local/lib/python3.7/site-packages/airflow/example_dags/example_skip_dag.py
[2023-06-28T14:29:51.865+0000] {processor.py:836} INFO - DAG(s) dict_keys(['example_skip_dag']) retrieved from /home/airflow/.local/lib/python3.7/site-packages/airflow/example_dags/example_skip_dag.py
[2023-06-28T14:29:51.915+0000] {logging_mixin.py:149} INFO - [2023-06-28T14:29:51.915+0000] {dag.py:2726} INFO - Sync 1 DAGs
[2023-06-28T14:29:52.000+0000] {logging_mixin.py:149} INFO - [2023-06-28T14:29:52.000+0000] {dag.py:3490} INFO - Setting next_dagrun for example_skip_dag to 2023-06-27T14:29:52.000071+00:00, run_after=2023-06-28T14:29:52.000071+00:00
[2023-06-28T14:29:52.053+0000] {processor.py:179} INFO - Processing /home/airflow/.local/lib/python3.7/site-packages/airflow/example_dags/example_skip_dag.py took 0.221 seconds
[2023-06-28T14:30:22.228+0000] {processor.py:157} INFO - Started process (PID=1648) to work on /home/airflow/.local/lib/python3.7/site-packages/airflow/example_dags/example_skip_dag.py
[2023-06-28T14:30:22.230+0000] {processor.py:826} INFO - Processing file /home/airflow/.local/lib/python3.7/site-packages/airflow/example_dags/example_skip_dag.py for tasks to queue
[2023-06-28T14:30:22.231+0000] {logging_mixin.py:149} INFO - [2023-06-28T14:30:22.231+0000] {dagbag.py:541} INFO - Filling up the DagBag from /home/airflow/.local/lib/python3.7/site-packages/airflow/example_dags/example_skip_dag.py
[2023-06-28T14:30:22.274+0000] {processor.py:836} INFO - DAG(s) dict_keys(['example_skip_dag']) retrieved from /home/airflow/.local/lib/python3.7/site-packages/airflow/example_dags/example_skip_dag.py
[2023-06-28T14:30:22.396+0000] {logging_mixin.py:149} INFO - [2023-06-28T14:30:22.396+0000] {dag.py:2726} INFO - Sync 1 DAGs
[2023-06-28T14:30:22.468+0000] {logging_mixin.py:149} INFO - [2023-06-28T14:30:22.467+0000] {dag.py:3490} INFO - Setting next_dagrun for example_skip_dag to 2023-06-27T14:30:22.467333+00:00, run_after=2023-06-28T14:30:22.467333+00:00
[2023-06-28T14:30:22.522+0000] {processor.py:179} INFO - Processing /home/airflow/.local/lib/python3.7/site-packages/airflow/example_dags/example_skip_dag.py took 0.300 seconds
[2023-06-28T14:30:52.845+0000] {processor.py:157} INFO - Started process (PID=1714) to work on /home/airflow/.local/lib/python3.7/site-packages/airflow/example_dags/example_skip_dag.py
[2023-06-28T14:30:52.847+0000] {processor.py:826} INFO - Processing file /home/airflow/.local/lib/python3.7/site-packages/airflow/example_dags/example_skip_dag.py for tasks to queue
[2023-06-28T14:30:52.848+0000] {logging_mixin.py:149} INFO - [2023-06-28T14:30:52.848+0000] {dagbag.py:541} INFO - Filling up the DagBag from /home/airflow/.local/lib/python3.7/site-packages/airflow/example_dags/example_skip_dag.py
[2023-06-28T14:30:52.861+0000] {processor.py:836} INFO - DAG(s) dict_keys(['example_skip_dag']) retrieved from /home/airflow/.local/lib/python3.7/site-packages/airflow/example_dags/example_skip_dag.py
[2023-06-28T14:30:52.905+0000] {logging_mixin.py:149} INFO - [2023-06-28T14:30:52.905+0000] {dag.py:2726} INFO - Sync 1 DAGs
[2023-06-28T14:30:52.947+0000] {logging_mixin.py:149} INFO - [2023-06-28T14:30:52.947+0000] {dag.py:3490} INFO - Setting next_dagrun for example_skip_dag to 2023-06-27T14:30:52.947011+00:00, run_after=2023-06-28T14:30:52.947011+00:00
[2023-06-28T14:30:52.983+0000] {processor.py:179} INFO - Processing /home/airflow/.local/lib/python3.7/site-packages/airflow/example_dags/example_skip_dag.py took 0.142 seconds
[2023-06-28T14:31:23.339+0000] {processor.py:157} INFO - Started process (PID=1774) to work on /home/airflow/.local/lib/python3.7/site-packages/airflow/example_dags/example_skip_dag.py
[2023-06-28T14:31:23.341+0000] {processor.py:826} INFO - Processing file /home/airflow/.local/lib/python3.7/site-packages/airflow/example_dags/example_skip_dag.py for tasks to queue
[2023-06-28T14:31:23.342+0000] {logging_mixin.py:149} INFO - [2023-06-28T14:31:23.342+0000] {dagbag.py:541} INFO - Filling up the DagBag from /home/airflow/.local/lib/python3.7/site-packages/airflow/example_dags/example_skip_dag.py
[2023-06-28T14:31:23.354+0000] {processor.py:836} INFO - DAG(s) dict_keys(['example_skip_dag']) retrieved from /home/airflow/.local/lib/python3.7/site-packages/airflow/example_dags/example_skip_dag.py
[2023-06-28T14:31:23.392+0000] {logging_mixin.py:149} INFO - [2023-06-28T14:31:23.392+0000] {dag.py:2726} INFO - Sync 1 DAGs
[2023-06-28T14:31:23.436+0000] {logging_mixin.py:149} INFO - [2023-06-28T14:31:23.436+0000] {dag.py:3490} INFO - Setting next_dagrun for example_skip_dag to 2023-06-27T14:31:23.436233+00:00, run_after=2023-06-28T14:31:23.436233+00:00
[2023-06-28T14:31:23.471+0000] {processor.py:179} INFO - Processing /home/airflow/.local/lib/python3.7/site-packages/airflow/example_dags/example_skip_dag.py took 0.136 seconds
[2023-06-28T14:31:54.165+0000] {processor.py:157} INFO - Started process (PID=1833) to work on /home/airflow/.local/lib/python3.7/site-packages/airflow/example_dags/example_skip_dag.py
[2023-06-28T14:31:54.167+0000] {processor.py:826} INFO - Processing file /home/airflow/.local/lib/python3.7/site-packages/airflow/example_dags/example_skip_dag.py for tasks to queue
[2023-06-28T14:31:54.171+0000] {logging_mixin.py:149} INFO - [2023-06-28T14:31:54.170+0000] {dagbag.py:541} INFO - Filling up the DagBag from /home/airflow/.local/lib/python3.7/site-packages/airflow/example_dags/example_skip_dag.py
[2023-06-28T14:31:54.188+0000] {processor.py:836} INFO - DAG(s) dict_keys(['example_skip_dag']) retrieved from /home/airflow/.local/lib/python3.7/site-packages/airflow/example_dags/example_skip_dag.py
[2023-06-28T14:31:54.271+0000] {logging_mixin.py:149} INFO - [2023-06-28T14:31:54.270+0000] {dag.py:2726} INFO - Sync 1 DAGs
[2023-06-28T14:31:54.362+0000] {logging_mixin.py:149} INFO - [2023-06-28T14:31:54.361+0000] {dag.py:3490} INFO - Setting next_dagrun for example_skip_dag to 2023-06-27T14:31:54.361278+00:00, run_after=2023-06-28T14:31:54.361278+00:00
[2023-06-28T14:31:54.423+0000] {processor.py:179} INFO - Processing /home/airflow/.local/lib/python3.7/site-packages/airflow/example_dags/example_skip_dag.py took 0.268 seconds
[2023-06-28T14:32:24.650+0000] {processor.py:157} INFO - Started process (PID=1886) to work on /home/airflow/.local/lib/python3.7/site-packages/airflow/example_dags/example_skip_dag.py
[2023-06-28T14:32:24.651+0000] {processor.py:826} INFO - Processing file /home/airflow/.local/lib/python3.7/site-packages/airflow/example_dags/example_skip_dag.py for tasks to queue
[2023-06-28T14:32:24.652+0000] {logging_mixin.py:149} INFO - [2023-06-28T14:32:24.652+0000] {dagbag.py:541} INFO - Filling up the DagBag from /home/airflow/.local/lib/python3.7/site-packages/airflow/example_dags/example_skip_dag.py
[2023-06-28T14:32:24.665+0000] {processor.py:836} INFO - DAG(s) dict_keys(['example_skip_dag']) retrieved from /home/airflow/.local/lib/python3.7/site-packages/airflow/example_dags/example_skip_dag.py
[2023-06-28T14:32:24.702+0000] {logging_mixin.py:149} INFO - [2023-06-28T14:32:24.702+0000] {dag.py:2726} INFO - Sync 1 DAGs
[2023-06-28T14:32:24.739+0000] {logging_mixin.py:149} INFO - [2023-06-28T14:32:24.738+0000] {dag.py:3490} INFO - Setting next_dagrun for example_skip_dag to 2023-06-27T14:32:24.738537+00:00, run_after=2023-06-28T14:32:24.738537+00:00
[2023-06-28T14:32:24.773+0000] {processor.py:179} INFO - Processing /home/airflow/.local/lib/python3.7/site-packages/airflow/example_dags/example_skip_dag.py took 0.128 seconds
[2023-06-28T14:32:55.012+0000] {processor.py:157} INFO - Started process (PID=1944) to work on /home/airflow/.local/lib/python3.7/site-packages/airflow/example_dags/example_skip_dag.py
[2023-06-28T14:32:55.014+0000] {processor.py:826} INFO - Processing file /home/airflow/.local/lib/python3.7/site-packages/airflow/example_dags/example_skip_dag.py for tasks to queue
[2023-06-28T14:32:55.016+0000] {logging_mixin.py:149} INFO - [2023-06-28T14:32:55.015+0000] {dagbag.py:541} INFO - Filling up the DagBag from /home/airflow/.local/lib/python3.7/site-packages/airflow/example_dags/example_skip_dag.py
[2023-06-28T14:32:55.028+0000] {processor.py:836} INFO - DAG(s) dict_keys(['example_skip_dag']) retrieved from /home/airflow/.local/lib/python3.7/site-packages/airflow/example_dags/example_skip_dag.py
[2023-06-28T14:32:55.071+0000] {logging_mixin.py:149} INFO - [2023-06-28T14:32:55.071+0000] {dag.py:2726} INFO - Sync 1 DAGs
[2023-06-28T14:32:55.112+0000] {logging_mixin.py:149} INFO - [2023-06-28T14:32:55.112+0000] {dag.py:3490} INFO - Setting next_dagrun for example_skip_dag to 2023-06-27T14:32:55.111791+00:00, run_after=2023-06-28T14:32:55.111791+00:00
[2023-06-28T14:32:55.151+0000] {processor.py:179} INFO - Processing /home/airflow/.local/lib/python3.7/site-packages/airflow/example_dags/example_skip_dag.py took 0.142 seconds
[2023-06-28T14:33:25.449+0000] {processor.py:157} INFO - Started process (PID=2003) to work on /home/airflow/.local/lib/python3.7/site-packages/airflow/example_dags/example_skip_dag.py
[2023-06-28T14:33:25.450+0000] {processor.py:826} INFO - Processing file /home/airflow/.local/lib/python3.7/site-packages/airflow/example_dags/example_skip_dag.py for tasks to queue
[2023-06-28T14:33:25.452+0000] {logging_mixin.py:149} INFO - [2023-06-28T14:33:25.451+0000] {dagbag.py:541} INFO - Filling up the DagBag from /home/airflow/.local/lib/python3.7/site-packages/airflow/example_dags/example_skip_dag.py
[2023-06-28T14:33:25.460+0000] {processor.py:836} INFO - DAG(s) dict_keys(['example_skip_dag']) retrieved from /home/airflow/.local/lib/python3.7/site-packages/airflow/example_dags/example_skip_dag.py
[2023-06-28T14:33:25.496+0000] {logging_mixin.py:149} INFO - [2023-06-28T14:33:25.495+0000] {dag.py:2726} INFO - Sync 1 DAGs
[2023-06-28T14:33:25.530+0000] {logging_mixin.py:149} INFO - [2023-06-28T14:33:25.530+0000] {dag.py:3490} INFO - Setting next_dagrun for example_skip_dag to 2023-06-27T14:33:25.529903+00:00, run_after=2023-06-28T14:33:25.529903+00:00
[2023-06-28T14:33:25.565+0000] {processor.py:179} INFO - Processing /home/airflow/.local/lib/python3.7/site-packages/airflow/example_dags/example_skip_dag.py took 0.122 seconds
[2023-06-28T14:33:55.928+0000] {processor.py:157} INFO - Started process (PID=2062) to work on /home/airflow/.local/lib/python3.7/site-packages/airflow/example_dags/example_skip_dag.py
[2023-06-28T14:33:55.931+0000] {processor.py:826} INFO - Processing file /home/airflow/.local/lib/python3.7/site-packages/airflow/example_dags/example_skip_dag.py for tasks to queue
[2023-06-28T14:33:55.932+0000] {logging_mixin.py:149} INFO - [2023-06-28T14:33:55.932+0000] {dagbag.py:541} INFO - Filling up the DagBag from /home/airflow/.local/lib/python3.7/site-packages/airflow/example_dags/example_skip_dag.py
[2023-06-28T14:33:55.943+0000] {processor.py:836} INFO - DAG(s) dict_keys(['example_skip_dag']) retrieved from /home/airflow/.local/lib/python3.7/site-packages/airflow/example_dags/example_skip_dag.py
[2023-06-28T14:33:56.003+0000] {logging_mixin.py:149} INFO - [2023-06-28T14:33:56.002+0000] {dag.py:2726} INFO - Sync 1 DAGs
[2023-06-28T14:33:56.085+0000] {logging_mixin.py:149} INFO - [2023-06-28T14:33:56.085+0000] {dag.py:3490} INFO - Setting next_dagrun for example_skip_dag to 2023-06-27T14:33:56.085303+00:00, run_after=2023-06-28T14:33:56.085303+00:00
[2023-06-28T14:33:56.120+0000] {processor.py:179} INFO - Processing /home/airflow/.local/lib/python3.7/site-packages/airflow/example_dags/example_skip_dag.py took 0.199 seconds
[2023-06-28T14:34:26.706+0000] {processor.py:157} INFO - Started process (PID=2121) to work on /home/airflow/.local/lib/python3.7/site-packages/airflow/example_dags/example_skip_dag.py
[2023-06-28T14:34:26.708+0000] {processor.py:826} INFO - Processing file /home/airflow/.local/lib/python3.7/site-packages/airflow/example_dags/example_skip_dag.py for tasks to queue
[2023-06-28T14:34:26.710+0000] {logging_mixin.py:149} INFO - [2023-06-28T14:34:26.710+0000] {dagbag.py:541} INFO - Filling up the DagBag from /home/airflow/.local/lib/python3.7/site-packages/airflow/example_dags/example_skip_dag.py
[2023-06-28T14:34:26.729+0000] {processor.py:836} INFO - DAG(s) dict_keys(['example_skip_dag']) retrieved from /home/airflow/.local/lib/python3.7/site-packages/airflow/example_dags/example_skip_dag.py
[2023-06-28T14:34:26.801+0000] {logging_mixin.py:149} INFO - [2023-06-28T14:34:26.801+0000] {dag.py:2726} INFO - Sync 1 DAGs
[2023-06-28T14:34:26.885+0000] {logging_mixin.py:149} INFO - [2023-06-28T14:34:26.885+0000] {dag.py:3490} INFO - Setting next_dagrun for example_skip_dag to 2023-06-27T14:34:26.885088+00:00, run_after=2023-06-28T14:34:26.885088+00:00
[2023-06-28T14:34:26.940+0000] {processor.py:179} INFO - Processing /home/airflow/.local/lib/python3.7/site-packages/airflow/example_dags/example_skip_dag.py took 0.240 seconds
[2023-06-28T14:34:57.538+0000] {processor.py:157} INFO - Started process (PID=2181) to work on /home/airflow/.local/lib/python3.7/site-packages/airflow/example_dags/example_skip_dag.py
[2023-06-28T14:34:57.540+0000] {processor.py:826} INFO - Processing file /home/airflow/.local/lib/python3.7/site-packages/airflow/example_dags/example_skip_dag.py for tasks to queue
[2023-06-28T14:34:57.541+0000] {logging_mixin.py:149} INFO - [2023-06-28T14:34:57.541+0000] {dagbag.py:541} INFO - Filling up the DagBag from /home/airflow/.local/lib/python3.7/site-packages/airflow/example_dags/example_skip_dag.py
[2023-06-28T14:34:57.551+0000] {processor.py:836} INFO - DAG(s) dict_keys(['example_skip_dag']) retrieved from /home/airflow/.local/lib/python3.7/site-packages/airflow/example_dags/example_skip_dag.py
[2023-06-28T14:34:57.591+0000] {logging_mixin.py:149} INFO - [2023-06-28T14:34:57.591+0000] {dag.py:2726} INFO - Sync 1 DAGs
[2023-06-28T14:34:57.705+0000] {logging_mixin.py:149} INFO - [2023-06-28T14:34:57.705+0000] {dag.py:3490} INFO - Setting next_dagrun for example_skip_dag to 2023-06-27T14:34:57.704657+00:00, run_after=2023-06-28T14:34:57.704657+00:00
[2023-06-28T14:34:57.761+0000] {processor.py:179} INFO - Processing /home/airflow/.local/lib/python3.7/site-packages/airflow/example_dags/example_skip_dag.py took 0.229 seconds
[2023-06-28T14:35:28.028+0000] {processor.py:157} INFO - Started process (PID=2240) to work on /home/airflow/.local/lib/python3.7/site-packages/airflow/example_dags/example_skip_dag.py
[2023-06-28T14:35:28.029+0000] {processor.py:826} INFO - Processing file /home/airflow/.local/lib/python3.7/site-packages/airflow/example_dags/example_skip_dag.py for tasks to queue
[2023-06-28T14:35:28.031+0000] {logging_mixin.py:149} INFO - [2023-06-28T14:35:28.031+0000] {dagbag.py:541} INFO - Filling up the DagBag from /home/airflow/.local/lib/python3.7/site-packages/airflow/example_dags/example_skip_dag.py
[2023-06-28T14:35:28.043+0000] {processor.py:836} INFO - DAG(s) dict_keys(['example_skip_dag']) retrieved from /home/airflow/.local/lib/python3.7/site-packages/airflow/example_dags/example_skip_dag.py
[2023-06-28T14:35:28.105+0000] {logging_mixin.py:149} INFO - [2023-06-28T14:35:28.105+0000] {dag.py:2726} INFO - Sync 1 DAGs
[2023-06-28T14:35:28.173+0000] {logging_mixin.py:149} INFO - [2023-06-28T14:35:28.173+0000] {dag.py:3490} INFO - Setting next_dagrun for example_skip_dag to 2023-06-27T14:35:28.172893+00:00, run_after=2023-06-28T14:35:28.172893+00:00
[2023-06-28T14:35:28.212+0000] {processor.py:179} INFO - Processing /home/airflow/.local/lib/python3.7/site-packages/airflow/example_dags/example_skip_dag.py took 0.189 seconds
[2023-06-28T14:35:58.385+0000] {processor.py:157} INFO - Started process (PID=2300) to work on /home/airflow/.local/lib/python3.7/site-packages/airflow/example_dags/example_skip_dag.py
[2023-06-28T14:35:58.386+0000] {processor.py:826} INFO - Processing file /home/airflow/.local/lib/python3.7/site-packages/airflow/example_dags/example_skip_dag.py for tasks to queue
[2023-06-28T14:35:58.388+0000] {logging_mixin.py:149} INFO - [2023-06-28T14:35:58.387+0000] {dagbag.py:541} INFO - Filling up the DagBag from /home/airflow/.local/lib/python3.7/site-packages/airflow/example_dags/example_skip_dag.py
[2023-06-28T14:35:58.397+0000] {processor.py:836} INFO - DAG(s) dict_keys(['example_skip_dag']) retrieved from /home/airflow/.local/lib/python3.7/site-packages/airflow/example_dags/example_skip_dag.py
[2023-06-28T14:35:58.435+0000] {logging_mixin.py:149} INFO - [2023-06-28T14:35:58.435+0000] {dag.py:2726} INFO - Sync 1 DAGs
[2023-06-28T14:35:58.479+0000] {logging_mixin.py:149} INFO - [2023-06-28T14:35:58.478+0000] {dag.py:3490} INFO - Setting next_dagrun for example_skip_dag to 2023-06-27T14:35:58.478517+00:00, run_after=2023-06-28T14:35:58.478517+00:00
[2023-06-28T14:35:58.515+0000] {processor.py:179} INFO - Processing /home/airflow/.local/lib/python3.7/site-packages/airflow/example_dags/example_skip_dag.py took 0.134 seconds
[2023-06-28T14:36:28.752+0000] {processor.py:157} INFO - Started process (PID=2359) to work on /home/airflow/.local/lib/python3.7/site-packages/airflow/example_dags/example_skip_dag.py
[2023-06-28T14:36:28.753+0000] {processor.py:826} INFO - Processing file /home/airflow/.local/lib/python3.7/site-packages/airflow/example_dags/example_skip_dag.py for tasks to queue
[2023-06-28T14:36:28.755+0000] {logging_mixin.py:149} INFO - [2023-06-28T14:36:28.754+0000] {dagbag.py:541} INFO - Filling up the DagBag from /home/airflow/.local/lib/python3.7/site-packages/airflow/example_dags/example_skip_dag.py
[2023-06-28T14:36:28.764+0000] {processor.py:836} INFO - DAG(s) dict_keys(['example_skip_dag']) retrieved from /home/airflow/.local/lib/python3.7/site-packages/airflow/example_dags/example_skip_dag.py
[2023-06-28T14:36:28.800+0000] {logging_mixin.py:149} INFO - [2023-06-28T14:36:28.800+0000] {dag.py:2726} INFO - Sync 1 DAGs
[2023-06-28T14:36:28.838+0000] {logging_mixin.py:149} INFO - [2023-06-28T14:36:28.838+0000] {dag.py:3490} INFO - Setting next_dagrun for example_skip_dag to 2023-06-27T14:36:28.838204+00:00, run_after=2023-06-28T14:36:28.838204+00:00
[2023-06-28T14:36:28.871+0000] {processor.py:179} INFO - Processing /home/airflow/.local/lib/python3.7/site-packages/airflow/example_dags/example_skip_dag.py took 0.124 seconds
[2023-06-28T14:36:59.057+0000] {processor.py:157} INFO - Started process (PID=2418) to work on /home/airflow/.local/lib/python3.7/site-packages/airflow/example_dags/example_skip_dag.py
[2023-06-28T14:36:59.058+0000] {processor.py:826} INFO - Processing file /home/airflow/.local/lib/python3.7/site-packages/airflow/example_dags/example_skip_dag.py for tasks to queue
[2023-06-28T14:36:59.059+0000] {logging_mixin.py:149} INFO - [2023-06-28T14:36:59.059+0000] {dagbag.py:541} INFO - Filling up the DagBag from /home/airflow/.local/lib/python3.7/site-packages/airflow/example_dags/example_skip_dag.py
[2023-06-28T14:36:59.071+0000] {processor.py:836} INFO - DAG(s) dict_keys(['example_skip_dag']) retrieved from /home/airflow/.local/lib/python3.7/site-packages/airflow/example_dags/example_skip_dag.py
[2023-06-28T14:36:59.109+0000] {logging_mixin.py:149} INFO - [2023-06-28T14:36:59.109+0000] {dag.py:2726} INFO - Sync 1 DAGs
[2023-06-28T14:36:59.148+0000] {logging_mixin.py:149} INFO - [2023-06-28T14:36:59.148+0000] {dag.py:3490} INFO - Setting next_dagrun for example_skip_dag to 2023-06-27T14:36:59.147894+00:00, run_after=2023-06-28T14:36:59.147894+00:00
[2023-06-28T14:36:59.189+0000] {processor.py:179} INFO - Processing /home/airflow/.local/lib/python3.7/site-packages/airflow/example_dags/example_skip_dag.py took 0.136 seconds
[2023-06-28T14:37:29.329+0000] {processor.py:157} INFO - Started process (PID=2477) to work on /home/airflow/.local/lib/python3.7/site-packages/airflow/example_dags/example_skip_dag.py
[2023-06-28T14:37:29.330+0000] {processor.py:826} INFO - Processing file /home/airflow/.local/lib/python3.7/site-packages/airflow/example_dags/example_skip_dag.py for tasks to queue
[2023-06-28T14:37:29.332+0000] {logging_mixin.py:149} INFO - [2023-06-28T14:37:29.331+0000] {dagbag.py:541} INFO - Filling up the DagBag from /home/airflow/.local/lib/python3.7/site-packages/airflow/example_dags/example_skip_dag.py
[2023-06-28T14:37:29.343+0000] {processor.py:836} INFO - DAG(s) dict_keys(['example_skip_dag']) retrieved from /home/airflow/.local/lib/python3.7/site-packages/airflow/example_dags/example_skip_dag.py
[2023-06-28T14:37:29.392+0000] {logging_mixin.py:149} INFO - [2023-06-28T14:37:29.392+0000] {dag.py:2726} INFO - Sync 1 DAGs
[2023-06-28T14:37:29.444+0000] {logging_mixin.py:149} INFO - [2023-06-28T14:37:29.443+0000] {dag.py:3490} INFO - Setting next_dagrun for example_skip_dag to 2023-06-27T14:37:29.443495+00:00, run_after=2023-06-28T14:37:29.443495+00:00
[2023-06-28T14:37:29.483+0000] {processor.py:179} INFO - Processing /home/airflow/.local/lib/python3.7/site-packages/airflow/example_dags/example_skip_dag.py took 0.159 seconds
[2023-06-28T14:37:59.686+0000] {processor.py:157} INFO - Started process (PID=2537) to work on /home/airflow/.local/lib/python3.7/site-packages/airflow/example_dags/example_skip_dag.py
[2023-06-28T14:37:59.687+0000] {processor.py:826} INFO - Processing file /home/airflow/.local/lib/python3.7/site-packages/airflow/example_dags/example_skip_dag.py for tasks to queue
[2023-06-28T14:37:59.689+0000] {logging_mixin.py:149} INFO - [2023-06-28T14:37:59.689+0000] {dagbag.py:541} INFO - Filling up the DagBag from /home/airflow/.local/lib/python3.7/site-packages/airflow/example_dags/example_skip_dag.py
[2023-06-28T14:37:59.700+0000] {processor.py:836} INFO - DAG(s) dict_keys(['example_skip_dag']) retrieved from /home/airflow/.local/lib/python3.7/site-packages/airflow/example_dags/example_skip_dag.py
[2023-06-28T14:37:59.736+0000] {logging_mixin.py:149} INFO - [2023-06-28T14:37:59.736+0000] {dag.py:2726} INFO - Sync 1 DAGs
[2023-06-28T14:37:59.780+0000] {logging_mixin.py:149} INFO - [2023-06-28T14:37:59.780+0000] {dag.py:3490} INFO - Setting next_dagrun for example_skip_dag to 2023-06-27T14:37:59.780096+00:00, run_after=2023-06-28T14:37:59.780096+00:00
[2023-06-28T14:37:59.814+0000] {processor.py:179} INFO - Processing /home/airflow/.local/lib/python3.7/site-packages/airflow/example_dags/example_skip_dag.py took 0.133 seconds
[2023-06-28T14:38:30.217+0000] {processor.py:157} INFO - Started process (PID=2596) to work on /home/airflow/.local/lib/python3.7/site-packages/airflow/example_dags/example_skip_dag.py
[2023-06-28T14:38:30.236+0000] {processor.py:826} INFO - Processing file /home/airflow/.local/lib/python3.7/site-packages/airflow/example_dags/example_skip_dag.py for tasks to queue
[2023-06-28T14:38:30.239+0000] {logging_mixin.py:149} INFO - [2023-06-28T14:38:30.238+0000] {dagbag.py:541} INFO - Filling up the DagBag from /home/airflow/.local/lib/python3.7/site-packages/airflow/example_dags/example_skip_dag.py
[2023-06-28T14:38:30.263+0000] {processor.py:836} INFO - DAG(s) dict_keys(['example_skip_dag']) retrieved from /home/airflow/.local/lib/python3.7/site-packages/airflow/example_dags/example_skip_dag.py
[2023-06-28T14:38:30.308+0000] {logging_mixin.py:149} INFO - [2023-06-28T14:38:30.308+0000] {dag.py:2726} INFO - Sync 1 DAGs
[2023-06-28T14:38:30.354+0000] {logging_mixin.py:149} INFO - [2023-06-28T14:38:30.354+0000] {dag.py:3490} INFO - Setting next_dagrun for example_skip_dag to 2023-06-27T14:38:30.353607+00:00, run_after=2023-06-28T14:38:30.353607+00:00
[2023-06-28T14:38:30.395+0000] {processor.py:179} INFO - Processing /home/airflow/.local/lib/python3.7/site-packages/airflow/example_dags/example_skip_dag.py took 0.185 seconds
[2023-06-28T14:39:00.720+0000] {processor.py:157} INFO - Started process (PID=2655) to work on /home/airflow/.local/lib/python3.7/site-packages/airflow/example_dags/example_skip_dag.py
[2023-06-28T14:39:00.722+0000] {processor.py:826} INFO - Processing file /home/airflow/.local/lib/python3.7/site-packages/airflow/example_dags/example_skip_dag.py for tasks to queue
[2023-06-28T14:39:00.723+0000] {logging_mixin.py:149} INFO - [2023-06-28T14:39:00.723+0000] {dagbag.py:541} INFO - Filling up the DagBag from /home/airflow/.local/lib/python3.7/site-packages/airflow/example_dags/example_skip_dag.py
[2023-06-28T14:39:00.735+0000] {processor.py:836} INFO - DAG(s) dict_keys(['example_skip_dag']) retrieved from /home/airflow/.local/lib/python3.7/site-packages/airflow/example_dags/example_skip_dag.py
[2023-06-28T14:39:00.794+0000] {logging_mixin.py:149} INFO - [2023-06-28T14:39:00.794+0000] {dag.py:2726} INFO - Sync 1 DAGs
[2023-06-28T14:39:00.873+0000] {logging_mixin.py:149} INFO - [2023-06-28T14:39:00.873+0000] {dag.py:3490} INFO - Setting next_dagrun for example_skip_dag to 2023-06-27T14:39:00.872964+00:00, run_after=2023-06-28T14:39:00.872964+00:00
[2023-06-28T14:39:00.928+0000] {processor.py:179} INFO - Processing /home/airflow/.local/lib/python3.7/site-packages/airflow/example_dags/example_skip_dag.py took 0.213 seconds
[2023-06-28T14:39:31.252+0000] {processor.py:157} INFO - Started process (PID=2714) to work on /home/airflow/.local/lib/python3.7/site-packages/airflow/example_dags/example_skip_dag.py
[2023-06-28T14:39:31.254+0000] {processor.py:826} INFO - Processing file /home/airflow/.local/lib/python3.7/site-packages/airflow/example_dags/example_skip_dag.py for tasks to queue
[2023-06-28T14:39:31.255+0000] {logging_mixin.py:149} INFO - [2023-06-28T14:39:31.255+0000] {dagbag.py:541} INFO - Filling up the DagBag from /home/airflow/.local/lib/python3.7/site-packages/airflow/example_dags/example_skip_dag.py
[2023-06-28T14:39:31.268+0000] {processor.py:836} INFO - DAG(s) dict_keys(['example_skip_dag']) retrieved from /home/airflow/.local/lib/python3.7/site-packages/airflow/example_dags/example_skip_dag.py
[2023-06-28T14:39:31.318+0000] {logging_mixin.py:149} INFO - [2023-06-28T14:39:31.317+0000] {dag.py:2726} INFO - Sync 1 DAGs
[2023-06-28T14:39:31.373+0000] {logging_mixin.py:149} INFO - [2023-06-28T14:39:31.372+0000] {dag.py:3490} INFO - Setting next_dagrun for example_skip_dag to 2023-06-27T14:39:31.372440+00:00, run_after=2023-06-28T14:39:31.372440+00:00
[2023-06-28T14:39:31.416+0000] {processor.py:179} INFO - Processing /home/airflow/.local/lib/python3.7/site-packages/airflow/example_dags/example_skip_dag.py took 0.171 seconds
[2023-06-28T14:40:02.006+0000] {processor.py:157} INFO - Started process (PID=2773) to work on /home/airflow/.local/lib/python3.7/site-packages/airflow/example_dags/example_skip_dag.py
[2023-06-28T14:40:02.008+0000] {processor.py:826} INFO - Processing file /home/airflow/.local/lib/python3.7/site-packages/airflow/example_dags/example_skip_dag.py for tasks to queue
[2023-06-28T14:40:02.017+0000] {logging_mixin.py:149} INFO - [2023-06-28T14:40:02.010+0000] {dagbag.py:541} INFO - Filling up the DagBag from /home/airflow/.local/lib/python3.7/site-packages/airflow/example_dags/example_skip_dag.py
[2023-06-28T14:40:02.030+0000] {processor.py:836} INFO - DAG(s) dict_keys(['example_skip_dag']) retrieved from /home/airflow/.local/lib/python3.7/site-packages/airflow/example_dags/example_skip_dag.py
[2023-06-28T14:40:02.103+0000] {logging_mixin.py:149} INFO - [2023-06-28T14:40:02.102+0000] {dag.py:2726} INFO - Sync 1 DAGs
[2023-06-28T14:40:02.204+0000] {logging_mixin.py:149} INFO - [2023-06-28T14:40:02.204+0000] {dag.py:3490} INFO - Setting next_dagrun for example_skip_dag to 2023-06-27T14:40:02.204024+00:00, run_after=2023-06-28T14:40:02.204024+00:00
[2023-06-28T14:40:02.244+0000] {processor.py:179} INFO - Processing /home/airflow/.local/lib/python3.7/site-packages/airflow/example_dags/example_skip_dag.py took 0.244 seconds
[2023-06-28T14:40:32.485+0000] {processor.py:157} INFO - Started process (PID=2833) to work on /home/airflow/.local/lib/python3.7/site-packages/airflow/example_dags/example_skip_dag.py
[2023-06-28T14:40:32.487+0000] {processor.py:826} INFO - Processing file /home/airflow/.local/lib/python3.7/site-packages/airflow/example_dags/example_skip_dag.py for tasks to queue
[2023-06-28T14:40:32.488+0000] {logging_mixin.py:149} INFO - [2023-06-28T14:40:32.488+0000] {dagbag.py:541} INFO - Filling up the DagBag from /home/airflow/.local/lib/python3.7/site-packages/airflow/example_dags/example_skip_dag.py
[2023-06-28T14:40:32.498+0000] {processor.py:836} INFO - DAG(s) dict_keys(['example_skip_dag']) retrieved from /home/airflow/.local/lib/python3.7/site-packages/airflow/example_dags/example_skip_dag.py
[2023-06-28T14:40:32.538+0000] {logging_mixin.py:149} INFO - [2023-06-28T14:40:32.538+0000] {dag.py:2726} INFO - Sync 1 DAGs
[2023-06-28T14:40:32.576+0000] {logging_mixin.py:149} INFO - [2023-06-28T14:40:32.576+0000] {dag.py:3490} INFO - Setting next_dagrun for example_skip_dag to 2023-06-27T14:40:32.575949+00:00, run_after=2023-06-28T14:40:32.575949+00:00
[2023-06-28T14:40:32.613+0000] {processor.py:179} INFO - Processing /home/airflow/.local/lib/python3.7/site-packages/airflow/example_dags/example_skip_dag.py took 0.133 seconds
[2023-06-28T14:41:02.886+0000] {processor.py:157} INFO - Started process (PID=2892) to work on /home/airflow/.local/lib/python3.7/site-packages/airflow/example_dags/example_skip_dag.py
[2023-06-28T14:41:02.888+0000] {processor.py:826} INFO - Processing file /home/airflow/.local/lib/python3.7/site-packages/airflow/example_dags/example_skip_dag.py for tasks to queue
[2023-06-28T14:41:02.889+0000] {logging_mixin.py:149} INFO - [2023-06-28T14:41:02.889+0000] {dagbag.py:541} INFO - Filling up the DagBag from /home/airflow/.local/lib/python3.7/site-packages/airflow/example_dags/example_skip_dag.py
[2023-06-28T14:41:02.898+0000] {processor.py:836} INFO - DAG(s) dict_keys(['example_skip_dag']) retrieved from /home/airflow/.local/lib/python3.7/site-packages/airflow/example_dags/example_skip_dag.py
[2023-06-28T14:41:02.940+0000] {logging_mixin.py:149} INFO - [2023-06-28T14:41:02.940+0000] {dag.py:2726} INFO - Sync 1 DAGs
[2023-06-28T14:41:02.979+0000] {logging_mixin.py:149} INFO - [2023-06-28T14:41:02.979+0000] {dag.py:3490} INFO - Setting next_dagrun for example_skip_dag to 2023-06-27T14:41:02.979312+00:00, run_after=2023-06-28T14:41:02.979312+00:00
[2023-06-28T14:41:03.015+0000] {processor.py:179} INFO - Processing /home/airflow/.local/lib/python3.7/site-packages/airflow/example_dags/example_skip_dag.py took 0.133 seconds
[2023-06-28T14:41:33.169+0000] {processor.py:157} INFO - Started process (PID=2952) to work on /home/airflow/.local/lib/python3.7/site-packages/airflow/example_dags/example_skip_dag.py
[2023-06-28T14:41:33.170+0000] {processor.py:826} INFO - Processing file /home/airflow/.local/lib/python3.7/site-packages/airflow/example_dags/example_skip_dag.py for tasks to queue
[2023-06-28T14:41:33.172+0000] {logging_mixin.py:149} INFO - [2023-06-28T14:41:33.172+0000] {dagbag.py:541} INFO - Filling up the DagBag from /home/airflow/.local/lib/python3.7/site-packages/airflow/example_dags/example_skip_dag.py
[2023-06-28T14:41:33.182+0000] {processor.py:836} INFO - DAG(s) dict_keys(['example_skip_dag']) retrieved from /home/airflow/.local/lib/python3.7/site-packages/airflow/example_dags/example_skip_dag.py
[2023-06-28T14:41:33.220+0000] {logging_mixin.py:149} INFO - [2023-06-28T14:41:33.219+0000] {dag.py:2726} INFO - Sync 1 DAGs
[2023-06-28T14:41:33.258+0000] {logging_mixin.py:149} INFO - [2023-06-28T14:41:33.258+0000] {dag.py:3490} INFO - Setting next_dagrun for example_skip_dag to 2023-06-27T14:41:33.258288+00:00, run_after=2023-06-28T14:41:33.258288+00:00
[2023-06-28T14:41:33.292+0000] {processor.py:179} INFO - Processing /home/airflow/.local/lib/python3.7/site-packages/airflow/example_dags/example_skip_dag.py took 0.127 seconds
[2023-06-28T14:42:03.482+0000] {processor.py:157} INFO - Started process (PID=3011) to work on /home/airflow/.local/lib/python3.7/site-packages/airflow/example_dags/example_skip_dag.py
[2023-06-28T14:42:03.483+0000] {processor.py:826} INFO - Processing file /home/airflow/.local/lib/python3.7/site-packages/airflow/example_dags/example_skip_dag.py for tasks to queue
[2023-06-28T14:42:03.485+0000] {logging_mixin.py:149} INFO - [2023-06-28T14:42:03.485+0000] {dagbag.py:541} INFO - Filling up the DagBag from /home/airflow/.local/lib/python3.7/site-packages/airflow/example_dags/example_skip_dag.py
[2023-06-28T14:42:03.494+0000] {processor.py:836} INFO - DAG(s) dict_keys(['example_skip_dag']) retrieved from /home/airflow/.local/lib/python3.7/site-packages/airflow/example_dags/example_skip_dag.py
[2023-06-28T14:42:03.531+0000] {logging_mixin.py:149} INFO - [2023-06-28T14:42:03.531+0000] {dag.py:2726} INFO - Sync 1 DAGs
[2023-06-28T14:42:03.576+0000] {logging_mixin.py:149} INFO - [2023-06-28T14:42:03.576+0000] {dag.py:3490} INFO - Setting next_dagrun for example_skip_dag to 2023-06-27T14:42:03.575698+00:00, run_after=2023-06-28T14:42:03.575698+00:00
[2023-06-28T14:42:03.613+0000] {processor.py:179} INFO - Processing /home/airflow/.local/lib/python3.7/site-packages/airflow/example_dags/example_skip_dag.py took 0.137 seconds
[2023-06-28T14:42:34.164+0000] {processor.py:157} INFO - Started process (PID=3070) to work on /home/airflow/.local/lib/python3.7/site-packages/airflow/example_dags/example_skip_dag.py
[2023-06-28T14:42:34.166+0000] {processor.py:826} INFO - Processing file /home/airflow/.local/lib/python3.7/site-packages/airflow/example_dags/example_skip_dag.py for tasks to queue
[2023-06-28T14:42:34.167+0000] {logging_mixin.py:149} INFO - [2023-06-28T14:42:34.167+0000] {dagbag.py:541} INFO - Filling up the DagBag from /home/airflow/.local/lib/python3.7/site-packages/airflow/example_dags/example_skip_dag.py
[2023-06-28T14:42:34.178+0000] {processor.py:836} INFO - DAG(s) dict_keys(['example_skip_dag']) retrieved from /home/airflow/.local/lib/python3.7/site-packages/airflow/example_dags/example_skip_dag.py
[2023-06-28T14:42:34.215+0000] {logging_mixin.py:149} INFO - [2023-06-28T14:42:34.215+0000] {dag.py:2726} INFO - Sync 1 DAGs
[2023-06-28T14:42:34.256+0000] {logging_mixin.py:149} INFO - [2023-06-28T14:42:34.256+0000] {dag.py:3490} INFO - Setting next_dagrun for example_skip_dag to 2023-06-27T14:42:34.256271+00:00, run_after=2023-06-28T14:42:34.256271+00:00
[2023-06-28T14:42:34.290+0000] {processor.py:179} INFO - Processing /home/airflow/.local/lib/python3.7/site-packages/airflow/example_dags/example_skip_dag.py took 0.131 seconds
[2023-06-28T14:43:05.163+0000] {processor.py:157} INFO - Started process (PID=3130) to work on /home/airflow/.local/lib/python3.7/site-packages/airflow/example_dags/example_skip_dag.py
[2023-06-28T14:43:05.165+0000] {processor.py:826} INFO - Processing file /home/airflow/.local/lib/python3.7/site-packages/airflow/example_dags/example_skip_dag.py for tasks to queue
[2023-06-28T14:43:05.169+0000] {logging_mixin.py:149} INFO - [2023-06-28T14:43:05.167+0000] {dagbag.py:541} INFO - Filling up the DagBag from /home/airflow/.local/lib/python3.7/site-packages/airflow/example_dags/example_skip_dag.py
[2023-06-28T14:43:05.190+0000] {processor.py:836} INFO - DAG(s) dict_keys(['example_skip_dag']) retrieved from /home/airflow/.local/lib/python3.7/site-packages/airflow/example_dags/example_skip_dag.py
[2023-06-28T14:43:05.276+0000] {logging_mixin.py:149} INFO - [2023-06-28T14:43:05.274+0000] {dag.py:2726} INFO - Sync 1 DAGs
[2023-06-28T14:43:05.373+0000] {logging_mixin.py:149} INFO - [2023-06-28T14:43:05.373+0000] {dag.py:3490} INFO - Setting next_dagrun for example_skip_dag to 2023-06-27T14:43:05.373018+00:00, run_after=2023-06-28T14:43:05.373018+00:00
[2023-06-28T14:43:05.460+0000] {processor.py:179} INFO - Processing /home/airflow/.local/lib/python3.7/site-packages/airflow/example_dags/example_skip_dag.py took 0.303 seconds
[2023-06-28T14:43:35.707+0000] {processor.py:157} INFO - Started process (PID=3189) to work on /home/airflow/.local/lib/python3.7/site-packages/airflow/example_dags/example_skip_dag.py
[2023-06-28T14:43:35.712+0000] {processor.py:826} INFO - Processing file /home/airflow/.local/lib/python3.7/site-packages/airflow/example_dags/example_skip_dag.py for tasks to queue
[2023-06-28T14:43:35.721+0000] {logging_mixin.py:149} INFO - [2023-06-28T14:43:35.720+0000] {dagbag.py:541} INFO - Filling up the DagBag from /home/airflow/.local/lib/python3.7/site-packages/airflow/example_dags/example_skip_dag.py
[2023-06-28T14:43:35.757+0000] {processor.py:836} INFO - DAG(s) dict_keys(['example_skip_dag']) retrieved from /home/airflow/.local/lib/python3.7/site-packages/airflow/example_dags/example_skip_dag.py
[2023-06-28T14:43:35.896+0000] {logging_mixin.py:149} INFO - [2023-06-28T14:43:35.896+0000] {dag.py:2726} INFO - Sync 1 DAGs
[2023-06-28T14:43:36.055+0000] {logging_mixin.py:149} INFO - [2023-06-28T14:43:36.055+0000] {dag.py:3490} INFO - Setting next_dagrun for example_skip_dag to 2023-06-27T14:43:36.054824+00:00, run_after=2023-06-28T14:43:36.054824+00:00
[2023-06-28T14:43:36.212+0000] {processor.py:179} INFO - Processing /home/airflow/.local/lib/python3.7/site-packages/airflow/example_dags/example_skip_dag.py took 0.524 seconds
[2023-06-28T14:44:06.939+0000] {processor.py:157} INFO - Started process (PID=3248) to work on /home/airflow/.local/lib/python3.7/site-packages/airflow/example_dags/example_skip_dag.py
[2023-06-28T14:44:06.943+0000] {processor.py:826} INFO - Processing file /home/airflow/.local/lib/python3.7/site-packages/airflow/example_dags/example_skip_dag.py for tasks to queue
[2023-06-28T14:44:06.945+0000] {logging_mixin.py:149} INFO - [2023-06-28T14:44:06.945+0000] {dagbag.py:541} INFO - Filling up the DagBag from /home/airflow/.local/lib/python3.7/site-packages/airflow/example_dags/example_skip_dag.py
[2023-06-28T14:44:06.965+0000] {processor.py:836} INFO - DAG(s) dict_keys(['example_skip_dag']) retrieved from /home/airflow/.local/lib/python3.7/site-packages/airflow/example_dags/example_skip_dag.py
[2023-06-28T14:44:07.029+0000] {logging_mixin.py:149} INFO - [2023-06-28T14:44:07.029+0000] {dag.py:2726} INFO - Sync 1 DAGs
[2023-06-28T14:44:07.095+0000] {logging_mixin.py:149} INFO - [2023-06-28T14:44:07.095+0000] {dag.py:3490} INFO - Setting next_dagrun for example_skip_dag to 2023-06-27T14:44:07.095254+00:00, run_after=2023-06-28T14:44:07.095254+00:00
[2023-06-28T14:44:07.140+0000] {processor.py:179} INFO - Processing /home/airflow/.local/lib/python3.7/site-packages/airflow/example_dags/example_skip_dag.py took 0.208 seconds
[2023-06-28T14:44:37.240+0000] {processor.py:157} INFO - Started process (PID=3307) to work on /home/airflow/.local/lib/python3.7/site-packages/airflow/example_dags/example_skip_dag.py
[2023-06-28T14:44:37.242+0000] {processor.py:826} INFO - Processing file /home/airflow/.local/lib/python3.7/site-packages/airflow/example_dags/example_skip_dag.py for tasks to queue
[2023-06-28T14:44:37.255+0000] {logging_mixin.py:149} INFO - [2023-06-28T14:44:37.255+0000] {dagbag.py:541} INFO - Filling up the DagBag from /home/airflow/.local/lib/python3.7/site-packages/airflow/example_dags/example_skip_dag.py
[2023-06-28T14:44:37.295+0000] {processor.py:836} INFO - DAG(s) dict_keys(['example_skip_dag']) retrieved from /home/airflow/.local/lib/python3.7/site-packages/airflow/example_dags/example_skip_dag.py
[2023-06-28T14:44:37.489+0000] {logging_mixin.py:149} INFO - [2023-06-28T14:44:37.489+0000] {dag.py:2726} INFO - Sync 1 DAGs
[2023-06-28T14:44:37.692+0000] {logging_mixin.py:149} INFO - [2023-06-28T14:44:37.692+0000] {dag.py:3490} INFO - Setting next_dagrun for example_skip_dag to 2023-06-27T14:44:37.690077+00:00, run_after=2023-06-28T14:44:37.690077+00:00
[2023-06-28T14:44:37.825+0000] {processor.py:179} INFO - Processing /home/airflow/.local/lib/python3.7/site-packages/airflow/example_dags/example_skip_dag.py took 0.599 seconds
[2023-06-28T14:45:08.761+0000] {processor.py:157} INFO - Started process (PID=3366) to work on /home/airflow/.local/lib/python3.7/site-packages/airflow/example_dags/example_skip_dag.py
[2023-06-28T14:45:08.762+0000] {processor.py:826} INFO - Processing file /home/airflow/.local/lib/python3.7/site-packages/airflow/example_dags/example_skip_dag.py for tasks to queue
[2023-06-28T14:45:08.764+0000] {logging_mixin.py:149} INFO - [2023-06-28T14:45:08.763+0000] {dagbag.py:541} INFO - Filling up the DagBag from /home/airflow/.local/lib/python3.7/site-packages/airflow/example_dags/example_skip_dag.py
[2023-06-28T14:45:08.776+0000] {processor.py:836} INFO - DAG(s) dict_keys(['example_skip_dag']) retrieved from /home/airflow/.local/lib/python3.7/site-packages/airflow/example_dags/example_skip_dag.py
[2023-06-28T14:45:08.812+0000] {logging_mixin.py:149} INFO - [2023-06-28T14:45:08.811+0000] {dag.py:2726} INFO - Sync 1 DAGs
[2023-06-28T14:45:08.850+0000] {logging_mixin.py:149} INFO - [2023-06-28T14:45:08.850+0000] {dag.py:3490} INFO - Setting next_dagrun for example_skip_dag to 2023-06-27T14:45:08.850071+00:00, run_after=2023-06-28T14:45:08.850071+00:00
[2023-06-28T14:45:08.883+0000] {processor.py:179} INFO - Processing /home/airflow/.local/lib/python3.7/site-packages/airflow/example_dags/example_skip_dag.py took 0.129 seconds
[2023-06-28T14:45:39.439+0000] {processor.py:157} INFO - Started process (PID=3427) to work on /home/airflow/.local/lib/python3.7/site-packages/airflow/example_dags/example_skip_dag.py
[2023-06-28T14:45:39.441+0000] {processor.py:826} INFO - Processing file /home/airflow/.local/lib/python3.7/site-packages/airflow/example_dags/example_skip_dag.py for tasks to queue
[2023-06-28T14:45:39.443+0000] {logging_mixin.py:149} INFO - [2023-06-28T14:45:39.442+0000] {dagbag.py:541} INFO - Filling up the DagBag from /home/airflow/.local/lib/python3.7/site-packages/airflow/example_dags/example_skip_dag.py
[2023-06-28T14:45:39.456+0000] {processor.py:836} INFO - DAG(s) dict_keys(['example_skip_dag']) retrieved from /home/airflow/.local/lib/python3.7/site-packages/airflow/example_dags/example_skip_dag.py
[2023-06-28T14:45:39.511+0000] {logging_mixin.py:149} INFO - [2023-06-28T14:45:39.511+0000] {dag.py:2726} INFO - Sync 1 DAGs
[2023-06-28T14:45:39.577+0000] {logging_mixin.py:149} INFO - [2023-06-28T14:45:39.576+0000] {dag.py:3490} INFO - Setting next_dagrun for example_skip_dag to 2023-06-27T14:45:39.569298+00:00, run_after=2023-06-28T14:45:39.569298+00:00
[2023-06-28T14:45:39.671+0000] {processor.py:179} INFO - Processing /home/airflow/.local/lib/python3.7/site-packages/airflow/example_dags/example_skip_dag.py took 0.238 seconds
[2023-06-28T14:46:10.276+0000] {processor.py:157} INFO - Started process (PID=3486) to work on /home/airflow/.local/lib/python3.7/site-packages/airflow/example_dags/example_skip_dag.py
[2023-06-28T14:46:10.279+0000] {processor.py:826} INFO - Processing file /home/airflow/.local/lib/python3.7/site-packages/airflow/example_dags/example_skip_dag.py for tasks to queue
[2023-06-28T14:46:10.281+0000] {logging_mixin.py:149} INFO - [2023-06-28T14:46:10.280+0000] {dagbag.py:541} INFO - Filling up the DagBag from /home/airflow/.local/lib/python3.7/site-packages/airflow/example_dags/example_skip_dag.py
[2023-06-28T14:46:10.298+0000] {processor.py:836} INFO - DAG(s) dict_keys(['example_skip_dag']) retrieved from /home/airflow/.local/lib/python3.7/site-packages/airflow/example_dags/example_skip_dag.py
[2023-06-28T14:46:10.396+0000] {logging_mixin.py:149} INFO - [2023-06-28T14:46:10.395+0000] {dag.py:2726} INFO - Sync 1 DAGs
[2023-06-28T14:46:10.504+0000] {logging_mixin.py:149} INFO - [2023-06-28T14:46:10.503+0000] {dag.py:3490} INFO - Setting next_dagrun for example_skip_dag to 2023-06-27T14:46:10.503558+00:00, run_after=2023-06-28T14:46:10.503558+00:00
[2023-06-28T14:46:10.572+0000] {processor.py:179} INFO - Processing /home/airflow/.local/lib/python3.7/site-packages/airflow/example_dags/example_skip_dag.py took 0.304 seconds
[2023-06-28T14:46:41.013+0000] {processor.py:157} INFO - Started process (PID=3545) to work on /home/airflow/.local/lib/python3.7/site-packages/airflow/example_dags/example_skip_dag.py
[2023-06-28T14:46:41.019+0000] {processor.py:826} INFO - Processing file /home/airflow/.local/lib/python3.7/site-packages/airflow/example_dags/example_skip_dag.py for tasks to queue
[2023-06-28T14:46:41.023+0000] {logging_mixin.py:149} INFO - [2023-06-28T14:46:41.023+0000] {dagbag.py:541} INFO - Filling up the DagBag from /home/airflow/.local/lib/python3.7/site-packages/airflow/example_dags/example_skip_dag.py
[2023-06-28T14:46:41.046+0000] {processor.py:836} INFO - DAG(s) dict_keys(['example_skip_dag']) retrieved from /home/airflow/.local/lib/python3.7/site-packages/airflow/example_dags/example_skip_dag.py
[2023-06-28T14:46:41.110+0000] {logging_mixin.py:149} INFO - [2023-06-28T14:46:41.110+0000] {dag.py:2726} INFO - Sync 1 DAGs
[2023-06-28T14:46:41.158+0000] {logging_mixin.py:149} INFO - [2023-06-28T14:46:41.158+0000] {dag.py:3490} INFO - Setting next_dagrun for example_skip_dag to 2023-06-27T14:46:41.157665+00:00, run_after=2023-06-28T14:46:41.157665+00:00
[2023-06-28T14:46:41.202+0000] {processor.py:179} INFO - Processing /home/airflow/.local/lib/python3.7/site-packages/airflow/example_dags/example_skip_dag.py took 0.195 seconds
[2023-06-28T14:47:11.811+0000] {processor.py:157} INFO - Started process (PID=3605) to work on /home/airflow/.local/lib/python3.7/site-packages/airflow/example_dags/example_skip_dag.py
[2023-06-28T14:47:11.818+0000] {processor.py:826} INFO - Processing file /home/airflow/.local/lib/python3.7/site-packages/airflow/example_dags/example_skip_dag.py for tasks to queue
[2023-06-28T14:47:11.820+0000] {logging_mixin.py:149} INFO - [2023-06-28T14:47:11.820+0000] {dagbag.py:541} INFO - Filling up the DagBag from /home/airflow/.local/lib/python3.7/site-packages/airflow/example_dags/example_skip_dag.py
[2023-06-28T14:47:11.894+0000] {processor.py:836} INFO - DAG(s) dict_keys(['example_skip_dag']) retrieved from /home/airflow/.local/lib/python3.7/site-packages/airflow/example_dags/example_skip_dag.py
[2023-06-28T14:47:12.020+0000] {logging_mixin.py:149} INFO - [2023-06-28T14:47:12.020+0000] {dag.py:2726} INFO - Sync 1 DAGs
[2023-06-28T14:47:12.189+0000] {logging_mixin.py:149} INFO - [2023-06-28T14:47:12.188+0000] {dag.py:3490} INFO - Setting next_dagrun for example_skip_dag to 2023-06-27T14:47:12.188578+00:00, run_after=2023-06-28T14:47:12.188578+00:00
[2023-06-28T14:47:12.275+0000] {processor.py:179} INFO - Processing /home/airflow/.local/lib/python3.7/site-packages/airflow/example_dags/example_skip_dag.py took 0.472 seconds
[2023-06-28T14:47:42.620+0000] {processor.py:157} INFO - Started process (PID=3664) to work on /home/airflow/.local/lib/python3.7/site-packages/airflow/example_dags/example_skip_dag.py
[2023-06-28T14:47:42.623+0000] {processor.py:826} INFO - Processing file /home/airflow/.local/lib/python3.7/site-packages/airflow/example_dags/example_skip_dag.py for tasks to queue
[2023-06-28T14:47:42.626+0000] {logging_mixin.py:149} INFO - [2023-06-28T14:47:42.626+0000] {dagbag.py:541} INFO - Filling up the DagBag from /home/airflow/.local/lib/python3.7/site-packages/airflow/example_dags/example_skip_dag.py
[2023-06-28T14:47:42.654+0000] {processor.py:836} INFO - DAG(s) dict_keys(['example_skip_dag']) retrieved from /home/airflow/.local/lib/python3.7/site-packages/airflow/example_dags/example_skip_dag.py
[2023-06-28T14:47:42.721+0000] {logging_mixin.py:149} INFO - [2023-06-28T14:47:42.720+0000] {dag.py:2726} INFO - Sync 1 DAGs
[2023-06-28T14:47:42.778+0000] {logging_mixin.py:149} INFO - [2023-06-28T14:47:42.778+0000] {dag.py:3490} INFO - Setting next_dagrun for example_skip_dag to 2023-06-27T14:47:42.777810+00:00, run_after=2023-06-28T14:47:42.777810+00:00
[2023-06-28T14:47:42.819+0000] {processor.py:179} INFO - Processing /home/airflow/.local/lib/python3.7/site-packages/airflow/example_dags/example_skip_dag.py took 0.207 seconds
[2023-06-28T14:48:12.945+0000] {processor.py:157} INFO - Started process (PID=3724) to work on /home/airflow/.local/lib/python3.7/site-packages/airflow/example_dags/example_skip_dag.py
[2023-06-28T14:48:12.947+0000] {processor.py:826} INFO - Processing file /home/airflow/.local/lib/python3.7/site-packages/airflow/example_dags/example_skip_dag.py for tasks to queue
[2023-06-28T14:48:12.948+0000] {logging_mixin.py:149} INFO - [2023-06-28T14:48:12.948+0000] {dagbag.py:541} INFO - Filling up the DagBag from /home/airflow/.local/lib/python3.7/site-packages/airflow/example_dags/example_skip_dag.py
[2023-06-28T14:48:12.960+0000] {processor.py:836} INFO - DAG(s) dict_keys(['example_skip_dag']) retrieved from /home/airflow/.local/lib/python3.7/site-packages/airflow/example_dags/example_skip_dag.py
[2023-06-28T14:48:13.002+0000] {logging_mixin.py:149} INFO - [2023-06-28T14:48:13.001+0000] {dag.py:2726} INFO - Sync 1 DAGs
[2023-06-28T14:48:13.038+0000] {logging_mixin.py:149} INFO - [2023-06-28T14:48:13.038+0000] {dag.py:3490} INFO - Setting next_dagrun for example_skip_dag to 2023-06-27T14:48:13.037875+00:00, run_after=2023-06-28T14:48:13.037875+00:00
[2023-06-28T14:48:13.071+0000] {processor.py:179} INFO - Processing /home/airflow/.local/lib/python3.7/site-packages/airflow/example_dags/example_skip_dag.py took 0.131 seconds
