[2023-06-28T14:16:43.666+0000] {processor.py:157} INFO - Started process (PID=76) to work on /home/airflow/.local/lib/python3.7/site-packages/airflow/example_dags/example_dynamic_task_mapping.py
[2023-06-28T14:16:43.667+0000] {processor.py:826} INFO - Processing file /home/airflow/.local/lib/python3.7/site-packages/airflow/example_dags/example_dynamic_task_mapping.py for tasks to queue
[2023-06-28T14:16:43.668+0000] {logging_mixin.py:149} INFO - [2023-06-28T14:16:43.668+0000] {dagbag.py:541} INFO - Filling up the DagBag from /home/airflow/.local/lib/python3.7/site-packages/airflow/example_dags/example_dynamic_task_mapping.py
[2023-06-28T14:16:43.738+0000] {processor.py:836} INFO - DAG(s) dict_keys(['example_dynamic_task_mapping']) retrieved from /home/airflow/.local/lib/python3.7/site-packages/airflow/example_dags/example_dynamic_task_mapping.py
[2023-06-28T14:16:43.773+0000] {logging_mixin.py:149} INFO - [2023-06-28T14:16:43.773+0000] {dag.py:2726} INFO - Sync 1 DAGs
[2023-06-28T14:16:43.815+0000] {logging_mixin.py:149} INFO - [2023-06-28T14:16:43.815+0000] {dag.py:3490} INFO - Setting next_dagrun for example_dynamic_task_mapping to 2022-03-04T00:00:00+00:00, run_after=2022-03-05T00:00:00+00:00
[2023-06-28T14:16:43.909+0000] {processor.py:179} INFO - Processing /home/airflow/.local/lib/python3.7/site-packages/airflow/example_dags/example_dynamic_task_mapping.py took 0.249 seconds
[2023-06-28T14:17:16.015+0000] {processor.py:157} INFO - Started process (PID=135) to work on /home/airflow/.local/lib/python3.7/site-packages/airflow/example_dags/example_dynamic_task_mapping.py
[2023-06-28T14:17:16.016+0000] {processor.py:826} INFO - Processing file /home/airflow/.local/lib/python3.7/site-packages/airflow/example_dags/example_dynamic_task_mapping.py for tasks to queue
[2023-06-28T14:17:16.018+0000] {logging_mixin.py:149} INFO - [2023-06-28T14:17:16.018+0000] {dagbag.py:541} INFO - Filling up the DagBag from /home/airflow/.local/lib/python3.7/site-packages/airflow/example_dags/example_dynamic_task_mapping.py
[2023-06-28T14:17:16.050+0000] {processor.py:836} INFO - DAG(s) dict_keys(['example_dynamic_task_mapping']) retrieved from /home/airflow/.local/lib/python3.7/site-packages/airflow/example_dags/example_dynamic_task_mapping.py
[2023-06-28T14:17:16.171+0000] {logging_mixin.py:149} INFO - [2023-06-28T14:17:16.171+0000] {dag.py:2726} INFO - Sync 1 DAGs
[2023-06-28T14:17:16.352+0000] {logging_mixin.py:149} INFO - [2023-06-28T14:17:16.351+0000] {dag.py:3490} INFO - Setting next_dagrun for example_dynamic_task_mapping to 2022-03-04T00:00:00+00:00, run_after=2022-03-05T00:00:00+00:00
[2023-06-28T14:17:16.422+0000] {processor.py:179} INFO - Processing /home/airflow/.local/lib/python3.7/site-packages/airflow/example_dags/example_dynamic_task_mapping.py took 0.416 seconds
[2023-06-28T14:17:46.984+0000] {processor.py:157} INFO - Started process (PID=193) to work on /home/airflow/.local/lib/python3.7/site-packages/airflow/example_dags/example_dynamic_task_mapping.py
[2023-06-28T14:17:46.985+0000] {processor.py:826} INFO - Processing file /home/airflow/.local/lib/python3.7/site-packages/airflow/example_dags/example_dynamic_task_mapping.py for tasks to queue
[2023-06-28T14:17:46.987+0000] {logging_mixin.py:149} INFO - [2023-06-28T14:17:46.987+0000] {dagbag.py:541} INFO - Filling up the DagBag from /home/airflow/.local/lib/python3.7/site-packages/airflow/example_dags/example_dynamic_task_mapping.py
[2023-06-28T14:17:47.010+0000] {processor.py:836} INFO - DAG(s) dict_keys(['example_dynamic_task_mapping']) retrieved from /home/airflow/.local/lib/python3.7/site-packages/airflow/example_dags/example_dynamic_task_mapping.py
[2023-06-28T14:17:47.065+0000] {logging_mixin.py:149} INFO - [2023-06-28T14:17:47.065+0000] {dag.py:2726} INFO - Sync 1 DAGs
[2023-06-28T14:17:47.122+0000] {logging_mixin.py:149} INFO - [2023-06-28T14:17:47.122+0000] {dag.py:3490} INFO - Setting next_dagrun for example_dynamic_task_mapping to 2022-03-04T00:00:00+00:00, run_after=2022-03-05T00:00:00+00:00
[2023-06-28T14:17:47.164+0000] {processor.py:179} INFO - Processing /home/airflow/.local/lib/python3.7/site-packages/airflow/example_dags/example_dynamic_task_mapping.py took 0.197 seconds
[2023-06-28T14:18:17.395+0000] {processor.py:157} INFO - Started process (PID=251) to work on /home/airflow/.local/lib/python3.7/site-packages/airflow/example_dags/example_dynamic_task_mapping.py
[2023-06-28T14:18:17.397+0000] {processor.py:826} INFO - Processing file /home/airflow/.local/lib/python3.7/site-packages/airflow/example_dags/example_dynamic_task_mapping.py for tasks to queue
[2023-06-28T14:18:17.399+0000] {logging_mixin.py:149} INFO - [2023-06-28T14:18:17.398+0000] {dagbag.py:541} INFO - Filling up the DagBag from /home/airflow/.local/lib/python3.7/site-packages/airflow/example_dags/example_dynamic_task_mapping.py
[2023-06-28T14:18:17.412+0000] {processor.py:836} INFO - DAG(s) dict_keys(['example_dynamic_task_mapping']) retrieved from /home/airflow/.local/lib/python3.7/site-packages/airflow/example_dags/example_dynamic_task_mapping.py
[2023-06-28T14:18:17.501+0000] {logging_mixin.py:149} INFO - [2023-06-28T14:18:17.501+0000] {dag.py:2726} INFO - Sync 1 DAGs
[2023-06-28T14:18:17.563+0000] {logging_mixin.py:149} INFO - [2023-06-28T14:18:17.563+0000] {dag.py:3490} INFO - Setting next_dagrun for example_dynamic_task_mapping to 2022-03-04T00:00:00+00:00, run_after=2022-03-05T00:00:00+00:00
[2023-06-28T14:18:17.614+0000] {processor.py:179} INFO - Processing /home/airflow/.local/lib/python3.7/site-packages/airflow/example_dags/example_dynamic_task_mapping.py took 0.226 seconds
[2023-06-28T14:18:47.948+0000] {processor.py:157} INFO - Started process (PID=310) to work on /home/airflow/.local/lib/python3.7/site-packages/airflow/example_dags/example_dynamic_task_mapping.py
[2023-06-28T14:18:47.951+0000] {processor.py:826} INFO - Processing file /home/airflow/.local/lib/python3.7/site-packages/airflow/example_dags/example_dynamic_task_mapping.py for tasks to queue
[2023-06-28T14:18:47.953+0000] {logging_mixin.py:149} INFO - [2023-06-28T14:18:47.953+0000] {dagbag.py:541} INFO - Filling up the DagBag from /home/airflow/.local/lib/python3.7/site-packages/airflow/example_dags/example_dynamic_task_mapping.py
[2023-06-28T14:18:47.974+0000] {processor.py:836} INFO - DAG(s) dict_keys(['example_dynamic_task_mapping']) retrieved from /home/airflow/.local/lib/python3.7/site-packages/airflow/example_dags/example_dynamic_task_mapping.py
[2023-06-28T14:18:48.052+0000] {logging_mixin.py:149} INFO - [2023-06-28T14:18:48.051+0000] {dag.py:2726} INFO - Sync 1 DAGs
[2023-06-28T14:18:48.230+0000] {logging_mixin.py:149} INFO - [2023-06-28T14:18:48.230+0000] {dag.py:3490} INFO - Setting next_dagrun for example_dynamic_task_mapping to 2022-03-04T00:00:00+00:00, run_after=2022-03-05T00:00:00+00:00
[2023-06-28T14:18:48.270+0000] {processor.py:179} INFO - Processing /home/airflow/.local/lib/python3.7/site-packages/airflow/example_dags/example_dynamic_task_mapping.py took 0.330 seconds
[2023-06-28T14:19:18.480+0000] {processor.py:157} INFO - Started process (PID=375) to work on /home/airflow/.local/lib/python3.7/site-packages/airflow/example_dags/example_dynamic_task_mapping.py
[2023-06-28T14:19:18.488+0000] {processor.py:826} INFO - Processing file /home/airflow/.local/lib/python3.7/site-packages/airflow/example_dags/example_dynamic_task_mapping.py for tasks to queue
[2023-06-28T14:19:18.498+0000] {logging_mixin.py:149} INFO - [2023-06-28T14:19:18.498+0000] {dagbag.py:541} INFO - Filling up the DagBag from /home/airflow/.local/lib/python3.7/site-packages/airflow/example_dags/example_dynamic_task_mapping.py
[2023-06-28T14:19:18.518+0000] {processor.py:836} INFO - DAG(s) dict_keys(['example_dynamic_task_mapping']) retrieved from /home/airflow/.local/lib/python3.7/site-packages/airflow/example_dags/example_dynamic_task_mapping.py
[2023-06-28T14:19:18.613+0000] {logging_mixin.py:149} INFO - [2023-06-28T14:19:18.613+0000] {dag.py:2726} INFO - Sync 1 DAGs
[2023-06-28T14:19:18.677+0000] {logging_mixin.py:149} INFO - [2023-06-28T14:19:18.677+0000] {dag.py:3490} INFO - Setting next_dagrun for example_dynamic_task_mapping to 2022-03-04T00:00:00+00:00, run_after=2022-03-05T00:00:00+00:00
[2023-06-28T14:19:18.724+0000] {processor.py:179} INFO - Processing /home/airflow/.local/lib/python3.7/site-packages/airflow/example_dags/example_dynamic_task_mapping.py took 0.250 seconds
[2023-06-28T14:19:49.860+0000] {processor.py:157} INFO - Started process (PID=434) to work on /home/airflow/.local/lib/python3.7/site-packages/airflow/example_dags/example_dynamic_task_mapping.py
[2023-06-28T14:19:49.862+0000] {processor.py:826} INFO - Processing file /home/airflow/.local/lib/python3.7/site-packages/airflow/example_dags/example_dynamic_task_mapping.py for tasks to queue
[2023-06-28T14:19:49.864+0000] {logging_mixin.py:149} INFO - [2023-06-28T14:19:49.864+0000] {dagbag.py:541} INFO - Filling up the DagBag from /home/airflow/.local/lib/python3.7/site-packages/airflow/example_dags/example_dynamic_task_mapping.py
[2023-06-28T14:19:49.896+0000] {processor.py:836} INFO - DAG(s) dict_keys(['example_dynamic_task_mapping']) retrieved from /home/airflow/.local/lib/python3.7/site-packages/airflow/example_dags/example_dynamic_task_mapping.py
[2023-06-28T14:19:49.981+0000] {logging_mixin.py:149} INFO - [2023-06-28T14:19:49.980+0000] {dag.py:2726} INFO - Sync 1 DAGs
[2023-06-28T14:19:50.024+0000] {logging_mixin.py:149} INFO - [2023-06-28T14:19:50.024+0000] {dag.py:3490} INFO - Setting next_dagrun for example_dynamic_task_mapping to 2022-03-04T00:00:00+00:00, run_after=2022-03-05T00:00:00+00:00
[2023-06-28T14:19:50.064+0000] {processor.py:179} INFO - Processing /home/airflow/.local/lib/python3.7/site-packages/airflow/example_dags/example_dynamic_task_mapping.py took 0.215 seconds
[2023-06-28T14:20:20.119+0000] {processor.py:157} INFO - Started process (PID=493) to work on /home/airflow/.local/lib/python3.7/site-packages/airflow/example_dags/example_dynamic_task_mapping.py
[2023-06-28T14:20:20.120+0000] {processor.py:826} INFO - Processing file /home/airflow/.local/lib/python3.7/site-packages/airflow/example_dags/example_dynamic_task_mapping.py for tasks to queue
[2023-06-28T14:20:20.122+0000] {logging_mixin.py:149} INFO - [2023-06-28T14:20:20.121+0000] {dagbag.py:541} INFO - Filling up the DagBag from /home/airflow/.local/lib/python3.7/site-packages/airflow/example_dags/example_dynamic_task_mapping.py
[2023-06-28T14:20:20.132+0000] {processor.py:836} INFO - DAG(s) dict_keys(['example_dynamic_task_mapping']) retrieved from /home/airflow/.local/lib/python3.7/site-packages/airflow/example_dags/example_dynamic_task_mapping.py
[2023-06-28T14:20:20.170+0000] {logging_mixin.py:149} INFO - [2023-06-28T14:20:20.170+0000] {dag.py:2726} INFO - Sync 1 DAGs
[2023-06-28T14:20:20.252+0000] {logging_mixin.py:149} INFO - [2023-06-28T14:20:20.251+0000] {dag.py:3490} INFO - Setting next_dagrun for example_dynamic_task_mapping to 2022-03-04T00:00:00+00:00, run_after=2022-03-05T00:00:00+00:00
[2023-06-28T14:20:20.314+0000] {processor.py:179} INFO - Processing /home/airflow/.local/lib/python3.7/site-packages/airflow/example_dags/example_dynamic_task_mapping.py took 0.199 seconds
[2023-06-28T14:20:50.686+0000] {processor.py:157} INFO - Started process (PID=552) to work on /home/airflow/.local/lib/python3.7/site-packages/airflow/example_dags/example_dynamic_task_mapping.py
[2023-06-28T14:20:50.688+0000] {processor.py:826} INFO - Processing file /home/airflow/.local/lib/python3.7/site-packages/airflow/example_dags/example_dynamic_task_mapping.py for tasks to queue
[2023-06-28T14:20:50.689+0000] {logging_mixin.py:149} INFO - [2023-06-28T14:20:50.689+0000] {dagbag.py:541} INFO - Filling up the DagBag from /home/airflow/.local/lib/python3.7/site-packages/airflow/example_dags/example_dynamic_task_mapping.py
[2023-06-28T14:20:50.699+0000] {processor.py:836} INFO - DAG(s) dict_keys(['example_dynamic_task_mapping']) retrieved from /home/airflow/.local/lib/python3.7/site-packages/airflow/example_dags/example_dynamic_task_mapping.py
[2023-06-28T14:20:50.733+0000] {logging_mixin.py:149} INFO - [2023-06-28T14:20:50.733+0000] {dag.py:2726} INFO - Sync 1 DAGs
[2023-06-28T14:20:50.766+0000] {logging_mixin.py:149} INFO - [2023-06-28T14:20:50.766+0000] {dag.py:3490} INFO - Setting next_dagrun for example_dynamic_task_mapping to 2022-03-04T00:00:00+00:00, run_after=2022-03-05T00:00:00+00:00
[2023-06-28T14:20:50.794+0000] {processor.py:179} INFO - Processing /home/airflow/.local/lib/python3.7/site-packages/airflow/example_dags/example_dynamic_task_mapping.py took 0.113 seconds
[2023-06-28T14:21:21.798+0000] {processor.py:157} INFO - Started process (PID=612) to work on /home/airflow/.local/lib/python3.7/site-packages/airflow/example_dags/example_dynamic_task_mapping.py
[2023-06-28T14:21:21.800+0000] {processor.py:826} INFO - Processing file /home/airflow/.local/lib/python3.7/site-packages/airflow/example_dags/example_dynamic_task_mapping.py for tasks to queue
[2023-06-28T14:21:21.801+0000] {logging_mixin.py:149} INFO - [2023-06-28T14:21:21.801+0000] {dagbag.py:541} INFO - Filling up the DagBag from /home/airflow/.local/lib/python3.7/site-packages/airflow/example_dags/example_dynamic_task_mapping.py
[2023-06-28T14:21:21.831+0000] {processor.py:836} INFO - DAG(s) dict_keys(['example_dynamic_task_mapping']) retrieved from /home/airflow/.local/lib/python3.7/site-packages/airflow/example_dags/example_dynamic_task_mapping.py
[2023-06-28T14:21:21.880+0000] {logging_mixin.py:149} INFO - [2023-06-28T14:21:21.879+0000] {dag.py:2726} INFO - Sync 1 DAGs
[2023-06-28T14:21:21.929+0000] {logging_mixin.py:149} INFO - [2023-06-28T14:21:21.929+0000] {dag.py:3490} INFO - Setting next_dagrun for example_dynamic_task_mapping to 2022-03-04T00:00:00+00:00, run_after=2022-03-05T00:00:00+00:00
[2023-06-28T14:21:21.958+0000] {processor.py:179} INFO - Processing /home/airflow/.local/lib/python3.7/site-packages/airflow/example_dags/example_dynamic_task_mapping.py took 0.174 seconds
[2023-06-28T14:21:52.752+0000] {processor.py:157} INFO - Started process (PID=672) to work on /home/airflow/.local/lib/python3.7/site-packages/airflow/example_dags/example_dynamic_task_mapping.py
[2023-06-28T14:21:52.753+0000] {processor.py:826} INFO - Processing file /home/airflow/.local/lib/python3.7/site-packages/airflow/example_dags/example_dynamic_task_mapping.py for tasks to queue
[2023-06-28T14:21:52.754+0000] {logging_mixin.py:149} INFO - [2023-06-28T14:21:52.754+0000] {dagbag.py:541} INFO - Filling up the DagBag from /home/airflow/.local/lib/python3.7/site-packages/airflow/example_dags/example_dynamic_task_mapping.py
[2023-06-28T14:21:52.764+0000] {processor.py:836} INFO - DAG(s) dict_keys(['example_dynamic_task_mapping']) retrieved from /home/airflow/.local/lib/python3.7/site-packages/airflow/example_dags/example_dynamic_task_mapping.py
[2023-06-28T14:21:52.800+0000] {logging_mixin.py:149} INFO - [2023-06-28T14:21:52.800+0000] {dag.py:2726} INFO - Sync 1 DAGs
[2023-06-28T14:21:52.844+0000] {logging_mixin.py:149} INFO - [2023-06-28T14:21:52.844+0000] {dag.py:3490} INFO - Setting next_dagrun for example_dynamic_task_mapping to 2022-03-04T00:00:00+00:00, run_after=2022-03-05T00:00:00+00:00
[2023-06-28T14:21:52.879+0000] {processor.py:179} INFO - Processing /home/airflow/.local/lib/python3.7/site-packages/airflow/example_dags/example_dynamic_task_mapping.py took 0.131 seconds
[2023-06-28T14:22:23.786+0000] {processor.py:157} INFO - Started process (PID=731) to work on /home/airflow/.local/lib/python3.7/site-packages/airflow/example_dags/example_dynamic_task_mapping.py
[2023-06-28T14:22:23.788+0000] {processor.py:826} INFO - Processing file /home/airflow/.local/lib/python3.7/site-packages/airflow/example_dags/example_dynamic_task_mapping.py for tasks to queue
[2023-06-28T14:22:23.789+0000] {logging_mixin.py:149} INFO - [2023-06-28T14:22:23.789+0000] {dagbag.py:541} INFO - Filling up the DagBag from /home/airflow/.local/lib/python3.7/site-packages/airflow/example_dags/example_dynamic_task_mapping.py
[2023-06-28T14:22:23.801+0000] {processor.py:836} INFO - DAG(s) dict_keys(['example_dynamic_task_mapping']) retrieved from /home/airflow/.local/lib/python3.7/site-packages/airflow/example_dags/example_dynamic_task_mapping.py
[2023-06-28T14:22:23.835+0000] {logging_mixin.py:149} INFO - [2023-06-28T14:22:23.835+0000] {dag.py:2726} INFO - Sync 1 DAGs
[2023-06-28T14:22:23.871+0000] {logging_mixin.py:149} INFO - [2023-06-28T14:22:23.871+0000] {dag.py:3490} INFO - Setting next_dagrun for example_dynamic_task_mapping to 2022-03-04T00:00:00+00:00, run_after=2022-03-05T00:00:00+00:00
[2023-06-28T14:22:23.920+0000] {processor.py:179} INFO - Processing /home/airflow/.local/lib/python3.7/site-packages/airflow/example_dags/example_dynamic_task_mapping.py took 0.139 seconds
[2023-06-28T14:22:54.075+0000] {processor.py:157} INFO - Started process (PID=790) to work on /home/airflow/.local/lib/python3.7/site-packages/airflow/example_dags/example_dynamic_task_mapping.py
[2023-06-28T14:22:54.076+0000] {processor.py:826} INFO - Processing file /home/airflow/.local/lib/python3.7/site-packages/airflow/example_dags/example_dynamic_task_mapping.py for tasks to queue
[2023-06-28T14:22:54.078+0000] {logging_mixin.py:149} INFO - [2023-06-28T14:22:54.077+0000] {dagbag.py:541} INFO - Filling up the DagBag from /home/airflow/.local/lib/python3.7/site-packages/airflow/example_dags/example_dynamic_task_mapping.py
[2023-06-28T14:22:54.088+0000] {processor.py:836} INFO - DAG(s) dict_keys(['example_dynamic_task_mapping']) retrieved from /home/airflow/.local/lib/python3.7/site-packages/airflow/example_dags/example_dynamic_task_mapping.py
[2023-06-28T14:22:54.129+0000] {logging_mixin.py:149} INFO - [2023-06-28T14:22:54.129+0000] {dag.py:2726} INFO - Sync 1 DAGs
[2023-06-28T14:22:54.176+0000] {logging_mixin.py:149} INFO - [2023-06-28T14:22:54.176+0000] {dag.py:3490} INFO - Setting next_dagrun for example_dynamic_task_mapping to 2022-03-04T00:00:00+00:00, run_after=2022-03-05T00:00:00+00:00
[2023-06-28T14:22:54.233+0000] {processor.py:179} INFO - Processing /home/airflow/.local/lib/python3.7/site-packages/airflow/example_dags/example_dynamic_task_mapping.py took 0.164 seconds
[2023-06-28T14:23:24.442+0000] {processor.py:157} INFO - Started process (PID=850) to work on /home/airflow/.local/lib/python3.7/site-packages/airflow/example_dags/example_dynamic_task_mapping.py
[2023-06-28T14:23:24.443+0000] {processor.py:826} INFO - Processing file /home/airflow/.local/lib/python3.7/site-packages/airflow/example_dags/example_dynamic_task_mapping.py for tasks to queue
[2023-06-28T14:23:24.445+0000] {logging_mixin.py:149} INFO - [2023-06-28T14:23:24.444+0000] {dagbag.py:541} INFO - Filling up the DagBag from /home/airflow/.local/lib/python3.7/site-packages/airflow/example_dags/example_dynamic_task_mapping.py
[2023-06-28T14:23:24.454+0000] {processor.py:836} INFO - DAG(s) dict_keys(['example_dynamic_task_mapping']) retrieved from /home/airflow/.local/lib/python3.7/site-packages/airflow/example_dags/example_dynamic_task_mapping.py
[2023-06-28T14:23:24.493+0000] {logging_mixin.py:149} INFO - [2023-06-28T14:23:24.492+0000] {dag.py:2726} INFO - Sync 1 DAGs
[2023-06-28T14:23:24.527+0000] {logging_mixin.py:149} INFO - [2023-06-28T14:23:24.527+0000] {dag.py:3490} INFO - Setting next_dagrun for example_dynamic_task_mapping to 2022-03-04T00:00:00+00:00, run_after=2022-03-05T00:00:00+00:00
[2023-06-28T14:23:24.574+0000] {processor.py:179} INFO - Processing /home/airflow/.local/lib/python3.7/site-packages/airflow/example_dags/example_dynamic_task_mapping.py took 0.137 seconds
[2023-06-28T14:23:54.955+0000] {processor.py:157} INFO - Started process (PID=909) to work on /home/airflow/.local/lib/python3.7/site-packages/airflow/example_dags/example_dynamic_task_mapping.py
[2023-06-28T14:23:54.957+0000] {processor.py:826} INFO - Processing file /home/airflow/.local/lib/python3.7/site-packages/airflow/example_dags/example_dynamic_task_mapping.py for tasks to queue
[2023-06-28T14:23:54.958+0000] {logging_mixin.py:149} INFO - [2023-06-28T14:23:54.958+0000] {dagbag.py:541} INFO - Filling up the DagBag from /home/airflow/.local/lib/python3.7/site-packages/airflow/example_dags/example_dynamic_task_mapping.py
[2023-06-28T14:23:54.968+0000] {processor.py:836} INFO - DAG(s) dict_keys(['example_dynamic_task_mapping']) retrieved from /home/airflow/.local/lib/python3.7/site-packages/airflow/example_dags/example_dynamic_task_mapping.py
[2023-06-28T14:23:55.004+0000] {logging_mixin.py:149} INFO - [2023-06-28T14:23:55.003+0000] {dag.py:2726} INFO - Sync 1 DAGs
[2023-06-28T14:23:55.041+0000] {logging_mixin.py:149} INFO - [2023-06-28T14:23:55.041+0000] {dag.py:3490} INFO - Setting next_dagrun for example_dynamic_task_mapping to 2022-03-04T00:00:00+00:00, run_after=2022-03-05T00:00:00+00:00
[2023-06-28T14:23:55.074+0000] {processor.py:179} INFO - Processing /home/airflow/.local/lib/python3.7/site-packages/airflow/example_dags/example_dynamic_task_mapping.py took 0.124 seconds
[2023-06-28T14:24:25.920+0000] {processor.py:157} INFO - Started process (PID=967) to work on /home/airflow/.local/lib/python3.7/site-packages/airflow/example_dags/example_dynamic_task_mapping.py
[2023-06-28T14:24:25.922+0000] {processor.py:826} INFO - Processing file /home/airflow/.local/lib/python3.7/site-packages/airflow/example_dags/example_dynamic_task_mapping.py for tasks to queue
[2023-06-28T14:24:25.923+0000] {logging_mixin.py:149} INFO - [2023-06-28T14:24:25.923+0000] {dagbag.py:541} INFO - Filling up the DagBag from /home/airflow/.local/lib/python3.7/site-packages/airflow/example_dags/example_dynamic_task_mapping.py
[2023-06-28T14:24:25.936+0000] {processor.py:836} INFO - DAG(s) dict_keys(['example_dynamic_task_mapping']) retrieved from /home/airflow/.local/lib/python3.7/site-packages/airflow/example_dags/example_dynamic_task_mapping.py
[2023-06-28T14:24:25.975+0000] {logging_mixin.py:149} INFO - [2023-06-28T14:24:25.975+0000] {dag.py:2726} INFO - Sync 1 DAGs
[2023-06-28T14:24:26.019+0000] {logging_mixin.py:149} INFO - [2023-06-28T14:24:26.019+0000] {dag.py:3490} INFO - Setting next_dagrun for example_dynamic_task_mapping to 2022-03-04T00:00:00+00:00, run_after=2022-03-05T00:00:00+00:00
[2023-06-28T14:24:26.068+0000] {processor.py:179} INFO - Processing /home/airflow/.local/lib/python3.7/site-packages/airflow/example_dags/example_dynamic_task_mapping.py took 0.154 seconds
[2023-06-28T14:24:56.307+0000] {processor.py:157} INFO - Started process (PID=1027) to work on /home/airflow/.local/lib/python3.7/site-packages/airflow/example_dags/example_dynamic_task_mapping.py
[2023-06-28T14:24:56.308+0000] {processor.py:826} INFO - Processing file /home/airflow/.local/lib/python3.7/site-packages/airflow/example_dags/example_dynamic_task_mapping.py for tasks to queue
[2023-06-28T14:24:56.310+0000] {logging_mixin.py:149} INFO - [2023-06-28T14:24:56.309+0000] {dagbag.py:541} INFO - Filling up the DagBag from /home/airflow/.local/lib/python3.7/site-packages/airflow/example_dags/example_dynamic_task_mapping.py
[2023-06-28T14:24:56.319+0000] {processor.py:836} INFO - DAG(s) dict_keys(['example_dynamic_task_mapping']) retrieved from /home/airflow/.local/lib/python3.7/site-packages/airflow/example_dags/example_dynamic_task_mapping.py
[2023-06-28T14:24:56.351+0000] {logging_mixin.py:149} INFO - [2023-06-28T14:24:56.350+0000] {dag.py:2726} INFO - Sync 1 DAGs
[2023-06-28T14:24:56.395+0000] {logging_mixin.py:149} INFO - [2023-06-28T14:24:56.395+0000] {dag.py:3490} INFO - Setting next_dagrun for example_dynamic_task_mapping to 2022-03-04T00:00:00+00:00, run_after=2022-03-05T00:00:00+00:00
[2023-06-28T14:24:56.432+0000] {processor.py:179} INFO - Processing /home/airflow/.local/lib/python3.7/site-packages/airflow/example_dags/example_dynamic_task_mapping.py took 0.129 seconds
[2023-06-28T14:25:26.901+0000] {processor.py:157} INFO - Started process (PID=1085) to work on /home/airflow/.local/lib/python3.7/site-packages/airflow/example_dags/example_dynamic_task_mapping.py
[2023-06-28T14:25:26.902+0000] {processor.py:826} INFO - Processing file /home/airflow/.local/lib/python3.7/site-packages/airflow/example_dags/example_dynamic_task_mapping.py for tasks to queue
[2023-06-28T14:25:26.903+0000] {logging_mixin.py:149} INFO - [2023-06-28T14:25:26.903+0000] {dagbag.py:541} INFO - Filling up the DagBag from /home/airflow/.local/lib/python3.7/site-packages/airflow/example_dags/example_dynamic_task_mapping.py
[2023-06-28T14:25:26.913+0000] {processor.py:836} INFO - DAG(s) dict_keys(['example_dynamic_task_mapping']) retrieved from /home/airflow/.local/lib/python3.7/site-packages/airflow/example_dags/example_dynamic_task_mapping.py
[2023-06-28T14:25:26.946+0000] {logging_mixin.py:149} INFO - [2023-06-28T14:25:26.946+0000] {dag.py:2726} INFO - Sync 1 DAGs
[2023-06-28T14:25:26.992+0000] {logging_mixin.py:149} INFO - [2023-06-28T14:25:26.992+0000] {dag.py:3490} INFO - Setting next_dagrun for example_dynamic_task_mapping to 2022-03-04T00:00:00+00:00, run_after=2022-03-05T00:00:00+00:00
[2023-06-28T14:25:27.023+0000] {processor.py:179} INFO - Processing /home/airflow/.local/lib/python3.7/site-packages/airflow/example_dags/example_dynamic_task_mapping.py took 0.126 seconds
[2023-06-28T14:25:57.561+0000] {processor.py:157} INFO - Started process (PID=1144) to work on /home/airflow/.local/lib/python3.7/site-packages/airflow/example_dags/example_dynamic_task_mapping.py
[2023-06-28T14:25:57.562+0000] {processor.py:826} INFO - Processing file /home/airflow/.local/lib/python3.7/site-packages/airflow/example_dags/example_dynamic_task_mapping.py for tasks to queue
[2023-06-28T14:25:57.564+0000] {logging_mixin.py:149} INFO - [2023-06-28T14:25:57.563+0000] {dagbag.py:541} INFO - Filling up the DagBag from /home/airflow/.local/lib/python3.7/site-packages/airflow/example_dags/example_dynamic_task_mapping.py
[2023-06-28T14:25:57.577+0000] {processor.py:836} INFO - DAG(s) dict_keys(['example_dynamic_task_mapping']) retrieved from /home/airflow/.local/lib/python3.7/site-packages/airflow/example_dags/example_dynamic_task_mapping.py
[2023-06-28T14:25:57.693+0000] {logging_mixin.py:149} INFO - [2023-06-28T14:25:57.693+0000] {dag.py:2726} INFO - Sync 1 DAGs
[2023-06-28T14:25:57.786+0000] {logging_mixin.py:149} INFO - [2023-06-28T14:25:57.786+0000] {dag.py:3490} INFO - Setting next_dagrun for example_dynamic_task_mapping to 2022-03-04T00:00:00+00:00, run_after=2022-03-05T00:00:00+00:00
[2023-06-28T14:25:57.844+0000] {processor.py:179} INFO - Processing /home/airflow/.local/lib/python3.7/site-packages/airflow/example_dags/example_dynamic_task_mapping.py took 0.290 seconds
[2023-06-28T14:26:28.569+0000] {processor.py:157} INFO - Started process (PID=1204) to work on /home/airflow/.local/lib/python3.7/site-packages/airflow/example_dags/example_dynamic_task_mapping.py
[2023-06-28T14:26:28.570+0000] {processor.py:826} INFO - Processing file /home/airflow/.local/lib/python3.7/site-packages/airflow/example_dags/example_dynamic_task_mapping.py for tasks to queue
[2023-06-28T14:26:28.572+0000] {logging_mixin.py:149} INFO - [2023-06-28T14:26:28.572+0000] {dagbag.py:541} INFO - Filling up the DagBag from /home/airflow/.local/lib/python3.7/site-packages/airflow/example_dags/example_dynamic_task_mapping.py
[2023-06-28T14:26:28.584+0000] {processor.py:836} INFO - DAG(s) dict_keys(['example_dynamic_task_mapping']) retrieved from /home/airflow/.local/lib/python3.7/site-packages/airflow/example_dags/example_dynamic_task_mapping.py
[2023-06-28T14:26:28.622+0000] {logging_mixin.py:149} INFO - [2023-06-28T14:26:28.621+0000] {dag.py:2726} INFO - Sync 1 DAGs
[2023-06-28T14:26:28.660+0000] {logging_mixin.py:149} INFO - [2023-06-28T14:26:28.659+0000] {dag.py:3490} INFO - Setting next_dagrun for example_dynamic_task_mapping to 2022-03-04T00:00:00+00:00, run_after=2022-03-05T00:00:00+00:00
[2023-06-28T14:26:28.695+0000] {processor.py:179} INFO - Processing /home/airflow/.local/lib/python3.7/site-packages/airflow/example_dags/example_dynamic_task_mapping.py took 0.133 seconds
[2023-06-28T14:26:58.794+0000] {processor.py:157} INFO - Started process (PID=1263) to work on /home/airflow/.local/lib/python3.7/site-packages/airflow/example_dags/example_dynamic_task_mapping.py
[2023-06-28T14:26:58.796+0000] {processor.py:826} INFO - Processing file /home/airflow/.local/lib/python3.7/site-packages/airflow/example_dags/example_dynamic_task_mapping.py for tasks to queue
[2023-06-28T14:26:58.798+0000] {logging_mixin.py:149} INFO - [2023-06-28T14:26:58.797+0000] {dagbag.py:541} INFO - Filling up the DagBag from /home/airflow/.local/lib/python3.7/site-packages/airflow/example_dags/example_dynamic_task_mapping.py
[2023-06-28T14:26:58.808+0000] {processor.py:836} INFO - DAG(s) dict_keys(['example_dynamic_task_mapping']) retrieved from /home/airflow/.local/lib/python3.7/site-packages/airflow/example_dags/example_dynamic_task_mapping.py
[2023-06-28T14:26:58.845+0000] {logging_mixin.py:149} INFO - [2023-06-28T14:26:58.845+0000] {dag.py:2726} INFO - Sync 1 DAGs
[2023-06-28T14:26:58.897+0000] {logging_mixin.py:149} INFO - [2023-06-28T14:26:58.897+0000] {dag.py:3490} INFO - Setting next_dagrun for example_dynamic_task_mapping to 2022-03-04T00:00:00+00:00, run_after=2022-03-05T00:00:00+00:00
[2023-06-28T14:26:58.929+0000] {processor.py:179} INFO - Processing /home/airflow/.local/lib/python3.7/site-packages/airflow/example_dags/example_dynamic_task_mapping.py took 0.140 seconds
[2023-06-28T14:27:29.261+0000] {processor.py:157} INFO - Started process (PID=1322) to work on /home/airflow/.local/lib/python3.7/site-packages/airflow/example_dags/example_dynamic_task_mapping.py
[2023-06-28T14:27:29.262+0000] {processor.py:826} INFO - Processing file /home/airflow/.local/lib/python3.7/site-packages/airflow/example_dags/example_dynamic_task_mapping.py for tasks to queue
[2023-06-28T14:27:29.263+0000] {logging_mixin.py:149} INFO - [2023-06-28T14:27:29.263+0000] {dagbag.py:541} INFO - Filling up the DagBag from /home/airflow/.local/lib/python3.7/site-packages/airflow/example_dags/example_dynamic_task_mapping.py
[2023-06-28T14:27:29.271+0000] {processor.py:836} INFO - DAG(s) dict_keys(['example_dynamic_task_mapping']) retrieved from /home/airflow/.local/lib/python3.7/site-packages/airflow/example_dags/example_dynamic_task_mapping.py
[2023-06-28T14:27:29.301+0000] {logging_mixin.py:149} INFO - [2023-06-28T14:27:29.301+0000] {dag.py:2726} INFO - Sync 1 DAGs
[2023-06-28T14:27:29.339+0000] {logging_mixin.py:149} INFO - [2023-06-28T14:27:29.338+0000] {dag.py:3490} INFO - Setting next_dagrun for example_dynamic_task_mapping to 2022-03-04T00:00:00+00:00, run_after=2022-03-05T00:00:00+00:00
[2023-06-28T14:27:29.368+0000] {processor.py:179} INFO - Processing /home/airflow/.local/lib/python3.7/site-packages/airflow/example_dags/example_dynamic_task_mapping.py took 0.111 seconds
[2023-06-28T14:27:59.740+0000] {processor.py:157} INFO - Started process (PID=1382) to work on /home/airflow/.local/lib/python3.7/site-packages/airflow/example_dags/example_dynamic_task_mapping.py
[2023-06-28T14:27:59.741+0000] {processor.py:826} INFO - Processing file /home/airflow/.local/lib/python3.7/site-packages/airflow/example_dags/example_dynamic_task_mapping.py for tasks to queue
[2023-06-28T14:27:59.743+0000] {logging_mixin.py:149} INFO - [2023-06-28T14:27:59.743+0000] {dagbag.py:541} INFO - Filling up the DagBag from /home/airflow/.local/lib/python3.7/site-packages/airflow/example_dags/example_dynamic_task_mapping.py
[2023-06-28T14:27:59.753+0000] {processor.py:836} INFO - DAG(s) dict_keys(['example_dynamic_task_mapping']) retrieved from /home/airflow/.local/lib/python3.7/site-packages/airflow/example_dags/example_dynamic_task_mapping.py
[2023-06-28T14:27:59.794+0000] {logging_mixin.py:149} INFO - [2023-06-28T14:27:59.793+0000] {dag.py:2726} INFO - Sync 1 DAGs
[2023-06-28T14:27:59.854+0000] {logging_mixin.py:149} INFO - [2023-06-28T14:27:59.854+0000] {dag.py:3490} INFO - Setting next_dagrun for example_dynamic_task_mapping to 2022-03-04T00:00:00+00:00, run_after=2022-03-05T00:00:00+00:00
[2023-06-28T14:27:59.902+0000] {processor.py:179} INFO - Processing /home/airflow/.local/lib/python3.7/site-packages/airflow/example_dags/example_dynamic_task_mapping.py took 0.167 seconds
[2023-06-28T14:28:30.056+0000] {processor.py:157} INFO - Started process (PID=1440) to work on /home/airflow/.local/lib/python3.7/site-packages/airflow/example_dags/example_dynamic_task_mapping.py
[2023-06-28T14:28:30.057+0000] {processor.py:826} INFO - Processing file /home/airflow/.local/lib/python3.7/site-packages/airflow/example_dags/example_dynamic_task_mapping.py for tasks to queue
[2023-06-28T14:28:30.058+0000] {logging_mixin.py:149} INFO - [2023-06-28T14:28:30.058+0000] {dagbag.py:541} INFO - Filling up the DagBag from /home/airflow/.local/lib/python3.7/site-packages/airflow/example_dags/example_dynamic_task_mapping.py
[2023-06-28T14:28:30.067+0000] {processor.py:836} INFO - DAG(s) dict_keys(['example_dynamic_task_mapping']) retrieved from /home/airflow/.local/lib/python3.7/site-packages/airflow/example_dags/example_dynamic_task_mapping.py
[2023-06-28T14:28:30.104+0000] {logging_mixin.py:149} INFO - [2023-06-28T14:28:30.104+0000] {dag.py:2726} INFO - Sync 1 DAGs
[2023-06-28T14:28:30.141+0000] {logging_mixin.py:149} INFO - [2023-06-28T14:28:30.141+0000] {dag.py:3490} INFO - Setting next_dagrun for example_dynamic_task_mapping to 2022-03-04T00:00:00+00:00, run_after=2022-03-05T00:00:00+00:00
[2023-06-28T14:28:30.175+0000] {processor.py:179} INFO - Processing /home/airflow/.local/lib/python3.7/site-packages/airflow/example_dags/example_dynamic_task_mapping.py took 0.124 seconds
[2023-06-28T14:29:00.968+0000] {processor.py:157} INFO - Started process (PID=1500) to work on /home/airflow/.local/lib/python3.7/site-packages/airflow/example_dags/example_dynamic_task_mapping.py
[2023-06-28T14:29:00.970+0000] {processor.py:826} INFO - Processing file /home/airflow/.local/lib/python3.7/site-packages/airflow/example_dags/example_dynamic_task_mapping.py for tasks to queue
[2023-06-28T14:29:00.972+0000] {logging_mixin.py:149} INFO - [2023-06-28T14:29:00.971+0000] {dagbag.py:541} INFO - Filling up the DagBag from /home/airflow/.local/lib/python3.7/site-packages/airflow/example_dags/example_dynamic_task_mapping.py
[2023-06-28T14:29:00.982+0000] {processor.py:836} INFO - DAG(s) dict_keys(['example_dynamic_task_mapping']) retrieved from /home/airflow/.local/lib/python3.7/site-packages/airflow/example_dags/example_dynamic_task_mapping.py
[2023-06-28T14:29:01.053+0000] {logging_mixin.py:149} INFO - [2023-06-28T14:29:01.052+0000] {dag.py:2726} INFO - Sync 1 DAGs
[2023-06-28T14:29:01.131+0000] {logging_mixin.py:149} INFO - [2023-06-28T14:29:01.131+0000] {dag.py:3490} INFO - Setting next_dagrun for example_dynamic_task_mapping to 2022-03-04T00:00:00+00:00, run_after=2022-03-05T00:00:00+00:00
[2023-06-28T14:29:01.175+0000] {processor.py:179} INFO - Processing /home/airflow/.local/lib/python3.7/site-packages/airflow/example_dags/example_dynamic_task_mapping.py took 0.212 seconds
[2023-06-28T14:29:31.244+0000] {processor.py:157} INFO - Started process (PID=1560) to work on /home/airflow/.local/lib/python3.7/site-packages/airflow/example_dags/example_dynamic_task_mapping.py
[2023-06-28T14:29:31.246+0000] {processor.py:826} INFO - Processing file /home/airflow/.local/lib/python3.7/site-packages/airflow/example_dags/example_dynamic_task_mapping.py for tasks to queue
[2023-06-28T14:29:31.247+0000] {logging_mixin.py:149} INFO - [2023-06-28T14:29:31.247+0000] {dagbag.py:541} INFO - Filling up the DagBag from /home/airflow/.local/lib/python3.7/site-packages/airflow/example_dags/example_dynamic_task_mapping.py
[2023-06-28T14:29:31.259+0000] {processor.py:836} INFO - DAG(s) dict_keys(['example_dynamic_task_mapping']) retrieved from /home/airflow/.local/lib/python3.7/site-packages/airflow/example_dags/example_dynamic_task_mapping.py
[2023-06-28T14:29:31.303+0000] {logging_mixin.py:149} INFO - [2023-06-28T14:29:31.303+0000] {dag.py:2726} INFO - Sync 1 DAGs
[2023-06-28T14:29:31.340+0000] {logging_mixin.py:149} INFO - [2023-06-28T14:29:31.340+0000] {dag.py:3490} INFO - Setting next_dagrun for example_dynamic_task_mapping to 2022-03-04T00:00:00+00:00, run_after=2022-03-05T00:00:00+00:00
[2023-06-28T14:29:31.375+0000] {processor.py:179} INFO - Processing /home/airflow/.local/lib/python3.7/site-packages/airflow/example_dags/example_dynamic_task_mapping.py took 0.136 seconds
[2023-06-28T14:30:01.998+0000] {processor.py:157} INFO - Started process (PID=1619) to work on /home/airflow/.local/lib/python3.7/site-packages/airflow/example_dags/example_dynamic_task_mapping.py
[2023-06-28T14:30:02.000+0000] {processor.py:826} INFO - Processing file /home/airflow/.local/lib/python3.7/site-packages/airflow/example_dags/example_dynamic_task_mapping.py for tasks to queue
[2023-06-28T14:30:02.001+0000] {logging_mixin.py:149} INFO - [2023-06-28T14:30:02.001+0000] {dagbag.py:541} INFO - Filling up the DagBag from /home/airflow/.local/lib/python3.7/site-packages/airflow/example_dags/example_dynamic_task_mapping.py
[2023-06-28T14:30:02.022+0000] {processor.py:836} INFO - DAG(s) dict_keys(['example_dynamic_task_mapping']) retrieved from /home/airflow/.local/lib/python3.7/site-packages/airflow/example_dags/example_dynamic_task_mapping.py
[2023-06-28T14:30:02.062+0000] {logging_mixin.py:149} INFO - [2023-06-28T14:30:02.062+0000] {dag.py:2726} INFO - Sync 1 DAGs
[2023-06-28T14:30:02.100+0000] {logging_mixin.py:149} INFO - [2023-06-28T14:30:02.100+0000] {dag.py:3490} INFO - Setting next_dagrun for example_dynamic_task_mapping to 2022-03-04T00:00:00+00:00, run_after=2022-03-05T00:00:00+00:00
[2023-06-28T14:30:02.131+0000] {processor.py:179} INFO - Processing /home/airflow/.local/lib/python3.7/site-packages/airflow/example_dags/example_dynamic_task_mapping.py took 0.150 seconds
[2023-06-28T14:30:32.447+0000] {processor.py:157} INFO - Started process (PID=1678) to work on /home/airflow/.local/lib/python3.7/site-packages/airflow/example_dags/example_dynamic_task_mapping.py
[2023-06-28T14:30:32.450+0000] {processor.py:826} INFO - Processing file /home/airflow/.local/lib/python3.7/site-packages/airflow/example_dags/example_dynamic_task_mapping.py for tasks to queue
[2023-06-28T14:30:32.453+0000] {logging_mixin.py:149} INFO - [2023-06-28T14:30:32.452+0000] {dagbag.py:541} INFO - Filling up the DagBag from /home/airflow/.local/lib/python3.7/site-packages/airflow/example_dags/example_dynamic_task_mapping.py
[2023-06-28T14:30:32.465+0000] {processor.py:836} INFO - DAG(s) dict_keys(['example_dynamic_task_mapping']) retrieved from /home/airflow/.local/lib/python3.7/site-packages/airflow/example_dags/example_dynamic_task_mapping.py
[2023-06-28T14:30:32.533+0000] {logging_mixin.py:149} INFO - [2023-06-28T14:30:32.532+0000] {dag.py:2726} INFO - Sync 1 DAGs
[2023-06-28T14:30:32.595+0000] {logging_mixin.py:149} INFO - [2023-06-28T14:30:32.595+0000] {dag.py:3490} INFO - Setting next_dagrun for example_dynamic_task_mapping to 2022-03-04T00:00:00+00:00, run_after=2022-03-05T00:00:00+00:00
[2023-06-28T14:30:32.628+0000] {processor.py:179} INFO - Processing /home/airflow/.local/lib/python3.7/site-packages/airflow/example_dags/example_dynamic_task_mapping.py took 0.187 seconds
[2023-06-28T14:31:03.021+0000] {processor.py:157} INFO - Started process (PID=1737) to work on /home/airflow/.local/lib/python3.7/site-packages/airflow/example_dags/example_dynamic_task_mapping.py
[2023-06-28T14:31:03.022+0000] {processor.py:826} INFO - Processing file /home/airflow/.local/lib/python3.7/site-packages/airflow/example_dags/example_dynamic_task_mapping.py for tasks to queue
[2023-06-28T14:31:03.023+0000] {logging_mixin.py:149} INFO - [2023-06-28T14:31:03.023+0000] {dagbag.py:541} INFO - Filling up the DagBag from /home/airflow/.local/lib/python3.7/site-packages/airflow/example_dags/example_dynamic_task_mapping.py
[2023-06-28T14:31:03.032+0000] {processor.py:836} INFO - DAG(s) dict_keys(['example_dynamic_task_mapping']) retrieved from /home/airflow/.local/lib/python3.7/site-packages/airflow/example_dags/example_dynamic_task_mapping.py
[2023-06-28T14:31:03.062+0000] {logging_mixin.py:149} INFO - [2023-06-28T14:31:03.062+0000] {dag.py:2726} INFO - Sync 1 DAGs
[2023-06-28T14:31:03.096+0000] {logging_mixin.py:149} INFO - [2023-06-28T14:31:03.096+0000] {dag.py:3490} INFO - Setting next_dagrun for example_dynamic_task_mapping to 2022-03-04T00:00:00+00:00, run_after=2022-03-05T00:00:00+00:00
[2023-06-28T14:31:03.134+0000] {processor.py:179} INFO - Processing /home/airflow/.local/lib/python3.7/site-packages/airflow/example_dags/example_dynamic_task_mapping.py took 0.117 seconds
[2023-06-28T14:31:33.606+0000] {processor.py:157} INFO - Started process (PID=1797) to work on /home/airflow/.local/lib/python3.7/site-packages/airflow/example_dags/example_dynamic_task_mapping.py
[2023-06-28T14:31:33.608+0000] {processor.py:826} INFO - Processing file /home/airflow/.local/lib/python3.7/site-packages/airflow/example_dags/example_dynamic_task_mapping.py for tasks to queue
[2023-06-28T14:31:33.609+0000] {logging_mixin.py:149} INFO - [2023-06-28T14:31:33.609+0000] {dagbag.py:541} INFO - Filling up the DagBag from /home/airflow/.local/lib/python3.7/site-packages/airflow/example_dags/example_dynamic_task_mapping.py
[2023-06-28T14:31:33.618+0000] {processor.py:836} INFO - DAG(s) dict_keys(['example_dynamic_task_mapping']) retrieved from /home/airflow/.local/lib/python3.7/site-packages/airflow/example_dags/example_dynamic_task_mapping.py
[2023-06-28T14:31:33.652+0000] {logging_mixin.py:149} INFO - [2023-06-28T14:31:33.652+0000] {dag.py:2726} INFO - Sync 1 DAGs
[2023-06-28T14:31:33.687+0000] {logging_mixin.py:149} INFO - [2023-06-28T14:31:33.687+0000] {dag.py:3490} INFO - Setting next_dagrun for example_dynamic_task_mapping to 2022-03-04T00:00:00+00:00, run_after=2022-03-05T00:00:00+00:00
[2023-06-28T14:31:33.722+0000] {processor.py:179} INFO - Processing /home/airflow/.local/lib/python3.7/site-packages/airflow/example_dags/example_dynamic_task_mapping.py took 0.120 seconds
[2023-06-28T14:32:03.787+0000] {processor.py:157} INFO - Started process (PID=1856) to work on /home/airflow/.local/lib/python3.7/site-packages/airflow/example_dags/example_dynamic_task_mapping.py
[2023-06-28T14:32:03.789+0000] {processor.py:826} INFO - Processing file /home/airflow/.local/lib/python3.7/site-packages/airflow/example_dags/example_dynamic_task_mapping.py for tasks to queue
[2023-06-28T14:32:03.790+0000] {logging_mixin.py:149} INFO - [2023-06-28T14:32:03.790+0000] {dagbag.py:541} INFO - Filling up the DagBag from /home/airflow/.local/lib/python3.7/site-packages/airflow/example_dags/example_dynamic_task_mapping.py
[2023-06-28T14:32:03.801+0000] {processor.py:836} INFO - DAG(s) dict_keys(['example_dynamic_task_mapping']) retrieved from /home/airflow/.local/lib/python3.7/site-packages/airflow/example_dags/example_dynamic_task_mapping.py
[2023-06-28T14:32:03.836+0000] {logging_mixin.py:149} INFO - [2023-06-28T14:32:03.836+0000] {dag.py:2726} INFO - Sync 1 DAGs
[2023-06-28T14:32:03.873+0000] {logging_mixin.py:149} INFO - [2023-06-28T14:32:03.873+0000] {dag.py:3490} INFO - Setting next_dagrun for example_dynamic_task_mapping to 2022-03-04T00:00:00+00:00, run_after=2022-03-05T00:00:00+00:00
[2023-06-28T14:32:03.913+0000] {processor.py:179} INFO - Processing /home/airflow/.local/lib/python3.7/site-packages/airflow/example_dags/example_dynamic_task_mapping.py took 0.131 seconds
[2023-06-28T14:32:34.165+0000] {processor.py:157} INFO - Started process (PID=1914) to work on /home/airflow/.local/lib/python3.7/site-packages/airflow/example_dags/example_dynamic_task_mapping.py
[2023-06-28T14:32:34.166+0000] {processor.py:826} INFO - Processing file /home/airflow/.local/lib/python3.7/site-packages/airflow/example_dags/example_dynamic_task_mapping.py for tasks to queue
[2023-06-28T14:32:34.167+0000] {logging_mixin.py:149} INFO - [2023-06-28T14:32:34.167+0000] {dagbag.py:541} INFO - Filling up the DagBag from /home/airflow/.local/lib/python3.7/site-packages/airflow/example_dags/example_dynamic_task_mapping.py
[2023-06-28T14:32:34.175+0000] {processor.py:836} INFO - DAG(s) dict_keys(['example_dynamic_task_mapping']) retrieved from /home/airflow/.local/lib/python3.7/site-packages/airflow/example_dags/example_dynamic_task_mapping.py
[2023-06-28T14:32:34.204+0000] {logging_mixin.py:149} INFO - [2023-06-28T14:32:34.204+0000] {dag.py:2726} INFO - Sync 1 DAGs
[2023-06-28T14:32:34.237+0000] {logging_mixin.py:149} INFO - [2023-06-28T14:32:34.237+0000] {dag.py:3490} INFO - Setting next_dagrun for example_dynamic_task_mapping to 2022-03-04T00:00:00+00:00, run_after=2022-03-05T00:00:00+00:00
[2023-06-28T14:32:34.274+0000] {processor.py:179} INFO - Processing /home/airflow/.local/lib/python3.7/site-packages/airflow/example_dags/example_dynamic_task_mapping.py took 0.113 seconds
[2023-06-28T14:33:04.512+0000] {processor.py:157} INFO - Started process (PID=1972) to work on /home/airflow/.local/lib/python3.7/site-packages/airflow/example_dags/example_dynamic_task_mapping.py
[2023-06-28T14:33:04.514+0000] {processor.py:826} INFO - Processing file /home/airflow/.local/lib/python3.7/site-packages/airflow/example_dags/example_dynamic_task_mapping.py for tasks to queue
[2023-06-28T14:33:04.516+0000] {logging_mixin.py:149} INFO - [2023-06-28T14:33:04.515+0000] {dagbag.py:541} INFO - Filling up the DagBag from /home/airflow/.local/lib/python3.7/site-packages/airflow/example_dags/example_dynamic_task_mapping.py
[2023-06-28T14:33:04.525+0000] {processor.py:836} INFO - DAG(s) dict_keys(['example_dynamic_task_mapping']) retrieved from /home/airflow/.local/lib/python3.7/site-packages/airflow/example_dags/example_dynamic_task_mapping.py
[2023-06-28T14:33:04.558+0000] {logging_mixin.py:149} INFO - [2023-06-28T14:33:04.558+0000] {dag.py:2726} INFO - Sync 1 DAGs
[2023-06-28T14:33:04.597+0000] {logging_mixin.py:149} INFO - [2023-06-28T14:33:04.597+0000] {dag.py:3490} INFO - Setting next_dagrun for example_dynamic_task_mapping to 2022-03-04T00:00:00+00:00, run_after=2022-03-05T00:00:00+00:00
[2023-06-28T14:33:04.641+0000] {processor.py:179} INFO - Processing /home/airflow/.local/lib/python3.7/site-packages/airflow/example_dags/example_dynamic_task_mapping.py took 0.134 seconds
[2023-06-28T14:33:35.086+0000] {processor.py:157} INFO - Started process (PID=2031) to work on /home/airflow/.local/lib/python3.7/site-packages/airflow/example_dags/example_dynamic_task_mapping.py
[2023-06-28T14:33:35.087+0000] {processor.py:826} INFO - Processing file /home/airflow/.local/lib/python3.7/site-packages/airflow/example_dags/example_dynamic_task_mapping.py for tasks to queue
[2023-06-28T14:33:35.089+0000] {logging_mixin.py:149} INFO - [2023-06-28T14:33:35.089+0000] {dagbag.py:541} INFO - Filling up the DagBag from /home/airflow/.local/lib/python3.7/site-packages/airflow/example_dags/example_dynamic_task_mapping.py
[2023-06-28T14:33:35.099+0000] {processor.py:836} INFO - DAG(s) dict_keys(['example_dynamic_task_mapping']) retrieved from /home/airflow/.local/lib/python3.7/site-packages/airflow/example_dags/example_dynamic_task_mapping.py
[2023-06-28T14:33:35.133+0000] {logging_mixin.py:149} INFO - [2023-06-28T14:33:35.132+0000] {dag.py:2726} INFO - Sync 1 DAGs
[2023-06-28T14:33:35.217+0000] {logging_mixin.py:149} INFO - [2023-06-28T14:33:35.216+0000] {dag.py:3490} INFO - Setting next_dagrun for example_dynamic_task_mapping to 2022-03-04T00:00:00+00:00, run_after=2022-03-05T00:00:00+00:00
[2023-06-28T14:33:35.287+0000] {processor.py:179} INFO - Processing /home/airflow/.local/lib/python3.7/site-packages/airflow/example_dags/example_dynamic_task_mapping.py took 0.205 seconds
[2023-06-28T14:34:06.361+0000] {processor.py:157} INFO - Started process (PID=2090) to work on /home/airflow/.local/lib/python3.7/site-packages/airflow/example_dags/example_dynamic_task_mapping.py
[2023-06-28T14:34:06.363+0000] {processor.py:826} INFO - Processing file /home/airflow/.local/lib/python3.7/site-packages/airflow/example_dags/example_dynamic_task_mapping.py for tasks to queue
[2023-06-28T14:34:06.365+0000] {logging_mixin.py:149} INFO - [2023-06-28T14:34:06.364+0000] {dagbag.py:541} INFO - Filling up the DagBag from /home/airflow/.local/lib/python3.7/site-packages/airflow/example_dags/example_dynamic_task_mapping.py
[2023-06-28T14:34:06.377+0000] {processor.py:836} INFO - DAG(s) dict_keys(['example_dynamic_task_mapping']) retrieved from /home/airflow/.local/lib/python3.7/site-packages/airflow/example_dags/example_dynamic_task_mapping.py
[2023-06-28T14:34:06.415+0000] {logging_mixin.py:149} INFO - [2023-06-28T14:34:06.415+0000] {dag.py:2726} INFO - Sync 1 DAGs
[2023-06-28T14:34:06.454+0000] {logging_mixin.py:149} INFO - [2023-06-28T14:34:06.453+0000] {dag.py:3490} INFO - Setting next_dagrun for example_dynamic_task_mapping to 2022-03-04T00:00:00+00:00, run_after=2022-03-05T00:00:00+00:00
[2023-06-28T14:34:06.490+0000] {processor.py:179} INFO - Processing /home/airflow/.local/lib/python3.7/site-packages/airflow/example_dags/example_dynamic_task_mapping.py took 0.134 seconds
[2023-06-28T14:34:37.052+0000] {processor.py:157} INFO - Started process (PID=2149) to work on /home/airflow/.local/lib/python3.7/site-packages/airflow/example_dags/example_dynamic_task_mapping.py
[2023-06-28T14:34:37.055+0000] {processor.py:826} INFO - Processing file /home/airflow/.local/lib/python3.7/site-packages/airflow/example_dags/example_dynamic_task_mapping.py for tasks to queue
[2023-06-28T14:34:37.057+0000] {logging_mixin.py:149} INFO - [2023-06-28T14:34:37.057+0000] {dagbag.py:541} INFO - Filling up the DagBag from /home/airflow/.local/lib/python3.7/site-packages/airflow/example_dags/example_dynamic_task_mapping.py
[2023-06-28T14:34:37.076+0000] {processor.py:836} INFO - DAG(s) dict_keys(['example_dynamic_task_mapping']) retrieved from /home/airflow/.local/lib/python3.7/site-packages/airflow/example_dags/example_dynamic_task_mapping.py
[2023-06-28T14:34:37.123+0000] {logging_mixin.py:149} INFO - [2023-06-28T14:34:37.123+0000] {dag.py:2726} INFO - Sync 1 DAGs
[2023-06-28T14:34:37.187+0000] {logging_mixin.py:149} INFO - [2023-06-28T14:34:37.186+0000] {dag.py:3490} INFO - Setting next_dagrun for example_dynamic_task_mapping to 2022-03-04T00:00:00+00:00, run_after=2022-03-05T00:00:00+00:00
[2023-06-28T14:34:37.268+0000] {processor.py:179} INFO - Processing /home/airflow/.local/lib/python3.7/site-packages/airflow/example_dags/example_dynamic_task_mapping.py took 0.225 seconds
[2023-06-28T14:35:07.831+0000] {processor.py:157} INFO - Started process (PID=2209) to work on /home/airflow/.local/lib/python3.7/site-packages/airflow/example_dags/example_dynamic_task_mapping.py
[2023-06-28T14:35:07.833+0000] {processor.py:826} INFO - Processing file /home/airflow/.local/lib/python3.7/site-packages/airflow/example_dags/example_dynamic_task_mapping.py for tasks to queue
[2023-06-28T14:35:07.834+0000] {logging_mixin.py:149} INFO - [2023-06-28T14:35:07.834+0000] {dagbag.py:541} INFO - Filling up the DagBag from /home/airflow/.local/lib/python3.7/site-packages/airflow/example_dags/example_dynamic_task_mapping.py
[2023-06-28T14:35:07.843+0000] {processor.py:836} INFO - DAG(s) dict_keys(['example_dynamic_task_mapping']) retrieved from /home/airflow/.local/lib/python3.7/site-packages/airflow/example_dags/example_dynamic_task_mapping.py
[2023-06-28T14:35:07.878+0000] {logging_mixin.py:149} INFO - [2023-06-28T14:35:07.878+0000] {dag.py:2726} INFO - Sync 1 DAGs
[2023-06-28T14:35:07.921+0000] {logging_mixin.py:149} INFO - [2023-06-28T14:35:07.921+0000] {dag.py:3490} INFO - Setting next_dagrun for example_dynamic_task_mapping to 2022-03-04T00:00:00+00:00, run_after=2022-03-05T00:00:00+00:00
[2023-06-28T14:35:07.960+0000] {processor.py:179} INFO - Processing /home/airflow/.local/lib/python3.7/site-packages/airflow/example_dags/example_dynamic_task_mapping.py took 0.133 seconds
[2023-06-28T14:35:38.061+0000] {processor.py:157} INFO - Started process (PID=2268) to work on /home/airflow/.local/lib/python3.7/site-packages/airflow/example_dags/example_dynamic_task_mapping.py
[2023-06-28T14:35:38.062+0000] {processor.py:826} INFO - Processing file /home/airflow/.local/lib/python3.7/site-packages/airflow/example_dags/example_dynamic_task_mapping.py for tasks to queue
[2023-06-28T14:35:38.063+0000] {logging_mixin.py:149} INFO - [2023-06-28T14:35:38.063+0000] {dagbag.py:541} INFO - Filling up the DagBag from /home/airflow/.local/lib/python3.7/site-packages/airflow/example_dags/example_dynamic_task_mapping.py
[2023-06-28T14:35:38.075+0000] {processor.py:836} INFO - DAG(s) dict_keys(['example_dynamic_task_mapping']) retrieved from /home/airflow/.local/lib/python3.7/site-packages/airflow/example_dags/example_dynamic_task_mapping.py
[2023-06-28T14:35:38.110+0000] {logging_mixin.py:149} INFO - [2023-06-28T14:35:38.110+0000] {dag.py:2726} INFO - Sync 1 DAGs
[2023-06-28T14:35:38.151+0000] {logging_mixin.py:149} INFO - [2023-06-28T14:35:38.150+0000] {dag.py:3490} INFO - Setting next_dagrun for example_dynamic_task_mapping to 2022-03-04T00:00:00+00:00, run_after=2022-03-05T00:00:00+00:00
[2023-06-28T14:35:38.184+0000] {processor.py:179} INFO - Processing /home/airflow/.local/lib/python3.7/site-packages/airflow/example_dags/example_dynamic_task_mapping.py took 0.128 seconds
[2023-06-28T14:36:08.340+0000] {processor.py:157} INFO - Started process (PID=2327) to work on /home/airflow/.local/lib/python3.7/site-packages/airflow/example_dags/example_dynamic_task_mapping.py
[2023-06-28T14:36:08.341+0000] {processor.py:826} INFO - Processing file /home/airflow/.local/lib/python3.7/site-packages/airflow/example_dags/example_dynamic_task_mapping.py for tasks to queue
[2023-06-28T14:36:08.343+0000] {logging_mixin.py:149} INFO - [2023-06-28T14:36:08.342+0000] {dagbag.py:541} INFO - Filling up the DagBag from /home/airflow/.local/lib/python3.7/site-packages/airflow/example_dags/example_dynamic_task_mapping.py
[2023-06-28T14:36:08.351+0000] {processor.py:836} INFO - DAG(s) dict_keys(['example_dynamic_task_mapping']) retrieved from /home/airflow/.local/lib/python3.7/site-packages/airflow/example_dags/example_dynamic_task_mapping.py
[2023-06-28T14:36:08.381+0000] {logging_mixin.py:149} INFO - [2023-06-28T14:36:08.381+0000] {dag.py:2726} INFO - Sync 1 DAGs
[2023-06-28T14:36:08.416+0000] {logging_mixin.py:149} INFO - [2023-06-28T14:36:08.416+0000] {dag.py:3490} INFO - Setting next_dagrun for example_dynamic_task_mapping to 2022-03-04T00:00:00+00:00, run_after=2022-03-05T00:00:00+00:00
[2023-06-28T14:36:08.450+0000] {processor.py:179} INFO - Processing /home/airflow/.local/lib/python3.7/site-packages/airflow/example_dags/example_dynamic_task_mapping.py took 0.115 seconds
[2023-06-28T14:36:38.535+0000] {processor.py:157} INFO - Started process (PID=2386) to work on /home/airflow/.local/lib/python3.7/site-packages/airflow/example_dags/example_dynamic_task_mapping.py
[2023-06-28T14:36:38.537+0000] {processor.py:826} INFO - Processing file /home/airflow/.local/lib/python3.7/site-packages/airflow/example_dags/example_dynamic_task_mapping.py for tasks to queue
[2023-06-28T14:36:38.538+0000] {logging_mixin.py:149} INFO - [2023-06-28T14:36:38.538+0000] {dagbag.py:541} INFO - Filling up the DagBag from /home/airflow/.local/lib/python3.7/site-packages/airflow/example_dags/example_dynamic_task_mapping.py
[2023-06-28T14:36:38.547+0000] {processor.py:836} INFO - DAG(s) dict_keys(['example_dynamic_task_mapping']) retrieved from /home/airflow/.local/lib/python3.7/site-packages/airflow/example_dags/example_dynamic_task_mapping.py
[2023-06-28T14:36:38.575+0000] {logging_mixin.py:149} INFO - [2023-06-28T14:36:38.575+0000] {dag.py:2726} INFO - Sync 1 DAGs
[2023-06-28T14:36:38.610+0000] {logging_mixin.py:149} INFO - [2023-06-28T14:36:38.609+0000] {dag.py:3490} INFO - Setting next_dagrun for example_dynamic_task_mapping to 2022-03-04T00:00:00+00:00, run_after=2022-03-05T00:00:00+00:00
[2023-06-28T14:36:38.645+0000] {processor.py:179} INFO - Processing /home/airflow/.local/lib/python3.7/site-packages/airflow/example_dags/example_dynamic_task_mapping.py took 0.115 seconds
[2023-06-28T14:37:08.827+0000] {processor.py:157} INFO - Started process (PID=2445) to work on /home/airflow/.local/lib/python3.7/site-packages/airflow/example_dags/example_dynamic_task_mapping.py
[2023-06-28T14:37:08.829+0000] {processor.py:826} INFO - Processing file /home/airflow/.local/lib/python3.7/site-packages/airflow/example_dags/example_dynamic_task_mapping.py for tasks to queue
[2023-06-28T14:37:08.830+0000] {logging_mixin.py:149} INFO - [2023-06-28T14:37:08.830+0000] {dagbag.py:541} INFO - Filling up the DagBag from /home/airflow/.local/lib/python3.7/site-packages/airflow/example_dags/example_dynamic_task_mapping.py
[2023-06-28T14:37:08.838+0000] {processor.py:836} INFO - DAG(s) dict_keys(['example_dynamic_task_mapping']) retrieved from /home/airflow/.local/lib/python3.7/site-packages/airflow/example_dags/example_dynamic_task_mapping.py
[2023-06-28T14:37:08.867+0000] {logging_mixin.py:149} INFO - [2023-06-28T14:37:08.867+0000] {dag.py:2726} INFO - Sync 1 DAGs
[2023-06-28T14:37:08.901+0000] {logging_mixin.py:149} INFO - [2023-06-28T14:37:08.900+0000] {dag.py:3490} INFO - Setting next_dagrun for example_dynamic_task_mapping to 2022-03-04T00:00:00+00:00, run_after=2022-03-05T00:00:00+00:00
[2023-06-28T14:37:08.941+0000] {processor.py:179} INFO - Processing /home/airflow/.local/lib/python3.7/site-packages/airflow/example_dags/example_dynamic_task_mapping.py took 0.118 seconds
[2023-06-28T14:37:40.155+0000] {processor.py:157} INFO - Started process (PID=2504) to work on /home/airflow/.local/lib/python3.7/site-packages/airflow/example_dags/example_dynamic_task_mapping.py
[2023-06-28T14:37:40.157+0000] {processor.py:826} INFO - Processing file /home/airflow/.local/lib/python3.7/site-packages/airflow/example_dags/example_dynamic_task_mapping.py for tasks to queue
[2023-06-28T14:37:40.158+0000] {logging_mixin.py:149} INFO - [2023-06-28T14:37:40.158+0000] {dagbag.py:541} INFO - Filling up the DagBag from /home/airflow/.local/lib/python3.7/site-packages/airflow/example_dags/example_dynamic_task_mapping.py
[2023-06-28T14:37:40.176+0000] {processor.py:836} INFO - DAG(s) dict_keys(['example_dynamic_task_mapping']) retrieved from /home/airflow/.local/lib/python3.7/site-packages/airflow/example_dags/example_dynamic_task_mapping.py
[2023-06-28T14:37:40.251+0000] {logging_mixin.py:149} INFO - [2023-06-28T14:37:40.251+0000] {dag.py:2726} INFO - Sync 1 DAGs
[2023-06-28T14:37:40.318+0000] {logging_mixin.py:149} INFO - [2023-06-28T14:37:40.317+0000] {dag.py:3490} INFO - Setting next_dagrun for example_dynamic_task_mapping to 2022-03-04T00:00:00+00:00, run_after=2022-03-05T00:00:00+00:00
[2023-06-28T14:37:40.374+0000] {processor.py:179} INFO - Processing /home/airflow/.local/lib/python3.7/site-packages/airflow/example_dags/example_dynamic_task_mapping.py took 0.222 seconds
[2023-06-28T14:38:10.824+0000] {processor.py:157} INFO - Started process (PID=2559) to work on /home/airflow/.local/lib/python3.7/site-packages/airflow/example_dags/example_dynamic_task_mapping.py
[2023-06-28T14:38:10.825+0000] {processor.py:826} INFO - Processing file /home/airflow/.local/lib/python3.7/site-packages/airflow/example_dags/example_dynamic_task_mapping.py for tasks to queue
[2023-06-28T14:38:10.826+0000] {logging_mixin.py:149} INFO - [2023-06-28T14:38:10.826+0000] {dagbag.py:541} INFO - Filling up the DagBag from /home/airflow/.local/lib/python3.7/site-packages/airflow/example_dags/example_dynamic_task_mapping.py
[2023-06-28T14:38:10.836+0000] {processor.py:836} INFO - DAG(s) dict_keys(['example_dynamic_task_mapping']) retrieved from /home/airflow/.local/lib/python3.7/site-packages/airflow/example_dags/example_dynamic_task_mapping.py
[2023-06-28T14:38:10.876+0000] {logging_mixin.py:149} INFO - [2023-06-28T14:38:10.876+0000] {dag.py:2726} INFO - Sync 1 DAGs
[2023-06-28T14:38:10.918+0000] {logging_mixin.py:149} INFO - [2023-06-28T14:38:10.917+0000] {dag.py:3490} INFO - Setting next_dagrun for example_dynamic_task_mapping to 2022-03-04T00:00:00+00:00, run_after=2022-03-05T00:00:00+00:00
[2023-06-28T14:38:10.952+0000] {processor.py:179} INFO - Processing /home/airflow/.local/lib/python3.7/site-packages/airflow/example_dags/example_dynamic_task_mapping.py took 0.133 seconds
[2023-06-28T14:38:41.205+0000] {processor.py:157} INFO - Started process (PID=2618) to work on /home/airflow/.local/lib/python3.7/site-packages/airflow/example_dags/example_dynamic_task_mapping.py
[2023-06-28T14:38:41.206+0000] {processor.py:826} INFO - Processing file /home/airflow/.local/lib/python3.7/site-packages/airflow/example_dags/example_dynamic_task_mapping.py for tasks to queue
[2023-06-28T14:38:41.208+0000] {logging_mixin.py:149} INFO - [2023-06-28T14:38:41.207+0000] {dagbag.py:541} INFO - Filling up the DagBag from /home/airflow/.local/lib/python3.7/site-packages/airflow/example_dags/example_dynamic_task_mapping.py
[2023-06-28T14:38:41.217+0000] {processor.py:836} INFO - DAG(s) dict_keys(['example_dynamic_task_mapping']) retrieved from /home/airflow/.local/lib/python3.7/site-packages/airflow/example_dags/example_dynamic_task_mapping.py
[2023-06-28T14:38:41.250+0000] {logging_mixin.py:149} INFO - [2023-06-28T14:38:41.249+0000] {dag.py:2726} INFO - Sync 1 DAGs
[2023-06-28T14:38:41.292+0000] {logging_mixin.py:149} INFO - [2023-06-28T14:38:41.291+0000] {dag.py:3490} INFO - Setting next_dagrun for example_dynamic_task_mapping to 2022-03-04T00:00:00+00:00, run_after=2022-03-05T00:00:00+00:00
[2023-06-28T14:38:41.329+0000] {processor.py:179} INFO - Processing /home/airflow/.local/lib/python3.7/site-packages/airflow/example_dags/example_dynamic_task_mapping.py took 0.129 seconds
[2023-06-28T14:39:11.856+0000] {processor.py:157} INFO - Started process (PID=2677) to work on /home/airflow/.local/lib/python3.7/site-packages/airflow/example_dags/example_dynamic_task_mapping.py
[2023-06-28T14:39:11.858+0000] {processor.py:826} INFO - Processing file /home/airflow/.local/lib/python3.7/site-packages/airflow/example_dags/example_dynamic_task_mapping.py for tasks to queue
[2023-06-28T14:39:11.861+0000] {logging_mixin.py:149} INFO - [2023-06-28T14:39:11.859+0000] {dagbag.py:541} INFO - Filling up the DagBag from /home/airflow/.local/lib/python3.7/site-packages/airflow/example_dags/example_dynamic_task_mapping.py
[2023-06-28T14:39:11.874+0000] {processor.py:836} INFO - DAG(s) dict_keys(['example_dynamic_task_mapping']) retrieved from /home/airflow/.local/lib/python3.7/site-packages/airflow/example_dags/example_dynamic_task_mapping.py
[2023-06-28T14:39:11.907+0000] {logging_mixin.py:149} INFO - [2023-06-28T14:39:11.906+0000] {dag.py:2726} INFO - Sync 1 DAGs
[2023-06-28T14:39:11.951+0000] {logging_mixin.py:149} INFO - [2023-06-28T14:39:11.951+0000] {dag.py:3490} INFO - Setting next_dagrun for example_dynamic_task_mapping to 2022-03-04T00:00:00+00:00, run_after=2022-03-05T00:00:00+00:00
[2023-06-28T14:39:11.991+0000] {processor.py:179} INFO - Processing /home/airflow/.local/lib/python3.7/site-packages/airflow/example_dags/example_dynamic_task_mapping.py took 0.140 seconds
[2023-06-28T14:39:42.427+0000] {processor.py:157} INFO - Started process (PID=2736) to work on /home/airflow/.local/lib/python3.7/site-packages/airflow/example_dags/example_dynamic_task_mapping.py
[2023-06-28T14:39:42.429+0000] {processor.py:826} INFO - Processing file /home/airflow/.local/lib/python3.7/site-packages/airflow/example_dags/example_dynamic_task_mapping.py for tasks to queue
[2023-06-28T14:39:42.430+0000] {logging_mixin.py:149} INFO - [2023-06-28T14:39:42.430+0000] {dagbag.py:541} INFO - Filling up the DagBag from /home/airflow/.local/lib/python3.7/site-packages/airflow/example_dags/example_dynamic_task_mapping.py
[2023-06-28T14:39:42.440+0000] {processor.py:836} INFO - DAG(s) dict_keys(['example_dynamic_task_mapping']) retrieved from /home/airflow/.local/lib/python3.7/site-packages/airflow/example_dags/example_dynamic_task_mapping.py
[2023-06-28T14:39:42.481+0000] {logging_mixin.py:149} INFO - [2023-06-28T14:39:42.480+0000] {dag.py:2726} INFO - Sync 1 DAGs
[2023-06-28T14:39:42.525+0000] {logging_mixin.py:149} INFO - [2023-06-28T14:39:42.525+0000] {dag.py:3490} INFO - Setting next_dagrun for example_dynamic_task_mapping to 2022-03-04T00:00:00+00:00, run_after=2022-03-05T00:00:00+00:00
[2023-06-28T14:39:42.564+0000] {processor.py:179} INFO - Processing /home/airflow/.local/lib/python3.7/site-packages/airflow/example_dags/example_dynamic_task_mapping.py took 0.142 seconds
[2023-06-28T14:40:13.065+0000] {processor.py:157} INFO - Started process (PID=2796) to work on /home/airflow/.local/lib/python3.7/site-packages/airflow/example_dags/example_dynamic_task_mapping.py
[2023-06-28T14:40:13.067+0000] {processor.py:826} INFO - Processing file /home/airflow/.local/lib/python3.7/site-packages/airflow/example_dags/example_dynamic_task_mapping.py for tasks to queue
[2023-06-28T14:40:13.069+0000] {logging_mixin.py:149} INFO - [2023-06-28T14:40:13.068+0000] {dagbag.py:541} INFO - Filling up the DagBag from /home/airflow/.local/lib/python3.7/site-packages/airflow/example_dags/example_dynamic_task_mapping.py
[2023-06-28T14:40:13.081+0000] {processor.py:836} INFO - DAG(s) dict_keys(['example_dynamic_task_mapping']) retrieved from /home/airflow/.local/lib/python3.7/site-packages/airflow/example_dags/example_dynamic_task_mapping.py
[2023-06-28T14:40:13.114+0000] {logging_mixin.py:149} INFO - [2023-06-28T14:40:13.114+0000] {dag.py:2726} INFO - Sync 1 DAGs
[2023-06-28T14:40:13.153+0000] {logging_mixin.py:149} INFO - [2023-06-28T14:40:13.153+0000] {dag.py:3490} INFO - Setting next_dagrun for example_dynamic_task_mapping to 2022-03-04T00:00:00+00:00, run_after=2022-03-05T00:00:00+00:00
[2023-06-28T14:40:13.188+0000] {processor.py:179} INFO - Processing /home/airflow/.local/lib/python3.7/site-packages/airflow/example_dags/example_dynamic_task_mapping.py took 0.129 seconds
[2023-06-28T14:40:43.328+0000] {processor.py:157} INFO - Started process (PID=2856) to work on /home/airflow/.local/lib/python3.7/site-packages/airflow/example_dags/example_dynamic_task_mapping.py
[2023-06-28T14:40:43.331+0000] {processor.py:826} INFO - Processing file /home/airflow/.local/lib/python3.7/site-packages/airflow/example_dags/example_dynamic_task_mapping.py for tasks to queue
[2023-06-28T14:40:43.334+0000] {logging_mixin.py:149} INFO - [2023-06-28T14:40:43.333+0000] {dagbag.py:541} INFO - Filling up the DagBag from /home/airflow/.local/lib/python3.7/site-packages/airflow/example_dags/example_dynamic_task_mapping.py
[2023-06-28T14:40:43.348+0000] {processor.py:836} INFO - DAG(s) dict_keys(['example_dynamic_task_mapping']) retrieved from /home/airflow/.local/lib/python3.7/site-packages/airflow/example_dags/example_dynamic_task_mapping.py
[2023-06-28T14:40:43.393+0000] {logging_mixin.py:149} INFO - [2023-06-28T14:40:43.393+0000] {dag.py:2726} INFO - Sync 1 DAGs
[2023-06-28T14:40:43.433+0000] {logging_mixin.py:149} INFO - [2023-06-28T14:40:43.433+0000] {dag.py:3490} INFO - Setting next_dagrun for example_dynamic_task_mapping to 2022-03-04T00:00:00+00:00, run_after=2022-03-05T00:00:00+00:00
[2023-06-28T14:40:43.478+0000] {processor.py:179} INFO - Processing /home/airflow/.local/lib/python3.7/site-packages/airflow/example_dags/example_dynamic_task_mapping.py took 0.156 seconds
[2023-06-28T14:41:13.846+0000] {processor.py:157} INFO - Started process (PID=2915) to work on /home/airflow/.local/lib/python3.7/site-packages/airflow/example_dags/example_dynamic_task_mapping.py
[2023-06-28T14:41:13.849+0000] {processor.py:826} INFO - Processing file /home/airflow/.local/lib/python3.7/site-packages/airflow/example_dags/example_dynamic_task_mapping.py for tasks to queue
[2023-06-28T14:41:13.850+0000] {logging_mixin.py:149} INFO - [2023-06-28T14:41:13.850+0000] {dagbag.py:541} INFO - Filling up the DagBag from /home/airflow/.local/lib/python3.7/site-packages/airflow/example_dags/example_dynamic_task_mapping.py
[2023-06-28T14:41:13.867+0000] {processor.py:836} INFO - DAG(s) dict_keys(['example_dynamic_task_mapping']) retrieved from /home/airflow/.local/lib/python3.7/site-packages/airflow/example_dags/example_dynamic_task_mapping.py
[2023-06-28T14:41:13.924+0000] {logging_mixin.py:149} INFO - [2023-06-28T14:41:13.924+0000] {dag.py:2726} INFO - Sync 1 DAGs
[2023-06-28T14:41:13.971+0000] {logging_mixin.py:149} INFO - [2023-06-28T14:41:13.971+0000] {dag.py:3490} INFO - Setting next_dagrun for example_dynamic_task_mapping to 2022-03-04T00:00:00+00:00, run_after=2022-03-05T00:00:00+00:00
[2023-06-28T14:41:14.004+0000] {processor.py:179} INFO - Processing /home/airflow/.local/lib/python3.7/site-packages/airflow/example_dags/example_dynamic_task_mapping.py took 0.171 seconds
[2023-06-28T14:41:44.098+0000] {processor.py:157} INFO - Started process (PID=2975) to work on /home/airflow/.local/lib/python3.7/site-packages/airflow/example_dags/example_dynamic_task_mapping.py
[2023-06-28T14:41:44.099+0000] {processor.py:826} INFO - Processing file /home/airflow/.local/lib/python3.7/site-packages/airflow/example_dags/example_dynamic_task_mapping.py for tasks to queue
[2023-06-28T14:41:44.101+0000] {logging_mixin.py:149} INFO - [2023-06-28T14:41:44.100+0000] {dagbag.py:541} INFO - Filling up the DagBag from /home/airflow/.local/lib/python3.7/site-packages/airflow/example_dags/example_dynamic_task_mapping.py
[2023-06-28T14:41:44.114+0000] {processor.py:836} INFO - DAG(s) dict_keys(['example_dynamic_task_mapping']) retrieved from /home/airflow/.local/lib/python3.7/site-packages/airflow/example_dags/example_dynamic_task_mapping.py
[2023-06-28T14:41:44.158+0000] {logging_mixin.py:149} INFO - [2023-06-28T14:41:44.158+0000] {dag.py:2726} INFO - Sync 1 DAGs
[2023-06-28T14:41:44.201+0000] {logging_mixin.py:149} INFO - [2023-06-28T14:41:44.200+0000] {dag.py:3490} INFO - Setting next_dagrun for example_dynamic_task_mapping to 2022-03-04T00:00:00+00:00, run_after=2022-03-05T00:00:00+00:00
[2023-06-28T14:41:44.234+0000] {processor.py:179} INFO - Processing /home/airflow/.local/lib/python3.7/site-packages/airflow/example_dags/example_dynamic_task_mapping.py took 0.141 seconds
[2023-06-28T14:42:14.522+0000] {processor.py:157} INFO - Started process (PID=3034) to work on /home/airflow/.local/lib/python3.7/site-packages/airflow/example_dags/example_dynamic_task_mapping.py
[2023-06-28T14:42:14.524+0000] {processor.py:826} INFO - Processing file /home/airflow/.local/lib/python3.7/site-packages/airflow/example_dags/example_dynamic_task_mapping.py for tasks to queue
[2023-06-28T14:42:14.526+0000] {logging_mixin.py:149} INFO - [2023-06-28T14:42:14.526+0000] {dagbag.py:541} INFO - Filling up the DagBag from /home/airflow/.local/lib/python3.7/site-packages/airflow/example_dags/example_dynamic_task_mapping.py
[2023-06-28T14:42:14.538+0000] {processor.py:836} INFO - DAG(s) dict_keys(['example_dynamic_task_mapping']) retrieved from /home/airflow/.local/lib/python3.7/site-packages/airflow/example_dags/example_dynamic_task_mapping.py
[2023-06-28T14:42:14.577+0000] {logging_mixin.py:149} INFO - [2023-06-28T14:42:14.577+0000] {dag.py:2726} INFO - Sync 1 DAGs
[2023-06-28T14:42:14.628+0000] {logging_mixin.py:149} INFO - [2023-06-28T14:42:14.627+0000] {dag.py:3490} INFO - Setting next_dagrun for example_dynamic_task_mapping to 2022-03-04T00:00:00+00:00, run_after=2022-03-05T00:00:00+00:00
[2023-06-28T14:42:14.666+0000] {processor.py:179} INFO - Processing /home/airflow/.local/lib/python3.7/site-packages/airflow/example_dags/example_dynamic_task_mapping.py took 0.149 seconds
[2023-06-28T14:42:44.939+0000] {processor.py:157} INFO - Started process (PID=3093) to work on /home/airflow/.local/lib/python3.7/site-packages/airflow/example_dags/example_dynamic_task_mapping.py
[2023-06-28T14:42:44.941+0000] {processor.py:826} INFO - Processing file /home/airflow/.local/lib/python3.7/site-packages/airflow/example_dags/example_dynamic_task_mapping.py for tasks to queue
[2023-06-28T14:42:44.943+0000] {logging_mixin.py:149} INFO - [2023-06-28T14:42:44.943+0000] {dagbag.py:541} INFO - Filling up the DagBag from /home/airflow/.local/lib/python3.7/site-packages/airflow/example_dags/example_dynamic_task_mapping.py
[2023-06-28T14:42:44.956+0000] {processor.py:836} INFO - DAG(s) dict_keys(['example_dynamic_task_mapping']) retrieved from /home/airflow/.local/lib/python3.7/site-packages/airflow/example_dags/example_dynamic_task_mapping.py
[2023-06-28T14:42:45.053+0000] {logging_mixin.py:149} INFO - [2023-06-28T14:42:45.053+0000] {dag.py:2726} INFO - Sync 1 DAGs
[2023-06-28T14:42:45.115+0000] {logging_mixin.py:149} INFO - [2023-06-28T14:42:45.115+0000] {dag.py:3490} INFO - Setting next_dagrun for example_dynamic_task_mapping to 2022-03-04T00:00:00+00:00, run_after=2022-03-05T00:00:00+00:00
[2023-06-28T14:42:45.168+0000] {processor.py:179} INFO - Processing /home/airflow/.local/lib/python3.7/site-packages/airflow/example_dags/example_dynamic_task_mapping.py took 0.235 seconds
[2023-06-28T14:43:15.596+0000] {processor.py:157} INFO - Started process (PID=3153) to work on /home/airflow/.local/lib/python3.7/site-packages/airflow/example_dags/example_dynamic_task_mapping.py
[2023-06-28T14:43:15.598+0000] {processor.py:826} INFO - Processing file /home/airflow/.local/lib/python3.7/site-packages/airflow/example_dags/example_dynamic_task_mapping.py for tasks to queue
[2023-06-28T14:43:15.599+0000] {logging_mixin.py:149} INFO - [2023-06-28T14:43:15.599+0000] {dagbag.py:541} INFO - Filling up the DagBag from /home/airflow/.local/lib/python3.7/site-packages/airflow/example_dags/example_dynamic_task_mapping.py
[2023-06-28T14:43:15.611+0000] {processor.py:836} INFO - DAG(s) dict_keys(['example_dynamic_task_mapping']) retrieved from /home/airflow/.local/lib/python3.7/site-packages/airflow/example_dags/example_dynamic_task_mapping.py
[2023-06-28T14:43:15.648+0000] {logging_mixin.py:149} INFO - [2023-06-28T14:43:15.648+0000] {dag.py:2726} INFO - Sync 1 DAGs
[2023-06-28T14:43:15.693+0000] {logging_mixin.py:149} INFO - [2023-06-28T14:43:15.693+0000] {dag.py:3490} INFO - Setting next_dagrun for example_dynamic_task_mapping to 2022-03-04T00:00:00+00:00, run_after=2022-03-05T00:00:00+00:00
[2023-06-28T14:43:15.735+0000] {processor.py:179} INFO - Processing /home/airflow/.local/lib/python3.7/site-packages/airflow/example_dags/example_dynamic_task_mapping.py took 0.145 seconds
[2023-06-28T14:43:45.937+0000] {processor.py:157} INFO - Started process (PID=3212) to work on /home/airflow/.local/lib/python3.7/site-packages/airflow/example_dags/example_dynamic_task_mapping.py
[2023-06-28T14:43:45.944+0000] {processor.py:826} INFO - Processing file /home/airflow/.local/lib/python3.7/site-packages/airflow/example_dags/example_dynamic_task_mapping.py for tasks to queue
[2023-06-28T14:43:45.951+0000] {logging_mixin.py:149} INFO - [2023-06-28T14:43:45.950+0000] {dagbag.py:541} INFO - Filling up the DagBag from /home/airflow/.local/lib/python3.7/site-packages/airflow/example_dags/example_dynamic_task_mapping.py
[2023-06-28T14:43:46.015+0000] {processor.py:836} INFO - DAG(s) dict_keys(['example_dynamic_task_mapping']) retrieved from /home/airflow/.local/lib/python3.7/site-packages/airflow/example_dags/example_dynamic_task_mapping.py
[2023-06-28T14:43:46.200+0000] {logging_mixin.py:149} INFO - [2023-06-28T14:43:46.199+0000] {dag.py:2726} INFO - Sync 1 DAGs
[2023-06-28T14:43:46.402+0000] {logging_mixin.py:149} INFO - [2023-06-28T14:43:46.402+0000] {dag.py:3490} INFO - Setting next_dagrun for example_dynamic_task_mapping to 2022-03-04T00:00:00+00:00, run_after=2022-03-05T00:00:00+00:00
[2023-06-28T14:43:46.552+0000] {processor.py:179} INFO - Processing /home/airflow/.local/lib/python3.7/site-packages/airflow/example_dags/example_dynamic_task_mapping.py took 0.631 seconds
[2023-06-28T14:44:17.800+0000] {processor.py:157} INFO - Started process (PID=3271) to work on /home/airflow/.local/lib/python3.7/site-packages/airflow/example_dags/example_dynamic_task_mapping.py
[2023-06-28T14:44:17.806+0000] {processor.py:826} INFO - Processing file /home/airflow/.local/lib/python3.7/site-packages/airflow/example_dags/example_dynamic_task_mapping.py for tasks to queue
[2023-06-28T14:44:17.817+0000] {logging_mixin.py:149} INFO - [2023-06-28T14:44:17.816+0000] {dagbag.py:541} INFO - Filling up the DagBag from /home/airflow/.local/lib/python3.7/site-packages/airflow/example_dags/example_dynamic_task_mapping.py
[2023-06-28T14:44:17.857+0000] {processor.py:836} INFO - DAG(s) dict_keys(['example_dynamic_task_mapping']) retrieved from /home/airflow/.local/lib/python3.7/site-packages/airflow/example_dags/example_dynamic_task_mapping.py
[2023-06-28T14:44:18.000+0000] {logging_mixin.py:149} INFO - [2023-06-28T14:44:18.000+0000] {dag.py:2726} INFO - Sync 1 DAGs
[2023-06-28T14:44:18.194+0000] {logging_mixin.py:149} INFO - [2023-06-28T14:44:18.194+0000] {dag.py:3490} INFO - Setting next_dagrun for example_dynamic_task_mapping to 2022-03-04T00:00:00+00:00, run_after=2022-03-05T00:00:00+00:00
[2023-06-28T14:44:18.296+0000] {processor.py:179} INFO - Processing /home/airflow/.local/lib/python3.7/site-packages/airflow/example_dags/example_dynamic_task_mapping.py took 0.514 seconds
[2023-06-28T14:44:48.818+0000] {processor.py:157} INFO - Started process (PID=3330) to work on /home/airflow/.local/lib/python3.7/site-packages/airflow/example_dags/example_dynamic_task_mapping.py
[2023-06-28T14:44:48.820+0000] {processor.py:826} INFO - Processing file /home/airflow/.local/lib/python3.7/site-packages/airflow/example_dags/example_dynamic_task_mapping.py for tasks to queue
[2023-06-28T14:44:48.822+0000] {logging_mixin.py:149} INFO - [2023-06-28T14:44:48.822+0000] {dagbag.py:541} INFO - Filling up the DagBag from /home/airflow/.local/lib/python3.7/site-packages/airflow/example_dags/example_dynamic_task_mapping.py
[2023-06-28T14:44:48.834+0000] {processor.py:836} INFO - DAG(s) dict_keys(['example_dynamic_task_mapping']) retrieved from /home/airflow/.local/lib/python3.7/site-packages/airflow/example_dags/example_dynamic_task_mapping.py
[2023-06-28T14:44:48.888+0000] {logging_mixin.py:149} INFO - [2023-06-28T14:44:48.878+0000] {dag.py:2726} INFO - Sync 1 DAGs
[2023-06-28T14:44:48.948+0000] {logging_mixin.py:149} INFO - [2023-06-28T14:44:48.948+0000] {dag.py:3490} INFO - Setting next_dagrun for example_dynamic_task_mapping to 2022-03-04T00:00:00+00:00, run_after=2022-03-05T00:00:00+00:00
[2023-06-28T14:44:48.989+0000] {processor.py:179} INFO - Processing /home/airflow/.local/lib/python3.7/site-packages/airflow/example_dags/example_dynamic_task_mapping.py took 0.177 seconds
[2023-06-28T14:45:19.624+0000] {processor.py:157} INFO - Started process (PID=3389) to work on /home/airflow/.local/lib/python3.7/site-packages/airflow/example_dags/example_dynamic_task_mapping.py
[2023-06-28T14:45:19.630+0000] {processor.py:826} INFO - Processing file /home/airflow/.local/lib/python3.7/site-packages/airflow/example_dags/example_dynamic_task_mapping.py for tasks to queue
[2023-06-28T14:45:19.631+0000] {logging_mixin.py:149} INFO - [2023-06-28T14:45:19.631+0000] {dagbag.py:541} INFO - Filling up the DagBag from /home/airflow/.local/lib/python3.7/site-packages/airflow/example_dags/example_dynamic_task_mapping.py
[2023-06-28T14:45:19.653+0000] {processor.py:836} INFO - DAG(s) dict_keys(['example_dynamic_task_mapping']) retrieved from /home/airflow/.local/lib/python3.7/site-packages/airflow/example_dags/example_dynamic_task_mapping.py
[2023-06-28T14:45:19.752+0000] {logging_mixin.py:149} INFO - [2023-06-28T14:45:19.752+0000] {dag.py:2726} INFO - Sync 1 DAGs
[2023-06-28T14:45:19.862+0000] {logging_mixin.py:149} INFO - [2023-06-28T14:45:19.861+0000] {dag.py:3490} INFO - Setting next_dagrun for example_dynamic_task_mapping to 2022-03-04T00:00:00+00:00, run_after=2022-03-05T00:00:00+00:00
[2023-06-28T14:45:19.918+0000] {processor.py:179} INFO - Processing /home/airflow/.local/lib/python3.7/site-packages/airflow/example_dags/example_dynamic_task_mapping.py took 0.301 seconds
[2023-06-28T14:45:50.396+0000] {processor.py:157} INFO - Started process (PID=3450) to work on /home/airflow/.local/lib/python3.7/site-packages/airflow/example_dags/example_dynamic_task_mapping.py
[2023-06-28T14:45:50.409+0000] {processor.py:826} INFO - Processing file /home/airflow/.local/lib/python3.7/site-packages/airflow/example_dags/example_dynamic_task_mapping.py for tasks to queue
[2023-06-28T14:45:50.412+0000] {logging_mixin.py:149} INFO - [2023-06-28T14:45:50.412+0000] {dagbag.py:541} INFO - Filling up the DagBag from /home/airflow/.local/lib/python3.7/site-packages/airflow/example_dags/example_dynamic_task_mapping.py
[2023-06-28T14:45:50.446+0000] {processor.py:836} INFO - DAG(s) dict_keys(['example_dynamic_task_mapping']) retrieved from /home/airflow/.local/lib/python3.7/site-packages/airflow/example_dags/example_dynamic_task_mapping.py
[2023-06-28T14:45:50.537+0000] {logging_mixin.py:149} INFO - [2023-06-28T14:45:50.537+0000] {dag.py:2726} INFO - Sync 1 DAGs
[2023-06-28T14:45:50.580+0000] {logging_mixin.py:149} INFO - [2023-06-28T14:45:50.580+0000] {dag.py:3490} INFO - Setting next_dagrun for example_dynamic_task_mapping to 2022-03-04T00:00:00+00:00, run_after=2022-03-05T00:00:00+00:00
[2023-06-28T14:45:50.613+0000] {processor.py:179} INFO - Processing /home/airflow/.local/lib/python3.7/site-packages/airflow/example_dags/example_dynamic_task_mapping.py took 0.223 seconds
[2023-06-28T14:46:20.815+0000] {processor.py:157} INFO - Started process (PID=3508) to work on /home/airflow/.local/lib/python3.7/site-packages/airflow/example_dags/example_dynamic_task_mapping.py
[2023-06-28T14:46:20.817+0000] {processor.py:826} INFO - Processing file /home/airflow/.local/lib/python3.7/site-packages/airflow/example_dags/example_dynamic_task_mapping.py for tasks to queue
[2023-06-28T14:46:20.819+0000] {logging_mixin.py:149} INFO - [2023-06-28T14:46:20.819+0000] {dagbag.py:541} INFO - Filling up the DagBag from /home/airflow/.local/lib/python3.7/site-packages/airflow/example_dags/example_dynamic_task_mapping.py
[2023-06-28T14:46:20.836+0000] {processor.py:836} INFO - DAG(s) dict_keys(['example_dynamic_task_mapping']) retrieved from /home/airflow/.local/lib/python3.7/site-packages/airflow/example_dags/example_dynamic_task_mapping.py
[2023-06-28T14:46:20.880+0000] {logging_mixin.py:149} INFO - [2023-06-28T14:46:20.879+0000] {dag.py:2726} INFO - Sync 1 DAGs
[2023-06-28T14:46:20.935+0000] {logging_mixin.py:149} INFO - [2023-06-28T14:46:20.934+0000] {dag.py:3490} INFO - Setting next_dagrun for example_dynamic_task_mapping to 2022-03-04T00:00:00+00:00, run_after=2022-03-05T00:00:00+00:00
[2023-06-28T14:46:20.975+0000] {processor.py:179} INFO - Processing /home/airflow/.local/lib/python3.7/site-packages/airflow/example_dags/example_dynamic_task_mapping.py took 0.167 seconds
[2023-06-28T14:46:51.344+0000] {processor.py:157} INFO - Started process (PID=3567) to work on /home/airflow/.local/lib/python3.7/site-packages/airflow/example_dags/example_dynamic_task_mapping.py
[2023-06-28T14:46:51.349+0000] {processor.py:826} INFO - Processing file /home/airflow/.local/lib/python3.7/site-packages/airflow/example_dags/example_dynamic_task_mapping.py for tasks to queue
[2023-06-28T14:46:51.350+0000] {logging_mixin.py:149} INFO - [2023-06-28T14:46:51.350+0000] {dagbag.py:541} INFO - Filling up the DagBag from /home/airflow/.local/lib/python3.7/site-packages/airflow/example_dags/example_dynamic_task_mapping.py
[2023-06-28T14:46:51.361+0000] {processor.py:836} INFO - DAG(s) dict_keys(['example_dynamic_task_mapping']) retrieved from /home/airflow/.local/lib/python3.7/site-packages/airflow/example_dags/example_dynamic_task_mapping.py
[2023-06-28T14:46:51.412+0000] {logging_mixin.py:149} INFO - [2023-06-28T14:46:51.411+0000] {dag.py:2726} INFO - Sync 1 DAGs
[2023-06-28T14:46:51.528+0000] {logging_mixin.py:149} INFO - [2023-06-28T14:46:51.527+0000] {dag.py:3490} INFO - Setting next_dagrun for example_dynamic_task_mapping to 2022-03-04T00:00:00+00:00, run_after=2022-03-05T00:00:00+00:00
[2023-06-28T14:46:51.605+0000] {processor.py:179} INFO - Processing /home/airflow/.local/lib/python3.7/site-packages/airflow/example_dags/example_dynamic_task_mapping.py took 0.267 seconds
[2023-06-28T14:47:22.132+0000] {processor.py:157} INFO - Started process (PID=3627) to work on /home/airflow/.local/lib/python3.7/site-packages/airflow/example_dags/example_dynamic_task_mapping.py
[2023-06-28T14:47:22.138+0000] {processor.py:826} INFO - Processing file /home/airflow/.local/lib/python3.7/site-packages/airflow/example_dags/example_dynamic_task_mapping.py for tasks to queue
[2023-06-28T14:47:22.149+0000] {logging_mixin.py:149} INFO - [2023-06-28T14:47:22.148+0000] {dagbag.py:541} INFO - Filling up the DagBag from /home/airflow/.local/lib/python3.7/site-packages/airflow/example_dags/example_dynamic_task_mapping.py
[2023-06-28T14:47:22.212+0000] {processor.py:836} INFO - DAG(s) dict_keys(['example_dynamic_task_mapping']) retrieved from /home/airflow/.local/lib/python3.7/site-packages/airflow/example_dags/example_dynamic_task_mapping.py
[2023-06-28T14:47:22.315+0000] {logging_mixin.py:149} INFO - [2023-06-28T14:47:22.312+0000] {dag.py:2726} INFO - Sync 1 DAGs
[2023-06-28T14:47:22.463+0000] {logging_mixin.py:149} INFO - [2023-06-28T14:47:22.462+0000] {dag.py:3490} INFO - Setting next_dagrun for example_dynamic_task_mapping to 2022-03-04T00:00:00+00:00, run_after=2022-03-05T00:00:00+00:00
[2023-06-28T14:47:22.521+0000] {processor.py:179} INFO - Processing /home/airflow/.local/lib/python3.7/site-packages/airflow/example_dags/example_dynamic_task_mapping.py took 0.409 seconds
[2023-06-28T14:47:52.666+0000] {processor.py:157} INFO - Started process (PID=3686) to work on /home/airflow/.local/lib/python3.7/site-packages/airflow/example_dags/example_dynamic_task_mapping.py
[2023-06-28T14:47:52.667+0000] {processor.py:826} INFO - Processing file /home/airflow/.local/lib/python3.7/site-packages/airflow/example_dags/example_dynamic_task_mapping.py for tasks to queue
[2023-06-28T14:47:52.669+0000] {logging_mixin.py:149} INFO - [2023-06-28T14:47:52.668+0000] {dagbag.py:541} INFO - Filling up the DagBag from /home/airflow/.local/lib/python3.7/site-packages/airflow/example_dags/example_dynamic_task_mapping.py
[2023-06-28T14:47:52.680+0000] {processor.py:836} INFO - DAG(s) dict_keys(['example_dynamic_task_mapping']) retrieved from /home/airflow/.local/lib/python3.7/site-packages/airflow/example_dags/example_dynamic_task_mapping.py
[2023-06-28T14:47:52.715+0000] {logging_mixin.py:149} INFO - [2023-06-28T14:47:52.715+0000] {dag.py:2726} INFO - Sync 1 DAGs
[2023-06-28T14:47:52.762+0000] {logging_mixin.py:149} INFO - [2023-06-28T14:47:52.762+0000] {dag.py:3490} INFO - Setting next_dagrun for example_dynamic_task_mapping to 2022-03-04T00:00:00+00:00, run_after=2022-03-05T00:00:00+00:00
[2023-06-28T14:47:52.801+0000] {processor.py:179} INFO - Processing /home/airflow/.local/lib/python3.7/site-packages/airflow/example_dags/example_dynamic_task_mapping.py took 0.142 seconds
