[2023-06-28T14:16:22.465+0000] {processor.py:157} INFO - Started process (PID=43) to work on /home/airflow/.local/lib/python3.7/site-packages/airflow/example_dags/example_xcom.py
[2023-06-28T14:16:22.478+0000] {processor.py:826} INFO - Processing file /home/airflow/.local/lib/python3.7/site-packages/airflow/example_dags/example_xcom.py for tasks to queue
[2023-06-28T14:16:22.488+0000] {logging_mixin.py:149} INFO - [2023-06-28T14:16:22.488+0000] {dagbag.py:541} INFO - Filling up the DagBag from /home/airflow/.local/lib/python3.7/site-packages/airflow/example_dags/example_xcom.py
[2023-06-28T14:16:22.555+0000] {processor.py:836} INFO - DAG(s) dict_keys(['example_xcom']) retrieved from /home/airflow/.local/lib/python3.7/site-packages/airflow/example_dags/example_xcom.py
[2023-06-28T14:16:22.669+0000] {logging_mixin.py:149} INFO - [2023-06-28T14:16:22.669+0000] {dag.py:2726} INFO - Sync 1 DAGs
[2023-06-28T14:16:22.780+0000] {logging_mixin.py:149} INFO - [2023-06-28T14:16:22.780+0000] {dag.py:3490} INFO - Setting next_dagrun for example_xcom to 2021-01-01T00:00:00+00:00, run_after=2021-01-01T00:00:00+00:00
[2023-06-28T14:16:22.841+0000] {processor.py:179} INFO - Processing /home/airflow/.local/lib/python3.7/site-packages/airflow/example_dags/example_xcom.py took 0.402 seconds
[2023-06-28T14:16:53.726+0000] {processor.py:157} INFO - Started process (PID=102) to work on /home/airflow/.local/lib/python3.7/site-packages/airflow/example_dags/example_xcom.py
[2023-06-28T14:16:53.728+0000] {processor.py:826} INFO - Processing file /home/airflow/.local/lib/python3.7/site-packages/airflow/example_dags/example_xcom.py for tasks to queue
[2023-06-28T14:16:53.741+0000] {logging_mixin.py:149} INFO - [2023-06-28T14:16:53.741+0000] {dagbag.py:541} INFO - Filling up the DagBag from /home/airflow/.local/lib/python3.7/site-packages/airflow/example_dags/example_xcom.py
[2023-06-28T14:16:53.815+0000] {processor.py:836} INFO - DAG(s) dict_keys(['example_xcom']) retrieved from /home/airflow/.local/lib/python3.7/site-packages/airflow/example_dags/example_xcom.py
[2023-06-28T14:16:54.043+0000] {logging_mixin.py:149} INFO - [2023-06-28T14:16:54.043+0000] {dag.py:2726} INFO - Sync 1 DAGs
[2023-06-28T14:16:54.344+0000] {logging_mixin.py:149} INFO - [2023-06-28T14:16:54.344+0000] {dag.py:3490} INFO - Setting next_dagrun for example_xcom to 2021-01-01T00:00:00+00:00, run_after=2021-01-01T00:00:00+00:00
[2023-06-28T14:16:54.587+0000] {processor.py:179} INFO - Processing /home/airflow/.local/lib/python3.7/site-packages/airflow/example_dags/example_xcom.py took 0.893 seconds
[2023-06-28T14:17:24.969+0000] {processor.py:157} INFO - Started process (PID=160) to work on /home/airflow/.local/lib/python3.7/site-packages/airflow/example_dags/example_xcom.py
[2023-06-28T14:17:24.971+0000] {processor.py:826} INFO - Processing file /home/airflow/.local/lib/python3.7/site-packages/airflow/example_dags/example_xcom.py for tasks to queue
[2023-06-28T14:17:24.973+0000] {logging_mixin.py:149} INFO - [2023-06-28T14:17:24.972+0000] {dagbag.py:541} INFO - Filling up the DagBag from /home/airflow/.local/lib/python3.7/site-packages/airflow/example_dags/example_xcom.py
[2023-06-28T14:17:24.989+0000] {processor.py:836} INFO - DAG(s) dict_keys(['example_xcom']) retrieved from /home/airflow/.local/lib/python3.7/site-packages/airflow/example_dags/example_xcom.py
[2023-06-28T14:17:25.080+0000] {logging_mixin.py:149} INFO - [2023-06-28T14:17:25.080+0000] {dag.py:2726} INFO - Sync 1 DAGs
[2023-06-28T14:17:25.212+0000] {logging_mixin.py:149} INFO - [2023-06-28T14:17:25.211+0000] {dag.py:3490} INFO - Setting next_dagrun for example_xcom to 2021-01-01T00:00:00+00:00, run_after=2021-01-01T00:00:00+00:00
[2023-06-28T14:17:25.414+0000] {processor.py:179} INFO - Processing /home/airflow/.local/lib/python3.7/site-packages/airflow/example_dags/example_xcom.py took 0.456 seconds
[2023-06-28T14:17:55.919+0000] {processor.py:157} INFO - Started process (PID=219) to work on /home/airflow/.local/lib/python3.7/site-packages/airflow/example_dags/example_xcom.py
[2023-06-28T14:17:55.921+0000] {processor.py:826} INFO - Processing file /home/airflow/.local/lib/python3.7/site-packages/airflow/example_dags/example_xcom.py for tasks to queue
[2023-06-28T14:17:55.923+0000] {logging_mixin.py:149} INFO - [2023-06-28T14:17:55.923+0000] {dagbag.py:541} INFO - Filling up the DagBag from /home/airflow/.local/lib/python3.7/site-packages/airflow/example_dags/example_xcom.py
[2023-06-28T14:17:55.999+0000] {processor.py:836} INFO - DAG(s) dict_keys(['example_xcom']) retrieved from /home/airflow/.local/lib/python3.7/site-packages/airflow/example_dags/example_xcom.py
[2023-06-28T14:17:56.149+0000] {logging_mixin.py:149} INFO - [2023-06-28T14:17:56.149+0000] {dag.py:2726} INFO - Sync 1 DAGs
[2023-06-28T14:17:56.325+0000] {logging_mixin.py:149} INFO - [2023-06-28T14:17:56.325+0000] {dag.py:3490} INFO - Setting next_dagrun for example_xcom to 2021-01-01T00:00:00+00:00, run_after=2021-01-01T00:00:00+00:00
[2023-06-28T14:17:56.430+0000] {processor.py:179} INFO - Processing /home/airflow/.local/lib/python3.7/site-packages/airflow/example_dags/example_xcom.py took 0.518 seconds
[2023-06-28T14:18:26.674+0000] {processor.py:157} INFO - Started process (PID=277) to work on /home/airflow/.local/lib/python3.7/site-packages/airflow/example_dags/example_xcom.py
[2023-06-28T14:18:26.680+0000] {processor.py:826} INFO - Processing file /home/airflow/.local/lib/python3.7/site-packages/airflow/example_dags/example_xcom.py for tasks to queue
[2023-06-28T14:18:26.682+0000] {logging_mixin.py:149} INFO - [2023-06-28T14:18:26.682+0000] {dagbag.py:541} INFO - Filling up the DagBag from /home/airflow/.local/lib/python3.7/site-packages/airflow/example_dags/example_xcom.py
[2023-06-28T14:18:26.702+0000] {processor.py:836} INFO - DAG(s) dict_keys(['example_xcom']) retrieved from /home/airflow/.local/lib/python3.7/site-packages/airflow/example_dags/example_xcom.py
[2023-06-28T14:18:26.777+0000] {logging_mixin.py:149} INFO - [2023-06-28T14:18:26.776+0000] {dag.py:2726} INFO - Sync 1 DAGs
[2023-06-28T14:18:26.832+0000] {logging_mixin.py:149} INFO - [2023-06-28T14:18:26.832+0000] {dag.py:3490} INFO - Setting next_dagrun for example_xcom to 2021-01-01T00:00:00+00:00, run_after=2021-01-01T00:00:00+00:00
[2023-06-28T14:18:26.871+0000] {processor.py:179} INFO - Processing /home/airflow/.local/lib/python3.7/site-packages/airflow/example_dags/example_xcom.py took 0.211 seconds
[2023-06-28T14:18:56.928+0000] {processor.py:157} INFO - Started process (PID=335) to work on /home/airflow/.local/lib/python3.7/site-packages/airflow/example_dags/example_xcom.py
[2023-06-28T14:18:56.929+0000] {processor.py:826} INFO - Processing file /home/airflow/.local/lib/python3.7/site-packages/airflow/example_dags/example_xcom.py for tasks to queue
[2023-06-28T14:18:56.930+0000] {logging_mixin.py:149} INFO - [2023-06-28T14:18:56.930+0000] {dagbag.py:541} INFO - Filling up the DagBag from /home/airflow/.local/lib/python3.7/site-packages/airflow/example_dags/example_xcom.py
[2023-06-28T14:18:56.939+0000] {processor.py:836} INFO - DAG(s) dict_keys(['example_xcom']) retrieved from /home/airflow/.local/lib/python3.7/site-packages/airflow/example_dags/example_xcom.py
[2023-06-28T14:18:56.972+0000] {logging_mixin.py:149} INFO - [2023-06-28T14:18:56.972+0000] {dag.py:2726} INFO - Sync 1 DAGs
[2023-06-28T14:18:57.005+0000] {logging_mixin.py:149} INFO - [2023-06-28T14:18:57.005+0000] {dag.py:3490} INFO - Setting next_dagrun for example_xcom to 2021-01-01T00:00:00+00:00, run_after=2021-01-01T00:00:00+00:00
[2023-06-28T14:18:57.036+0000] {processor.py:179} INFO - Processing /home/airflow/.local/lib/python3.7/site-packages/airflow/example_dags/example_xcom.py took 0.112 seconds
[2023-06-28T14:19:27.713+0000] {processor.py:157} INFO - Started process (PID=394) to work on /home/airflow/.local/lib/python3.7/site-packages/airflow/example_dags/example_xcom.py
[2023-06-28T14:19:27.716+0000] {processor.py:826} INFO - Processing file /home/airflow/.local/lib/python3.7/site-packages/airflow/example_dags/example_xcom.py for tasks to queue
[2023-06-28T14:19:27.718+0000] {logging_mixin.py:149} INFO - [2023-06-28T14:19:27.718+0000] {dagbag.py:541} INFO - Filling up the DagBag from /home/airflow/.local/lib/python3.7/site-packages/airflow/example_dags/example_xcom.py
[2023-06-28T14:19:27.761+0000] {processor.py:836} INFO - DAG(s) dict_keys(['example_xcom']) retrieved from /home/airflow/.local/lib/python3.7/site-packages/airflow/example_dags/example_xcom.py
[2023-06-28T14:19:27.871+0000] {logging_mixin.py:149} INFO - [2023-06-28T14:19:27.871+0000] {dag.py:2726} INFO - Sync 1 DAGs
[2023-06-28T14:19:27.926+0000] {logging_mixin.py:149} INFO - [2023-06-28T14:19:27.925+0000] {dag.py:3490} INFO - Setting next_dagrun for example_xcom to 2021-01-01T00:00:00+00:00, run_after=2021-01-01T00:00:00+00:00
[2023-06-28T14:19:27.963+0000] {processor.py:179} INFO - Processing /home/airflow/.local/lib/python3.7/site-packages/airflow/example_dags/example_xcom.py took 0.268 seconds
[2023-06-28T14:19:58.559+0000] {processor.py:157} INFO - Started process (PID=453) to work on /home/airflow/.local/lib/python3.7/site-packages/airflow/example_dags/example_xcom.py
[2023-06-28T14:19:58.573+0000] {processor.py:826} INFO - Processing file /home/airflow/.local/lib/python3.7/site-packages/airflow/example_dags/example_xcom.py for tasks to queue
[2023-06-28T14:19:58.589+0000] {logging_mixin.py:149} INFO - [2023-06-28T14:19:58.589+0000] {dagbag.py:541} INFO - Filling up the DagBag from /home/airflow/.local/lib/python3.7/site-packages/airflow/example_dags/example_xcom.py
[2023-06-28T14:19:58.643+0000] {processor.py:836} INFO - DAG(s) dict_keys(['example_xcom']) retrieved from /home/airflow/.local/lib/python3.7/site-packages/airflow/example_dags/example_xcom.py
[2023-06-28T14:19:58.812+0000] {logging_mixin.py:149} INFO - [2023-06-28T14:19:58.811+0000] {dag.py:2726} INFO - Sync 1 DAGs
[2023-06-28T14:19:59.009+0000] {logging_mixin.py:149} INFO - [2023-06-28T14:19:59.009+0000] {dag.py:3490} INFO - Setting next_dagrun for example_xcom to 2021-01-01T00:00:00+00:00, run_after=2021-01-01T00:00:00+00:00
[2023-06-28T14:19:59.170+0000] {processor.py:179} INFO - Processing /home/airflow/.local/lib/python3.7/site-packages/airflow/example_dags/example_xcom.py took 0.627 seconds
[2023-06-28T14:20:29.438+0000] {processor.py:157} INFO - Started process (PID=507) to work on /home/airflow/.local/lib/python3.7/site-packages/airflow/example_dags/example_xcom.py
[2023-06-28T14:20:29.440+0000] {processor.py:826} INFO - Processing file /home/airflow/.local/lib/python3.7/site-packages/airflow/example_dags/example_xcom.py for tasks to queue
[2023-06-28T14:20:29.441+0000] {logging_mixin.py:149} INFO - [2023-06-28T14:20:29.441+0000] {dagbag.py:541} INFO - Filling up the DagBag from /home/airflow/.local/lib/python3.7/site-packages/airflow/example_dags/example_xcom.py
[2023-06-28T14:20:29.450+0000] {processor.py:836} INFO - DAG(s) dict_keys(['example_xcom']) retrieved from /home/airflow/.local/lib/python3.7/site-packages/airflow/example_dags/example_xcom.py
[2023-06-28T14:20:29.495+0000] {logging_mixin.py:149} INFO - [2023-06-28T14:20:29.495+0000] {dag.py:2726} INFO - Sync 1 DAGs
[2023-06-28T14:20:29.556+0000] {logging_mixin.py:149} INFO - [2023-06-28T14:20:29.555+0000] {dag.py:3490} INFO - Setting next_dagrun for example_xcom to 2021-01-01T00:00:00+00:00, run_after=2021-01-01T00:00:00+00:00
[2023-06-28T14:20:29.596+0000] {processor.py:179} INFO - Processing /home/airflow/.local/lib/python3.7/site-packages/airflow/example_dags/example_xcom.py took 0.162 seconds
[2023-06-28T14:20:59.907+0000] {processor.py:157} INFO - Started process (PID=566) to work on /home/airflow/.local/lib/python3.7/site-packages/airflow/example_dags/example_xcom.py
[2023-06-28T14:20:59.908+0000] {processor.py:826} INFO - Processing file /home/airflow/.local/lib/python3.7/site-packages/airflow/example_dags/example_xcom.py for tasks to queue
[2023-06-28T14:20:59.909+0000] {logging_mixin.py:149} INFO - [2023-06-28T14:20:59.909+0000] {dagbag.py:541} INFO - Filling up the DagBag from /home/airflow/.local/lib/python3.7/site-packages/airflow/example_dags/example_xcom.py
[2023-06-28T14:20:59.919+0000] {processor.py:836} INFO - DAG(s) dict_keys(['example_xcom']) retrieved from /home/airflow/.local/lib/python3.7/site-packages/airflow/example_dags/example_xcom.py
[2023-06-28T14:20:59.952+0000] {logging_mixin.py:149} INFO - [2023-06-28T14:20:59.952+0000] {dag.py:2726} INFO - Sync 1 DAGs
[2023-06-28T14:20:59.985+0000] {logging_mixin.py:149} INFO - [2023-06-28T14:20:59.985+0000] {dag.py:3490} INFO - Setting next_dagrun for example_xcom to 2021-01-01T00:00:00+00:00, run_after=2021-01-01T00:00:00+00:00
[2023-06-28T14:21:00.023+0000] {processor.py:179} INFO - Processing /home/airflow/.local/lib/python3.7/site-packages/airflow/example_dags/example_xcom.py took 0.120 seconds
[2023-06-28T14:21:30.221+0000] {processor.py:157} INFO - Started process (PID=626) to work on /home/airflow/.local/lib/python3.7/site-packages/airflow/example_dags/example_xcom.py
[2023-06-28T14:21:30.222+0000] {processor.py:826} INFO - Processing file /home/airflow/.local/lib/python3.7/site-packages/airflow/example_dags/example_xcom.py for tasks to queue
[2023-06-28T14:21:30.224+0000] {logging_mixin.py:149} INFO - [2023-06-28T14:21:30.224+0000] {dagbag.py:541} INFO - Filling up the DagBag from /home/airflow/.local/lib/python3.7/site-packages/airflow/example_dags/example_xcom.py
[2023-06-28T14:21:30.244+0000] {processor.py:836} INFO - DAG(s) dict_keys(['example_xcom']) retrieved from /home/airflow/.local/lib/python3.7/site-packages/airflow/example_dags/example_xcom.py
[2023-06-28T14:21:30.287+0000] {logging_mixin.py:149} INFO - [2023-06-28T14:21:30.286+0000] {dag.py:2726} INFO - Sync 1 DAGs
[2023-06-28T14:21:30.350+0000] {logging_mixin.py:149} INFO - [2023-06-28T14:21:30.350+0000] {dag.py:3490} INFO - Setting next_dagrun for example_xcom to 2021-01-01T00:00:00+00:00, run_after=2021-01-01T00:00:00+00:00
[2023-06-28T14:21:30.403+0000] {processor.py:179} INFO - Processing /home/airflow/.local/lib/python3.7/site-packages/airflow/example_dags/example_xcom.py took 0.188 seconds
[2023-06-28T14:22:00.979+0000] {processor.py:157} INFO - Started process (PID=686) to work on /home/airflow/.local/lib/python3.7/site-packages/airflow/example_dags/example_xcom.py
[2023-06-28T14:22:00.980+0000] {processor.py:826} INFO - Processing file /home/airflow/.local/lib/python3.7/site-packages/airflow/example_dags/example_xcom.py for tasks to queue
[2023-06-28T14:22:00.981+0000] {logging_mixin.py:149} INFO - [2023-06-28T14:22:00.981+0000] {dagbag.py:541} INFO - Filling up the DagBag from /home/airflow/.local/lib/python3.7/site-packages/airflow/example_dags/example_xcom.py
[2023-06-28T14:22:00.991+0000] {processor.py:836} INFO - DAG(s) dict_keys(['example_xcom']) retrieved from /home/airflow/.local/lib/python3.7/site-packages/airflow/example_dags/example_xcom.py
[2023-06-28T14:22:01.024+0000] {logging_mixin.py:149} INFO - [2023-06-28T14:22:01.024+0000] {dag.py:2726} INFO - Sync 1 DAGs
[2023-06-28T14:22:01.057+0000] {logging_mixin.py:149} INFO - [2023-06-28T14:22:01.057+0000] {dag.py:3490} INFO - Setting next_dagrun for example_xcom to 2021-01-01T00:00:00+00:00, run_after=2021-01-01T00:00:00+00:00
[2023-06-28T14:22:01.090+0000] {processor.py:179} INFO - Processing /home/airflow/.local/lib/python3.7/site-packages/airflow/example_dags/example_xcom.py took 0.115 seconds
[2023-06-28T14:22:31.259+0000] {processor.py:157} INFO - Started process (PID=745) to work on /home/airflow/.local/lib/python3.7/site-packages/airflow/example_dags/example_xcom.py
[2023-06-28T14:22:31.261+0000] {processor.py:826} INFO - Processing file /home/airflow/.local/lib/python3.7/site-packages/airflow/example_dags/example_xcom.py for tasks to queue
[2023-06-28T14:22:31.262+0000] {logging_mixin.py:149} INFO - [2023-06-28T14:22:31.262+0000] {dagbag.py:541} INFO - Filling up the DagBag from /home/airflow/.local/lib/python3.7/site-packages/airflow/example_dags/example_xcom.py
[2023-06-28T14:22:31.272+0000] {processor.py:836} INFO - DAG(s) dict_keys(['example_xcom']) retrieved from /home/airflow/.local/lib/python3.7/site-packages/airflow/example_dags/example_xcom.py
[2023-06-28T14:22:31.305+0000] {logging_mixin.py:149} INFO - [2023-06-28T14:22:31.305+0000] {dag.py:2726} INFO - Sync 1 DAGs
[2023-06-28T14:22:31.338+0000] {logging_mixin.py:149} INFO - [2023-06-28T14:22:31.338+0000] {dag.py:3490} INFO - Setting next_dagrun for example_xcom to 2021-01-01T00:00:00+00:00, run_after=2021-01-01T00:00:00+00:00
[2023-06-28T14:22:31.370+0000] {processor.py:179} INFO - Processing /home/airflow/.local/lib/python3.7/site-packages/airflow/example_dags/example_xcom.py took 0.114 seconds
[2023-06-28T14:23:01.787+0000] {processor.py:157} INFO - Started process (PID=804) to work on /home/airflow/.local/lib/python3.7/site-packages/airflow/example_dags/example_xcom.py
[2023-06-28T14:23:01.789+0000] {processor.py:826} INFO - Processing file /home/airflow/.local/lib/python3.7/site-packages/airflow/example_dags/example_xcom.py for tasks to queue
[2023-06-28T14:23:01.790+0000] {logging_mixin.py:149} INFO - [2023-06-28T14:23:01.790+0000] {dagbag.py:541} INFO - Filling up the DagBag from /home/airflow/.local/lib/python3.7/site-packages/airflow/example_dags/example_xcom.py
[2023-06-28T14:23:01.798+0000] {processor.py:836} INFO - DAG(s) dict_keys(['example_xcom']) retrieved from /home/airflow/.local/lib/python3.7/site-packages/airflow/example_dags/example_xcom.py
[2023-06-28T14:23:01.830+0000] {logging_mixin.py:149} INFO - [2023-06-28T14:23:01.830+0000] {dag.py:2726} INFO - Sync 1 DAGs
[2023-06-28T14:23:01.863+0000] {logging_mixin.py:149} INFO - [2023-06-28T14:23:01.863+0000] {dag.py:3490} INFO - Setting next_dagrun for example_xcom to 2021-01-01T00:00:00+00:00, run_after=2021-01-01T00:00:00+00:00
[2023-06-28T14:23:01.896+0000] {processor.py:179} INFO - Processing /home/airflow/.local/lib/python3.7/site-packages/airflow/example_dags/example_xcom.py took 0.113 seconds
[2023-06-28T14:23:32.195+0000] {processor.py:157} INFO - Started process (PID=864) to work on /home/airflow/.local/lib/python3.7/site-packages/airflow/example_dags/example_xcom.py
[2023-06-28T14:23:32.198+0000] {processor.py:826} INFO - Processing file /home/airflow/.local/lib/python3.7/site-packages/airflow/example_dags/example_xcom.py for tasks to queue
[2023-06-28T14:23:32.200+0000] {logging_mixin.py:149} INFO - [2023-06-28T14:23:32.200+0000] {dagbag.py:541} INFO - Filling up the DagBag from /home/airflow/.local/lib/python3.7/site-packages/airflow/example_dags/example_xcom.py
[2023-06-28T14:23:32.218+0000] {processor.py:836} INFO - DAG(s) dict_keys(['example_xcom']) retrieved from /home/airflow/.local/lib/python3.7/site-packages/airflow/example_dags/example_xcom.py
[2023-06-28T14:23:32.252+0000] {logging_mixin.py:149} INFO - [2023-06-28T14:23:32.252+0000] {dag.py:2726} INFO - Sync 1 DAGs
[2023-06-28T14:23:32.284+0000] {logging_mixin.py:149} INFO - [2023-06-28T14:23:32.284+0000] {dag.py:3490} INFO - Setting next_dagrun for example_xcom to 2021-01-01T00:00:00+00:00, run_after=2021-01-01T00:00:00+00:00
[2023-06-28T14:23:32.316+0000] {processor.py:179} INFO - Processing /home/airflow/.local/lib/python3.7/site-packages/airflow/example_dags/example_xcom.py took 0.132 seconds
[2023-06-28T14:24:02.499+0000] {processor.py:157} INFO - Started process (PID=923) to work on /home/airflow/.local/lib/python3.7/site-packages/airflow/example_dags/example_xcom.py
[2023-06-28T14:24:02.501+0000] {processor.py:826} INFO - Processing file /home/airflow/.local/lib/python3.7/site-packages/airflow/example_dags/example_xcom.py for tasks to queue
[2023-06-28T14:24:02.503+0000] {logging_mixin.py:149} INFO - [2023-06-28T14:24:02.503+0000] {dagbag.py:541} INFO - Filling up the DagBag from /home/airflow/.local/lib/python3.7/site-packages/airflow/example_dags/example_xcom.py
[2023-06-28T14:24:02.515+0000] {processor.py:836} INFO - DAG(s) dict_keys(['example_xcom']) retrieved from /home/airflow/.local/lib/python3.7/site-packages/airflow/example_dags/example_xcom.py
[2023-06-28T14:24:02.551+0000] {logging_mixin.py:149} INFO - [2023-06-28T14:24:02.550+0000] {dag.py:2726} INFO - Sync 1 DAGs
[2023-06-28T14:24:02.594+0000] {logging_mixin.py:149} INFO - [2023-06-28T14:24:02.594+0000] {dag.py:3490} INFO - Setting next_dagrun for example_xcom to 2021-01-01T00:00:00+00:00, run_after=2021-01-01T00:00:00+00:00
[2023-06-28T14:24:02.631+0000] {processor.py:179} INFO - Processing /home/airflow/.local/lib/python3.7/site-packages/airflow/example_dags/example_xcom.py took 0.137 seconds
[2023-06-28T14:24:33.188+0000] {processor.py:157} INFO - Started process (PID=981) to work on /home/airflow/.local/lib/python3.7/site-packages/airflow/example_dags/example_xcom.py
[2023-06-28T14:24:33.189+0000] {processor.py:826} INFO - Processing file /home/airflow/.local/lib/python3.7/site-packages/airflow/example_dags/example_xcom.py for tasks to queue
[2023-06-28T14:24:33.190+0000] {logging_mixin.py:149} INFO - [2023-06-28T14:24:33.190+0000] {dagbag.py:541} INFO - Filling up the DagBag from /home/airflow/.local/lib/python3.7/site-packages/airflow/example_dags/example_xcom.py
[2023-06-28T14:24:33.199+0000] {processor.py:836} INFO - DAG(s) dict_keys(['example_xcom']) retrieved from /home/airflow/.local/lib/python3.7/site-packages/airflow/example_dags/example_xcom.py
[2023-06-28T14:24:33.231+0000] {logging_mixin.py:149} INFO - [2023-06-28T14:24:33.231+0000] {dag.py:2726} INFO - Sync 1 DAGs
[2023-06-28T14:24:33.266+0000] {logging_mixin.py:149} INFO - [2023-06-28T14:24:33.265+0000] {dag.py:3490} INFO - Setting next_dagrun for example_xcom to 2021-01-01T00:00:00+00:00, run_after=2021-01-01T00:00:00+00:00
[2023-06-28T14:24:33.298+0000] {processor.py:179} INFO - Processing /home/airflow/.local/lib/python3.7/site-packages/airflow/example_dags/example_xcom.py took 0.115 seconds
[2023-06-28T14:25:03.764+0000] {processor.py:157} INFO - Started process (PID=1041) to work on /home/airflow/.local/lib/python3.7/site-packages/airflow/example_dags/example_xcom.py
[2023-06-28T14:25:03.765+0000] {processor.py:826} INFO - Processing file /home/airflow/.local/lib/python3.7/site-packages/airflow/example_dags/example_xcom.py for tasks to queue
[2023-06-28T14:25:03.767+0000] {logging_mixin.py:149} INFO - [2023-06-28T14:25:03.767+0000] {dagbag.py:541} INFO - Filling up the DagBag from /home/airflow/.local/lib/python3.7/site-packages/airflow/example_dags/example_xcom.py
[2023-06-28T14:25:03.779+0000] {processor.py:836} INFO - DAG(s) dict_keys(['example_xcom']) retrieved from /home/airflow/.local/lib/python3.7/site-packages/airflow/example_dags/example_xcom.py
[2023-06-28T14:25:03.814+0000] {logging_mixin.py:149} INFO - [2023-06-28T14:25:03.814+0000] {dag.py:2726} INFO - Sync 1 DAGs
[2023-06-28T14:25:03.850+0000] {logging_mixin.py:149} INFO - [2023-06-28T14:25:03.850+0000] {dag.py:3490} INFO - Setting next_dagrun for example_xcom to 2021-01-01T00:00:00+00:00, run_after=2021-01-01T00:00:00+00:00
[2023-06-28T14:25:03.893+0000] {processor.py:179} INFO - Processing /home/airflow/.local/lib/python3.7/site-packages/airflow/example_dags/example_xcom.py took 0.133 seconds
[2023-06-28T14:25:34.262+0000] {processor.py:157} INFO - Started process (PID=1099) to work on /home/airflow/.local/lib/python3.7/site-packages/airflow/example_dags/example_xcom.py
[2023-06-28T14:25:34.263+0000] {processor.py:826} INFO - Processing file /home/airflow/.local/lib/python3.7/site-packages/airflow/example_dags/example_xcom.py for tasks to queue
[2023-06-28T14:25:34.264+0000] {logging_mixin.py:149} INFO - [2023-06-28T14:25:34.264+0000] {dagbag.py:541} INFO - Filling up the DagBag from /home/airflow/.local/lib/python3.7/site-packages/airflow/example_dags/example_xcom.py
[2023-06-28T14:25:34.273+0000] {processor.py:836} INFO - DAG(s) dict_keys(['example_xcom']) retrieved from /home/airflow/.local/lib/python3.7/site-packages/airflow/example_dags/example_xcom.py
[2023-06-28T14:25:34.306+0000] {logging_mixin.py:149} INFO - [2023-06-28T14:25:34.305+0000] {dag.py:2726} INFO - Sync 1 DAGs
[2023-06-28T14:25:34.340+0000] {logging_mixin.py:149} INFO - [2023-06-28T14:25:34.340+0000] {dag.py:3490} INFO - Setting next_dagrun for example_xcom to 2021-01-01T00:00:00+00:00, run_after=2021-01-01T00:00:00+00:00
[2023-06-28T14:25:34.371+0000] {processor.py:179} INFO - Processing /home/airflow/.local/lib/python3.7/site-packages/airflow/example_dags/example_xcom.py took 0.113 seconds
[2023-06-28T14:26:04.899+0000] {processor.py:157} INFO - Started process (PID=1158) to work on /home/airflow/.local/lib/python3.7/site-packages/airflow/example_dags/example_xcom.py
[2023-06-28T14:26:04.900+0000] {processor.py:826} INFO - Processing file /home/airflow/.local/lib/python3.7/site-packages/airflow/example_dags/example_xcom.py for tasks to queue
[2023-06-28T14:26:04.902+0000] {logging_mixin.py:149} INFO - [2023-06-28T14:26:04.901+0000] {dagbag.py:541} INFO - Filling up the DagBag from /home/airflow/.local/lib/python3.7/site-packages/airflow/example_dags/example_xcom.py
[2023-06-28T14:26:04.911+0000] {processor.py:836} INFO - DAG(s) dict_keys(['example_xcom']) retrieved from /home/airflow/.local/lib/python3.7/site-packages/airflow/example_dags/example_xcom.py
[2023-06-28T14:26:04.943+0000] {logging_mixin.py:149} INFO - [2023-06-28T14:26:04.943+0000] {dag.py:2726} INFO - Sync 1 DAGs
[2023-06-28T14:26:04.979+0000] {logging_mixin.py:149} INFO - [2023-06-28T14:26:04.979+0000] {dag.py:3490} INFO - Setting next_dagrun for example_xcom to 2021-01-01T00:00:00+00:00, run_after=2021-01-01T00:00:00+00:00
[2023-06-28T14:26:05.024+0000] {processor.py:179} INFO - Processing /home/airflow/.local/lib/python3.7/site-packages/airflow/example_dags/example_xcom.py took 0.130 seconds
[2023-06-28T14:26:35.132+0000] {processor.py:157} INFO - Started process (PID=1218) to work on /home/airflow/.local/lib/python3.7/site-packages/airflow/example_dags/example_xcom.py
[2023-06-28T14:26:35.133+0000] {processor.py:826} INFO - Processing file /home/airflow/.local/lib/python3.7/site-packages/airflow/example_dags/example_xcom.py for tasks to queue
[2023-06-28T14:26:35.135+0000] {logging_mixin.py:149} INFO - [2023-06-28T14:26:35.135+0000] {dagbag.py:541} INFO - Filling up the DagBag from /home/airflow/.local/lib/python3.7/site-packages/airflow/example_dags/example_xcom.py
[2023-06-28T14:26:35.150+0000] {processor.py:836} INFO - DAG(s) dict_keys(['example_xcom']) retrieved from /home/airflow/.local/lib/python3.7/site-packages/airflow/example_dags/example_xcom.py
[2023-06-28T14:26:35.253+0000] {logging_mixin.py:149} INFO - [2023-06-28T14:26:35.252+0000] {dag.py:2726} INFO - Sync 1 DAGs
[2023-06-28T14:26:35.313+0000] {logging_mixin.py:149} INFO - [2023-06-28T14:26:35.313+0000] {dag.py:3490} INFO - Setting next_dagrun for example_xcom to 2021-01-01T00:00:00+00:00, run_after=2021-01-01T00:00:00+00:00
[2023-06-28T14:26:35.361+0000] {processor.py:179} INFO - Processing /home/airflow/.local/lib/python3.7/site-packages/airflow/example_dags/example_xcom.py took 0.234 seconds
[2023-06-28T14:27:05.945+0000] {processor.py:157} INFO - Started process (PID=1276) to work on /home/airflow/.local/lib/python3.7/site-packages/airflow/example_dags/example_xcom.py
[2023-06-28T14:27:05.946+0000] {processor.py:826} INFO - Processing file /home/airflow/.local/lib/python3.7/site-packages/airflow/example_dags/example_xcom.py for tasks to queue
[2023-06-28T14:27:05.948+0000] {logging_mixin.py:149} INFO - [2023-06-28T14:27:05.947+0000] {dagbag.py:541} INFO - Filling up the DagBag from /home/airflow/.local/lib/python3.7/site-packages/airflow/example_dags/example_xcom.py
[2023-06-28T14:27:05.957+0000] {processor.py:836} INFO - DAG(s) dict_keys(['example_xcom']) retrieved from /home/airflow/.local/lib/python3.7/site-packages/airflow/example_dags/example_xcom.py
[2023-06-28T14:27:05.993+0000] {logging_mixin.py:149} INFO - [2023-06-28T14:27:05.992+0000] {dag.py:2726} INFO - Sync 1 DAGs
[2023-06-28T14:27:06.032+0000] {logging_mixin.py:149} INFO - [2023-06-28T14:27:06.031+0000] {dag.py:3490} INFO - Setting next_dagrun for example_xcom to 2021-01-01T00:00:00+00:00, run_after=2021-01-01T00:00:00+00:00
[2023-06-28T14:27:06.078+0000] {processor.py:179} INFO - Processing /home/airflow/.local/lib/python3.7/site-packages/airflow/example_dags/example_xcom.py took 0.137 seconds
[2023-06-28T14:27:36.521+0000] {processor.py:157} INFO - Started process (PID=1335) to work on /home/airflow/.local/lib/python3.7/site-packages/airflow/example_dags/example_xcom.py
[2023-06-28T14:27:36.531+0000] {processor.py:826} INFO - Processing file /home/airflow/.local/lib/python3.7/site-packages/airflow/example_dags/example_xcom.py for tasks to queue
[2023-06-28T14:27:36.533+0000] {logging_mixin.py:149} INFO - [2023-06-28T14:27:36.533+0000] {dagbag.py:541} INFO - Filling up the DagBag from /home/airflow/.local/lib/python3.7/site-packages/airflow/example_dags/example_xcom.py
[2023-06-28T14:27:36.557+0000] {processor.py:836} INFO - DAG(s) dict_keys(['example_xcom']) retrieved from /home/airflow/.local/lib/python3.7/site-packages/airflow/example_dags/example_xcom.py
[2023-06-28T14:27:36.614+0000] {logging_mixin.py:149} INFO - [2023-06-28T14:27:36.614+0000] {dag.py:2726} INFO - Sync 1 DAGs
[2023-06-28T14:27:36.675+0000] {logging_mixin.py:149} INFO - [2023-06-28T14:27:36.674+0000] {dag.py:3490} INFO - Setting next_dagrun for example_xcom to 2021-01-01T00:00:00+00:00, run_after=2021-01-01T00:00:00+00:00
[2023-06-28T14:27:36.714+0000] {processor.py:179} INFO - Processing /home/airflow/.local/lib/python3.7/site-packages/airflow/example_dags/example_xcom.py took 0.199 seconds
[2023-06-28T14:28:06.800+0000] {processor.py:157} INFO - Started process (PID=1395) to work on /home/airflow/.local/lib/python3.7/site-packages/airflow/example_dags/example_xcom.py
[2023-06-28T14:28:06.802+0000] {processor.py:826} INFO - Processing file /home/airflow/.local/lib/python3.7/site-packages/airflow/example_dags/example_xcom.py for tasks to queue
[2023-06-28T14:28:06.804+0000] {logging_mixin.py:149} INFO - [2023-06-28T14:28:06.804+0000] {dagbag.py:541} INFO - Filling up the DagBag from /home/airflow/.local/lib/python3.7/site-packages/airflow/example_dags/example_xcom.py
[2023-06-28T14:28:06.818+0000] {processor.py:836} INFO - DAG(s) dict_keys(['example_xcom']) retrieved from /home/airflow/.local/lib/python3.7/site-packages/airflow/example_dags/example_xcom.py
[2023-06-28T14:28:06.862+0000] {logging_mixin.py:149} INFO - [2023-06-28T14:28:06.862+0000] {dag.py:2726} INFO - Sync 1 DAGs
[2023-06-28T14:28:06.903+0000] {logging_mixin.py:149} INFO - [2023-06-28T14:28:06.903+0000] {dag.py:3490} INFO - Setting next_dagrun for example_xcom to 2021-01-01T00:00:00+00:00, run_after=2021-01-01T00:00:00+00:00
[2023-06-28T14:28:06.940+0000] {processor.py:179} INFO - Processing /home/airflow/.local/lib/python3.7/site-packages/airflow/example_dags/example_xcom.py took 0.146 seconds
[2023-06-28T14:28:37.167+0000] {processor.py:157} INFO - Started process (PID=1453) to work on /home/airflow/.local/lib/python3.7/site-packages/airflow/example_dags/example_xcom.py
[2023-06-28T14:28:37.169+0000] {processor.py:826} INFO - Processing file /home/airflow/.local/lib/python3.7/site-packages/airflow/example_dags/example_xcom.py for tasks to queue
[2023-06-28T14:28:37.171+0000] {logging_mixin.py:149} INFO - [2023-06-28T14:28:37.170+0000] {dagbag.py:541} INFO - Filling up the DagBag from /home/airflow/.local/lib/python3.7/site-packages/airflow/example_dags/example_xcom.py
[2023-06-28T14:28:37.184+0000] {processor.py:836} INFO - DAG(s) dict_keys(['example_xcom']) retrieved from /home/airflow/.local/lib/python3.7/site-packages/airflow/example_dags/example_xcom.py
[2023-06-28T14:28:37.220+0000] {logging_mixin.py:149} INFO - [2023-06-28T14:28:37.220+0000] {dag.py:2726} INFO - Sync 1 DAGs
[2023-06-28T14:28:37.253+0000] {logging_mixin.py:149} INFO - [2023-06-28T14:28:37.252+0000] {dag.py:3490} INFO - Setting next_dagrun for example_xcom to 2021-01-01T00:00:00+00:00, run_after=2021-01-01T00:00:00+00:00
[2023-06-28T14:28:37.284+0000] {processor.py:179} INFO - Processing /home/airflow/.local/lib/python3.7/site-packages/airflow/example_dags/example_xcom.py took 0.122 seconds
[2023-06-28T14:29:07.410+0000] {processor.py:157} INFO - Started process (PID=1513) to work on /home/airflow/.local/lib/python3.7/site-packages/airflow/example_dags/example_xcom.py
[2023-06-28T14:29:07.411+0000] {processor.py:826} INFO - Processing file /home/airflow/.local/lib/python3.7/site-packages/airflow/example_dags/example_xcom.py for tasks to queue
[2023-06-28T14:29:07.413+0000] {logging_mixin.py:149} INFO - [2023-06-28T14:29:07.413+0000] {dagbag.py:541} INFO - Filling up the DagBag from /home/airflow/.local/lib/python3.7/site-packages/airflow/example_dags/example_xcom.py
[2023-06-28T14:29:07.426+0000] {processor.py:836} INFO - DAG(s) dict_keys(['example_xcom']) retrieved from /home/airflow/.local/lib/python3.7/site-packages/airflow/example_dags/example_xcom.py
[2023-06-28T14:29:07.462+0000] {logging_mixin.py:149} INFO - [2023-06-28T14:29:07.462+0000] {dag.py:2726} INFO - Sync 1 DAGs
[2023-06-28T14:29:07.505+0000] {logging_mixin.py:149} INFO - [2023-06-28T14:29:07.505+0000] {dag.py:3490} INFO - Setting next_dagrun for example_xcom to 2021-01-01T00:00:00+00:00, run_after=2021-01-01T00:00:00+00:00
[2023-06-28T14:29:07.543+0000] {processor.py:179} INFO - Processing /home/airflow/.local/lib/python3.7/site-packages/airflow/example_dags/example_xcom.py took 0.137 seconds
[2023-06-28T14:29:37.792+0000] {processor.py:157} INFO - Started process (PID=1573) to work on /home/airflow/.local/lib/python3.7/site-packages/airflow/example_dags/example_xcom.py
[2023-06-28T14:29:37.794+0000] {processor.py:826} INFO - Processing file /home/airflow/.local/lib/python3.7/site-packages/airflow/example_dags/example_xcom.py for tasks to queue
[2023-06-28T14:29:37.796+0000] {logging_mixin.py:149} INFO - [2023-06-28T14:29:37.796+0000] {dagbag.py:541} INFO - Filling up the DagBag from /home/airflow/.local/lib/python3.7/site-packages/airflow/example_dags/example_xcom.py
[2023-06-28T14:29:37.809+0000] {processor.py:836} INFO - DAG(s) dict_keys(['example_xcom']) retrieved from /home/airflow/.local/lib/python3.7/site-packages/airflow/example_dags/example_xcom.py
[2023-06-28T14:29:37.850+0000] {logging_mixin.py:149} INFO - [2023-06-28T14:29:37.850+0000] {dag.py:2726} INFO - Sync 1 DAGs
[2023-06-28T14:29:37.898+0000] {logging_mixin.py:149} INFO - [2023-06-28T14:29:37.898+0000] {dag.py:3490} INFO - Setting next_dagrun for example_xcom to 2021-01-01T00:00:00+00:00, run_after=2021-01-01T00:00:00+00:00
[2023-06-28T14:29:37.946+0000] {processor.py:179} INFO - Processing /home/airflow/.local/lib/python3.7/site-packages/airflow/example_dags/example_xcom.py took 0.160 seconds
[2023-06-28T14:30:08.170+0000] {processor.py:157} INFO - Started process (PID=1632) to work on /home/airflow/.local/lib/python3.7/site-packages/airflow/example_dags/example_xcom.py
[2023-06-28T14:30:08.174+0000] {processor.py:826} INFO - Processing file /home/airflow/.local/lib/python3.7/site-packages/airflow/example_dags/example_xcom.py for tasks to queue
[2023-06-28T14:30:08.176+0000] {logging_mixin.py:149} INFO - [2023-06-28T14:30:08.176+0000] {dagbag.py:541} INFO - Filling up the DagBag from /home/airflow/.local/lib/python3.7/site-packages/airflow/example_dags/example_xcom.py
[2023-06-28T14:30:08.210+0000] {processor.py:836} INFO - DAG(s) dict_keys(['example_xcom']) retrieved from /home/airflow/.local/lib/python3.7/site-packages/airflow/example_dags/example_xcom.py
[2023-06-28T14:30:08.271+0000] {logging_mixin.py:149} INFO - [2023-06-28T14:30:08.271+0000] {dag.py:2726} INFO - Sync 1 DAGs
[2023-06-28T14:30:08.311+0000] {logging_mixin.py:149} INFO - [2023-06-28T14:30:08.311+0000] {dag.py:3490} INFO - Setting next_dagrun for example_xcom to 2021-01-01T00:00:00+00:00, run_after=2021-01-01T00:00:00+00:00
[2023-06-28T14:30:08.362+0000] {processor.py:179} INFO - Processing /home/airflow/.local/lib/python3.7/site-packages/airflow/example_dags/example_xcom.py took 0.204 seconds
[2023-06-28T14:30:38.677+0000] {processor.py:157} INFO - Started process (PID=1691) to work on /home/airflow/.local/lib/python3.7/site-packages/airflow/example_dags/example_xcom.py
[2023-06-28T14:30:38.679+0000] {processor.py:826} INFO - Processing file /home/airflow/.local/lib/python3.7/site-packages/airflow/example_dags/example_xcom.py for tasks to queue
[2023-06-28T14:30:38.680+0000] {logging_mixin.py:149} INFO - [2023-06-28T14:30:38.680+0000] {dagbag.py:541} INFO - Filling up the DagBag from /home/airflow/.local/lib/python3.7/site-packages/airflow/example_dags/example_xcom.py
[2023-06-28T14:30:38.689+0000] {processor.py:836} INFO - DAG(s) dict_keys(['example_xcom']) retrieved from /home/airflow/.local/lib/python3.7/site-packages/airflow/example_dags/example_xcom.py
[2023-06-28T14:30:38.723+0000] {logging_mixin.py:149} INFO - [2023-06-28T14:30:38.723+0000] {dag.py:2726} INFO - Sync 1 DAGs
[2023-06-28T14:30:38.756+0000] {logging_mixin.py:149} INFO - [2023-06-28T14:30:38.756+0000] {dag.py:3490} INFO - Setting next_dagrun for example_xcom to 2021-01-01T00:00:00+00:00, run_after=2021-01-01T00:00:00+00:00
[2023-06-28T14:30:38.790+0000] {processor.py:179} INFO - Processing /home/airflow/.local/lib/python3.7/site-packages/airflow/example_dags/example_xcom.py took 0.117 seconds
[2023-06-28T14:31:09.318+0000] {processor.py:157} INFO - Started process (PID=1750) to work on /home/airflow/.local/lib/python3.7/site-packages/airflow/example_dags/example_xcom.py
[2023-06-28T14:31:09.320+0000] {processor.py:826} INFO - Processing file /home/airflow/.local/lib/python3.7/site-packages/airflow/example_dags/example_xcom.py for tasks to queue
[2023-06-28T14:31:09.321+0000] {logging_mixin.py:149} INFO - [2023-06-28T14:31:09.321+0000] {dagbag.py:541} INFO - Filling up the DagBag from /home/airflow/.local/lib/python3.7/site-packages/airflow/example_dags/example_xcom.py
[2023-06-28T14:31:09.333+0000] {processor.py:836} INFO - DAG(s) dict_keys(['example_xcom']) retrieved from /home/airflow/.local/lib/python3.7/site-packages/airflow/example_dags/example_xcom.py
[2023-06-28T14:31:09.373+0000] {logging_mixin.py:149} INFO - [2023-06-28T14:31:09.373+0000] {dag.py:2726} INFO - Sync 1 DAGs
[2023-06-28T14:31:09.411+0000] {logging_mixin.py:149} INFO - [2023-06-28T14:31:09.411+0000] {dag.py:3490} INFO - Setting next_dagrun for example_xcom to 2021-01-01T00:00:00+00:00, run_after=2021-01-01T00:00:00+00:00
[2023-06-28T14:31:09.455+0000] {processor.py:179} INFO - Processing /home/airflow/.local/lib/python3.7/site-packages/airflow/example_dags/example_xcom.py took 0.143 seconds
[2023-06-28T14:31:39.844+0000] {processor.py:157} INFO - Started process (PID=1810) to work on /home/airflow/.local/lib/python3.7/site-packages/airflow/example_dags/example_xcom.py
[2023-06-28T14:31:39.846+0000] {processor.py:826} INFO - Processing file /home/airflow/.local/lib/python3.7/site-packages/airflow/example_dags/example_xcom.py for tasks to queue
[2023-06-28T14:31:39.847+0000] {logging_mixin.py:149} INFO - [2023-06-28T14:31:39.847+0000] {dagbag.py:541} INFO - Filling up the DagBag from /home/airflow/.local/lib/python3.7/site-packages/airflow/example_dags/example_xcom.py
[2023-06-28T14:31:39.859+0000] {processor.py:836} INFO - DAG(s) dict_keys(['example_xcom']) retrieved from /home/airflow/.local/lib/python3.7/site-packages/airflow/example_dags/example_xcom.py
[2023-06-28T14:31:39.893+0000] {logging_mixin.py:149} INFO - [2023-06-28T14:31:39.893+0000] {dag.py:2726} INFO - Sync 1 DAGs
[2023-06-28T14:31:39.926+0000] {logging_mixin.py:149} INFO - [2023-06-28T14:31:39.926+0000] {dag.py:3490} INFO - Setting next_dagrun for example_xcom to 2021-01-01T00:00:00+00:00, run_after=2021-01-01T00:00:00+00:00
[2023-06-28T14:31:39.959+0000] {processor.py:179} INFO - Processing /home/airflow/.local/lib/python3.7/site-packages/airflow/example_dags/example_xcom.py took 0.119 seconds
[2023-06-28T14:32:10.219+0000] {processor.py:157} INFO - Started process (PID=1869) to work on /home/airflow/.local/lib/python3.7/site-packages/airflow/example_dags/example_xcom.py
[2023-06-28T14:32:10.222+0000] {processor.py:826} INFO - Processing file /home/airflow/.local/lib/python3.7/site-packages/airflow/example_dags/example_xcom.py for tasks to queue
[2023-06-28T14:32:10.224+0000] {logging_mixin.py:149} INFO - [2023-06-28T14:32:10.224+0000] {dagbag.py:541} INFO - Filling up the DagBag from /home/airflow/.local/lib/python3.7/site-packages/airflow/example_dags/example_xcom.py
[2023-06-28T14:32:10.242+0000] {processor.py:836} INFO - DAG(s) dict_keys(['example_xcom']) retrieved from /home/airflow/.local/lib/python3.7/site-packages/airflow/example_dags/example_xcom.py
[2023-06-28T14:32:10.276+0000] {logging_mixin.py:149} INFO - [2023-06-28T14:32:10.276+0000] {dag.py:2726} INFO - Sync 1 DAGs
[2023-06-28T14:32:10.309+0000] {logging_mixin.py:149} INFO - [2023-06-28T14:32:10.309+0000] {dag.py:3490} INFO - Setting next_dagrun for example_xcom to 2021-01-01T00:00:00+00:00, run_after=2021-01-01T00:00:00+00:00
[2023-06-28T14:32:10.349+0000] {processor.py:179} INFO - Processing /home/airflow/.local/lib/python3.7/site-packages/airflow/example_dags/example_xcom.py took 0.138 seconds
[2023-06-28T14:32:40.561+0000] {processor.py:157} INFO - Started process (PID=1927) to work on /home/airflow/.local/lib/python3.7/site-packages/airflow/example_dags/example_xcom.py
[2023-06-28T14:32:40.562+0000] {processor.py:826} INFO - Processing file /home/airflow/.local/lib/python3.7/site-packages/airflow/example_dags/example_xcom.py for tasks to queue
[2023-06-28T14:32:40.563+0000] {logging_mixin.py:149} INFO - [2023-06-28T14:32:40.563+0000] {dagbag.py:541} INFO - Filling up the DagBag from /home/airflow/.local/lib/python3.7/site-packages/airflow/example_dags/example_xcom.py
[2023-06-28T14:32:40.572+0000] {processor.py:836} INFO - DAG(s) dict_keys(['example_xcom']) retrieved from /home/airflow/.local/lib/python3.7/site-packages/airflow/example_dags/example_xcom.py
[2023-06-28T14:32:40.605+0000] {logging_mixin.py:149} INFO - [2023-06-28T14:32:40.605+0000] {dag.py:2726} INFO - Sync 1 DAGs
[2023-06-28T14:32:40.638+0000] {logging_mixin.py:149} INFO - [2023-06-28T14:32:40.637+0000] {dag.py:3490} INFO - Setting next_dagrun for example_xcom to 2021-01-01T00:00:00+00:00, run_after=2021-01-01T00:00:00+00:00
[2023-06-28T14:32:40.671+0000] {processor.py:179} INFO - Processing /home/airflow/.local/lib/python3.7/site-packages/airflow/example_dags/example_xcom.py took 0.114 seconds
[2023-06-28T14:33:10.841+0000] {processor.py:157} INFO - Started process (PID=1985) to work on /home/airflow/.local/lib/python3.7/site-packages/airflow/example_dags/example_xcom.py
[2023-06-28T14:33:10.843+0000] {processor.py:826} INFO - Processing file /home/airflow/.local/lib/python3.7/site-packages/airflow/example_dags/example_xcom.py for tasks to queue
[2023-06-28T14:33:10.844+0000] {logging_mixin.py:149} INFO - [2023-06-28T14:33:10.844+0000] {dagbag.py:541} INFO - Filling up the DagBag from /home/airflow/.local/lib/python3.7/site-packages/airflow/example_dags/example_xcom.py
[2023-06-28T14:33:10.853+0000] {processor.py:836} INFO - DAG(s) dict_keys(['example_xcom']) retrieved from /home/airflow/.local/lib/python3.7/site-packages/airflow/example_dags/example_xcom.py
[2023-06-28T14:33:10.891+0000] {logging_mixin.py:149} INFO - [2023-06-28T14:33:10.891+0000] {dag.py:2726} INFO - Sync 1 DAGs
[2023-06-28T14:33:10.925+0000] {logging_mixin.py:149} INFO - [2023-06-28T14:33:10.924+0000] {dag.py:3490} INFO - Setting next_dagrun for example_xcom to 2021-01-01T00:00:00+00:00, run_after=2021-01-01T00:00:00+00:00
[2023-06-28T14:33:10.957+0000] {processor.py:179} INFO - Processing /home/airflow/.local/lib/python3.7/site-packages/airflow/example_dags/example_xcom.py took 0.119 seconds
[2023-06-28T14:33:41.402+0000] {processor.py:157} INFO - Started process (PID=2044) to work on /home/airflow/.local/lib/python3.7/site-packages/airflow/example_dags/example_xcom.py
[2023-06-28T14:33:41.404+0000] {processor.py:826} INFO - Processing file /home/airflow/.local/lib/python3.7/site-packages/airflow/example_dags/example_xcom.py for tasks to queue
[2023-06-28T14:33:41.406+0000] {logging_mixin.py:149} INFO - [2023-06-28T14:33:41.406+0000] {dagbag.py:541} INFO - Filling up the DagBag from /home/airflow/.local/lib/python3.7/site-packages/airflow/example_dags/example_xcom.py
[2023-06-28T14:33:41.432+0000] {processor.py:836} INFO - DAG(s) dict_keys(['example_xcom']) retrieved from /home/airflow/.local/lib/python3.7/site-packages/airflow/example_dags/example_xcom.py
[2023-06-28T14:33:41.493+0000] {logging_mixin.py:149} INFO - [2023-06-28T14:33:41.492+0000] {dag.py:2726} INFO - Sync 1 DAGs
[2023-06-28T14:33:41.540+0000] {logging_mixin.py:149} INFO - [2023-06-28T14:33:41.540+0000] {dag.py:3490} INFO - Setting next_dagrun for example_xcom to 2021-01-01T00:00:00+00:00, run_after=2021-01-01T00:00:00+00:00
[2023-06-28T14:33:41.575+0000] {processor.py:179} INFO - Processing /home/airflow/.local/lib/python3.7/site-packages/airflow/example_dags/example_xcom.py took 0.180 seconds
[2023-06-28T14:34:12.411+0000] {processor.py:157} INFO - Started process (PID=2103) to work on /home/airflow/.local/lib/python3.7/site-packages/airflow/example_dags/example_xcom.py
[2023-06-28T14:34:12.412+0000] {processor.py:826} INFO - Processing file /home/airflow/.local/lib/python3.7/site-packages/airflow/example_dags/example_xcom.py for tasks to queue
[2023-06-28T14:34:12.414+0000] {logging_mixin.py:149} INFO - [2023-06-28T14:34:12.413+0000] {dagbag.py:541} INFO - Filling up the DagBag from /home/airflow/.local/lib/python3.7/site-packages/airflow/example_dags/example_xcom.py
[2023-06-28T14:34:12.425+0000] {processor.py:836} INFO - DAG(s) dict_keys(['example_xcom']) retrieved from /home/airflow/.local/lib/python3.7/site-packages/airflow/example_dags/example_xcom.py
[2023-06-28T14:34:12.463+0000] {logging_mixin.py:149} INFO - [2023-06-28T14:34:12.463+0000] {dag.py:2726} INFO - Sync 1 DAGs
[2023-06-28T14:34:12.505+0000] {logging_mixin.py:149} INFO - [2023-06-28T14:34:12.505+0000] {dag.py:3490} INFO - Setting next_dagrun for example_xcom to 2021-01-01T00:00:00+00:00, run_after=2021-01-01T00:00:00+00:00
[2023-06-28T14:34:12.545+0000] {processor.py:179} INFO - Processing /home/airflow/.local/lib/python3.7/site-packages/airflow/example_dags/example_xcom.py took 0.139 seconds
[2023-06-28T14:34:43.667+0000] {processor.py:157} INFO - Started process (PID=2162) to work on /home/airflow/.local/lib/python3.7/site-packages/airflow/example_dags/example_xcom.py
[2023-06-28T14:34:43.668+0000] {processor.py:826} INFO - Processing file /home/airflow/.local/lib/python3.7/site-packages/airflow/example_dags/example_xcom.py for tasks to queue
[2023-06-28T14:34:43.670+0000] {logging_mixin.py:149} INFO - [2023-06-28T14:34:43.669+0000] {dagbag.py:541} INFO - Filling up the DagBag from /home/airflow/.local/lib/python3.7/site-packages/airflow/example_dags/example_xcom.py
[2023-06-28T14:34:43.681+0000] {processor.py:836} INFO - DAG(s) dict_keys(['example_xcom']) retrieved from /home/airflow/.local/lib/python3.7/site-packages/airflow/example_dags/example_xcom.py
[2023-06-28T14:34:43.719+0000] {logging_mixin.py:149} INFO - [2023-06-28T14:34:43.719+0000] {dag.py:2726} INFO - Sync 1 DAGs
[2023-06-28T14:34:43.760+0000] {logging_mixin.py:149} INFO - [2023-06-28T14:34:43.760+0000] {dag.py:3490} INFO - Setting next_dagrun for example_xcom to 2021-01-01T00:00:00+00:00, run_after=2021-01-01T00:00:00+00:00
[2023-06-28T14:34:43.792+0000] {processor.py:179} INFO - Processing /home/airflow/.local/lib/python3.7/site-packages/airflow/example_dags/example_xcom.py took 0.129 seconds
[2023-06-28T14:35:13.965+0000] {processor.py:157} INFO - Started process (PID=2222) to work on /home/airflow/.local/lib/python3.7/site-packages/airflow/example_dags/example_xcom.py
[2023-06-28T14:35:13.966+0000] {processor.py:826} INFO - Processing file /home/airflow/.local/lib/python3.7/site-packages/airflow/example_dags/example_xcom.py for tasks to queue
[2023-06-28T14:35:13.968+0000] {logging_mixin.py:149} INFO - [2023-06-28T14:35:13.967+0000] {dagbag.py:541} INFO - Filling up the DagBag from /home/airflow/.local/lib/python3.7/site-packages/airflow/example_dags/example_xcom.py
[2023-06-28T14:35:13.979+0000] {processor.py:836} INFO - DAG(s) dict_keys(['example_xcom']) retrieved from /home/airflow/.local/lib/python3.7/site-packages/airflow/example_dags/example_xcom.py
[2023-06-28T14:35:14.017+0000] {logging_mixin.py:149} INFO - [2023-06-28T14:35:14.017+0000] {dag.py:2726} INFO - Sync 1 DAGs
[2023-06-28T14:35:14.058+0000] {logging_mixin.py:149} INFO - [2023-06-28T14:35:14.058+0000] {dag.py:3490} INFO - Setting next_dagrun for example_xcom to 2021-01-01T00:00:00+00:00, run_after=2021-01-01T00:00:00+00:00
[2023-06-28T14:35:14.093+0000] {processor.py:179} INFO - Processing /home/airflow/.local/lib/python3.7/site-packages/airflow/example_dags/example_xcom.py took 0.133 seconds
[2023-06-28T14:35:44.639+0000] {processor.py:157} INFO - Started process (PID=2281) to work on /home/airflow/.local/lib/python3.7/site-packages/airflow/example_dags/example_xcom.py
[2023-06-28T14:35:44.643+0000] {processor.py:826} INFO - Processing file /home/airflow/.local/lib/python3.7/site-packages/airflow/example_dags/example_xcom.py for tasks to queue
[2023-06-28T14:35:44.645+0000] {logging_mixin.py:149} INFO - [2023-06-28T14:35:44.644+0000] {dagbag.py:541} INFO - Filling up the DagBag from /home/airflow/.local/lib/python3.7/site-packages/airflow/example_dags/example_xcom.py
[2023-06-28T14:35:44.665+0000] {processor.py:836} INFO - DAG(s) dict_keys(['example_xcom']) retrieved from /home/airflow/.local/lib/python3.7/site-packages/airflow/example_dags/example_xcom.py
[2023-06-28T14:35:44.737+0000] {logging_mixin.py:149} INFO - [2023-06-28T14:35:44.736+0000] {dag.py:2726} INFO - Sync 1 DAGs
[2023-06-28T14:35:44.800+0000] {logging_mixin.py:149} INFO - [2023-06-28T14:35:44.799+0000] {dag.py:3490} INFO - Setting next_dagrun for example_xcom to 2021-01-01T00:00:00+00:00, run_after=2021-01-01T00:00:00+00:00
[2023-06-28T14:35:44.839+0000] {processor.py:179} INFO - Processing /home/airflow/.local/lib/python3.7/site-packages/airflow/example_dags/example_xcom.py took 0.204 seconds
[2023-06-28T14:36:15.081+0000] {processor.py:157} INFO - Started process (PID=2341) to work on /home/airflow/.local/lib/python3.7/site-packages/airflow/example_dags/example_xcom.py
[2023-06-28T14:36:15.082+0000] {processor.py:826} INFO - Processing file /home/airflow/.local/lib/python3.7/site-packages/airflow/example_dags/example_xcom.py for tasks to queue
[2023-06-28T14:36:15.084+0000] {logging_mixin.py:149} INFO - [2023-06-28T14:36:15.083+0000] {dagbag.py:541} INFO - Filling up the DagBag from /home/airflow/.local/lib/python3.7/site-packages/airflow/example_dags/example_xcom.py
[2023-06-28T14:36:15.095+0000] {processor.py:836} INFO - DAG(s) dict_keys(['example_xcom']) retrieved from /home/airflow/.local/lib/python3.7/site-packages/airflow/example_dags/example_xcom.py
[2023-06-28T14:36:15.136+0000] {logging_mixin.py:149} INFO - [2023-06-28T14:36:15.135+0000] {dag.py:2726} INFO - Sync 1 DAGs
[2023-06-28T14:36:15.203+0000] {logging_mixin.py:149} INFO - [2023-06-28T14:36:15.203+0000] {dag.py:3490} INFO - Setting next_dagrun for example_xcom to 2021-01-01T00:00:00+00:00, run_after=2021-01-01T00:00:00+00:00
[2023-06-28T14:36:15.259+0000] {processor.py:179} INFO - Processing /home/airflow/.local/lib/python3.7/site-packages/airflow/example_dags/example_xcom.py took 0.182 seconds
[2023-06-28T14:36:45.543+0000] {processor.py:157} INFO - Started process (PID=2400) to work on /home/airflow/.local/lib/python3.7/site-packages/airflow/example_dags/example_xcom.py
[2023-06-28T14:36:45.545+0000] {processor.py:826} INFO - Processing file /home/airflow/.local/lib/python3.7/site-packages/airflow/example_dags/example_xcom.py for tasks to queue
[2023-06-28T14:36:45.547+0000] {logging_mixin.py:149} INFO - [2023-06-28T14:36:45.546+0000] {dagbag.py:541} INFO - Filling up the DagBag from /home/airflow/.local/lib/python3.7/site-packages/airflow/example_dags/example_xcom.py
[2023-06-28T14:36:45.563+0000] {processor.py:836} INFO - DAG(s) dict_keys(['example_xcom']) retrieved from /home/airflow/.local/lib/python3.7/site-packages/airflow/example_dags/example_xcom.py
[2023-06-28T14:36:45.618+0000] {logging_mixin.py:149} INFO - [2023-06-28T14:36:45.618+0000] {dag.py:2726} INFO - Sync 1 DAGs
[2023-06-28T14:36:45.653+0000] {logging_mixin.py:149} INFO - [2023-06-28T14:36:45.653+0000] {dag.py:3490} INFO - Setting next_dagrun for example_xcom to 2021-01-01T00:00:00+00:00, run_after=2021-01-01T00:00:00+00:00
[2023-06-28T14:36:45.683+0000] {processor.py:179} INFO - Processing /home/airflow/.local/lib/python3.7/site-packages/airflow/example_dags/example_xcom.py took 0.146 seconds
[2023-06-28T14:37:15.800+0000] {processor.py:157} INFO - Started process (PID=2459) to work on /home/airflow/.local/lib/python3.7/site-packages/airflow/example_dags/example_xcom.py
[2023-06-28T14:37:15.801+0000] {processor.py:826} INFO - Processing file /home/airflow/.local/lib/python3.7/site-packages/airflow/example_dags/example_xcom.py for tasks to queue
[2023-06-28T14:37:15.803+0000] {logging_mixin.py:149} INFO - [2023-06-28T14:37:15.803+0000] {dagbag.py:541} INFO - Filling up the DagBag from /home/airflow/.local/lib/python3.7/site-packages/airflow/example_dags/example_xcom.py
[2023-06-28T14:37:15.814+0000] {processor.py:836} INFO - DAG(s) dict_keys(['example_xcom']) retrieved from /home/airflow/.local/lib/python3.7/site-packages/airflow/example_dags/example_xcom.py
[2023-06-28T14:37:15.849+0000] {logging_mixin.py:149} INFO - [2023-06-28T14:37:15.848+0000] {dag.py:2726} INFO - Sync 1 DAGs
[2023-06-28T14:37:15.884+0000] {logging_mixin.py:149} INFO - [2023-06-28T14:37:15.884+0000] {dag.py:3490} INFO - Setting next_dagrun for example_xcom to 2021-01-01T00:00:00+00:00, run_after=2021-01-01T00:00:00+00:00
[2023-06-28T14:37:15.916+0000] {processor.py:179} INFO - Processing /home/airflow/.local/lib/python3.7/site-packages/airflow/example_dags/example_xcom.py took 0.120 seconds
[2023-06-28T14:37:46.124+0000] {processor.py:157} INFO - Started process (PID=2518) to work on /home/airflow/.local/lib/python3.7/site-packages/airflow/example_dags/example_xcom.py
[2023-06-28T14:37:46.125+0000] {processor.py:826} INFO - Processing file /home/airflow/.local/lib/python3.7/site-packages/airflow/example_dags/example_xcom.py for tasks to queue
[2023-06-28T14:37:46.126+0000] {logging_mixin.py:149} INFO - [2023-06-28T14:37:46.126+0000] {dagbag.py:541} INFO - Filling up the DagBag from /home/airflow/.local/lib/python3.7/site-packages/airflow/example_dags/example_xcom.py
[2023-06-28T14:37:46.136+0000] {processor.py:836} INFO - DAG(s) dict_keys(['example_xcom']) retrieved from /home/airflow/.local/lib/python3.7/site-packages/airflow/example_dags/example_xcom.py
[2023-06-28T14:37:46.171+0000] {logging_mixin.py:149} INFO - [2023-06-28T14:37:46.171+0000] {dag.py:2726} INFO - Sync 1 DAGs
[2023-06-28T14:37:46.206+0000] {logging_mixin.py:149} INFO - [2023-06-28T14:37:46.206+0000] {dag.py:3490} INFO - Setting next_dagrun for example_xcom to 2021-01-01T00:00:00+00:00, run_after=2021-01-01T00:00:00+00:00
[2023-06-28T14:37:46.239+0000] {processor.py:179} INFO - Processing /home/airflow/.local/lib/python3.7/site-packages/airflow/example_dags/example_xcom.py took 0.120 seconds
[2023-06-28T14:38:16.272+0000] {processor.py:157} INFO - Started process (PID=2578) to work on /home/airflow/.local/lib/python3.7/site-packages/airflow/example_dags/example_xcom.py
[2023-06-28T14:38:16.273+0000] {processor.py:826} INFO - Processing file /home/airflow/.local/lib/python3.7/site-packages/airflow/example_dags/example_xcom.py for tasks to queue
[2023-06-28T14:38:16.275+0000] {logging_mixin.py:149} INFO - [2023-06-28T14:38:16.275+0000] {dagbag.py:541} INFO - Filling up the DagBag from /home/airflow/.local/lib/python3.7/site-packages/airflow/example_dags/example_xcom.py
[2023-06-28T14:38:16.286+0000] {processor.py:836} INFO - DAG(s) dict_keys(['example_xcom']) retrieved from /home/airflow/.local/lib/python3.7/site-packages/airflow/example_dags/example_xcom.py
[2023-06-28T14:38:16.322+0000] {logging_mixin.py:149} INFO - [2023-06-28T14:38:16.322+0000] {dag.py:2726} INFO - Sync 1 DAGs
[2023-06-28T14:38:16.364+0000] {logging_mixin.py:149} INFO - [2023-06-28T14:38:16.364+0000] {dag.py:3490} INFO - Setting next_dagrun for example_xcom to 2021-01-01T00:00:00+00:00, run_after=2021-01-01T00:00:00+00:00
[2023-06-28T14:38:16.403+0000] {processor.py:179} INFO - Processing /home/airflow/.local/lib/python3.7/site-packages/airflow/example_dags/example_xcom.py took 0.137 seconds
[2023-06-28T14:38:46.521+0000] {processor.py:157} INFO - Started process (PID=2637) to work on /home/airflow/.local/lib/python3.7/site-packages/airflow/example_dags/example_xcom.py
[2023-06-28T14:38:46.523+0000] {processor.py:826} INFO - Processing file /home/airflow/.local/lib/python3.7/site-packages/airflow/example_dags/example_xcom.py for tasks to queue
[2023-06-28T14:38:46.524+0000] {logging_mixin.py:149} INFO - [2023-06-28T14:38:46.523+0000] {dagbag.py:541} INFO - Filling up the DagBag from /home/airflow/.local/lib/python3.7/site-packages/airflow/example_dags/example_xcom.py
[2023-06-28T14:38:46.537+0000] {processor.py:836} INFO - DAG(s) dict_keys(['example_xcom']) retrieved from /home/airflow/.local/lib/python3.7/site-packages/airflow/example_dags/example_xcom.py
[2023-06-28T14:38:46.577+0000] {logging_mixin.py:149} INFO - [2023-06-28T14:38:46.577+0000] {dag.py:2726} INFO - Sync 1 DAGs
[2023-06-28T14:38:46.657+0000] {logging_mixin.py:149} INFO - [2023-06-28T14:38:46.656+0000] {dag.py:3490} INFO - Setting next_dagrun for example_xcom to 2021-01-01T00:00:00+00:00, run_after=2021-01-01T00:00:00+00:00
[2023-06-28T14:38:46.697+0000] {processor.py:179} INFO - Processing /home/airflow/.local/lib/python3.7/site-packages/airflow/example_dags/example_xcom.py took 0.180 seconds
[2023-06-28T14:39:17.193+0000] {processor.py:157} INFO - Started process (PID=2696) to work on /home/airflow/.local/lib/python3.7/site-packages/airflow/example_dags/example_xcom.py
[2023-06-28T14:39:17.194+0000] {processor.py:826} INFO - Processing file /home/airflow/.local/lib/python3.7/site-packages/airflow/example_dags/example_xcom.py for tasks to queue
[2023-06-28T14:39:17.196+0000] {logging_mixin.py:149} INFO - [2023-06-28T14:39:17.195+0000] {dagbag.py:541} INFO - Filling up the DagBag from /home/airflow/.local/lib/python3.7/site-packages/airflow/example_dags/example_xcom.py
[2023-06-28T14:39:17.206+0000] {processor.py:836} INFO - DAG(s) dict_keys(['example_xcom']) retrieved from /home/airflow/.local/lib/python3.7/site-packages/airflow/example_dags/example_xcom.py
[2023-06-28T14:39:17.243+0000] {logging_mixin.py:149} INFO - [2023-06-28T14:39:17.243+0000] {dag.py:2726} INFO - Sync 1 DAGs
[2023-06-28T14:39:17.281+0000] {logging_mixin.py:149} INFO - [2023-06-28T14:39:17.280+0000] {dag.py:3490} INFO - Setting next_dagrun for example_xcom to 2021-01-01T00:00:00+00:00, run_after=2021-01-01T00:00:00+00:00
[2023-06-28T14:39:17.314+0000] {processor.py:179} INFO - Processing /home/airflow/.local/lib/python3.7/site-packages/airflow/example_dags/example_xcom.py took 0.127 seconds
[2023-06-28T14:39:47.740+0000] {processor.py:157} INFO - Started process (PID=2755) to work on /home/airflow/.local/lib/python3.7/site-packages/airflow/example_dags/example_xcom.py
[2023-06-28T14:39:47.741+0000] {processor.py:826} INFO - Processing file /home/airflow/.local/lib/python3.7/site-packages/airflow/example_dags/example_xcom.py for tasks to queue
[2023-06-28T14:39:47.743+0000] {logging_mixin.py:149} INFO - [2023-06-28T14:39:47.742+0000] {dagbag.py:541} INFO - Filling up the DagBag from /home/airflow/.local/lib/python3.7/site-packages/airflow/example_dags/example_xcom.py
[2023-06-28T14:39:47.752+0000] {processor.py:836} INFO - DAG(s) dict_keys(['example_xcom']) retrieved from /home/airflow/.local/lib/python3.7/site-packages/airflow/example_dags/example_xcom.py
[2023-06-28T14:39:47.793+0000] {logging_mixin.py:149} INFO - [2023-06-28T14:39:47.793+0000] {dag.py:2726} INFO - Sync 1 DAGs
[2023-06-28T14:39:47.827+0000] {logging_mixin.py:149} INFO - [2023-06-28T14:39:47.827+0000] {dag.py:3490} INFO - Setting next_dagrun for example_xcom to 2021-01-01T00:00:00+00:00, run_after=2021-01-01T00:00:00+00:00
[2023-06-28T14:39:47.866+0000] {processor.py:179} INFO - Processing /home/airflow/.local/lib/python3.7/site-packages/airflow/example_dags/example_xcom.py took 0.130 seconds
[2023-06-28T14:40:18.782+0000] {processor.py:157} INFO - Started process (PID=2815) to work on /home/airflow/.local/lib/python3.7/site-packages/airflow/example_dags/example_xcom.py
[2023-06-28T14:40:18.784+0000] {processor.py:826} INFO - Processing file /home/airflow/.local/lib/python3.7/site-packages/airflow/example_dags/example_xcom.py for tasks to queue
[2023-06-28T14:40:18.785+0000] {logging_mixin.py:149} INFO - [2023-06-28T14:40:18.785+0000] {dagbag.py:541} INFO - Filling up the DagBag from /home/airflow/.local/lib/python3.7/site-packages/airflow/example_dags/example_xcom.py
[2023-06-28T14:40:18.796+0000] {processor.py:836} INFO - DAG(s) dict_keys(['example_xcom']) retrieved from /home/airflow/.local/lib/python3.7/site-packages/airflow/example_dags/example_xcom.py
[2023-06-28T14:40:18.829+0000] {logging_mixin.py:149} INFO - [2023-06-28T14:40:18.829+0000] {dag.py:2726} INFO - Sync 1 DAGs
[2023-06-28T14:40:18.882+0000] {logging_mixin.py:149} INFO - [2023-06-28T14:40:18.881+0000] {dag.py:3490} INFO - Setting next_dagrun for example_xcom to 2021-01-01T00:00:00+00:00, run_after=2021-01-01T00:00:00+00:00
[2023-06-28T14:40:18.932+0000] {processor.py:179} INFO - Processing /home/airflow/.local/lib/python3.7/site-packages/airflow/example_dags/example_xcom.py took 0.154 seconds
[2023-06-28T14:40:49.609+0000] {processor.py:157} INFO - Started process (PID=2874) to work on /home/airflow/.local/lib/python3.7/site-packages/airflow/example_dags/example_xcom.py
[2023-06-28T14:40:49.611+0000] {processor.py:826} INFO - Processing file /home/airflow/.local/lib/python3.7/site-packages/airflow/example_dags/example_xcom.py for tasks to queue
[2023-06-28T14:40:49.612+0000] {logging_mixin.py:149} INFO - [2023-06-28T14:40:49.612+0000] {dagbag.py:541} INFO - Filling up the DagBag from /home/airflow/.local/lib/python3.7/site-packages/airflow/example_dags/example_xcom.py
[2023-06-28T14:40:49.627+0000] {processor.py:836} INFO - DAG(s) dict_keys(['example_xcom']) retrieved from /home/airflow/.local/lib/python3.7/site-packages/airflow/example_dags/example_xcom.py
[2023-06-28T14:40:49.670+0000] {logging_mixin.py:149} INFO - [2023-06-28T14:40:49.670+0000] {dag.py:2726} INFO - Sync 1 DAGs
[2023-06-28T14:40:49.718+0000] {logging_mixin.py:149} INFO - [2023-06-28T14:40:49.718+0000] {dag.py:3490} INFO - Setting next_dagrun for example_xcom to 2021-01-01T00:00:00+00:00, run_after=2021-01-01T00:00:00+00:00
[2023-06-28T14:40:49.764+0000] {processor.py:179} INFO - Processing /home/airflow/.local/lib/python3.7/site-packages/airflow/example_dags/example_xcom.py took 0.160 seconds
[2023-06-28T14:41:20.053+0000] {processor.py:157} INFO - Started process (PID=2933) to work on /home/airflow/.local/lib/python3.7/site-packages/airflow/example_dags/example_xcom.py
[2023-06-28T14:41:20.055+0000] {processor.py:826} INFO - Processing file /home/airflow/.local/lib/python3.7/site-packages/airflow/example_dags/example_xcom.py for tasks to queue
[2023-06-28T14:41:20.056+0000] {logging_mixin.py:149} INFO - [2023-06-28T14:41:20.056+0000] {dagbag.py:541} INFO - Filling up the DagBag from /home/airflow/.local/lib/python3.7/site-packages/airflow/example_dags/example_xcom.py
[2023-06-28T14:41:20.070+0000] {processor.py:836} INFO - DAG(s) dict_keys(['example_xcom']) retrieved from /home/airflow/.local/lib/python3.7/site-packages/airflow/example_dags/example_xcom.py
[2023-06-28T14:41:20.109+0000] {logging_mixin.py:149} INFO - [2023-06-28T14:41:20.109+0000] {dag.py:2726} INFO - Sync 1 DAGs
[2023-06-28T14:41:20.148+0000] {logging_mixin.py:149} INFO - [2023-06-28T14:41:20.148+0000] {dag.py:3490} INFO - Setting next_dagrun for example_xcom to 2021-01-01T00:00:00+00:00, run_after=2021-01-01T00:00:00+00:00
[2023-06-28T14:41:20.210+0000] {processor.py:179} INFO - Processing /home/airflow/.local/lib/python3.7/site-packages/airflow/example_dags/example_xcom.py took 0.162 seconds
[2023-06-28T14:41:50.890+0000] {processor.py:157} INFO - Started process (PID=2993) to work on /home/airflow/.local/lib/python3.7/site-packages/airflow/example_dags/example_xcom.py
[2023-06-28T14:41:50.891+0000] {processor.py:826} INFO - Processing file /home/airflow/.local/lib/python3.7/site-packages/airflow/example_dags/example_xcom.py for tasks to queue
[2023-06-28T14:41:50.894+0000] {logging_mixin.py:149} INFO - [2023-06-28T14:41:50.893+0000] {dagbag.py:541} INFO - Filling up the DagBag from /home/airflow/.local/lib/python3.7/site-packages/airflow/example_dags/example_xcom.py
[2023-06-28T14:41:50.905+0000] {processor.py:836} INFO - DAG(s) dict_keys(['example_xcom']) retrieved from /home/airflow/.local/lib/python3.7/site-packages/airflow/example_dags/example_xcom.py
[2023-06-28T14:41:50.938+0000] {logging_mixin.py:149} INFO - [2023-06-28T14:41:50.938+0000] {dag.py:2726} INFO - Sync 1 DAGs
[2023-06-28T14:41:50.981+0000] {logging_mixin.py:149} INFO - [2023-06-28T14:41:50.980+0000] {dag.py:3490} INFO - Setting next_dagrun for example_xcom to 2021-01-01T00:00:00+00:00, run_after=2021-01-01T00:00:00+00:00
[2023-06-28T14:41:51.014+0000] {processor.py:179} INFO - Processing /home/airflow/.local/lib/python3.7/site-packages/airflow/example_dags/example_xcom.py took 0.130 seconds
[2023-06-28T14:42:21.453+0000] {processor.py:157} INFO - Started process (PID=3052) to work on /home/airflow/.local/lib/python3.7/site-packages/airflow/example_dags/example_xcom.py
[2023-06-28T14:42:21.455+0000] {processor.py:826} INFO - Processing file /home/airflow/.local/lib/python3.7/site-packages/airflow/example_dags/example_xcom.py for tasks to queue
[2023-06-28T14:42:21.456+0000] {logging_mixin.py:149} INFO - [2023-06-28T14:42:21.456+0000] {dagbag.py:541} INFO - Filling up the DagBag from /home/airflow/.local/lib/python3.7/site-packages/airflow/example_dags/example_xcom.py
[2023-06-28T14:42:21.466+0000] {processor.py:836} INFO - DAG(s) dict_keys(['example_xcom']) retrieved from /home/airflow/.local/lib/python3.7/site-packages/airflow/example_dags/example_xcom.py
[2023-06-28T14:42:21.513+0000] {logging_mixin.py:149} INFO - [2023-06-28T14:42:21.512+0000] {dag.py:2726} INFO - Sync 1 DAGs
[2023-06-28T14:42:21.590+0000] {logging_mixin.py:149} INFO - [2023-06-28T14:42:21.590+0000] {dag.py:3490} INFO - Setting next_dagrun for example_xcom to 2021-01-01T00:00:00+00:00, run_after=2021-01-01T00:00:00+00:00
[2023-06-28T14:42:21.649+0000] {processor.py:179} INFO - Processing /home/airflow/.local/lib/python3.7/site-packages/airflow/example_dags/example_xcom.py took 0.201 seconds
[2023-06-28T14:42:51.968+0000] {processor.py:157} INFO - Started process (PID=3106) to work on /home/airflow/.local/lib/python3.7/site-packages/airflow/example_dags/example_xcom.py
[2023-06-28T14:42:51.970+0000] {processor.py:826} INFO - Processing file /home/airflow/.local/lib/python3.7/site-packages/airflow/example_dags/example_xcom.py for tasks to queue
[2023-06-28T14:42:51.972+0000] {logging_mixin.py:149} INFO - [2023-06-28T14:42:51.972+0000] {dagbag.py:541} INFO - Filling up the DagBag from /home/airflow/.local/lib/python3.7/site-packages/airflow/example_dags/example_xcom.py
[2023-06-28T14:42:51.989+0000] {processor.py:836} INFO - DAG(s) dict_keys(['example_xcom']) retrieved from /home/airflow/.local/lib/python3.7/site-packages/airflow/example_dags/example_xcom.py
[2023-06-28T14:42:52.043+0000] {logging_mixin.py:149} INFO - [2023-06-28T14:42:52.043+0000] {dag.py:2726} INFO - Sync 1 DAGs
[2023-06-28T14:42:52.103+0000] {logging_mixin.py:149} INFO - [2023-06-28T14:42:52.102+0000] {dag.py:3490} INFO - Setting next_dagrun for example_xcom to 2021-01-01T00:00:00+00:00, run_after=2021-01-01T00:00:00+00:00
[2023-06-28T14:42:52.152+0000] {processor.py:179} INFO - Processing /home/airflow/.local/lib/python3.7/site-packages/airflow/example_dags/example_xcom.py took 0.190 seconds
[2023-06-28T14:43:22.937+0000] {processor.py:157} INFO - Started process (PID=3166) to work on /home/airflow/.local/lib/python3.7/site-packages/airflow/example_dags/example_xcom.py
[2023-06-28T14:43:22.940+0000] {processor.py:826} INFO - Processing file /home/airflow/.local/lib/python3.7/site-packages/airflow/example_dags/example_xcom.py for tasks to queue
[2023-06-28T14:43:22.971+0000] {logging_mixin.py:149} INFO - [2023-06-28T14:43:22.970+0000] {dagbag.py:541} INFO - Filling up the DagBag from /home/airflow/.local/lib/python3.7/site-packages/airflow/example_dags/example_xcom.py
[2023-06-28T14:43:22.987+0000] {processor.py:836} INFO - DAG(s) dict_keys(['example_xcom']) retrieved from /home/airflow/.local/lib/python3.7/site-packages/airflow/example_dags/example_xcom.py
[2023-06-28T14:43:23.045+0000] {logging_mixin.py:149} INFO - [2023-06-28T14:43:23.045+0000] {dag.py:2726} INFO - Sync 1 DAGs
[2023-06-28T14:43:23.097+0000] {logging_mixin.py:149} INFO - [2023-06-28T14:43:23.097+0000] {dag.py:3490} INFO - Setting next_dagrun for example_xcom to 2021-01-01T00:00:00+00:00, run_after=2021-01-01T00:00:00+00:00
[2023-06-28T14:43:23.140+0000] {processor.py:179} INFO - Processing /home/airflow/.local/lib/python3.7/site-packages/airflow/example_dags/example_xcom.py took 0.208 seconds
[2023-06-28T14:43:53.505+0000] {processor.py:157} INFO - Started process (PID=3225) to work on /home/airflow/.local/lib/python3.7/site-packages/airflow/example_dags/example_xcom.py
[2023-06-28T14:43:53.509+0000] {processor.py:826} INFO - Processing file /home/airflow/.local/lib/python3.7/site-packages/airflow/example_dags/example_xcom.py for tasks to queue
[2023-06-28T14:43:53.511+0000] {logging_mixin.py:149} INFO - [2023-06-28T14:43:53.511+0000] {dagbag.py:541} INFO - Filling up the DagBag from /home/airflow/.local/lib/python3.7/site-packages/airflow/example_dags/example_xcom.py
[2023-06-28T14:43:53.547+0000] {processor.py:836} INFO - DAG(s) dict_keys(['example_xcom']) retrieved from /home/airflow/.local/lib/python3.7/site-packages/airflow/example_dags/example_xcom.py
[2023-06-28T14:43:53.686+0000] {logging_mixin.py:149} INFO - [2023-06-28T14:43:53.685+0000] {dag.py:2726} INFO - Sync 1 DAGs
[2023-06-28T14:43:53.895+0000] {logging_mixin.py:149} INFO - [2023-06-28T14:43:53.894+0000] {dag.py:3490} INFO - Setting next_dagrun for example_xcom to 2021-01-01T00:00:00+00:00, run_after=2021-01-01T00:00:00+00:00
[2023-06-28T14:43:54.114+0000] {processor.py:179} INFO - Processing /home/airflow/.local/lib/python3.7/site-packages/airflow/example_dags/example_xcom.py took 0.631 seconds
[2023-06-28T14:44:24.393+0000] {processor.py:157} INFO - Started process (PID=3284) to work on /home/airflow/.local/lib/python3.7/site-packages/airflow/example_dags/example_xcom.py
[2023-06-28T14:44:24.399+0000] {processor.py:826} INFO - Processing file /home/airflow/.local/lib/python3.7/site-packages/airflow/example_dags/example_xcom.py for tasks to queue
[2023-06-28T14:44:24.407+0000] {logging_mixin.py:149} INFO - [2023-06-28T14:44:24.406+0000] {dagbag.py:541} INFO - Filling up the DagBag from /home/airflow/.local/lib/python3.7/site-packages/airflow/example_dags/example_xcom.py
[2023-06-28T14:44:24.432+0000] {processor.py:836} INFO - DAG(s) dict_keys(['example_xcom']) retrieved from /home/airflow/.local/lib/python3.7/site-packages/airflow/example_dags/example_xcom.py
[2023-06-28T14:44:24.557+0000] {logging_mixin.py:149} INFO - [2023-06-28T14:44:24.556+0000] {dag.py:2726} INFO - Sync 1 DAGs
[2023-06-28T14:44:24.673+0000] {logging_mixin.py:149} INFO - [2023-06-28T14:44:24.673+0000] {dag.py:3490} INFO - Setting next_dagrun for example_xcom to 2021-01-01T00:00:00+00:00, run_after=2021-01-01T00:00:00+00:00
[2023-06-28T14:44:24.752+0000] {processor.py:179} INFO - Processing /home/airflow/.local/lib/python3.7/site-packages/airflow/example_dags/example_xcom.py took 0.365 seconds
[2023-06-28T14:44:54.883+0000] {processor.py:157} INFO - Started process (PID=3343) to work on /home/airflow/.local/lib/python3.7/site-packages/airflow/example_dags/example_xcom.py
[2023-06-28T14:44:54.884+0000] {processor.py:826} INFO - Processing file /home/airflow/.local/lib/python3.7/site-packages/airflow/example_dags/example_xcom.py for tasks to queue
[2023-06-28T14:44:54.887+0000] {logging_mixin.py:149} INFO - [2023-06-28T14:44:54.886+0000] {dagbag.py:541} INFO - Filling up the DagBag from /home/airflow/.local/lib/python3.7/site-packages/airflow/example_dags/example_xcom.py
[2023-06-28T14:44:54.904+0000] {processor.py:836} INFO - DAG(s) dict_keys(['example_xcom']) retrieved from /home/airflow/.local/lib/python3.7/site-packages/airflow/example_dags/example_xcom.py
[2023-06-28T14:44:54.981+0000] {logging_mixin.py:149} INFO - [2023-06-28T14:44:54.980+0000] {dag.py:2726} INFO - Sync 1 DAGs
[2023-06-28T14:44:55.054+0000] {logging_mixin.py:149} INFO - [2023-06-28T14:44:55.053+0000] {dag.py:3490} INFO - Setting next_dagrun for example_xcom to 2021-01-01T00:00:00+00:00, run_after=2021-01-01T00:00:00+00:00
[2023-06-28T14:44:55.089+0000] {processor.py:179} INFO - Processing /home/airflow/.local/lib/python3.7/site-packages/airflow/example_dags/example_xcom.py took 0.211 seconds
[2023-06-28T14:45:25.748+0000] {processor.py:157} INFO - Started process (PID=3402) to work on /home/airflow/.local/lib/python3.7/site-packages/airflow/example_dags/example_xcom.py
[2023-06-28T14:45:25.750+0000] {processor.py:826} INFO - Processing file /home/airflow/.local/lib/python3.7/site-packages/airflow/example_dags/example_xcom.py for tasks to queue
[2023-06-28T14:45:25.752+0000] {logging_mixin.py:149} INFO - [2023-06-28T14:45:25.752+0000] {dagbag.py:541} INFO - Filling up the DagBag from /home/airflow/.local/lib/python3.7/site-packages/airflow/example_dags/example_xcom.py
[2023-06-28T14:45:25.813+0000] {processor.py:836} INFO - DAG(s) dict_keys(['example_xcom']) retrieved from /home/airflow/.local/lib/python3.7/site-packages/airflow/example_dags/example_xcom.py
[2023-06-28T14:45:25.964+0000] {logging_mixin.py:149} INFO - [2023-06-28T14:45:25.963+0000] {dag.py:2726} INFO - Sync 1 DAGs
[2023-06-28T14:45:26.064+0000] {logging_mixin.py:149} INFO - [2023-06-28T14:45:26.063+0000] {dag.py:3490} INFO - Setting next_dagrun for example_xcom to 2021-01-01T00:00:00+00:00, run_after=2021-01-01T00:00:00+00:00
[2023-06-28T14:45:26.134+0000] {processor.py:179} INFO - Processing /home/airflow/.local/lib/python3.7/site-packages/airflow/example_dags/example_xcom.py took 0.405 seconds
[2023-06-28T14:45:56.932+0000] {processor.py:157} INFO - Started process (PID=3463) to work on /home/airflow/.local/lib/python3.7/site-packages/airflow/example_dags/example_xcom.py
[2023-06-28T14:45:56.933+0000] {processor.py:826} INFO - Processing file /home/airflow/.local/lib/python3.7/site-packages/airflow/example_dags/example_xcom.py for tasks to queue
[2023-06-28T14:45:56.940+0000] {logging_mixin.py:149} INFO - [2023-06-28T14:45:56.940+0000] {dagbag.py:541} INFO - Filling up the DagBag from /home/airflow/.local/lib/python3.7/site-packages/airflow/example_dags/example_xcom.py
[2023-06-28T14:45:56.955+0000] {processor.py:836} INFO - DAG(s) dict_keys(['example_xcom']) retrieved from /home/airflow/.local/lib/python3.7/site-packages/airflow/example_dags/example_xcom.py
[2023-06-28T14:45:57.008+0000] {logging_mixin.py:149} INFO - [2023-06-28T14:45:57.007+0000] {dag.py:2726} INFO - Sync 1 DAGs
[2023-06-28T14:45:57.069+0000] {logging_mixin.py:149} INFO - [2023-06-28T14:45:57.069+0000] {dag.py:3490} INFO - Setting next_dagrun for example_xcom to 2021-01-01T00:00:00+00:00, run_after=2021-01-01T00:00:00+00:00
[2023-06-28T14:45:57.114+0000] {processor.py:179} INFO - Processing /home/airflow/.local/lib/python3.7/site-packages/airflow/example_dags/example_xcom.py took 0.189 seconds
[2023-06-28T14:46:27.200+0000] {processor.py:157} INFO - Started process (PID=3522) to work on /home/airflow/.local/lib/python3.7/site-packages/airflow/example_dags/example_xcom.py
[2023-06-28T14:46:27.202+0000] {processor.py:826} INFO - Processing file /home/airflow/.local/lib/python3.7/site-packages/airflow/example_dags/example_xcom.py for tasks to queue
[2023-06-28T14:46:27.204+0000] {logging_mixin.py:149} INFO - [2023-06-28T14:46:27.203+0000] {dagbag.py:541} INFO - Filling up the DagBag from /home/airflow/.local/lib/python3.7/site-packages/airflow/example_dags/example_xcom.py
[2023-06-28T14:46:27.222+0000] {processor.py:836} INFO - DAG(s) dict_keys(['example_xcom']) retrieved from /home/airflow/.local/lib/python3.7/site-packages/airflow/example_dags/example_xcom.py
[2023-06-28T14:46:27.278+0000] {logging_mixin.py:149} INFO - [2023-06-28T14:46:27.277+0000] {dag.py:2726} INFO - Sync 1 DAGs
[2023-06-28T14:46:27.329+0000] {logging_mixin.py:149} INFO - [2023-06-28T14:46:27.329+0000] {dag.py:3490} INFO - Setting next_dagrun for example_xcom to 2021-01-01T00:00:00+00:00, run_after=2021-01-01T00:00:00+00:00
[2023-06-28T14:46:27.376+0000] {processor.py:179} INFO - Processing /home/airflow/.local/lib/python3.7/site-packages/airflow/example_dags/example_xcom.py took 0.186 seconds
[2023-06-28T14:46:57.865+0000] {processor.py:157} INFO - Started process (PID=3581) to work on /home/airflow/.local/lib/python3.7/site-packages/airflow/example_dags/example_xcom.py
[2023-06-28T14:46:57.868+0000] {processor.py:826} INFO - Processing file /home/airflow/.local/lib/python3.7/site-packages/airflow/example_dags/example_xcom.py for tasks to queue
[2023-06-28T14:46:57.875+0000] {logging_mixin.py:149} INFO - [2023-06-28T14:46:57.875+0000] {dagbag.py:541} INFO - Filling up the DagBag from /home/airflow/.local/lib/python3.7/site-packages/airflow/example_dags/example_xcom.py
[2023-06-28T14:46:57.894+0000] {processor.py:836} INFO - DAG(s) dict_keys(['example_xcom']) retrieved from /home/airflow/.local/lib/python3.7/site-packages/airflow/example_dags/example_xcom.py
[2023-06-28T14:46:57.972+0000] {logging_mixin.py:149} INFO - [2023-06-28T14:46:57.971+0000] {dag.py:2726} INFO - Sync 1 DAGs
[2023-06-28T14:46:58.041+0000] {logging_mixin.py:149} INFO - [2023-06-28T14:46:58.041+0000] {dag.py:3490} INFO - Setting next_dagrun for example_xcom to 2021-01-01T00:00:00+00:00, run_after=2021-01-01T00:00:00+00:00
[2023-06-28T14:46:58.100+0000] {processor.py:179} INFO - Processing /home/airflow/.local/lib/python3.7/site-packages/airflow/example_dags/example_xcom.py took 0.243 seconds
[2023-06-28T14:47:28.891+0000] {processor.py:157} INFO - Started process (PID=3641) to work on /home/airflow/.local/lib/python3.7/site-packages/airflow/example_dags/example_xcom.py
[2023-06-28T14:47:28.892+0000] {processor.py:826} INFO - Processing file /home/airflow/.local/lib/python3.7/site-packages/airflow/example_dags/example_xcom.py for tasks to queue
[2023-06-28T14:47:28.894+0000] {logging_mixin.py:149} INFO - [2023-06-28T14:47:28.894+0000] {dagbag.py:541} INFO - Filling up the DagBag from /home/airflow/.local/lib/python3.7/site-packages/airflow/example_dags/example_xcom.py
[2023-06-28T14:47:28.909+0000] {processor.py:836} INFO - DAG(s) dict_keys(['example_xcom']) retrieved from /home/airflow/.local/lib/python3.7/site-packages/airflow/example_dags/example_xcom.py
[2023-06-28T14:47:28.963+0000] {logging_mixin.py:149} INFO - [2023-06-28T14:47:28.963+0000] {dag.py:2726} INFO - Sync 1 DAGs
[2023-06-28T14:47:29.021+0000] {logging_mixin.py:149} INFO - [2023-06-28T14:47:29.021+0000] {dag.py:3490} INFO - Setting next_dagrun for example_xcom to 2021-01-01T00:00:00+00:00, run_after=2021-01-01T00:00:00+00:00
[2023-06-28T14:47:29.066+0000] {processor.py:179} INFO - Processing /home/airflow/.local/lib/python3.7/site-packages/airflow/example_dags/example_xcom.py took 0.180 seconds
[2023-06-28T14:47:59.234+0000] {processor.py:157} INFO - Started process (PID=3700) to work on /home/airflow/.local/lib/python3.7/site-packages/airflow/example_dags/example_xcom.py
[2023-06-28T14:47:59.236+0000] {processor.py:826} INFO - Processing file /home/airflow/.local/lib/python3.7/site-packages/airflow/example_dags/example_xcom.py for tasks to queue
[2023-06-28T14:47:59.237+0000] {logging_mixin.py:149} INFO - [2023-06-28T14:47:59.237+0000] {dagbag.py:541} INFO - Filling up the DagBag from /home/airflow/.local/lib/python3.7/site-packages/airflow/example_dags/example_xcom.py
[2023-06-28T14:47:59.248+0000] {processor.py:836} INFO - DAG(s) dict_keys(['example_xcom']) retrieved from /home/airflow/.local/lib/python3.7/site-packages/airflow/example_dags/example_xcom.py
[2023-06-28T14:47:59.292+0000] {logging_mixin.py:149} INFO - [2023-06-28T14:47:59.291+0000] {dag.py:2726} INFO - Sync 1 DAGs
[2023-06-28T14:47:59.335+0000] {logging_mixin.py:149} INFO - [2023-06-28T14:47:59.335+0000] {dag.py:3490} INFO - Setting next_dagrun for example_xcom to 2021-01-01T00:00:00+00:00, run_after=2021-01-01T00:00:00+00:00
[2023-06-28T14:47:59.371+0000] {processor.py:179} INFO - Processing /home/airflow/.local/lib/python3.7/site-packages/airflow/example_dags/example_xcom.py took 0.142 seconds
