[2023-06-28T14:16:35.613+0000] {processor.py:157} INFO - Started process (PID=64) to work on /home/airflow/.local/lib/python3.7/site-packages/airflow/example_dags/example_latest_only.py
[2023-06-28T14:16:35.650+0000] {processor.py:826} INFO - Processing file /home/airflow/.local/lib/python3.7/site-packages/airflow/example_dags/example_latest_only.py for tasks to queue
[2023-06-28T14:16:35.666+0000] {logging_mixin.py:149} INFO - [2023-06-28T14:16:35.662+0000] {dagbag.py:541} INFO - Filling up the DagBag from /home/airflow/.local/lib/python3.7/site-packages/airflow/example_dags/example_latest_only.py
[2023-06-28T14:16:35.735+0000] {processor.py:836} INFO - DAG(s) dict_keys(['latest_only']) retrieved from /home/airflow/.local/lib/python3.7/site-packages/airflow/example_dags/example_latest_only.py
[2023-06-28T14:16:35.957+0000] {logging_mixin.py:149} INFO - [2023-06-28T14:16:35.957+0000] {dag.py:2726} INFO - Sync 1 DAGs
[2023-06-28T14:16:36.194+0000] {logging_mixin.py:149} INFO - [2023-06-28T14:16:36.194+0000] {dag.py:3490} INFO - Setting next_dagrun for latest_only to 2023-06-28T10:16:36.193477+00:00, run_after=2023-06-28T14:16:36.193477+00:00
[2023-06-28T14:16:36.484+0000] {processor.py:179} INFO - Processing /home/airflow/.local/lib/python3.7/site-packages/airflow/example_dags/example_latest_only.py took 0.877 seconds
[2023-06-28T14:17:10.271+0000] {processor.py:157} INFO - Started process (PID=123) to work on /home/airflow/.local/lib/python3.7/site-packages/airflow/example_dags/example_latest_only.py
[2023-06-28T14:17:10.392+0000] {processor.py:826} INFO - Processing file /home/airflow/.local/lib/python3.7/site-packages/airflow/example_dags/example_latest_only.py for tasks to queue
[2023-06-28T14:17:10.455+0000] {logging_mixin.py:149} INFO - [2023-06-28T14:17:10.455+0000] {dagbag.py:541} INFO - Filling up the DagBag from /home/airflow/.local/lib/python3.7/site-packages/airflow/example_dags/example_latest_only.py
[2023-06-28T14:17:10.509+0000] {processor.py:836} INFO - DAG(s) dict_keys(['latest_only']) retrieved from /home/airflow/.local/lib/python3.7/site-packages/airflow/example_dags/example_latest_only.py
[2023-06-28T14:17:11.056+0000] {logging_mixin.py:149} INFO - [2023-06-28T14:17:11.056+0000] {dag.py:2726} INFO - Sync 1 DAGs
[2023-06-28T14:17:11.287+0000] {logging_mixin.py:149} INFO - [2023-06-28T14:17:11.281+0000] {dag.py:3490} INFO - Setting next_dagrun for latest_only to 2023-06-28T10:17:11.281300+00:00, run_after=2023-06-28T14:17:11.281300+00:00
[2023-06-28T14:17:11.398+0000] {processor.py:179} INFO - Processing /home/airflow/.local/lib/python3.7/site-packages/airflow/example_dags/example_latest_only.py took 1.222 seconds
[2023-06-28T14:17:41.733+0000] {processor.py:157} INFO - Started process (PID=181) to work on /home/airflow/.local/lib/python3.7/site-packages/airflow/example_dags/example_latest_only.py
[2023-06-28T14:17:41.735+0000] {processor.py:826} INFO - Processing file /home/airflow/.local/lib/python3.7/site-packages/airflow/example_dags/example_latest_only.py for tasks to queue
[2023-06-28T14:17:41.737+0000] {logging_mixin.py:149} INFO - [2023-06-28T14:17:41.736+0000] {dagbag.py:541} INFO - Filling up the DagBag from /home/airflow/.local/lib/python3.7/site-packages/airflow/example_dags/example_latest_only.py
[2023-06-28T14:17:41.749+0000] {processor.py:836} INFO - DAG(s) dict_keys(['latest_only']) retrieved from /home/airflow/.local/lib/python3.7/site-packages/airflow/example_dags/example_latest_only.py
[2023-06-28T14:17:41.790+0000] {logging_mixin.py:149} INFO - [2023-06-28T14:17:41.789+0000] {dag.py:2726} INFO - Sync 1 DAGs
[2023-06-28T14:17:41.848+0000] {logging_mixin.py:149} INFO - [2023-06-28T14:17:41.848+0000] {dag.py:3490} INFO - Setting next_dagrun for latest_only to 2023-06-28T10:17:41.848075+00:00, run_after=2023-06-28T14:17:41.848075+00:00
[2023-06-28T14:17:41.905+0000] {processor.py:179} INFO - Processing /home/airflow/.local/lib/python3.7/site-packages/airflow/example_dags/example_latest_only.py took 0.180 seconds
[2023-06-28T14:18:12.242+0000] {processor.py:157} INFO - Started process (PID=240) to work on /home/airflow/.local/lib/python3.7/site-packages/airflow/example_dags/example_latest_only.py
[2023-06-28T14:18:12.244+0000] {processor.py:826} INFO - Processing file /home/airflow/.local/lib/python3.7/site-packages/airflow/example_dags/example_latest_only.py for tasks to queue
[2023-06-28T14:18:12.246+0000] {logging_mixin.py:149} INFO - [2023-06-28T14:18:12.245+0000] {dagbag.py:541} INFO - Filling up the DagBag from /home/airflow/.local/lib/python3.7/site-packages/airflow/example_dags/example_latest_only.py
[2023-06-28T14:18:12.258+0000] {processor.py:836} INFO - DAG(s) dict_keys(['latest_only']) retrieved from /home/airflow/.local/lib/python3.7/site-packages/airflow/example_dags/example_latest_only.py
[2023-06-28T14:18:12.309+0000] {logging_mixin.py:149} INFO - [2023-06-28T14:18:12.308+0000] {dag.py:2726} INFO - Sync 1 DAGs
[2023-06-28T14:18:12.399+0000] {logging_mixin.py:149} INFO - [2023-06-28T14:18:12.398+0000] {dag.py:3490} INFO - Setting next_dagrun for latest_only to 2023-06-28T10:18:12.398471+00:00, run_after=2023-06-28T14:18:12.398471+00:00
[2023-06-28T14:18:12.481+0000] {processor.py:179} INFO - Processing /home/airflow/.local/lib/python3.7/site-packages/airflow/example_dags/example_latest_only.py took 0.244 seconds
[2023-06-28T14:18:43.386+0000] {processor.py:157} INFO - Started process (PID=299) to work on /home/airflow/.local/lib/python3.7/site-packages/airflow/example_dags/example_latest_only.py
[2023-06-28T14:18:43.387+0000] {processor.py:826} INFO - Processing file /home/airflow/.local/lib/python3.7/site-packages/airflow/example_dags/example_latest_only.py for tasks to queue
[2023-06-28T14:18:43.388+0000] {logging_mixin.py:149} INFO - [2023-06-28T14:18:43.388+0000] {dagbag.py:541} INFO - Filling up the DagBag from /home/airflow/.local/lib/python3.7/site-packages/airflow/example_dags/example_latest_only.py
[2023-06-28T14:18:43.399+0000] {processor.py:836} INFO - DAG(s) dict_keys(['latest_only']) retrieved from /home/airflow/.local/lib/python3.7/site-packages/airflow/example_dags/example_latest_only.py
[2023-06-28T14:18:43.436+0000] {logging_mixin.py:149} INFO - [2023-06-28T14:18:43.435+0000] {dag.py:2726} INFO - Sync 1 DAGs
[2023-06-28T14:18:43.485+0000] {logging_mixin.py:149} INFO - [2023-06-28T14:18:43.485+0000] {dag.py:3490} INFO - Setting next_dagrun for latest_only to 2023-06-28T10:18:43.485205+00:00, run_after=2023-06-28T14:18:43.485205+00:00
[2023-06-28T14:18:43.541+0000] {processor.py:179} INFO - Processing /home/airflow/.local/lib/python3.7/site-packages/airflow/example_dags/example_latest_only.py took 0.162 seconds
[2023-06-28T14:19:14.185+0000] {processor.py:157} INFO - Started process (PID=357) to work on /home/airflow/.local/lib/python3.7/site-packages/airflow/example_dags/example_latest_only.py
[2023-06-28T14:19:14.187+0000] {processor.py:826} INFO - Processing file /home/airflow/.local/lib/python3.7/site-packages/airflow/example_dags/example_latest_only.py for tasks to queue
[2023-06-28T14:19:14.191+0000] {logging_mixin.py:149} INFO - [2023-06-28T14:19:14.190+0000] {dagbag.py:541} INFO - Filling up the DagBag from /home/airflow/.local/lib/python3.7/site-packages/airflow/example_dags/example_latest_only.py
[2023-06-28T14:19:14.205+0000] {processor.py:836} INFO - DAG(s) dict_keys(['latest_only']) retrieved from /home/airflow/.local/lib/python3.7/site-packages/airflow/example_dags/example_latest_only.py
[2023-06-28T14:19:14.267+0000] {logging_mixin.py:149} INFO - [2023-06-28T14:19:14.266+0000] {dag.py:2726} INFO - Sync 1 DAGs
[2023-06-28T14:19:14.331+0000] {logging_mixin.py:149} INFO - [2023-06-28T14:19:14.331+0000] {dag.py:3490} INFO - Setting next_dagrun for latest_only to 2023-06-28T10:19:14.330622+00:00, run_after=2023-06-28T14:19:14.330622+00:00
[2023-06-28T14:19:14.380+0000] {processor.py:179} INFO - Processing /home/airflow/.local/lib/python3.7/site-packages/airflow/example_dags/example_latest_only.py took 0.202 seconds
[2023-06-28T14:19:44.635+0000] {processor.py:157} INFO - Started process (PID=416) to work on /home/airflow/.local/lib/python3.7/site-packages/airflow/example_dags/example_latest_only.py
[2023-06-28T14:19:44.640+0000] {processor.py:826} INFO - Processing file /home/airflow/.local/lib/python3.7/site-packages/airflow/example_dags/example_latest_only.py for tasks to queue
[2023-06-28T14:19:44.643+0000] {logging_mixin.py:149} INFO - [2023-06-28T14:19:44.642+0000] {dagbag.py:541} INFO - Filling up the DagBag from /home/airflow/.local/lib/python3.7/site-packages/airflow/example_dags/example_latest_only.py
[2023-06-28T14:19:44.659+0000] {processor.py:836} INFO - DAG(s) dict_keys(['latest_only']) retrieved from /home/airflow/.local/lib/python3.7/site-packages/airflow/example_dags/example_latest_only.py
[2023-06-28T14:19:44.751+0000] {logging_mixin.py:149} INFO - [2023-06-28T14:19:44.751+0000] {dag.py:2726} INFO - Sync 1 DAGs
[2023-06-28T14:19:44.809+0000] {logging_mixin.py:149} INFO - [2023-06-28T14:19:44.809+0000] {dag.py:3490} INFO - Setting next_dagrun for latest_only to 2023-06-28T10:19:44.809121+00:00, run_after=2023-06-28T14:19:44.809121+00:00
[2023-06-28T14:19:44.848+0000] {processor.py:179} INFO - Processing /home/airflow/.local/lib/python3.7/site-packages/airflow/example_dags/example_latest_only.py took 0.223 seconds
[2023-06-28T14:20:15.070+0000] {processor.py:157} INFO - Started process (PID=475) to work on /home/airflow/.local/lib/python3.7/site-packages/airflow/example_dags/example_latest_only.py
[2023-06-28T14:20:15.072+0000] {processor.py:826} INFO - Processing file /home/airflow/.local/lib/python3.7/site-packages/airflow/example_dags/example_latest_only.py for tasks to queue
[2023-06-28T14:20:15.073+0000] {logging_mixin.py:149} INFO - [2023-06-28T14:20:15.073+0000] {dagbag.py:541} INFO - Filling up the DagBag from /home/airflow/.local/lib/python3.7/site-packages/airflow/example_dags/example_latest_only.py
[2023-06-28T14:20:15.084+0000] {processor.py:836} INFO - DAG(s) dict_keys(['latest_only']) retrieved from /home/airflow/.local/lib/python3.7/site-packages/airflow/example_dags/example_latest_only.py
[2023-06-28T14:20:15.125+0000] {logging_mixin.py:149} INFO - [2023-06-28T14:20:15.125+0000] {dag.py:2726} INFO - Sync 1 DAGs
[2023-06-28T14:20:15.175+0000] {logging_mixin.py:149} INFO - [2023-06-28T14:20:15.175+0000] {dag.py:3490} INFO - Setting next_dagrun for latest_only to 2023-06-28T10:20:15.175175+00:00, run_after=2023-06-28T14:20:15.175175+00:00
[2023-06-28T14:20:15.235+0000] {processor.py:179} INFO - Processing /home/airflow/.local/lib/python3.7/site-packages/airflow/example_dags/example_latest_only.py took 0.172 seconds
[2023-06-28T14:20:45.626+0000] {processor.py:157} INFO - Started process (PID=534) to work on /home/airflow/.local/lib/python3.7/site-packages/airflow/example_dags/example_latest_only.py
[2023-06-28T14:20:45.628+0000] {processor.py:826} INFO - Processing file /home/airflow/.local/lib/python3.7/site-packages/airflow/example_dags/example_latest_only.py for tasks to queue
[2023-06-28T14:20:45.629+0000] {logging_mixin.py:149} INFO - [2023-06-28T14:20:45.629+0000] {dagbag.py:541} INFO - Filling up the DagBag from /home/airflow/.local/lib/python3.7/site-packages/airflow/example_dags/example_latest_only.py
[2023-06-28T14:20:45.638+0000] {processor.py:836} INFO - DAG(s) dict_keys(['latest_only']) retrieved from /home/airflow/.local/lib/python3.7/site-packages/airflow/example_dags/example_latest_only.py
[2023-06-28T14:20:45.671+0000] {logging_mixin.py:149} INFO - [2023-06-28T14:20:45.670+0000] {dag.py:2726} INFO - Sync 1 DAGs
[2023-06-28T14:20:45.709+0000] {logging_mixin.py:149} INFO - [2023-06-28T14:20:45.709+0000] {dag.py:3490} INFO - Setting next_dagrun for latest_only to 2023-06-28T10:20:45.708918+00:00, run_after=2023-06-28T14:20:45.708918+00:00
[2023-06-28T14:20:45.741+0000] {processor.py:179} INFO - Processing /home/airflow/.local/lib/python3.7/site-packages/airflow/example_dags/example_latest_only.py took 0.119 seconds
[2023-06-28T14:21:16.495+0000] {processor.py:157} INFO - Started process (PID=593) to work on /home/airflow/.local/lib/python3.7/site-packages/airflow/example_dags/example_latest_only.py
[2023-06-28T14:21:16.498+0000] {processor.py:826} INFO - Processing file /home/airflow/.local/lib/python3.7/site-packages/airflow/example_dags/example_latest_only.py for tasks to queue
[2023-06-28T14:21:16.500+0000] {logging_mixin.py:149} INFO - [2023-06-28T14:21:16.499+0000] {dagbag.py:541} INFO - Filling up the DagBag from /home/airflow/.local/lib/python3.7/site-packages/airflow/example_dags/example_latest_only.py
[2023-06-28T14:21:16.515+0000] {processor.py:836} INFO - DAG(s) dict_keys(['latest_only']) retrieved from /home/airflow/.local/lib/python3.7/site-packages/airflow/example_dags/example_latest_only.py
[2023-06-28T14:21:16.583+0000] {logging_mixin.py:149} INFO - [2023-06-28T14:21:16.583+0000] {dag.py:2726} INFO - Sync 1 DAGs
[2023-06-28T14:21:16.645+0000] {logging_mixin.py:149} INFO - [2023-06-28T14:21:16.645+0000] {dag.py:3490} INFO - Setting next_dagrun for latest_only to 2023-06-28T10:21:16.645261+00:00, run_after=2023-06-28T14:21:16.645261+00:00
[2023-06-28T14:21:16.705+0000] {processor.py:179} INFO - Processing /home/airflow/.local/lib/python3.7/site-packages/airflow/example_dags/example_latest_only.py took 0.216 seconds
[2023-06-28T14:21:47.559+0000] {processor.py:157} INFO - Started process (PID=653) to work on /home/airflow/.local/lib/python3.7/site-packages/airflow/example_dags/example_latest_only.py
[2023-06-28T14:21:47.560+0000] {processor.py:826} INFO - Processing file /home/airflow/.local/lib/python3.7/site-packages/airflow/example_dags/example_latest_only.py for tasks to queue
[2023-06-28T14:21:47.561+0000] {logging_mixin.py:149} INFO - [2023-06-28T14:21:47.561+0000] {dagbag.py:541} INFO - Filling up the DagBag from /home/airflow/.local/lib/python3.7/site-packages/airflow/example_dags/example_latest_only.py
[2023-06-28T14:21:47.571+0000] {processor.py:836} INFO - DAG(s) dict_keys(['latest_only']) retrieved from /home/airflow/.local/lib/python3.7/site-packages/airflow/example_dags/example_latest_only.py
[2023-06-28T14:21:47.609+0000] {logging_mixin.py:149} INFO - [2023-06-28T14:21:47.609+0000] {dag.py:2726} INFO - Sync 1 DAGs
[2023-06-28T14:21:47.659+0000] {logging_mixin.py:149} INFO - [2023-06-28T14:21:47.659+0000] {dag.py:3490} INFO - Setting next_dagrun for latest_only to 2023-06-28T10:21:47.658802+00:00, run_after=2023-06-28T14:21:47.658802+00:00
[2023-06-28T14:21:47.703+0000] {processor.py:179} INFO - Processing /home/airflow/.local/lib/python3.7/site-packages/airflow/example_dags/example_latest_only.py took 0.149 seconds
[2023-06-28T14:22:18.644+0000] {processor.py:157} INFO - Started process (PID=713) to work on /home/airflow/.local/lib/python3.7/site-packages/airflow/example_dags/example_latest_only.py
[2023-06-28T14:22:18.646+0000] {processor.py:826} INFO - Processing file /home/airflow/.local/lib/python3.7/site-packages/airflow/example_dags/example_latest_only.py for tasks to queue
[2023-06-28T14:22:18.647+0000] {logging_mixin.py:149} INFO - [2023-06-28T14:22:18.647+0000] {dagbag.py:541} INFO - Filling up the DagBag from /home/airflow/.local/lib/python3.7/site-packages/airflow/example_dags/example_latest_only.py
[2023-06-28T14:22:18.658+0000] {processor.py:836} INFO - DAG(s) dict_keys(['latest_only']) retrieved from /home/airflow/.local/lib/python3.7/site-packages/airflow/example_dags/example_latest_only.py
[2023-06-28T14:22:18.701+0000] {logging_mixin.py:149} INFO - [2023-06-28T14:22:18.701+0000] {dag.py:2726} INFO - Sync 1 DAGs
[2023-06-28T14:22:18.744+0000] {logging_mixin.py:149} INFO - [2023-06-28T14:22:18.744+0000] {dag.py:3490} INFO - Setting next_dagrun for latest_only to 2023-06-28T10:22:18.744199+00:00, run_after=2023-06-28T14:22:18.744199+00:00
[2023-06-28T14:22:18.789+0000] {processor.py:179} INFO - Processing /home/airflow/.local/lib/python3.7/site-packages/airflow/example_dags/example_latest_only.py took 0.149 seconds
[2023-06-28T14:22:49.113+0000] {processor.py:157} INFO - Started process (PID=772) to work on /home/airflow/.local/lib/python3.7/site-packages/airflow/example_dags/example_latest_only.py
[2023-06-28T14:22:49.114+0000] {processor.py:826} INFO - Processing file /home/airflow/.local/lib/python3.7/site-packages/airflow/example_dags/example_latest_only.py for tasks to queue
[2023-06-28T14:22:49.115+0000] {logging_mixin.py:149} INFO - [2023-06-28T14:22:49.115+0000] {dagbag.py:541} INFO - Filling up the DagBag from /home/airflow/.local/lib/python3.7/site-packages/airflow/example_dags/example_latest_only.py
[2023-06-28T14:22:49.123+0000] {processor.py:836} INFO - DAG(s) dict_keys(['latest_only']) retrieved from /home/airflow/.local/lib/python3.7/site-packages/airflow/example_dags/example_latest_only.py
[2023-06-28T14:22:49.159+0000] {logging_mixin.py:149} INFO - [2023-06-28T14:22:49.159+0000] {dag.py:2726} INFO - Sync 1 DAGs
[2023-06-28T14:22:49.201+0000] {logging_mixin.py:149} INFO - [2023-06-28T14:22:49.201+0000] {dag.py:3490} INFO - Setting next_dagrun for latest_only to 2023-06-28T10:22:49.200867+00:00, run_after=2023-06-28T14:22:49.200867+00:00
[2023-06-28T14:22:49.239+0000] {processor.py:179} INFO - Processing /home/airflow/.local/lib/python3.7/site-packages/airflow/example_dags/example_latest_only.py took 0.131 seconds
[2023-06-28T14:23:19.304+0000] {processor.py:157} INFO - Started process (PID=831) to work on /home/airflow/.local/lib/python3.7/site-packages/airflow/example_dags/example_latest_only.py
[2023-06-28T14:23:19.305+0000] {processor.py:826} INFO - Processing file /home/airflow/.local/lib/python3.7/site-packages/airflow/example_dags/example_latest_only.py for tasks to queue
[2023-06-28T14:23:19.306+0000] {logging_mixin.py:149} INFO - [2023-06-28T14:23:19.306+0000] {dagbag.py:541} INFO - Filling up the DagBag from /home/airflow/.local/lib/python3.7/site-packages/airflow/example_dags/example_latest_only.py
[2023-06-28T14:23:19.315+0000] {processor.py:836} INFO - DAG(s) dict_keys(['latest_only']) retrieved from /home/airflow/.local/lib/python3.7/site-packages/airflow/example_dags/example_latest_only.py
[2023-06-28T14:23:19.349+0000] {logging_mixin.py:149} INFO - [2023-06-28T14:23:19.348+0000] {dag.py:2726} INFO - Sync 1 DAGs
[2023-06-28T14:23:19.389+0000] {logging_mixin.py:149} INFO - [2023-06-28T14:23:19.388+0000] {dag.py:3490} INFO - Setting next_dagrun for latest_only to 2023-06-28T10:23:19.388469+00:00, run_after=2023-06-28T14:23:19.388469+00:00
[2023-06-28T14:23:19.424+0000] {processor.py:179} INFO - Processing /home/airflow/.local/lib/python3.7/site-packages/airflow/example_dags/example_latest_only.py took 0.125 seconds
[2023-06-28T14:23:49.939+0000] {processor.py:157} INFO - Started process (PID=891) to work on /home/airflow/.local/lib/python3.7/site-packages/airflow/example_dags/example_latest_only.py
[2023-06-28T14:23:49.940+0000] {processor.py:826} INFO - Processing file /home/airflow/.local/lib/python3.7/site-packages/airflow/example_dags/example_latest_only.py for tasks to queue
[2023-06-28T14:23:49.942+0000] {logging_mixin.py:149} INFO - [2023-06-28T14:23:49.941+0000] {dagbag.py:541} INFO - Filling up the DagBag from /home/airflow/.local/lib/python3.7/site-packages/airflow/example_dags/example_latest_only.py
[2023-06-28T14:23:49.949+0000] {processor.py:836} INFO - DAG(s) dict_keys(['latest_only']) retrieved from /home/airflow/.local/lib/python3.7/site-packages/airflow/example_dags/example_latest_only.py
[2023-06-28T14:23:49.988+0000] {logging_mixin.py:149} INFO - [2023-06-28T14:23:49.988+0000] {dag.py:2726} INFO - Sync 1 DAGs
[2023-06-28T14:23:50.040+0000] {logging_mixin.py:149} INFO - [2023-06-28T14:23:50.039+0000] {dag.py:3490} INFO - Setting next_dagrun for latest_only to 2023-06-28T10:23:50.039633+00:00, run_after=2023-06-28T14:23:50.039633+00:00
[2023-06-28T14:23:50.077+0000] {processor.py:179} INFO - Processing /home/airflow/.local/lib/python3.7/site-packages/airflow/example_dags/example_latest_only.py took 0.144 seconds
[2023-06-28T14:24:20.944+0000] {processor.py:157} INFO - Started process (PID=956) to work on /home/airflow/.local/lib/python3.7/site-packages/airflow/example_dags/example_latest_only.py
[2023-06-28T14:24:20.947+0000] {processor.py:826} INFO - Processing file /home/airflow/.local/lib/python3.7/site-packages/airflow/example_dags/example_latest_only.py for tasks to queue
[2023-06-28T14:24:20.948+0000] {logging_mixin.py:149} INFO - [2023-06-28T14:24:20.948+0000] {dagbag.py:541} INFO - Filling up the DagBag from /home/airflow/.local/lib/python3.7/site-packages/airflow/example_dags/example_latest_only.py
[2023-06-28T14:24:20.957+0000] {processor.py:836} INFO - DAG(s) dict_keys(['latest_only']) retrieved from /home/airflow/.local/lib/python3.7/site-packages/airflow/example_dags/example_latest_only.py
[2023-06-28T14:24:20.992+0000] {logging_mixin.py:149} INFO - [2023-06-28T14:24:20.992+0000] {dag.py:2726} INFO - Sync 1 DAGs
[2023-06-28T14:24:21.029+0000] {logging_mixin.py:149} INFO - [2023-06-28T14:24:21.028+0000] {dag.py:3490} INFO - Setting next_dagrun for latest_only to 2023-06-28T10:24:21.028514+00:00, run_after=2023-06-28T14:24:21.028514+00:00
[2023-06-28T14:24:21.062+0000] {processor.py:179} INFO - Processing /home/airflow/.local/lib/python3.7/site-packages/airflow/example_dags/example_latest_only.py took 0.126 seconds
[2023-06-28T14:24:51.139+0000] {processor.py:157} INFO - Started process (PID=1016) to work on /home/airflow/.local/lib/python3.7/site-packages/airflow/example_dags/example_latest_only.py
[2023-06-28T14:24:51.140+0000] {processor.py:826} INFO - Processing file /home/airflow/.local/lib/python3.7/site-packages/airflow/example_dags/example_latest_only.py for tasks to queue
[2023-06-28T14:24:51.142+0000] {logging_mixin.py:149} INFO - [2023-06-28T14:24:51.142+0000] {dagbag.py:541} INFO - Filling up the DagBag from /home/airflow/.local/lib/python3.7/site-packages/airflow/example_dags/example_latest_only.py
[2023-06-28T14:24:51.151+0000] {processor.py:836} INFO - DAG(s) dict_keys(['latest_only']) retrieved from /home/airflow/.local/lib/python3.7/site-packages/airflow/example_dags/example_latest_only.py
[2023-06-28T14:24:51.193+0000] {logging_mixin.py:149} INFO - [2023-06-28T14:24:51.193+0000] {dag.py:2726} INFO - Sync 1 DAGs
[2023-06-28T14:24:51.243+0000] {logging_mixin.py:149} INFO - [2023-06-28T14:24:51.243+0000] {dag.py:3490} INFO - Setting next_dagrun for latest_only to 2023-06-28T10:24:51.242665+00:00, run_after=2023-06-28T14:24:51.242665+00:00
[2023-06-28T14:24:51.285+0000] {processor.py:179} INFO - Processing /home/airflow/.local/lib/python3.7/site-packages/airflow/example_dags/example_latest_only.py took 0.151 seconds
[2023-06-28T14:25:21.789+0000] {processor.py:157} INFO - Started process (PID=1074) to work on /home/airflow/.local/lib/python3.7/site-packages/airflow/example_dags/example_latest_only.py
[2023-06-28T14:25:21.790+0000] {processor.py:826} INFO - Processing file /home/airflow/.local/lib/python3.7/site-packages/airflow/example_dags/example_latest_only.py for tasks to queue
[2023-06-28T14:25:21.792+0000] {logging_mixin.py:149} INFO - [2023-06-28T14:25:21.792+0000] {dagbag.py:541} INFO - Filling up the DagBag from /home/airflow/.local/lib/python3.7/site-packages/airflow/example_dags/example_latest_only.py
[2023-06-28T14:25:21.800+0000] {processor.py:836} INFO - DAG(s) dict_keys(['latest_only']) retrieved from /home/airflow/.local/lib/python3.7/site-packages/airflow/example_dags/example_latest_only.py
[2023-06-28T14:25:21.841+0000] {logging_mixin.py:149} INFO - [2023-06-28T14:25:21.841+0000] {dag.py:2726} INFO - Sync 1 DAGs
[2023-06-28T14:25:21.880+0000] {logging_mixin.py:149} INFO - [2023-06-28T14:25:21.880+0000] {dag.py:3490} INFO - Setting next_dagrun for latest_only to 2023-06-28T10:25:21.879957+00:00, run_after=2023-06-28T14:25:21.879957+00:00
[2023-06-28T14:25:21.917+0000] {processor.py:179} INFO - Processing /home/airflow/.local/lib/python3.7/site-packages/airflow/example_dags/example_latest_only.py took 0.133 seconds
[2023-06-28T14:25:52.094+0000] {processor.py:157} INFO - Started process (PID=1133) to work on /home/airflow/.local/lib/python3.7/site-packages/airflow/example_dags/example_latest_only.py
[2023-06-28T14:25:52.095+0000] {processor.py:826} INFO - Processing file /home/airflow/.local/lib/python3.7/site-packages/airflow/example_dags/example_latest_only.py for tasks to queue
[2023-06-28T14:25:52.097+0000] {logging_mixin.py:149} INFO - [2023-06-28T14:25:52.096+0000] {dagbag.py:541} INFO - Filling up the DagBag from /home/airflow/.local/lib/python3.7/site-packages/airflow/example_dags/example_latest_only.py
[2023-06-28T14:25:52.103+0000] {processor.py:836} INFO - DAG(s) dict_keys(['latest_only']) retrieved from /home/airflow/.local/lib/python3.7/site-packages/airflow/example_dags/example_latest_only.py
[2023-06-28T14:25:52.138+0000] {logging_mixin.py:149} INFO - [2023-06-28T14:25:52.138+0000] {dag.py:2726} INFO - Sync 1 DAGs
[2023-06-28T14:25:52.175+0000] {logging_mixin.py:149} INFO - [2023-06-28T14:25:52.175+0000] {dag.py:3490} INFO - Setting next_dagrun for latest_only to 2023-06-28T10:25:52.174996+00:00, run_after=2023-06-28T14:25:52.174996+00:00
[2023-06-28T14:25:52.211+0000] {processor.py:179} INFO - Processing /home/airflow/.local/lib/python3.7/site-packages/airflow/example_dags/example_latest_only.py took 0.121 seconds
[2023-06-28T14:26:22.275+0000] {processor.py:157} INFO - Started process (PID=1193) to work on /home/airflow/.local/lib/python3.7/site-packages/airflow/example_dags/example_latest_only.py
[2023-06-28T14:26:22.277+0000] {processor.py:826} INFO - Processing file /home/airflow/.local/lib/python3.7/site-packages/airflow/example_dags/example_latest_only.py for tasks to queue
[2023-06-28T14:26:22.278+0000] {logging_mixin.py:149} INFO - [2023-06-28T14:26:22.278+0000] {dagbag.py:541} INFO - Filling up the DagBag from /home/airflow/.local/lib/python3.7/site-packages/airflow/example_dags/example_latest_only.py
[2023-06-28T14:26:22.287+0000] {processor.py:836} INFO - DAG(s) dict_keys(['latest_only']) retrieved from /home/airflow/.local/lib/python3.7/site-packages/airflow/example_dags/example_latest_only.py
[2023-06-28T14:26:22.322+0000] {logging_mixin.py:149} INFO - [2023-06-28T14:26:22.322+0000] {dag.py:2726} INFO - Sync 1 DAGs
[2023-06-28T14:26:22.360+0000] {logging_mixin.py:149} INFO - [2023-06-28T14:26:22.360+0000] {dag.py:3490} INFO - Setting next_dagrun for latest_only to 2023-06-28T10:26:22.359897+00:00, run_after=2023-06-28T14:26:22.359897+00:00
[2023-06-28T14:26:22.396+0000] {processor.py:179} INFO - Processing /home/airflow/.local/lib/python3.7/site-packages/airflow/example_dags/example_latest_only.py took 0.126 seconds
[2023-06-28T14:26:52.431+0000] {processor.py:157} INFO - Started process (PID=1252) to work on /home/airflow/.local/lib/python3.7/site-packages/airflow/example_dags/example_latest_only.py
[2023-06-28T14:26:52.433+0000] {processor.py:826} INFO - Processing file /home/airflow/.local/lib/python3.7/site-packages/airflow/example_dags/example_latest_only.py for tasks to queue
[2023-06-28T14:26:52.435+0000] {logging_mixin.py:149} INFO - [2023-06-28T14:26:52.434+0000] {dagbag.py:541} INFO - Filling up the DagBag from /home/airflow/.local/lib/python3.7/site-packages/airflow/example_dags/example_latest_only.py
[2023-06-28T14:26:52.443+0000] {processor.py:836} INFO - DAG(s) dict_keys(['latest_only']) retrieved from /home/airflow/.local/lib/python3.7/site-packages/airflow/example_dags/example_latest_only.py
[2023-06-28T14:26:52.483+0000] {logging_mixin.py:149} INFO - [2023-06-28T14:26:52.483+0000] {dag.py:2726} INFO - Sync 1 DAGs
[2023-06-28T14:26:52.530+0000] {logging_mixin.py:149} INFO - [2023-06-28T14:26:52.529+0000] {dag.py:3490} INFO - Setting next_dagrun for latest_only to 2023-06-28T10:26:52.529327+00:00, run_after=2023-06-28T14:26:52.529327+00:00
[2023-06-28T14:26:52.576+0000] {processor.py:179} INFO - Processing /home/airflow/.local/lib/python3.7/site-packages/airflow/example_dags/example_latest_only.py took 0.151 seconds
[2023-06-28T14:27:22.982+0000] {processor.py:157} INFO - Started process (PID=1310) to work on /home/airflow/.local/lib/python3.7/site-packages/airflow/example_dags/example_latest_only.py
[2023-06-28T14:27:22.984+0000] {processor.py:826} INFO - Processing file /home/airflow/.local/lib/python3.7/site-packages/airflow/example_dags/example_latest_only.py for tasks to queue
[2023-06-28T14:27:22.985+0000] {logging_mixin.py:149} INFO - [2023-06-28T14:27:22.985+0000] {dagbag.py:541} INFO - Filling up the DagBag from /home/airflow/.local/lib/python3.7/site-packages/airflow/example_dags/example_latest_only.py
[2023-06-28T14:27:22.992+0000] {processor.py:836} INFO - DAG(s) dict_keys(['latest_only']) retrieved from /home/airflow/.local/lib/python3.7/site-packages/airflow/example_dags/example_latest_only.py
[2023-06-28T14:27:23.028+0000] {logging_mixin.py:149} INFO - [2023-06-28T14:27:23.028+0000] {dag.py:2726} INFO - Sync 1 DAGs
[2023-06-28T14:27:23.065+0000] {logging_mixin.py:149} INFO - [2023-06-28T14:27:23.065+0000] {dag.py:3490} INFO - Setting next_dagrun for latest_only to 2023-06-28T10:27:23.064910+00:00, run_after=2023-06-28T14:27:23.064910+00:00
[2023-06-28T14:27:23.099+0000] {processor.py:179} INFO - Processing /home/airflow/.local/lib/python3.7/site-packages/airflow/example_dags/example_latest_only.py took 0.122 seconds
[2023-06-28T14:27:53.489+0000] {processor.py:157} INFO - Started process (PID=1370) to work on /home/airflow/.local/lib/python3.7/site-packages/airflow/example_dags/example_latest_only.py
[2023-06-28T14:27:53.490+0000] {processor.py:826} INFO - Processing file /home/airflow/.local/lib/python3.7/site-packages/airflow/example_dags/example_latest_only.py for tasks to queue
[2023-06-28T14:27:53.491+0000] {logging_mixin.py:149} INFO - [2023-06-28T14:27:53.491+0000] {dagbag.py:541} INFO - Filling up the DagBag from /home/airflow/.local/lib/python3.7/site-packages/airflow/example_dags/example_latest_only.py
[2023-06-28T14:27:53.498+0000] {processor.py:836} INFO - DAG(s) dict_keys(['latest_only']) retrieved from /home/airflow/.local/lib/python3.7/site-packages/airflow/example_dags/example_latest_only.py
[2023-06-28T14:27:53.529+0000] {logging_mixin.py:149} INFO - [2023-06-28T14:27:53.529+0000] {dag.py:2726} INFO - Sync 1 DAGs
[2023-06-28T14:27:53.564+0000] {logging_mixin.py:149} INFO - [2023-06-28T14:27:53.564+0000] {dag.py:3490} INFO - Setting next_dagrun for latest_only to 2023-06-28T10:27:53.563833+00:00, run_after=2023-06-28T14:27:53.563833+00:00
[2023-06-28T14:27:53.595+0000] {processor.py:179} INFO - Processing /home/airflow/.local/lib/python3.7/site-packages/airflow/example_dags/example_latest_only.py took 0.110 seconds
[2023-06-28T14:28:24.258+0000] {processor.py:157} INFO - Started process (PID=1428) to work on /home/airflow/.local/lib/python3.7/site-packages/airflow/example_dags/example_latest_only.py
[2023-06-28T14:28:24.259+0000] {processor.py:826} INFO - Processing file /home/airflow/.local/lib/python3.7/site-packages/airflow/example_dags/example_latest_only.py for tasks to queue
[2023-06-28T14:28:24.261+0000] {logging_mixin.py:149} INFO - [2023-06-28T14:28:24.260+0000] {dagbag.py:541} INFO - Filling up the DagBag from /home/airflow/.local/lib/python3.7/site-packages/airflow/example_dags/example_latest_only.py
[2023-06-28T14:28:24.268+0000] {processor.py:836} INFO - DAG(s) dict_keys(['latest_only']) retrieved from /home/airflow/.local/lib/python3.7/site-packages/airflow/example_dags/example_latest_only.py
[2023-06-28T14:28:24.297+0000] {logging_mixin.py:149} INFO - [2023-06-28T14:28:24.297+0000] {dag.py:2726} INFO - Sync 1 DAGs
[2023-06-28T14:28:24.331+0000] {logging_mixin.py:149} INFO - [2023-06-28T14:28:24.331+0000] {dag.py:3490} INFO - Setting next_dagrun for latest_only to 2023-06-28T10:28:24.330735+00:00, run_after=2023-06-28T14:28:24.330735+00:00
[2023-06-28T14:28:24.370+0000] {processor.py:179} INFO - Processing /home/airflow/.local/lib/python3.7/site-packages/airflow/example_dags/example_latest_only.py took 0.116 seconds
[2023-06-28T14:28:54.524+0000] {processor.py:157} INFO - Started process (PID=1488) to work on /home/airflow/.local/lib/python3.7/site-packages/airflow/example_dags/example_latest_only.py
[2023-06-28T14:28:54.526+0000] {processor.py:826} INFO - Processing file /home/airflow/.local/lib/python3.7/site-packages/airflow/example_dags/example_latest_only.py for tasks to queue
[2023-06-28T14:28:54.527+0000] {logging_mixin.py:149} INFO - [2023-06-28T14:28:54.527+0000] {dagbag.py:541} INFO - Filling up the DagBag from /home/airflow/.local/lib/python3.7/site-packages/airflow/example_dags/example_latest_only.py
[2023-06-28T14:28:54.534+0000] {processor.py:836} INFO - DAG(s) dict_keys(['latest_only']) retrieved from /home/airflow/.local/lib/python3.7/site-packages/airflow/example_dags/example_latest_only.py
[2023-06-28T14:28:54.563+0000] {logging_mixin.py:149} INFO - [2023-06-28T14:28:54.562+0000] {dag.py:2726} INFO - Sync 1 DAGs
[2023-06-28T14:28:54.598+0000] {logging_mixin.py:149} INFO - [2023-06-28T14:28:54.598+0000] {dag.py:3490} INFO - Setting next_dagrun for latest_only to 2023-06-28T10:28:54.597889+00:00, run_after=2023-06-28T14:28:54.597889+00:00
[2023-06-28T14:28:54.645+0000] {processor.py:179} INFO - Processing /home/airflow/.local/lib/python3.7/site-packages/airflow/example_dags/example_latest_only.py took 0.124 seconds
[2023-06-28T14:29:24.994+0000] {processor.py:157} INFO - Started process (PID=1548) to work on /home/airflow/.local/lib/python3.7/site-packages/airflow/example_dags/example_latest_only.py
[2023-06-28T14:29:24.996+0000] {processor.py:826} INFO - Processing file /home/airflow/.local/lib/python3.7/site-packages/airflow/example_dags/example_latest_only.py for tasks to queue
[2023-06-28T14:29:24.997+0000] {logging_mixin.py:149} INFO - [2023-06-28T14:29:24.997+0000] {dagbag.py:541} INFO - Filling up the DagBag from /home/airflow/.local/lib/python3.7/site-packages/airflow/example_dags/example_latest_only.py
[2023-06-28T14:29:25.004+0000] {processor.py:836} INFO - DAG(s) dict_keys(['latest_only']) retrieved from /home/airflow/.local/lib/python3.7/site-packages/airflow/example_dags/example_latest_only.py
[2023-06-28T14:29:25.032+0000] {logging_mixin.py:149} INFO - [2023-06-28T14:29:25.032+0000] {dag.py:2726} INFO - Sync 1 DAGs
[2023-06-28T14:29:25.065+0000] {logging_mixin.py:149} INFO - [2023-06-28T14:29:25.065+0000] {dag.py:3490} INFO - Setting next_dagrun for latest_only to 2023-06-28T10:29:25.064955+00:00, run_after=2023-06-28T14:29:25.064955+00:00
[2023-06-28T14:29:25.103+0000] {processor.py:179} INFO - Processing /home/airflow/.local/lib/python3.7/site-packages/airflow/example_dags/example_latest_only.py took 0.113 seconds
[2023-06-28T14:29:55.646+0000] {processor.py:157} INFO - Started process (PID=1607) to work on /home/airflow/.local/lib/python3.7/site-packages/airflow/example_dags/example_latest_only.py
[2023-06-28T14:29:55.647+0000] {processor.py:826} INFO - Processing file /home/airflow/.local/lib/python3.7/site-packages/airflow/example_dags/example_latest_only.py for tasks to queue
[2023-06-28T14:29:55.649+0000] {logging_mixin.py:149} INFO - [2023-06-28T14:29:55.649+0000] {dagbag.py:541} INFO - Filling up the DagBag from /home/airflow/.local/lib/python3.7/site-packages/airflow/example_dags/example_latest_only.py
[2023-06-28T14:29:55.657+0000] {processor.py:836} INFO - DAG(s) dict_keys(['latest_only']) retrieved from /home/airflow/.local/lib/python3.7/site-packages/airflow/example_dags/example_latest_only.py
[2023-06-28T14:29:55.688+0000] {logging_mixin.py:149} INFO - [2023-06-28T14:29:55.687+0000] {dag.py:2726} INFO - Sync 1 DAGs
[2023-06-28T14:29:55.722+0000] {logging_mixin.py:149} INFO - [2023-06-28T14:29:55.721+0000] {dag.py:3490} INFO - Setting next_dagrun for latest_only to 2023-06-28T10:29:55.721686+00:00, run_after=2023-06-28T14:29:55.721686+00:00
[2023-06-28T14:29:55.753+0000] {processor.py:179} INFO - Processing /home/airflow/.local/lib/python3.7/site-packages/airflow/example_dags/example_latest_only.py took 0.112 seconds
[2023-06-28T14:30:26.147+0000] {processor.py:157} INFO - Started process (PID=1666) to work on /home/airflow/.local/lib/python3.7/site-packages/airflow/example_dags/example_latest_only.py
[2023-06-28T14:30:26.148+0000] {processor.py:826} INFO - Processing file /home/airflow/.local/lib/python3.7/site-packages/airflow/example_dags/example_latest_only.py for tasks to queue
[2023-06-28T14:30:26.149+0000] {logging_mixin.py:149} INFO - [2023-06-28T14:30:26.149+0000] {dagbag.py:541} INFO - Filling up the DagBag from /home/airflow/.local/lib/python3.7/site-packages/airflow/example_dags/example_latest_only.py
[2023-06-28T14:30:26.156+0000] {processor.py:836} INFO - DAG(s) dict_keys(['latest_only']) retrieved from /home/airflow/.local/lib/python3.7/site-packages/airflow/example_dags/example_latest_only.py
[2023-06-28T14:30:26.186+0000] {logging_mixin.py:149} INFO - [2023-06-28T14:30:26.186+0000] {dag.py:2726} INFO - Sync 1 DAGs
[2023-06-28T14:30:26.223+0000] {logging_mixin.py:149} INFO - [2023-06-28T14:30:26.223+0000] {dag.py:3490} INFO - Setting next_dagrun for latest_only to 2023-06-28T10:30:26.222878+00:00, run_after=2023-06-28T14:30:26.222878+00:00
[2023-06-28T14:30:26.265+0000] {processor.py:179} INFO - Processing /home/airflow/.local/lib/python3.7/site-packages/airflow/example_dags/example_latest_only.py took 0.123 seconds
[2023-06-28T14:30:56.860+0000] {processor.py:157} INFO - Started process (PID=1725) to work on /home/airflow/.local/lib/python3.7/site-packages/airflow/example_dags/example_latest_only.py
[2023-06-28T14:30:56.864+0000] {processor.py:826} INFO - Processing file /home/airflow/.local/lib/python3.7/site-packages/airflow/example_dags/example_latest_only.py for tasks to queue
[2023-06-28T14:30:56.866+0000] {logging_mixin.py:149} INFO - [2023-06-28T14:30:56.866+0000] {dagbag.py:541} INFO - Filling up the DagBag from /home/airflow/.local/lib/python3.7/site-packages/airflow/example_dags/example_latest_only.py
[2023-06-28T14:30:56.878+0000] {processor.py:836} INFO - DAG(s) dict_keys(['latest_only']) retrieved from /home/airflow/.local/lib/python3.7/site-packages/airflow/example_dags/example_latest_only.py
[2023-06-28T14:30:56.913+0000] {logging_mixin.py:149} INFO - [2023-06-28T14:30:56.913+0000] {dag.py:2726} INFO - Sync 1 DAGs
[2023-06-28T14:30:56.949+0000] {logging_mixin.py:149} INFO - [2023-06-28T14:30:56.949+0000] {dag.py:3490} INFO - Setting next_dagrun for latest_only to 2023-06-28T10:30:56.948765+00:00, run_after=2023-06-28T14:30:56.948765+00:00
[2023-06-28T14:30:56.978+0000] {processor.py:179} INFO - Processing /home/airflow/.local/lib/python3.7/site-packages/airflow/example_dags/example_latest_only.py took 0.124 seconds
[2023-06-28T14:31:27.106+0000] {processor.py:157} INFO - Started process (PID=1785) to work on /home/airflow/.local/lib/python3.7/site-packages/airflow/example_dags/example_latest_only.py
[2023-06-28T14:31:27.108+0000] {processor.py:826} INFO - Processing file /home/airflow/.local/lib/python3.7/site-packages/airflow/example_dags/example_latest_only.py for tasks to queue
[2023-06-28T14:31:27.109+0000] {logging_mixin.py:149} INFO - [2023-06-28T14:31:27.108+0000] {dagbag.py:541} INFO - Filling up the DagBag from /home/airflow/.local/lib/python3.7/site-packages/airflow/example_dags/example_latest_only.py
[2023-06-28T14:31:27.116+0000] {processor.py:836} INFO - DAG(s) dict_keys(['latest_only']) retrieved from /home/airflow/.local/lib/python3.7/site-packages/airflow/example_dags/example_latest_only.py
[2023-06-28T14:31:27.145+0000] {logging_mixin.py:149} INFO - [2023-06-28T14:31:27.145+0000] {dag.py:2726} INFO - Sync 1 DAGs
[2023-06-28T14:31:27.179+0000] {logging_mixin.py:149} INFO - [2023-06-28T14:31:27.179+0000] {dag.py:3490} INFO - Setting next_dagrun for latest_only to 2023-06-28T10:31:27.179022+00:00, run_after=2023-06-28T14:31:27.179022+00:00
[2023-06-28T14:31:27.210+0000] {processor.py:179} INFO - Processing /home/airflow/.local/lib/python3.7/site-packages/airflow/example_dags/example_latest_only.py took 0.107 seconds
[2023-06-28T14:31:57.476+0000] {processor.py:157} INFO - Started process (PID=1844) to work on /home/airflow/.local/lib/python3.7/site-packages/airflow/example_dags/example_latest_only.py
[2023-06-28T14:31:57.477+0000] {processor.py:826} INFO - Processing file /home/airflow/.local/lib/python3.7/site-packages/airflow/example_dags/example_latest_only.py for tasks to queue
[2023-06-28T14:31:57.478+0000] {logging_mixin.py:149} INFO - [2023-06-28T14:31:57.478+0000] {dagbag.py:541} INFO - Filling up the DagBag from /home/airflow/.local/lib/python3.7/site-packages/airflow/example_dags/example_latest_only.py
[2023-06-28T14:31:57.484+0000] {processor.py:836} INFO - DAG(s) dict_keys(['latest_only']) retrieved from /home/airflow/.local/lib/python3.7/site-packages/airflow/example_dags/example_latest_only.py
[2023-06-28T14:31:57.514+0000] {logging_mixin.py:149} INFO - [2023-06-28T14:31:57.514+0000] {dag.py:2726} INFO - Sync 1 DAGs
[2023-06-28T14:31:57.553+0000] {logging_mixin.py:149} INFO - [2023-06-28T14:31:57.553+0000] {dag.py:3490} INFO - Setting next_dagrun for latest_only to 2023-06-28T10:31:57.552810+00:00, run_after=2023-06-28T14:31:57.552810+00:00
[2023-06-28T14:31:57.582+0000] {processor.py:179} INFO - Processing /home/airflow/.local/lib/python3.7/site-packages/airflow/example_dags/example_latest_only.py took 0.110 seconds
[2023-06-28T14:32:27.806+0000] {processor.py:157} INFO - Started process (PID=1902) to work on /home/airflow/.local/lib/python3.7/site-packages/airflow/example_dags/example_latest_only.py
[2023-06-28T14:32:27.807+0000] {processor.py:826} INFO - Processing file /home/airflow/.local/lib/python3.7/site-packages/airflow/example_dags/example_latest_only.py for tasks to queue
[2023-06-28T14:32:27.810+0000] {logging_mixin.py:149} INFO - [2023-06-28T14:32:27.809+0000] {dagbag.py:541} INFO - Filling up the DagBag from /home/airflow/.local/lib/python3.7/site-packages/airflow/example_dags/example_latest_only.py
[2023-06-28T14:32:27.819+0000] {processor.py:836} INFO - DAG(s) dict_keys(['latest_only']) retrieved from /home/airflow/.local/lib/python3.7/site-packages/airflow/example_dags/example_latest_only.py
[2023-06-28T14:32:27.867+0000] {logging_mixin.py:149} INFO - [2023-06-28T14:32:27.866+0000] {dag.py:2726} INFO - Sync 1 DAGs
[2023-06-28T14:32:27.909+0000] {logging_mixin.py:149} INFO - [2023-06-28T14:32:27.909+0000] {dag.py:3490} INFO - Setting next_dagrun for latest_only to 2023-06-28T10:32:27.909185+00:00, run_after=2023-06-28T14:32:27.909185+00:00
[2023-06-28T14:32:27.951+0000] {processor.py:179} INFO - Processing /home/airflow/.local/lib/python3.7/site-packages/airflow/example_dags/example_latest_only.py took 0.151 seconds
[2023-06-28T14:32:58.863+0000] {processor.py:157} INFO - Started process (PID=1960) to work on /home/airflow/.local/lib/python3.7/site-packages/airflow/example_dags/example_latest_only.py
[2023-06-28T14:32:58.864+0000] {processor.py:826} INFO - Processing file /home/airflow/.local/lib/python3.7/site-packages/airflow/example_dags/example_latest_only.py for tasks to queue
[2023-06-28T14:32:58.867+0000] {logging_mixin.py:149} INFO - [2023-06-28T14:32:58.866+0000] {dagbag.py:541} INFO - Filling up the DagBag from /home/airflow/.local/lib/python3.7/site-packages/airflow/example_dags/example_latest_only.py
[2023-06-28T14:32:58.877+0000] {processor.py:836} INFO - DAG(s) dict_keys(['latest_only']) retrieved from /home/airflow/.local/lib/python3.7/site-packages/airflow/example_dags/example_latest_only.py
[2023-06-28T14:32:58.923+0000] {logging_mixin.py:149} INFO - [2023-06-28T14:32:58.923+0000] {dag.py:2726} INFO - Sync 1 DAGs
[2023-06-28T14:32:58.969+0000] {logging_mixin.py:149} INFO - [2023-06-28T14:32:58.969+0000] {dag.py:3490} INFO - Setting next_dagrun for latest_only to 2023-06-28T10:32:58.969199+00:00, run_after=2023-06-28T14:32:58.969199+00:00
[2023-06-28T14:32:59.013+0000] {processor.py:179} INFO - Processing /home/airflow/.local/lib/python3.7/site-packages/airflow/example_dags/example_latest_only.py took 0.156 seconds
[2023-06-28T14:33:29.122+0000] {processor.py:157} INFO - Started process (PID=2019) to work on /home/airflow/.local/lib/python3.7/site-packages/airflow/example_dags/example_latest_only.py
[2023-06-28T14:33:29.124+0000] {processor.py:826} INFO - Processing file /home/airflow/.local/lib/python3.7/site-packages/airflow/example_dags/example_latest_only.py for tasks to queue
[2023-06-28T14:33:29.127+0000] {logging_mixin.py:149} INFO - [2023-06-28T14:33:29.126+0000] {dagbag.py:541} INFO - Filling up the DagBag from /home/airflow/.local/lib/python3.7/site-packages/airflow/example_dags/example_latest_only.py
[2023-06-28T14:33:29.140+0000] {processor.py:836} INFO - DAG(s) dict_keys(['latest_only']) retrieved from /home/airflow/.local/lib/python3.7/site-packages/airflow/example_dags/example_latest_only.py
[2023-06-28T14:33:29.193+0000] {logging_mixin.py:149} INFO - [2023-06-28T14:33:29.192+0000] {dag.py:2726} INFO - Sync 1 DAGs
[2023-06-28T14:33:29.250+0000] {logging_mixin.py:149} INFO - [2023-06-28T14:33:29.250+0000] {dag.py:3490} INFO - Setting next_dagrun for latest_only to 2023-06-28T10:33:29.249674+00:00, run_after=2023-06-28T14:33:29.249674+00:00
[2023-06-28T14:33:29.285+0000] {processor.py:179} INFO - Processing /home/airflow/.local/lib/python3.7/site-packages/airflow/example_dags/example_latest_only.py took 0.168 seconds
[2023-06-28T14:33:59.898+0000] {processor.py:157} INFO - Started process (PID=2073) to work on /home/airflow/.local/lib/python3.7/site-packages/airflow/example_dags/example_latest_only.py
[2023-06-28T14:33:59.900+0000] {processor.py:826} INFO - Processing file /home/airflow/.local/lib/python3.7/site-packages/airflow/example_dags/example_latest_only.py for tasks to queue
[2023-06-28T14:33:59.901+0000] {logging_mixin.py:149} INFO - [2023-06-28T14:33:59.901+0000] {dagbag.py:541} INFO - Filling up the DagBag from /home/airflow/.local/lib/python3.7/site-packages/airflow/example_dags/example_latest_only.py
[2023-06-28T14:33:59.908+0000] {processor.py:836} INFO - DAG(s) dict_keys(['latest_only']) retrieved from /home/airflow/.local/lib/python3.7/site-packages/airflow/example_dags/example_latest_only.py
[2023-06-28T14:33:59.937+0000] {logging_mixin.py:149} INFO - [2023-06-28T14:33:59.936+0000] {dag.py:2726} INFO - Sync 1 DAGs
[2023-06-28T14:33:59.971+0000] {logging_mixin.py:149} INFO - [2023-06-28T14:33:59.970+0000] {dag.py:3490} INFO - Setting next_dagrun for latest_only to 2023-06-28T10:33:59.970632+00:00, run_after=2023-06-28T14:33:59.970632+00:00
[2023-06-28T14:34:00.025+0000] {processor.py:179} INFO - Processing /home/airflow/.local/lib/python3.7/site-packages/airflow/example_dags/example_latest_only.py took 0.131 seconds
[2023-06-28T14:34:30.796+0000] {processor.py:157} INFO - Started process (PID=2132) to work on /home/airflow/.local/lib/python3.7/site-packages/airflow/example_dags/example_latest_only.py
[2023-06-28T14:34:30.798+0000] {processor.py:826} INFO - Processing file /home/airflow/.local/lib/python3.7/site-packages/airflow/example_dags/example_latest_only.py for tasks to queue
[2023-06-28T14:34:30.799+0000] {logging_mixin.py:149} INFO - [2023-06-28T14:34:30.799+0000] {dagbag.py:541} INFO - Filling up the DagBag from /home/airflow/.local/lib/python3.7/site-packages/airflow/example_dags/example_latest_only.py
[2023-06-28T14:34:30.807+0000] {processor.py:836} INFO - DAG(s) dict_keys(['latest_only']) retrieved from /home/airflow/.local/lib/python3.7/site-packages/airflow/example_dags/example_latest_only.py
[2023-06-28T14:34:30.843+0000] {logging_mixin.py:149} INFO - [2023-06-28T14:34:30.842+0000] {dag.py:2726} INFO - Sync 1 DAGs
[2023-06-28T14:34:30.884+0000] {logging_mixin.py:149} INFO - [2023-06-28T14:34:30.883+0000] {dag.py:3490} INFO - Setting next_dagrun for latest_only to 2023-06-28T10:34:30.883541+00:00, run_after=2023-06-28T14:34:30.883541+00:00
[2023-06-28T14:34:30.915+0000] {processor.py:179} INFO - Processing /home/airflow/.local/lib/python3.7/site-packages/airflow/example_dags/example_latest_only.py took 0.123 seconds
[2023-06-28T14:35:01.657+0000] {processor.py:157} INFO - Started process (PID=2192) to work on /home/airflow/.local/lib/python3.7/site-packages/airflow/example_dags/example_latest_only.py
[2023-06-28T14:35:01.658+0000] {processor.py:826} INFO - Processing file /home/airflow/.local/lib/python3.7/site-packages/airflow/example_dags/example_latest_only.py for tasks to queue
[2023-06-28T14:35:01.659+0000] {logging_mixin.py:149} INFO - [2023-06-28T14:35:01.659+0000] {dagbag.py:541} INFO - Filling up the DagBag from /home/airflow/.local/lib/python3.7/site-packages/airflow/example_dags/example_latest_only.py
[2023-06-28T14:35:01.667+0000] {processor.py:836} INFO - DAG(s) dict_keys(['latest_only']) retrieved from /home/airflow/.local/lib/python3.7/site-packages/airflow/example_dags/example_latest_only.py
[2023-06-28T14:35:01.698+0000] {logging_mixin.py:149} INFO - [2023-06-28T14:35:01.698+0000] {dag.py:2726} INFO - Sync 1 DAGs
[2023-06-28T14:35:01.732+0000] {logging_mixin.py:149} INFO - [2023-06-28T14:35:01.732+0000] {dag.py:3490} INFO - Setting next_dagrun for latest_only to 2023-06-28T10:35:01.732060+00:00, run_after=2023-06-28T14:35:01.732060+00:00
[2023-06-28T14:35:01.772+0000] {processor.py:179} INFO - Processing /home/airflow/.local/lib/python3.7/site-packages/airflow/example_dags/example_latest_only.py took 0.119 seconds
[2023-06-28T14:35:31.874+0000] {processor.py:157} INFO - Started process (PID=2251) to work on /home/airflow/.local/lib/python3.7/site-packages/airflow/example_dags/example_latest_only.py
[2023-06-28T14:35:31.877+0000] {processor.py:826} INFO - Processing file /home/airflow/.local/lib/python3.7/site-packages/airflow/example_dags/example_latest_only.py for tasks to queue
[2023-06-28T14:35:31.878+0000] {logging_mixin.py:149} INFO - [2023-06-28T14:35:31.878+0000] {dagbag.py:541} INFO - Filling up the DagBag from /home/airflow/.local/lib/python3.7/site-packages/airflow/example_dags/example_latest_only.py
[2023-06-28T14:35:31.887+0000] {processor.py:836} INFO - DAG(s) dict_keys(['latest_only']) retrieved from /home/airflow/.local/lib/python3.7/site-packages/airflow/example_dags/example_latest_only.py
[2023-06-28T14:35:31.921+0000] {logging_mixin.py:149} INFO - [2023-06-28T14:35:31.921+0000] {dag.py:2726} INFO - Sync 1 DAGs
[2023-06-28T14:35:31.963+0000] {logging_mixin.py:149} INFO - [2023-06-28T14:35:31.963+0000] {dag.py:3490} INFO - Setting next_dagrun for latest_only to 2023-06-28T10:35:31.963156+00:00, run_after=2023-06-28T14:35:31.963156+00:00
[2023-06-28T14:35:32.004+0000] {processor.py:179} INFO - Processing /home/airflow/.local/lib/python3.7/site-packages/airflow/example_dags/example_latest_only.py took 0.135 seconds
[2023-06-28T14:36:02.239+0000] {processor.py:157} INFO - Started process (PID=2311) to work on /home/airflow/.local/lib/python3.7/site-packages/airflow/example_dags/example_latest_only.py
[2023-06-28T14:36:02.241+0000] {processor.py:826} INFO - Processing file /home/airflow/.local/lib/python3.7/site-packages/airflow/example_dags/example_latest_only.py for tasks to queue
[2023-06-28T14:36:02.242+0000] {logging_mixin.py:149} INFO - [2023-06-28T14:36:02.242+0000] {dagbag.py:541} INFO - Filling up the DagBag from /home/airflow/.local/lib/python3.7/site-packages/airflow/example_dags/example_latest_only.py
[2023-06-28T14:36:02.249+0000] {processor.py:836} INFO - DAG(s) dict_keys(['latest_only']) retrieved from /home/airflow/.local/lib/python3.7/site-packages/airflow/example_dags/example_latest_only.py
[2023-06-28T14:36:02.278+0000] {logging_mixin.py:149} INFO - [2023-06-28T14:36:02.278+0000] {dag.py:2726} INFO - Sync 1 DAGs
[2023-06-28T14:36:02.311+0000] {logging_mixin.py:149} INFO - [2023-06-28T14:36:02.311+0000] {dag.py:3490} INFO - Setting next_dagrun for latest_only to 2023-06-28T10:36:02.310918+00:00, run_after=2023-06-28T14:36:02.310918+00:00
[2023-06-28T14:36:02.343+0000] {processor.py:179} INFO - Processing /home/airflow/.local/lib/python3.7/site-packages/airflow/example_dags/example_latest_only.py took 0.108 seconds
[2023-06-28T14:36:32.613+0000] {processor.py:157} INFO - Started process (PID=2370) to work on /home/airflow/.local/lib/python3.7/site-packages/airflow/example_dags/example_latest_only.py
[2023-06-28T14:36:32.615+0000] {processor.py:826} INFO - Processing file /home/airflow/.local/lib/python3.7/site-packages/airflow/example_dags/example_latest_only.py for tasks to queue
[2023-06-28T14:36:32.616+0000] {logging_mixin.py:149} INFO - [2023-06-28T14:36:32.616+0000] {dagbag.py:541} INFO - Filling up the DagBag from /home/airflow/.local/lib/python3.7/site-packages/airflow/example_dags/example_latest_only.py
[2023-06-28T14:36:32.623+0000] {processor.py:836} INFO - DAG(s) dict_keys(['latest_only']) retrieved from /home/airflow/.local/lib/python3.7/site-packages/airflow/example_dags/example_latest_only.py
[2023-06-28T14:36:32.652+0000] {logging_mixin.py:149} INFO - [2023-06-28T14:36:32.651+0000] {dag.py:2726} INFO - Sync 1 DAGs
[2023-06-28T14:36:32.686+0000] {logging_mixin.py:149} INFO - [2023-06-28T14:36:32.686+0000] {dag.py:3490} INFO - Setting next_dagrun for latest_only to 2023-06-28T10:36:32.685726+00:00, run_after=2023-06-28T14:36:32.685726+00:00
[2023-06-28T14:36:32.718+0000] {processor.py:179} INFO - Processing /home/airflow/.local/lib/python3.7/site-packages/airflow/example_dags/example_latest_only.py took 0.109 seconds
[2023-06-28T14:37:03.041+0000] {processor.py:157} INFO - Started process (PID=2429) to work on /home/airflow/.local/lib/python3.7/site-packages/airflow/example_dags/example_latest_only.py
[2023-06-28T14:37:03.042+0000] {processor.py:826} INFO - Processing file /home/airflow/.local/lib/python3.7/site-packages/airflow/example_dags/example_latest_only.py for tasks to queue
[2023-06-28T14:37:03.043+0000] {logging_mixin.py:149} INFO - [2023-06-28T14:37:03.043+0000] {dagbag.py:541} INFO - Filling up the DagBag from /home/airflow/.local/lib/python3.7/site-packages/airflow/example_dags/example_latest_only.py
[2023-06-28T14:37:03.050+0000] {processor.py:836} INFO - DAG(s) dict_keys(['latest_only']) retrieved from /home/airflow/.local/lib/python3.7/site-packages/airflow/example_dags/example_latest_only.py
[2023-06-28T14:37:03.079+0000] {logging_mixin.py:149} INFO - [2023-06-28T14:37:03.079+0000] {dag.py:2726} INFO - Sync 1 DAGs
[2023-06-28T14:37:03.113+0000] {logging_mixin.py:149} INFO - [2023-06-28T14:37:03.113+0000] {dag.py:3490} INFO - Setting next_dagrun for latest_only to 2023-06-28T10:37:03.113366+00:00, run_after=2023-06-28T14:37:03.113366+00:00
[2023-06-28T14:37:03.145+0000] {processor.py:179} INFO - Processing /home/airflow/.local/lib/python3.7/site-packages/airflow/example_dags/example_latest_only.py took 0.109 seconds
[2023-06-28T14:37:33.326+0000] {processor.py:157} INFO - Started process (PID=2488) to work on /home/airflow/.local/lib/python3.7/site-packages/airflow/example_dags/example_latest_only.py
[2023-06-28T14:37:33.328+0000] {processor.py:826} INFO - Processing file /home/airflow/.local/lib/python3.7/site-packages/airflow/example_dags/example_latest_only.py for tasks to queue
[2023-06-28T14:37:33.329+0000] {logging_mixin.py:149} INFO - [2023-06-28T14:37:33.329+0000] {dagbag.py:541} INFO - Filling up the DagBag from /home/airflow/.local/lib/python3.7/site-packages/airflow/example_dags/example_latest_only.py
[2023-06-28T14:37:33.336+0000] {processor.py:836} INFO - DAG(s) dict_keys(['latest_only']) retrieved from /home/airflow/.local/lib/python3.7/site-packages/airflow/example_dags/example_latest_only.py
[2023-06-28T14:37:33.365+0000] {logging_mixin.py:149} INFO - [2023-06-28T14:37:33.365+0000] {dag.py:2726} INFO - Sync 1 DAGs
[2023-06-28T14:37:33.400+0000] {logging_mixin.py:149} INFO - [2023-06-28T14:37:33.400+0000] {dag.py:3490} INFO - Setting next_dagrun for latest_only to 2023-06-28T10:37:33.400527+00:00, run_after=2023-06-28T14:37:33.400527+00:00
[2023-06-28T14:37:33.430+0000] {processor.py:179} INFO - Processing /home/airflow/.local/lib/python3.7/site-packages/airflow/example_dags/example_latest_only.py took 0.108 seconds
[2023-06-28T14:38:03.664+0000] {processor.py:157} INFO - Started process (PID=2548) to work on /home/airflow/.local/lib/python3.7/site-packages/airflow/example_dags/example_latest_only.py
[2023-06-28T14:38:03.666+0000] {processor.py:826} INFO - Processing file /home/airflow/.local/lib/python3.7/site-packages/airflow/example_dags/example_latest_only.py for tasks to queue
[2023-06-28T14:38:03.667+0000] {logging_mixin.py:149} INFO - [2023-06-28T14:38:03.667+0000] {dagbag.py:541} INFO - Filling up the DagBag from /home/airflow/.local/lib/python3.7/site-packages/airflow/example_dags/example_latest_only.py
[2023-06-28T14:38:03.674+0000] {processor.py:836} INFO - DAG(s) dict_keys(['latest_only']) retrieved from /home/airflow/.local/lib/python3.7/site-packages/airflow/example_dags/example_latest_only.py
[2023-06-28T14:38:03.708+0000] {logging_mixin.py:149} INFO - [2023-06-28T14:38:03.707+0000] {dag.py:2726} INFO - Sync 1 DAGs
[2023-06-28T14:38:03.760+0000] {logging_mixin.py:149} INFO - [2023-06-28T14:38:03.760+0000] {dag.py:3490} INFO - Setting next_dagrun for latest_only to 2023-06-28T10:38:03.760171+00:00, run_after=2023-06-28T14:38:03.760171+00:00
[2023-06-28T14:38:03.796+0000] {processor.py:179} INFO - Processing /home/airflow/.local/lib/python3.7/site-packages/airflow/example_dags/example_latest_only.py took 0.137 seconds
[2023-06-28T14:38:34.182+0000] {processor.py:157} INFO - Started process (PID=2607) to work on /home/airflow/.local/lib/python3.7/site-packages/airflow/example_dags/example_latest_only.py
[2023-06-28T14:38:34.184+0000] {processor.py:826} INFO - Processing file /home/airflow/.local/lib/python3.7/site-packages/airflow/example_dags/example_latest_only.py for tasks to queue
[2023-06-28T14:38:34.186+0000] {logging_mixin.py:149} INFO - [2023-06-28T14:38:34.186+0000] {dagbag.py:541} INFO - Filling up the DagBag from /home/airflow/.local/lib/python3.7/site-packages/airflow/example_dags/example_latest_only.py
[2023-06-28T14:38:34.194+0000] {processor.py:836} INFO - DAG(s) dict_keys(['latest_only']) retrieved from /home/airflow/.local/lib/python3.7/site-packages/airflow/example_dags/example_latest_only.py
[2023-06-28T14:38:34.224+0000] {logging_mixin.py:149} INFO - [2023-06-28T14:38:34.224+0000] {dag.py:2726} INFO - Sync 1 DAGs
[2023-06-28T14:38:34.257+0000] {logging_mixin.py:149} INFO - [2023-06-28T14:38:34.257+0000] {dag.py:3490} INFO - Setting next_dagrun for latest_only to 2023-06-28T10:38:34.257086+00:00, run_after=2023-06-28T14:38:34.257086+00:00
[2023-06-28T14:38:34.300+0000] {processor.py:179} INFO - Processing /home/airflow/.local/lib/python3.7/site-packages/airflow/example_dags/example_latest_only.py took 0.122 seconds
[2023-06-28T14:39:04.669+0000] {processor.py:157} INFO - Started process (PID=2666) to work on /home/airflow/.local/lib/python3.7/site-packages/airflow/example_dags/example_latest_only.py
[2023-06-28T14:39:04.671+0000] {processor.py:826} INFO - Processing file /home/airflow/.local/lib/python3.7/site-packages/airflow/example_dags/example_latest_only.py for tasks to queue
[2023-06-28T14:39:04.673+0000] {logging_mixin.py:149} INFO - [2023-06-28T14:39:04.672+0000] {dagbag.py:541} INFO - Filling up the DagBag from /home/airflow/.local/lib/python3.7/site-packages/airflow/example_dags/example_latest_only.py
[2023-06-28T14:39:04.681+0000] {processor.py:836} INFO - DAG(s) dict_keys(['latest_only']) retrieved from /home/airflow/.local/lib/python3.7/site-packages/airflow/example_dags/example_latest_only.py
[2023-06-28T14:39:04.720+0000] {logging_mixin.py:149} INFO - [2023-06-28T14:39:04.720+0000] {dag.py:2726} INFO - Sync 1 DAGs
[2023-06-28T14:39:04.775+0000] {logging_mixin.py:149} INFO - [2023-06-28T14:39:04.774+0000] {dag.py:3490} INFO - Setting next_dagrun for latest_only to 2023-06-28T10:39:04.774320+00:00, run_after=2023-06-28T14:39:04.774320+00:00
[2023-06-28T14:39:04.808+0000] {processor.py:179} INFO - Processing /home/airflow/.local/lib/python3.7/site-packages/airflow/example_dags/example_latest_only.py took 0.144 seconds
[2023-06-28T14:39:35.185+0000] {processor.py:157} INFO - Started process (PID=2725) to work on /home/airflow/.local/lib/python3.7/site-packages/airflow/example_dags/example_latest_only.py
[2023-06-28T14:39:35.187+0000] {processor.py:826} INFO - Processing file /home/airflow/.local/lib/python3.7/site-packages/airflow/example_dags/example_latest_only.py for tasks to queue
[2023-06-28T14:39:35.189+0000] {logging_mixin.py:149} INFO - [2023-06-28T14:39:35.188+0000] {dagbag.py:541} INFO - Filling up the DagBag from /home/airflow/.local/lib/python3.7/site-packages/airflow/example_dags/example_latest_only.py
[2023-06-28T14:39:35.205+0000] {processor.py:836} INFO - DAG(s) dict_keys(['latest_only']) retrieved from /home/airflow/.local/lib/python3.7/site-packages/airflow/example_dags/example_latest_only.py
[2023-06-28T14:39:35.268+0000] {logging_mixin.py:149} INFO - [2023-06-28T14:39:35.267+0000] {dag.py:2726} INFO - Sync 1 DAGs
[2023-06-28T14:39:35.368+0000] {logging_mixin.py:149} INFO - [2023-06-28T14:39:35.365+0000] {dag.py:3490} INFO - Setting next_dagrun for latest_only to 2023-06-28T10:39:35.365023+00:00, run_after=2023-06-28T14:39:35.365023+00:00
[2023-06-28T14:39:35.425+0000] {processor.py:179} INFO - Processing /home/airflow/.local/lib/python3.7/site-packages/airflow/example_dags/example_latest_only.py took 0.253 seconds
[2023-06-28T14:40:05.760+0000] {processor.py:157} INFO - Started process (PID=2785) to work on /home/airflow/.local/lib/python3.7/site-packages/airflow/example_dags/example_latest_only.py
[2023-06-28T14:40:05.762+0000] {processor.py:826} INFO - Processing file /home/airflow/.local/lib/python3.7/site-packages/airflow/example_dags/example_latest_only.py for tasks to queue
[2023-06-28T14:40:05.763+0000] {logging_mixin.py:149} INFO - [2023-06-28T14:40:05.763+0000] {dagbag.py:541} INFO - Filling up the DagBag from /home/airflow/.local/lib/python3.7/site-packages/airflow/example_dags/example_latest_only.py
[2023-06-28T14:40:05.776+0000] {processor.py:836} INFO - DAG(s) dict_keys(['latest_only']) retrieved from /home/airflow/.local/lib/python3.7/site-packages/airflow/example_dags/example_latest_only.py
[2023-06-28T14:40:05.821+0000] {logging_mixin.py:149} INFO - [2023-06-28T14:40:05.820+0000] {dag.py:2726} INFO - Sync 1 DAGs
[2023-06-28T14:40:05.867+0000] {logging_mixin.py:149} INFO - [2023-06-28T14:40:05.866+0000] {dag.py:3490} INFO - Setting next_dagrun for latest_only to 2023-06-28T10:40:05.865635+00:00, run_after=2023-06-28T14:40:05.865635+00:00
[2023-06-28T14:40:05.922+0000] {processor.py:179} INFO - Processing /home/airflow/.local/lib/python3.7/site-packages/airflow/example_dags/example_latest_only.py took 0.168 seconds
[2023-06-28T14:40:36.070+0000] {processor.py:157} INFO - Started process (PID=2845) to work on /home/airflow/.local/lib/python3.7/site-packages/airflow/example_dags/example_latest_only.py
[2023-06-28T14:40:36.072+0000] {processor.py:826} INFO - Processing file /home/airflow/.local/lib/python3.7/site-packages/airflow/example_dags/example_latest_only.py for tasks to queue
[2023-06-28T14:40:36.074+0000] {logging_mixin.py:149} INFO - [2023-06-28T14:40:36.073+0000] {dagbag.py:541} INFO - Filling up the DagBag from /home/airflow/.local/lib/python3.7/site-packages/airflow/example_dags/example_latest_only.py
[2023-06-28T14:40:36.083+0000] {processor.py:836} INFO - DAG(s) dict_keys(['latest_only']) retrieved from /home/airflow/.local/lib/python3.7/site-packages/airflow/example_dags/example_latest_only.py
[2023-06-28T14:40:36.122+0000] {logging_mixin.py:149} INFO - [2023-06-28T14:40:36.122+0000] {dag.py:2726} INFO - Sync 1 DAGs
[2023-06-28T14:40:36.187+0000] {logging_mixin.py:149} INFO - [2023-06-28T14:40:36.187+0000] {dag.py:3490} INFO - Setting next_dagrun for latest_only to 2023-06-28T10:40:36.186854+00:00, run_after=2023-06-28T14:40:36.186854+00:00
[2023-06-28T14:40:36.228+0000] {processor.py:179} INFO - Processing /home/airflow/.local/lib/python3.7/site-packages/airflow/example_dags/example_latest_only.py took 0.163 seconds
[2023-06-28T14:41:06.305+0000] {processor.py:157} INFO - Started process (PID=2904) to work on /home/airflow/.local/lib/python3.7/site-packages/airflow/example_dags/example_latest_only.py
[2023-06-28T14:41:06.307+0000] {processor.py:826} INFO - Processing file /home/airflow/.local/lib/python3.7/site-packages/airflow/example_dags/example_latest_only.py for tasks to queue
[2023-06-28T14:41:06.308+0000] {logging_mixin.py:149} INFO - [2023-06-28T14:41:06.308+0000] {dagbag.py:541} INFO - Filling up the DagBag from /home/airflow/.local/lib/python3.7/site-packages/airflow/example_dags/example_latest_only.py
[2023-06-28T14:41:06.317+0000] {processor.py:836} INFO - DAG(s) dict_keys(['latest_only']) retrieved from /home/airflow/.local/lib/python3.7/site-packages/airflow/example_dags/example_latest_only.py
[2023-06-28T14:41:06.359+0000] {logging_mixin.py:149} INFO - [2023-06-28T14:41:06.359+0000] {dag.py:2726} INFO - Sync 1 DAGs
[2023-06-28T14:41:06.395+0000] {logging_mixin.py:149} INFO - [2023-06-28T14:41:06.394+0000] {dag.py:3490} INFO - Setting next_dagrun for latest_only to 2023-06-28T10:41:06.394440+00:00, run_after=2023-06-28T14:41:06.394440+00:00
[2023-06-28T14:41:06.430+0000] {processor.py:179} INFO - Processing /home/airflow/.local/lib/python3.7/site-packages/airflow/example_dags/example_latest_only.py took 0.130 seconds
[2023-06-28T14:41:37.041+0000] {processor.py:157} INFO - Started process (PID=2963) to work on /home/airflow/.local/lib/python3.7/site-packages/airflow/example_dags/example_latest_only.py
[2023-06-28T14:41:37.042+0000] {processor.py:826} INFO - Processing file /home/airflow/.local/lib/python3.7/site-packages/airflow/example_dags/example_latest_only.py for tasks to queue
[2023-06-28T14:41:37.044+0000] {logging_mixin.py:149} INFO - [2023-06-28T14:41:37.043+0000] {dagbag.py:541} INFO - Filling up the DagBag from /home/airflow/.local/lib/python3.7/site-packages/airflow/example_dags/example_latest_only.py
[2023-06-28T14:41:37.053+0000] {processor.py:836} INFO - DAG(s) dict_keys(['latest_only']) retrieved from /home/airflow/.local/lib/python3.7/site-packages/airflow/example_dags/example_latest_only.py
[2023-06-28T14:41:37.086+0000] {logging_mixin.py:149} INFO - [2023-06-28T14:41:37.086+0000] {dag.py:2726} INFO - Sync 1 DAGs
[2023-06-28T14:41:37.124+0000] {logging_mixin.py:149} INFO - [2023-06-28T14:41:37.124+0000] {dag.py:3490} INFO - Setting next_dagrun for latest_only to 2023-06-28T10:41:37.124234+00:00, run_after=2023-06-28T14:41:37.124234+00:00
[2023-06-28T14:41:37.163+0000] {processor.py:179} INFO - Processing /home/airflow/.local/lib/python3.7/site-packages/airflow/example_dags/example_latest_only.py took 0.127 seconds
[2023-06-28T14:42:07.421+0000] {processor.py:157} INFO - Started process (PID=3022) to work on /home/airflow/.local/lib/python3.7/site-packages/airflow/example_dags/example_latest_only.py
[2023-06-28T14:42:07.422+0000] {processor.py:826} INFO - Processing file /home/airflow/.local/lib/python3.7/site-packages/airflow/example_dags/example_latest_only.py for tasks to queue
[2023-06-28T14:42:07.424+0000] {logging_mixin.py:149} INFO - [2023-06-28T14:42:07.423+0000] {dagbag.py:541} INFO - Filling up the DagBag from /home/airflow/.local/lib/python3.7/site-packages/airflow/example_dags/example_latest_only.py
[2023-06-28T14:42:07.433+0000] {processor.py:836} INFO - DAG(s) dict_keys(['latest_only']) retrieved from /home/airflow/.local/lib/python3.7/site-packages/airflow/example_dags/example_latest_only.py
[2023-06-28T14:42:07.477+0000] {logging_mixin.py:149} INFO - [2023-06-28T14:42:07.477+0000] {dag.py:2726} INFO - Sync 1 DAGs
[2023-06-28T14:42:07.520+0000] {logging_mixin.py:149} INFO - [2023-06-28T14:42:07.519+0000] {dag.py:3490} INFO - Setting next_dagrun for latest_only to 2023-06-28T10:42:07.519223+00:00, run_after=2023-06-28T14:42:07.519223+00:00
[2023-06-28T14:42:07.557+0000] {processor.py:179} INFO - Processing /home/airflow/.local/lib/python3.7/site-packages/airflow/example_dags/example_latest_only.py took 0.141 seconds
[2023-06-28T14:42:38.118+0000] {processor.py:157} INFO - Started process (PID=3081) to work on /home/airflow/.local/lib/python3.7/site-packages/airflow/example_dags/example_latest_only.py
[2023-06-28T14:42:38.119+0000] {processor.py:826} INFO - Processing file /home/airflow/.local/lib/python3.7/site-packages/airflow/example_dags/example_latest_only.py for tasks to queue
[2023-06-28T14:42:38.120+0000] {logging_mixin.py:149} INFO - [2023-06-28T14:42:38.120+0000] {dagbag.py:541} INFO - Filling up the DagBag from /home/airflow/.local/lib/python3.7/site-packages/airflow/example_dags/example_latest_only.py
[2023-06-28T14:42:38.128+0000] {processor.py:836} INFO - DAG(s) dict_keys(['latest_only']) retrieved from /home/airflow/.local/lib/python3.7/site-packages/airflow/example_dags/example_latest_only.py
[2023-06-28T14:42:38.165+0000] {logging_mixin.py:149} INFO - [2023-06-28T14:42:38.165+0000] {dag.py:2726} INFO - Sync 1 DAGs
[2023-06-28T14:42:38.202+0000] {logging_mixin.py:149} INFO - [2023-06-28T14:42:38.202+0000] {dag.py:3490} INFO - Setting next_dagrun for latest_only to 2023-06-28T10:42:38.202192+00:00, run_after=2023-06-28T14:42:38.202192+00:00
[2023-06-28T14:42:38.243+0000] {processor.py:179} INFO - Processing /home/airflow/.local/lib/python3.7/site-packages/airflow/example_dags/example_latest_only.py took 0.130 seconds
[2023-06-28T14:43:08.392+0000] {processor.py:157} INFO - Started process (PID=3141) to work on /home/airflow/.local/lib/python3.7/site-packages/airflow/example_dags/example_latest_only.py
[2023-06-28T14:43:08.393+0000] {processor.py:826} INFO - Processing file /home/airflow/.local/lib/python3.7/site-packages/airflow/example_dags/example_latest_only.py for tasks to queue
[2023-06-28T14:43:08.394+0000] {logging_mixin.py:149} INFO - [2023-06-28T14:43:08.394+0000] {dagbag.py:541} INFO - Filling up the DagBag from /home/airflow/.local/lib/python3.7/site-packages/airflow/example_dags/example_latest_only.py
[2023-06-28T14:43:08.401+0000] {processor.py:836} INFO - DAG(s) dict_keys(['latest_only']) retrieved from /home/airflow/.local/lib/python3.7/site-packages/airflow/example_dags/example_latest_only.py
[2023-06-28T14:43:08.435+0000] {logging_mixin.py:149} INFO - [2023-06-28T14:43:08.435+0000] {dag.py:2726} INFO - Sync 1 DAGs
[2023-06-28T14:43:08.473+0000] {logging_mixin.py:149} INFO - [2023-06-28T14:43:08.473+0000] {dag.py:3490} INFO - Setting next_dagrun for latest_only to 2023-06-28T10:43:08.473376+00:00, run_after=2023-06-28T14:43:08.473376+00:00
[2023-06-28T14:43:08.508+0000] {processor.py:179} INFO - Processing /home/airflow/.local/lib/python3.7/site-packages/airflow/example_dags/example_latest_only.py took 0.120 seconds
[2023-06-28T14:43:40.204+0000] {processor.py:157} INFO - Started process (PID=3200) to work on /home/airflow/.local/lib/python3.7/site-packages/airflow/example_dags/example_latest_only.py
[2023-06-28T14:43:40.231+0000] {processor.py:826} INFO - Processing file /home/airflow/.local/lib/python3.7/site-packages/airflow/example_dags/example_latest_only.py for tasks to queue
[2023-06-28T14:43:40.264+0000] {logging_mixin.py:149} INFO - [2023-06-28T14:43:40.262+0000] {dagbag.py:541} INFO - Filling up the DagBag from /home/airflow/.local/lib/python3.7/site-packages/airflow/example_dags/example_latest_only.py
[2023-06-28T14:43:40.290+0000] {processor.py:836} INFO - DAG(s) dict_keys(['latest_only']) retrieved from /home/airflow/.local/lib/python3.7/site-packages/airflow/example_dags/example_latest_only.py
[2023-06-28T14:43:40.482+0000] {logging_mixin.py:149} INFO - [2023-06-28T14:43:40.482+0000] {dag.py:2726} INFO - Sync 1 DAGs
[2023-06-28T14:43:40.662+0000] {logging_mixin.py:149} INFO - [2023-06-28T14:43:40.662+0000] {dag.py:3490} INFO - Setting next_dagrun for latest_only to 2023-06-28T10:43:40.661820+00:00, run_after=2023-06-28T14:43:40.661820+00:00
[2023-06-28T14:43:40.889+0000] {processor.py:179} INFO - Processing /home/airflow/.local/lib/python3.7/site-packages/airflow/example_dags/example_latest_only.py took 0.706 seconds
[2023-06-28T14:44:11.588+0000] {processor.py:157} INFO - Started process (PID=3259) to work on /home/airflow/.local/lib/python3.7/site-packages/airflow/example_dags/example_latest_only.py
[2023-06-28T14:44:11.590+0000] {processor.py:826} INFO - Processing file /home/airflow/.local/lib/python3.7/site-packages/airflow/example_dags/example_latest_only.py for tasks to queue
[2023-06-28T14:44:11.598+0000] {logging_mixin.py:149} INFO - [2023-06-28T14:44:11.598+0000] {dagbag.py:541} INFO - Filling up the DagBag from /home/airflow/.local/lib/python3.7/site-packages/airflow/example_dags/example_latest_only.py
[2023-06-28T14:44:11.619+0000] {processor.py:836} INFO - DAG(s) dict_keys(['latest_only']) retrieved from /home/airflow/.local/lib/python3.7/site-packages/airflow/example_dags/example_latest_only.py
[2023-06-28T14:44:11.681+0000] {logging_mixin.py:149} INFO - [2023-06-28T14:44:11.681+0000] {dag.py:2726} INFO - Sync 1 DAGs
[2023-06-28T14:44:11.780+0000] {logging_mixin.py:149} INFO - [2023-06-28T14:44:11.779+0000] {dag.py:3490} INFO - Setting next_dagrun for latest_only to 2023-06-28T10:44:11.776531+00:00, run_after=2023-06-28T14:44:11.776531+00:00
[2023-06-28T14:44:11.872+0000] {processor.py:179} INFO - Processing /home/airflow/.local/lib/python3.7/site-packages/airflow/example_dags/example_latest_only.py took 0.297 seconds
[2023-06-28T14:44:42.362+0000] {processor.py:157} INFO - Started process (PID=3318) to work on /home/airflow/.local/lib/python3.7/site-packages/airflow/example_dags/example_latest_only.py
[2023-06-28T14:44:42.363+0000] {processor.py:826} INFO - Processing file /home/airflow/.local/lib/python3.7/site-packages/airflow/example_dags/example_latest_only.py for tasks to queue
[2023-06-28T14:44:42.364+0000] {logging_mixin.py:149} INFO - [2023-06-28T14:44:42.364+0000] {dagbag.py:541} INFO - Filling up the DagBag from /home/airflow/.local/lib/python3.7/site-packages/airflow/example_dags/example_latest_only.py
[2023-06-28T14:44:42.371+0000] {processor.py:836} INFO - DAG(s) dict_keys(['latest_only']) retrieved from /home/airflow/.local/lib/python3.7/site-packages/airflow/example_dags/example_latest_only.py
[2023-06-28T14:44:42.415+0000] {logging_mixin.py:149} INFO - [2023-06-28T14:44:42.415+0000] {dag.py:2726} INFO - Sync 1 DAGs
[2023-06-28T14:44:42.541+0000] {logging_mixin.py:149} INFO - [2023-06-28T14:44:42.541+0000] {dag.py:3490} INFO - Setting next_dagrun for latest_only to 2023-06-28T10:44:42.540687+00:00, run_after=2023-06-28T14:44:42.540687+00:00
[2023-06-28T14:44:42.649+0000] {processor.py:179} INFO - Processing /home/airflow/.local/lib/python3.7/site-packages/airflow/example_dags/example_latest_only.py took 0.292 seconds
[2023-06-28T14:45:13.134+0000] {processor.py:157} INFO - Started process (PID=3377) to work on /home/airflow/.local/lib/python3.7/site-packages/airflow/example_dags/example_latest_only.py
[2023-06-28T14:45:13.136+0000] {processor.py:826} INFO - Processing file /home/airflow/.local/lib/python3.7/site-packages/airflow/example_dags/example_latest_only.py for tasks to queue
[2023-06-28T14:45:13.138+0000] {logging_mixin.py:149} INFO - [2023-06-28T14:45:13.137+0000] {dagbag.py:541} INFO - Filling up the DagBag from /home/airflow/.local/lib/python3.7/site-packages/airflow/example_dags/example_latest_only.py
[2023-06-28T14:45:13.147+0000] {processor.py:836} INFO - DAG(s) dict_keys(['latest_only']) retrieved from /home/airflow/.local/lib/python3.7/site-packages/airflow/example_dags/example_latest_only.py
[2023-06-28T14:45:13.185+0000] {logging_mixin.py:149} INFO - [2023-06-28T14:45:13.185+0000] {dag.py:2726} INFO - Sync 1 DAGs
[2023-06-28T14:45:13.237+0000] {logging_mixin.py:149} INFO - [2023-06-28T14:45:13.236+0000] {dag.py:3490} INFO - Setting next_dagrun for latest_only to 2023-06-28T10:45:13.236336+00:00, run_after=2023-06-28T14:45:13.236336+00:00
[2023-06-28T14:45:13.278+0000] {processor.py:179} INFO - Processing /home/airflow/.local/lib/python3.7/site-packages/airflow/example_dags/example_latest_only.py took 0.150 seconds
[2023-06-28T14:45:44.028+0000] {processor.py:157} INFO - Started process (PID=3438) to work on /home/airflow/.local/lib/python3.7/site-packages/airflow/example_dags/example_latest_only.py
[2023-06-28T14:45:44.030+0000] {processor.py:826} INFO - Processing file /home/airflow/.local/lib/python3.7/site-packages/airflow/example_dags/example_latest_only.py for tasks to queue
[2023-06-28T14:45:44.031+0000] {logging_mixin.py:149} INFO - [2023-06-28T14:45:44.031+0000] {dagbag.py:541} INFO - Filling up the DagBag from /home/airflow/.local/lib/python3.7/site-packages/airflow/example_dags/example_latest_only.py
[2023-06-28T14:45:44.040+0000] {processor.py:836} INFO - DAG(s) dict_keys(['latest_only']) retrieved from /home/airflow/.local/lib/python3.7/site-packages/airflow/example_dags/example_latest_only.py
[2023-06-28T14:45:44.076+0000] {logging_mixin.py:149} INFO - [2023-06-28T14:45:44.075+0000] {dag.py:2726} INFO - Sync 1 DAGs
[2023-06-28T14:45:44.118+0000] {logging_mixin.py:149} INFO - [2023-06-28T14:45:44.118+0000] {dag.py:3490} INFO - Setting next_dagrun for latest_only to 2023-06-28T10:45:44.117352+00:00, run_after=2023-06-28T14:45:44.117352+00:00
[2023-06-28T14:45:44.154+0000] {processor.py:179} INFO - Processing /home/airflow/.local/lib/python3.7/site-packages/airflow/example_dags/example_latest_only.py took 0.131 seconds
[2023-06-28T14:46:14.744+0000] {processor.py:157} INFO - Started process (PID=3497) to work on /home/airflow/.local/lib/python3.7/site-packages/airflow/example_dags/example_latest_only.py
[2023-06-28T14:46:14.754+0000] {processor.py:826} INFO - Processing file /home/airflow/.local/lib/python3.7/site-packages/airflow/example_dags/example_latest_only.py for tasks to queue
[2023-06-28T14:46:14.757+0000] {logging_mixin.py:149} INFO - [2023-06-28T14:46:14.757+0000] {dagbag.py:541} INFO - Filling up the DagBag from /home/airflow/.local/lib/python3.7/site-packages/airflow/example_dags/example_latest_only.py
[2023-06-28T14:46:14.774+0000] {processor.py:836} INFO - DAG(s) dict_keys(['latest_only']) retrieved from /home/airflow/.local/lib/python3.7/site-packages/airflow/example_dags/example_latest_only.py
[2023-06-28T14:46:14.923+0000] {logging_mixin.py:149} INFO - [2023-06-28T14:46:14.922+0000] {dag.py:2726} INFO - Sync 1 DAGs
[2023-06-28T14:46:15.009+0000] {logging_mixin.py:149} INFO - [2023-06-28T14:46:15.009+0000] {dag.py:3490} INFO - Setting next_dagrun for latest_only to 2023-06-28T10:46:15.008842+00:00, run_after=2023-06-28T14:46:15.008842+00:00
[2023-06-28T14:46:15.103+0000] {processor.py:179} INFO - Processing /home/airflow/.local/lib/python3.7/site-packages/airflow/example_dags/example_latest_only.py took 0.362 seconds
[2023-06-28T14:46:45.977+0000] {processor.py:157} INFO - Started process (PID=3556) to work on /home/airflow/.local/lib/python3.7/site-packages/airflow/example_dags/example_latest_only.py
[2023-06-28T14:46:45.986+0000] {processor.py:826} INFO - Processing file /home/airflow/.local/lib/python3.7/site-packages/airflow/example_dags/example_latest_only.py for tasks to queue
[2023-06-28T14:46:45.987+0000] {logging_mixin.py:149} INFO - [2023-06-28T14:46:45.987+0000] {dagbag.py:541} INFO - Filling up the DagBag from /home/airflow/.local/lib/python3.7/site-packages/airflow/example_dags/example_latest_only.py
[2023-06-28T14:46:45.994+0000] {processor.py:836} INFO - DAG(s) dict_keys(['latest_only']) retrieved from /home/airflow/.local/lib/python3.7/site-packages/airflow/example_dags/example_latest_only.py
[2023-06-28T14:46:46.074+0000] {logging_mixin.py:149} INFO - [2023-06-28T14:46:46.073+0000] {dag.py:2726} INFO - Sync 1 DAGs
[2023-06-28T14:46:46.218+0000] {logging_mixin.py:149} INFO - [2023-06-28T14:46:46.218+0000] {dag.py:3490} INFO - Setting next_dagrun for latest_only to 2023-06-28T10:46:46.216076+00:00, run_after=2023-06-28T14:46:46.216076+00:00
[2023-06-28T14:46:46.310+0000] {processor.py:179} INFO - Processing /home/airflow/.local/lib/python3.7/site-packages/airflow/example_dags/example_latest_only.py took 0.339 seconds
[2023-06-28T14:47:17.062+0000] {processor.py:157} INFO - Started process (PID=3616) to work on /home/airflow/.local/lib/python3.7/site-packages/airflow/example_dags/example_latest_only.py
[2023-06-28T14:47:17.065+0000] {processor.py:826} INFO - Processing file /home/airflow/.local/lib/python3.7/site-packages/airflow/example_dags/example_latest_only.py for tasks to queue
[2023-06-28T14:47:17.068+0000] {logging_mixin.py:149} INFO - [2023-06-28T14:47:17.067+0000] {dagbag.py:541} INFO - Filling up the DagBag from /home/airflow/.local/lib/python3.7/site-packages/airflow/example_dags/example_latest_only.py
[2023-06-28T14:47:17.092+0000] {processor.py:836} INFO - DAG(s) dict_keys(['latest_only']) retrieved from /home/airflow/.local/lib/python3.7/site-packages/airflow/example_dags/example_latest_only.py
[2023-06-28T14:47:17.223+0000] {logging_mixin.py:149} INFO - [2023-06-28T14:47:17.223+0000] {dag.py:2726} INFO - Sync 1 DAGs
[2023-06-28T14:47:17.367+0000] {logging_mixin.py:149} INFO - [2023-06-28T14:47:17.367+0000] {dag.py:3490} INFO - Setting next_dagrun for latest_only to 2023-06-28T10:47:17.366495+00:00, run_after=2023-06-28T14:47:17.366495+00:00
[2023-06-28T14:47:17.453+0000] {processor.py:179} INFO - Processing /home/airflow/.local/lib/python3.7/site-packages/airflow/example_dags/example_latest_only.py took 0.400 seconds
[2023-06-28T14:47:47.861+0000] {processor.py:157} INFO - Started process (PID=3675) to work on /home/airflow/.local/lib/python3.7/site-packages/airflow/example_dags/example_latest_only.py
[2023-06-28T14:47:47.866+0000] {processor.py:826} INFO - Processing file /home/airflow/.local/lib/python3.7/site-packages/airflow/example_dags/example_latest_only.py for tasks to queue
[2023-06-28T14:47:47.868+0000] {logging_mixin.py:149} INFO - [2023-06-28T14:47:47.867+0000] {dagbag.py:541} INFO - Filling up the DagBag from /home/airflow/.local/lib/python3.7/site-packages/airflow/example_dags/example_latest_only.py
[2023-06-28T14:47:47.886+0000] {processor.py:836} INFO - DAG(s) dict_keys(['latest_only']) retrieved from /home/airflow/.local/lib/python3.7/site-packages/airflow/example_dags/example_latest_only.py
[2023-06-28T14:47:47.985+0000] {logging_mixin.py:149} INFO - [2023-06-28T14:47:47.985+0000] {dag.py:2726} INFO - Sync 1 DAGs
[2023-06-28T14:47:48.031+0000] {logging_mixin.py:149} INFO - [2023-06-28T14:47:48.031+0000] {dag.py:3490} INFO - Setting next_dagrun for latest_only to 2023-06-28T10:47:48.031405+00:00, run_after=2023-06-28T14:47:48.031405+00:00
[2023-06-28T14:47:48.064+0000] {processor.py:179} INFO - Processing /home/airflow/.local/lib/python3.7/site-packages/airflow/example_dags/example_latest_only.py took 0.214 seconds
