[2023-06-28T14:16:41.594+0000] {processor.py:157} INFO - Started process (PID=74) to work on /home/airflow/.local/lib/python3.7/site-packages/airflow/example_dags/example_local_kubernetes_executor.py
[2023-06-28T14:16:41.611+0000] {processor.py:826} INFO - Processing file /home/airflow/.local/lib/python3.7/site-packages/airflow/example_dags/example_local_kubernetes_executor.py for tasks to queue
[2023-06-28T14:16:41.644+0000] {logging_mixin.py:149} INFO - [2023-06-28T14:16:41.643+0000] {dagbag.py:541} INFO - Filling up the DagBag from /home/airflow/.local/lib/python3.7/site-packages/airflow/example_dags/example_local_kubernetes_executor.py
[2023-06-28T14:16:43.434+0000] {processor.py:836} INFO - DAG(s) dict_keys(['example_local_kubernetes_executor']) retrieved from /home/airflow/.local/lib/python3.7/site-packages/airflow/example_dags/example_local_kubernetes_executor.py
[2023-06-28T14:16:43.542+0000] {logging_mixin.py:149} INFO - [2023-06-28T14:16:43.542+0000] {dag.py:2726} INFO - Sync 1 DAGs
[2023-06-28T14:16:43.593+0000] {logging_mixin.py:149} INFO - [2023-06-28T14:16:43.593+0000] {dag.py:3490} INFO - Setting next_dagrun for example_local_kubernetes_executor to None, run_after=None
[2023-06-28T14:16:43.843+0000] {processor.py:179} INFO - Processing /home/airflow/.local/lib/python3.7/site-packages/airflow/example_dags/example_local_kubernetes_executor.py took 2.263 seconds
[2023-06-28T14:17:14.786+0000] {processor.py:157} INFO - Started process (PID=133) to work on /home/airflow/.local/lib/python3.7/site-packages/airflow/example_dags/example_local_kubernetes_executor.py
[2023-06-28T14:17:14.794+0000] {processor.py:826} INFO - Processing file /home/airflow/.local/lib/python3.7/site-packages/airflow/example_dags/example_local_kubernetes_executor.py for tasks to queue
[2023-06-28T14:17:14.799+0000] {logging_mixin.py:149} INFO - [2023-06-28T14:17:14.797+0000] {dagbag.py:541} INFO - Filling up the DagBag from /home/airflow/.local/lib/python3.7/site-packages/airflow/example_dags/example_local_kubernetes_executor.py
[2023-06-28T14:17:16.010+0000] {processor.py:836} INFO - DAG(s) dict_keys(['example_local_kubernetes_executor']) retrieved from /home/airflow/.local/lib/python3.7/site-packages/airflow/example_dags/example_local_kubernetes_executor.py
[2023-06-28T14:17:16.284+0000] {logging_mixin.py:149} INFO - [2023-06-28T14:17:16.283+0000] {dag.py:2726} INFO - Sync 1 DAGs
[2023-06-28T14:17:16.390+0000] {logging_mixin.py:149} INFO - [2023-06-28T14:17:16.390+0000] {dag.py:3490} INFO - Setting next_dagrun for example_local_kubernetes_executor to None, run_after=None
[2023-06-28T14:17:16.463+0000] {processor.py:179} INFO - Processing /home/airflow/.local/lib/python3.7/site-packages/airflow/example_dags/example_local_kubernetes_executor.py took 1.684 seconds
[2023-06-28T14:17:46.677+0000] {processor.py:157} INFO - Started process (PID=191) to work on /home/airflow/.local/lib/python3.7/site-packages/airflow/example_dags/example_local_kubernetes_executor.py
[2023-06-28T14:17:46.679+0000] {processor.py:826} INFO - Processing file /home/airflow/.local/lib/python3.7/site-packages/airflow/example_dags/example_local_kubernetes_executor.py for tasks to queue
[2023-06-28T14:17:46.681+0000] {logging_mixin.py:149} INFO - [2023-06-28T14:17:46.681+0000] {dagbag.py:541} INFO - Filling up the DagBag from /home/airflow/.local/lib/python3.7/site-packages/airflow/example_dags/example_local_kubernetes_executor.py
[2023-06-28T14:17:47.299+0000] {processor.py:836} INFO - DAG(s) dict_keys(['example_local_kubernetes_executor']) retrieved from /home/airflow/.local/lib/python3.7/site-packages/airflow/example_dags/example_local_kubernetes_executor.py
[2023-06-28T14:17:47.318+0000] {logging_mixin.py:149} INFO - [2023-06-28T14:17:47.318+0000] {dag.py:2726} INFO - Sync 1 DAGs
[2023-06-28T14:17:47.372+0000] {logging_mixin.py:149} INFO - [2023-06-28T14:17:47.372+0000] {dag.py:3490} INFO - Setting next_dagrun for example_local_kubernetes_executor to None, run_after=None
[2023-06-28T14:17:47.414+0000] {processor.py:179} INFO - Processing /home/airflow/.local/lib/python3.7/site-packages/airflow/example_dags/example_local_kubernetes_executor.py took 0.747 seconds
[2023-06-28T14:18:17.594+0000] {processor.py:157} INFO - Started process (PID=252) to work on /home/airflow/.local/lib/python3.7/site-packages/airflow/example_dags/example_local_kubernetes_executor.py
[2023-06-28T14:18:17.597+0000] {processor.py:826} INFO - Processing file /home/airflow/.local/lib/python3.7/site-packages/airflow/example_dags/example_local_kubernetes_executor.py for tasks to queue
[2023-06-28T14:18:17.599+0000] {logging_mixin.py:149} INFO - [2023-06-28T14:18:17.599+0000] {dagbag.py:541} INFO - Filling up the DagBag from /home/airflow/.local/lib/python3.7/site-packages/airflow/example_dags/example_local_kubernetes_executor.py
[2023-06-28T14:18:17.912+0000] {processor.py:836} INFO - DAG(s) dict_keys(['example_local_kubernetes_executor']) retrieved from /home/airflow/.local/lib/python3.7/site-packages/airflow/example_dags/example_local_kubernetes_executor.py
[2023-06-28T14:18:17.962+0000] {logging_mixin.py:149} INFO - [2023-06-28T14:18:17.962+0000] {dag.py:2726} INFO - Sync 1 DAGs
[2023-06-28T14:18:17.995+0000] {logging_mixin.py:149} INFO - [2023-06-28T14:18:17.994+0000] {dag.py:3490} INFO - Setting next_dagrun for example_local_kubernetes_executor to None, run_after=None
[2023-06-28T14:18:18.026+0000] {processor.py:179} INFO - Processing /home/airflow/.local/lib/python3.7/site-packages/airflow/example_dags/example_local_kubernetes_executor.py took 0.440 seconds
[2023-06-28T14:18:48.330+0000] {processor.py:157} INFO - Started process (PID=317) to work on /home/airflow/.local/lib/python3.7/site-packages/airflow/example_dags/example_local_kubernetes_executor.py
[2023-06-28T14:18:48.332+0000] {processor.py:826} INFO - Processing file /home/airflow/.local/lib/python3.7/site-packages/airflow/example_dags/example_local_kubernetes_executor.py for tasks to queue
[2023-06-28T14:18:48.336+0000] {logging_mixin.py:149} INFO - [2023-06-28T14:18:48.336+0000] {dagbag.py:541} INFO - Filling up the DagBag from /home/airflow/.local/lib/python3.7/site-packages/airflow/example_dags/example_local_kubernetes_executor.py
[2023-06-28T14:18:48.942+0000] {processor.py:836} INFO - DAG(s) dict_keys(['example_local_kubernetes_executor']) retrieved from /home/airflow/.local/lib/python3.7/site-packages/airflow/example_dags/example_local_kubernetes_executor.py
[2023-06-28T14:18:49.029+0000] {logging_mixin.py:149} INFO - [2023-06-28T14:18:49.028+0000] {dag.py:2726} INFO - Sync 1 DAGs
[2023-06-28T14:18:49.109+0000] {logging_mixin.py:149} INFO - [2023-06-28T14:18:49.109+0000] {dag.py:3490} INFO - Setting next_dagrun for example_local_kubernetes_executor to None, run_after=None
[2023-06-28T14:18:49.189+0000] {processor.py:179} INFO - Processing /home/airflow/.local/lib/python3.7/site-packages/airflow/example_dags/example_local_kubernetes_executor.py took 0.871 seconds
[2023-06-28T14:19:19.591+0000] {processor.py:157} INFO - Started process (PID=376) to work on /home/airflow/.local/lib/python3.7/site-packages/airflow/example_dags/example_local_kubernetes_executor.py
[2023-06-28T14:19:19.602+0000] {processor.py:826} INFO - Processing file /home/airflow/.local/lib/python3.7/site-packages/airflow/example_dags/example_local_kubernetes_executor.py for tasks to queue
[2023-06-28T14:19:19.615+0000] {logging_mixin.py:149} INFO - [2023-06-28T14:19:19.614+0000] {dagbag.py:541} INFO - Filling up the DagBag from /home/airflow/.local/lib/python3.7/site-packages/airflow/example_dags/example_local_kubernetes_executor.py
[2023-06-28T14:19:20.705+0000] {processor.py:836} INFO - DAG(s) dict_keys(['example_local_kubernetes_executor']) retrieved from /home/airflow/.local/lib/python3.7/site-packages/airflow/example_dags/example_local_kubernetes_executor.py
[2023-06-28T14:19:20.821+0000] {logging_mixin.py:149} INFO - [2023-06-28T14:19:20.821+0000] {dag.py:2726} INFO - Sync 1 DAGs
[2023-06-28T14:19:20.962+0000] {logging_mixin.py:149} INFO - [2023-06-28T14:19:20.961+0000] {dag.py:3490} INFO - Setting next_dagrun for example_local_kubernetes_executor to None, run_after=None
[2023-06-28T14:19:21.104+0000] {processor.py:179} INFO - Processing /home/airflow/.local/lib/python3.7/site-packages/airflow/example_dags/example_local_kubernetes_executor.py took 1.522 seconds
[2023-06-28T14:19:51.245+0000] {processor.py:157} INFO - Started process (PID=437) to work on /home/airflow/.local/lib/python3.7/site-packages/airflow/example_dags/example_local_kubernetes_executor.py
[2023-06-28T14:19:51.252+0000] {processor.py:826} INFO - Processing file /home/airflow/.local/lib/python3.7/site-packages/airflow/example_dags/example_local_kubernetes_executor.py for tasks to queue
[2023-06-28T14:19:51.254+0000] {logging_mixin.py:149} INFO - [2023-06-28T14:19:51.254+0000] {dagbag.py:541} INFO - Filling up the DagBag from /home/airflow/.local/lib/python3.7/site-packages/airflow/example_dags/example_local_kubernetes_executor.py
[2023-06-28T14:19:52.494+0000] {processor.py:836} INFO - DAG(s) dict_keys(['example_local_kubernetes_executor']) retrieved from /home/airflow/.local/lib/python3.7/site-packages/airflow/example_dags/example_local_kubernetes_executor.py
[2023-06-28T14:19:52.671+0000] {logging_mixin.py:149} INFO - [2023-06-28T14:19:52.671+0000] {dag.py:2726} INFO - Sync 1 DAGs
[2023-06-28T14:19:52.772+0000] {logging_mixin.py:149} INFO - [2023-06-28T14:19:52.772+0000] {dag.py:3490} INFO - Setting next_dagrun for example_local_kubernetes_executor to None, run_after=None
[2023-06-28T14:19:52.844+0000] {processor.py:179} INFO - Processing /home/airflow/.local/lib/python3.7/site-packages/airflow/example_dags/example_local_kubernetes_executor.py took 1.605 seconds
[2023-06-28T14:20:23.422+0000] {processor.py:157} INFO - Started process (PID=497) to work on /home/airflow/.local/lib/python3.7/site-packages/airflow/example_dags/example_local_kubernetes_executor.py
[2023-06-28T14:20:23.424+0000] {processor.py:826} INFO - Processing file /home/airflow/.local/lib/python3.7/site-packages/airflow/example_dags/example_local_kubernetes_executor.py for tasks to queue
[2023-06-28T14:20:23.425+0000] {logging_mixin.py:149} INFO - [2023-06-28T14:20:23.425+0000] {dagbag.py:541} INFO - Filling up the DagBag from /home/airflow/.local/lib/python3.7/site-packages/airflow/example_dags/example_local_kubernetes_executor.py
[2023-06-28T14:20:23.750+0000] {processor.py:836} INFO - DAG(s) dict_keys(['example_local_kubernetes_executor']) retrieved from /home/airflow/.local/lib/python3.7/site-packages/airflow/example_dags/example_local_kubernetes_executor.py
[2023-06-28T14:20:23.818+0000] {logging_mixin.py:149} INFO - [2023-06-28T14:20:23.817+0000] {dag.py:2726} INFO - Sync 1 DAGs
[2023-06-28T14:20:23.856+0000] {logging_mixin.py:149} INFO - [2023-06-28T14:20:23.855+0000] {dag.py:3490} INFO - Setting next_dagrun for example_local_kubernetes_executor to None, run_after=None
[2023-06-28T14:20:23.885+0000] {processor.py:179} INFO - Processing /home/airflow/.local/lib/python3.7/site-packages/airflow/example_dags/example_local_kubernetes_executor.py took 0.467 seconds
[2023-06-28T14:20:54.070+0000] {processor.py:157} INFO - Started process (PID=557) to work on /home/airflow/.local/lib/python3.7/site-packages/airflow/example_dags/example_local_kubernetes_executor.py
[2023-06-28T14:20:54.071+0000] {processor.py:826} INFO - Processing file /home/airflow/.local/lib/python3.7/site-packages/airflow/example_dags/example_local_kubernetes_executor.py for tasks to queue
[2023-06-28T14:20:54.073+0000] {logging_mixin.py:149} INFO - [2023-06-28T14:20:54.072+0000] {dagbag.py:541} INFO - Filling up the DagBag from /home/airflow/.local/lib/python3.7/site-packages/airflow/example_dags/example_local_kubernetes_executor.py
[2023-06-28T14:20:54.400+0000] {processor.py:836} INFO - DAG(s) dict_keys(['example_local_kubernetes_executor']) retrieved from /home/airflow/.local/lib/python3.7/site-packages/airflow/example_dags/example_local_kubernetes_executor.py
[2023-06-28T14:20:54.447+0000] {logging_mixin.py:149} INFO - [2023-06-28T14:20:54.447+0000] {dag.py:2726} INFO - Sync 1 DAGs
[2023-06-28T14:20:54.495+0000] {logging_mixin.py:149} INFO - [2023-06-28T14:20:54.495+0000] {dag.py:3490} INFO - Setting next_dagrun for example_local_kubernetes_executor to None, run_after=None
[2023-06-28T14:20:54.528+0000] {processor.py:179} INFO - Processing /home/airflow/.local/lib/python3.7/site-packages/airflow/example_dags/example_local_kubernetes_executor.py took 0.463 seconds
[2023-06-28T14:21:24.616+0000] {processor.py:157} INFO - Started process (PID=619) to work on /home/airflow/.local/lib/python3.7/site-packages/airflow/example_dags/example_local_kubernetes_executor.py
[2023-06-28T14:21:24.617+0000] {processor.py:826} INFO - Processing file /home/airflow/.local/lib/python3.7/site-packages/airflow/example_dags/example_local_kubernetes_executor.py for tasks to queue
[2023-06-28T14:21:24.618+0000] {logging_mixin.py:149} INFO - [2023-06-28T14:21:24.618+0000] {dagbag.py:541} INFO - Filling up the DagBag from /home/airflow/.local/lib/python3.7/site-packages/airflow/example_dags/example_local_kubernetes_executor.py
[2023-06-28T14:21:24.947+0000] {processor.py:836} INFO - DAG(s) dict_keys(['example_local_kubernetes_executor']) retrieved from /home/airflow/.local/lib/python3.7/site-packages/airflow/example_dags/example_local_kubernetes_executor.py
[2023-06-28T14:21:24.992+0000] {logging_mixin.py:149} INFO - [2023-06-28T14:21:24.992+0000] {dag.py:2726} INFO - Sync 1 DAGs
[2023-06-28T14:21:25.023+0000] {logging_mixin.py:149} INFO - [2023-06-28T14:21:25.023+0000] {dag.py:3490} INFO - Setting next_dagrun for example_local_kubernetes_executor to None, run_after=None
[2023-06-28T14:21:25.061+0000] {processor.py:179} INFO - Processing /home/airflow/.local/lib/python3.7/site-packages/airflow/example_dags/example_local_kubernetes_executor.py took 0.450 seconds
[2023-06-28T14:21:55.684+0000] {processor.py:157} INFO - Started process (PID=682) to work on /home/airflow/.local/lib/python3.7/site-packages/airflow/example_dags/example_local_kubernetes_executor.py
[2023-06-28T14:21:55.686+0000] {processor.py:826} INFO - Processing file /home/airflow/.local/lib/python3.7/site-packages/airflow/example_dags/example_local_kubernetes_executor.py for tasks to queue
[2023-06-28T14:21:55.687+0000] {logging_mixin.py:149} INFO - [2023-06-28T14:21:55.686+0000] {dagbag.py:541} INFO - Filling up the DagBag from /home/airflow/.local/lib/python3.7/site-packages/airflow/example_dags/example_local_kubernetes_executor.py
[2023-06-28T14:21:55.934+0000] {processor.py:836} INFO - DAG(s) dict_keys(['example_local_kubernetes_executor']) retrieved from /home/airflow/.local/lib/python3.7/site-packages/airflow/example_dags/example_local_kubernetes_executor.py
[2023-06-28T14:21:55.981+0000] {logging_mixin.py:149} INFO - [2023-06-28T14:21:55.981+0000] {dag.py:2726} INFO - Sync 1 DAGs
[2023-06-28T14:21:56.012+0000] {logging_mixin.py:149} INFO - [2023-06-28T14:21:56.012+0000] {dag.py:3490} INFO - Setting next_dagrun for example_local_kubernetes_executor to None, run_after=None
[2023-06-28T14:21:56.050+0000] {processor.py:179} INFO - Processing /home/airflow/.local/lib/python3.7/site-packages/airflow/example_dags/example_local_kubernetes_executor.py took 0.370 seconds
[2023-06-28T14:22:26.982+0000] {processor.py:157} INFO - Started process (PID=741) to work on /home/airflow/.local/lib/python3.7/site-packages/airflow/example_dags/example_local_kubernetes_executor.py
[2023-06-28T14:22:26.985+0000] {processor.py:826} INFO - Processing file /home/airflow/.local/lib/python3.7/site-packages/airflow/example_dags/example_local_kubernetes_executor.py for tasks to queue
[2023-06-28T14:22:26.986+0000] {logging_mixin.py:149} INFO - [2023-06-28T14:22:26.986+0000] {dagbag.py:541} INFO - Filling up the DagBag from /home/airflow/.local/lib/python3.7/site-packages/airflow/example_dags/example_local_kubernetes_executor.py
[2023-06-28T14:22:27.315+0000] {processor.py:836} INFO - DAG(s) dict_keys(['example_local_kubernetes_executor']) retrieved from /home/airflow/.local/lib/python3.7/site-packages/airflow/example_dags/example_local_kubernetes_executor.py
[2023-06-28T14:22:27.358+0000] {logging_mixin.py:149} INFO - [2023-06-28T14:22:27.357+0000] {dag.py:2726} INFO - Sync 1 DAGs
[2023-06-28T14:22:27.391+0000] {logging_mixin.py:149} INFO - [2023-06-28T14:22:27.391+0000] {dag.py:3490} INFO - Setting next_dagrun for example_local_kubernetes_executor to None, run_after=None
[2023-06-28T14:22:27.423+0000] {processor.py:179} INFO - Processing /home/airflow/.local/lib/python3.7/site-packages/airflow/example_dags/example_local_kubernetes_executor.py took 0.446 seconds
[2023-06-28T14:22:58.155+0000] {processor.py:157} INFO - Started process (PID=800) to work on /home/airflow/.local/lib/python3.7/site-packages/airflow/example_dags/example_local_kubernetes_executor.py
[2023-06-28T14:22:58.156+0000] {processor.py:826} INFO - Processing file /home/airflow/.local/lib/python3.7/site-packages/airflow/example_dags/example_local_kubernetes_executor.py for tasks to queue
[2023-06-28T14:22:58.157+0000] {logging_mixin.py:149} INFO - [2023-06-28T14:22:58.157+0000] {dagbag.py:541} INFO - Filling up the DagBag from /home/airflow/.local/lib/python3.7/site-packages/airflow/example_dags/example_local_kubernetes_executor.py
[2023-06-28T14:22:58.406+0000] {processor.py:836} INFO - DAG(s) dict_keys(['example_local_kubernetes_executor']) retrieved from /home/airflow/.local/lib/python3.7/site-packages/airflow/example_dags/example_local_kubernetes_executor.py
[2023-06-28T14:22:58.460+0000] {logging_mixin.py:149} INFO - [2023-06-28T14:22:58.459+0000] {dag.py:2726} INFO - Sync 1 DAGs
[2023-06-28T14:22:58.492+0000] {logging_mixin.py:149} INFO - [2023-06-28T14:22:58.491+0000] {dag.py:3490} INFO - Setting next_dagrun for example_local_kubernetes_executor to None, run_after=None
[2023-06-28T14:22:58.522+0000] {processor.py:179} INFO - Processing /home/airflow/.local/lib/python3.7/site-packages/airflow/example_dags/example_local_kubernetes_executor.py took 0.371 seconds
[2023-06-28T14:23:29.469+0000] {processor.py:157} INFO - Started process (PID=860) to work on /home/airflow/.local/lib/python3.7/site-packages/airflow/example_dags/example_local_kubernetes_executor.py
[2023-06-28T14:23:29.477+0000] {processor.py:826} INFO - Processing file /home/airflow/.local/lib/python3.7/site-packages/airflow/example_dags/example_local_kubernetes_executor.py for tasks to queue
[2023-06-28T14:23:29.478+0000] {logging_mixin.py:149} INFO - [2023-06-28T14:23:29.478+0000] {dagbag.py:541} INFO - Filling up the DagBag from /home/airflow/.local/lib/python3.7/site-packages/airflow/example_dags/example_local_kubernetes_executor.py
[2023-06-28T14:23:29.997+0000] {processor.py:836} INFO - DAG(s) dict_keys(['example_local_kubernetes_executor']) retrieved from /home/airflow/.local/lib/python3.7/site-packages/airflow/example_dags/example_local_kubernetes_executor.py
[2023-06-28T14:23:30.086+0000] {logging_mixin.py:149} INFO - [2023-06-28T14:23:30.086+0000] {dag.py:2726} INFO - Sync 1 DAGs
[2023-06-28T14:23:30.145+0000] {logging_mixin.py:149} INFO - [2023-06-28T14:23:30.145+0000] {dag.py:3490} INFO - Setting next_dagrun for example_local_kubernetes_executor to None, run_after=None
[2023-06-28T14:23:30.240+0000] {processor.py:179} INFO - Processing /home/airflow/.local/lib/python3.7/site-packages/airflow/example_dags/example_local_kubernetes_executor.py took 0.777 seconds
[2023-06-28T14:24:00.765+0000] {processor.py:157} INFO - Started process (PID=919) to work on /home/airflow/.local/lib/python3.7/site-packages/airflow/example_dags/example_local_kubernetes_executor.py
[2023-06-28T14:24:00.766+0000] {processor.py:826} INFO - Processing file /home/airflow/.local/lib/python3.7/site-packages/airflow/example_dags/example_local_kubernetes_executor.py for tasks to queue
[2023-06-28T14:24:00.767+0000] {logging_mixin.py:149} INFO - [2023-06-28T14:24:00.767+0000] {dagbag.py:541} INFO - Filling up the DagBag from /home/airflow/.local/lib/python3.7/site-packages/airflow/example_dags/example_local_kubernetes_executor.py
[2023-06-28T14:24:01.061+0000] {processor.py:836} INFO - DAG(s) dict_keys(['example_local_kubernetes_executor']) retrieved from /home/airflow/.local/lib/python3.7/site-packages/airflow/example_dags/example_local_kubernetes_executor.py
[2023-06-28T14:24:01.114+0000] {logging_mixin.py:149} INFO - [2023-06-28T14:24:01.113+0000] {dag.py:2726} INFO - Sync 1 DAGs
[2023-06-28T14:24:01.151+0000] {logging_mixin.py:149} INFO - [2023-06-28T14:24:01.151+0000] {dag.py:3490} INFO - Setting next_dagrun for example_local_kubernetes_executor to None, run_after=None
[2023-06-28T14:24:01.193+0000] {processor.py:179} INFO - Processing /home/airflow/.local/lib/python3.7/site-packages/airflow/example_dags/example_local_kubernetes_executor.py took 0.433 seconds
[2023-06-28T14:24:32.020+0000] {processor.py:157} INFO - Started process (PID=980) to work on /home/airflow/.local/lib/python3.7/site-packages/airflow/example_dags/example_local_kubernetes_executor.py
[2023-06-28T14:24:32.022+0000] {processor.py:826} INFO - Processing file /home/airflow/.local/lib/python3.7/site-packages/airflow/example_dags/example_local_kubernetes_executor.py for tasks to queue
[2023-06-28T14:24:32.023+0000] {logging_mixin.py:149} INFO - [2023-06-28T14:24:32.023+0000] {dagbag.py:541} INFO - Filling up the DagBag from /home/airflow/.local/lib/python3.7/site-packages/airflow/example_dags/example_local_kubernetes_executor.py
[2023-06-28T14:24:32.299+0000] {processor.py:836} INFO - DAG(s) dict_keys(['example_local_kubernetes_executor']) retrieved from /home/airflow/.local/lib/python3.7/site-packages/airflow/example_dags/example_local_kubernetes_executor.py
[2023-06-28T14:24:32.345+0000] {logging_mixin.py:149} INFO - [2023-06-28T14:24:32.345+0000] {dag.py:2726} INFO - Sync 1 DAGs
[2023-06-28T14:24:32.377+0000] {logging_mixin.py:149} INFO - [2023-06-28T14:24:32.377+0000] {dag.py:3490} INFO - Setting next_dagrun for example_local_kubernetes_executor to None, run_after=None
[2023-06-28T14:24:32.412+0000] {processor.py:179} INFO - Processing /home/airflow/.local/lib/python3.7/site-packages/airflow/example_dags/example_local_kubernetes_executor.py took 0.398 seconds
[2023-06-28T14:25:02.595+0000] {processor.py:157} INFO - Started process (PID=1040) to work on /home/airflow/.local/lib/python3.7/site-packages/airflow/example_dags/example_local_kubernetes_executor.py
[2023-06-28T14:25:02.596+0000] {processor.py:826} INFO - Processing file /home/airflow/.local/lib/python3.7/site-packages/airflow/example_dags/example_local_kubernetes_executor.py for tasks to queue
[2023-06-28T14:25:02.598+0000] {logging_mixin.py:149} INFO - [2023-06-28T14:25:02.597+0000] {dagbag.py:541} INFO - Filling up the DagBag from /home/airflow/.local/lib/python3.7/site-packages/airflow/example_dags/example_local_kubernetes_executor.py
[2023-06-28T14:25:02.886+0000] {processor.py:836} INFO - DAG(s) dict_keys(['example_local_kubernetes_executor']) retrieved from /home/airflow/.local/lib/python3.7/site-packages/airflow/example_dags/example_local_kubernetes_executor.py
[2023-06-28T14:25:02.930+0000] {logging_mixin.py:149} INFO - [2023-06-28T14:25:02.929+0000] {dag.py:2726} INFO - Sync 1 DAGs
[2023-06-28T14:25:02.964+0000] {logging_mixin.py:149} INFO - [2023-06-28T14:25:02.963+0000] {dag.py:3490} INFO - Setting next_dagrun for example_local_kubernetes_executor to None, run_after=None
[2023-06-28T14:25:02.994+0000] {processor.py:179} INFO - Processing /home/airflow/.local/lib/python3.7/site-packages/airflow/example_dags/example_local_kubernetes_executor.py took 0.404 seconds
[2023-06-28T14:25:33.065+0000] {processor.py:157} INFO - Started process (PID=1098) to work on /home/airflow/.local/lib/python3.7/site-packages/airflow/example_dags/example_local_kubernetes_executor.py
[2023-06-28T14:25:33.066+0000] {processor.py:826} INFO - Processing file /home/airflow/.local/lib/python3.7/site-packages/airflow/example_dags/example_local_kubernetes_executor.py for tasks to queue
[2023-06-28T14:25:33.068+0000] {logging_mixin.py:149} INFO - [2023-06-28T14:25:33.067+0000] {dagbag.py:541} INFO - Filling up the DagBag from /home/airflow/.local/lib/python3.7/site-packages/airflow/example_dags/example_local_kubernetes_executor.py
[2023-06-28T14:25:33.349+0000] {processor.py:836} INFO - DAG(s) dict_keys(['example_local_kubernetes_executor']) retrieved from /home/airflow/.local/lib/python3.7/site-packages/airflow/example_dags/example_local_kubernetes_executor.py
[2023-06-28T14:25:33.444+0000] {logging_mixin.py:149} INFO - [2023-06-28T14:25:33.444+0000] {dag.py:2726} INFO - Sync 1 DAGs
[2023-06-28T14:25:33.478+0000] {logging_mixin.py:149} INFO - [2023-06-28T14:25:33.478+0000] {dag.py:3490} INFO - Setting next_dagrun for example_local_kubernetes_executor to None, run_after=None
[2023-06-28T14:25:33.522+0000] {processor.py:179} INFO - Processing /home/airflow/.local/lib/python3.7/site-packages/airflow/example_dags/example_local_kubernetes_executor.py took 0.461 seconds
[2023-06-28T14:26:03.864+0000] {processor.py:157} INFO - Started process (PID=1157) to work on /home/airflow/.local/lib/python3.7/site-packages/airflow/example_dags/example_local_kubernetes_executor.py
[2023-06-28T14:26:03.866+0000] {processor.py:826} INFO - Processing file /home/airflow/.local/lib/python3.7/site-packages/airflow/example_dags/example_local_kubernetes_executor.py for tasks to queue
[2023-06-28T14:26:03.867+0000] {logging_mixin.py:149} INFO - [2023-06-28T14:26:03.867+0000] {dagbag.py:541} INFO - Filling up the DagBag from /home/airflow/.local/lib/python3.7/site-packages/airflow/example_dags/example_local_kubernetes_executor.py
[2023-06-28T14:26:04.137+0000] {processor.py:836} INFO - DAG(s) dict_keys(['example_local_kubernetes_executor']) retrieved from /home/airflow/.local/lib/python3.7/site-packages/airflow/example_dags/example_local_kubernetes_executor.py
[2023-06-28T14:26:04.185+0000] {logging_mixin.py:149} INFO - [2023-06-28T14:26:04.185+0000] {dag.py:2726} INFO - Sync 1 DAGs
[2023-06-28T14:26:04.222+0000] {logging_mixin.py:149} INFO - [2023-06-28T14:26:04.222+0000] {dag.py:3490} INFO - Setting next_dagrun for example_local_kubernetes_executor to None, run_after=None
[2023-06-28T14:26:04.252+0000] {processor.py:179} INFO - Processing /home/airflow/.local/lib/python3.7/site-packages/airflow/example_dags/example_local_kubernetes_executor.py took 0.392 seconds
[2023-06-28T14:26:34.705+0000] {processor.py:157} INFO - Started process (PID=1217) to work on /home/airflow/.local/lib/python3.7/site-packages/airflow/example_dags/example_local_kubernetes_executor.py
[2023-06-28T14:26:34.706+0000] {processor.py:826} INFO - Processing file /home/airflow/.local/lib/python3.7/site-packages/airflow/example_dags/example_local_kubernetes_executor.py for tasks to queue
[2023-06-28T14:26:34.708+0000] {logging_mixin.py:149} INFO - [2023-06-28T14:26:34.708+0000] {dagbag.py:541} INFO - Filling up the DagBag from /home/airflow/.local/lib/python3.7/site-packages/airflow/example_dags/example_local_kubernetes_executor.py
[2023-06-28T14:26:34.956+0000] {processor.py:836} INFO - DAG(s) dict_keys(['example_local_kubernetes_executor']) retrieved from /home/airflow/.local/lib/python3.7/site-packages/airflow/example_dags/example_local_kubernetes_executor.py
[2023-06-28T14:26:35.000+0000] {logging_mixin.py:149} INFO - [2023-06-28T14:26:35.000+0000] {dag.py:2726} INFO - Sync 1 DAGs
[2023-06-28T14:26:35.035+0000] {logging_mixin.py:149} INFO - [2023-06-28T14:26:35.035+0000] {dag.py:3490} INFO - Setting next_dagrun for example_local_kubernetes_executor to None, run_after=None
[2023-06-28T14:26:35.082+0000] {processor.py:179} INFO - Processing /home/airflow/.local/lib/python3.7/site-packages/airflow/example_dags/example_local_kubernetes_executor.py took 0.381 seconds
[2023-06-28T14:27:05.945+0000] {processor.py:157} INFO - Started process (PID=1277) to work on /home/airflow/.local/lib/python3.7/site-packages/airflow/example_dags/example_local_kubernetes_executor.py
[2023-06-28T14:27:05.947+0000] {processor.py:826} INFO - Processing file /home/airflow/.local/lib/python3.7/site-packages/airflow/example_dags/example_local_kubernetes_executor.py for tasks to queue
[2023-06-28T14:27:05.948+0000] {logging_mixin.py:149} INFO - [2023-06-28T14:27:05.947+0000] {dagbag.py:541} INFO - Filling up the DagBag from /home/airflow/.local/lib/python3.7/site-packages/airflow/example_dags/example_local_kubernetes_executor.py
[2023-06-28T14:27:06.241+0000] {processor.py:836} INFO - DAG(s) dict_keys(['example_local_kubernetes_executor']) retrieved from /home/airflow/.local/lib/python3.7/site-packages/airflow/example_dags/example_local_kubernetes_executor.py
[2023-06-28T14:27:06.285+0000] {logging_mixin.py:149} INFO - [2023-06-28T14:27:06.285+0000] {dag.py:2726} INFO - Sync 1 DAGs
[2023-06-28T14:27:06.319+0000] {logging_mixin.py:149} INFO - [2023-06-28T14:27:06.318+0000] {dag.py:3490} INFO - Setting next_dagrun for example_local_kubernetes_executor to None, run_after=None
[2023-06-28T14:27:06.360+0000] {processor.py:179} INFO - Processing /home/airflow/.local/lib/python3.7/site-packages/airflow/example_dags/example_local_kubernetes_executor.py took 0.418 seconds
[2023-06-28T14:27:36.525+0000] {processor.py:157} INFO - Started process (PID=1336) to work on /home/airflow/.local/lib/python3.7/site-packages/airflow/example_dags/example_local_kubernetes_executor.py
[2023-06-28T14:27:36.531+0000] {processor.py:826} INFO - Processing file /home/airflow/.local/lib/python3.7/site-packages/airflow/example_dags/example_local_kubernetes_executor.py for tasks to queue
[2023-06-28T14:27:36.541+0000] {logging_mixin.py:149} INFO - [2023-06-28T14:27:36.540+0000] {dagbag.py:541} INFO - Filling up the DagBag from /home/airflow/.local/lib/python3.7/site-packages/airflow/example_dags/example_local_kubernetes_executor.py
[2023-06-28T14:27:36.991+0000] {processor.py:836} INFO - DAG(s) dict_keys(['example_local_kubernetes_executor']) retrieved from /home/airflow/.local/lib/python3.7/site-packages/airflow/example_dags/example_local_kubernetes_executor.py
[2023-06-28T14:27:37.036+0000] {logging_mixin.py:149} INFO - [2023-06-28T14:27:37.036+0000] {dag.py:2726} INFO - Sync 1 DAGs
[2023-06-28T14:27:37.068+0000] {logging_mixin.py:149} INFO - [2023-06-28T14:27:37.068+0000] {dag.py:3490} INFO - Setting next_dagrun for example_local_kubernetes_executor to None, run_after=None
[2023-06-28T14:27:37.101+0000] {processor.py:179} INFO - Processing /home/airflow/.local/lib/python3.7/site-packages/airflow/example_dags/example_local_kubernetes_executor.py took 0.582 seconds
[2023-06-28T14:28:07.940+0000] {processor.py:157} INFO - Started process (PID=1396) to work on /home/airflow/.local/lib/python3.7/site-packages/airflow/example_dags/example_local_kubernetes_executor.py
[2023-06-28T14:28:07.941+0000] {processor.py:826} INFO - Processing file /home/airflow/.local/lib/python3.7/site-packages/airflow/example_dags/example_local_kubernetes_executor.py for tasks to queue
[2023-06-28T14:28:07.943+0000] {logging_mixin.py:149} INFO - [2023-06-28T14:28:07.942+0000] {dagbag.py:541} INFO - Filling up the DagBag from /home/airflow/.local/lib/python3.7/site-packages/airflow/example_dags/example_local_kubernetes_executor.py
[2023-06-28T14:28:08.233+0000] {processor.py:836} INFO - DAG(s) dict_keys(['example_local_kubernetes_executor']) retrieved from /home/airflow/.local/lib/python3.7/site-packages/airflow/example_dags/example_local_kubernetes_executor.py
[2023-06-28T14:28:08.278+0000] {logging_mixin.py:149} INFO - [2023-06-28T14:28:08.277+0000] {dag.py:2726} INFO - Sync 1 DAGs
[2023-06-28T14:28:08.309+0000] {logging_mixin.py:149} INFO - [2023-06-28T14:28:08.308+0000] {dag.py:3490} INFO - Setting next_dagrun for example_local_kubernetes_executor to None, run_after=None
[2023-06-28T14:28:08.343+0000] {processor.py:179} INFO - Processing /home/airflow/.local/lib/python3.7/site-packages/airflow/example_dags/example_local_kubernetes_executor.py took 0.407 seconds
[2023-06-28T14:28:39.261+0000] {processor.py:157} INFO - Started process (PID=1455) to work on /home/airflow/.local/lib/python3.7/site-packages/airflow/example_dags/example_local_kubernetes_executor.py
[2023-06-28T14:28:39.263+0000] {processor.py:826} INFO - Processing file /home/airflow/.local/lib/python3.7/site-packages/airflow/example_dags/example_local_kubernetes_executor.py for tasks to queue
[2023-06-28T14:28:39.264+0000] {logging_mixin.py:149} INFO - [2023-06-28T14:28:39.264+0000] {dagbag.py:541} INFO - Filling up the DagBag from /home/airflow/.local/lib/python3.7/site-packages/airflow/example_dags/example_local_kubernetes_executor.py
[2023-06-28T14:28:39.627+0000] {processor.py:836} INFO - DAG(s) dict_keys(['example_local_kubernetes_executor']) retrieved from /home/airflow/.local/lib/python3.7/site-packages/airflow/example_dags/example_local_kubernetes_executor.py
[2023-06-28T14:28:39.683+0000] {logging_mixin.py:149} INFO - [2023-06-28T14:28:39.683+0000] {dag.py:2726} INFO - Sync 1 DAGs
[2023-06-28T14:28:39.730+0000] {logging_mixin.py:149} INFO - [2023-06-28T14:28:39.730+0000] {dag.py:3490} INFO - Setting next_dagrun for example_local_kubernetes_executor to None, run_after=None
[2023-06-28T14:28:39.772+0000] {processor.py:179} INFO - Processing /home/airflow/.local/lib/python3.7/site-packages/airflow/example_dags/example_local_kubernetes_executor.py took 0.514 seconds
[2023-06-28T14:29:10.863+0000] {processor.py:157} INFO - Started process (PID=1519) to work on /home/airflow/.local/lib/python3.7/site-packages/airflow/example_dags/example_local_kubernetes_executor.py
[2023-06-28T14:29:10.864+0000] {processor.py:826} INFO - Processing file /home/airflow/.local/lib/python3.7/site-packages/airflow/example_dags/example_local_kubernetes_executor.py for tasks to queue
[2023-06-28T14:29:10.866+0000] {logging_mixin.py:149} INFO - [2023-06-28T14:29:10.865+0000] {dagbag.py:541} INFO - Filling up the DagBag from /home/airflow/.local/lib/python3.7/site-packages/airflow/example_dags/example_local_kubernetes_executor.py
[2023-06-28T14:29:11.204+0000] {processor.py:836} INFO - DAG(s) dict_keys(['example_local_kubernetes_executor']) retrieved from /home/airflow/.local/lib/python3.7/site-packages/airflow/example_dags/example_local_kubernetes_executor.py
[2023-06-28T14:29:11.254+0000] {logging_mixin.py:149} INFO - [2023-06-28T14:29:11.254+0000] {dag.py:2726} INFO - Sync 1 DAGs
[2023-06-28T14:29:11.300+0000] {logging_mixin.py:149} INFO - [2023-06-28T14:29:11.300+0000] {dag.py:3490} INFO - Setting next_dagrun for example_local_kubernetes_executor to None, run_after=None
[2023-06-28T14:29:11.335+0000] {processor.py:179} INFO - Processing /home/airflow/.local/lib/python3.7/site-packages/airflow/example_dags/example_local_kubernetes_executor.py took 0.478 seconds
[2023-06-28T14:29:41.524+0000] {processor.py:157} INFO - Started process (PID=1579) to work on /home/airflow/.local/lib/python3.7/site-packages/airflow/example_dags/example_local_kubernetes_executor.py
[2023-06-28T14:29:41.526+0000] {processor.py:826} INFO - Processing file /home/airflow/.local/lib/python3.7/site-packages/airflow/example_dags/example_local_kubernetes_executor.py for tasks to queue
[2023-06-28T14:29:41.527+0000] {logging_mixin.py:149} INFO - [2023-06-28T14:29:41.527+0000] {dagbag.py:541} INFO - Filling up the DagBag from /home/airflow/.local/lib/python3.7/site-packages/airflow/example_dags/example_local_kubernetes_executor.py
[2023-06-28T14:29:41.909+0000] {processor.py:836} INFO - DAG(s) dict_keys(['example_local_kubernetes_executor']) retrieved from /home/airflow/.local/lib/python3.7/site-packages/airflow/example_dags/example_local_kubernetes_executor.py
[2023-06-28T14:29:41.954+0000] {logging_mixin.py:149} INFO - [2023-06-28T14:29:41.954+0000] {dag.py:2726} INFO - Sync 1 DAGs
[2023-06-28T14:29:41.986+0000] {logging_mixin.py:149} INFO - [2023-06-28T14:29:41.986+0000] {dag.py:3490} INFO - Setting next_dagrun for example_local_kubernetes_executor to None, run_after=None
[2023-06-28T14:29:42.020+0000] {processor.py:179} INFO - Processing /home/airflow/.local/lib/python3.7/site-packages/airflow/example_dags/example_local_kubernetes_executor.py took 0.503 seconds
[2023-06-28T14:30:12.070+0000] {processor.py:157} INFO - Started process (PID=1638) to work on /home/airflow/.local/lib/python3.7/site-packages/airflow/example_dags/example_local_kubernetes_executor.py
[2023-06-28T14:30:12.071+0000] {processor.py:826} INFO - Processing file /home/airflow/.local/lib/python3.7/site-packages/airflow/example_dags/example_local_kubernetes_executor.py for tasks to queue
[2023-06-28T14:30:12.072+0000] {logging_mixin.py:149} INFO - [2023-06-28T14:30:12.072+0000] {dagbag.py:541} INFO - Filling up the DagBag from /home/airflow/.local/lib/python3.7/site-packages/airflow/example_dags/example_local_kubernetes_executor.py
[2023-06-28T14:30:12.413+0000] {processor.py:836} INFO - DAG(s) dict_keys(['example_local_kubernetes_executor']) retrieved from /home/airflow/.local/lib/python3.7/site-packages/airflow/example_dags/example_local_kubernetes_executor.py
[2023-06-28T14:30:12.465+0000] {logging_mixin.py:149} INFO - [2023-06-28T14:30:12.465+0000] {dag.py:2726} INFO - Sync 1 DAGs
[2023-06-28T14:30:12.504+0000] {logging_mixin.py:149} INFO - [2023-06-28T14:30:12.503+0000] {dag.py:3490} INFO - Setting next_dagrun for example_local_kubernetes_executor to None, run_after=None
[2023-06-28T14:30:12.538+0000] {processor.py:179} INFO - Processing /home/airflow/.local/lib/python3.7/site-packages/airflow/example_dags/example_local_kubernetes_executor.py took 0.473 seconds
[2023-06-28T14:30:43.346+0000] {processor.py:157} INFO - Started process (PID=1697) to work on /home/airflow/.local/lib/python3.7/site-packages/airflow/example_dags/example_local_kubernetes_executor.py
[2023-06-28T14:30:43.347+0000] {processor.py:826} INFO - Processing file /home/airflow/.local/lib/python3.7/site-packages/airflow/example_dags/example_local_kubernetes_executor.py for tasks to queue
[2023-06-28T14:30:43.349+0000] {logging_mixin.py:149} INFO - [2023-06-28T14:30:43.348+0000] {dagbag.py:541} INFO - Filling up the DagBag from /home/airflow/.local/lib/python3.7/site-packages/airflow/example_dags/example_local_kubernetes_executor.py
[2023-06-28T14:30:43.607+0000] {processor.py:836} INFO - DAG(s) dict_keys(['example_local_kubernetes_executor']) retrieved from /home/airflow/.local/lib/python3.7/site-packages/airflow/example_dags/example_local_kubernetes_executor.py
[2023-06-28T14:30:43.653+0000] {logging_mixin.py:149} INFO - [2023-06-28T14:30:43.653+0000] {dag.py:2726} INFO - Sync 1 DAGs
[2023-06-28T14:30:43.686+0000] {logging_mixin.py:149} INFO - [2023-06-28T14:30:43.686+0000] {dag.py:3490} INFO - Setting next_dagrun for example_local_kubernetes_executor to None, run_after=None
[2023-06-28T14:30:43.720+0000] {processor.py:179} INFO - Processing /home/airflow/.local/lib/python3.7/site-packages/airflow/example_dags/example_local_kubernetes_executor.py took 0.379 seconds
[2023-06-28T14:31:14.017+0000] {processor.py:157} INFO - Started process (PID=1756) to work on /home/airflow/.local/lib/python3.7/site-packages/airflow/example_dags/example_local_kubernetes_executor.py
[2023-06-28T14:31:14.019+0000] {processor.py:826} INFO - Processing file /home/airflow/.local/lib/python3.7/site-packages/airflow/example_dags/example_local_kubernetes_executor.py for tasks to queue
[2023-06-28T14:31:14.021+0000] {logging_mixin.py:149} INFO - [2023-06-28T14:31:14.020+0000] {dagbag.py:541} INFO - Filling up the DagBag from /home/airflow/.local/lib/python3.7/site-packages/airflow/example_dags/example_local_kubernetes_executor.py
[2023-06-28T14:31:14.374+0000] {processor.py:836} INFO - DAG(s) dict_keys(['example_local_kubernetes_executor']) retrieved from /home/airflow/.local/lib/python3.7/site-packages/airflow/example_dags/example_local_kubernetes_executor.py
[2023-06-28T14:31:14.421+0000] {logging_mixin.py:149} INFO - [2023-06-28T14:31:14.421+0000] {dag.py:2726} INFO - Sync 1 DAGs
[2023-06-28T14:31:14.455+0000] {logging_mixin.py:149} INFO - [2023-06-28T14:31:14.455+0000] {dag.py:3490} INFO - Setting next_dagrun for example_local_kubernetes_executor to None, run_after=None
[2023-06-28T14:31:14.489+0000] {processor.py:179} INFO - Processing /home/airflow/.local/lib/python3.7/site-packages/airflow/example_dags/example_local_kubernetes_executor.py took 0.478 seconds
[2023-06-28T14:31:45.411+0000] {processor.py:157} INFO - Started process (PID=1817) to work on /home/airflow/.local/lib/python3.7/site-packages/airflow/example_dags/example_local_kubernetes_executor.py
[2023-06-28T14:31:45.412+0000] {processor.py:826} INFO - Processing file /home/airflow/.local/lib/python3.7/site-packages/airflow/example_dags/example_local_kubernetes_executor.py for tasks to queue
[2023-06-28T14:31:45.413+0000] {logging_mixin.py:149} INFO - [2023-06-28T14:31:45.413+0000] {dagbag.py:541} INFO - Filling up the DagBag from /home/airflow/.local/lib/python3.7/site-packages/airflow/example_dags/example_local_kubernetes_executor.py
[2023-06-28T14:31:45.700+0000] {processor.py:836} INFO - DAG(s) dict_keys(['example_local_kubernetes_executor']) retrieved from /home/airflow/.local/lib/python3.7/site-packages/airflow/example_dags/example_local_kubernetes_executor.py
[2023-06-28T14:31:45.753+0000] {logging_mixin.py:149} INFO - [2023-06-28T14:31:45.753+0000] {dag.py:2726} INFO - Sync 1 DAGs
[2023-06-28T14:31:45.787+0000] {logging_mixin.py:149} INFO - [2023-06-28T14:31:45.787+0000] {dag.py:3490} INFO - Setting next_dagrun for example_local_kubernetes_executor to None, run_after=None
[2023-06-28T14:31:45.816+0000] {processor.py:179} INFO - Processing /home/airflow/.local/lib/python3.7/site-packages/airflow/example_dags/example_local_kubernetes_executor.py took 0.409 seconds
[2023-06-28T14:32:15.964+0000] {processor.py:157} INFO - Started process (PID=1876) to work on /home/airflow/.local/lib/python3.7/site-packages/airflow/example_dags/example_local_kubernetes_executor.py
[2023-06-28T14:32:15.965+0000] {processor.py:826} INFO - Processing file /home/airflow/.local/lib/python3.7/site-packages/airflow/example_dags/example_local_kubernetes_executor.py for tasks to queue
[2023-06-28T14:32:15.967+0000] {logging_mixin.py:149} INFO - [2023-06-28T14:32:15.966+0000] {dagbag.py:541} INFO - Filling up the DagBag from /home/airflow/.local/lib/python3.7/site-packages/airflow/example_dags/example_local_kubernetes_executor.py
[2023-06-28T14:32:16.229+0000] {processor.py:836} INFO - DAG(s) dict_keys(['example_local_kubernetes_executor']) retrieved from /home/airflow/.local/lib/python3.7/site-packages/airflow/example_dags/example_local_kubernetes_executor.py
[2023-06-28T14:32:16.276+0000] {logging_mixin.py:149} INFO - [2023-06-28T14:32:16.276+0000] {dag.py:2726} INFO - Sync 1 DAGs
[2023-06-28T14:32:16.311+0000] {logging_mixin.py:149} INFO - [2023-06-28T14:32:16.311+0000] {dag.py:3490} INFO - Setting next_dagrun for example_local_kubernetes_executor to None, run_after=None
[2023-06-28T14:32:16.343+0000] {processor.py:179} INFO - Processing /home/airflow/.local/lib/python3.7/site-packages/airflow/example_dags/example_local_kubernetes_executor.py took 0.383 seconds
[2023-06-28T14:32:47.265+0000] {processor.py:157} INFO - Started process (PID=1934) to work on /home/airflow/.local/lib/python3.7/site-packages/airflow/example_dags/example_local_kubernetes_executor.py
[2023-06-28T14:32:47.266+0000] {processor.py:826} INFO - Processing file /home/airflow/.local/lib/python3.7/site-packages/airflow/example_dags/example_local_kubernetes_executor.py for tasks to queue
[2023-06-28T14:32:47.268+0000] {logging_mixin.py:149} INFO - [2023-06-28T14:32:47.268+0000] {dagbag.py:541} INFO - Filling up the DagBag from /home/airflow/.local/lib/python3.7/site-packages/airflow/example_dags/example_local_kubernetes_executor.py
[2023-06-28T14:32:47.574+0000] {processor.py:836} INFO - DAG(s) dict_keys(['example_local_kubernetes_executor']) retrieved from /home/airflow/.local/lib/python3.7/site-packages/airflow/example_dags/example_local_kubernetes_executor.py
[2023-06-28T14:32:47.620+0000] {logging_mixin.py:149} INFO - [2023-06-28T14:32:47.619+0000] {dag.py:2726} INFO - Sync 1 DAGs
[2023-06-28T14:32:47.654+0000] {logging_mixin.py:149} INFO - [2023-06-28T14:32:47.654+0000] {dag.py:3490} INFO - Setting next_dagrun for example_local_kubernetes_executor to None, run_after=None
[2023-06-28T14:32:47.690+0000] {processor.py:179} INFO - Processing /home/airflow/.local/lib/python3.7/site-packages/airflow/example_dags/example_local_kubernetes_executor.py took 0.429 seconds
[2023-06-28T14:33:18.571+0000] {processor.py:157} INFO - Started process (PID=1992) to work on /home/airflow/.local/lib/python3.7/site-packages/airflow/example_dags/example_local_kubernetes_executor.py
[2023-06-28T14:33:18.572+0000] {processor.py:826} INFO - Processing file /home/airflow/.local/lib/python3.7/site-packages/airflow/example_dags/example_local_kubernetes_executor.py for tasks to queue
[2023-06-28T14:33:18.574+0000] {logging_mixin.py:149} INFO - [2023-06-28T14:33:18.573+0000] {dagbag.py:541} INFO - Filling up the DagBag from /home/airflow/.local/lib/python3.7/site-packages/airflow/example_dags/example_local_kubernetes_executor.py
[2023-06-28T14:33:18.839+0000] {processor.py:836} INFO - DAG(s) dict_keys(['example_local_kubernetes_executor']) retrieved from /home/airflow/.local/lib/python3.7/site-packages/airflow/example_dags/example_local_kubernetes_executor.py
[2023-06-28T14:33:18.884+0000] {logging_mixin.py:149} INFO - [2023-06-28T14:33:18.884+0000] {dag.py:2726} INFO - Sync 1 DAGs
[2023-06-28T14:33:18.918+0000] {logging_mixin.py:149} INFO - [2023-06-28T14:33:18.918+0000] {dag.py:3490} INFO - Setting next_dagrun for example_local_kubernetes_executor to None, run_after=None
[2023-06-28T14:33:19.067+0000] {processor.py:179} INFO - Processing /home/airflow/.local/lib/python3.7/site-packages/airflow/example_dags/example_local_kubernetes_executor.py took 0.500 seconds
[2023-06-28T14:33:49.164+0000] {processor.py:157} INFO - Started process (PID=2051) to work on /home/airflow/.local/lib/python3.7/site-packages/airflow/example_dags/example_local_kubernetes_executor.py
[2023-06-28T14:33:49.165+0000] {processor.py:826} INFO - Processing file /home/airflow/.local/lib/python3.7/site-packages/airflow/example_dags/example_local_kubernetes_executor.py for tasks to queue
[2023-06-28T14:33:49.166+0000] {logging_mixin.py:149} INFO - [2023-06-28T14:33:49.166+0000] {dagbag.py:541} INFO - Filling up the DagBag from /home/airflow/.local/lib/python3.7/site-packages/airflow/example_dags/example_local_kubernetes_executor.py
[2023-06-28T14:33:49.419+0000] {processor.py:836} INFO - DAG(s) dict_keys(['example_local_kubernetes_executor']) retrieved from /home/airflow/.local/lib/python3.7/site-packages/airflow/example_dags/example_local_kubernetes_executor.py
[2023-06-28T14:33:49.464+0000] {logging_mixin.py:149} INFO - [2023-06-28T14:33:49.464+0000] {dag.py:2726} INFO - Sync 1 DAGs
[2023-06-28T14:33:49.495+0000] {logging_mixin.py:149} INFO - [2023-06-28T14:33:49.495+0000] {dag.py:3490} INFO - Setting next_dagrun for example_local_kubernetes_executor to None, run_after=None
[2023-06-28T14:33:49.526+0000] {processor.py:179} INFO - Processing /home/airflow/.local/lib/python3.7/site-packages/airflow/example_dags/example_local_kubernetes_executor.py took 0.366 seconds
[2023-06-28T14:34:20.221+0000] {processor.py:157} INFO - Started process (PID=2110) to work on /home/airflow/.local/lib/python3.7/site-packages/airflow/example_dags/example_local_kubernetes_executor.py
[2023-06-28T14:34:20.224+0000] {processor.py:826} INFO - Processing file /home/airflow/.local/lib/python3.7/site-packages/airflow/example_dags/example_local_kubernetes_executor.py for tasks to queue
[2023-06-28T14:34:20.230+0000] {logging_mixin.py:149} INFO - [2023-06-28T14:34:20.229+0000] {dagbag.py:541} INFO - Filling up the DagBag from /home/airflow/.local/lib/python3.7/site-packages/airflow/example_dags/example_local_kubernetes_executor.py
[2023-06-28T14:34:20.585+0000] {processor.py:836} INFO - DAG(s) dict_keys(['example_local_kubernetes_executor']) retrieved from /home/airflow/.local/lib/python3.7/site-packages/airflow/example_dags/example_local_kubernetes_executor.py
[2023-06-28T14:34:20.630+0000] {logging_mixin.py:149} INFO - [2023-06-28T14:34:20.630+0000] {dag.py:2726} INFO - Sync 1 DAGs
[2023-06-28T14:34:20.662+0000] {logging_mixin.py:149} INFO - [2023-06-28T14:34:20.662+0000] {dag.py:3490} INFO - Setting next_dagrun for example_local_kubernetes_executor to None, run_after=None
[2023-06-28T14:34:20.697+0000] {processor.py:179} INFO - Processing /home/airflow/.local/lib/python3.7/site-packages/airflow/example_dags/example_local_kubernetes_executor.py took 0.481 seconds
[2023-06-28T14:34:51.492+0000] {processor.py:157} INFO - Started process (PID=2169) to work on /home/airflow/.local/lib/python3.7/site-packages/airflow/example_dags/example_local_kubernetes_executor.py
[2023-06-28T14:34:51.494+0000] {processor.py:826} INFO - Processing file /home/airflow/.local/lib/python3.7/site-packages/airflow/example_dags/example_local_kubernetes_executor.py for tasks to queue
[2023-06-28T14:34:51.496+0000] {logging_mixin.py:149} INFO - [2023-06-28T14:34:51.495+0000] {dagbag.py:541} INFO - Filling up the DagBag from /home/airflow/.local/lib/python3.7/site-packages/airflow/example_dags/example_local_kubernetes_executor.py
[2023-06-28T14:34:51.917+0000] {processor.py:836} INFO - DAG(s) dict_keys(['example_local_kubernetes_executor']) retrieved from /home/airflow/.local/lib/python3.7/site-packages/airflow/example_dags/example_local_kubernetes_executor.py
[2023-06-28T14:34:51.967+0000] {logging_mixin.py:149} INFO - [2023-06-28T14:34:51.967+0000] {dag.py:2726} INFO - Sync 1 DAGs
[2023-06-28T14:34:52.001+0000] {logging_mixin.py:149} INFO - [2023-06-28T14:34:52.001+0000] {dag.py:3490} INFO - Setting next_dagrun for example_local_kubernetes_executor to None, run_after=None
[2023-06-28T14:34:52.150+0000] {processor.py:179} INFO - Processing /home/airflow/.local/lib/python3.7/site-packages/airflow/example_dags/example_local_kubernetes_executor.py took 0.665 seconds
[2023-06-28T14:35:22.852+0000] {processor.py:157} INFO - Started process (PID=2230) to work on /home/airflow/.local/lib/python3.7/site-packages/airflow/example_dags/example_local_kubernetes_executor.py
[2023-06-28T14:35:22.854+0000] {processor.py:826} INFO - Processing file /home/airflow/.local/lib/python3.7/site-packages/airflow/example_dags/example_local_kubernetes_executor.py for tasks to queue
[2023-06-28T14:35:22.855+0000] {logging_mixin.py:149} INFO - [2023-06-28T14:35:22.855+0000] {dagbag.py:541} INFO - Filling up the DagBag from /home/airflow/.local/lib/python3.7/site-packages/airflow/example_dags/example_local_kubernetes_executor.py
[2023-06-28T14:35:23.178+0000] {processor.py:836} INFO - DAG(s) dict_keys(['example_local_kubernetes_executor']) retrieved from /home/airflow/.local/lib/python3.7/site-packages/airflow/example_dags/example_local_kubernetes_executor.py
[2023-06-28T14:35:23.349+0000] {logging_mixin.py:149} INFO - [2023-06-28T14:35:23.348+0000] {dag.py:2726} INFO - Sync 1 DAGs
[2023-06-28T14:35:23.378+0000] {logging_mixin.py:149} INFO - [2023-06-28T14:35:23.378+0000] {dag.py:3490} INFO - Setting next_dagrun for example_local_kubernetes_executor to None, run_after=None
[2023-06-28T14:35:23.406+0000] {processor.py:179} INFO - Processing /home/airflow/.local/lib/python3.7/site-packages/airflow/example_dags/example_local_kubernetes_executor.py took 0.559 seconds
[2023-06-28T14:35:53.513+0000] {processor.py:157} INFO - Started process (PID=2289) to work on /home/airflow/.local/lib/python3.7/site-packages/airflow/example_dags/example_local_kubernetes_executor.py
[2023-06-28T14:35:53.514+0000] {processor.py:826} INFO - Processing file /home/airflow/.local/lib/python3.7/site-packages/airflow/example_dags/example_local_kubernetes_executor.py for tasks to queue
[2023-06-28T14:35:53.515+0000] {logging_mixin.py:149} INFO - [2023-06-28T14:35:53.515+0000] {dagbag.py:541} INFO - Filling up the DagBag from /home/airflow/.local/lib/python3.7/site-packages/airflow/example_dags/example_local_kubernetes_executor.py
[2023-06-28T14:35:53.847+0000] {processor.py:836} INFO - DAG(s) dict_keys(['example_local_kubernetes_executor']) retrieved from /home/airflow/.local/lib/python3.7/site-packages/airflow/example_dags/example_local_kubernetes_executor.py
[2023-06-28T14:35:53.892+0000] {logging_mixin.py:149} INFO - [2023-06-28T14:35:53.891+0000] {dag.py:2726} INFO - Sync 1 DAGs
[2023-06-28T14:35:54.045+0000] {logging_mixin.py:149} INFO - [2023-06-28T14:35:54.045+0000] {dag.py:3490} INFO - Setting next_dagrun for example_local_kubernetes_executor to None, run_after=None
[2023-06-28T14:35:54.087+0000] {processor.py:179} INFO - Processing /home/airflow/.local/lib/python3.7/site-packages/airflow/example_dags/example_local_kubernetes_executor.py took 0.579 seconds
[2023-06-28T14:36:24.271+0000] {processor.py:157} INFO - Started process (PID=2349) to work on /home/airflow/.local/lib/python3.7/site-packages/airflow/example_dags/example_local_kubernetes_executor.py
[2023-06-28T14:36:24.272+0000] {processor.py:826} INFO - Processing file /home/airflow/.local/lib/python3.7/site-packages/airflow/example_dags/example_local_kubernetes_executor.py for tasks to queue
[2023-06-28T14:36:24.274+0000] {logging_mixin.py:149} INFO - [2023-06-28T14:36:24.273+0000] {dagbag.py:541} INFO - Filling up the DagBag from /home/airflow/.local/lib/python3.7/site-packages/airflow/example_dags/example_local_kubernetes_executor.py
[2023-06-28T14:36:24.595+0000] {processor.py:836} INFO - DAG(s) dict_keys(['example_local_kubernetes_executor']) retrieved from /home/airflow/.local/lib/python3.7/site-packages/airflow/example_dags/example_local_kubernetes_executor.py
[2023-06-28T14:36:24.641+0000] {logging_mixin.py:149} INFO - [2023-06-28T14:36:24.640+0000] {dag.py:2726} INFO - Sync 1 DAGs
[2023-06-28T14:36:24.672+0000] {logging_mixin.py:149} INFO - [2023-06-28T14:36:24.672+0000] {dag.py:3490} INFO - Setting next_dagrun for example_local_kubernetes_executor to None, run_after=None
[2023-06-28T14:36:24.831+0000] {processor.py:179} INFO - Processing /home/airflow/.local/lib/python3.7/site-packages/airflow/example_dags/example_local_kubernetes_executor.py took 0.565 seconds
[2023-06-28T14:36:54.879+0000] {processor.py:157} INFO - Started process (PID=2415) to work on /home/airflow/.local/lib/python3.7/site-packages/airflow/example_dags/example_local_kubernetes_executor.py
[2023-06-28T14:36:54.880+0000] {processor.py:826} INFO - Processing file /home/airflow/.local/lib/python3.7/site-packages/airflow/example_dags/example_local_kubernetes_executor.py for tasks to queue
[2023-06-28T14:36:54.881+0000] {logging_mixin.py:149} INFO - [2023-06-28T14:36:54.881+0000] {dagbag.py:541} INFO - Filling up the DagBag from /home/airflow/.local/lib/python3.7/site-packages/airflow/example_dags/example_local_kubernetes_executor.py
[2023-06-28T14:36:55.203+0000] {processor.py:836} INFO - DAG(s) dict_keys(['example_local_kubernetes_executor']) retrieved from /home/airflow/.local/lib/python3.7/site-packages/airflow/example_dags/example_local_kubernetes_executor.py
[2023-06-28T14:36:55.416+0000] {logging_mixin.py:149} INFO - [2023-06-28T14:36:55.416+0000] {dag.py:2726} INFO - Sync 1 DAGs
[2023-06-28T14:36:55.451+0000] {logging_mixin.py:149} INFO - [2023-06-28T14:36:55.451+0000] {dag.py:3490} INFO - Setting next_dagrun for example_local_kubernetes_executor to None, run_after=None
[2023-06-28T14:36:55.487+0000] {processor.py:179} INFO - Processing /home/airflow/.local/lib/python3.7/site-packages/airflow/example_dags/example_local_kubernetes_executor.py took 0.613 seconds
[2023-06-28T14:37:25.591+0000] {processor.py:157} INFO - Started process (PID=2474) to work on /home/airflow/.local/lib/python3.7/site-packages/airflow/example_dags/example_local_kubernetes_executor.py
[2023-06-28T14:37:25.593+0000] {processor.py:826} INFO - Processing file /home/airflow/.local/lib/python3.7/site-packages/airflow/example_dags/example_local_kubernetes_executor.py for tasks to queue
[2023-06-28T14:37:25.595+0000] {logging_mixin.py:149} INFO - [2023-06-28T14:37:25.595+0000] {dagbag.py:541} INFO - Filling up the DagBag from /home/airflow/.local/lib/python3.7/site-packages/airflow/example_dags/example_local_kubernetes_executor.py
[2023-06-28T14:37:25.989+0000] {processor.py:836} INFO - DAG(s) dict_keys(['example_local_kubernetes_executor']) retrieved from /home/airflow/.local/lib/python3.7/site-packages/airflow/example_dags/example_local_kubernetes_executor.py
[2023-06-28T14:37:26.041+0000] {logging_mixin.py:149} INFO - [2023-06-28T14:37:26.041+0000] {dag.py:2726} INFO - Sync 1 DAGs
[2023-06-28T14:37:26.251+0000] {logging_mixin.py:149} INFO - [2023-06-28T14:37:26.251+0000] {dag.py:3490} INFO - Setting next_dagrun for example_local_kubernetes_executor to None, run_after=None
[2023-06-28T14:37:26.293+0000] {processor.py:179} INFO - Processing /home/airflow/.local/lib/python3.7/site-packages/airflow/example_dags/example_local_kubernetes_executor.py took 0.709 seconds
[2023-06-28T14:37:56.898+0000] {processor.py:157} INFO - Started process (PID=2534) to work on /home/airflow/.local/lib/python3.7/site-packages/airflow/example_dags/example_local_kubernetes_executor.py
[2023-06-28T14:37:56.900+0000] {processor.py:826} INFO - Processing file /home/airflow/.local/lib/python3.7/site-packages/airflow/example_dags/example_local_kubernetes_executor.py for tasks to queue
[2023-06-28T14:37:56.902+0000] {logging_mixin.py:149} INFO - [2023-06-28T14:37:56.901+0000] {dagbag.py:541} INFO - Filling up the DagBag from /home/airflow/.local/lib/python3.7/site-packages/airflow/example_dags/example_local_kubernetes_executor.py
[2023-06-28T14:37:57.340+0000] {processor.py:836} INFO - DAG(s) dict_keys(['example_local_kubernetes_executor']) retrieved from /home/airflow/.local/lib/python3.7/site-packages/airflow/example_dags/example_local_kubernetes_executor.py
[2023-06-28T14:37:57.390+0000] {logging_mixin.py:149} INFO - [2023-06-28T14:37:57.390+0000] {dag.py:2726} INFO - Sync 1 DAGs
[2023-06-28T14:37:57.424+0000] {logging_mixin.py:149} INFO - [2023-06-28T14:37:57.424+0000] {dag.py:3490} INFO - Setting next_dagrun for example_local_kubernetes_executor to None, run_after=None
[2023-06-28T14:37:57.453+0000] {processor.py:179} INFO - Processing /home/airflow/.local/lib/python3.7/site-packages/airflow/example_dags/example_local_kubernetes_executor.py took 0.562 seconds
[2023-06-28T14:38:27.981+0000] {processor.py:157} INFO - Started process (PID=2593) to work on /home/airflow/.local/lib/python3.7/site-packages/airflow/example_dags/example_local_kubernetes_executor.py
[2023-06-28T14:38:27.984+0000] {processor.py:826} INFO - Processing file /home/airflow/.local/lib/python3.7/site-packages/airflow/example_dags/example_local_kubernetes_executor.py for tasks to queue
[2023-06-28T14:38:27.995+0000] {logging_mixin.py:149} INFO - [2023-06-28T14:38:27.995+0000] {dagbag.py:541} INFO - Filling up the DagBag from /home/airflow/.local/lib/python3.7/site-packages/airflow/example_dags/example_local_kubernetes_executor.py
[2023-06-28T14:38:28.565+0000] {processor.py:836} INFO - DAG(s) dict_keys(['example_local_kubernetes_executor']) retrieved from /home/airflow/.local/lib/python3.7/site-packages/airflow/example_dags/example_local_kubernetes_executor.py
[2023-06-28T14:38:28.782+0000] {logging_mixin.py:149} INFO - [2023-06-28T14:38:28.781+0000] {dag.py:2726} INFO - Sync 1 DAGs
[2023-06-28T14:38:28.814+0000] {logging_mixin.py:149} INFO - [2023-06-28T14:38:28.814+0000] {dag.py:3490} INFO - Setting next_dagrun for example_local_kubernetes_executor to None, run_after=None
[2023-06-28T14:38:28.845+0000] {processor.py:179} INFO - Processing /home/airflow/.local/lib/python3.7/site-packages/airflow/example_dags/example_local_kubernetes_executor.py took 0.877 seconds
[2023-06-28T14:38:59.623+0000] {processor.py:157} INFO - Started process (PID=2654) to work on /home/airflow/.local/lib/python3.7/site-packages/airflow/example_dags/example_local_kubernetes_executor.py
[2023-06-28T14:38:59.624+0000] {processor.py:826} INFO - Processing file /home/airflow/.local/lib/python3.7/site-packages/airflow/example_dags/example_local_kubernetes_executor.py for tasks to queue
[2023-06-28T14:38:59.626+0000] {logging_mixin.py:149} INFO - [2023-06-28T14:38:59.626+0000] {dagbag.py:541} INFO - Filling up the DagBag from /home/airflow/.local/lib/python3.7/site-packages/airflow/example_dags/example_local_kubernetes_executor.py
[2023-06-28T14:38:59.908+0000] {processor.py:836} INFO - DAG(s) dict_keys(['example_local_kubernetes_executor']) retrieved from /home/airflow/.local/lib/python3.7/site-packages/airflow/example_dags/example_local_kubernetes_executor.py
[2023-06-28T14:39:00.024+0000] {logging_mixin.py:149} INFO - [2023-06-28T14:39:00.023+0000] {dag.py:2726} INFO - Sync 1 DAGs
[2023-06-28T14:39:00.215+0000] {logging_mixin.py:149} INFO - [2023-06-28T14:39:00.215+0000] {dag.py:3490} INFO - Setting next_dagrun for example_local_kubernetes_executor to None, run_after=None
[2023-06-28T14:39:00.271+0000] {processor.py:179} INFO - Processing /home/airflow/.local/lib/python3.7/site-packages/airflow/example_dags/example_local_kubernetes_executor.py took 0.654 seconds
[2023-06-28T14:39:30.424+0000] {processor.py:157} INFO - Started process (PID=2713) to work on /home/airflow/.local/lib/python3.7/site-packages/airflow/example_dags/example_local_kubernetes_executor.py
[2023-06-28T14:39:30.426+0000] {processor.py:826} INFO - Processing file /home/airflow/.local/lib/python3.7/site-packages/airflow/example_dags/example_local_kubernetes_executor.py for tasks to queue
[2023-06-28T14:39:30.438+0000] {logging_mixin.py:149} INFO - [2023-06-28T14:39:30.431+0000] {dagbag.py:541} INFO - Filling up the DagBag from /home/airflow/.local/lib/python3.7/site-packages/airflow/example_dags/example_local_kubernetes_executor.py
[2023-06-28T14:39:31.052+0000] {processor.py:836} INFO - DAG(s) dict_keys(['example_local_kubernetes_executor']) retrieved from /home/airflow/.local/lib/python3.7/site-packages/airflow/example_dags/example_local_kubernetes_executor.py
[2023-06-28T14:39:31.110+0000] {logging_mixin.py:149} INFO - [2023-06-28T14:39:31.110+0000] {dag.py:2726} INFO - Sync 1 DAGs
[2023-06-28T14:39:31.152+0000] {logging_mixin.py:149} INFO - [2023-06-28T14:39:31.152+0000] {dag.py:3490} INFO - Setting next_dagrun for example_local_kubernetes_executor to None, run_after=None
[2023-06-28T14:39:31.193+0000] {processor.py:179} INFO - Processing /home/airflow/.local/lib/python3.7/site-packages/airflow/example_dags/example_local_kubernetes_executor.py took 0.787 seconds
[2023-06-28T14:40:02.438+0000] {processor.py:157} INFO - Started process (PID=2776) to work on /home/airflow/.local/lib/python3.7/site-packages/airflow/example_dags/example_local_kubernetes_executor.py
[2023-06-28T14:40:02.440+0000] {processor.py:826} INFO - Processing file /home/airflow/.local/lib/python3.7/site-packages/airflow/example_dags/example_local_kubernetes_executor.py for tasks to queue
[2023-06-28T14:40:02.442+0000] {logging_mixin.py:149} INFO - [2023-06-28T14:40:02.441+0000] {dagbag.py:541} INFO - Filling up the DagBag from /home/airflow/.local/lib/python3.7/site-packages/airflow/example_dags/example_local_kubernetes_executor.py
[2023-06-28T14:40:02.772+0000] {processor.py:836} INFO - DAG(s) dict_keys(['example_local_kubernetes_executor']) retrieved from /home/airflow/.local/lib/python3.7/site-packages/airflow/example_dags/example_local_kubernetes_executor.py
[2023-06-28T14:40:02.962+0000] {logging_mixin.py:149} INFO - [2023-06-28T14:40:02.962+0000] {dag.py:2726} INFO - Sync 1 DAGs
[2023-06-28T14:40:02.997+0000] {logging_mixin.py:149} INFO - [2023-06-28T14:40:02.997+0000] {dag.py:3490} INFO - Setting next_dagrun for example_local_kubernetes_executor to None, run_after=None
[2023-06-28T14:40:03.031+0000] {processor.py:179} INFO - Processing /home/airflow/.local/lib/python3.7/site-packages/airflow/example_dags/example_local_kubernetes_executor.py took 0.599 seconds
[2023-06-28T14:40:34.006+0000] {processor.py:157} INFO - Started process (PID=2839) to work on /home/airflow/.local/lib/python3.7/site-packages/airflow/example_dags/example_local_kubernetes_executor.py
[2023-06-28T14:40:34.007+0000] {processor.py:826} INFO - Processing file /home/airflow/.local/lib/python3.7/site-packages/airflow/example_dags/example_local_kubernetes_executor.py for tasks to queue
[2023-06-28T14:40:34.008+0000] {logging_mixin.py:149} INFO - [2023-06-28T14:40:34.008+0000] {dagbag.py:541} INFO - Filling up the DagBag from /home/airflow/.local/lib/python3.7/site-packages/airflow/example_dags/example_local_kubernetes_executor.py
[2023-06-28T14:40:34.410+0000] {processor.py:836} INFO - DAG(s) dict_keys(['example_local_kubernetes_executor']) retrieved from /home/airflow/.local/lib/python3.7/site-packages/airflow/example_dags/example_local_kubernetes_executor.py
[2023-06-28T14:40:34.452+0000] {logging_mixin.py:149} INFO - [2023-06-28T14:40:34.452+0000] {dag.py:2726} INFO - Sync 1 DAGs
[2023-06-28T14:40:34.484+0000] {logging_mixin.py:149} INFO - [2023-06-28T14:40:34.483+0000] {dag.py:3490} INFO - Setting next_dagrun for example_local_kubernetes_executor to None, run_after=None
[2023-06-28T14:40:34.514+0000] {processor.py:179} INFO - Processing /home/airflow/.local/lib/python3.7/site-packages/airflow/example_dags/example_local_kubernetes_executor.py took 0.512 seconds
[2023-06-28T14:41:05.325+0000] {processor.py:157} INFO - Started process (PID=2900) to work on /home/airflow/.local/lib/python3.7/site-packages/airflow/example_dags/example_local_kubernetes_executor.py
[2023-06-28T14:41:05.327+0000] {processor.py:826} INFO - Processing file /home/airflow/.local/lib/python3.7/site-packages/airflow/example_dags/example_local_kubernetes_executor.py for tasks to queue
[2023-06-28T14:41:05.328+0000] {logging_mixin.py:149} INFO - [2023-06-28T14:41:05.328+0000] {dagbag.py:541} INFO - Filling up the DagBag from /home/airflow/.local/lib/python3.7/site-packages/airflow/example_dags/example_local_kubernetes_executor.py
[2023-06-28T14:41:05.715+0000] {processor.py:836} INFO - DAG(s) dict_keys(['example_local_kubernetes_executor']) retrieved from /home/airflow/.local/lib/python3.7/site-packages/airflow/example_dags/example_local_kubernetes_executor.py
[2023-06-28T14:41:05.884+0000] {logging_mixin.py:149} INFO - [2023-06-28T14:41:05.884+0000] {dag.py:2726} INFO - Sync 1 DAGs
[2023-06-28T14:41:05.914+0000] {logging_mixin.py:149} INFO - [2023-06-28T14:41:05.914+0000] {dag.py:3490} INFO - Setting next_dagrun for example_local_kubernetes_executor to None, run_after=None
[2023-06-28T14:41:05.945+0000] {processor.py:179} INFO - Processing /home/airflow/.local/lib/python3.7/site-packages/airflow/example_dags/example_local_kubernetes_executor.py took 0.624 seconds
[2023-06-28T14:41:37.060+0000] {processor.py:157} INFO - Started process (PID=2964) to work on /home/airflow/.local/lib/python3.7/site-packages/airflow/example_dags/example_local_kubernetes_executor.py
[2023-06-28T14:41:37.061+0000] {processor.py:826} INFO - Processing file /home/airflow/.local/lib/python3.7/site-packages/airflow/example_dags/example_local_kubernetes_executor.py for tasks to queue
[2023-06-28T14:41:37.063+0000] {logging_mixin.py:149} INFO - [2023-06-28T14:41:37.062+0000] {dagbag.py:541} INFO - Filling up the DagBag from /home/airflow/.local/lib/python3.7/site-packages/airflow/example_dags/example_local_kubernetes_executor.py
[2023-06-28T14:41:37.549+0000] {processor.py:836} INFO - DAG(s) dict_keys(['example_local_kubernetes_executor']) retrieved from /home/airflow/.local/lib/python3.7/site-packages/airflow/example_dags/example_local_kubernetes_executor.py
[2023-06-28T14:41:37.595+0000] {logging_mixin.py:149} INFO - [2023-06-28T14:41:37.595+0000] {dag.py:2726} INFO - Sync 1 DAGs
[2023-06-28T14:41:37.627+0000] {logging_mixin.py:149} INFO - [2023-06-28T14:41:37.627+0000] {dag.py:3490} INFO - Setting next_dagrun for example_local_kubernetes_executor to None, run_after=None
[2023-06-28T14:41:37.657+0000] {processor.py:179} INFO - Processing /home/airflow/.local/lib/python3.7/site-packages/airflow/example_dags/example_local_kubernetes_executor.py took 0.603 seconds
[2023-06-28T14:42:08.804+0000] {processor.py:157} INFO - Started process (PID=3026) to work on /home/airflow/.local/lib/python3.7/site-packages/airflow/example_dags/example_local_kubernetes_executor.py
[2023-06-28T14:42:08.805+0000] {processor.py:826} INFO - Processing file /home/airflow/.local/lib/python3.7/site-packages/airflow/example_dags/example_local_kubernetes_executor.py for tasks to queue
[2023-06-28T14:42:08.806+0000] {logging_mixin.py:149} INFO - [2023-06-28T14:42:08.806+0000] {dagbag.py:541} INFO - Filling up the DagBag from /home/airflow/.local/lib/python3.7/site-packages/airflow/example_dags/example_local_kubernetes_executor.py
[2023-06-28T14:42:09.189+0000] {processor.py:836} INFO - DAG(s) dict_keys(['example_local_kubernetes_executor']) retrieved from /home/airflow/.local/lib/python3.7/site-packages/airflow/example_dags/example_local_kubernetes_executor.py
[2023-06-28T14:42:09.239+0000] {logging_mixin.py:149} INFO - [2023-06-28T14:42:09.239+0000] {dag.py:2726} INFO - Sync 1 DAGs
[2023-06-28T14:42:09.271+0000] {logging_mixin.py:149} INFO - [2023-06-28T14:42:09.271+0000] {dag.py:3490} INFO - Setting next_dagrun for example_local_kubernetes_executor to None, run_after=None
[2023-06-28T14:42:09.309+0000] {processor.py:179} INFO - Processing /home/airflow/.local/lib/python3.7/site-packages/airflow/example_dags/example_local_kubernetes_executor.py took 0.509 seconds
[2023-06-28T14:42:39.501+0000] {processor.py:157} INFO - Started process (PID=3085) to work on /home/airflow/.local/lib/python3.7/site-packages/airflow/example_dags/example_local_kubernetes_executor.py
[2023-06-28T14:42:39.502+0000] {processor.py:826} INFO - Processing file /home/airflow/.local/lib/python3.7/site-packages/airflow/example_dags/example_local_kubernetes_executor.py for tasks to queue
[2023-06-28T14:42:39.503+0000] {logging_mixin.py:149} INFO - [2023-06-28T14:42:39.503+0000] {dagbag.py:541} INFO - Filling up the DagBag from /home/airflow/.local/lib/python3.7/site-packages/airflow/example_dags/example_local_kubernetes_executor.py
[2023-06-28T14:42:39.900+0000] {processor.py:836} INFO - DAG(s) dict_keys(['example_local_kubernetes_executor']) retrieved from /home/airflow/.local/lib/python3.7/site-packages/airflow/example_dags/example_local_kubernetes_executor.py
[2023-06-28T14:42:39.951+0000] {logging_mixin.py:149} INFO - [2023-06-28T14:42:39.951+0000] {dag.py:2726} INFO - Sync 1 DAGs
[2023-06-28T14:42:39.983+0000] {logging_mixin.py:149} INFO - [2023-06-28T14:42:39.983+0000] {dag.py:3490} INFO - Setting next_dagrun for example_local_kubernetes_executor to None, run_after=None
[2023-06-28T14:42:40.019+0000] {processor.py:179} INFO - Processing /home/airflow/.local/lib/python3.7/site-packages/airflow/example_dags/example_local_kubernetes_executor.py took 0.522 seconds
[2023-06-28T14:43:10.962+0000] {processor.py:157} INFO - Started process (PID=3147) to work on /home/airflow/.local/lib/python3.7/site-packages/airflow/example_dags/example_local_kubernetes_executor.py
[2023-06-28T14:43:10.964+0000] {processor.py:826} INFO - Processing file /home/airflow/.local/lib/python3.7/site-packages/airflow/example_dags/example_local_kubernetes_executor.py for tasks to queue
[2023-06-28T14:43:10.965+0000] {logging_mixin.py:149} INFO - [2023-06-28T14:43:10.965+0000] {dagbag.py:541} INFO - Filling up the DagBag from /home/airflow/.local/lib/python3.7/site-packages/airflow/example_dags/example_local_kubernetes_executor.py
[2023-06-28T14:43:11.665+0000] {processor.py:836} INFO - DAG(s) dict_keys(['example_local_kubernetes_executor']) retrieved from /home/airflow/.local/lib/python3.7/site-packages/airflow/example_dags/example_local_kubernetes_executor.py
[2023-06-28T14:43:11.749+0000] {logging_mixin.py:149} INFO - [2023-06-28T14:43:11.749+0000] {dag.py:2726} INFO - Sync 1 DAGs
[2023-06-28T14:43:11.797+0000] {logging_mixin.py:149} INFO - [2023-06-28T14:43:11.797+0000] {dag.py:3490} INFO - Setting next_dagrun for example_local_kubernetes_executor to None, run_after=None
[2023-06-28T14:43:11.868+0000] {processor.py:179} INFO - Processing /home/airflow/.local/lib/python3.7/site-packages/airflow/example_dags/example_local_kubernetes_executor.py took 0.911 seconds
[2023-06-28T14:43:42.519+0000] {processor.py:157} INFO - Started process (PID=3206) to work on /home/airflow/.local/lib/python3.7/site-packages/airflow/example_dags/example_local_kubernetes_executor.py
[2023-06-28T14:43:42.521+0000] {processor.py:826} INFO - Processing file /home/airflow/.local/lib/python3.7/site-packages/airflow/example_dags/example_local_kubernetes_executor.py for tasks to queue
[2023-06-28T14:43:42.528+0000] {logging_mixin.py:149} INFO - [2023-06-28T14:43:42.527+0000] {dagbag.py:541} INFO - Filling up the DagBag from /home/airflow/.local/lib/python3.7/site-packages/airflow/example_dags/example_local_kubernetes_executor.py
[2023-06-28T14:43:44.026+0000] {processor.py:836} INFO - DAG(s) dict_keys(['example_local_kubernetes_executor']) retrieved from /home/airflow/.local/lib/python3.7/site-packages/airflow/example_dags/example_local_kubernetes_executor.py
[2023-06-28T14:43:44.122+0000] {logging_mixin.py:149} INFO - [2023-06-28T14:43:44.122+0000] {dag.py:2726} INFO - Sync 1 DAGs
[2023-06-28T14:43:44.208+0000] {logging_mixin.py:149} INFO - [2023-06-28T14:43:44.207+0000] {dag.py:3490} INFO - Setting next_dagrun for example_local_kubernetes_executor to None, run_after=None
[2023-06-28T14:43:44.312+0000] {processor.py:179} INFO - Processing /home/airflow/.local/lib/python3.7/site-packages/airflow/example_dags/example_local_kubernetes_executor.py took 1.810 seconds
[2023-06-28T14:44:14.704+0000] {processor.py:157} INFO - Started process (PID=3265) to work on /home/airflow/.local/lib/python3.7/site-packages/airflow/example_dags/example_local_kubernetes_executor.py
[2023-06-28T14:44:14.716+0000] {processor.py:826} INFO - Processing file /home/airflow/.local/lib/python3.7/site-packages/airflow/example_dags/example_local_kubernetes_executor.py for tasks to queue
[2023-06-28T14:44:14.718+0000] {logging_mixin.py:149} INFO - [2023-06-28T14:44:14.718+0000] {dagbag.py:541} INFO - Filling up the DagBag from /home/airflow/.local/lib/python3.7/site-packages/airflow/example_dags/example_local_kubernetes_executor.py
[2023-06-28T14:44:16.446+0000] {processor.py:836} INFO - DAG(s) dict_keys(['example_local_kubernetes_executor']) retrieved from /home/airflow/.local/lib/python3.7/site-packages/airflow/example_dags/example_local_kubernetes_executor.py
[2023-06-28T14:44:16.539+0000] {logging_mixin.py:149} INFO - [2023-06-28T14:44:16.538+0000] {dag.py:2726} INFO - Sync 1 DAGs
[2023-06-28T14:44:16.681+0000] {logging_mixin.py:149} INFO - [2023-06-28T14:44:16.680+0000] {dag.py:3490} INFO - Setting next_dagrun for example_local_kubernetes_executor to None, run_after=None
[2023-06-28T14:44:16.828+0000] {processor.py:179} INFO - Processing /home/airflow/.local/lib/python3.7/site-packages/airflow/example_dags/example_local_kubernetes_executor.py took 2.138 seconds
[2023-06-28T14:44:47.521+0000] {processor.py:157} INFO - Started process (PID=3326) to work on /home/airflow/.local/lib/python3.7/site-packages/airflow/example_dags/example_local_kubernetes_executor.py
[2023-06-28T14:44:47.522+0000] {processor.py:826} INFO - Processing file /home/airflow/.local/lib/python3.7/site-packages/airflow/example_dags/example_local_kubernetes_executor.py for tasks to queue
[2023-06-28T14:44:47.523+0000] {logging_mixin.py:149} INFO - [2023-06-28T14:44:47.523+0000] {dagbag.py:541} INFO - Filling up the DagBag from /home/airflow/.local/lib/python3.7/site-packages/airflow/example_dags/example_local_kubernetes_executor.py
[2023-06-28T14:44:48.029+0000] {processor.py:836} INFO - DAG(s) dict_keys(['example_local_kubernetes_executor']) retrieved from /home/airflow/.local/lib/python3.7/site-packages/airflow/example_dags/example_local_kubernetes_executor.py
[2023-06-28T14:44:48.077+0000] {logging_mixin.py:149} INFO - [2023-06-28T14:44:48.077+0000] {dag.py:2726} INFO - Sync 1 DAGs
[2023-06-28T14:44:48.143+0000] {logging_mixin.py:149} INFO - [2023-06-28T14:44:48.142+0000] {dag.py:3490} INFO - Setting next_dagrun for example_local_kubernetes_executor to None, run_after=None
[2023-06-28T14:44:48.175+0000] {processor.py:179} INFO - Processing /home/airflow/.local/lib/python3.7/site-packages/airflow/example_dags/example_local_kubernetes_executor.py took 0.658 seconds
[2023-06-28T14:45:18.515+0000] {processor.py:157} INFO - Started process (PID=3385) to work on /home/airflow/.local/lib/python3.7/site-packages/airflow/example_dags/example_local_kubernetes_executor.py
[2023-06-28T14:45:18.517+0000] {processor.py:826} INFO - Processing file /home/airflow/.local/lib/python3.7/site-packages/airflow/example_dags/example_local_kubernetes_executor.py for tasks to queue
[2023-06-28T14:45:18.518+0000] {logging_mixin.py:149} INFO - [2023-06-28T14:45:18.518+0000] {dagbag.py:541} INFO - Filling up the DagBag from /home/airflow/.local/lib/python3.7/site-packages/airflow/example_dags/example_local_kubernetes_executor.py
[2023-06-28T14:45:19.413+0000] {processor.py:836} INFO - DAG(s) dict_keys(['example_local_kubernetes_executor']) retrieved from /home/airflow/.local/lib/python3.7/site-packages/airflow/example_dags/example_local_kubernetes_executor.py
[2023-06-28T14:45:19.579+0000] {logging_mixin.py:149} INFO - [2023-06-28T14:45:19.579+0000] {dag.py:2726} INFO - Sync 1 DAGs
[2023-06-28T14:45:19.697+0000] {logging_mixin.py:149} INFO - [2023-06-28T14:45:19.697+0000] {dag.py:3490} INFO - Setting next_dagrun for example_local_kubernetes_executor to None, run_after=None
[2023-06-28T14:45:19.787+0000] {processor.py:179} INFO - Processing /home/airflow/.local/lib/python3.7/site-packages/airflow/example_dags/example_local_kubernetes_executor.py took 1.284 seconds
[2023-06-28T14:45:49.931+0000] {processor.py:157} INFO - Started process (PID=3448) to work on /home/airflow/.local/lib/python3.7/site-packages/airflow/example_dags/example_local_kubernetes_executor.py
[2023-06-28T14:45:49.932+0000] {processor.py:826} INFO - Processing file /home/airflow/.local/lib/python3.7/site-packages/airflow/example_dags/example_local_kubernetes_executor.py for tasks to queue
[2023-06-28T14:45:49.933+0000] {logging_mixin.py:149} INFO - [2023-06-28T14:45:49.933+0000] {dagbag.py:541} INFO - Filling up the DagBag from /home/airflow/.local/lib/python3.7/site-packages/airflow/example_dags/example_local_kubernetes_executor.py
[2023-06-28T14:45:50.633+0000] {processor.py:836} INFO - DAG(s) dict_keys(['example_local_kubernetes_executor']) retrieved from /home/airflow/.local/lib/python3.7/site-packages/airflow/example_dags/example_local_kubernetes_executor.py
[2023-06-28T14:45:50.716+0000] {logging_mixin.py:149} INFO - [2023-06-28T14:45:50.715+0000] {dag.py:2726} INFO - Sync 1 DAGs
[2023-06-28T14:45:50.767+0000] {logging_mixin.py:149} INFO - [2023-06-28T14:45:50.767+0000] {dag.py:3490} INFO - Setting next_dagrun for example_local_kubernetes_executor to None, run_after=None
[2023-06-28T14:45:50.801+0000] {processor.py:179} INFO - Processing /home/airflow/.local/lib/python3.7/site-packages/airflow/example_dags/example_local_kubernetes_executor.py took 0.875 seconds
[2023-06-28T14:46:20.869+0000] {processor.py:157} INFO - Started process (PID=3509) to work on /home/airflow/.local/lib/python3.7/site-packages/airflow/example_dags/example_local_kubernetes_executor.py
[2023-06-28T14:46:20.871+0000] {processor.py:826} INFO - Processing file /home/airflow/.local/lib/python3.7/site-packages/airflow/example_dags/example_local_kubernetes_executor.py for tasks to queue
[2023-06-28T14:46:20.872+0000] {logging_mixin.py:149} INFO - [2023-06-28T14:46:20.872+0000] {dagbag.py:541} INFO - Filling up the DagBag from /home/airflow/.local/lib/python3.7/site-packages/airflow/example_dags/example_local_kubernetes_executor.py
[2023-06-28T14:46:21.544+0000] {processor.py:836} INFO - DAG(s) dict_keys(['example_local_kubernetes_executor']) retrieved from /home/airflow/.local/lib/python3.7/site-packages/airflow/example_dags/example_local_kubernetes_executor.py
[2023-06-28T14:46:21.663+0000] {logging_mixin.py:149} INFO - [2023-06-28T14:46:21.662+0000] {dag.py:2726} INFO - Sync 1 DAGs
[2023-06-28T14:46:21.891+0000] {logging_mixin.py:149} INFO - [2023-06-28T14:46:21.891+0000] {dag.py:3490} INFO - Setting next_dagrun for example_local_kubernetes_executor to None, run_after=None
[2023-06-28T14:46:22.008+0000] {processor.py:179} INFO - Processing /home/airflow/.local/lib/python3.7/site-packages/airflow/example_dags/example_local_kubernetes_executor.py took 1.147 seconds
[2023-06-28T14:46:52.289+0000] {processor.py:157} INFO - Started process (PID=3569) to work on /home/airflow/.local/lib/python3.7/site-packages/airflow/example_dags/example_local_kubernetes_executor.py
[2023-06-28T14:46:52.291+0000] {processor.py:826} INFO - Processing file /home/airflow/.local/lib/python3.7/site-packages/airflow/example_dags/example_local_kubernetes_executor.py for tasks to queue
[2023-06-28T14:46:52.293+0000] {logging_mixin.py:149} INFO - [2023-06-28T14:46:52.292+0000] {dagbag.py:541} INFO - Filling up the DagBag from /home/airflow/.local/lib/python3.7/site-packages/airflow/example_dags/example_local_kubernetes_executor.py
[2023-06-28T14:46:54.289+0000] {processor.py:836} INFO - DAG(s) dict_keys(['example_local_kubernetes_executor']) retrieved from /home/airflow/.local/lib/python3.7/site-packages/airflow/example_dags/example_local_kubernetes_executor.py
[2023-06-28T14:46:54.509+0000] {logging_mixin.py:149} INFO - [2023-06-28T14:46:54.508+0000] {dag.py:2726} INFO - Sync 1 DAGs
[2023-06-28T14:46:54.627+0000] {logging_mixin.py:149} INFO - [2023-06-28T14:46:54.627+0000] {dag.py:3490} INFO - Setting next_dagrun for example_local_kubernetes_executor to None, run_after=None
[2023-06-28T14:46:54.731+0000] {processor.py:179} INFO - Processing /home/airflow/.local/lib/python3.7/site-packages/airflow/example_dags/example_local_kubernetes_executor.py took 2.472 seconds
[2023-06-28T14:47:24.970+0000] {processor.py:157} INFO - Started process (PID=3632) to work on /home/airflow/.local/lib/python3.7/site-packages/airflow/example_dags/example_local_kubernetes_executor.py
[2023-06-28T14:47:24.971+0000] {processor.py:826} INFO - Processing file /home/airflow/.local/lib/python3.7/site-packages/airflow/example_dags/example_local_kubernetes_executor.py for tasks to queue
[2023-06-28T14:47:24.973+0000] {logging_mixin.py:149} INFO - [2023-06-28T14:47:24.973+0000] {dagbag.py:541} INFO - Filling up the DagBag from /home/airflow/.local/lib/python3.7/site-packages/airflow/example_dags/example_local_kubernetes_executor.py
[2023-06-28T14:47:26.545+0000] {processor.py:836} INFO - DAG(s) dict_keys(['example_local_kubernetes_executor']) retrieved from /home/airflow/.local/lib/python3.7/site-packages/airflow/example_dags/example_local_kubernetes_executor.py
[2023-06-28T14:47:26.657+0000] {logging_mixin.py:149} INFO - [2023-06-28T14:47:26.656+0000] {dag.py:2726} INFO - Sync 1 DAGs
[2023-06-28T14:47:26.708+0000] {logging_mixin.py:149} INFO - [2023-06-28T14:47:26.708+0000] {dag.py:3490} INFO - Setting next_dagrun for example_local_kubernetes_executor to None, run_after=None
[2023-06-28T14:47:26.751+0000] {processor.py:179} INFO - Processing /home/airflow/.local/lib/python3.7/site-packages/airflow/example_dags/example_local_kubernetes_executor.py took 1.791 seconds
[2023-06-28T14:47:57.337+0000] {processor.py:157} INFO - Started process (PID=3692) to work on /home/airflow/.local/lib/python3.7/site-packages/airflow/example_dags/example_local_kubernetes_executor.py
[2023-06-28T14:47:57.339+0000] {processor.py:826} INFO - Processing file /home/airflow/.local/lib/python3.7/site-packages/airflow/example_dags/example_local_kubernetes_executor.py for tasks to queue
[2023-06-28T14:47:57.341+0000] {logging_mixin.py:149} INFO - [2023-06-28T14:47:57.341+0000] {dagbag.py:541} INFO - Filling up the DagBag from /home/airflow/.local/lib/python3.7/site-packages/airflow/example_dags/example_local_kubernetes_executor.py
[2023-06-28T14:47:57.924+0000] {processor.py:836} INFO - DAG(s) dict_keys(['example_local_kubernetes_executor']) retrieved from /home/airflow/.local/lib/python3.7/site-packages/airflow/example_dags/example_local_kubernetes_executor.py
[2023-06-28T14:47:58.002+0000] {logging_mixin.py:149} INFO - [2023-06-28T14:47:58.002+0000] {dag.py:2726} INFO - Sync 1 DAGs
[2023-06-28T14:47:58.077+0000] {logging_mixin.py:149} INFO - [2023-06-28T14:47:58.074+0000] {dag.py:3490} INFO - Setting next_dagrun for example_local_kubernetes_executor to None, run_after=None
[2023-06-28T14:47:58.135+0000] {processor.py:179} INFO - Processing /home/airflow/.local/lib/python3.7/site-packages/airflow/example_dags/example_local_kubernetes_executor.py took 0.804 seconds
