[2023-06-28T14:16:33.054+0000] {processor.py:157} INFO - Started process (PID=57) to work on /home/airflow/.local/lib/python3.7/site-packages/airflow/example_dags/example_sensor_decorator.py
[2023-06-28T14:16:33.056+0000] {processor.py:826} INFO - Processing file /home/airflow/.local/lib/python3.7/site-packages/airflow/example_dags/example_sensor_decorator.py for tasks to queue
[2023-06-28T14:16:33.058+0000] {logging_mixin.py:149} INFO - [2023-06-28T14:16:33.058+0000] {dagbag.py:541} INFO - Filling up the DagBag from /home/airflow/.local/lib/python3.7/site-packages/airflow/example_dags/example_sensor_decorator.py
[2023-06-28T14:16:33.098+0000] {processor.py:836} INFO - DAG(s) dict_keys(['example_sensor_decorator']) retrieved from /home/airflow/.local/lib/python3.7/site-packages/airflow/example_dags/example_sensor_decorator.py
[2023-06-28T14:16:33.248+0000] {logging_mixin.py:149} INFO - [2023-06-28T14:16:33.248+0000] {dag.py:2726} INFO - Sync 1 DAGs
[2023-06-28T14:16:33.369+0000] {logging_mixin.py:149} INFO - [2023-06-28T14:16:33.369+0000] {dag.py:3490} INFO - Setting next_dagrun for example_sensor_decorator to None, run_after=None
[2023-06-28T14:16:33.439+0000] {processor.py:179} INFO - Processing /home/airflow/.local/lib/python3.7/site-packages/airflow/example_dags/example_sensor_decorator.py took 0.395 seconds
[2023-06-28T14:17:07.861+0000] {processor.py:157} INFO - Started process (PID=116) to work on /home/airflow/.local/lib/python3.7/site-packages/airflow/example_dags/example_sensor_decorator.py
[2023-06-28T14:17:07.863+0000] {processor.py:826} INFO - Processing file /home/airflow/.local/lib/python3.7/site-packages/airflow/example_dags/example_sensor_decorator.py for tasks to queue
[2023-06-28T14:17:07.870+0000] {logging_mixin.py:149} INFO - [2023-06-28T14:17:07.870+0000] {dagbag.py:541} INFO - Filling up the DagBag from /home/airflow/.local/lib/python3.7/site-packages/airflow/example_dags/example_sensor_decorator.py
[2023-06-28T14:17:07.893+0000] {processor.py:836} INFO - DAG(s) dict_keys(['example_sensor_decorator']) retrieved from /home/airflow/.local/lib/python3.7/site-packages/airflow/example_dags/example_sensor_decorator.py
[2023-06-28T14:17:07.951+0000] {logging_mixin.py:149} INFO - [2023-06-28T14:17:07.950+0000] {dag.py:2726} INFO - Sync 1 DAGs
[2023-06-28T14:17:08.029+0000] {logging_mixin.py:149} INFO - [2023-06-28T14:17:08.029+0000] {dag.py:3490} INFO - Setting next_dagrun for example_sensor_decorator to None, run_after=None
[2023-06-28T14:17:08.139+0000] {processor.py:179} INFO - Processing /home/airflow/.local/lib/python3.7/site-packages/airflow/example_dags/example_sensor_decorator.py took 0.287 seconds
[2023-06-28T14:17:38.580+0000] {processor.py:157} INFO - Started process (PID=173) to work on /home/airflow/.local/lib/python3.7/site-packages/airflow/example_dags/example_sensor_decorator.py
[2023-06-28T14:17:38.582+0000] {processor.py:826} INFO - Processing file /home/airflow/.local/lib/python3.7/site-packages/airflow/example_dags/example_sensor_decorator.py for tasks to queue
[2023-06-28T14:17:38.584+0000] {logging_mixin.py:149} INFO - [2023-06-28T14:17:38.584+0000] {dagbag.py:541} INFO - Filling up the DagBag from /home/airflow/.local/lib/python3.7/site-packages/airflow/example_dags/example_sensor_decorator.py
[2023-06-28T14:17:38.598+0000] {processor.py:836} INFO - DAG(s) dict_keys(['example_sensor_decorator']) retrieved from /home/airflow/.local/lib/python3.7/site-packages/airflow/example_dags/example_sensor_decorator.py
[2023-06-28T14:17:38.631+0000] {logging_mixin.py:149} INFO - [2023-06-28T14:17:38.631+0000] {dag.py:2726} INFO - Sync 1 DAGs
[2023-06-28T14:17:38.716+0000] {logging_mixin.py:149} INFO - [2023-06-28T14:17:38.716+0000] {dag.py:3490} INFO - Setting next_dagrun for example_sensor_decorator to None, run_after=None
[2023-06-28T14:17:38.846+0000] {processor.py:179} INFO - Processing /home/airflow/.local/lib/python3.7/site-packages/airflow/example_dags/example_sensor_decorator.py took 0.285 seconds
[2023-06-28T14:18:08.975+0000] {processor.py:157} INFO - Started process (PID=232) to work on /home/airflow/.local/lib/python3.7/site-packages/airflow/example_dags/example_sensor_decorator.py
[2023-06-28T14:18:08.978+0000] {processor.py:826} INFO - Processing file /home/airflow/.local/lib/python3.7/site-packages/airflow/example_dags/example_sensor_decorator.py for tasks to queue
[2023-06-28T14:18:08.980+0000] {logging_mixin.py:149} INFO - [2023-06-28T14:18:08.979+0000] {dagbag.py:541} INFO - Filling up the DagBag from /home/airflow/.local/lib/python3.7/site-packages/airflow/example_dags/example_sensor_decorator.py
[2023-06-28T14:18:08.997+0000] {processor.py:836} INFO - DAG(s) dict_keys(['example_sensor_decorator']) retrieved from /home/airflow/.local/lib/python3.7/site-packages/airflow/example_dags/example_sensor_decorator.py
[2023-06-28T14:18:09.066+0000] {logging_mixin.py:149} INFO - [2023-06-28T14:18:09.066+0000] {dag.py:2726} INFO - Sync 1 DAGs
[2023-06-28T14:18:09.128+0000] {logging_mixin.py:149} INFO - [2023-06-28T14:18:09.128+0000] {dag.py:3490} INFO - Setting next_dagrun for example_sensor_decorator to None, run_after=None
[2023-06-28T14:18:09.171+0000] {processor.py:179} INFO - Processing /home/airflow/.local/lib/python3.7/site-packages/airflow/example_dags/example_sensor_decorator.py took 0.206 seconds
[2023-06-28T14:18:40.076+0000] {processor.py:157} INFO - Started process (PID=291) to work on /home/airflow/.local/lib/python3.7/site-packages/airflow/example_dags/example_sensor_decorator.py
[2023-06-28T14:18:40.079+0000] {processor.py:826} INFO - Processing file /home/airflow/.local/lib/python3.7/site-packages/airflow/example_dags/example_sensor_decorator.py for tasks to queue
[2023-06-28T14:18:40.082+0000] {logging_mixin.py:149} INFO - [2023-06-28T14:18:40.081+0000] {dagbag.py:541} INFO - Filling up the DagBag from /home/airflow/.local/lib/python3.7/site-packages/airflow/example_dags/example_sensor_decorator.py
[2023-06-28T14:18:40.090+0000] {processor.py:836} INFO - DAG(s) dict_keys(['example_sensor_decorator']) retrieved from /home/airflow/.local/lib/python3.7/site-packages/airflow/example_dags/example_sensor_decorator.py
[2023-06-28T14:18:40.139+0000] {logging_mixin.py:149} INFO - [2023-06-28T14:18:40.139+0000] {dag.py:2726} INFO - Sync 1 DAGs
[2023-06-28T14:18:40.211+0000] {logging_mixin.py:149} INFO - [2023-06-28T14:18:40.211+0000] {dag.py:3490} INFO - Setting next_dagrun for example_sensor_decorator to None, run_after=None
[2023-06-28T14:18:40.286+0000] {processor.py:179} INFO - Processing /home/airflow/.local/lib/python3.7/site-packages/airflow/example_dags/example_sensor_decorator.py took 0.215 seconds
[2023-06-28T14:19:10.383+0000] {processor.py:157} INFO - Started process (PID=349) to work on /home/airflow/.local/lib/python3.7/site-packages/airflow/example_dags/example_sensor_decorator.py
[2023-06-28T14:19:10.385+0000] {processor.py:826} INFO - Processing file /home/airflow/.local/lib/python3.7/site-packages/airflow/example_dags/example_sensor_decorator.py for tasks to queue
[2023-06-28T14:19:10.387+0000] {logging_mixin.py:149} INFO - [2023-06-28T14:19:10.386+0000] {dagbag.py:541} INFO - Filling up the DagBag from /home/airflow/.local/lib/python3.7/site-packages/airflow/example_dags/example_sensor_decorator.py
[2023-06-28T14:19:10.410+0000] {processor.py:836} INFO - DAG(s) dict_keys(['example_sensor_decorator']) retrieved from /home/airflow/.local/lib/python3.7/site-packages/airflow/example_dags/example_sensor_decorator.py
[2023-06-28T14:19:10.484+0000] {logging_mixin.py:149} INFO - [2023-06-28T14:19:10.484+0000] {dag.py:2726} INFO - Sync 1 DAGs
[2023-06-28T14:19:10.539+0000] {logging_mixin.py:149} INFO - [2023-06-28T14:19:10.539+0000] {dag.py:3490} INFO - Setting next_dagrun for example_sensor_decorator to None, run_after=None
[2023-06-28T14:19:10.578+0000] {processor.py:179} INFO - Processing /home/airflow/.local/lib/python3.7/site-packages/airflow/example_dags/example_sensor_decorator.py took 0.205 seconds
[2023-06-28T14:19:40.759+0000] {processor.py:157} INFO - Started process (PID=408) to work on /home/airflow/.local/lib/python3.7/site-packages/airflow/example_dags/example_sensor_decorator.py
[2023-06-28T14:19:40.761+0000] {processor.py:826} INFO - Processing file /home/airflow/.local/lib/python3.7/site-packages/airflow/example_dags/example_sensor_decorator.py for tasks to queue
[2023-06-28T14:19:40.763+0000] {logging_mixin.py:149} INFO - [2023-06-28T14:19:40.763+0000] {dagbag.py:541} INFO - Filling up the DagBag from /home/airflow/.local/lib/python3.7/site-packages/airflow/example_dags/example_sensor_decorator.py
[2023-06-28T14:19:40.771+0000] {processor.py:836} INFO - DAG(s) dict_keys(['example_sensor_decorator']) retrieved from /home/airflow/.local/lib/python3.7/site-packages/airflow/example_dags/example_sensor_decorator.py
[2023-06-28T14:19:40.811+0000] {logging_mixin.py:149} INFO - [2023-06-28T14:19:40.810+0000] {dag.py:2726} INFO - Sync 1 DAGs
[2023-06-28T14:19:40.859+0000] {logging_mixin.py:149} INFO - [2023-06-28T14:19:40.859+0000] {dag.py:3490} INFO - Setting next_dagrun for example_sensor_decorator to None, run_after=None
[2023-06-28T14:19:40.903+0000] {processor.py:179} INFO - Processing /home/airflow/.local/lib/python3.7/site-packages/airflow/example_dags/example_sensor_decorator.py took 0.150 seconds
[2023-06-28T14:20:11.244+0000] {processor.py:157} INFO - Started process (PID=467) to work on /home/airflow/.local/lib/python3.7/site-packages/airflow/example_dags/example_sensor_decorator.py
[2023-06-28T14:20:11.248+0000] {processor.py:826} INFO - Processing file /home/airflow/.local/lib/python3.7/site-packages/airflow/example_dags/example_sensor_decorator.py for tasks to queue
[2023-06-28T14:20:11.258+0000] {logging_mixin.py:149} INFO - [2023-06-28T14:20:11.253+0000] {dagbag.py:541} INFO - Filling up the DagBag from /home/airflow/.local/lib/python3.7/site-packages/airflow/example_dags/example_sensor_decorator.py
[2023-06-28T14:20:11.272+0000] {processor.py:836} INFO - DAG(s) dict_keys(['example_sensor_decorator']) retrieved from /home/airflow/.local/lib/python3.7/site-packages/airflow/example_dags/example_sensor_decorator.py
[2023-06-28T14:20:11.332+0000] {logging_mixin.py:149} INFO - [2023-06-28T14:20:11.332+0000] {dag.py:2726} INFO - Sync 1 DAGs
[2023-06-28T14:20:11.371+0000] {logging_mixin.py:149} INFO - [2023-06-28T14:20:11.371+0000] {dag.py:3490} INFO - Setting next_dagrun for example_sensor_decorator to None, run_after=None
[2023-06-28T14:20:11.411+0000] {processor.py:179} INFO - Processing /home/airflow/.local/lib/python3.7/site-packages/airflow/example_dags/example_sensor_decorator.py took 0.182 seconds
[2023-06-28T14:20:41.490+0000] {processor.py:157} INFO - Started process (PID=526) to work on /home/airflow/.local/lib/python3.7/site-packages/airflow/example_dags/example_sensor_decorator.py
[2023-06-28T14:20:41.492+0000] {processor.py:826} INFO - Processing file /home/airflow/.local/lib/python3.7/site-packages/airflow/example_dags/example_sensor_decorator.py for tasks to queue
[2023-06-28T14:20:41.494+0000] {logging_mixin.py:149} INFO - [2023-06-28T14:20:41.493+0000] {dagbag.py:541} INFO - Filling up the DagBag from /home/airflow/.local/lib/python3.7/site-packages/airflow/example_dags/example_sensor_decorator.py
[2023-06-28T14:20:41.505+0000] {processor.py:836} INFO - DAG(s) dict_keys(['example_sensor_decorator']) retrieved from /home/airflow/.local/lib/python3.7/site-packages/airflow/example_dags/example_sensor_decorator.py
[2023-06-28T14:20:41.565+0000] {logging_mixin.py:149} INFO - [2023-06-28T14:20:41.565+0000] {dag.py:2726} INFO - Sync 1 DAGs
[2023-06-28T14:20:41.622+0000] {logging_mixin.py:149} INFO - [2023-06-28T14:20:41.622+0000] {dag.py:3490} INFO - Setting next_dagrun for example_sensor_decorator to None, run_after=None
[2023-06-28T14:20:41.674+0000] {processor.py:179} INFO - Processing /home/airflow/.local/lib/python3.7/site-packages/airflow/example_dags/example_sensor_decorator.py took 0.190 seconds
[2023-06-28T14:21:12.045+0000] {processor.py:157} INFO - Started process (PID=584) to work on /home/airflow/.local/lib/python3.7/site-packages/airflow/example_dags/example_sensor_decorator.py
[2023-06-28T14:21:12.048+0000] {processor.py:826} INFO - Processing file /home/airflow/.local/lib/python3.7/site-packages/airflow/example_dags/example_sensor_decorator.py for tasks to queue
[2023-06-28T14:21:12.050+0000] {logging_mixin.py:149} INFO - [2023-06-28T14:21:12.050+0000] {dagbag.py:541} INFO - Filling up the DagBag from /home/airflow/.local/lib/python3.7/site-packages/airflow/example_dags/example_sensor_decorator.py
[2023-06-28T14:21:12.064+0000] {processor.py:836} INFO - DAG(s) dict_keys(['example_sensor_decorator']) retrieved from /home/airflow/.local/lib/python3.7/site-packages/airflow/example_dags/example_sensor_decorator.py
[2023-06-28T14:21:12.107+0000] {logging_mixin.py:149} INFO - [2023-06-28T14:21:12.107+0000] {dag.py:2726} INFO - Sync 1 DAGs
[2023-06-28T14:21:12.159+0000] {logging_mixin.py:149} INFO - [2023-06-28T14:21:12.158+0000] {dag.py:3490} INFO - Setting next_dagrun for example_sensor_decorator to None, run_after=None
[2023-06-28T14:21:12.204+0000] {processor.py:179} INFO - Processing /home/airflow/.local/lib/python3.7/site-packages/airflow/example_dags/example_sensor_decorator.py took 0.165 seconds
[2023-06-28T14:21:42.423+0000] {processor.py:157} INFO - Started process (PID=644) to work on /home/airflow/.local/lib/python3.7/site-packages/airflow/example_dags/example_sensor_decorator.py
[2023-06-28T14:21:42.425+0000] {processor.py:826} INFO - Processing file /home/airflow/.local/lib/python3.7/site-packages/airflow/example_dags/example_sensor_decorator.py for tasks to queue
[2023-06-28T14:21:42.426+0000] {logging_mixin.py:149} INFO - [2023-06-28T14:21:42.426+0000] {dagbag.py:541} INFO - Filling up the DagBag from /home/airflow/.local/lib/python3.7/site-packages/airflow/example_dags/example_sensor_decorator.py
[2023-06-28T14:21:42.438+0000] {processor.py:836} INFO - DAG(s) dict_keys(['example_sensor_decorator']) retrieved from /home/airflow/.local/lib/python3.7/site-packages/airflow/example_dags/example_sensor_decorator.py
[2023-06-28T14:21:42.474+0000] {logging_mixin.py:149} INFO - [2023-06-28T14:21:42.473+0000] {dag.py:2726} INFO - Sync 1 DAGs
[2023-06-28T14:21:42.522+0000] {logging_mixin.py:149} INFO - [2023-06-28T14:21:42.522+0000] {dag.py:3490} INFO - Setting next_dagrun for example_sensor_decorator to None, run_after=None
[2023-06-28T14:21:42.555+0000] {processor.py:179} INFO - Processing /home/airflow/.local/lib/python3.7/site-packages/airflow/example_dags/example_sensor_decorator.py took 0.135 seconds
[2023-06-28T14:22:13.507+0000] {processor.py:157} INFO - Started process (PID=704) to work on /home/airflow/.local/lib/python3.7/site-packages/airflow/example_dags/example_sensor_decorator.py
[2023-06-28T14:22:13.508+0000] {processor.py:826} INFO - Processing file /home/airflow/.local/lib/python3.7/site-packages/airflow/example_dags/example_sensor_decorator.py for tasks to queue
[2023-06-28T14:22:13.510+0000] {logging_mixin.py:149} INFO - [2023-06-28T14:22:13.510+0000] {dagbag.py:541} INFO - Filling up the DagBag from /home/airflow/.local/lib/python3.7/site-packages/airflow/example_dags/example_sensor_decorator.py
[2023-06-28T14:22:13.519+0000] {processor.py:836} INFO - DAG(s) dict_keys(['example_sensor_decorator']) retrieved from /home/airflow/.local/lib/python3.7/site-packages/airflow/example_dags/example_sensor_decorator.py
[2023-06-28T14:22:13.559+0000] {logging_mixin.py:149} INFO - [2023-06-28T14:22:13.559+0000] {dag.py:2726} INFO - Sync 1 DAGs
[2023-06-28T14:22:13.594+0000] {logging_mixin.py:149} INFO - [2023-06-28T14:22:13.594+0000] {dag.py:3490} INFO - Setting next_dagrun for example_sensor_decorator to None, run_after=None
[2023-06-28T14:22:13.643+0000] {processor.py:179} INFO - Processing /home/airflow/.local/lib/python3.7/site-packages/airflow/example_dags/example_sensor_decorator.py took 0.141 seconds
[2023-06-28T14:22:44.006+0000] {processor.py:157} INFO - Started process (PID=763) to work on /home/airflow/.local/lib/python3.7/site-packages/airflow/example_dags/example_sensor_decorator.py
[2023-06-28T14:22:44.007+0000] {processor.py:826} INFO - Processing file /home/airflow/.local/lib/python3.7/site-packages/airflow/example_dags/example_sensor_decorator.py for tasks to queue
[2023-06-28T14:22:44.008+0000] {logging_mixin.py:149} INFO - [2023-06-28T14:22:44.008+0000] {dagbag.py:541} INFO - Filling up the DagBag from /home/airflow/.local/lib/python3.7/site-packages/airflow/example_dags/example_sensor_decorator.py
[2023-06-28T14:22:44.019+0000] {processor.py:836} INFO - DAG(s) dict_keys(['example_sensor_decorator']) retrieved from /home/airflow/.local/lib/python3.7/site-packages/airflow/example_dags/example_sensor_decorator.py
[2023-06-28T14:22:44.066+0000] {logging_mixin.py:149} INFO - [2023-06-28T14:22:44.066+0000] {dag.py:2726} INFO - Sync 1 DAGs
[2023-06-28T14:22:44.108+0000] {logging_mixin.py:149} INFO - [2023-06-28T14:22:44.108+0000] {dag.py:3490} INFO - Setting next_dagrun for example_sensor_decorator to None, run_after=None
[2023-06-28T14:22:44.143+0000] {processor.py:179} INFO - Processing /home/airflow/.local/lib/python3.7/site-packages/airflow/example_dags/example_sensor_decorator.py took 0.143 seconds
[2023-06-28T14:23:15.056+0000] {processor.py:157} INFO - Started process (PID=822) to work on /home/airflow/.local/lib/python3.7/site-packages/airflow/example_dags/example_sensor_decorator.py
[2023-06-28T14:23:15.057+0000] {processor.py:826} INFO - Processing file /home/airflow/.local/lib/python3.7/site-packages/airflow/example_dags/example_sensor_decorator.py for tasks to queue
[2023-06-28T14:23:15.059+0000] {logging_mixin.py:149} INFO - [2023-06-28T14:23:15.058+0000] {dagbag.py:541} INFO - Filling up the DagBag from /home/airflow/.local/lib/python3.7/site-packages/airflow/example_dags/example_sensor_decorator.py
[2023-06-28T14:23:15.068+0000] {processor.py:836} INFO - DAG(s) dict_keys(['example_sensor_decorator']) retrieved from /home/airflow/.local/lib/python3.7/site-packages/airflow/example_dags/example_sensor_decorator.py
[2023-06-28T14:23:15.107+0000] {logging_mixin.py:149} INFO - [2023-06-28T14:23:15.106+0000] {dag.py:2726} INFO - Sync 1 DAGs
[2023-06-28T14:23:15.155+0000] {logging_mixin.py:149} INFO - [2023-06-28T14:23:15.155+0000] {dag.py:3490} INFO - Setting next_dagrun for example_sensor_decorator to None, run_after=None
[2023-06-28T14:23:15.202+0000] {processor.py:179} INFO - Processing /home/airflow/.local/lib/python3.7/site-packages/airflow/example_dags/example_sensor_decorator.py took 0.152 seconds
[2023-06-28T14:23:45.551+0000] {processor.py:157} INFO - Started process (PID=882) to work on /home/airflow/.local/lib/python3.7/site-packages/airflow/example_dags/example_sensor_decorator.py
[2023-06-28T14:23:45.554+0000] {processor.py:826} INFO - Processing file /home/airflow/.local/lib/python3.7/site-packages/airflow/example_dags/example_sensor_decorator.py for tasks to queue
[2023-06-28T14:23:45.555+0000] {logging_mixin.py:149} INFO - [2023-06-28T14:23:45.555+0000] {dagbag.py:541} INFO - Filling up the DagBag from /home/airflow/.local/lib/python3.7/site-packages/airflow/example_dags/example_sensor_decorator.py
[2023-06-28T14:23:45.566+0000] {processor.py:836} INFO - DAG(s) dict_keys(['example_sensor_decorator']) retrieved from /home/airflow/.local/lib/python3.7/site-packages/airflow/example_dags/example_sensor_decorator.py
[2023-06-28T14:23:45.613+0000] {logging_mixin.py:149} INFO - [2023-06-28T14:23:45.613+0000] {dag.py:2726} INFO - Sync 1 DAGs
[2023-06-28T14:23:45.659+0000] {logging_mixin.py:149} INFO - [2023-06-28T14:23:45.658+0000] {dag.py:3490} INFO - Setting next_dagrun for example_sensor_decorator to None, run_after=None
[2023-06-28T14:23:45.697+0000] {processor.py:179} INFO - Processing /home/airflow/.local/lib/python3.7/site-packages/airflow/example_dags/example_sensor_decorator.py took 0.151 seconds
[2023-06-28T14:24:15.818+0000] {processor.py:157} INFO - Started process (PID=941) to work on /home/airflow/.local/lib/python3.7/site-packages/airflow/example_dags/example_sensor_decorator.py
[2023-06-28T14:24:15.819+0000] {processor.py:826} INFO - Processing file /home/airflow/.local/lib/python3.7/site-packages/airflow/example_dags/example_sensor_decorator.py for tasks to queue
[2023-06-28T14:24:15.821+0000] {logging_mixin.py:149} INFO - [2023-06-28T14:24:15.821+0000] {dagbag.py:541} INFO - Filling up the DagBag from /home/airflow/.local/lib/python3.7/site-packages/airflow/example_dags/example_sensor_decorator.py
[2023-06-28T14:24:15.830+0000] {processor.py:836} INFO - DAG(s) dict_keys(['example_sensor_decorator']) retrieved from /home/airflow/.local/lib/python3.7/site-packages/airflow/example_dags/example_sensor_decorator.py
[2023-06-28T14:24:15.864+0000] {logging_mixin.py:149} INFO - [2023-06-28T14:24:15.863+0000] {dag.py:2726} INFO - Sync 1 DAGs
[2023-06-28T14:24:15.905+0000] {logging_mixin.py:149} INFO - [2023-06-28T14:24:15.904+0000] {dag.py:3490} INFO - Setting next_dagrun for example_sensor_decorator to None, run_after=None
[2023-06-28T14:24:15.971+0000] {processor.py:179} INFO - Processing /home/airflow/.local/lib/python3.7/site-packages/airflow/example_dags/example_sensor_decorator.py took 0.159 seconds
[2023-06-28T14:24:46.188+0000] {processor.py:157} INFO - Started process (PID=999) to work on /home/airflow/.local/lib/python3.7/site-packages/airflow/example_dags/example_sensor_decorator.py
[2023-06-28T14:24:46.190+0000] {processor.py:826} INFO - Processing file /home/airflow/.local/lib/python3.7/site-packages/airflow/example_dags/example_sensor_decorator.py for tasks to queue
[2023-06-28T14:24:46.191+0000] {logging_mixin.py:149} INFO - [2023-06-28T14:24:46.191+0000] {dagbag.py:541} INFO - Filling up the DagBag from /home/airflow/.local/lib/python3.7/site-packages/airflow/example_dags/example_sensor_decorator.py
[2023-06-28T14:24:46.198+0000] {processor.py:836} INFO - DAG(s) dict_keys(['example_sensor_decorator']) retrieved from /home/airflow/.local/lib/python3.7/site-packages/airflow/example_dags/example_sensor_decorator.py
[2023-06-28T14:24:46.233+0000] {logging_mixin.py:149} INFO - [2023-06-28T14:24:46.233+0000] {dag.py:2726} INFO - Sync 1 DAGs
[2023-06-28T14:24:46.273+0000] {logging_mixin.py:149} INFO - [2023-06-28T14:24:46.272+0000] {dag.py:3490} INFO - Setting next_dagrun for example_sensor_decorator to None, run_after=None
[2023-06-28T14:24:46.311+0000] {processor.py:179} INFO - Processing /home/airflow/.local/lib/python3.7/site-packages/airflow/example_dags/example_sensor_decorator.py took 0.127 seconds
[2023-06-28T14:25:16.892+0000] {processor.py:157} INFO - Started process (PID=1059) to work on /home/airflow/.local/lib/python3.7/site-packages/airflow/example_dags/example_sensor_decorator.py
[2023-06-28T14:25:16.894+0000] {processor.py:826} INFO - Processing file /home/airflow/.local/lib/python3.7/site-packages/airflow/example_dags/example_sensor_decorator.py for tasks to queue
[2023-06-28T14:25:16.896+0000] {logging_mixin.py:149} INFO - [2023-06-28T14:25:16.896+0000] {dagbag.py:541} INFO - Filling up the DagBag from /home/airflow/.local/lib/python3.7/site-packages/airflow/example_dags/example_sensor_decorator.py
[2023-06-28T14:25:16.907+0000] {processor.py:836} INFO - DAG(s) dict_keys(['example_sensor_decorator']) retrieved from /home/airflow/.local/lib/python3.7/site-packages/airflow/example_dags/example_sensor_decorator.py
[2023-06-28T14:25:16.954+0000] {logging_mixin.py:149} INFO - [2023-06-28T14:25:16.954+0000] {dag.py:2726} INFO - Sync 1 DAGs
[2023-06-28T14:25:16.994+0000] {logging_mixin.py:149} INFO - [2023-06-28T14:25:16.994+0000] {dag.py:3490} INFO - Setting next_dagrun for example_sensor_decorator to None, run_after=None
[2023-06-28T14:25:17.025+0000] {processor.py:179} INFO - Processing /home/airflow/.local/lib/python3.7/site-packages/airflow/example_dags/example_sensor_decorator.py took 0.140 seconds
[2023-06-28T14:25:47.947+0000] {processor.py:157} INFO - Started process (PID=1117) to work on /home/airflow/.local/lib/python3.7/site-packages/airflow/example_dags/example_sensor_decorator.py
[2023-06-28T14:25:47.948+0000] {processor.py:826} INFO - Processing file /home/airflow/.local/lib/python3.7/site-packages/airflow/example_dags/example_sensor_decorator.py for tasks to queue
[2023-06-28T14:25:47.950+0000] {logging_mixin.py:149} INFO - [2023-06-28T14:25:47.949+0000] {dagbag.py:541} INFO - Filling up the DagBag from /home/airflow/.local/lib/python3.7/site-packages/airflow/example_dags/example_sensor_decorator.py
[2023-06-28T14:25:47.958+0000] {processor.py:836} INFO - DAG(s) dict_keys(['example_sensor_decorator']) retrieved from /home/airflow/.local/lib/python3.7/site-packages/airflow/example_dags/example_sensor_decorator.py
[2023-06-28T14:25:47.994+0000] {logging_mixin.py:149} INFO - [2023-06-28T14:25:47.994+0000] {dag.py:2726} INFO - Sync 1 DAGs
[2023-06-28T14:25:48.037+0000] {logging_mixin.py:149} INFO - [2023-06-28T14:25:48.037+0000] {dag.py:3490} INFO - Setting next_dagrun for example_sensor_decorator to None, run_after=None
[2023-06-28T14:25:48.075+0000] {processor.py:179} INFO - Processing /home/airflow/.local/lib/python3.7/site-packages/airflow/example_dags/example_sensor_decorator.py took 0.132 seconds
[2023-06-28T14:26:18.225+0000] {processor.py:157} INFO - Started process (PID=1176) to work on /home/airflow/.local/lib/python3.7/site-packages/airflow/example_dags/example_sensor_decorator.py
[2023-06-28T14:26:18.228+0000] {processor.py:826} INFO - Processing file /home/airflow/.local/lib/python3.7/site-packages/airflow/example_dags/example_sensor_decorator.py for tasks to queue
[2023-06-28T14:26:18.230+0000] {logging_mixin.py:149} INFO - [2023-06-28T14:26:18.230+0000] {dagbag.py:541} INFO - Filling up the DagBag from /home/airflow/.local/lib/python3.7/site-packages/airflow/example_dags/example_sensor_decorator.py
[2023-06-28T14:26:18.242+0000] {processor.py:836} INFO - DAG(s) dict_keys(['example_sensor_decorator']) retrieved from /home/airflow/.local/lib/python3.7/site-packages/airflow/example_dags/example_sensor_decorator.py
[2023-06-28T14:26:18.284+0000] {logging_mixin.py:149} INFO - [2023-06-28T14:26:18.284+0000] {dag.py:2726} INFO - Sync 1 DAGs
[2023-06-28T14:26:18.330+0000] {logging_mixin.py:149} INFO - [2023-06-28T14:26:18.330+0000] {dag.py:3490} INFO - Setting next_dagrun for example_sensor_decorator to None, run_after=None
[2023-06-28T14:26:18.371+0000] {processor.py:179} INFO - Processing /home/airflow/.local/lib/python3.7/site-packages/airflow/example_dags/example_sensor_decorator.py took 0.159 seconds
[2023-06-28T14:26:48.626+0000] {processor.py:157} INFO - Started process (PID=1236) to work on /home/airflow/.local/lib/python3.7/site-packages/airflow/example_dags/example_sensor_decorator.py
[2023-06-28T14:26:48.628+0000] {processor.py:826} INFO - Processing file /home/airflow/.local/lib/python3.7/site-packages/airflow/example_dags/example_sensor_decorator.py for tasks to queue
[2023-06-28T14:26:48.629+0000] {logging_mixin.py:149} INFO - [2023-06-28T14:26:48.629+0000] {dagbag.py:541} INFO - Filling up the DagBag from /home/airflow/.local/lib/python3.7/site-packages/airflow/example_dags/example_sensor_decorator.py
[2023-06-28T14:26:48.639+0000] {processor.py:836} INFO - DAG(s) dict_keys(['example_sensor_decorator']) retrieved from /home/airflow/.local/lib/python3.7/site-packages/airflow/example_dags/example_sensor_decorator.py
[2023-06-28T14:26:48.680+0000] {logging_mixin.py:149} INFO - [2023-06-28T14:26:48.680+0000] {dag.py:2726} INFO - Sync 1 DAGs
[2023-06-28T14:26:48.729+0000] {logging_mixin.py:149} INFO - [2023-06-28T14:26:48.728+0000] {dag.py:3490} INFO - Setting next_dagrun for example_sensor_decorator to None, run_after=None
[2023-06-28T14:26:48.769+0000] {processor.py:179} INFO - Processing /home/airflow/.local/lib/python3.7/site-packages/airflow/example_dags/example_sensor_decorator.py took 0.148 seconds
[2023-06-28T14:27:19.157+0000] {processor.py:157} INFO - Started process (PID=1295) to work on /home/airflow/.local/lib/python3.7/site-packages/airflow/example_dags/example_sensor_decorator.py
[2023-06-28T14:27:19.159+0000] {processor.py:826} INFO - Processing file /home/airflow/.local/lib/python3.7/site-packages/airflow/example_dags/example_sensor_decorator.py for tasks to queue
[2023-06-28T14:27:19.160+0000] {logging_mixin.py:149} INFO - [2023-06-28T14:27:19.160+0000] {dagbag.py:541} INFO - Filling up the DagBag from /home/airflow/.local/lib/python3.7/site-packages/airflow/example_dags/example_sensor_decorator.py
[2023-06-28T14:27:19.169+0000] {processor.py:836} INFO - DAG(s) dict_keys(['example_sensor_decorator']) retrieved from /home/airflow/.local/lib/python3.7/site-packages/airflow/example_dags/example_sensor_decorator.py
[2023-06-28T14:27:19.213+0000] {logging_mixin.py:149} INFO - [2023-06-28T14:27:19.213+0000] {dag.py:2726} INFO - Sync 1 DAGs
[2023-06-28T14:27:19.258+0000] {logging_mixin.py:149} INFO - [2023-06-28T14:27:19.258+0000] {dag.py:3490} INFO - Setting next_dagrun for example_sensor_decorator to None, run_after=None
[2023-06-28T14:27:19.296+0000] {processor.py:179} INFO - Processing /home/airflow/.local/lib/python3.7/site-packages/airflow/example_dags/example_sensor_decorator.py took 0.143 seconds
[2023-06-28T14:27:49.786+0000] {processor.py:157} INFO - Started process (PID=1354) to work on /home/airflow/.local/lib/python3.7/site-packages/airflow/example_dags/example_sensor_decorator.py
[2023-06-28T14:27:49.787+0000] {processor.py:826} INFO - Processing file /home/airflow/.local/lib/python3.7/site-packages/airflow/example_dags/example_sensor_decorator.py for tasks to queue
[2023-06-28T14:27:49.789+0000] {logging_mixin.py:149} INFO - [2023-06-28T14:27:49.788+0000] {dagbag.py:541} INFO - Filling up the DagBag from /home/airflow/.local/lib/python3.7/site-packages/airflow/example_dags/example_sensor_decorator.py
[2023-06-28T14:27:49.797+0000] {processor.py:836} INFO - DAG(s) dict_keys(['example_sensor_decorator']) retrieved from /home/airflow/.local/lib/python3.7/site-packages/airflow/example_dags/example_sensor_decorator.py
[2023-06-28T14:27:49.837+0000] {logging_mixin.py:149} INFO - [2023-06-28T14:27:49.837+0000] {dag.py:2726} INFO - Sync 1 DAGs
[2023-06-28T14:27:49.880+0000] {logging_mixin.py:149} INFO - [2023-06-28T14:27:49.880+0000] {dag.py:3490} INFO - Setting next_dagrun for example_sensor_decorator to None, run_after=None
[2023-06-28T14:27:49.915+0000] {processor.py:179} INFO - Processing /home/airflow/.local/lib/python3.7/site-packages/airflow/example_dags/example_sensor_decorator.py took 0.134 seconds
[2023-06-28T14:28:20.600+0000] {processor.py:157} INFO - Started process (PID=1414) to work on /home/airflow/.local/lib/python3.7/site-packages/airflow/example_dags/example_sensor_decorator.py
[2023-06-28T14:28:20.602+0000] {processor.py:826} INFO - Processing file /home/airflow/.local/lib/python3.7/site-packages/airflow/example_dags/example_sensor_decorator.py for tasks to queue
[2023-06-28T14:28:20.603+0000] {logging_mixin.py:149} INFO - [2023-06-28T14:28:20.603+0000] {dagbag.py:541} INFO - Filling up the DagBag from /home/airflow/.local/lib/python3.7/site-packages/airflow/example_dags/example_sensor_decorator.py
[2023-06-28T14:28:20.612+0000] {processor.py:836} INFO - DAG(s) dict_keys(['example_sensor_decorator']) retrieved from /home/airflow/.local/lib/python3.7/site-packages/airflow/example_dags/example_sensor_decorator.py
[2023-06-28T14:28:20.649+0000] {logging_mixin.py:149} INFO - [2023-06-28T14:28:20.649+0000] {dag.py:2726} INFO - Sync 1 DAGs
[2023-06-28T14:28:20.708+0000] {logging_mixin.py:149} INFO - [2023-06-28T14:28:20.708+0000] {dag.py:3490} INFO - Setting next_dagrun for example_sensor_decorator to None, run_after=None
[2023-06-28T14:28:20.752+0000] {processor.py:179} INFO - Processing /home/airflow/.local/lib/python3.7/site-packages/airflow/example_dags/example_sensor_decorator.py took 0.157 seconds
[2023-06-28T14:28:51.055+0000] {processor.py:157} INFO - Started process (PID=1472) to work on /home/airflow/.local/lib/python3.7/site-packages/airflow/example_dags/example_sensor_decorator.py
[2023-06-28T14:28:51.057+0000] {processor.py:826} INFO - Processing file /home/airflow/.local/lib/python3.7/site-packages/airflow/example_dags/example_sensor_decorator.py for tasks to queue
[2023-06-28T14:28:51.058+0000] {logging_mixin.py:149} INFO - [2023-06-28T14:28:51.058+0000] {dagbag.py:541} INFO - Filling up the DagBag from /home/airflow/.local/lib/python3.7/site-packages/airflow/example_dags/example_sensor_decorator.py
[2023-06-28T14:28:51.067+0000] {processor.py:836} INFO - DAG(s) dict_keys(['example_sensor_decorator']) retrieved from /home/airflow/.local/lib/python3.7/site-packages/airflow/example_dags/example_sensor_decorator.py
[2023-06-28T14:28:51.102+0000] {logging_mixin.py:149} INFO - [2023-06-28T14:28:51.101+0000] {dag.py:2726} INFO - Sync 1 DAGs
[2023-06-28T14:28:51.138+0000] {logging_mixin.py:149} INFO - [2023-06-28T14:28:51.138+0000] {dag.py:3490} INFO - Setting next_dagrun for example_sensor_decorator to None, run_after=None
[2023-06-28T14:28:51.199+0000] {processor.py:179} INFO - Processing /home/airflow/.local/lib/python3.7/site-packages/airflow/example_dags/example_sensor_decorator.py took 0.149 seconds
[2023-06-28T14:29:21.433+0000] {processor.py:157} INFO - Started process (PID=1532) to work on /home/airflow/.local/lib/python3.7/site-packages/airflow/example_dags/example_sensor_decorator.py
[2023-06-28T14:29:21.435+0000] {processor.py:826} INFO - Processing file /home/airflow/.local/lib/python3.7/site-packages/airflow/example_dags/example_sensor_decorator.py for tasks to queue
[2023-06-28T14:29:21.438+0000] {logging_mixin.py:149} INFO - [2023-06-28T14:29:21.437+0000] {dagbag.py:541} INFO - Filling up the DagBag from /home/airflow/.local/lib/python3.7/site-packages/airflow/example_dags/example_sensor_decorator.py
[2023-06-28T14:29:21.449+0000] {processor.py:836} INFO - DAG(s) dict_keys(['example_sensor_decorator']) retrieved from /home/airflow/.local/lib/python3.7/site-packages/airflow/example_dags/example_sensor_decorator.py
[2023-06-28T14:29:21.517+0000] {logging_mixin.py:149} INFO - [2023-06-28T14:29:21.517+0000] {dag.py:2726} INFO - Sync 1 DAGs
[2023-06-28T14:29:21.585+0000] {logging_mixin.py:149} INFO - [2023-06-28T14:29:21.585+0000] {dag.py:3490} INFO - Setting next_dagrun for example_sensor_decorator to None, run_after=None
[2023-06-28T14:29:21.628+0000] {processor.py:179} INFO - Processing /home/airflow/.local/lib/python3.7/site-packages/airflow/example_dags/example_sensor_decorator.py took 0.200 seconds
[2023-06-28T14:29:52.120+0000] {processor.py:157} INFO - Started process (PID=1592) to work on /home/airflow/.local/lib/python3.7/site-packages/airflow/example_dags/example_sensor_decorator.py
[2023-06-28T14:29:52.123+0000] {processor.py:826} INFO - Processing file /home/airflow/.local/lib/python3.7/site-packages/airflow/example_dags/example_sensor_decorator.py for tasks to queue
[2023-06-28T14:29:52.124+0000] {logging_mixin.py:149} INFO - [2023-06-28T14:29:52.124+0000] {dagbag.py:541} INFO - Filling up the DagBag from /home/airflow/.local/lib/python3.7/site-packages/airflow/example_dags/example_sensor_decorator.py
[2023-06-28T14:29:52.134+0000] {processor.py:836} INFO - DAG(s) dict_keys(['example_sensor_decorator']) retrieved from /home/airflow/.local/lib/python3.7/site-packages/airflow/example_dags/example_sensor_decorator.py
[2023-06-28T14:29:52.169+0000] {logging_mixin.py:149} INFO - [2023-06-28T14:29:52.168+0000] {dag.py:2726} INFO - Sync 1 DAGs
[2023-06-28T14:29:52.212+0000] {logging_mixin.py:149} INFO - [2023-06-28T14:29:52.211+0000] {dag.py:3490} INFO - Setting next_dagrun for example_sensor_decorator to None, run_after=None
[2023-06-28T14:29:52.255+0000] {processor.py:179} INFO - Processing /home/airflow/.local/lib/python3.7/site-packages/airflow/example_dags/example_sensor_decorator.py took 0.139 seconds
[2023-06-28T14:30:22.628+0000] {processor.py:157} INFO - Started process (PID=1658) to work on /home/airflow/.local/lib/python3.7/site-packages/airflow/example_dags/example_sensor_decorator.py
[2023-06-28T14:30:22.629+0000] {processor.py:826} INFO - Processing file /home/airflow/.local/lib/python3.7/site-packages/airflow/example_dags/example_sensor_decorator.py for tasks to queue
[2023-06-28T14:30:22.630+0000] {logging_mixin.py:149} INFO - [2023-06-28T14:30:22.630+0000] {dagbag.py:541} INFO - Filling up the DagBag from /home/airflow/.local/lib/python3.7/site-packages/airflow/example_dags/example_sensor_decorator.py
[2023-06-28T14:30:22.638+0000] {processor.py:836} INFO - DAG(s) dict_keys(['example_sensor_decorator']) retrieved from /home/airflow/.local/lib/python3.7/site-packages/airflow/example_dags/example_sensor_decorator.py
[2023-06-28T14:30:22.676+0000] {logging_mixin.py:149} INFO - [2023-06-28T14:30:22.675+0000] {dag.py:2726} INFO - Sync 1 DAGs
[2023-06-28T14:30:22.721+0000] {logging_mixin.py:149} INFO - [2023-06-28T14:30:22.721+0000] {dag.py:3490} INFO - Setting next_dagrun for example_sensor_decorator to None, run_after=None
[2023-06-28T14:30:22.757+0000] {processor.py:179} INFO - Processing /home/airflow/.local/lib/python3.7/site-packages/airflow/example_dags/example_sensor_decorator.py took 0.135 seconds
[2023-06-28T14:30:53.040+0000] {processor.py:157} INFO - Started process (PID=1717) to work on /home/airflow/.local/lib/python3.7/site-packages/airflow/example_dags/example_sensor_decorator.py
[2023-06-28T14:30:53.042+0000] {processor.py:826} INFO - Processing file /home/airflow/.local/lib/python3.7/site-packages/airflow/example_dags/example_sensor_decorator.py for tasks to queue
[2023-06-28T14:30:53.044+0000] {logging_mixin.py:149} INFO - [2023-06-28T14:30:53.044+0000] {dagbag.py:541} INFO - Filling up the DagBag from /home/airflow/.local/lib/python3.7/site-packages/airflow/example_dags/example_sensor_decorator.py
[2023-06-28T14:30:53.052+0000] {processor.py:836} INFO - DAG(s) dict_keys(['example_sensor_decorator']) retrieved from /home/airflow/.local/lib/python3.7/site-packages/airflow/example_dags/example_sensor_decorator.py
[2023-06-28T14:30:53.096+0000] {logging_mixin.py:149} INFO - [2023-06-28T14:30:53.096+0000] {dag.py:2726} INFO - Sync 1 DAGs
[2023-06-28T14:30:53.140+0000] {logging_mixin.py:149} INFO - [2023-06-28T14:30:53.140+0000] {dag.py:3490} INFO - Setting next_dagrun for example_sensor_decorator to None, run_after=None
[2023-06-28T14:30:53.177+0000] {processor.py:179} INFO - Processing /home/airflow/.local/lib/python3.7/site-packages/airflow/example_dags/example_sensor_decorator.py took 0.143 seconds
[2023-06-28T14:31:23.580+0000] {processor.py:157} INFO - Started process (PID=1777) to work on /home/airflow/.local/lib/python3.7/site-packages/airflow/example_dags/example_sensor_decorator.py
[2023-06-28T14:31:23.582+0000] {processor.py:826} INFO - Processing file /home/airflow/.local/lib/python3.7/site-packages/airflow/example_dags/example_sensor_decorator.py for tasks to queue
[2023-06-28T14:31:23.583+0000] {logging_mixin.py:149} INFO - [2023-06-28T14:31:23.583+0000] {dagbag.py:541} INFO - Filling up the DagBag from /home/airflow/.local/lib/python3.7/site-packages/airflow/example_dags/example_sensor_decorator.py
[2023-06-28T14:31:23.593+0000] {processor.py:836} INFO - DAG(s) dict_keys(['example_sensor_decorator']) retrieved from /home/airflow/.local/lib/python3.7/site-packages/airflow/example_dags/example_sensor_decorator.py
[2023-06-28T14:31:23.629+0000] {logging_mixin.py:149} INFO - [2023-06-28T14:31:23.629+0000] {dag.py:2726} INFO - Sync 1 DAGs
[2023-06-28T14:31:23.671+0000] {logging_mixin.py:149} INFO - [2023-06-28T14:31:23.671+0000] {dag.py:3490} INFO - Setting next_dagrun for example_sensor_decorator to None, run_after=None
[2023-06-28T14:31:23.707+0000] {processor.py:179} INFO - Processing /home/airflow/.local/lib/python3.7/site-packages/airflow/example_dags/example_sensor_decorator.py took 0.133 seconds
[2023-06-28T14:31:54.539+0000] {processor.py:157} INFO - Started process (PID=1836) to work on /home/airflow/.local/lib/python3.7/site-packages/airflow/example_dags/example_sensor_decorator.py
[2023-06-28T14:31:54.541+0000] {processor.py:826} INFO - Processing file /home/airflow/.local/lib/python3.7/site-packages/airflow/example_dags/example_sensor_decorator.py for tasks to queue
[2023-06-28T14:31:54.544+0000] {logging_mixin.py:149} INFO - [2023-06-28T14:31:54.543+0000] {dagbag.py:541} INFO - Filling up the DagBag from /home/airflow/.local/lib/python3.7/site-packages/airflow/example_dags/example_sensor_decorator.py
[2023-06-28T14:31:54.559+0000] {processor.py:836} INFO - DAG(s) dict_keys(['example_sensor_decorator']) retrieved from /home/airflow/.local/lib/python3.7/site-packages/airflow/example_dags/example_sensor_decorator.py
[2023-06-28T14:31:54.606+0000] {logging_mixin.py:149} INFO - [2023-06-28T14:31:54.606+0000] {dag.py:2726} INFO - Sync 1 DAGs
[2023-06-28T14:31:54.662+0000] {logging_mixin.py:149} INFO - [2023-06-28T14:31:54.662+0000] {dag.py:3490} INFO - Setting next_dagrun for example_sensor_decorator to None, run_after=None
[2023-06-28T14:31:54.714+0000] {processor.py:179} INFO - Processing /home/airflow/.local/lib/python3.7/site-packages/airflow/example_dags/example_sensor_decorator.py took 0.182 seconds
[2023-06-28T14:32:25.654+0000] {processor.py:157} INFO - Started process (PID=1894) to work on /home/airflow/.local/lib/python3.7/site-packages/airflow/example_dags/example_sensor_decorator.py
[2023-06-28T14:32:25.655+0000] {processor.py:826} INFO - Processing file /home/airflow/.local/lib/python3.7/site-packages/airflow/example_dags/example_sensor_decorator.py for tasks to queue
[2023-06-28T14:32:25.657+0000] {logging_mixin.py:149} INFO - [2023-06-28T14:32:25.656+0000] {dagbag.py:541} INFO - Filling up the DagBag from /home/airflow/.local/lib/python3.7/site-packages/airflow/example_dags/example_sensor_decorator.py
[2023-06-28T14:32:25.664+0000] {processor.py:836} INFO - DAG(s) dict_keys(['example_sensor_decorator']) retrieved from /home/airflow/.local/lib/python3.7/site-packages/airflow/example_dags/example_sensor_decorator.py
[2023-06-28T14:32:25.713+0000] {logging_mixin.py:149} INFO - [2023-06-28T14:32:25.713+0000] {dag.py:2726} INFO - Sync 1 DAGs
[2023-06-28T14:32:25.800+0000] {logging_mixin.py:149} INFO - [2023-06-28T14:32:25.799+0000] {dag.py:3490} INFO - Setting next_dagrun for example_sensor_decorator to None, run_after=None
[2023-06-28T14:32:25.896+0000] {processor.py:179} INFO - Processing /home/airflow/.local/lib/python3.7/site-packages/airflow/example_dags/example_sensor_decorator.py took 0.247 seconds
[2023-06-28T14:32:56.289+0000] {processor.py:157} INFO - Started process (PID=1947) to work on /home/airflow/.local/lib/python3.7/site-packages/airflow/example_dags/example_sensor_decorator.py
[2023-06-28T14:32:56.291+0000] {processor.py:826} INFO - Processing file /home/airflow/.local/lib/python3.7/site-packages/airflow/example_dags/example_sensor_decorator.py for tasks to queue
[2023-06-28T14:32:56.292+0000] {logging_mixin.py:149} INFO - [2023-06-28T14:32:56.292+0000] {dagbag.py:541} INFO - Filling up the DagBag from /home/airflow/.local/lib/python3.7/site-packages/airflow/example_dags/example_sensor_decorator.py
[2023-06-28T14:32:56.300+0000] {processor.py:836} INFO - DAG(s) dict_keys(['example_sensor_decorator']) retrieved from /home/airflow/.local/lib/python3.7/site-packages/airflow/example_dags/example_sensor_decorator.py
[2023-06-28T14:32:56.338+0000] {logging_mixin.py:149} INFO - [2023-06-28T14:32:56.338+0000] {dag.py:2726} INFO - Sync 1 DAGs
[2023-06-28T14:32:56.375+0000] {logging_mixin.py:149} INFO - [2023-06-28T14:32:56.375+0000] {dag.py:3490} INFO - Setting next_dagrun for example_sensor_decorator to None, run_after=None
[2023-06-28T14:32:56.409+0000] {processor.py:179} INFO - Processing /home/airflow/.local/lib/python3.7/site-packages/airflow/example_dags/example_sensor_decorator.py took 0.124 seconds
[2023-06-28T14:33:26.649+0000] {processor.py:157} INFO - Started process (PID=2006) to work on /home/airflow/.local/lib/python3.7/site-packages/airflow/example_dags/example_sensor_decorator.py
[2023-06-28T14:33:26.650+0000] {processor.py:826} INFO - Processing file /home/airflow/.local/lib/python3.7/site-packages/airflow/example_dags/example_sensor_decorator.py for tasks to queue
[2023-06-28T14:33:26.651+0000] {logging_mixin.py:149} INFO - [2023-06-28T14:33:26.651+0000] {dagbag.py:541} INFO - Filling up the DagBag from /home/airflow/.local/lib/python3.7/site-packages/airflow/example_dags/example_sensor_decorator.py
[2023-06-28T14:33:26.659+0000] {processor.py:836} INFO - DAG(s) dict_keys(['example_sensor_decorator']) retrieved from /home/airflow/.local/lib/python3.7/site-packages/airflow/example_dags/example_sensor_decorator.py
[2023-06-28T14:33:26.697+0000] {logging_mixin.py:149} INFO - [2023-06-28T14:33:26.696+0000] {dag.py:2726} INFO - Sync 1 DAGs
[2023-06-28T14:33:26.738+0000] {logging_mixin.py:149} INFO - [2023-06-28T14:33:26.738+0000] {dag.py:3490} INFO - Setting next_dagrun for example_sensor_decorator to None, run_after=None
[2023-06-28T14:33:26.784+0000] {processor.py:179} INFO - Processing /home/airflow/.local/lib/python3.7/site-packages/airflow/example_dags/example_sensor_decorator.py took 0.140 seconds
[2023-06-28T14:33:57.191+0000] {processor.py:157} INFO - Started process (PID=2065) to work on /home/airflow/.local/lib/python3.7/site-packages/airflow/example_dags/example_sensor_decorator.py
[2023-06-28T14:33:57.193+0000] {processor.py:826} INFO - Processing file /home/airflow/.local/lib/python3.7/site-packages/airflow/example_dags/example_sensor_decorator.py for tasks to queue
[2023-06-28T14:33:57.194+0000] {logging_mixin.py:149} INFO - [2023-06-28T14:33:57.194+0000] {dagbag.py:541} INFO - Filling up the DagBag from /home/airflow/.local/lib/python3.7/site-packages/airflow/example_dags/example_sensor_decorator.py
[2023-06-28T14:33:57.206+0000] {processor.py:836} INFO - DAG(s) dict_keys(['example_sensor_decorator']) retrieved from /home/airflow/.local/lib/python3.7/site-packages/airflow/example_dags/example_sensor_decorator.py
[2023-06-28T14:33:57.255+0000] {logging_mixin.py:149} INFO - [2023-06-28T14:33:57.255+0000] {dag.py:2726} INFO - Sync 1 DAGs
[2023-06-28T14:33:57.314+0000] {logging_mixin.py:149} INFO - [2023-06-28T14:33:57.313+0000] {dag.py:3490} INFO - Setting next_dagrun for example_sensor_decorator to None, run_after=None
[2023-06-28T14:33:57.362+0000] {processor.py:179} INFO - Processing /home/airflow/.local/lib/python3.7/site-packages/airflow/example_dags/example_sensor_decorator.py took 0.175 seconds
[2023-06-28T14:34:28.085+0000] {processor.py:157} INFO - Started process (PID=2124) to work on /home/airflow/.local/lib/python3.7/site-packages/airflow/example_dags/example_sensor_decorator.py
[2023-06-28T14:34:28.087+0000] {processor.py:826} INFO - Processing file /home/airflow/.local/lib/python3.7/site-packages/airflow/example_dags/example_sensor_decorator.py for tasks to queue
[2023-06-28T14:34:28.088+0000] {logging_mixin.py:149} INFO - [2023-06-28T14:34:28.088+0000] {dagbag.py:541} INFO - Filling up the DagBag from /home/airflow/.local/lib/python3.7/site-packages/airflow/example_dags/example_sensor_decorator.py
[2023-06-28T14:34:28.097+0000] {processor.py:836} INFO - DAG(s) dict_keys(['example_sensor_decorator']) retrieved from /home/airflow/.local/lib/python3.7/site-packages/airflow/example_dags/example_sensor_decorator.py
[2023-06-28T14:34:28.133+0000] {logging_mixin.py:149} INFO - [2023-06-28T14:34:28.133+0000] {dag.py:2726} INFO - Sync 1 DAGs
[2023-06-28T14:34:28.172+0000] {logging_mixin.py:149} INFO - [2023-06-28T14:34:28.172+0000] {dag.py:3490} INFO - Setting next_dagrun for example_sensor_decorator to None, run_after=None
[2023-06-28T14:34:28.209+0000] {processor.py:179} INFO - Processing /home/airflow/.local/lib/python3.7/site-packages/airflow/example_dags/example_sensor_decorator.py took 0.130 seconds
[2023-06-28T14:34:58.883+0000] {processor.py:157} INFO - Started process (PID=2184) to work on /home/airflow/.local/lib/python3.7/site-packages/airflow/example_dags/example_sensor_decorator.py
[2023-06-28T14:34:58.885+0000] {processor.py:826} INFO - Processing file /home/airflow/.local/lib/python3.7/site-packages/airflow/example_dags/example_sensor_decorator.py for tasks to queue
[2023-06-28T14:34:58.886+0000] {logging_mixin.py:149} INFO - [2023-06-28T14:34:58.886+0000] {dagbag.py:541} INFO - Filling up the DagBag from /home/airflow/.local/lib/python3.7/site-packages/airflow/example_dags/example_sensor_decorator.py
[2023-06-28T14:34:58.893+0000] {processor.py:836} INFO - DAG(s) dict_keys(['example_sensor_decorator']) retrieved from /home/airflow/.local/lib/python3.7/site-packages/airflow/example_dags/example_sensor_decorator.py
[2023-06-28T14:34:58.925+0000] {logging_mixin.py:149} INFO - [2023-06-28T14:34:58.924+0000] {dag.py:2726} INFO - Sync 1 DAGs
[2023-06-28T14:34:58.968+0000] {logging_mixin.py:149} INFO - [2023-06-28T14:34:58.968+0000] {dag.py:3490} INFO - Setting next_dagrun for example_sensor_decorator to None, run_after=None
[2023-06-28T14:34:58.999+0000] {processor.py:179} INFO - Processing /home/airflow/.local/lib/python3.7/site-packages/airflow/example_dags/example_sensor_decorator.py took 0.122 seconds
[2023-06-28T14:35:29.287+0000] {processor.py:157} INFO - Started process (PID=2243) to work on /home/airflow/.local/lib/python3.7/site-packages/airflow/example_dags/example_sensor_decorator.py
[2023-06-28T14:35:29.289+0000] {processor.py:826} INFO - Processing file /home/airflow/.local/lib/python3.7/site-packages/airflow/example_dags/example_sensor_decorator.py for tasks to queue
[2023-06-28T14:35:29.290+0000] {logging_mixin.py:149} INFO - [2023-06-28T14:35:29.290+0000] {dagbag.py:541} INFO - Filling up the DagBag from /home/airflow/.local/lib/python3.7/site-packages/airflow/example_dags/example_sensor_decorator.py
[2023-06-28T14:35:29.299+0000] {processor.py:836} INFO - DAG(s) dict_keys(['example_sensor_decorator']) retrieved from /home/airflow/.local/lib/python3.7/site-packages/airflow/example_dags/example_sensor_decorator.py
[2023-06-28T14:35:29.338+0000] {logging_mixin.py:149} INFO - [2023-06-28T14:35:29.338+0000] {dag.py:2726} INFO - Sync 1 DAGs
[2023-06-28T14:35:29.380+0000] {logging_mixin.py:149} INFO - [2023-06-28T14:35:29.380+0000] {dag.py:3490} INFO - Setting next_dagrun for example_sensor_decorator to None, run_after=None
[2023-06-28T14:35:29.415+0000] {processor.py:179} INFO - Processing /home/airflow/.local/lib/python3.7/site-packages/airflow/example_dags/example_sensor_decorator.py took 0.132 seconds
[2023-06-28T14:35:59.606+0000] {processor.py:157} INFO - Started process (PID=2303) to work on /home/airflow/.local/lib/python3.7/site-packages/airflow/example_dags/example_sensor_decorator.py
[2023-06-28T14:35:59.607+0000] {processor.py:826} INFO - Processing file /home/airflow/.local/lib/python3.7/site-packages/airflow/example_dags/example_sensor_decorator.py for tasks to queue
[2023-06-28T14:35:59.609+0000] {logging_mixin.py:149} INFO - [2023-06-28T14:35:59.608+0000] {dagbag.py:541} INFO - Filling up the DagBag from /home/airflow/.local/lib/python3.7/site-packages/airflow/example_dags/example_sensor_decorator.py
[2023-06-28T14:35:59.619+0000] {processor.py:836} INFO - DAG(s) dict_keys(['example_sensor_decorator']) retrieved from /home/airflow/.local/lib/python3.7/site-packages/airflow/example_dags/example_sensor_decorator.py
[2023-06-28T14:35:59.653+0000] {logging_mixin.py:149} INFO - [2023-06-28T14:35:59.653+0000] {dag.py:2726} INFO - Sync 1 DAGs
[2023-06-28T14:35:59.686+0000] {logging_mixin.py:149} INFO - [2023-06-28T14:35:59.686+0000] {dag.py:3490} INFO - Setting next_dagrun for example_sensor_decorator to None, run_after=None
[2023-06-28T14:35:59.733+0000] {processor.py:179} INFO - Processing /home/airflow/.local/lib/python3.7/site-packages/airflow/example_dags/example_sensor_decorator.py took 0.132 seconds
[2023-06-28T14:36:29.972+0000] {processor.py:157} INFO - Started process (PID=2362) to work on /home/airflow/.local/lib/python3.7/site-packages/airflow/example_dags/example_sensor_decorator.py
[2023-06-28T14:36:29.974+0000] {processor.py:826} INFO - Processing file /home/airflow/.local/lib/python3.7/site-packages/airflow/example_dags/example_sensor_decorator.py for tasks to queue
[2023-06-28T14:36:29.976+0000] {logging_mixin.py:149} INFO - [2023-06-28T14:36:29.975+0000] {dagbag.py:541} INFO - Filling up the DagBag from /home/airflow/.local/lib/python3.7/site-packages/airflow/example_dags/example_sensor_decorator.py
[2023-06-28T14:36:29.985+0000] {processor.py:836} INFO - DAG(s) dict_keys(['example_sensor_decorator']) retrieved from /home/airflow/.local/lib/python3.7/site-packages/airflow/example_dags/example_sensor_decorator.py
[2023-06-28T14:36:30.021+0000] {logging_mixin.py:149} INFO - [2023-06-28T14:36:30.020+0000] {dag.py:2726} INFO - Sync 1 DAGs
[2023-06-28T14:36:30.063+0000] {logging_mixin.py:149} INFO - [2023-06-28T14:36:30.062+0000] {dag.py:3490} INFO - Setting next_dagrun for example_sensor_decorator to None, run_after=None
[2023-06-28T14:36:30.099+0000] {processor.py:179} INFO - Processing /home/airflow/.local/lib/python3.7/site-packages/airflow/example_dags/example_sensor_decorator.py took 0.132 seconds
[2023-06-28T14:37:00.265+0000] {processor.py:157} INFO - Started process (PID=2421) to work on /home/airflow/.local/lib/python3.7/site-packages/airflow/example_dags/example_sensor_decorator.py
[2023-06-28T14:37:00.267+0000] {processor.py:826} INFO - Processing file /home/airflow/.local/lib/python3.7/site-packages/airflow/example_dags/example_sensor_decorator.py for tasks to queue
[2023-06-28T14:37:00.269+0000] {logging_mixin.py:149} INFO - [2023-06-28T14:37:00.268+0000] {dagbag.py:541} INFO - Filling up the DagBag from /home/airflow/.local/lib/python3.7/site-packages/airflow/example_dags/example_sensor_decorator.py
[2023-06-28T14:37:00.287+0000] {processor.py:836} INFO - DAG(s) dict_keys(['example_sensor_decorator']) retrieved from /home/airflow/.local/lib/python3.7/site-packages/airflow/example_dags/example_sensor_decorator.py
[2023-06-28T14:37:00.353+0000] {logging_mixin.py:149} INFO - [2023-06-28T14:37:00.352+0000] {dag.py:2726} INFO - Sync 1 DAGs
[2023-06-28T14:37:00.424+0000] {logging_mixin.py:149} INFO - [2023-06-28T14:37:00.424+0000] {dag.py:3490} INFO - Setting next_dagrun for example_sensor_decorator to None, run_after=None
[2023-06-28T14:37:00.476+0000] {processor.py:179} INFO - Processing /home/airflow/.local/lib/python3.7/site-packages/airflow/example_dags/example_sensor_decorator.py took 0.217 seconds
[2023-06-28T14:37:30.549+0000] {processor.py:157} INFO - Started process (PID=2480) to work on /home/airflow/.local/lib/python3.7/site-packages/airflow/example_dags/example_sensor_decorator.py
[2023-06-28T14:37:30.550+0000] {processor.py:826} INFO - Processing file /home/airflow/.local/lib/python3.7/site-packages/airflow/example_dags/example_sensor_decorator.py for tasks to queue
[2023-06-28T14:37:30.551+0000] {logging_mixin.py:149} INFO - [2023-06-28T14:37:30.551+0000] {dagbag.py:541} INFO - Filling up the DagBag from /home/airflow/.local/lib/python3.7/site-packages/airflow/example_dags/example_sensor_decorator.py
[2023-06-28T14:37:30.560+0000] {processor.py:836} INFO - DAG(s) dict_keys(['example_sensor_decorator']) retrieved from /home/airflow/.local/lib/python3.7/site-packages/airflow/example_dags/example_sensor_decorator.py
[2023-06-28T14:37:30.600+0000] {logging_mixin.py:149} INFO - [2023-06-28T14:37:30.600+0000] {dag.py:2726} INFO - Sync 1 DAGs
[2023-06-28T14:37:30.647+0000] {logging_mixin.py:149} INFO - [2023-06-28T14:37:30.647+0000] {dag.py:3490} INFO - Setting next_dagrun for example_sensor_decorator to None, run_after=None
[2023-06-28T14:37:30.688+0000] {processor.py:179} INFO - Processing /home/airflow/.local/lib/python3.7/site-packages/airflow/example_dags/example_sensor_decorator.py took 0.144 seconds
[2023-06-28T14:38:00.897+0000] {processor.py:157} INFO - Started process (PID=2540) to work on /home/airflow/.local/lib/python3.7/site-packages/airflow/example_dags/example_sensor_decorator.py
[2023-06-28T14:38:00.899+0000] {processor.py:826} INFO - Processing file /home/airflow/.local/lib/python3.7/site-packages/airflow/example_dags/example_sensor_decorator.py for tasks to queue
[2023-06-28T14:38:00.900+0000] {logging_mixin.py:149} INFO - [2023-06-28T14:38:00.900+0000] {dagbag.py:541} INFO - Filling up the DagBag from /home/airflow/.local/lib/python3.7/site-packages/airflow/example_dags/example_sensor_decorator.py
[2023-06-28T14:38:00.910+0000] {processor.py:836} INFO - DAG(s) dict_keys(['example_sensor_decorator']) retrieved from /home/airflow/.local/lib/python3.7/site-packages/airflow/example_dags/example_sensor_decorator.py
[2023-06-28T14:38:00.946+0000] {logging_mixin.py:149} INFO - [2023-06-28T14:38:00.946+0000] {dag.py:2726} INFO - Sync 1 DAGs
[2023-06-28T14:38:00.982+0000] {logging_mixin.py:149} INFO - [2023-06-28T14:38:00.982+0000] {dag.py:3490} INFO - Setting next_dagrun for example_sensor_decorator to None, run_after=None
[2023-06-28T14:38:01.019+0000] {processor.py:179} INFO - Processing /home/airflow/.local/lib/python3.7/site-packages/airflow/example_dags/example_sensor_decorator.py took 0.128 seconds
[2023-06-28T14:38:31.516+0000] {processor.py:157} INFO - Started process (PID=2599) to work on /home/airflow/.local/lib/python3.7/site-packages/airflow/example_dags/example_sensor_decorator.py
[2023-06-28T14:38:31.518+0000] {processor.py:826} INFO - Processing file /home/airflow/.local/lib/python3.7/site-packages/airflow/example_dags/example_sensor_decorator.py for tasks to queue
[2023-06-28T14:38:31.520+0000] {logging_mixin.py:149} INFO - [2023-06-28T14:38:31.519+0000] {dagbag.py:541} INFO - Filling up the DagBag from /home/airflow/.local/lib/python3.7/site-packages/airflow/example_dags/example_sensor_decorator.py
[2023-06-28T14:38:31.528+0000] {processor.py:836} INFO - DAG(s) dict_keys(['example_sensor_decorator']) retrieved from /home/airflow/.local/lib/python3.7/site-packages/airflow/example_dags/example_sensor_decorator.py
[2023-06-28T14:38:31.567+0000] {logging_mixin.py:149} INFO - [2023-06-28T14:38:31.567+0000] {dag.py:2726} INFO - Sync 1 DAGs
[2023-06-28T14:38:31.607+0000] {logging_mixin.py:149} INFO - [2023-06-28T14:38:31.606+0000] {dag.py:3490} INFO - Setting next_dagrun for example_sensor_decorator to None, run_after=None
[2023-06-28T14:38:31.655+0000] {processor.py:179} INFO - Processing /home/airflow/.local/lib/python3.7/site-packages/airflow/example_dags/example_sensor_decorator.py took 0.143 seconds
[2023-06-28T14:39:02.021+0000] {processor.py:157} INFO - Started process (PID=2658) to work on /home/airflow/.local/lib/python3.7/site-packages/airflow/example_dags/example_sensor_decorator.py
[2023-06-28T14:39:02.023+0000] {processor.py:826} INFO - Processing file /home/airflow/.local/lib/python3.7/site-packages/airflow/example_dags/example_sensor_decorator.py for tasks to queue
[2023-06-28T14:39:02.024+0000] {logging_mixin.py:149} INFO - [2023-06-28T14:39:02.024+0000] {dagbag.py:541} INFO - Filling up the DagBag from /home/airflow/.local/lib/python3.7/site-packages/airflow/example_dags/example_sensor_decorator.py
[2023-06-28T14:39:02.031+0000] {processor.py:836} INFO - DAG(s) dict_keys(['example_sensor_decorator']) retrieved from /home/airflow/.local/lib/python3.7/site-packages/airflow/example_dags/example_sensor_decorator.py
[2023-06-28T14:39:02.065+0000] {logging_mixin.py:149} INFO - [2023-06-28T14:39:02.065+0000] {dag.py:2726} INFO - Sync 1 DAGs
[2023-06-28T14:39:02.107+0000] {logging_mixin.py:149} INFO - [2023-06-28T14:39:02.106+0000] {dag.py:3490} INFO - Setting next_dagrun for example_sensor_decorator to None, run_after=None
[2023-06-28T14:39:02.159+0000] {processor.py:179} INFO - Processing /home/airflow/.local/lib/python3.7/site-packages/airflow/example_dags/example_sensor_decorator.py took 0.143 seconds
[2023-06-28T14:39:32.523+0000] {processor.py:157} INFO - Started process (PID=2717) to work on /home/airflow/.local/lib/python3.7/site-packages/airflow/example_dags/example_sensor_decorator.py
[2023-06-28T14:39:32.525+0000] {processor.py:826} INFO - Processing file /home/airflow/.local/lib/python3.7/site-packages/airflow/example_dags/example_sensor_decorator.py for tasks to queue
[2023-06-28T14:39:32.527+0000] {logging_mixin.py:149} INFO - [2023-06-28T14:39:32.526+0000] {dagbag.py:541} INFO - Filling up the DagBag from /home/airflow/.local/lib/python3.7/site-packages/airflow/example_dags/example_sensor_decorator.py
[2023-06-28T14:39:32.539+0000] {processor.py:836} INFO - DAG(s) dict_keys(['example_sensor_decorator']) retrieved from /home/airflow/.local/lib/python3.7/site-packages/airflow/example_dags/example_sensor_decorator.py
[2023-06-28T14:39:32.603+0000] {logging_mixin.py:149} INFO - [2023-06-28T14:39:32.602+0000] {dag.py:2726} INFO - Sync 1 DAGs
[2023-06-28T14:39:32.659+0000] {logging_mixin.py:149} INFO - [2023-06-28T14:39:32.659+0000] {dag.py:3490} INFO - Setting next_dagrun for example_sensor_decorator to None, run_after=None
[2023-06-28T14:39:32.716+0000] {processor.py:179} INFO - Processing /home/airflow/.local/lib/python3.7/site-packages/airflow/example_dags/example_sensor_decorator.py took 0.200 seconds
[2023-06-28T14:40:03.080+0000] {processor.py:157} INFO - Started process (PID=2777) to work on /home/airflow/.local/lib/python3.7/site-packages/airflow/example_dags/example_sensor_decorator.py
[2023-06-28T14:40:03.081+0000] {processor.py:826} INFO - Processing file /home/airflow/.local/lib/python3.7/site-packages/airflow/example_dags/example_sensor_decorator.py for tasks to queue
[2023-06-28T14:40:03.083+0000] {logging_mixin.py:149} INFO - [2023-06-28T14:40:03.083+0000] {dagbag.py:541} INFO - Filling up the DagBag from /home/airflow/.local/lib/python3.7/site-packages/airflow/example_dags/example_sensor_decorator.py
[2023-06-28T14:40:03.093+0000] {processor.py:836} INFO - DAG(s) dict_keys(['example_sensor_decorator']) retrieved from /home/airflow/.local/lib/python3.7/site-packages/airflow/example_dags/example_sensor_decorator.py
[2023-06-28T14:40:03.132+0000] {logging_mixin.py:149} INFO - [2023-06-28T14:40:03.132+0000] {dag.py:2726} INFO - Sync 1 DAGs
[2023-06-28T14:40:03.182+0000] {logging_mixin.py:149} INFO - [2023-06-28T14:40:03.181+0000] {dag.py:3490} INFO - Setting next_dagrun for example_sensor_decorator to None, run_after=None
[2023-06-28T14:40:03.228+0000] {processor.py:179} INFO - Processing /home/airflow/.local/lib/python3.7/site-packages/airflow/example_dags/example_sensor_decorator.py took 0.155 seconds
[2023-06-28T14:40:33.702+0000] {processor.py:157} INFO - Started process (PID=2836) to work on /home/airflow/.local/lib/python3.7/site-packages/airflow/example_dags/example_sensor_decorator.py
[2023-06-28T14:40:33.704+0000] {processor.py:826} INFO - Processing file /home/airflow/.local/lib/python3.7/site-packages/airflow/example_dags/example_sensor_decorator.py for tasks to queue
[2023-06-28T14:40:33.705+0000] {logging_mixin.py:149} INFO - [2023-06-28T14:40:33.705+0000] {dagbag.py:541} INFO - Filling up the DagBag from /home/airflow/.local/lib/python3.7/site-packages/airflow/example_dags/example_sensor_decorator.py
[2023-06-28T14:40:33.713+0000] {processor.py:836} INFO - DAG(s) dict_keys(['example_sensor_decorator']) retrieved from /home/airflow/.local/lib/python3.7/site-packages/airflow/example_dags/example_sensor_decorator.py
[2023-06-28T14:40:33.749+0000] {logging_mixin.py:149} INFO - [2023-06-28T14:40:33.749+0000] {dag.py:2726} INFO - Sync 1 DAGs
[2023-06-28T14:40:33.789+0000] {logging_mixin.py:149} INFO - [2023-06-28T14:40:33.789+0000] {dag.py:3490} INFO - Setting next_dagrun for example_sensor_decorator to None, run_after=None
[2023-06-28T14:40:33.823+0000] {processor.py:179} INFO - Processing /home/airflow/.local/lib/python3.7/site-packages/airflow/example_dags/example_sensor_decorator.py took 0.125 seconds
[2023-06-28T14:41:04.075+0000] {processor.py:157} INFO - Started process (PID=2895) to work on /home/airflow/.local/lib/python3.7/site-packages/airflow/example_dags/example_sensor_decorator.py
[2023-06-28T14:41:04.076+0000] {processor.py:826} INFO - Processing file /home/airflow/.local/lib/python3.7/site-packages/airflow/example_dags/example_sensor_decorator.py for tasks to queue
[2023-06-28T14:41:04.078+0000] {logging_mixin.py:149} INFO - [2023-06-28T14:41:04.078+0000] {dagbag.py:541} INFO - Filling up the DagBag from /home/airflow/.local/lib/python3.7/site-packages/airflow/example_dags/example_sensor_decorator.py
[2023-06-28T14:41:04.085+0000] {processor.py:836} INFO - DAG(s) dict_keys(['example_sensor_decorator']) retrieved from /home/airflow/.local/lib/python3.7/site-packages/airflow/example_dags/example_sensor_decorator.py
[2023-06-28T14:41:04.121+0000] {logging_mixin.py:149} INFO - [2023-06-28T14:41:04.120+0000] {dag.py:2726} INFO - Sync 1 DAGs
[2023-06-28T14:41:04.161+0000] {logging_mixin.py:149} INFO - [2023-06-28T14:41:04.160+0000] {dag.py:3490} INFO - Setting next_dagrun for example_sensor_decorator to None, run_after=None
[2023-06-28T14:41:04.200+0000] {processor.py:179} INFO - Processing /home/airflow/.local/lib/python3.7/site-packages/airflow/example_dags/example_sensor_decorator.py took 0.129 seconds
[2023-06-28T14:41:34.395+0000] {processor.py:157} INFO - Started process (PID=2955) to work on /home/airflow/.local/lib/python3.7/site-packages/airflow/example_dags/example_sensor_decorator.py
[2023-06-28T14:41:34.396+0000] {processor.py:826} INFO - Processing file /home/airflow/.local/lib/python3.7/site-packages/airflow/example_dags/example_sensor_decorator.py for tasks to queue
[2023-06-28T14:41:34.398+0000] {logging_mixin.py:149} INFO - [2023-06-28T14:41:34.397+0000] {dagbag.py:541} INFO - Filling up the DagBag from /home/airflow/.local/lib/python3.7/site-packages/airflow/example_dags/example_sensor_decorator.py
[2023-06-28T14:41:34.405+0000] {processor.py:836} INFO - DAG(s) dict_keys(['example_sensor_decorator']) retrieved from /home/airflow/.local/lib/python3.7/site-packages/airflow/example_dags/example_sensor_decorator.py
[2023-06-28T14:41:34.439+0000] {logging_mixin.py:149} INFO - [2023-06-28T14:41:34.439+0000] {dag.py:2726} INFO - Sync 1 DAGs
[2023-06-28T14:41:34.479+0000] {logging_mixin.py:149} INFO - [2023-06-28T14:41:34.479+0000] {dag.py:3490} INFO - Setting next_dagrun for example_sensor_decorator to None, run_after=None
[2023-06-28T14:41:34.520+0000] {processor.py:179} INFO - Processing /home/airflow/.local/lib/python3.7/site-packages/airflow/example_dags/example_sensor_decorator.py took 0.130 seconds
[2023-06-28T14:42:04.700+0000] {processor.py:157} INFO - Started process (PID=3014) to work on /home/airflow/.local/lib/python3.7/site-packages/airflow/example_dags/example_sensor_decorator.py
[2023-06-28T14:42:04.702+0000] {processor.py:826} INFO - Processing file /home/airflow/.local/lib/python3.7/site-packages/airflow/example_dags/example_sensor_decorator.py for tasks to queue
[2023-06-28T14:42:04.704+0000] {logging_mixin.py:149} INFO - [2023-06-28T14:42:04.703+0000] {dagbag.py:541} INFO - Filling up the DagBag from /home/airflow/.local/lib/python3.7/site-packages/airflow/example_dags/example_sensor_decorator.py
[2023-06-28T14:42:04.714+0000] {processor.py:836} INFO - DAG(s) dict_keys(['example_sensor_decorator']) retrieved from /home/airflow/.local/lib/python3.7/site-packages/airflow/example_dags/example_sensor_decorator.py
[2023-06-28T14:42:04.752+0000] {logging_mixin.py:149} INFO - [2023-06-28T14:42:04.751+0000] {dag.py:2726} INFO - Sync 1 DAGs
[2023-06-28T14:42:04.794+0000] {logging_mixin.py:149} INFO - [2023-06-28T14:42:04.793+0000] {dag.py:3490} INFO - Setting next_dagrun for example_sensor_decorator to None, run_after=None
[2023-06-28T14:42:04.843+0000] {processor.py:179} INFO - Processing /home/airflow/.local/lib/python3.7/site-packages/airflow/example_dags/example_sensor_decorator.py took 0.148 seconds
[2023-06-28T14:42:35.376+0000] {processor.py:157} INFO - Started process (PID=3073) to work on /home/airflow/.local/lib/python3.7/site-packages/airflow/example_dags/example_sensor_decorator.py
[2023-06-28T14:42:35.378+0000] {processor.py:826} INFO - Processing file /home/airflow/.local/lib/python3.7/site-packages/airflow/example_dags/example_sensor_decorator.py for tasks to queue
[2023-06-28T14:42:35.379+0000] {logging_mixin.py:149} INFO - [2023-06-28T14:42:35.379+0000] {dagbag.py:541} INFO - Filling up the DagBag from /home/airflow/.local/lib/python3.7/site-packages/airflow/example_dags/example_sensor_decorator.py
[2023-06-28T14:42:35.387+0000] {processor.py:836} INFO - DAG(s) dict_keys(['example_sensor_decorator']) retrieved from /home/airflow/.local/lib/python3.7/site-packages/airflow/example_dags/example_sensor_decorator.py
[2023-06-28T14:42:35.418+0000] {logging_mixin.py:149} INFO - [2023-06-28T14:42:35.418+0000] {dag.py:2726} INFO - Sync 1 DAGs
[2023-06-28T14:42:35.479+0000] {logging_mixin.py:149} INFO - [2023-06-28T14:42:35.478+0000] {dag.py:3490} INFO - Setting next_dagrun for example_sensor_decorator to None, run_after=None
[2023-06-28T14:42:35.549+0000] {processor.py:179} INFO - Processing /home/airflow/.local/lib/python3.7/site-packages/airflow/example_dags/example_sensor_decorator.py took 0.179 seconds
[2023-06-28T14:43:05.677+0000] {processor.py:157} INFO - Started process (PID=3133) to work on /home/airflow/.local/lib/python3.7/site-packages/airflow/example_dags/example_sensor_decorator.py
[2023-06-28T14:43:05.679+0000] {processor.py:826} INFO - Processing file /home/airflow/.local/lib/python3.7/site-packages/airflow/example_dags/example_sensor_decorator.py for tasks to queue
[2023-06-28T14:43:05.680+0000] {logging_mixin.py:149} INFO - [2023-06-28T14:43:05.680+0000] {dagbag.py:541} INFO - Filling up the DagBag from /home/airflow/.local/lib/python3.7/site-packages/airflow/example_dags/example_sensor_decorator.py
[2023-06-28T14:43:05.688+0000] {processor.py:836} INFO - DAG(s) dict_keys(['example_sensor_decorator']) retrieved from /home/airflow/.local/lib/python3.7/site-packages/airflow/example_dags/example_sensor_decorator.py
[2023-06-28T14:43:05.731+0000] {logging_mixin.py:149} INFO - [2023-06-28T14:43:05.731+0000] {dag.py:2726} INFO - Sync 1 DAGs
[2023-06-28T14:43:05.775+0000] {logging_mixin.py:149} INFO - [2023-06-28T14:43:05.774+0000] {dag.py:3490} INFO - Setting next_dagrun for example_sensor_decorator to None, run_after=None
[2023-06-28T14:43:05.816+0000] {processor.py:179} INFO - Processing /home/airflow/.local/lib/python3.7/site-packages/airflow/example_dags/example_sensor_decorator.py took 0.146 seconds
[2023-06-28T14:43:36.772+0000] {processor.py:157} INFO - Started process (PID=3192) to work on /home/airflow/.local/lib/python3.7/site-packages/airflow/example_dags/example_sensor_decorator.py
[2023-06-28T14:43:36.775+0000] {processor.py:826} INFO - Processing file /home/airflow/.local/lib/python3.7/site-packages/airflow/example_dags/example_sensor_decorator.py for tasks to queue
[2023-06-28T14:43:36.779+0000] {logging_mixin.py:149} INFO - [2023-06-28T14:43:36.779+0000] {dagbag.py:541} INFO - Filling up the DagBag from /home/airflow/.local/lib/python3.7/site-packages/airflow/example_dags/example_sensor_decorator.py
[2023-06-28T14:43:36.814+0000] {processor.py:836} INFO - DAG(s) dict_keys(['example_sensor_decorator']) retrieved from /home/airflow/.local/lib/python3.7/site-packages/airflow/example_dags/example_sensor_decorator.py
[2023-06-28T14:43:36.950+0000] {logging_mixin.py:149} INFO - [2023-06-28T14:43:36.940+0000] {dag.py:2726} INFO - Sync 1 DAGs
[2023-06-28T14:43:37.120+0000] {logging_mixin.py:149} INFO - [2023-06-28T14:43:37.120+0000] {dag.py:3490} INFO - Setting next_dagrun for example_sensor_decorator to None, run_after=None
[2023-06-28T14:43:37.281+0000] {processor.py:179} INFO - Processing /home/airflow/.local/lib/python3.7/site-packages/airflow/example_dags/example_sensor_decorator.py took 0.524 seconds
[2023-06-28T14:44:08.246+0000] {processor.py:157} INFO - Started process (PID=3251) to work on /home/airflow/.local/lib/python3.7/site-packages/airflow/example_dags/example_sensor_decorator.py
[2023-06-28T14:44:08.247+0000] {processor.py:826} INFO - Processing file /home/airflow/.local/lib/python3.7/site-packages/airflow/example_dags/example_sensor_decorator.py for tasks to queue
[2023-06-28T14:44:08.248+0000] {logging_mixin.py:149} INFO - [2023-06-28T14:44:08.248+0000] {dagbag.py:541} INFO - Filling up the DagBag from /home/airflow/.local/lib/python3.7/site-packages/airflow/example_dags/example_sensor_decorator.py
[2023-06-28T14:44:08.256+0000] {processor.py:836} INFO - DAG(s) dict_keys(['example_sensor_decorator']) retrieved from /home/airflow/.local/lib/python3.7/site-packages/airflow/example_dags/example_sensor_decorator.py
[2023-06-28T14:44:08.289+0000] {logging_mixin.py:149} INFO - [2023-06-28T14:44:08.288+0000] {dag.py:2726} INFO - Sync 1 DAGs
[2023-06-28T14:44:08.324+0000] {logging_mixin.py:149} INFO - [2023-06-28T14:44:08.323+0000] {dag.py:3490} INFO - Setting next_dagrun for example_sensor_decorator to None, run_after=None
[2023-06-28T14:44:08.376+0000] {processor.py:179} INFO - Processing /home/airflow/.local/lib/python3.7/site-packages/airflow/example_dags/example_sensor_decorator.py took 0.135 seconds
[2023-06-28T14:44:38.967+0000] {processor.py:157} INFO - Started process (PID=3310) to work on /home/airflow/.local/lib/python3.7/site-packages/airflow/example_dags/example_sensor_decorator.py
[2023-06-28T14:44:38.968+0000] {processor.py:826} INFO - Processing file /home/airflow/.local/lib/python3.7/site-packages/airflow/example_dags/example_sensor_decorator.py for tasks to queue
[2023-06-28T14:44:38.970+0000] {logging_mixin.py:149} INFO - [2023-06-28T14:44:38.969+0000] {dagbag.py:541} INFO - Filling up the DagBag from /home/airflow/.local/lib/python3.7/site-packages/airflow/example_dags/example_sensor_decorator.py
[2023-06-28T14:44:38.978+0000] {processor.py:836} INFO - DAG(s) dict_keys(['example_sensor_decorator']) retrieved from /home/airflow/.local/lib/python3.7/site-packages/airflow/example_dags/example_sensor_decorator.py
[2023-06-28T14:44:39.012+0000] {logging_mixin.py:149} INFO - [2023-06-28T14:44:39.012+0000] {dag.py:2726} INFO - Sync 1 DAGs
[2023-06-28T14:44:39.053+0000] {logging_mixin.py:149} INFO - [2023-06-28T14:44:39.053+0000] {dag.py:3490} INFO - Setting next_dagrun for example_sensor_decorator to None, run_after=None
[2023-06-28T14:44:39.086+0000] {processor.py:179} INFO - Processing /home/airflow/.local/lib/python3.7/site-packages/airflow/example_dags/example_sensor_decorator.py took 0.124 seconds
[2023-06-28T14:45:09.988+0000] {processor.py:157} INFO - Started process (PID=3369) to work on /home/airflow/.local/lib/python3.7/site-packages/airflow/example_dags/example_sensor_decorator.py
[2023-06-28T14:45:09.990+0000] {processor.py:826} INFO - Processing file /home/airflow/.local/lib/python3.7/site-packages/airflow/example_dags/example_sensor_decorator.py for tasks to queue
[2023-06-28T14:45:09.991+0000] {logging_mixin.py:149} INFO - [2023-06-28T14:45:09.991+0000] {dagbag.py:541} INFO - Filling up the DagBag from /home/airflow/.local/lib/python3.7/site-packages/airflow/example_dags/example_sensor_decorator.py
[2023-06-28T14:45:10.000+0000] {processor.py:836} INFO - DAG(s) dict_keys(['example_sensor_decorator']) retrieved from /home/airflow/.local/lib/python3.7/site-packages/airflow/example_dags/example_sensor_decorator.py
[2023-06-28T14:45:10.035+0000] {logging_mixin.py:149} INFO - [2023-06-28T14:45:10.035+0000] {dag.py:2726} INFO - Sync 1 DAGs
[2023-06-28T14:45:10.082+0000] {logging_mixin.py:149} INFO - [2023-06-28T14:45:10.081+0000] {dag.py:3490} INFO - Setting next_dagrun for example_sensor_decorator to None, run_after=None
[2023-06-28T14:45:10.120+0000] {processor.py:179} INFO - Processing /home/airflow/.local/lib/python3.7/site-packages/airflow/example_dags/example_sensor_decorator.py took 0.138 seconds
[2023-06-28T14:45:40.981+0000] {processor.py:157} INFO - Started process (PID=3430) to work on /home/airflow/.local/lib/python3.7/site-packages/airflow/example_dags/example_sensor_decorator.py
[2023-06-28T14:45:40.995+0000] {processor.py:826} INFO - Processing file /home/airflow/.local/lib/python3.7/site-packages/airflow/example_dags/example_sensor_decorator.py for tasks to queue
[2023-06-28T14:45:41.010+0000] {logging_mixin.py:149} INFO - [2023-06-28T14:45:41.010+0000] {dagbag.py:541} INFO - Filling up the DagBag from /home/airflow/.local/lib/python3.7/site-packages/airflow/example_dags/example_sensor_decorator.py
[2023-06-28T14:45:41.048+0000] {processor.py:836} INFO - DAG(s) dict_keys(['example_sensor_decorator']) retrieved from /home/airflow/.local/lib/python3.7/site-packages/airflow/example_dags/example_sensor_decorator.py
[2023-06-28T14:45:41.186+0000] {logging_mixin.py:149} INFO - [2023-06-28T14:45:41.185+0000] {dag.py:2726} INFO - Sync 1 DAGs
[2023-06-28T14:45:41.242+0000] {logging_mixin.py:149} INFO - [2023-06-28T14:45:41.242+0000] {dag.py:3490} INFO - Setting next_dagrun for example_sensor_decorator to None, run_after=None
[2023-06-28T14:45:41.284+0000] {processor.py:179} INFO - Processing /home/airflow/.local/lib/python3.7/site-packages/airflow/example_dags/example_sensor_decorator.py took 0.328 seconds
[2023-06-28T14:46:12.003+0000] {processor.py:157} INFO - Started process (PID=3489) to work on /home/airflow/.local/lib/python3.7/site-packages/airflow/example_dags/example_sensor_decorator.py
[2023-06-28T14:46:12.012+0000] {processor.py:826} INFO - Processing file /home/airflow/.local/lib/python3.7/site-packages/airflow/example_dags/example_sensor_decorator.py for tasks to queue
[2023-06-28T14:46:12.024+0000] {logging_mixin.py:149} INFO - [2023-06-28T14:46:12.024+0000] {dagbag.py:541} INFO - Filling up the DagBag from /home/airflow/.local/lib/python3.7/site-packages/airflow/example_dags/example_sensor_decorator.py
[2023-06-28T14:46:12.063+0000] {processor.py:836} INFO - DAG(s) dict_keys(['example_sensor_decorator']) retrieved from /home/airflow/.local/lib/python3.7/site-packages/airflow/example_dags/example_sensor_decorator.py
[2023-06-28T14:46:12.301+0000] {logging_mixin.py:149} INFO - [2023-06-28T14:46:12.300+0000] {dag.py:2726} INFO - Sync 1 DAGs
[2023-06-28T14:46:12.571+0000] {logging_mixin.py:149} INFO - [2023-06-28T14:46:12.570+0000] {dag.py:3490} INFO - Setting next_dagrun for example_sensor_decorator to None, run_after=None
[2023-06-28T14:46:12.692+0000] {processor.py:179} INFO - Processing /home/airflow/.local/lib/python3.7/site-packages/airflow/example_dags/example_sensor_decorator.py took 0.748 seconds
[2023-06-28T14:46:43.369+0000] {processor.py:157} INFO - Started process (PID=3548) to work on /home/airflow/.local/lib/python3.7/site-packages/airflow/example_dags/example_sensor_decorator.py
[2023-06-28T14:46:43.371+0000] {processor.py:826} INFO - Processing file /home/airflow/.local/lib/python3.7/site-packages/airflow/example_dags/example_sensor_decorator.py for tasks to queue
[2023-06-28T14:46:43.373+0000] {logging_mixin.py:149} INFO - [2023-06-28T14:46:43.372+0000] {dagbag.py:541} INFO - Filling up the DagBag from /home/airflow/.local/lib/python3.7/site-packages/airflow/example_dags/example_sensor_decorator.py
[2023-06-28T14:46:43.387+0000] {processor.py:836} INFO - DAG(s) dict_keys(['example_sensor_decorator']) retrieved from /home/airflow/.local/lib/python3.7/site-packages/airflow/example_dags/example_sensor_decorator.py
[2023-06-28T14:46:43.444+0000] {logging_mixin.py:149} INFO - [2023-06-28T14:46:43.443+0000] {dag.py:2726} INFO - Sync 1 DAGs
[2023-06-28T14:46:43.521+0000] {logging_mixin.py:149} INFO - [2023-06-28T14:46:43.521+0000] {dag.py:3490} INFO - Setting next_dagrun for example_sensor_decorator to None, run_after=None
[2023-06-28T14:46:43.584+0000] {processor.py:179} INFO - Processing /home/airflow/.local/lib/python3.7/site-packages/airflow/example_dags/example_sensor_decorator.py took 0.227 seconds
[2023-06-28T14:47:14.479+0000] {processor.py:157} INFO - Started process (PID=3608) to work on /home/airflow/.local/lib/python3.7/site-packages/airflow/example_dags/example_sensor_decorator.py
[2023-06-28T14:47:14.488+0000] {processor.py:826} INFO - Processing file /home/airflow/.local/lib/python3.7/site-packages/airflow/example_dags/example_sensor_decorator.py for tasks to queue
[2023-06-28T14:47:14.492+0000] {logging_mixin.py:149} INFO - [2023-06-28T14:47:14.491+0000] {dagbag.py:541} INFO - Filling up the DagBag from /home/airflow/.local/lib/python3.7/site-packages/airflow/example_dags/example_sensor_decorator.py
[2023-06-28T14:47:14.525+0000] {processor.py:836} INFO - DAG(s) dict_keys(['example_sensor_decorator']) retrieved from /home/airflow/.local/lib/python3.7/site-packages/airflow/example_dags/example_sensor_decorator.py
[2023-06-28T14:47:14.609+0000] {logging_mixin.py:149} INFO - [2023-06-28T14:47:14.608+0000] {dag.py:2726} INFO - Sync 1 DAGs
[2023-06-28T14:47:14.693+0000] {logging_mixin.py:149} INFO - [2023-06-28T14:47:14.693+0000] {dag.py:3490} INFO - Setting next_dagrun for example_sensor_decorator to None, run_after=None
[2023-06-28T14:47:14.758+0000] {processor.py:179} INFO - Processing /home/airflow/.local/lib/python3.7/site-packages/airflow/example_dags/example_sensor_decorator.py took 0.285 seconds
[2023-06-28T14:47:44.959+0000] {processor.py:157} INFO - Started process (PID=3667) to work on /home/airflow/.local/lib/python3.7/site-packages/airflow/example_dags/example_sensor_decorator.py
[2023-06-28T14:47:44.962+0000] {processor.py:826} INFO - Processing file /home/airflow/.local/lib/python3.7/site-packages/airflow/example_dags/example_sensor_decorator.py for tasks to queue
[2023-06-28T14:47:44.968+0000] {logging_mixin.py:149} INFO - [2023-06-28T14:47:44.967+0000] {dagbag.py:541} INFO - Filling up the DagBag from /home/airflow/.local/lib/python3.7/site-packages/airflow/example_dags/example_sensor_decorator.py
[2023-06-28T14:47:44.986+0000] {processor.py:836} INFO - DAG(s) dict_keys(['example_sensor_decorator']) retrieved from /home/airflow/.local/lib/python3.7/site-packages/airflow/example_dags/example_sensor_decorator.py
[2023-06-28T14:47:45.065+0000] {logging_mixin.py:149} INFO - [2023-06-28T14:47:45.064+0000] {dag.py:2726} INFO - Sync 1 DAGs
[2023-06-28T14:47:45.116+0000] {logging_mixin.py:149} INFO - [2023-06-28T14:47:45.115+0000] {dag.py:3490} INFO - Setting next_dagrun for example_sensor_decorator to None, run_after=None
[2023-06-28T14:47:45.153+0000] {processor.py:179} INFO - Processing /home/airflow/.local/lib/python3.7/site-packages/airflow/example_dags/example_sensor_decorator.py took 0.201 seconds
[2023-06-28T14:48:15.542+0000] {processor.py:157} INFO - Started process (PID=3727) to work on /home/airflow/.local/lib/python3.7/site-packages/airflow/example_dags/example_sensor_decorator.py
[2023-06-28T14:48:15.556+0000] {processor.py:826} INFO - Processing file /home/airflow/.local/lib/python3.7/site-packages/airflow/example_dags/example_sensor_decorator.py for tasks to queue
[2023-06-28T14:48:15.562+0000] {logging_mixin.py:149} INFO - [2023-06-28T14:48:15.562+0000] {dagbag.py:541} INFO - Filling up the DagBag from /home/airflow/.local/lib/python3.7/site-packages/airflow/example_dags/example_sensor_decorator.py
[2023-06-28T14:48:15.602+0000] {processor.py:836} INFO - DAG(s) dict_keys(['example_sensor_decorator']) retrieved from /home/airflow/.local/lib/python3.7/site-packages/airflow/example_dags/example_sensor_decorator.py
[2023-06-28T14:48:15.747+0000] {logging_mixin.py:149} INFO - [2023-06-28T14:48:15.747+0000] {dag.py:2726} INFO - Sync 1 DAGs
[2023-06-28T14:48:15.960+0000] {logging_mixin.py:149} INFO - [2023-06-28T14:48:15.959+0000] {dag.py:3490} INFO - Setting next_dagrun for example_sensor_decorator to None, run_after=None
