[2023-06-28T14:16:40.433+0000] {processor.py:157} INFO - Started process (PID=72) to work on /home/airflow/.local/lib/python3.7/site-packages/airflow/example_dags/example_task_group_decorator.py
[2023-06-28T14:16:40.440+0000] {processor.py:826} INFO - Processing file /home/airflow/.local/lib/python3.7/site-packages/airflow/example_dags/example_task_group_decorator.py for tasks to queue
[2023-06-28T14:16:40.464+0000] {logging_mixin.py:149} INFO - [2023-06-28T14:16:40.463+0000] {dagbag.py:541} INFO - Filling up the DagBag from /home/airflow/.local/lib/python3.7/site-packages/airflow/example_dags/example_task_group_decorator.py
[2023-06-28T14:16:40.592+0000] {processor.py:836} INFO - DAG(s) dict_keys(['example_task_group_decorator']) retrieved from /home/airflow/.local/lib/python3.7/site-packages/airflow/example_dags/example_task_group_decorator.py
[2023-06-28T14:16:40.822+0000] {logging_mixin.py:149} INFO - [2023-06-28T14:16:40.822+0000] {dag.py:2726} INFO - Sync 1 DAGs
[2023-06-28T14:16:41.036+0000] {logging_mixin.py:149} INFO - [2023-06-28T14:16:41.036+0000] {dag.py:3490} INFO - Setting next_dagrun for example_task_group_decorator to 2023-06-27T14:16:41.035873+00:00, run_after=2023-06-28T14:16:41.035873+00:00
[2023-06-28T14:16:41.191+0000] {processor.py:179} INFO - Processing /home/airflow/.local/lib/python3.7/site-packages/airflow/example_dags/example_task_group_decorator.py took 0.775 seconds
[2023-06-28T14:17:14.025+0000] {processor.py:157} INFO - Started process (PID=131) to work on /home/airflow/.local/lib/python3.7/site-packages/airflow/example_dags/example_task_group_decorator.py
[2023-06-28T14:17:14.029+0000] {processor.py:826} INFO - Processing file /home/airflow/.local/lib/python3.7/site-packages/airflow/example_dags/example_task_group_decorator.py for tasks to queue
[2023-06-28T14:17:14.033+0000] {logging_mixin.py:149} INFO - [2023-06-28T14:17:14.032+0000] {dagbag.py:541} INFO - Filling up the DagBag from /home/airflow/.local/lib/python3.7/site-packages/airflow/example_dags/example_task_group_decorator.py
[2023-06-28T14:17:14.116+0000] {processor.py:836} INFO - DAG(s) dict_keys(['example_task_group_decorator']) retrieved from /home/airflow/.local/lib/python3.7/site-packages/airflow/example_dags/example_task_group_decorator.py
[2023-06-28T14:17:14.275+0000] {logging_mixin.py:149} INFO - [2023-06-28T14:17:14.275+0000] {dag.py:2726} INFO - Sync 1 DAGs
[2023-06-28T14:17:14.399+0000] {logging_mixin.py:149} INFO - [2023-06-28T14:17:14.399+0000] {dag.py:3490} INFO - Setting next_dagrun for example_task_group_decorator to 2023-06-27T14:17:14.398641+00:00, run_after=2023-06-28T14:17:14.398641+00:00
[2023-06-28T14:17:14.632+0000] {processor.py:179} INFO - Processing /home/airflow/.local/lib/python3.7/site-packages/airflow/example_dags/example_task_group_decorator.py took 0.612 seconds
[2023-06-28T14:17:45.627+0000] {processor.py:157} INFO - Started process (PID=189) to work on /home/airflow/.local/lib/python3.7/site-packages/airflow/example_dags/example_task_group_decorator.py
[2023-06-28T14:17:45.629+0000] {processor.py:826} INFO - Processing file /home/airflow/.local/lib/python3.7/site-packages/airflow/example_dags/example_task_group_decorator.py for tasks to queue
[2023-06-28T14:17:45.630+0000] {logging_mixin.py:149} INFO - [2023-06-28T14:17:45.630+0000] {dagbag.py:541} INFO - Filling up the DagBag from /home/airflow/.local/lib/python3.7/site-packages/airflow/example_dags/example_task_group_decorator.py
[2023-06-28T14:17:45.651+0000] {processor.py:836} INFO - DAG(s) dict_keys(['example_task_group_decorator']) retrieved from /home/airflow/.local/lib/python3.7/site-packages/airflow/example_dags/example_task_group_decorator.py
[2023-06-28T14:17:45.670+0000] {logging_mixin.py:149} INFO - [2023-06-28T14:17:45.669+0000] {dag.py:2726} INFO - Sync 1 DAGs
[2023-06-28T14:17:45.714+0000] {logging_mixin.py:149} INFO - [2023-06-28T14:17:45.713+0000] {dag.py:3490} INFO - Setting next_dagrun for example_task_group_decorator to 2023-06-27T14:17:45.713573+00:00, run_after=2023-06-28T14:17:45.713573+00:00
[2023-06-28T14:17:45.755+0000] {processor.py:179} INFO - Processing /home/airflow/.local/lib/python3.7/site-packages/airflow/example_dags/example_task_group_decorator.py took 0.134 seconds
[2023-06-28T14:18:15.954+0000] {processor.py:157} INFO - Started process (PID=248) to work on /home/airflow/.local/lib/python3.7/site-packages/airflow/example_dags/example_task_group_decorator.py
[2023-06-28T14:18:15.956+0000] {processor.py:826} INFO - Processing file /home/airflow/.local/lib/python3.7/site-packages/airflow/example_dags/example_task_group_decorator.py for tasks to queue
[2023-06-28T14:18:15.958+0000] {logging_mixin.py:149} INFO - [2023-06-28T14:18:15.958+0000] {dagbag.py:541} INFO - Filling up the DagBag from /home/airflow/.local/lib/python3.7/site-packages/airflow/example_dags/example_task_group_decorator.py
[2023-06-28T14:18:15.991+0000] {processor.py:836} INFO - DAG(s) dict_keys(['example_task_group_decorator']) retrieved from /home/airflow/.local/lib/python3.7/site-packages/airflow/example_dags/example_task_group_decorator.py
[2023-06-28T14:18:16.058+0000] {logging_mixin.py:149} INFO - [2023-06-28T14:18:16.057+0000] {dag.py:2726} INFO - Sync 1 DAGs
[2023-06-28T14:18:16.105+0000] {logging_mixin.py:149} INFO - [2023-06-28T14:18:16.105+0000] {dag.py:3490} INFO - Setting next_dagrun for example_task_group_decorator to 2023-06-27T14:18:16.105128+00:00, run_after=2023-06-28T14:18:16.105128+00:00
[2023-06-28T14:18:16.296+0000] {processor.py:179} INFO - Processing /home/airflow/.local/lib/python3.7/site-packages/airflow/example_dags/example_task_group_decorator.py took 0.348 seconds
[2023-06-28T14:18:46.521+0000] {processor.py:157} INFO - Started process (PID=307) to work on /home/airflow/.local/lib/python3.7/site-packages/airflow/example_dags/example_task_group_decorator.py
[2023-06-28T14:18:46.523+0000] {processor.py:826} INFO - Processing file /home/airflow/.local/lib/python3.7/site-packages/airflow/example_dags/example_task_group_decorator.py for tasks to queue
[2023-06-28T14:18:46.524+0000] {logging_mixin.py:149} INFO - [2023-06-28T14:18:46.524+0000] {dagbag.py:541} INFO - Filling up the DagBag from /home/airflow/.local/lib/python3.7/site-packages/airflow/example_dags/example_task_group_decorator.py
[2023-06-28T14:18:46.585+0000] {processor.py:836} INFO - DAG(s) dict_keys(['example_task_group_decorator']) retrieved from /home/airflow/.local/lib/python3.7/site-packages/airflow/example_dags/example_task_group_decorator.py
[2023-06-28T14:18:46.691+0000] {logging_mixin.py:149} INFO - [2023-06-28T14:18:46.691+0000] {dag.py:2726} INFO - Sync 1 DAGs
[2023-06-28T14:18:46.788+0000] {logging_mixin.py:149} INFO - [2023-06-28T14:18:46.777+0000] {dag.py:3490} INFO - Setting next_dagrun for example_task_group_decorator to 2023-06-27T14:18:46.776338+00:00, run_after=2023-06-28T14:18:46.776338+00:00
[2023-06-28T14:18:46.864+0000] {processor.py:179} INFO - Processing /home/airflow/.local/lib/python3.7/site-packages/airflow/example_dags/example_task_group_decorator.py took 0.358 seconds
[2023-06-28T14:19:17.167+0000] {processor.py:157} INFO - Started process (PID=365) to work on /home/airflow/.local/lib/python3.7/site-packages/airflow/example_dags/example_task_group_decorator.py
[2023-06-28T14:19:17.168+0000] {processor.py:826} INFO - Processing file /home/airflow/.local/lib/python3.7/site-packages/airflow/example_dags/example_task_group_decorator.py for tasks to queue
[2023-06-28T14:19:17.169+0000] {logging_mixin.py:149} INFO - [2023-06-28T14:19:17.169+0000] {dagbag.py:541} INFO - Filling up the DagBag from /home/airflow/.local/lib/python3.7/site-packages/airflow/example_dags/example_task_group_decorator.py
[2023-06-28T14:19:17.193+0000] {processor.py:836} INFO - DAG(s) dict_keys(['example_task_group_decorator']) retrieved from /home/airflow/.local/lib/python3.7/site-packages/airflow/example_dags/example_task_group_decorator.py
[2023-06-28T14:19:17.236+0000] {logging_mixin.py:149} INFO - [2023-06-28T14:19:17.236+0000] {dag.py:2726} INFO - Sync 1 DAGs
[2023-06-28T14:19:17.272+0000] {logging_mixin.py:149} INFO - [2023-06-28T14:19:17.272+0000] {dag.py:3490} INFO - Setting next_dagrun for example_task_group_decorator to 2023-06-27T14:19:17.272359+00:00, run_after=2023-06-28T14:19:17.272359+00:00
[2023-06-28T14:19:17.305+0000] {processor.py:179} INFO - Processing /home/airflow/.local/lib/python3.7/site-packages/airflow/example_dags/example_task_group_decorator.py took 0.144 seconds
[2023-06-28T14:19:48.871+0000] {processor.py:157} INFO - Started process (PID=431) to work on /home/airflow/.local/lib/python3.7/site-packages/airflow/example_dags/example_task_group_decorator.py
[2023-06-28T14:19:48.874+0000] {processor.py:826} INFO - Processing file /home/airflow/.local/lib/python3.7/site-packages/airflow/example_dags/example_task_group_decorator.py for tasks to queue
[2023-06-28T14:19:48.876+0000] {logging_mixin.py:149} INFO - [2023-06-28T14:19:48.876+0000] {dagbag.py:541} INFO - Filling up the DagBag from /home/airflow/.local/lib/python3.7/site-packages/airflow/example_dags/example_task_group_decorator.py
[2023-06-28T14:19:48.970+0000] {processor.py:836} INFO - DAG(s) dict_keys(['example_task_group_decorator']) retrieved from /home/airflow/.local/lib/python3.7/site-packages/airflow/example_dags/example_task_group_decorator.py
[2023-06-28T14:19:49.047+0000] {logging_mixin.py:149} INFO - [2023-06-28T14:19:49.046+0000] {dag.py:2726} INFO - Sync 1 DAGs
[2023-06-28T14:19:49.109+0000] {logging_mixin.py:149} INFO - [2023-06-28T14:19:49.108+0000] {dag.py:3490} INFO - Setting next_dagrun for example_task_group_decorator to 2023-06-27T14:19:49.108393+00:00, run_after=2023-06-28T14:19:49.108393+00:00
[2023-06-28T14:19:49.204+0000] {processor.py:179} INFO - Processing /home/airflow/.local/lib/python3.7/site-packages/airflow/example_dags/example_task_group_decorator.py took 0.346 seconds
[2023-06-28T14:20:19.806+0000] {processor.py:157} INFO - Started process (PID=490) to work on /home/airflow/.local/lib/python3.7/site-packages/airflow/example_dags/example_task_group_decorator.py
[2023-06-28T14:20:19.807+0000] {processor.py:826} INFO - Processing file /home/airflow/.local/lib/python3.7/site-packages/airflow/example_dags/example_task_group_decorator.py for tasks to queue
[2023-06-28T14:20:19.808+0000] {logging_mixin.py:149} INFO - [2023-06-28T14:20:19.808+0000] {dagbag.py:541} INFO - Filling up the DagBag from /home/airflow/.local/lib/python3.7/site-packages/airflow/example_dags/example_task_group_decorator.py
[2023-06-28T14:20:19.826+0000] {processor.py:836} INFO - DAG(s) dict_keys(['example_task_group_decorator']) retrieved from /home/airflow/.local/lib/python3.7/site-packages/airflow/example_dags/example_task_group_decorator.py
[2023-06-28T14:20:19.864+0000] {logging_mixin.py:149} INFO - [2023-06-28T14:20:19.864+0000] {dag.py:2726} INFO - Sync 1 DAGs
[2023-06-28T14:20:19.896+0000] {logging_mixin.py:149} INFO - [2023-06-28T14:20:19.896+0000] {dag.py:3490} INFO - Setting next_dagrun for example_task_group_decorator to 2023-06-27T14:20:19.896272+00:00, run_after=2023-06-28T14:20:19.896272+00:00
[2023-06-28T14:20:19.926+0000] {processor.py:179} INFO - Processing /home/airflow/.local/lib/python3.7/site-packages/airflow/example_dags/example_task_group_decorator.py took 0.123 seconds
[2023-06-28T14:20:50.252+0000] {processor.py:157} INFO - Started process (PID=549) to work on /home/airflow/.local/lib/python3.7/site-packages/airflow/example_dags/example_task_group_decorator.py
[2023-06-28T14:20:50.254+0000] {processor.py:826} INFO - Processing file /home/airflow/.local/lib/python3.7/site-packages/airflow/example_dags/example_task_group_decorator.py for tasks to queue
[2023-06-28T14:20:50.256+0000] {logging_mixin.py:149} INFO - [2023-06-28T14:20:50.256+0000] {dagbag.py:541} INFO - Filling up the DagBag from /home/airflow/.local/lib/python3.7/site-packages/airflow/example_dags/example_task_group_decorator.py
[2023-06-28T14:20:50.290+0000] {processor.py:836} INFO - DAG(s) dict_keys(['example_task_group_decorator']) retrieved from /home/airflow/.local/lib/python3.7/site-packages/airflow/example_dags/example_task_group_decorator.py
[2023-06-28T14:20:50.366+0000] {logging_mixin.py:149} INFO - [2023-06-28T14:20:50.366+0000] {dag.py:2726} INFO - Sync 1 DAGs
[2023-06-28T14:20:50.428+0000] {logging_mixin.py:149} INFO - [2023-06-28T14:20:50.427+0000] {dag.py:3490} INFO - Setting next_dagrun for example_task_group_decorator to 2023-06-27T14:20:50.427015+00:00, run_after=2023-06-28T14:20:50.427015+00:00
[2023-06-28T14:20:50.479+0000] {processor.py:179} INFO - Processing /home/airflow/.local/lib/python3.7/site-packages/airflow/example_dags/example_task_group_decorator.py took 0.234 seconds
[2023-06-28T14:21:21.256+0000] {processor.py:157} INFO - Started process (PID=609) to work on /home/airflow/.local/lib/python3.7/site-packages/airflow/example_dags/example_task_group_decorator.py
[2023-06-28T14:21:21.258+0000] {processor.py:826} INFO - Processing file /home/airflow/.local/lib/python3.7/site-packages/airflow/example_dags/example_task_group_decorator.py for tasks to queue
[2023-06-28T14:21:21.259+0000] {logging_mixin.py:149} INFO - [2023-06-28T14:21:21.258+0000] {dagbag.py:541} INFO - Filling up the DagBag from /home/airflow/.local/lib/python3.7/site-packages/airflow/example_dags/example_task_group_decorator.py
[2023-06-28T14:21:21.279+0000] {processor.py:836} INFO - DAG(s) dict_keys(['example_task_group_decorator']) retrieved from /home/airflow/.local/lib/python3.7/site-packages/airflow/example_dags/example_task_group_decorator.py
[2023-06-28T14:21:21.375+0000] {logging_mixin.py:149} INFO - [2023-06-28T14:21:21.374+0000] {dag.py:2726} INFO - Sync 1 DAGs
[2023-06-28T14:21:21.414+0000] {logging_mixin.py:149} INFO - [2023-06-28T14:21:21.414+0000] {dag.py:3490} INFO - Setting next_dagrun for example_task_group_decorator to 2023-06-27T14:21:21.414383+00:00, run_after=2023-06-28T14:21:21.414383+00:00
[2023-06-28T14:21:21.466+0000] {processor.py:179} INFO - Processing /home/airflow/.local/lib/python3.7/site-packages/airflow/example_dags/example_task_group_decorator.py took 0.214 seconds
[2023-06-28T14:21:52.403+0000] {processor.py:157} INFO - Started process (PID=669) to work on /home/airflow/.local/lib/python3.7/site-packages/airflow/example_dags/example_task_group_decorator.py
[2023-06-28T14:21:52.404+0000] {processor.py:826} INFO - Processing file /home/airflow/.local/lib/python3.7/site-packages/airflow/example_dags/example_task_group_decorator.py for tasks to queue
[2023-06-28T14:21:52.405+0000] {logging_mixin.py:149} INFO - [2023-06-28T14:21:52.405+0000] {dagbag.py:541} INFO - Filling up the DagBag from /home/airflow/.local/lib/python3.7/site-packages/airflow/example_dags/example_task_group_decorator.py
[2023-06-28T14:21:52.423+0000] {processor.py:836} INFO - DAG(s) dict_keys(['example_task_group_decorator']) retrieved from /home/airflow/.local/lib/python3.7/site-packages/airflow/example_dags/example_task_group_decorator.py
[2023-06-28T14:21:52.461+0000] {logging_mixin.py:149} INFO - [2023-06-28T14:21:52.461+0000] {dag.py:2726} INFO - Sync 1 DAGs
[2023-06-28T14:21:52.494+0000] {logging_mixin.py:149} INFO - [2023-06-28T14:21:52.494+0000] {dag.py:3490} INFO - Setting next_dagrun for example_task_group_decorator to 2023-06-27T14:21:52.494438+00:00, run_after=2023-06-28T14:21:52.494438+00:00
[2023-06-28T14:21:52.538+0000] {processor.py:179} INFO - Processing /home/airflow/.local/lib/python3.7/site-packages/airflow/example_dags/example_task_group_decorator.py took 0.138 seconds
[2023-06-28T14:22:23.380+0000] {processor.py:157} INFO - Started process (PID=728) to work on /home/airflow/.local/lib/python3.7/site-packages/airflow/example_dags/example_task_group_decorator.py
[2023-06-28T14:22:23.381+0000] {processor.py:826} INFO - Processing file /home/airflow/.local/lib/python3.7/site-packages/airflow/example_dags/example_task_group_decorator.py for tasks to queue
[2023-06-28T14:22:23.382+0000] {logging_mixin.py:149} INFO - [2023-06-28T14:22:23.382+0000] {dagbag.py:541} INFO - Filling up the DagBag from /home/airflow/.local/lib/python3.7/site-packages/airflow/example_dags/example_task_group_decorator.py
[2023-06-28T14:22:23.407+0000] {processor.py:836} INFO - DAG(s) dict_keys(['example_task_group_decorator']) retrieved from /home/airflow/.local/lib/python3.7/site-packages/airflow/example_dags/example_task_group_decorator.py
[2023-06-28T14:22:23.446+0000] {logging_mixin.py:149} INFO - [2023-06-28T14:22:23.446+0000] {dag.py:2726} INFO - Sync 1 DAGs
[2023-06-28T14:22:23.498+0000] {logging_mixin.py:149} INFO - [2023-06-28T14:22:23.498+0000] {dag.py:3490} INFO - Setting next_dagrun for example_task_group_decorator to 2023-06-27T14:22:23.498450+00:00, run_after=2023-06-28T14:22:23.498450+00:00
[2023-06-28T14:22:23.545+0000] {processor.py:179} INFO - Processing /home/airflow/.local/lib/python3.7/site-packages/airflow/example_dags/example_task_group_decorator.py took 0.169 seconds
[2023-06-28T14:22:53.781+0000] {processor.py:157} INFO - Started process (PID=787) to work on /home/airflow/.local/lib/python3.7/site-packages/airflow/example_dags/example_task_group_decorator.py
[2023-06-28T14:22:53.782+0000] {processor.py:826} INFO - Processing file /home/airflow/.local/lib/python3.7/site-packages/airflow/example_dags/example_task_group_decorator.py for tasks to queue
[2023-06-28T14:22:53.784+0000] {logging_mixin.py:149} INFO - [2023-06-28T14:22:53.784+0000] {dagbag.py:541} INFO - Filling up the DagBag from /home/airflow/.local/lib/python3.7/site-packages/airflow/example_dags/example_task_group_decorator.py
[2023-06-28T14:22:53.813+0000] {processor.py:836} INFO - DAG(s) dict_keys(['example_task_group_decorator']) retrieved from /home/airflow/.local/lib/python3.7/site-packages/airflow/example_dags/example_task_group_decorator.py
[2023-06-28T14:22:53.893+0000] {logging_mixin.py:149} INFO - [2023-06-28T14:22:53.893+0000] {dag.py:2726} INFO - Sync 1 DAGs
[2023-06-28T14:22:53.963+0000] {logging_mixin.py:149} INFO - [2023-06-28T14:22:53.963+0000] {dag.py:3490} INFO - Setting next_dagrun for example_task_group_decorator to 2023-06-27T14:22:53.962808+00:00, run_after=2023-06-28T14:22:53.962808+00:00
[2023-06-28T14:22:54.001+0000] {processor.py:179} INFO - Processing /home/airflow/.local/lib/python3.7/site-packages/airflow/example_dags/example_task_group_decorator.py took 0.226 seconds
[2023-06-28T14:23:24.109+0000] {processor.py:157} INFO - Started process (PID=847) to work on /home/airflow/.local/lib/python3.7/site-packages/airflow/example_dags/example_task_group_decorator.py
[2023-06-28T14:23:24.110+0000] {processor.py:826} INFO - Processing file /home/airflow/.local/lib/python3.7/site-packages/airflow/example_dags/example_task_group_decorator.py for tasks to queue
[2023-06-28T14:23:24.111+0000] {logging_mixin.py:149} INFO - [2023-06-28T14:23:24.111+0000] {dagbag.py:541} INFO - Filling up the DagBag from /home/airflow/.local/lib/python3.7/site-packages/airflow/example_dags/example_task_group_decorator.py
[2023-06-28T14:23:24.130+0000] {processor.py:836} INFO - DAG(s) dict_keys(['example_task_group_decorator']) retrieved from /home/airflow/.local/lib/python3.7/site-packages/airflow/example_dags/example_task_group_decorator.py
[2023-06-28T14:23:24.169+0000] {logging_mixin.py:149} INFO - [2023-06-28T14:23:24.169+0000] {dag.py:2726} INFO - Sync 1 DAGs
[2023-06-28T14:23:24.201+0000] {logging_mixin.py:149} INFO - [2023-06-28T14:23:24.201+0000] {dag.py:3490} INFO - Setting next_dagrun for example_task_group_decorator to 2023-06-27T14:23:24.201294+00:00, run_after=2023-06-28T14:23:24.201294+00:00
[2023-06-28T14:23:24.235+0000] {processor.py:179} INFO - Processing /home/airflow/.local/lib/python3.7/site-packages/airflow/example_dags/example_task_group_decorator.py took 0.130 seconds
[2023-06-28T14:23:54.628+0000] {processor.py:157} INFO - Started process (PID=906) to work on /home/airflow/.local/lib/python3.7/site-packages/airflow/example_dags/example_task_group_decorator.py
[2023-06-28T14:23:54.630+0000] {processor.py:826} INFO - Processing file /home/airflow/.local/lib/python3.7/site-packages/airflow/example_dags/example_task_group_decorator.py for tasks to queue
[2023-06-28T14:23:54.631+0000] {logging_mixin.py:149} INFO - [2023-06-28T14:23:54.631+0000] {dagbag.py:541} INFO - Filling up the DagBag from /home/airflow/.local/lib/python3.7/site-packages/airflow/example_dags/example_task_group_decorator.py
[2023-06-28T14:23:54.648+0000] {processor.py:836} INFO - DAG(s) dict_keys(['example_task_group_decorator']) retrieved from /home/airflow/.local/lib/python3.7/site-packages/airflow/example_dags/example_task_group_decorator.py
[2023-06-28T14:23:54.686+0000] {logging_mixin.py:149} INFO - [2023-06-28T14:23:54.685+0000] {dag.py:2726} INFO - Sync 1 DAGs
[2023-06-28T14:23:54.719+0000] {logging_mixin.py:149} INFO - [2023-06-28T14:23:54.719+0000] {dag.py:3490} INFO - Setting next_dagrun for example_task_group_decorator to 2023-06-27T14:23:54.718954+00:00, run_after=2023-06-28T14:23:54.718954+00:00
[2023-06-28T14:23:54.750+0000] {processor.py:179} INFO - Processing /home/airflow/.local/lib/python3.7/site-packages/airflow/example_dags/example_task_group_decorator.py took 0.126 seconds
[2023-06-28T14:24:25.668+0000] {processor.py:157} INFO - Started process (PID=964) to work on /home/airflow/.local/lib/python3.7/site-packages/airflow/example_dags/example_task_group_decorator.py
[2023-06-28T14:24:25.671+0000] {processor.py:826} INFO - Processing file /home/airflow/.local/lib/python3.7/site-packages/airflow/example_dags/example_task_group_decorator.py for tasks to queue
[2023-06-28T14:24:25.673+0000] {logging_mixin.py:149} INFO - [2023-06-28T14:24:25.673+0000] {dagbag.py:541} INFO - Filling up the DagBag from /home/airflow/.local/lib/python3.7/site-packages/airflow/example_dags/example_task_group_decorator.py
[2023-06-28T14:24:25.703+0000] {processor.py:836} INFO - DAG(s) dict_keys(['example_task_group_decorator']) retrieved from /home/airflow/.local/lib/python3.7/site-packages/airflow/example_dags/example_task_group_decorator.py
[2023-06-28T14:24:25.753+0000] {logging_mixin.py:149} INFO - [2023-06-28T14:24:25.752+0000] {dag.py:2726} INFO - Sync 1 DAGs
[2023-06-28T14:24:25.801+0000] {logging_mixin.py:149} INFO - [2023-06-28T14:24:25.800+0000] {dag.py:3490} INFO - Setting next_dagrun for example_task_group_decorator to 2023-06-27T14:24:25.800434+00:00, run_after=2023-06-28T14:24:25.800434+00:00
[2023-06-28T14:24:25.846+0000] {processor.py:179} INFO - Processing /home/airflow/.local/lib/python3.7/site-packages/airflow/example_dags/example_task_group_decorator.py took 0.186 seconds
[2023-06-28T14:24:55.979+0000] {processor.py:157} INFO - Started process (PID=1024) to work on /home/airflow/.local/lib/python3.7/site-packages/airflow/example_dags/example_task_group_decorator.py
[2023-06-28T14:24:55.980+0000] {processor.py:826} INFO - Processing file /home/airflow/.local/lib/python3.7/site-packages/airflow/example_dags/example_task_group_decorator.py for tasks to queue
[2023-06-28T14:24:55.981+0000] {logging_mixin.py:149} INFO - [2023-06-28T14:24:55.981+0000] {dagbag.py:541} INFO - Filling up the DagBag from /home/airflow/.local/lib/python3.7/site-packages/airflow/example_dags/example_task_group_decorator.py
[2023-06-28T14:24:55.999+0000] {processor.py:836} INFO - DAG(s) dict_keys(['example_task_group_decorator']) retrieved from /home/airflow/.local/lib/python3.7/site-packages/airflow/example_dags/example_task_group_decorator.py
[2023-06-28T14:24:56.036+0000] {logging_mixin.py:149} INFO - [2023-06-28T14:24:56.036+0000] {dag.py:2726} INFO - Sync 1 DAGs
[2023-06-28T14:24:56.069+0000] {logging_mixin.py:149} INFO - [2023-06-28T14:24:56.069+0000] {dag.py:3490} INFO - Setting next_dagrun for example_task_group_decorator to 2023-06-27T14:24:56.069025+00:00, run_after=2023-06-28T14:24:56.069025+00:00
[2023-06-28T14:24:56.101+0000] {processor.py:179} INFO - Processing /home/airflow/.local/lib/python3.7/site-packages/airflow/example_dags/example_task_group_decorator.py took 0.126 seconds
[2023-06-28T14:25:26.442+0000] {processor.py:157} INFO - Started process (PID=1082) to work on /home/airflow/.local/lib/python3.7/site-packages/airflow/example_dags/example_task_group_decorator.py
[2023-06-28T14:25:26.445+0000] {processor.py:826} INFO - Processing file /home/airflow/.local/lib/python3.7/site-packages/airflow/example_dags/example_task_group_decorator.py for tasks to queue
[2023-06-28T14:25:26.447+0000] {logging_mixin.py:149} INFO - [2023-06-28T14:25:26.447+0000] {dagbag.py:541} INFO - Filling up the DagBag from /home/airflow/.local/lib/python3.7/site-packages/airflow/example_dags/example_task_group_decorator.py
[2023-06-28T14:25:26.479+0000] {processor.py:836} INFO - DAG(s) dict_keys(['example_task_group_decorator']) retrieved from /home/airflow/.local/lib/python3.7/site-packages/airflow/example_dags/example_task_group_decorator.py
[2023-06-28T14:25:26.540+0000] {logging_mixin.py:149} INFO - [2023-06-28T14:25:26.540+0000] {dag.py:2726} INFO - Sync 1 DAGs
[2023-06-28T14:25:26.586+0000] {logging_mixin.py:149} INFO - [2023-06-28T14:25:26.585+0000] {dag.py:3490} INFO - Setting next_dagrun for example_task_group_decorator to 2023-06-27T14:25:26.585428+00:00, run_after=2023-06-28T14:25:26.585428+00:00
[2023-06-28T14:25:26.637+0000] {processor.py:179} INFO - Processing /home/airflow/.local/lib/python3.7/site-packages/airflow/example_dags/example_task_group_decorator.py took 0.200 seconds
[2023-06-28T14:25:56.988+0000] {processor.py:157} INFO - Started process (PID=1141) to work on /home/airflow/.local/lib/python3.7/site-packages/airflow/example_dags/example_task_group_decorator.py
[2023-06-28T14:25:56.998+0000] {processor.py:826} INFO - Processing file /home/airflow/.local/lib/python3.7/site-packages/airflow/example_dags/example_task_group_decorator.py for tasks to queue
[2023-06-28T14:25:57.000+0000] {logging_mixin.py:149} INFO - [2023-06-28T14:25:57.000+0000] {dagbag.py:541} INFO - Filling up the DagBag from /home/airflow/.local/lib/python3.7/site-packages/airflow/example_dags/example_task_group_decorator.py
[2023-06-28T14:25:57.075+0000] {processor.py:836} INFO - DAG(s) dict_keys(['example_task_group_decorator']) retrieved from /home/airflow/.local/lib/python3.7/site-packages/airflow/example_dags/example_task_group_decorator.py
[2023-06-28T14:25:57.169+0000] {logging_mixin.py:149} INFO - [2023-06-28T14:25:57.169+0000] {dag.py:2726} INFO - Sync 1 DAGs
[2023-06-28T14:25:57.247+0000] {logging_mixin.py:149} INFO - [2023-06-28T14:25:57.247+0000] {dag.py:3490} INFO - Setting next_dagrun for example_task_group_decorator to 2023-06-27T14:25:57.247067+00:00, run_after=2023-06-28T14:25:57.247067+00:00
[2023-06-28T14:25:57.349+0000] {processor.py:179} INFO - Processing /home/airflow/.local/lib/python3.7/site-packages/airflow/example_dags/example_task_group_decorator.py took 0.368 seconds
[2023-06-28T14:26:28.104+0000] {processor.py:157} INFO - Started process (PID=1201) to work on /home/airflow/.local/lib/python3.7/site-packages/airflow/example_dags/example_task_group_decorator.py
[2023-06-28T14:26:28.106+0000] {processor.py:826} INFO - Processing file /home/airflow/.local/lib/python3.7/site-packages/airflow/example_dags/example_task_group_decorator.py for tasks to queue
[2023-06-28T14:26:28.107+0000] {logging_mixin.py:149} INFO - [2023-06-28T14:26:28.106+0000] {dagbag.py:541} INFO - Filling up the DagBag from /home/airflow/.local/lib/python3.7/site-packages/airflow/example_dags/example_task_group_decorator.py
[2023-06-28T14:26:28.125+0000] {processor.py:836} INFO - DAG(s) dict_keys(['example_task_group_decorator']) retrieved from /home/airflow/.local/lib/python3.7/site-packages/airflow/example_dags/example_task_group_decorator.py
[2023-06-28T14:26:28.202+0000] {logging_mixin.py:149} INFO - [2023-06-28T14:26:28.202+0000] {dag.py:2726} INFO - Sync 1 DAGs
[2023-06-28T14:26:28.281+0000] {logging_mixin.py:149} INFO - [2023-06-28T14:26:28.281+0000] {dag.py:3490} INFO - Setting next_dagrun for example_task_group_decorator to 2023-06-27T14:26:28.281137+00:00, run_after=2023-06-28T14:26:28.281137+00:00
[2023-06-28T14:26:28.315+0000] {processor.py:179} INFO - Processing /home/airflow/.local/lib/python3.7/site-packages/airflow/example_dags/example_task_group_decorator.py took 0.214 seconds
[2023-06-28T14:26:58.463+0000] {processor.py:157} INFO - Started process (PID=1260) to work on /home/airflow/.local/lib/python3.7/site-packages/airflow/example_dags/example_task_group_decorator.py
[2023-06-28T14:26:58.464+0000] {processor.py:826} INFO - Processing file /home/airflow/.local/lib/python3.7/site-packages/airflow/example_dags/example_task_group_decorator.py for tasks to queue
[2023-06-28T14:26:58.465+0000] {logging_mixin.py:149} INFO - [2023-06-28T14:26:58.465+0000] {dagbag.py:541} INFO - Filling up the DagBag from /home/airflow/.local/lib/python3.7/site-packages/airflow/example_dags/example_task_group_decorator.py
[2023-06-28T14:26:58.484+0000] {processor.py:836} INFO - DAG(s) dict_keys(['example_task_group_decorator']) retrieved from /home/airflow/.local/lib/python3.7/site-packages/airflow/example_dags/example_task_group_decorator.py
[2023-06-28T14:26:58.522+0000] {logging_mixin.py:149} INFO - [2023-06-28T14:26:58.522+0000] {dag.py:2726} INFO - Sync 1 DAGs
[2023-06-28T14:26:58.555+0000] {logging_mixin.py:149} INFO - [2023-06-28T14:26:58.555+0000] {dag.py:3490} INFO - Setting next_dagrun for example_task_group_decorator to 2023-06-27T14:26:58.554701+00:00, run_after=2023-06-28T14:26:58.554701+00:00
[2023-06-28T14:26:58.588+0000] {processor.py:179} INFO - Processing /home/airflow/.local/lib/python3.7/site-packages/airflow/example_dags/example_task_group_decorator.py took 0.129 seconds
[2023-06-28T14:27:28.916+0000] {processor.py:157} INFO - Started process (PID=1319) to work on /home/airflow/.local/lib/python3.7/site-packages/airflow/example_dags/example_task_group_decorator.py
[2023-06-28T14:27:28.917+0000] {processor.py:826} INFO - Processing file /home/airflow/.local/lib/python3.7/site-packages/airflow/example_dags/example_task_group_decorator.py for tasks to queue
[2023-06-28T14:27:28.918+0000] {logging_mixin.py:149} INFO - [2023-06-28T14:27:28.918+0000] {dagbag.py:541} INFO - Filling up the DagBag from /home/airflow/.local/lib/python3.7/site-packages/airflow/example_dags/example_task_group_decorator.py
[2023-06-28T14:27:28.936+0000] {processor.py:836} INFO - DAG(s) dict_keys(['example_task_group_decorator']) retrieved from /home/airflow/.local/lib/python3.7/site-packages/airflow/example_dags/example_task_group_decorator.py
[2023-06-28T14:27:28.976+0000] {logging_mixin.py:149} INFO - [2023-06-28T14:27:28.976+0000] {dag.py:2726} INFO - Sync 1 DAGs
[2023-06-28T14:27:29.008+0000] {logging_mixin.py:149} INFO - [2023-06-28T14:27:29.008+0000] {dag.py:3490} INFO - Setting next_dagrun for example_task_group_decorator to 2023-06-27T14:27:29.008148+00:00, run_after=2023-06-28T14:27:29.008148+00:00
[2023-06-28T14:27:29.046+0000] {processor.py:179} INFO - Processing /home/airflow/.local/lib/python3.7/site-packages/airflow/example_dags/example_task_group_decorator.py took 0.134 seconds
[2023-06-28T14:27:59.366+0000] {processor.py:157} INFO - Started process (PID=1379) to work on /home/airflow/.local/lib/python3.7/site-packages/airflow/example_dags/example_task_group_decorator.py
[2023-06-28T14:27:59.368+0000] {processor.py:826} INFO - Processing file /home/airflow/.local/lib/python3.7/site-packages/airflow/example_dags/example_task_group_decorator.py for tasks to queue
[2023-06-28T14:27:59.369+0000] {logging_mixin.py:149} INFO - [2023-06-28T14:27:59.369+0000] {dagbag.py:541} INFO - Filling up the DagBag from /home/airflow/.local/lib/python3.7/site-packages/airflow/example_dags/example_task_group_decorator.py
[2023-06-28T14:27:59.396+0000] {processor.py:836} INFO - DAG(s) dict_keys(['example_task_group_decorator']) retrieved from /home/airflow/.local/lib/python3.7/site-packages/airflow/example_dags/example_task_group_decorator.py
[2023-06-28T14:27:59.439+0000] {logging_mixin.py:149} INFO - [2023-06-28T14:27:59.438+0000] {dag.py:2726} INFO - Sync 1 DAGs
[2023-06-28T14:27:59.489+0000] {logging_mixin.py:149} INFO - [2023-06-28T14:27:59.489+0000] {dag.py:3490} INFO - Setting next_dagrun for example_task_group_decorator to 2023-06-27T14:27:59.489078+00:00, run_after=2023-06-28T14:27:59.489078+00:00
[2023-06-28T14:27:59.530+0000] {processor.py:179} INFO - Processing /home/airflow/.local/lib/python3.7/site-packages/airflow/example_dags/example_task_group_decorator.py took 0.168 seconds
[2023-06-28T14:28:29.731+0000] {processor.py:157} INFO - Started process (PID=1437) to work on /home/airflow/.local/lib/python3.7/site-packages/airflow/example_dags/example_task_group_decorator.py
[2023-06-28T14:28:29.732+0000] {processor.py:826} INFO - Processing file /home/airflow/.local/lib/python3.7/site-packages/airflow/example_dags/example_task_group_decorator.py for tasks to queue
[2023-06-28T14:28:29.734+0000] {logging_mixin.py:149} INFO - [2023-06-28T14:28:29.733+0000] {dagbag.py:541} INFO - Filling up the DagBag from /home/airflow/.local/lib/python3.7/site-packages/airflow/example_dags/example_task_group_decorator.py
[2023-06-28T14:28:29.757+0000] {processor.py:836} INFO - DAG(s) dict_keys(['example_task_group_decorator']) retrieved from /home/airflow/.local/lib/python3.7/site-packages/airflow/example_dags/example_task_group_decorator.py
[2023-06-28T14:28:29.800+0000] {logging_mixin.py:149} INFO - [2023-06-28T14:28:29.800+0000] {dag.py:2726} INFO - Sync 1 DAGs
[2023-06-28T14:28:29.839+0000] {logging_mixin.py:149} INFO - [2023-06-28T14:28:29.839+0000] {dag.py:3490} INFO - Setting next_dagrun for example_task_group_decorator to 2023-06-27T14:28:29.838774+00:00, run_after=2023-06-28T14:28:29.838774+00:00
[2023-06-28T14:28:29.872+0000] {processor.py:179} INFO - Processing /home/airflow/.local/lib/python3.7/site-packages/airflow/example_dags/example_task_group_decorator.py took 0.146 seconds
[2023-06-28T14:29:00.557+0000] {processor.py:157} INFO - Started process (PID=1497) to work on /home/airflow/.local/lib/python3.7/site-packages/airflow/example_dags/example_task_group_decorator.py
[2023-06-28T14:29:00.563+0000] {processor.py:826} INFO - Processing file /home/airflow/.local/lib/python3.7/site-packages/airflow/example_dags/example_task_group_decorator.py for tasks to queue
[2023-06-28T14:29:00.567+0000] {logging_mixin.py:149} INFO - [2023-06-28T14:29:00.567+0000] {dagbag.py:541} INFO - Filling up the DagBag from /home/airflow/.local/lib/python3.7/site-packages/airflow/example_dags/example_task_group_decorator.py
[2023-06-28T14:29:00.617+0000] {processor.py:836} INFO - DAG(s) dict_keys(['example_task_group_decorator']) retrieved from /home/airflow/.local/lib/python3.7/site-packages/airflow/example_dags/example_task_group_decorator.py
[2023-06-28T14:29:00.674+0000] {logging_mixin.py:149} INFO - [2023-06-28T14:29:00.674+0000] {dag.py:2726} INFO - Sync 1 DAGs
[2023-06-28T14:29:00.717+0000] {logging_mixin.py:149} INFO - [2023-06-28T14:29:00.717+0000] {dag.py:3490} INFO - Setting next_dagrun for example_task_group_decorator to 2023-06-27T14:29:00.716987+00:00, run_after=2023-06-28T14:29:00.716987+00:00
[2023-06-28T14:29:00.769+0000] {processor.py:179} INFO - Processing /home/airflow/.local/lib/python3.7/site-packages/airflow/example_dags/example_task_group_decorator.py took 0.217 seconds
[2023-06-28T14:29:30.916+0000] {processor.py:157} INFO - Started process (PID=1557) to work on /home/airflow/.local/lib/python3.7/site-packages/airflow/example_dags/example_task_group_decorator.py
[2023-06-28T14:29:30.917+0000] {processor.py:826} INFO - Processing file /home/airflow/.local/lib/python3.7/site-packages/airflow/example_dags/example_task_group_decorator.py for tasks to queue
[2023-06-28T14:29:30.918+0000] {logging_mixin.py:149} INFO - [2023-06-28T14:29:30.918+0000] {dagbag.py:541} INFO - Filling up the DagBag from /home/airflow/.local/lib/python3.7/site-packages/airflow/example_dags/example_task_group_decorator.py
[2023-06-28T14:29:30.937+0000] {processor.py:836} INFO - DAG(s) dict_keys(['example_task_group_decorator']) retrieved from /home/airflow/.local/lib/python3.7/site-packages/airflow/example_dags/example_task_group_decorator.py
[2023-06-28T14:29:30.976+0000] {logging_mixin.py:149} INFO - [2023-06-28T14:29:30.976+0000] {dag.py:2726} INFO - Sync 1 DAGs
[2023-06-28T14:29:31.010+0000] {logging_mixin.py:149} INFO - [2023-06-28T14:29:31.010+0000] {dag.py:3490} INFO - Setting next_dagrun for example_task_group_decorator to 2023-06-27T14:29:31.010269+00:00, run_after=2023-06-28T14:29:31.010269+00:00
[2023-06-28T14:29:31.042+0000] {processor.py:179} INFO - Processing /home/airflow/.local/lib/python3.7/site-packages/airflow/example_dags/example_task_group_decorator.py took 0.132 seconds
[2023-06-28T14:30:01.438+0000] {processor.py:157} INFO - Started process (PID=1616) to work on /home/airflow/.local/lib/python3.7/site-packages/airflow/example_dags/example_task_group_decorator.py
[2023-06-28T14:30:01.439+0000] {processor.py:826} INFO - Processing file /home/airflow/.local/lib/python3.7/site-packages/airflow/example_dags/example_task_group_decorator.py for tasks to queue
[2023-06-28T14:30:01.440+0000] {logging_mixin.py:149} INFO - [2023-06-28T14:30:01.440+0000] {dagbag.py:541} INFO - Filling up the DagBag from /home/airflow/.local/lib/python3.7/site-packages/airflow/example_dags/example_task_group_decorator.py
[2023-06-28T14:30:01.458+0000] {processor.py:836} INFO - DAG(s) dict_keys(['example_task_group_decorator']) retrieved from /home/airflow/.local/lib/python3.7/site-packages/airflow/example_dags/example_task_group_decorator.py
[2023-06-28T14:30:01.495+0000] {logging_mixin.py:149} INFO - [2023-06-28T14:30:01.495+0000] {dag.py:2726} INFO - Sync 1 DAGs
[2023-06-28T14:30:01.528+0000] {logging_mixin.py:149} INFO - [2023-06-28T14:30:01.527+0000] {dag.py:3490} INFO - Setting next_dagrun for example_task_group_decorator to 2023-06-27T14:30:01.527665+00:00, run_after=2023-06-28T14:30:01.527665+00:00
[2023-06-28T14:30:01.570+0000] {processor.py:179} INFO - Processing /home/airflow/.local/lib/python3.7/site-packages/airflow/example_dags/example_task_group_decorator.py took 0.135 seconds
[2023-06-28T14:30:32.023+0000] {processor.py:157} INFO - Started process (PID=1675) to work on /home/airflow/.local/lib/python3.7/site-packages/airflow/example_dags/example_task_group_decorator.py
[2023-06-28T14:30:32.025+0000] {processor.py:826} INFO - Processing file /home/airflow/.local/lib/python3.7/site-packages/airflow/example_dags/example_task_group_decorator.py for tasks to queue
[2023-06-28T14:30:32.027+0000] {logging_mixin.py:149} INFO - [2023-06-28T14:30:32.027+0000] {dagbag.py:541} INFO - Filling up the DagBag from /home/airflow/.local/lib/python3.7/site-packages/airflow/example_dags/example_task_group_decorator.py
[2023-06-28T14:30:32.094+0000] {processor.py:836} INFO - DAG(s) dict_keys(['example_task_group_decorator']) retrieved from /home/airflow/.local/lib/python3.7/site-packages/airflow/example_dags/example_task_group_decorator.py
[2023-06-28T14:30:32.170+0000] {logging_mixin.py:149} INFO - [2023-06-28T14:30:32.170+0000] {dag.py:2726} INFO - Sync 1 DAGs
[2023-06-28T14:30:32.217+0000] {logging_mixin.py:149} INFO - [2023-06-28T14:30:32.217+0000] {dag.py:3490} INFO - Setting next_dagrun for example_task_group_decorator to 2023-06-27T14:30:32.216841+00:00, run_after=2023-06-28T14:30:32.216841+00:00
[2023-06-28T14:30:32.252+0000] {processor.py:179} INFO - Processing /home/airflow/.local/lib/python3.7/site-packages/airflow/example_dags/example_task_group_decorator.py took 0.236 seconds
[2023-06-28T14:31:02.671+0000] {processor.py:157} INFO - Started process (PID=1734) to work on /home/airflow/.local/lib/python3.7/site-packages/airflow/example_dags/example_task_group_decorator.py
[2023-06-28T14:31:02.673+0000] {processor.py:826} INFO - Processing file /home/airflow/.local/lib/python3.7/site-packages/airflow/example_dags/example_task_group_decorator.py for tasks to queue
[2023-06-28T14:31:02.675+0000] {logging_mixin.py:149} INFO - [2023-06-28T14:31:02.674+0000] {dagbag.py:541} INFO - Filling up the DagBag from /home/airflow/.local/lib/python3.7/site-packages/airflow/example_dags/example_task_group_decorator.py
[2023-06-28T14:31:02.694+0000] {processor.py:836} INFO - DAG(s) dict_keys(['example_task_group_decorator']) retrieved from /home/airflow/.local/lib/python3.7/site-packages/airflow/example_dags/example_task_group_decorator.py
[2023-06-28T14:31:02.731+0000] {logging_mixin.py:149} INFO - [2023-06-28T14:31:02.731+0000] {dag.py:2726} INFO - Sync 1 DAGs
[2023-06-28T14:31:02.764+0000] {logging_mixin.py:149} INFO - [2023-06-28T14:31:02.764+0000] {dag.py:3490} INFO - Setting next_dagrun for example_task_group_decorator to 2023-06-27T14:31:02.764269+00:00, run_after=2023-06-28T14:31:02.764269+00:00
[2023-06-28T14:31:02.795+0000] {processor.py:179} INFO - Processing /home/airflow/.local/lib/python3.7/site-packages/airflow/example_dags/example_task_group_decorator.py took 0.129 seconds
[2023-06-28T14:31:33.235+0000] {processor.py:157} INFO - Started process (PID=1794) to work on /home/airflow/.local/lib/python3.7/site-packages/airflow/example_dags/example_task_group_decorator.py
[2023-06-28T14:31:33.236+0000] {processor.py:826} INFO - Processing file /home/airflow/.local/lib/python3.7/site-packages/airflow/example_dags/example_task_group_decorator.py for tasks to queue
[2023-06-28T14:31:33.237+0000] {logging_mixin.py:149} INFO - [2023-06-28T14:31:33.237+0000] {dagbag.py:541} INFO - Filling up the DagBag from /home/airflow/.local/lib/python3.7/site-packages/airflow/example_dags/example_task_group_decorator.py
[2023-06-28T14:31:33.268+0000] {processor.py:836} INFO - DAG(s) dict_keys(['example_task_group_decorator']) retrieved from /home/airflow/.local/lib/python3.7/site-packages/airflow/example_dags/example_task_group_decorator.py
[2023-06-28T14:31:33.313+0000] {logging_mixin.py:149} INFO - [2023-06-28T14:31:33.313+0000] {dag.py:2726} INFO - Sync 1 DAGs
[2023-06-28T14:31:33.351+0000] {logging_mixin.py:149} INFO - [2023-06-28T14:31:33.350+0000] {dag.py:3490} INFO - Setting next_dagrun for example_task_group_decorator to 2023-06-27T14:31:33.349985+00:00, run_after=2023-06-28T14:31:33.349985+00:00
[2023-06-28T14:31:33.388+0000] {processor.py:179} INFO - Processing /home/airflow/.local/lib/python3.7/site-packages/airflow/example_dags/example_task_group_decorator.py took 0.158 seconds
[2023-06-28T14:32:03.442+0000] {processor.py:157} INFO - Started process (PID=1853) to work on /home/airflow/.local/lib/python3.7/site-packages/airflow/example_dags/example_task_group_decorator.py
[2023-06-28T14:32:03.444+0000] {processor.py:826} INFO - Processing file /home/airflow/.local/lib/python3.7/site-packages/airflow/example_dags/example_task_group_decorator.py for tasks to queue
[2023-06-28T14:32:03.445+0000] {logging_mixin.py:149} INFO - [2023-06-28T14:32:03.445+0000] {dagbag.py:541} INFO - Filling up the DagBag from /home/airflow/.local/lib/python3.7/site-packages/airflow/example_dags/example_task_group_decorator.py
[2023-06-28T14:32:03.469+0000] {processor.py:836} INFO - DAG(s) dict_keys(['example_task_group_decorator']) retrieved from /home/airflow/.local/lib/python3.7/site-packages/airflow/example_dags/example_task_group_decorator.py
[2023-06-28T14:32:03.514+0000] {logging_mixin.py:149} INFO - [2023-06-28T14:32:03.514+0000] {dag.py:2726} INFO - Sync 1 DAGs
[2023-06-28T14:32:03.549+0000] {logging_mixin.py:149} INFO - [2023-06-28T14:32:03.549+0000] {dag.py:3490} INFO - Setting next_dagrun for example_task_group_decorator to 2023-06-27T14:32:03.549094+00:00, run_after=2023-06-28T14:32:03.549094+00:00
[2023-06-28T14:32:03.592+0000] {processor.py:179} INFO - Processing /home/airflow/.local/lib/python3.7/site-packages/airflow/example_dags/example_task_group_decorator.py took 0.155 seconds
[2023-06-28T14:32:33.983+0000] {processor.py:157} INFO - Started process (PID=1912) to work on /home/airflow/.local/lib/python3.7/site-packages/airflow/example_dags/example_task_group_decorator.py
[2023-06-28T14:32:33.985+0000] {processor.py:826} INFO - Processing file /home/airflow/.local/lib/python3.7/site-packages/airflow/example_dags/example_task_group_decorator.py for tasks to queue
[2023-06-28T14:32:33.986+0000] {logging_mixin.py:149} INFO - [2023-06-28T14:32:33.986+0000] {dagbag.py:541} INFO - Filling up the DagBag from /home/airflow/.local/lib/python3.7/site-packages/airflow/example_dags/example_task_group_decorator.py
[2023-06-28T14:32:34.012+0000] {processor.py:836} INFO - DAG(s) dict_keys(['example_task_group_decorator']) retrieved from /home/airflow/.local/lib/python3.7/site-packages/airflow/example_dags/example_task_group_decorator.py
[2023-06-28T14:32:34.055+0000] {logging_mixin.py:149} INFO - [2023-06-28T14:32:34.055+0000] {dag.py:2726} INFO - Sync 1 DAGs
[2023-06-28T14:32:34.095+0000] {logging_mixin.py:149} INFO - [2023-06-28T14:32:34.094+0000] {dag.py:3490} INFO - Setting next_dagrun for example_task_group_decorator to 2023-06-27T14:32:34.094488+00:00, run_after=2023-06-28T14:32:34.094488+00:00
[2023-06-28T14:32:34.129+0000] {processor.py:179} INFO - Processing /home/airflow/.local/lib/python3.7/site-packages/airflow/example_dags/example_task_group_decorator.py took 0.150 seconds
[2023-06-28T14:33:04.315+0000] {processor.py:157} INFO - Started process (PID=1970) to work on /home/airflow/.local/lib/python3.7/site-packages/airflow/example_dags/example_task_group_decorator.py
[2023-06-28T14:33:04.316+0000] {processor.py:826} INFO - Processing file /home/airflow/.local/lib/python3.7/site-packages/airflow/example_dags/example_task_group_decorator.py for tasks to queue
[2023-06-28T14:33:04.318+0000] {logging_mixin.py:149} INFO - [2023-06-28T14:33:04.317+0000] {dagbag.py:541} INFO - Filling up the DagBag from /home/airflow/.local/lib/python3.7/site-packages/airflow/example_dags/example_task_group_decorator.py
[2023-06-28T14:33:04.342+0000] {processor.py:836} INFO - DAG(s) dict_keys(['example_task_group_decorator']) retrieved from /home/airflow/.local/lib/python3.7/site-packages/airflow/example_dags/example_task_group_decorator.py
[2023-06-28T14:33:04.385+0000] {logging_mixin.py:149} INFO - [2023-06-28T14:33:04.385+0000] {dag.py:2726} INFO - Sync 1 DAGs
[2023-06-28T14:33:04.433+0000] {logging_mixin.py:149} INFO - [2023-06-28T14:33:04.432+0000] {dag.py:3490} INFO - Setting next_dagrun for example_task_group_decorator to 2023-06-27T14:33:04.432405+00:00, run_after=2023-06-28T14:33:04.432405+00:00
[2023-06-28T14:33:04.474+0000] {processor.py:179} INFO - Processing /home/airflow/.local/lib/python3.7/site-packages/airflow/example_dags/example_task_group_decorator.py took 0.165 seconds
[2023-06-28T14:33:34.682+0000] {processor.py:157} INFO - Started process (PID=2028) to work on /home/airflow/.local/lib/python3.7/site-packages/airflow/example_dags/example_task_group_decorator.py
[2023-06-28T14:33:34.683+0000] {processor.py:826} INFO - Processing file /home/airflow/.local/lib/python3.7/site-packages/airflow/example_dags/example_task_group_decorator.py for tasks to queue
[2023-06-28T14:33:34.685+0000] {logging_mixin.py:149} INFO - [2023-06-28T14:33:34.685+0000] {dagbag.py:541} INFO - Filling up the DagBag from /home/airflow/.local/lib/python3.7/site-packages/airflow/example_dags/example_task_group_decorator.py
[2023-06-28T14:33:34.705+0000] {processor.py:836} INFO - DAG(s) dict_keys(['example_task_group_decorator']) retrieved from /home/airflow/.local/lib/python3.7/site-packages/airflow/example_dags/example_task_group_decorator.py
[2023-06-28T14:33:34.747+0000] {logging_mixin.py:149} INFO - [2023-06-28T14:33:34.747+0000] {dag.py:2726} INFO - Sync 1 DAGs
[2023-06-28T14:33:34.787+0000] {logging_mixin.py:149} INFO - [2023-06-28T14:33:34.787+0000] {dag.py:3490} INFO - Setting next_dagrun for example_task_group_decorator to 2023-06-27T14:33:34.786978+00:00, run_after=2023-06-28T14:33:34.786978+00:00
[2023-06-28T14:33:34.819+0000] {processor.py:179} INFO - Processing /home/airflow/.local/lib/python3.7/site-packages/airflow/example_dags/example_task_group_decorator.py took 0.142 seconds
[2023-06-28T14:34:05.903+0000] {processor.py:157} INFO - Started process (PID=2087) to work on /home/airflow/.local/lib/python3.7/site-packages/airflow/example_dags/example_task_group_decorator.py
[2023-06-28T14:34:05.905+0000] {processor.py:826} INFO - Processing file /home/airflow/.local/lib/python3.7/site-packages/airflow/example_dags/example_task_group_decorator.py for tasks to queue
[2023-06-28T14:34:05.907+0000] {logging_mixin.py:149} INFO - [2023-06-28T14:34:05.907+0000] {dagbag.py:541} INFO - Filling up the DagBag from /home/airflow/.local/lib/python3.7/site-packages/airflow/example_dags/example_task_group_decorator.py
[2023-06-28T14:34:05.934+0000] {processor.py:836} INFO - DAG(s) dict_keys(['example_task_group_decorator']) retrieved from /home/airflow/.local/lib/python3.7/site-packages/airflow/example_dags/example_task_group_decorator.py
[2023-06-28T14:34:05.996+0000] {logging_mixin.py:149} INFO - [2023-06-28T14:34:05.995+0000] {dag.py:2726} INFO - Sync 1 DAGs
[2023-06-28T14:34:06.057+0000] {logging_mixin.py:149} INFO - [2023-06-28T14:34:06.057+0000] {dag.py:3490} INFO - Setting next_dagrun for example_task_group_decorator to 2023-06-27T14:34:06.056623+00:00, run_after=2023-06-28T14:34:06.056623+00:00
[2023-06-28T14:34:06.109+0000] {processor.py:179} INFO - Processing /home/airflow/.local/lib/python3.7/site-packages/airflow/example_dags/example_task_group_decorator.py took 0.214 seconds
[2023-06-28T14:34:36.243+0000] {processor.py:157} INFO - Started process (PID=2146) to work on /home/airflow/.local/lib/python3.7/site-packages/airflow/example_dags/example_task_group_decorator.py
[2023-06-28T14:34:36.246+0000] {processor.py:826} INFO - Processing file /home/airflow/.local/lib/python3.7/site-packages/airflow/example_dags/example_task_group_decorator.py for tasks to queue
[2023-06-28T14:34:36.248+0000] {logging_mixin.py:149} INFO - [2023-06-28T14:34:36.248+0000] {dagbag.py:541} INFO - Filling up the DagBag from /home/airflow/.local/lib/python3.7/site-packages/airflow/example_dags/example_task_group_decorator.py
[2023-06-28T14:34:36.271+0000] {processor.py:836} INFO - DAG(s) dict_keys(['example_task_group_decorator']) retrieved from /home/airflow/.local/lib/python3.7/site-packages/airflow/example_dags/example_task_group_decorator.py
[2023-06-28T14:34:36.341+0000] {logging_mixin.py:149} INFO - [2023-06-28T14:34:36.341+0000] {dag.py:2726} INFO - Sync 1 DAGs
[2023-06-28T14:34:36.452+0000] {logging_mixin.py:149} INFO - [2023-06-28T14:34:36.452+0000] {dag.py:3490} INFO - Setting next_dagrun for example_task_group_decorator to 2023-06-27T14:34:36.446724+00:00, run_after=2023-06-28T14:34:36.446724+00:00
[2023-06-28T14:34:36.527+0000] {processor.py:179} INFO - Processing /home/airflow/.local/lib/python3.7/site-packages/airflow/example_dags/example_task_group_decorator.py took 0.291 seconds
[2023-06-28T14:35:07.306+0000] {processor.py:157} INFO - Started process (PID=2206) to work on /home/airflow/.local/lib/python3.7/site-packages/airflow/example_dags/example_task_group_decorator.py
[2023-06-28T14:35:07.307+0000] {processor.py:826} INFO - Processing file /home/airflow/.local/lib/python3.7/site-packages/airflow/example_dags/example_task_group_decorator.py for tasks to queue
[2023-06-28T14:35:07.308+0000] {logging_mixin.py:149} INFO - [2023-06-28T14:35:07.308+0000] {dagbag.py:541} INFO - Filling up the DagBag from /home/airflow/.local/lib/python3.7/site-packages/airflow/example_dags/example_task_group_decorator.py
[2023-06-28T14:35:07.330+0000] {processor.py:836} INFO - DAG(s) dict_keys(['example_task_group_decorator']) retrieved from /home/airflow/.local/lib/python3.7/site-packages/airflow/example_dags/example_task_group_decorator.py
[2023-06-28T14:35:07.372+0000] {logging_mixin.py:149} INFO - [2023-06-28T14:35:07.371+0000] {dag.py:2726} INFO - Sync 1 DAGs
[2023-06-28T14:35:07.407+0000] {logging_mixin.py:149} INFO - [2023-06-28T14:35:07.407+0000] {dag.py:3490} INFO - Setting next_dagrun for example_task_group_decorator to 2023-06-27T14:35:07.407220+00:00, run_after=2023-06-28T14:35:07.407220+00:00
[2023-06-28T14:35:07.450+0000] {processor.py:179} INFO - Processing /home/airflow/.local/lib/python3.7/site-packages/airflow/example_dags/example_task_group_decorator.py took 0.149 seconds
[2023-06-28T14:35:37.583+0000] {processor.py:157} INFO - Started process (PID=2264) to work on /home/airflow/.local/lib/python3.7/site-packages/airflow/example_dags/example_task_group_decorator.py
[2023-06-28T14:35:37.584+0000] {processor.py:826} INFO - Processing file /home/airflow/.local/lib/python3.7/site-packages/airflow/example_dags/example_task_group_decorator.py for tasks to queue
[2023-06-28T14:35:37.585+0000] {logging_mixin.py:149} INFO - [2023-06-28T14:35:37.585+0000] {dagbag.py:541} INFO - Filling up the DagBag from /home/airflow/.local/lib/python3.7/site-packages/airflow/example_dags/example_task_group_decorator.py
[2023-06-28T14:35:37.604+0000] {processor.py:836} INFO - DAG(s) dict_keys(['example_task_group_decorator']) retrieved from /home/airflow/.local/lib/python3.7/site-packages/airflow/example_dags/example_task_group_decorator.py
[2023-06-28T14:35:37.644+0000] {logging_mixin.py:149} INFO - [2023-06-28T14:35:37.643+0000] {dag.py:2726} INFO - Sync 1 DAGs
[2023-06-28T14:35:37.678+0000] {logging_mixin.py:149} INFO - [2023-06-28T14:35:37.678+0000] {dag.py:3490} INFO - Setting next_dagrun for example_task_group_decorator to 2023-06-27T14:35:37.677869+00:00, run_after=2023-06-28T14:35:37.677869+00:00
[2023-06-28T14:35:37.712+0000] {processor.py:179} INFO - Processing /home/airflow/.local/lib/python3.7/site-packages/airflow/example_dags/example_task_group_decorator.py took 0.133 seconds
[2023-06-28T14:36:07.849+0000] {processor.py:157} INFO - Started process (PID=2324) to work on /home/airflow/.local/lib/python3.7/site-packages/airflow/example_dags/example_task_group_decorator.py
[2023-06-28T14:36:07.851+0000] {processor.py:826} INFO - Processing file /home/airflow/.local/lib/python3.7/site-packages/airflow/example_dags/example_task_group_decorator.py for tasks to queue
[2023-06-28T14:36:07.852+0000] {logging_mixin.py:149} INFO - [2023-06-28T14:36:07.852+0000] {dagbag.py:541} INFO - Filling up the DagBag from /home/airflow/.local/lib/python3.7/site-packages/airflow/example_dags/example_task_group_decorator.py
[2023-06-28T14:36:07.876+0000] {processor.py:836} INFO - DAG(s) dict_keys(['example_task_group_decorator']) retrieved from /home/airflow/.local/lib/python3.7/site-packages/airflow/example_dags/example_task_group_decorator.py
[2023-06-28T14:36:07.919+0000] {logging_mixin.py:149} INFO - [2023-06-28T14:36:07.919+0000] {dag.py:2726} INFO - Sync 1 DAGs
[2023-06-28T14:36:07.955+0000] {logging_mixin.py:149} INFO - [2023-06-28T14:36:07.954+0000] {dag.py:3490} INFO - Setting next_dagrun for example_task_group_decorator to 2023-06-27T14:36:07.954508+00:00, run_after=2023-06-28T14:36:07.954508+00:00
[2023-06-28T14:36:07.995+0000] {processor.py:179} INFO - Processing /home/airflow/.local/lib/python3.7/site-packages/airflow/example_dags/example_task_group_decorator.py took 0.151 seconds
[2023-06-28T14:36:38.202+0000] {processor.py:157} INFO - Started process (PID=2383) to work on /home/airflow/.local/lib/python3.7/site-packages/airflow/example_dags/example_task_group_decorator.py
[2023-06-28T14:36:38.203+0000] {processor.py:826} INFO - Processing file /home/airflow/.local/lib/python3.7/site-packages/airflow/example_dags/example_task_group_decorator.py for tasks to queue
[2023-06-28T14:36:38.204+0000] {logging_mixin.py:149} INFO - [2023-06-28T14:36:38.204+0000] {dagbag.py:541} INFO - Filling up the DagBag from /home/airflow/.local/lib/python3.7/site-packages/airflow/example_dags/example_task_group_decorator.py
[2023-06-28T14:36:38.222+0000] {processor.py:836} INFO - DAG(s) dict_keys(['example_task_group_decorator']) retrieved from /home/airflow/.local/lib/python3.7/site-packages/airflow/example_dags/example_task_group_decorator.py
[2023-06-28T14:36:38.265+0000] {logging_mixin.py:149} INFO - [2023-06-28T14:36:38.265+0000] {dag.py:2726} INFO - Sync 1 DAGs
[2023-06-28T14:36:38.302+0000] {logging_mixin.py:149} INFO - [2023-06-28T14:36:38.302+0000] {dag.py:3490} INFO - Setting next_dagrun for example_task_group_decorator to 2023-06-27T14:36:38.302504+00:00, run_after=2023-06-28T14:36:38.302504+00:00
[2023-06-28T14:36:38.333+0000] {processor.py:179} INFO - Processing /home/airflow/.local/lib/python3.7/site-packages/airflow/example_dags/example_task_group_decorator.py took 0.135 seconds
[2023-06-28T14:37:08.465+0000] {processor.py:157} INFO - Started process (PID=2442) to work on /home/airflow/.local/lib/python3.7/site-packages/airflow/example_dags/example_task_group_decorator.py
[2023-06-28T14:37:08.466+0000] {processor.py:826} INFO - Processing file /home/airflow/.local/lib/python3.7/site-packages/airflow/example_dags/example_task_group_decorator.py for tasks to queue
[2023-06-28T14:37:08.467+0000] {logging_mixin.py:149} INFO - [2023-06-28T14:37:08.467+0000] {dagbag.py:541} INFO - Filling up the DagBag from /home/airflow/.local/lib/python3.7/site-packages/airflow/example_dags/example_task_group_decorator.py
[2023-06-28T14:37:08.485+0000] {processor.py:836} INFO - DAG(s) dict_keys(['example_task_group_decorator']) retrieved from /home/airflow/.local/lib/python3.7/site-packages/airflow/example_dags/example_task_group_decorator.py
[2023-06-28T14:37:08.524+0000] {logging_mixin.py:149} INFO - [2023-06-28T14:37:08.523+0000] {dag.py:2726} INFO - Sync 1 DAGs
[2023-06-28T14:37:08.558+0000] {logging_mixin.py:149} INFO - [2023-06-28T14:37:08.558+0000] {dag.py:3490} INFO - Setting next_dagrun for example_task_group_decorator to 2023-06-27T14:37:08.558004+00:00, run_after=2023-06-28T14:37:08.558004+00:00
[2023-06-28T14:37:08.591+0000] {processor.py:179} INFO - Processing /home/airflow/.local/lib/python3.7/site-packages/airflow/example_dags/example_task_group_decorator.py took 0.130 seconds
[2023-06-28T14:37:39.181+0000] {processor.py:157} INFO - Started process (PID=2496) to work on /home/airflow/.local/lib/python3.7/site-packages/airflow/example_dags/example_task_group_decorator.py
[2023-06-28T14:37:39.182+0000] {processor.py:826} INFO - Processing file /home/airflow/.local/lib/python3.7/site-packages/airflow/example_dags/example_task_group_decorator.py for tasks to queue
[2023-06-28T14:37:39.183+0000] {logging_mixin.py:149} INFO - [2023-06-28T14:37:39.183+0000] {dagbag.py:541} INFO - Filling up the DagBag from /home/airflow/.local/lib/python3.7/site-packages/airflow/example_dags/example_task_group_decorator.py
[2023-06-28T14:37:39.212+0000] {processor.py:836} INFO - DAG(s) dict_keys(['example_task_group_decorator']) retrieved from /home/airflow/.local/lib/python3.7/site-packages/airflow/example_dags/example_task_group_decorator.py
[2023-06-28T14:37:39.259+0000] {logging_mixin.py:149} INFO - [2023-06-28T14:37:39.259+0000] {dag.py:2726} INFO - Sync 1 DAGs
[2023-06-28T14:37:39.295+0000] {logging_mixin.py:149} INFO - [2023-06-28T14:37:39.295+0000] {dag.py:3490} INFO - Setting next_dagrun for example_task_group_decorator to 2023-06-27T14:37:39.295376+00:00, run_after=2023-06-28T14:37:39.295376+00:00
[2023-06-28T14:37:39.328+0000] {processor.py:179} INFO - Processing /home/airflow/.local/lib/python3.7/site-packages/airflow/example_dags/example_task_group_decorator.py took 0.151 seconds
[2023-06-28T14:38:09.480+0000] {processor.py:157} INFO - Started process (PID=2556) to work on /home/airflow/.local/lib/python3.7/site-packages/airflow/example_dags/example_task_group_decorator.py
[2023-06-28T14:38:09.482+0000] {processor.py:826} INFO - Processing file /home/airflow/.local/lib/python3.7/site-packages/airflow/example_dags/example_task_group_decorator.py for tasks to queue
[2023-06-28T14:38:09.485+0000] {logging_mixin.py:149} INFO - [2023-06-28T14:38:09.484+0000] {dagbag.py:541} INFO - Filling up the DagBag from /home/airflow/.local/lib/python3.7/site-packages/airflow/example_dags/example_task_group_decorator.py
[2023-06-28T14:38:09.503+0000] {processor.py:836} INFO - DAG(s) dict_keys(['example_task_group_decorator']) retrieved from /home/airflow/.local/lib/python3.7/site-packages/airflow/example_dags/example_task_group_decorator.py
[2023-06-28T14:38:09.541+0000] {logging_mixin.py:149} INFO - [2023-06-28T14:38:09.541+0000] {dag.py:2726} INFO - Sync 1 DAGs
[2023-06-28T14:38:09.579+0000] {logging_mixin.py:149} INFO - [2023-06-28T14:38:09.579+0000] {dag.py:3490} INFO - Setting next_dagrun for example_task_group_decorator to 2023-06-27T14:38:09.579173+00:00, run_after=2023-06-28T14:38:09.579173+00:00
[2023-06-28T14:38:09.613+0000] {processor.py:179} INFO - Processing /home/airflow/.local/lib/python3.7/site-packages/airflow/example_dags/example_task_group_decorator.py took 0.137 seconds
[2023-06-28T14:38:39.994+0000] {processor.py:157} INFO - Started process (PID=2615) to work on /home/airflow/.local/lib/python3.7/site-packages/airflow/example_dags/example_task_group_decorator.py
[2023-06-28T14:38:39.995+0000] {processor.py:826} INFO - Processing file /home/airflow/.local/lib/python3.7/site-packages/airflow/example_dags/example_task_group_decorator.py for tasks to queue
[2023-06-28T14:38:39.996+0000] {logging_mixin.py:149} INFO - [2023-06-28T14:38:39.996+0000] {dagbag.py:541} INFO - Filling up the DagBag from /home/airflow/.local/lib/python3.7/site-packages/airflow/example_dags/example_task_group_decorator.py
[2023-06-28T14:38:40.015+0000] {processor.py:836} INFO - DAG(s) dict_keys(['example_task_group_decorator']) retrieved from /home/airflow/.local/lib/python3.7/site-packages/airflow/example_dags/example_task_group_decorator.py
[2023-06-28T14:38:40.069+0000] {logging_mixin.py:149} INFO - [2023-06-28T14:38:40.069+0000] {dag.py:2726} INFO - Sync 1 DAGs
[2023-06-28T14:38:40.104+0000] {logging_mixin.py:149} INFO - [2023-06-28T14:38:40.104+0000] {dag.py:3490} INFO - Setting next_dagrun for example_task_group_decorator to 2023-06-27T14:38:40.104190+00:00, run_after=2023-06-28T14:38:40.104190+00:00
[2023-06-28T14:38:40.133+0000] {processor.py:179} INFO - Processing /home/airflow/.local/lib/python3.7/site-packages/airflow/example_dags/example_task_group_decorator.py took 0.144 seconds
[2023-06-28T14:39:10.561+0000] {processor.py:157} INFO - Started process (PID=2674) to work on /home/airflow/.local/lib/python3.7/site-packages/airflow/example_dags/example_task_group_decorator.py
[2023-06-28T14:39:10.563+0000] {processor.py:826} INFO - Processing file /home/airflow/.local/lib/python3.7/site-packages/airflow/example_dags/example_task_group_decorator.py for tasks to queue
[2023-06-28T14:39:10.564+0000] {logging_mixin.py:149} INFO - [2023-06-28T14:39:10.564+0000] {dagbag.py:541} INFO - Filling up the DagBag from /home/airflow/.local/lib/python3.7/site-packages/airflow/example_dags/example_task_group_decorator.py
[2023-06-28T14:39:10.597+0000] {processor.py:836} INFO - DAG(s) dict_keys(['example_task_group_decorator']) retrieved from /home/airflow/.local/lib/python3.7/site-packages/airflow/example_dags/example_task_group_decorator.py
[2023-06-28T14:39:10.657+0000] {logging_mixin.py:149} INFO - [2023-06-28T14:39:10.657+0000] {dag.py:2726} INFO - Sync 1 DAGs
[2023-06-28T14:39:10.708+0000] {logging_mixin.py:149} INFO - [2023-06-28T14:39:10.708+0000] {dag.py:3490} INFO - Setting next_dagrun for example_task_group_decorator to 2023-06-27T14:39:10.707597+00:00, run_after=2023-06-28T14:39:10.707597+00:00
[2023-06-28T14:39:10.753+0000] {processor.py:179} INFO - Processing /home/airflow/.local/lib/python3.7/site-packages/airflow/example_dags/example_task_group_decorator.py took 0.198 seconds
[2023-06-28T14:39:41.063+0000] {processor.py:157} INFO - Started process (PID=2733) to work on /home/airflow/.local/lib/python3.7/site-packages/airflow/example_dags/example_task_group_decorator.py
[2023-06-28T14:39:41.064+0000] {processor.py:826} INFO - Processing file /home/airflow/.local/lib/python3.7/site-packages/airflow/example_dags/example_task_group_decorator.py for tasks to queue
[2023-06-28T14:39:41.065+0000] {logging_mixin.py:149} INFO - [2023-06-28T14:39:41.065+0000] {dagbag.py:541} INFO - Filling up the DagBag from /home/airflow/.local/lib/python3.7/site-packages/airflow/example_dags/example_task_group_decorator.py
[2023-06-28T14:39:41.089+0000] {processor.py:836} INFO - DAG(s) dict_keys(['example_task_group_decorator']) retrieved from /home/airflow/.local/lib/python3.7/site-packages/airflow/example_dags/example_task_group_decorator.py
[2023-06-28T14:39:41.132+0000] {logging_mixin.py:149} INFO - [2023-06-28T14:39:41.131+0000] {dag.py:2726} INFO - Sync 1 DAGs
[2023-06-28T14:39:41.171+0000] {logging_mixin.py:149} INFO - [2023-06-28T14:39:41.171+0000] {dag.py:3490} INFO - Setting next_dagrun for example_task_group_decorator to 2023-06-27T14:39:41.171087+00:00, run_after=2023-06-28T14:39:41.171087+00:00
[2023-06-28T14:39:41.203+0000] {processor.py:179} INFO - Processing /home/airflow/.local/lib/python3.7/site-packages/airflow/example_dags/example_task_group_decorator.py took 0.144 seconds
[2023-06-28T14:40:11.622+0000] {processor.py:157} INFO - Started process (PID=2793) to work on /home/airflow/.local/lib/python3.7/site-packages/airflow/example_dags/example_task_group_decorator.py
[2023-06-28T14:40:11.623+0000] {processor.py:826} INFO - Processing file /home/airflow/.local/lib/python3.7/site-packages/airflow/example_dags/example_task_group_decorator.py for tasks to queue
[2023-06-28T14:40:11.625+0000] {logging_mixin.py:149} INFO - [2023-06-28T14:40:11.625+0000] {dagbag.py:541} INFO - Filling up the DagBag from /home/airflow/.local/lib/python3.7/site-packages/airflow/example_dags/example_task_group_decorator.py
[2023-06-28T14:40:11.656+0000] {processor.py:836} INFO - DAG(s) dict_keys(['example_task_group_decorator']) retrieved from /home/airflow/.local/lib/python3.7/site-packages/airflow/example_dags/example_task_group_decorator.py
[2023-06-28T14:40:11.724+0000] {logging_mixin.py:149} INFO - [2023-06-28T14:40:11.724+0000] {dag.py:2726} INFO - Sync 1 DAGs
[2023-06-28T14:40:11.767+0000] {logging_mixin.py:149} INFO - [2023-06-28T14:40:11.767+0000] {dag.py:3490} INFO - Setting next_dagrun for example_task_group_decorator to 2023-06-27T14:40:11.767330+00:00, run_after=2023-06-28T14:40:11.767330+00:00
[2023-06-28T14:40:11.816+0000] {processor.py:179} INFO - Processing /home/airflow/.local/lib/python3.7/site-packages/airflow/example_dags/example_task_group_decorator.py took 0.200 seconds
[2023-06-28T14:40:41.952+0000] {processor.py:157} INFO - Started process (PID=2853) to work on /home/airflow/.local/lib/python3.7/site-packages/airflow/example_dags/example_task_group_decorator.py
[2023-06-28T14:40:41.953+0000] {processor.py:826} INFO - Processing file /home/airflow/.local/lib/python3.7/site-packages/airflow/example_dags/example_task_group_decorator.py for tasks to queue
[2023-06-28T14:40:41.954+0000] {logging_mixin.py:149} INFO - [2023-06-28T14:40:41.954+0000] {dagbag.py:541} INFO - Filling up the DagBag from /home/airflow/.local/lib/python3.7/site-packages/airflow/example_dags/example_task_group_decorator.py
[2023-06-28T14:40:41.973+0000] {processor.py:836} INFO - DAG(s) dict_keys(['example_task_group_decorator']) retrieved from /home/airflow/.local/lib/python3.7/site-packages/airflow/example_dags/example_task_group_decorator.py
[2023-06-28T14:40:42.020+0000] {logging_mixin.py:149} INFO - [2023-06-28T14:40:42.019+0000] {dag.py:2726} INFO - Sync 1 DAGs
[2023-06-28T14:40:42.053+0000] {logging_mixin.py:149} INFO - [2023-06-28T14:40:42.053+0000] {dag.py:3490} INFO - Setting next_dagrun for example_task_group_decorator to 2023-06-27T14:40:42.053128+00:00, run_after=2023-06-28T14:40:42.053128+00:00
[2023-06-28T14:40:42.084+0000] {processor.py:179} INFO - Processing /home/airflow/.local/lib/python3.7/site-packages/airflow/example_dags/example_task_group_decorator.py took 0.136 seconds
[2023-06-28T14:41:12.461+0000] {processor.py:157} INFO - Started process (PID=2912) to work on /home/airflow/.local/lib/python3.7/site-packages/airflow/example_dags/example_task_group_decorator.py
[2023-06-28T14:41:12.462+0000] {processor.py:826} INFO - Processing file /home/airflow/.local/lib/python3.7/site-packages/airflow/example_dags/example_task_group_decorator.py for tasks to queue
[2023-06-28T14:41:12.463+0000] {logging_mixin.py:149} INFO - [2023-06-28T14:41:12.463+0000] {dagbag.py:541} INFO - Filling up the DagBag from /home/airflow/.local/lib/python3.7/site-packages/airflow/example_dags/example_task_group_decorator.py
[2023-06-28T14:41:12.482+0000] {processor.py:836} INFO - DAG(s) dict_keys(['example_task_group_decorator']) retrieved from /home/airflow/.local/lib/python3.7/site-packages/airflow/example_dags/example_task_group_decorator.py
[2023-06-28T14:41:12.526+0000] {logging_mixin.py:149} INFO - [2023-06-28T14:41:12.526+0000] {dag.py:2726} INFO - Sync 1 DAGs
[2023-06-28T14:41:12.565+0000] {logging_mixin.py:149} INFO - [2023-06-28T14:41:12.565+0000] {dag.py:3490} INFO - Setting next_dagrun for example_task_group_decorator to 2023-06-27T14:41:12.564989+00:00, run_after=2023-06-28T14:41:12.564989+00:00
[2023-06-28T14:41:12.612+0000] {processor.py:179} INFO - Processing /home/airflow/.local/lib/python3.7/site-packages/airflow/example_dags/example_task_group_decorator.py took 0.155 seconds
[2023-06-28T14:41:42.857+0000] {processor.py:157} INFO - Started process (PID=2972) to work on /home/airflow/.local/lib/python3.7/site-packages/airflow/example_dags/example_task_group_decorator.py
[2023-06-28T14:41:42.859+0000] {processor.py:826} INFO - Processing file /home/airflow/.local/lib/python3.7/site-packages/airflow/example_dags/example_task_group_decorator.py for tasks to queue
[2023-06-28T14:41:42.860+0000] {logging_mixin.py:149} INFO - [2023-06-28T14:41:42.860+0000] {dagbag.py:541} INFO - Filling up the DagBag from /home/airflow/.local/lib/python3.7/site-packages/airflow/example_dags/example_task_group_decorator.py
[2023-06-28T14:41:42.888+0000] {processor.py:836} INFO - DAG(s) dict_keys(['example_task_group_decorator']) retrieved from /home/airflow/.local/lib/python3.7/site-packages/airflow/example_dags/example_task_group_decorator.py
[2023-06-28T14:41:42.942+0000] {logging_mixin.py:149} INFO - [2023-06-28T14:41:42.942+0000] {dag.py:2726} INFO - Sync 1 DAGs
[2023-06-28T14:41:42.979+0000] {logging_mixin.py:149} INFO - [2023-06-28T14:41:42.979+0000] {dag.py:3490} INFO - Setting next_dagrun for example_task_group_decorator to 2023-06-27T14:41:42.979093+00:00, run_after=2023-06-28T14:41:42.979093+00:00
[2023-06-28T14:41:43.012+0000] {processor.py:179} INFO - Processing /home/airflow/.local/lib/python3.7/site-packages/airflow/example_dags/example_task_group_decorator.py took 0.159 seconds
[2023-06-28T14:42:13.294+0000] {processor.py:157} INFO - Started process (PID=3031) to work on /home/airflow/.local/lib/python3.7/site-packages/airflow/example_dags/example_task_group_decorator.py
[2023-06-28T14:42:13.296+0000] {processor.py:826} INFO - Processing file /home/airflow/.local/lib/python3.7/site-packages/airflow/example_dags/example_task_group_decorator.py for tasks to queue
[2023-06-28T14:42:13.298+0000] {logging_mixin.py:149} INFO - [2023-06-28T14:42:13.298+0000] {dagbag.py:541} INFO - Filling up the DagBag from /home/airflow/.local/lib/python3.7/site-packages/airflow/example_dags/example_task_group_decorator.py
[2023-06-28T14:42:13.326+0000] {processor.py:836} INFO - DAG(s) dict_keys(['example_task_group_decorator']) retrieved from /home/airflow/.local/lib/python3.7/site-packages/airflow/example_dags/example_task_group_decorator.py
[2023-06-28T14:42:13.378+0000] {logging_mixin.py:149} INFO - [2023-06-28T14:42:13.377+0000] {dag.py:2726} INFO - Sync 1 DAGs
[2023-06-28T14:42:13.419+0000] {logging_mixin.py:149} INFO - [2023-06-28T14:42:13.419+0000] {dag.py:3490} INFO - Setting next_dagrun for example_task_group_decorator to 2023-06-27T14:42:13.419408+00:00, run_after=2023-06-28T14:42:13.419408+00:00
[2023-06-28T14:42:13.461+0000] {processor.py:179} INFO - Processing /home/airflow/.local/lib/python3.7/site-packages/airflow/example_dags/example_task_group_decorator.py took 0.177 seconds
[2023-06-28T14:42:43.555+0000] {processor.py:157} INFO - Started process (PID=3090) to work on /home/airflow/.local/lib/python3.7/site-packages/airflow/example_dags/example_task_group_decorator.py
[2023-06-28T14:42:43.556+0000] {processor.py:826} INFO - Processing file /home/airflow/.local/lib/python3.7/site-packages/airflow/example_dags/example_task_group_decorator.py for tasks to queue
[2023-06-28T14:42:43.557+0000] {logging_mixin.py:149} INFO - [2023-06-28T14:42:43.557+0000] {dagbag.py:541} INFO - Filling up the DagBag from /home/airflow/.local/lib/python3.7/site-packages/airflow/example_dags/example_task_group_decorator.py
[2023-06-28T14:42:43.577+0000] {processor.py:836} INFO - DAG(s) dict_keys(['example_task_group_decorator']) retrieved from /home/airflow/.local/lib/python3.7/site-packages/airflow/example_dags/example_task_group_decorator.py
[2023-06-28T14:42:43.626+0000] {logging_mixin.py:149} INFO - [2023-06-28T14:42:43.625+0000] {dag.py:2726} INFO - Sync 1 DAGs
[2023-06-28T14:42:43.659+0000] {logging_mixin.py:149} INFO - [2023-06-28T14:42:43.659+0000] {dag.py:3490} INFO - Setting next_dagrun for example_task_group_decorator to 2023-06-27T14:42:43.659254+00:00, run_after=2023-06-28T14:42:43.659254+00:00
[2023-06-28T14:42:43.691+0000] {processor.py:179} INFO - Processing /home/airflow/.local/lib/python3.7/site-packages/airflow/example_dags/example_task_group_decorator.py took 0.139 seconds
[2023-06-28T14:43:14.211+0000] {processor.py:157} INFO - Started process (PID=3150) to work on /home/airflow/.local/lib/python3.7/site-packages/airflow/example_dags/example_task_group_decorator.py
[2023-06-28T14:43:14.212+0000] {processor.py:826} INFO - Processing file /home/airflow/.local/lib/python3.7/site-packages/airflow/example_dags/example_task_group_decorator.py for tasks to queue
[2023-06-28T14:43:14.213+0000] {logging_mixin.py:149} INFO - [2023-06-28T14:43:14.213+0000] {dagbag.py:541} INFO - Filling up the DagBag from /home/airflow/.local/lib/python3.7/site-packages/airflow/example_dags/example_task_group_decorator.py
[2023-06-28T14:43:14.231+0000] {processor.py:836} INFO - DAG(s) dict_keys(['example_task_group_decorator']) retrieved from /home/airflow/.local/lib/python3.7/site-packages/airflow/example_dags/example_task_group_decorator.py
[2023-06-28T14:43:14.267+0000] {logging_mixin.py:149} INFO - [2023-06-28T14:43:14.267+0000] {dag.py:2726} INFO - Sync 1 DAGs
[2023-06-28T14:43:14.302+0000] {logging_mixin.py:149} INFO - [2023-06-28T14:43:14.302+0000] {dag.py:3490} INFO - Setting next_dagrun for example_task_group_decorator to 2023-06-27T14:43:14.302176+00:00, run_after=2023-06-28T14:43:14.302176+00:00
[2023-06-28T14:43:14.338+0000] {processor.py:179} INFO - Processing /home/airflow/.local/lib/python3.7/site-packages/airflow/example_dags/example_task_group_decorator.py took 0.131 seconds
[2023-06-28T14:43:44.921+0000] {processor.py:157} INFO - Started process (PID=3209) to work on /home/airflow/.local/lib/python3.7/site-packages/airflow/example_dags/example_task_group_decorator.py
[2023-06-28T14:43:44.932+0000] {processor.py:826} INFO - Processing file /home/airflow/.local/lib/python3.7/site-packages/airflow/example_dags/example_task_group_decorator.py for tasks to queue
[2023-06-28T14:43:44.950+0000] {logging_mixin.py:149} INFO - [2023-06-28T14:43:44.949+0000] {dagbag.py:541} INFO - Filling up the DagBag from /home/airflow/.local/lib/python3.7/site-packages/airflow/example_dags/example_task_group_decorator.py
[2023-06-28T14:43:45.047+0000] {processor.py:836} INFO - DAG(s) dict_keys(['example_task_group_decorator']) retrieved from /home/airflow/.local/lib/python3.7/site-packages/airflow/example_dags/example_task_group_decorator.py
[2023-06-28T14:43:45.220+0000] {logging_mixin.py:149} INFO - [2023-06-28T14:43:45.219+0000] {dag.py:2726} INFO - Sync 1 DAGs
[2023-06-28T14:43:45.416+0000] {logging_mixin.py:149} INFO - [2023-06-28T14:43:45.416+0000] {dag.py:3490} INFO - Setting next_dagrun for example_task_group_decorator to 2023-06-27T14:43:45.416115+00:00, run_after=2023-06-28T14:43:45.416115+00:00
[2023-06-28T14:43:45.634+0000] {processor.py:179} INFO - Processing /home/airflow/.local/lib/python3.7/site-packages/airflow/example_dags/example_task_group_decorator.py took 0.720 seconds
[2023-06-28T14:44:17.027+0000] {processor.py:157} INFO - Started process (PID=3268) to work on /home/airflow/.local/lib/python3.7/site-packages/airflow/example_dags/example_task_group_decorator.py
[2023-06-28T14:44:17.031+0000] {processor.py:826} INFO - Processing file /home/airflow/.local/lib/python3.7/site-packages/airflow/example_dags/example_task_group_decorator.py for tasks to queue
[2023-06-28T14:44:17.044+0000] {logging_mixin.py:149} INFO - [2023-06-28T14:44:17.033+0000] {dagbag.py:541} INFO - Filling up the DagBag from /home/airflow/.local/lib/python3.7/site-packages/airflow/example_dags/example_task_group_decorator.py
[2023-06-28T14:44:17.172+0000] {processor.py:836} INFO - DAG(s) dict_keys(['example_task_group_decorator']) retrieved from /home/airflow/.local/lib/python3.7/site-packages/airflow/example_dags/example_task_group_decorator.py
[2023-06-28T14:44:17.338+0000] {logging_mixin.py:149} INFO - [2023-06-28T14:44:17.338+0000] {dag.py:2726} INFO - Sync 1 DAGs
[2023-06-28T14:44:17.494+0000] {logging_mixin.py:149} INFO - [2023-06-28T14:44:17.493+0000] {dag.py:3490} INFO - Setting next_dagrun for example_task_group_decorator to 2023-06-27T14:44:17.493315+00:00, run_after=2023-06-28T14:44:17.493315+00:00
[2023-06-28T14:44:17.598+0000] {processor.py:179} INFO - Processing /home/airflow/.local/lib/python3.7/site-packages/airflow/example_dags/example_task_group_decorator.py took 0.603 seconds
[2023-06-28T14:44:48.225+0000] {processor.py:157} INFO - Started process (PID=3327) to work on /home/airflow/.local/lib/python3.7/site-packages/airflow/example_dags/example_task_group_decorator.py
[2023-06-28T14:44:48.227+0000] {processor.py:826} INFO - Processing file /home/airflow/.local/lib/python3.7/site-packages/airflow/example_dags/example_task_group_decorator.py for tasks to queue
[2023-06-28T14:44:48.228+0000] {logging_mixin.py:149} INFO - [2023-06-28T14:44:48.228+0000] {dagbag.py:541} INFO - Filling up the DagBag from /home/airflow/.local/lib/python3.7/site-packages/airflow/example_dags/example_task_group_decorator.py
[2023-06-28T14:44:48.254+0000] {processor.py:836} INFO - DAG(s) dict_keys(['example_task_group_decorator']) retrieved from /home/airflow/.local/lib/python3.7/site-packages/airflow/example_dags/example_task_group_decorator.py
[2023-06-28T14:44:48.325+0000] {logging_mixin.py:149} INFO - [2023-06-28T14:44:48.325+0000] {dag.py:2726} INFO - Sync 1 DAGs
[2023-06-28T14:44:48.380+0000] {logging_mixin.py:149} INFO - [2023-06-28T14:44:48.380+0000] {dag.py:3490} INFO - Setting next_dagrun for example_task_group_decorator to 2023-06-27T14:44:48.378058+00:00, run_after=2023-06-28T14:44:48.378058+00:00
[2023-06-28T14:44:48.476+0000] {processor.py:179} INFO - Processing /home/airflow/.local/lib/python3.7/site-packages/airflow/example_dags/example_task_group_decorator.py took 0.258 seconds
[2023-06-28T14:45:18.905+0000] {processor.py:157} INFO - Started process (PID=3387) to work on /home/airflow/.local/lib/python3.7/site-packages/airflow/example_dags/example_task_group_decorator.py
[2023-06-28T14:45:18.911+0000] {processor.py:826} INFO - Processing file /home/airflow/.local/lib/python3.7/site-packages/airflow/example_dags/example_task_group_decorator.py for tasks to queue
[2023-06-28T14:45:18.913+0000] {logging_mixin.py:149} INFO - [2023-06-28T14:45:18.913+0000] {dagbag.py:541} INFO - Filling up the DagBag from /home/airflow/.local/lib/python3.7/site-packages/airflow/example_dags/example_task_group_decorator.py
[2023-06-28T14:45:18.949+0000] {processor.py:836} INFO - DAG(s) dict_keys(['example_task_group_decorator']) retrieved from /home/airflow/.local/lib/python3.7/site-packages/airflow/example_dags/example_task_group_decorator.py
[2023-06-28T14:45:19.032+0000] {logging_mixin.py:149} INFO - [2023-06-28T14:45:19.032+0000] {dag.py:2726} INFO - Sync 1 DAGs
[2023-06-28T14:45:19.102+0000] {logging_mixin.py:149} INFO - [2023-06-28T14:45:19.102+0000] {dag.py:3490} INFO - Setting next_dagrun for example_task_group_decorator to 2023-06-27T14:45:19.101861+00:00, run_after=2023-06-28T14:45:19.101861+00:00
[2023-06-28T14:45:19.165+0000] {processor.py:179} INFO - Processing /home/airflow/.local/lib/python3.7/site-packages/airflow/example_dags/example_task_group_decorator.py took 0.265 seconds
[2023-06-28T14:45:49.929+0000] {processor.py:157} INFO - Started process (PID=3447) to work on /home/airflow/.local/lib/python3.7/site-packages/airflow/example_dags/example_task_group_decorator.py
[2023-06-28T14:45:49.931+0000] {processor.py:826} INFO - Processing file /home/airflow/.local/lib/python3.7/site-packages/airflow/example_dags/example_task_group_decorator.py for tasks to queue
[2023-06-28T14:45:49.932+0000] {logging_mixin.py:149} INFO - [2023-06-28T14:45:49.932+0000] {dagbag.py:541} INFO - Filling up the DagBag from /home/airflow/.local/lib/python3.7/site-packages/airflow/example_dags/example_task_group_decorator.py
[2023-06-28T14:45:49.954+0000] {processor.py:836} INFO - DAG(s) dict_keys(['example_task_group_decorator']) retrieved from /home/airflow/.local/lib/python3.7/site-packages/airflow/example_dags/example_task_group_decorator.py
[2023-06-28T14:45:50.001+0000] {logging_mixin.py:149} INFO - [2023-06-28T14:45:50.001+0000] {dag.py:2726} INFO - Sync 1 DAGs
[2023-06-28T14:45:50.053+0000] {logging_mixin.py:149} INFO - [2023-06-28T14:45:50.053+0000] {dag.py:3490} INFO - Setting next_dagrun for example_task_group_decorator to 2023-06-27T14:45:50.052771+00:00, run_after=2023-06-28T14:45:50.052771+00:00
[2023-06-28T14:45:50.088+0000] {processor.py:179} INFO - Processing /home/airflow/.local/lib/python3.7/site-packages/airflow/example_dags/example_task_group_decorator.py took 0.163 seconds
[2023-06-28T14:46:20.571+0000] {processor.py:157} INFO - Started process (PID=3506) to work on /home/airflow/.local/lib/python3.7/site-packages/airflow/example_dags/example_task_group_decorator.py
[2023-06-28T14:46:20.576+0000] {processor.py:826} INFO - Processing file /home/airflow/.local/lib/python3.7/site-packages/airflow/example_dags/example_task_group_decorator.py for tasks to queue
[2023-06-28T14:46:20.578+0000] {logging_mixin.py:149} INFO - [2023-06-28T14:46:20.578+0000] {dagbag.py:541} INFO - Filling up the DagBag from /home/airflow/.local/lib/python3.7/site-packages/airflow/example_dags/example_task_group_decorator.py
[2023-06-28T14:46:20.627+0000] {processor.py:836} INFO - DAG(s) dict_keys(['example_task_group_decorator']) retrieved from /home/airflow/.local/lib/python3.7/site-packages/airflow/example_dags/example_task_group_decorator.py
[2023-06-28T14:46:20.708+0000] {logging_mixin.py:149} INFO - [2023-06-28T14:46:20.708+0000] {dag.py:2726} INFO - Sync 1 DAGs
[2023-06-28T14:46:20.762+0000] {logging_mixin.py:149} INFO - [2023-06-28T14:46:20.762+0000] {dag.py:3490} INFO - Setting next_dagrun for example_task_group_decorator to 2023-06-27T14:46:20.762250+00:00, run_after=2023-06-28T14:46:20.762250+00:00
[2023-06-28T14:46:20.819+0000] {processor.py:179} INFO - Processing /home/airflow/.local/lib/python3.7/site-packages/airflow/example_dags/example_task_group_decorator.py took 0.260 seconds
[2023-06-28T14:46:50.918+0000] {processor.py:157} INFO - Started process (PID=3565) to work on /home/airflow/.local/lib/python3.7/site-packages/airflow/example_dags/example_task_group_decorator.py
[2023-06-28T14:46:50.919+0000] {processor.py:826} INFO - Processing file /home/airflow/.local/lib/python3.7/site-packages/airflow/example_dags/example_task_group_decorator.py for tasks to queue
[2023-06-28T14:46:50.921+0000] {logging_mixin.py:149} INFO - [2023-06-28T14:46:50.920+0000] {dagbag.py:541} INFO - Filling up the DagBag from /home/airflow/.local/lib/python3.7/site-packages/airflow/example_dags/example_task_group_decorator.py
[2023-06-28T14:46:50.970+0000] {processor.py:836} INFO - DAG(s) dict_keys(['example_task_group_decorator']) retrieved from /home/airflow/.local/lib/python3.7/site-packages/airflow/example_dags/example_task_group_decorator.py
[2023-06-28T14:46:51.057+0000] {logging_mixin.py:149} INFO - [2023-06-28T14:46:51.057+0000] {dag.py:2726} INFO - Sync 1 DAGs
[2023-06-28T14:46:51.194+0000] {logging_mixin.py:149} INFO - [2023-06-28T14:46:51.194+0000] {dag.py:3490} INFO - Setting next_dagrun for example_task_group_decorator to 2023-06-27T14:46:51.193611+00:00, run_after=2023-06-28T14:46:51.193611+00:00
[2023-06-28T14:46:51.286+0000] {processor.py:179} INFO - Processing /home/airflow/.local/lib/python3.7/site-packages/airflow/example_dags/example_task_group_decorator.py took 0.376 seconds
[2023-06-28T14:47:21.611+0000] {processor.py:157} INFO - Started process (PID=3625) to work on /home/airflow/.local/lib/python3.7/site-packages/airflow/example_dags/example_task_group_decorator.py
[2023-06-28T14:47:21.623+0000] {processor.py:826} INFO - Processing file /home/airflow/.local/lib/python3.7/site-packages/airflow/example_dags/example_task_group_decorator.py for tasks to queue
[2023-06-28T14:47:21.636+0000] {logging_mixin.py:149} INFO - [2023-06-28T14:47:21.635+0000] {dagbag.py:541} INFO - Filling up the DagBag from /home/airflow/.local/lib/python3.7/site-packages/airflow/example_dags/example_task_group_decorator.py
[2023-06-28T14:47:21.745+0000] {processor.py:836} INFO - DAG(s) dict_keys(['example_task_group_decorator']) retrieved from /home/airflow/.local/lib/python3.7/site-packages/airflow/example_dags/example_task_group_decorator.py
[2023-06-28T14:47:21.873+0000] {logging_mixin.py:149} INFO - [2023-06-28T14:47:21.873+0000] {dag.py:2726} INFO - Sync 1 DAGs
[2023-06-28T14:47:21.995+0000] {logging_mixin.py:149} INFO - [2023-06-28T14:47:21.994+0000] {dag.py:3490} INFO - Setting next_dagrun for example_task_group_decorator to 2023-06-27T14:47:21.994107+00:00, run_after=2023-06-28T14:47:21.994107+00:00
[2023-06-28T14:47:22.167+0000] {processor.py:179} INFO - Processing /home/airflow/.local/lib/python3.7/site-packages/airflow/example_dags/example_task_group_decorator.py took 0.563 seconds
[2023-06-28T14:47:52.304+0000] {processor.py:157} INFO - Started process (PID=3683) to work on /home/airflow/.local/lib/python3.7/site-packages/airflow/example_dags/example_task_group_decorator.py
[2023-06-28T14:47:52.305+0000] {processor.py:826} INFO - Processing file /home/airflow/.local/lib/python3.7/site-packages/airflow/example_dags/example_task_group_decorator.py for tasks to queue
[2023-06-28T14:47:52.307+0000] {logging_mixin.py:149} INFO - [2023-06-28T14:47:52.307+0000] {dagbag.py:541} INFO - Filling up the DagBag from /home/airflow/.local/lib/python3.7/site-packages/airflow/example_dags/example_task_group_decorator.py
[2023-06-28T14:47:52.328+0000] {processor.py:836} INFO - DAG(s) dict_keys(['example_task_group_decorator']) retrieved from /home/airflow/.local/lib/python3.7/site-packages/airflow/example_dags/example_task_group_decorator.py
[2023-06-28T14:47:52.370+0000] {logging_mixin.py:149} INFO - [2023-06-28T14:47:52.370+0000] {dag.py:2726} INFO - Sync 1 DAGs
[2023-06-28T14:47:52.411+0000] {logging_mixin.py:149} INFO - [2023-06-28T14:47:52.410+0000] {dag.py:3490} INFO - Setting next_dagrun for example_task_group_decorator to 2023-06-27T14:47:52.410577+00:00, run_after=2023-06-28T14:47:52.410577+00:00
[2023-06-28T14:47:52.449+0000] {processor.py:179} INFO - Processing /home/airflow/.local/lib/python3.7/site-packages/airflow/example_dags/example_task_group_decorator.py took 0.149 seconds
