[2023-06-28T14:16:31.383+0000] {processor.py:157} INFO - Started process (PID=54) to work on /home/airflow/.local/lib/python3.7/site-packages/airflow/example_dags/example_sensors.py
[2023-06-28T14:16:31.398+0000] {processor.py:826} INFO - Processing file /home/airflow/.local/lib/python3.7/site-packages/airflow/example_dags/example_sensors.py for tasks to queue
[2023-06-28T14:16:31.402+0000] {logging_mixin.py:149} INFO - [2023-06-28T14:16:31.402+0000] {dagbag.py:541} INFO - Filling up the DagBag from /home/airflow/.local/lib/python3.7/site-packages/airflow/example_dags/example_sensors.py
[2023-06-28T14:16:31.516+0000] {processor.py:836} INFO - DAG(s) dict_keys(['example_sensors']) retrieved from /home/airflow/.local/lib/python3.7/site-packages/airflow/example_dags/example_sensors.py
[2023-06-28T14:16:31.851+0000] {logging_mixin.py:149} INFO - [2023-06-28T14:16:31.851+0000] {dag.py:2726} INFO - Sync 1 DAGs
[2023-06-28T14:16:32.269+0000] {logging_mixin.py:149} INFO - [2023-06-28T14:16:32.269+0000] {dag.py:3490} INFO - Setting next_dagrun for example_sensors to None, run_after=None
[2023-06-28T14:16:32.691+0000] {processor.py:179} INFO - Processing /home/airflow/.local/lib/python3.7/site-packages/airflow/example_dags/example_sensors.py took 1.315 seconds
[2023-06-28T14:17:06.418+0000] {processor.py:157} INFO - Started process (PID=113) to work on /home/airflow/.local/lib/python3.7/site-packages/airflow/example_dags/example_sensors.py
[2023-06-28T14:17:06.420+0000] {processor.py:826} INFO - Processing file /home/airflow/.local/lib/python3.7/site-packages/airflow/example_dags/example_sensors.py for tasks to queue
[2023-06-28T14:17:06.422+0000] {logging_mixin.py:149} INFO - [2023-06-28T14:17:06.421+0000] {dagbag.py:541} INFO - Filling up the DagBag from /home/airflow/.local/lib/python3.7/site-packages/airflow/example_dags/example_sensors.py
[2023-06-28T14:17:06.452+0000] {processor.py:836} INFO - DAG(s) dict_keys(['example_sensors']) retrieved from /home/airflow/.local/lib/python3.7/site-packages/airflow/example_dags/example_sensors.py
[2023-06-28T14:17:06.541+0000] {logging_mixin.py:149} INFO - [2023-06-28T14:17:06.541+0000] {dag.py:2726} INFO - Sync 1 DAGs
[2023-06-28T14:17:06.691+0000] {logging_mixin.py:149} INFO - [2023-06-28T14:17:06.682+0000] {dag.py:3490} INFO - Setting next_dagrun for example_sensors to None, run_after=None
[2023-06-28T14:17:06.969+0000] {processor.py:179} INFO - Processing /home/airflow/.local/lib/python3.7/site-packages/airflow/example_dags/example_sensors.py took 0.558 seconds
[2023-06-28T14:17:37.487+0000] {processor.py:157} INFO - Started process (PID=171) to work on /home/airflow/.local/lib/python3.7/site-packages/airflow/example_dags/example_sensors.py
[2023-06-28T14:17:37.489+0000] {processor.py:826} INFO - Processing file /home/airflow/.local/lib/python3.7/site-packages/airflow/example_dags/example_sensors.py for tasks to queue
[2023-06-28T14:17:37.492+0000] {logging_mixin.py:149} INFO - [2023-06-28T14:17:37.492+0000] {dagbag.py:541} INFO - Filling up the DagBag from /home/airflow/.local/lib/python3.7/site-packages/airflow/example_dags/example_sensors.py
[2023-06-28T14:17:37.520+0000] {processor.py:836} INFO - DAG(s) dict_keys(['example_sensors']) retrieved from /home/airflow/.local/lib/python3.7/site-packages/airflow/example_dags/example_sensors.py
[2023-06-28T14:17:37.583+0000] {logging_mixin.py:149} INFO - [2023-06-28T14:17:37.582+0000] {dag.py:2726} INFO - Sync 1 DAGs
[2023-06-28T14:17:37.688+0000] {logging_mixin.py:149} INFO - [2023-06-28T14:17:37.688+0000] {dag.py:3490} INFO - Setting next_dagrun for example_sensors to None, run_after=None
[2023-06-28T14:17:38.086+0000] {processor.py:179} INFO - Processing /home/airflow/.local/lib/python3.7/site-packages/airflow/example_dags/example_sensors.py took 0.608 seconds
[2023-06-28T14:18:08.738+0000] {processor.py:157} INFO - Started process (PID=230) to work on /home/airflow/.local/lib/python3.7/site-packages/airflow/example_dags/example_sensors.py
[2023-06-28T14:18:08.740+0000] {processor.py:826} INFO - Processing file /home/airflow/.local/lib/python3.7/site-packages/airflow/example_dags/example_sensors.py for tasks to queue
[2023-06-28T14:18:08.741+0000] {logging_mixin.py:149} INFO - [2023-06-28T14:18:08.741+0000] {dagbag.py:541} INFO - Filling up the DagBag from /home/airflow/.local/lib/python3.7/site-packages/airflow/example_dags/example_sensors.py
[2023-06-28T14:18:08.759+0000] {processor.py:836} INFO - DAG(s) dict_keys(['example_sensors']) retrieved from /home/airflow/.local/lib/python3.7/site-packages/airflow/example_dags/example_sensors.py
[2023-06-28T14:18:08.821+0000] {logging_mixin.py:149} INFO - [2023-06-28T14:18:08.821+0000] {dag.py:2726} INFO - Sync 1 DAGs
[2023-06-28T14:18:08.869+0000] {logging_mixin.py:149} INFO - [2023-06-28T14:18:08.868+0000] {dag.py:3490} INFO - Setting next_dagrun for example_sensors to None, run_after=None
[2023-06-28T14:18:08.910+0000] {processor.py:179} INFO - Processing /home/airflow/.local/lib/python3.7/site-packages/airflow/example_dags/example_sensors.py took 0.177 seconds
[2023-06-28T14:18:39.695+0000] {processor.py:157} INFO - Started process (PID=289) to work on /home/airflow/.local/lib/python3.7/site-packages/airflow/example_dags/example_sensors.py
[2023-06-28T14:18:39.696+0000] {processor.py:826} INFO - Processing file /home/airflow/.local/lib/python3.7/site-packages/airflow/example_dags/example_sensors.py for tasks to queue
[2023-06-28T14:18:39.698+0000] {logging_mixin.py:149} INFO - [2023-06-28T14:18:39.698+0000] {dagbag.py:541} INFO - Filling up the DagBag from /home/airflow/.local/lib/python3.7/site-packages/airflow/example_dags/example_sensors.py
[2023-06-28T14:18:39.721+0000] {processor.py:836} INFO - DAG(s) dict_keys(['example_sensors']) retrieved from /home/airflow/.local/lib/python3.7/site-packages/airflow/example_dags/example_sensors.py
[2023-06-28T14:18:39.830+0000] {logging_mixin.py:149} INFO - [2023-06-28T14:18:39.829+0000] {dag.py:2726} INFO - Sync 1 DAGs
[2023-06-28T14:18:39.909+0000] {logging_mixin.py:149} INFO - [2023-06-28T14:18:39.909+0000] {dag.py:3490} INFO - Setting next_dagrun for example_sensors to None, run_after=None
[2023-06-28T14:18:39.949+0000] {processor.py:179} INFO - Processing /home/airflow/.local/lib/python3.7/site-packages/airflow/example_dags/example_sensors.py took 0.259 seconds
[2023-06-28T14:19:10.060+0000] {processor.py:157} INFO - Started process (PID=347) to work on /home/airflow/.local/lib/python3.7/site-packages/airflow/example_dags/example_sensors.py
[2023-06-28T14:19:10.062+0000] {processor.py:826} INFO - Processing file /home/airflow/.local/lib/python3.7/site-packages/airflow/example_dags/example_sensors.py for tasks to queue
[2023-06-28T14:19:10.064+0000] {logging_mixin.py:149} INFO - [2023-06-28T14:19:10.064+0000] {dagbag.py:541} INFO - Filling up the DagBag from /home/airflow/.local/lib/python3.7/site-packages/airflow/example_dags/example_sensors.py
[2023-06-28T14:19:10.092+0000] {processor.py:836} INFO - DAG(s) dict_keys(['example_sensors']) retrieved from /home/airflow/.local/lib/python3.7/site-packages/airflow/example_dags/example_sensors.py
[2023-06-28T14:19:10.150+0000] {logging_mixin.py:149} INFO - [2023-06-28T14:19:10.150+0000] {dag.py:2726} INFO - Sync 1 DAGs
[2023-06-28T14:19:10.233+0000] {logging_mixin.py:149} INFO - [2023-06-28T14:19:10.233+0000] {dag.py:3490} INFO - Setting next_dagrun for example_sensors to None, run_after=None
[2023-06-28T14:19:10.311+0000] {processor.py:179} INFO - Processing /home/airflow/.local/lib/python3.7/site-packages/airflow/example_dags/example_sensors.py took 0.257 seconds
[2023-06-28T14:19:40.510+0000] {processor.py:157} INFO - Started process (PID=406) to work on /home/airflow/.local/lib/python3.7/site-packages/airflow/example_dags/example_sensors.py
[2023-06-28T14:19:40.511+0000] {processor.py:826} INFO - Processing file /home/airflow/.local/lib/python3.7/site-packages/airflow/example_dags/example_sensors.py for tasks to queue
[2023-06-28T14:19:40.514+0000] {logging_mixin.py:149} INFO - [2023-06-28T14:19:40.514+0000] {dagbag.py:541} INFO - Filling up the DagBag from /home/airflow/.local/lib/python3.7/site-packages/airflow/example_dags/example_sensors.py
[2023-06-28T14:19:40.532+0000] {processor.py:836} INFO - DAG(s) dict_keys(['example_sensors']) retrieved from /home/airflow/.local/lib/python3.7/site-packages/airflow/example_dags/example_sensors.py
[2023-06-28T14:19:40.581+0000] {logging_mixin.py:149} INFO - [2023-06-28T14:19:40.580+0000] {dag.py:2726} INFO - Sync 1 DAGs
[2023-06-28T14:19:40.640+0000] {logging_mixin.py:149} INFO - [2023-06-28T14:19:40.639+0000] {dag.py:3490} INFO - Setting next_dagrun for example_sensors to None, run_after=None
[2023-06-28T14:19:40.704+0000] {processor.py:179} INFO - Processing /home/airflow/.local/lib/python3.7/site-packages/airflow/example_dags/example_sensors.py took 0.199 seconds
[2023-06-28T14:20:10.973+0000] {processor.py:157} INFO - Started process (PID=465) to work on /home/airflow/.local/lib/python3.7/site-packages/airflow/example_dags/example_sensors.py
[2023-06-28T14:20:10.974+0000] {processor.py:826} INFO - Processing file /home/airflow/.local/lib/python3.7/site-packages/airflow/example_dags/example_sensors.py for tasks to queue
[2023-06-28T14:20:10.975+0000] {logging_mixin.py:149} INFO - [2023-06-28T14:20:10.975+0000] {dagbag.py:541} INFO - Filling up the DagBag from /home/airflow/.local/lib/python3.7/site-packages/airflow/example_dags/example_sensors.py
[2023-06-28T14:20:10.991+0000] {processor.py:836} INFO - DAG(s) dict_keys(['example_sensors']) retrieved from /home/airflow/.local/lib/python3.7/site-packages/airflow/example_dags/example_sensors.py
[2023-06-28T14:20:11.035+0000] {logging_mixin.py:149} INFO - [2023-06-28T14:20:11.035+0000] {dag.py:2726} INFO - Sync 1 DAGs
[2023-06-28T14:20:11.079+0000] {logging_mixin.py:149} INFO - [2023-06-28T14:20:11.079+0000] {dag.py:3490} INFO - Setting next_dagrun for example_sensors to None, run_after=None
[2023-06-28T14:20:11.110+0000] {processor.py:179} INFO - Processing /home/airflow/.local/lib/python3.7/site-packages/airflow/example_dags/example_sensors.py took 0.141 seconds
[2023-06-28T14:20:41.227+0000] {processor.py:157} INFO - Started process (PID=523) to work on /home/airflow/.local/lib/python3.7/site-packages/airflow/example_dags/example_sensors.py
[2023-06-28T14:20:41.229+0000] {processor.py:826} INFO - Processing file /home/airflow/.local/lib/python3.7/site-packages/airflow/example_dags/example_sensors.py for tasks to queue
[2023-06-28T14:20:41.230+0000] {logging_mixin.py:149} INFO - [2023-06-28T14:20:41.230+0000] {dagbag.py:541} INFO - Filling up the DagBag from /home/airflow/.local/lib/python3.7/site-packages/airflow/example_dags/example_sensors.py
[2023-06-28T14:20:41.246+0000] {processor.py:836} INFO - DAG(s) dict_keys(['example_sensors']) retrieved from /home/airflow/.local/lib/python3.7/site-packages/airflow/example_dags/example_sensors.py
[2023-06-28T14:20:41.287+0000] {logging_mixin.py:149} INFO - [2023-06-28T14:20:41.287+0000] {dag.py:2726} INFO - Sync 1 DAGs
[2023-06-28T14:20:41.327+0000] {logging_mixin.py:149} INFO - [2023-06-28T14:20:41.327+0000] {dag.py:3490} INFO - Setting next_dagrun for example_sensors to None, run_after=None
[2023-06-28T14:20:41.358+0000] {processor.py:179} INFO - Processing /home/airflow/.local/lib/python3.7/site-packages/airflow/example_dags/example_sensors.py took 0.137 seconds
[2023-06-28T14:21:11.587+0000] {processor.py:157} INFO - Started process (PID=582) to work on /home/airflow/.local/lib/python3.7/site-packages/airflow/example_dags/example_sensors.py
[2023-06-28T14:21:11.589+0000] {processor.py:826} INFO - Processing file /home/airflow/.local/lib/python3.7/site-packages/airflow/example_dags/example_sensors.py for tasks to queue
[2023-06-28T14:21:11.591+0000] {logging_mixin.py:149} INFO - [2023-06-28T14:21:11.590+0000] {dagbag.py:541} INFO - Filling up the DagBag from /home/airflow/.local/lib/python3.7/site-packages/airflow/example_dags/example_sensors.py
[2023-06-28T14:21:11.616+0000] {processor.py:836} INFO - DAG(s) dict_keys(['example_sensors']) retrieved from /home/airflow/.local/lib/python3.7/site-packages/airflow/example_dags/example_sensors.py
[2023-06-28T14:21:11.697+0000] {logging_mixin.py:149} INFO - [2023-06-28T14:21:11.697+0000] {dag.py:2726} INFO - Sync 1 DAGs
[2023-06-28T14:21:11.766+0000] {logging_mixin.py:149} INFO - [2023-06-28T14:21:11.765+0000] {dag.py:3490} INFO - Setting next_dagrun for example_sensors to None, run_after=None
[2023-06-28T14:21:11.840+0000] {processor.py:179} INFO - Processing /home/airflow/.local/lib/python3.7/site-packages/airflow/example_dags/example_sensors.py took 0.261 seconds
[2023-06-28T14:21:42.062+0000] {processor.py:157} INFO - Started process (PID=642) to work on /home/airflow/.local/lib/python3.7/site-packages/airflow/example_dags/example_sensors.py
[2023-06-28T14:21:42.075+0000] {processor.py:826} INFO - Processing file /home/airflow/.local/lib/python3.7/site-packages/airflow/example_dags/example_sensors.py for tasks to queue
[2023-06-28T14:21:42.077+0000] {logging_mixin.py:149} INFO - [2023-06-28T14:21:42.076+0000] {dagbag.py:541} INFO - Filling up the DagBag from /home/airflow/.local/lib/python3.7/site-packages/airflow/example_dags/example_sensors.py
[2023-06-28T14:21:42.128+0000] {processor.py:836} INFO - DAG(s) dict_keys(['example_sensors']) retrieved from /home/airflow/.local/lib/python3.7/site-packages/airflow/example_dags/example_sensors.py
[2023-06-28T14:21:42.236+0000] {logging_mixin.py:149} INFO - [2023-06-28T14:21:42.236+0000] {dag.py:2726} INFO - Sync 1 DAGs
[2023-06-28T14:21:42.312+0000] {logging_mixin.py:149} INFO - [2023-06-28T14:21:42.312+0000] {dag.py:3490} INFO - Setting next_dagrun for example_sensors to None, run_after=None
[2023-06-28T14:21:42.366+0000] {processor.py:179} INFO - Processing /home/airflow/.local/lib/python3.7/site-packages/airflow/example_dags/example_sensors.py took 0.317 seconds
[2023-06-28T14:22:13.326+0000] {processor.py:157} INFO - Started process (PID=702) to work on /home/airflow/.local/lib/python3.7/site-packages/airflow/example_dags/example_sensors.py
[2023-06-28T14:22:13.328+0000] {processor.py:826} INFO - Processing file /home/airflow/.local/lib/python3.7/site-packages/airflow/example_dags/example_sensors.py for tasks to queue
[2023-06-28T14:22:13.329+0000] {logging_mixin.py:149} INFO - [2023-06-28T14:22:13.329+0000] {dagbag.py:541} INFO - Filling up the DagBag from /home/airflow/.local/lib/python3.7/site-packages/airflow/example_dags/example_sensors.py
[2023-06-28T14:22:13.343+0000] {processor.py:836} INFO - DAG(s) dict_keys(['example_sensors']) retrieved from /home/airflow/.local/lib/python3.7/site-packages/airflow/example_dags/example_sensors.py
[2023-06-28T14:22:13.385+0000] {logging_mixin.py:149} INFO - [2023-06-28T14:22:13.385+0000] {dag.py:2726} INFO - Sync 1 DAGs
[2023-06-28T14:22:13.427+0000] {logging_mixin.py:149} INFO - [2023-06-28T14:22:13.427+0000] {dag.py:3490} INFO - Setting next_dagrun for example_sensors to None, run_after=None
[2023-06-28T14:22:13.465+0000] {processor.py:179} INFO - Processing /home/airflow/.local/lib/python3.7/site-packages/airflow/example_dags/example_sensors.py took 0.144 seconds
[2023-06-28T14:22:43.827+0000] {processor.py:157} INFO - Started process (PID=761) to work on /home/airflow/.local/lib/python3.7/site-packages/airflow/example_dags/example_sensors.py
[2023-06-28T14:22:43.829+0000] {processor.py:826} INFO - Processing file /home/airflow/.local/lib/python3.7/site-packages/airflow/example_dags/example_sensors.py for tasks to queue
[2023-06-28T14:22:43.830+0000] {logging_mixin.py:149} INFO - [2023-06-28T14:22:43.830+0000] {dagbag.py:541} INFO - Filling up the DagBag from /home/airflow/.local/lib/python3.7/site-packages/airflow/example_dags/example_sensors.py
[2023-06-28T14:22:43.843+0000] {processor.py:836} INFO - DAG(s) dict_keys(['example_sensors']) retrieved from /home/airflow/.local/lib/python3.7/site-packages/airflow/example_dags/example_sensors.py
[2023-06-28T14:22:43.885+0000] {logging_mixin.py:149} INFO - [2023-06-28T14:22:43.884+0000] {dag.py:2726} INFO - Sync 1 DAGs
[2023-06-28T14:22:43.925+0000] {logging_mixin.py:149} INFO - [2023-06-28T14:22:43.925+0000] {dag.py:3490} INFO - Setting next_dagrun for example_sensors to None, run_after=None
[2023-06-28T14:22:43.960+0000] {processor.py:179} INFO - Processing /home/airflow/.local/lib/python3.7/site-packages/airflow/example_dags/example_sensors.py took 0.137 seconds
[2023-06-28T14:23:14.833+0000] {processor.py:157} INFO - Started process (PID=820) to work on /home/airflow/.local/lib/python3.7/site-packages/airflow/example_dags/example_sensors.py
[2023-06-28T14:23:14.834+0000] {processor.py:826} INFO - Processing file /home/airflow/.local/lib/python3.7/site-packages/airflow/example_dags/example_sensors.py for tasks to queue
[2023-06-28T14:23:14.837+0000] {logging_mixin.py:149} INFO - [2023-06-28T14:23:14.837+0000] {dagbag.py:541} INFO - Filling up the DagBag from /home/airflow/.local/lib/python3.7/site-packages/airflow/example_dags/example_sensors.py
[2023-06-28T14:23:14.860+0000] {processor.py:836} INFO - DAG(s) dict_keys(['example_sensors']) retrieved from /home/airflow/.local/lib/python3.7/site-packages/airflow/example_dags/example_sensors.py
[2023-06-28T14:23:14.917+0000] {logging_mixin.py:149} INFO - [2023-06-28T14:23:14.917+0000] {dag.py:2726} INFO - Sync 1 DAGs
[2023-06-28T14:23:14.962+0000] {logging_mixin.py:149} INFO - [2023-06-28T14:23:14.961+0000] {dag.py:3490} INFO - Setting next_dagrun for example_sensors to None, run_after=None
[2023-06-28T14:23:15.012+0000] {processor.py:179} INFO - Processing /home/airflow/.local/lib/python3.7/site-packages/airflow/example_dags/example_sensors.py took 0.185 seconds
[2023-06-28T14:23:45.197+0000] {processor.py:157} INFO - Started process (PID=880) to work on /home/airflow/.local/lib/python3.7/site-packages/airflow/example_dags/example_sensors.py
[2023-06-28T14:23:45.199+0000] {processor.py:826} INFO - Processing file /home/airflow/.local/lib/python3.7/site-packages/airflow/example_dags/example_sensors.py for tasks to queue
[2023-06-28T14:23:45.202+0000] {logging_mixin.py:149} INFO - [2023-06-28T14:23:45.201+0000] {dagbag.py:541} INFO - Filling up the DagBag from /home/airflow/.local/lib/python3.7/site-packages/airflow/example_dags/example_sensors.py
[2023-06-28T14:23:45.249+0000] {processor.py:836} INFO - DAG(s) dict_keys(['example_sensors']) retrieved from /home/airflow/.local/lib/python3.7/site-packages/airflow/example_dags/example_sensors.py
[2023-06-28T14:23:45.349+0000] {logging_mixin.py:149} INFO - [2023-06-28T14:23:45.348+0000] {dag.py:2726} INFO - Sync 1 DAGs
[2023-06-28T14:23:45.433+0000] {logging_mixin.py:149} INFO - [2023-06-28T14:23:45.433+0000] {dag.py:3490} INFO - Setting next_dagrun for example_sensors to None, run_after=None
[2023-06-28T14:23:45.503+0000] {processor.py:179} INFO - Processing /home/airflow/.local/lib/python3.7/site-packages/airflow/example_dags/example_sensors.py took 0.317 seconds
[2023-06-28T14:24:15.585+0000] {processor.py:157} INFO - Started process (PID=939) to work on /home/airflow/.local/lib/python3.7/site-packages/airflow/example_dags/example_sensors.py
[2023-06-28T14:24:15.587+0000] {processor.py:826} INFO - Processing file /home/airflow/.local/lib/python3.7/site-packages/airflow/example_dags/example_sensors.py for tasks to queue
[2023-06-28T14:24:15.589+0000] {logging_mixin.py:149} INFO - [2023-06-28T14:24:15.589+0000] {dagbag.py:541} INFO - Filling up the DagBag from /home/airflow/.local/lib/python3.7/site-packages/airflow/example_dags/example_sensors.py
[2023-06-28T14:24:15.604+0000] {processor.py:836} INFO - DAG(s) dict_keys(['example_sensors']) retrieved from /home/airflow/.local/lib/python3.7/site-packages/airflow/example_dags/example_sensors.py
[2023-06-28T14:24:15.643+0000] {logging_mixin.py:149} INFO - [2023-06-28T14:24:15.643+0000] {dag.py:2726} INFO - Sync 1 DAGs
[2023-06-28T14:24:15.680+0000] {logging_mixin.py:149} INFO - [2023-06-28T14:24:15.680+0000] {dag.py:3490} INFO - Setting next_dagrun for example_sensors to None, run_after=None
[2023-06-28T14:24:15.712+0000] {processor.py:179} INFO - Processing /home/airflow/.local/lib/python3.7/site-packages/airflow/example_dags/example_sensors.py took 0.132 seconds
[2023-06-28T14:24:45.952+0000] {processor.py:157} INFO - Started process (PID=997) to work on /home/airflow/.local/lib/python3.7/site-packages/airflow/example_dags/example_sensors.py
[2023-06-28T14:24:45.953+0000] {processor.py:826} INFO - Processing file /home/airflow/.local/lib/python3.7/site-packages/airflow/example_dags/example_sensors.py for tasks to queue
[2023-06-28T14:24:45.955+0000] {logging_mixin.py:149} INFO - [2023-06-28T14:24:45.955+0000] {dagbag.py:541} INFO - Filling up the DagBag from /home/airflow/.local/lib/python3.7/site-packages/airflow/example_dags/example_sensors.py
[2023-06-28T14:24:45.972+0000] {processor.py:836} INFO - DAG(s) dict_keys(['example_sensors']) retrieved from /home/airflow/.local/lib/python3.7/site-packages/airflow/example_dags/example_sensors.py
[2023-06-28T14:24:46.018+0000] {logging_mixin.py:149} INFO - [2023-06-28T14:24:46.017+0000] {dag.py:2726} INFO - Sync 1 DAGs
[2023-06-28T14:24:46.056+0000] {logging_mixin.py:149} INFO - [2023-06-28T14:24:46.056+0000] {dag.py:3490} INFO - Setting next_dagrun for example_sensors to None, run_after=None
[2023-06-28T14:24:46.091+0000] {processor.py:179} INFO - Processing /home/airflow/.local/lib/python3.7/site-packages/airflow/example_dags/example_sensors.py took 0.143 seconds
[2023-06-28T14:25:16.517+0000] {processor.py:157} INFO - Started process (PID=1057) to work on /home/airflow/.local/lib/python3.7/site-packages/airflow/example_dags/example_sensors.py
[2023-06-28T14:25:16.519+0000] {processor.py:826} INFO - Processing file /home/airflow/.local/lib/python3.7/site-packages/airflow/example_dags/example_sensors.py for tasks to queue
[2023-06-28T14:25:16.520+0000] {logging_mixin.py:149} INFO - [2023-06-28T14:25:16.520+0000] {dagbag.py:541} INFO - Filling up the DagBag from /home/airflow/.local/lib/python3.7/site-packages/airflow/example_dags/example_sensors.py
[2023-06-28T14:25:16.542+0000] {processor.py:836} INFO - DAG(s) dict_keys(['example_sensors']) retrieved from /home/airflow/.local/lib/python3.7/site-packages/airflow/example_dags/example_sensors.py
[2023-06-28T14:25:16.625+0000] {logging_mixin.py:149} INFO - [2023-06-28T14:25:16.624+0000] {dag.py:2726} INFO - Sync 1 DAGs
[2023-06-28T14:25:16.693+0000] {logging_mixin.py:149} INFO - [2023-06-28T14:25:16.691+0000] {dag.py:3490} INFO - Setting next_dagrun for example_sensors to None, run_after=None
[2023-06-28T14:25:16.736+0000] {processor.py:179} INFO - Processing /home/airflow/.local/lib/python3.7/site-packages/airflow/example_dags/example_sensors.py took 0.225 seconds
[2023-06-28T14:25:47.719+0000] {processor.py:157} INFO - Started process (PID=1115) to work on /home/airflow/.local/lib/python3.7/site-packages/airflow/example_dags/example_sensors.py
[2023-06-28T14:25:47.720+0000] {processor.py:826} INFO - Processing file /home/airflow/.local/lib/python3.7/site-packages/airflow/example_dags/example_sensors.py for tasks to queue
[2023-06-28T14:25:47.721+0000] {logging_mixin.py:149} INFO - [2023-06-28T14:25:47.721+0000] {dagbag.py:541} INFO - Filling up the DagBag from /home/airflow/.local/lib/python3.7/site-packages/airflow/example_dags/example_sensors.py
[2023-06-28T14:25:47.738+0000] {processor.py:836} INFO - DAG(s) dict_keys(['example_sensors']) retrieved from /home/airflow/.local/lib/python3.7/site-packages/airflow/example_dags/example_sensors.py
[2023-06-28T14:25:47.780+0000] {logging_mixin.py:149} INFO - [2023-06-28T14:25:47.780+0000] {dag.py:2726} INFO - Sync 1 DAGs
[2023-06-28T14:25:47.821+0000] {logging_mixin.py:149} INFO - [2023-06-28T14:25:47.820+0000] {dag.py:3490} INFO - Setting next_dagrun for example_sensors to None, run_after=None
[2023-06-28T14:25:47.856+0000] {processor.py:179} INFO - Processing /home/airflow/.local/lib/python3.7/site-packages/airflow/example_dags/example_sensors.py took 0.142 seconds
[2023-06-28T14:26:17.993+0000] {processor.py:157} INFO - Started process (PID=1174) to work on /home/airflow/.local/lib/python3.7/site-packages/airflow/example_dags/example_sensors.py
[2023-06-28T14:26:17.995+0000] {processor.py:826} INFO - Processing file /home/airflow/.local/lib/python3.7/site-packages/airflow/example_dags/example_sensors.py for tasks to queue
[2023-06-28T14:26:17.997+0000] {logging_mixin.py:149} INFO - [2023-06-28T14:26:17.996+0000] {dagbag.py:541} INFO - Filling up the DagBag from /home/airflow/.local/lib/python3.7/site-packages/airflow/example_dags/example_sensors.py
[2023-06-28T14:26:18.013+0000] {processor.py:836} INFO - DAG(s) dict_keys(['example_sensors']) retrieved from /home/airflow/.local/lib/python3.7/site-packages/airflow/example_dags/example_sensors.py
[2023-06-28T14:26:18.064+0000] {logging_mixin.py:149} INFO - [2023-06-28T14:26:18.064+0000] {dag.py:2726} INFO - Sync 1 DAGs
[2023-06-28T14:26:18.115+0000] {logging_mixin.py:149} INFO - [2023-06-28T14:26:18.115+0000] {dag.py:3490} INFO - Setting next_dagrun for example_sensors to None, run_after=None
[2023-06-28T14:26:18.162+0000] {processor.py:179} INFO - Processing /home/airflow/.local/lib/python3.7/site-packages/airflow/example_dags/example_sensors.py took 0.175 seconds
[2023-06-28T14:26:48.354+0000] {processor.py:157} INFO - Started process (PID=1234) to work on /home/airflow/.local/lib/python3.7/site-packages/airflow/example_dags/example_sensors.py
[2023-06-28T14:26:48.356+0000] {processor.py:826} INFO - Processing file /home/airflow/.local/lib/python3.7/site-packages/airflow/example_dags/example_sensors.py for tasks to queue
[2023-06-28T14:26:48.358+0000] {logging_mixin.py:149} INFO - [2023-06-28T14:26:48.358+0000] {dagbag.py:541} INFO - Filling up the DagBag from /home/airflow/.local/lib/python3.7/site-packages/airflow/example_dags/example_sensors.py
[2023-06-28T14:26:48.375+0000] {processor.py:836} INFO - DAG(s) dict_keys(['example_sensors']) retrieved from /home/airflow/.local/lib/python3.7/site-packages/airflow/example_dags/example_sensors.py
[2023-06-28T14:26:48.420+0000] {logging_mixin.py:149} INFO - [2023-06-28T14:26:48.420+0000] {dag.py:2726} INFO - Sync 1 DAGs
[2023-06-28T14:26:48.505+0000] {logging_mixin.py:149} INFO - [2023-06-28T14:26:48.504+0000] {dag.py:3490} INFO - Setting next_dagrun for example_sensors to None, run_after=None
[2023-06-28T14:26:48.572+0000] {processor.py:179} INFO - Processing /home/airflow/.local/lib/python3.7/site-packages/airflow/example_dags/example_sensors.py took 0.223 seconds
[2023-06-28T14:27:18.928+0000] {processor.py:157} INFO - Started process (PID=1293) to work on /home/airflow/.local/lib/python3.7/site-packages/airflow/example_dags/example_sensors.py
[2023-06-28T14:27:18.930+0000] {processor.py:826} INFO - Processing file /home/airflow/.local/lib/python3.7/site-packages/airflow/example_dags/example_sensors.py for tasks to queue
[2023-06-28T14:27:18.931+0000] {logging_mixin.py:149} INFO - [2023-06-28T14:27:18.931+0000] {dagbag.py:541} INFO - Filling up the DagBag from /home/airflow/.local/lib/python3.7/site-packages/airflow/example_dags/example_sensors.py
[2023-06-28T14:27:18.944+0000] {processor.py:836} INFO - DAG(s) dict_keys(['example_sensors']) retrieved from /home/airflow/.local/lib/python3.7/site-packages/airflow/example_dags/example_sensors.py
[2023-06-28T14:27:18.985+0000] {logging_mixin.py:149} INFO - [2023-06-28T14:27:18.985+0000] {dag.py:2726} INFO - Sync 1 DAGs
[2023-06-28T14:27:19.023+0000] {logging_mixin.py:149} INFO - [2023-06-28T14:27:19.022+0000] {dag.py:3490} INFO - Setting next_dagrun for example_sensors to None, run_after=None
[2023-06-28T14:27:19.059+0000] {processor.py:179} INFO - Processing /home/airflow/.local/lib/python3.7/site-packages/airflow/example_dags/example_sensors.py took 0.136 seconds
[2023-06-28T14:27:49.597+0000] {processor.py:157} INFO - Started process (PID=1352) to work on /home/airflow/.local/lib/python3.7/site-packages/airflow/example_dags/example_sensors.py
[2023-06-28T14:27:49.599+0000] {processor.py:826} INFO - Processing file /home/airflow/.local/lib/python3.7/site-packages/airflow/example_dags/example_sensors.py for tasks to queue
[2023-06-28T14:27:49.600+0000] {logging_mixin.py:149} INFO - [2023-06-28T14:27:49.600+0000] {dagbag.py:541} INFO - Filling up the DagBag from /home/airflow/.local/lib/python3.7/site-packages/airflow/example_dags/example_sensors.py
[2023-06-28T14:27:49.616+0000] {processor.py:836} INFO - DAG(s) dict_keys(['example_sensors']) retrieved from /home/airflow/.local/lib/python3.7/site-packages/airflow/example_dags/example_sensors.py
[2023-06-28T14:27:49.661+0000] {logging_mixin.py:149} INFO - [2023-06-28T14:27:49.661+0000] {dag.py:2726} INFO - Sync 1 DAGs
[2023-06-28T14:27:49.699+0000] {logging_mixin.py:149} INFO - [2023-06-28T14:27:49.698+0000] {dag.py:3490} INFO - Setting next_dagrun for example_sensors to None, run_after=None
[2023-06-28T14:27:49.741+0000] {processor.py:179} INFO - Processing /home/airflow/.local/lib/python3.7/site-packages/airflow/example_dags/example_sensors.py took 0.148 seconds
[2023-06-28T14:28:20.281+0000] {processor.py:157} INFO - Started process (PID=1412) to work on /home/airflow/.local/lib/python3.7/site-packages/airflow/example_dags/example_sensors.py
[2023-06-28T14:28:20.283+0000] {processor.py:826} INFO - Processing file /home/airflow/.local/lib/python3.7/site-packages/airflow/example_dags/example_sensors.py for tasks to queue
[2023-06-28T14:28:20.293+0000] {logging_mixin.py:149} INFO - [2023-06-28T14:28:20.293+0000] {dagbag.py:541} INFO - Filling up the DagBag from /home/airflow/.local/lib/python3.7/site-packages/airflow/example_dags/example_sensors.py
[2023-06-28T14:28:20.333+0000] {processor.py:836} INFO - DAG(s) dict_keys(['example_sensors']) retrieved from /home/airflow/.local/lib/python3.7/site-packages/airflow/example_dags/example_sensors.py
[2023-06-28T14:28:20.404+0000] {logging_mixin.py:149} INFO - [2023-06-28T14:28:20.404+0000] {dag.py:2726} INFO - Sync 1 DAGs
[2023-06-28T14:28:20.469+0000] {logging_mixin.py:149} INFO - [2023-06-28T14:28:20.468+0000] {dag.py:3490} INFO - Setting next_dagrun for example_sensors to None, run_after=None
[2023-06-28T14:28:20.501+0000] {processor.py:179} INFO - Processing /home/airflow/.local/lib/python3.7/site-packages/airflow/example_dags/example_sensors.py took 0.228 seconds
[2023-06-28T14:28:50.817+0000] {processor.py:157} INFO - Started process (PID=1470) to work on /home/airflow/.local/lib/python3.7/site-packages/airflow/example_dags/example_sensors.py
[2023-06-28T14:28:50.819+0000] {processor.py:826} INFO - Processing file /home/airflow/.local/lib/python3.7/site-packages/airflow/example_dags/example_sensors.py for tasks to queue
[2023-06-28T14:28:50.820+0000] {logging_mixin.py:149} INFO - [2023-06-28T14:28:50.820+0000] {dagbag.py:541} INFO - Filling up the DagBag from /home/airflow/.local/lib/python3.7/site-packages/airflow/example_dags/example_sensors.py
[2023-06-28T14:28:50.833+0000] {processor.py:836} INFO - DAG(s) dict_keys(['example_sensors']) retrieved from /home/airflow/.local/lib/python3.7/site-packages/airflow/example_dags/example_sensors.py
[2023-06-28T14:28:50.881+0000] {logging_mixin.py:149} INFO - [2023-06-28T14:28:50.880+0000] {dag.py:2726} INFO - Sync 1 DAGs
[2023-06-28T14:28:50.923+0000] {logging_mixin.py:149} INFO - [2023-06-28T14:28:50.923+0000] {dag.py:3490} INFO - Setting next_dagrun for example_sensors to None, run_after=None
[2023-06-28T14:28:50.959+0000] {processor.py:179} INFO - Processing /home/airflow/.local/lib/python3.7/site-packages/airflow/example_dags/example_sensors.py took 0.147 seconds
[2023-06-28T14:29:21.175+0000] {processor.py:157} INFO - Started process (PID=1530) to work on /home/airflow/.local/lib/python3.7/site-packages/airflow/example_dags/example_sensors.py
[2023-06-28T14:29:21.177+0000] {processor.py:826} INFO - Processing file /home/airflow/.local/lib/python3.7/site-packages/airflow/example_dags/example_sensors.py for tasks to queue
[2023-06-28T14:29:21.180+0000] {logging_mixin.py:149} INFO - [2023-06-28T14:29:21.179+0000] {dagbag.py:541} INFO - Filling up the DagBag from /home/airflow/.local/lib/python3.7/site-packages/airflow/example_dags/example_sensors.py
[2023-06-28T14:29:21.198+0000] {processor.py:836} INFO - DAG(s) dict_keys(['example_sensors']) retrieved from /home/airflow/.local/lib/python3.7/site-packages/airflow/example_dags/example_sensors.py
[2023-06-28T14:29:21.244+0000] {logging_mixin.py:149} INFO - [2023-06-28T14:29:21.244+0000] {dag.py:2726} INFO - Sync 1 DAGs
[2023-06-28T14:29:21.286+0000] {logging_mixin.py:149} INFO - [2023-06-28T14:29:21.285+0000] {dag.py:3490} INFO - Setting next_dagrun for example_sensors to None, run_after=None
[2023-06-28T14:29:21.321+0000] {processor.py:179} INFO - Processing /home/airflow/.local/lib/python3.7/site-packages/airflow/example_dags/example_sensors.py took 0.150 seconds
[2023-06-28T14:29:51.839+0000] {processor.py:157} INFO - Started process (PID=1590) to work on /home/airflow/.local/lib/python3.7/site-packages/airflow/example_dags/example_sensors.py
[2023-06-28T14:29:51.841+0000] {processor.py:826} INFO - Processing file /home/airflow/.local/lib/python3.7/site-packages/airflow/example_dags/example_sensors.py for tasks to queue
[2023-06-28T14:29:51.843+0000] {logging_mixin.py:149} INFO - [2023-06-28T14:29:51.843+0000] {dagbag.py:541} INFO - Filling up the DagBag from /home/airflow/.local/lib/python3.7/site-packages/airflow/example_dags/example_sensors.py
[2023-06-28T14:29:51.873+0000] {processor.py:836} INFO - DAG(s) dict_keys(['example_sensors']) retrieved from /home/airflow/.local/lib/python3.7/site-packages/airflow/example_dags/example_sensors.py
[2023-06-28T14:29:51.948+0000] {logging_mixin.py:149} INFO - [2023-06-28T14:29:51.947+0000] {dag.py:2726} INFO - Sync 1 DAGs
[2023-06-28T14:29:52.039+0000] {logging_mixin.py:149} INFO - [2023-06-28T14:29:52.039+0000] {dag.py:3490} INFO - Setting next_dagrun for example_sensors to None, run_after=None
[2023-06-28T14:29:52.082+0000] {processor.py:179} INFO - Processing /home/airflow/.local/lib/python3.7/site-packages/airflow/example_dags/example_sensors.py took 0.249 seconds
[2023-06-28T14:30:22.230+0000] {processor.py:157} INFO - Started process (PID=1649) to work on /home/airflow/.local/lib/python3.7/site-packages/airflow/example_dags/example_sensors.py
[2023-06-28T14:30:22.242+0000] {processor.py:826} INFO - Processing file /home/airflow/.local/lib/python3.7/site-packages/airflow/example_dags/example_sensors.py for tasks to queue
[2023-06-28T14:30:22.243+0000] {logging_mixin.py:149} INFO - [2023-06-28T14:30:22.243+0000] {dagbag.py:541} INFO - Filling up the DagBag from /home/airflow/.local/lib/python3.7/site-packages/airflow/example_dags/example_sensors.py
[2023-06-28T14:30:22.282+0000] {processor.py:836} INFO - DAG(s) dict_keys(['example_sensors']) retrieved from /home/airflow/.local/lib/python3.7/site-packages/airflow/example_dags/example_sensors.py
[2023-06-28T14:30:22.427+0000] {logging_mixin.py:149} INFO - [2023-06-28T14:30:22.427+0000] {dag.py:2726} INFO - Sync 1 DAGs
[2023-06-28T14:30:22.478+0000] {logging_mixin.py:149} INFO - [2023-06-28T14:30:22.478+0000] {dag.py:3490} INFO - Setting next_dagrun for example_sensors to None, run_after=None
[2023-06-28T14:30:22.531+0000] {processor.py:179} INFO - Processing /home/airflow/.local/lib/python3.7/site-packages/airflow/example_dags/example_sensors.py took 0.307 seconds
[2023-06-28T14:30:52.847+0000] {processor.py:157} INFO - Started process (PID=1715) to work on /home/airflow/.local/lib/python3.7/site-packages/airflow/example_dags/example_sensors.py
[2023-06-28T14:30:52.849+0000] {processor.py:826} INFO - Processing file /home/airflow/.local/lib/python3.7/site-packages/airflow/example_dags/example_sensors.py for tasks to queue
[2023-06-28T14:30:52.851+0000] {logging_mixin.py:149} INFO - [2023-06-28T14:30:52.850+0000] {dagbag.py:541} INFO - Filling up the DagBag from /home/airflow/.local/lib/python3.7/site-packages/airflow/example_dags/example_sensors.py
[2023-06-28T14:30:52.870+0000] {processor.py:836} INFO - DAG(s) dict_keys(['example_sensors']) retrieved from /home/airflow/.local/lib/python3.7/site-packages/airflow/example_dags/example_sensors.py
[2023-06-28T14:30:52.920+0000] {logging_mixin.py:149} INFO - [2023-06-28T14:30:52.919+0000] {dag.py:2726} INFO - Sync 1 DAGs
[2023-06-28T14:30:52.961+0000] {logging_mixin.py:149} INFO - [2023-06-28T14:30:52.961+0000] {dag.py:3490} INFO - Setting next_dagrun for example_sensors to None, run_after=None
[2023-06-28T14:30:52.997+0000] {processor.py:179} INFO - Processing /home/airflow/.local/lib/python3.7/site-packages/airflow/example_dags/example_sensors.py took 0.155 seconds
[2023-06-28T14:31:23.340+0000] {processor.py:157} INFO - Started process (PID=1775) to work on /home/airflow/.local/lib/python3.7/site-packages/airflow/example_dags/example_sensors.py
[2023-06-28T14:31:23.342+0000] {processor.py:826} INFO - Processing file /home/airflow/.local/lib/python3.7/site-packages/airflow/example_dags/example_sensors.py for tasks to queue
[2023-06-28T14:31:23.343+0000] {logging_mixin.py:149} INFO - [2023-06-28T14:31:23.343+0000] {dagbag.py:541} INFO - Filling up the DagBag from /home/airflow/.local/lib/python3.7/site-packages/airflow/example_dags/example_sensors.py
[2023-06-28T14:31:23.359+0000] {processor.py:836} INFO - DAG(s) dict_keys(['example_sensors']) retrieved from /home/airflow/.local/lib/python3.7/site-packages/airflow/example_dags/example_sensors.py
[2023-06-28T14:31:23.405+0000] {logging_mixin.py:149} INFO - [2023-06-28T14:31:23.405+0000] {dag.py:2726} INFO - Sync 1 DAGs
[2023-06-28T14:31:23.445+0000] {logging_mixin.py:149} INFO - [2023-06-28T14:31:23.445+0000] {dag.py:3490} INFO - Setting next_dagrun for example_sensors to None, run_after=None
[2023-06-28T14:31:23.482+0000] {processor.py:179} INFO - Processing /home/airflow/.local/lib/python3.7/site-packages/airflow/example_dags/example_sensors.py took 0.146 seconds
[2023-06-28T14:31:54.199+0000] {processor.py:157} INFO - Started process (PID=1834) to work on /home/airflow/.local/lib/python3.7/site-packages/airflow/example_dags/example_sensors.py
[2023-06-28T14:31:54.202+0000] {processor.py:826} INFO - Processing file /home/airflow/.local/lib/python3.7/site-packages/airflow/example_dags/example_sensors.py for tasks to queue
[2023-06-28T14:31:54.205+0000] {logging_mixin.py:149} INFO - [2023-06-28T14:31:54.205+0000] {dagbag.py:541} INFO - Filling up the DagBag from /home/airflow/.local/lib/python3.7/site-packages/airflow/example_dags/example_sensors.py
[2023-06-28T14:31:54.251+0000] {processor.py:836} INFO - DAG(s) dict_keys(['example_sensors']) retrieved from /home/airflow/.local/lib/python3.7/site-packages/airflow/example_dags/example_sensors.py
[2023-06-28T14:31:54.375+0000] {logging_mixin.py:149} INFO - [2023-06-28T14:31:54.374+0000] {dag.py:2726} INFO - Sync 1 DAGs
[2023-06-28T14:31:54.429+0000] {logging_mixin.py:149} INFO - [2023-06-28T14:31:54.428+0000] {dag.py:3490} INFO - Setting next_dagrun for example_sensors to None, run_after=None
[2023-06-28T14:31:54.486+0000] {processor.py:179} INFO - Processing /home/airflow/.local/lib/python3.7/site-packages/airflow/example_dags/example_sensors.py took 0.295 seconds
[2023-06-28T14:32:24.650+0000] {processor.py:157} INFO - Started process (PID=1887) to work on /home/airflow/.local/lib/python3.7/site-packages/airflow/example_dags/example_sensors.py
[2023-06-28T14:32:24.651+0000] {processor.py:826} INFO - Processing file /home/airflow/.local/lib/python3.7/site-packages/airflow/example_dags/example_sensors.py for tasks to queue
[2023-06-28T14:32:24.652+0000] {logging_mixin.py:149} INFO - [2023-06-28T14:32:24.652+0000] {dagbag.py:541} INFO - Filling up the DagBag from /home/airflow/.local/lib/python3.7/site-packages/airflow/example_dags/example_sensors.py
[2023-06-28T14:32:24.670+0000] {processor.py:836} INFO - DAG(s) dict_keys(['example_sensors']) retrieved from /home/airflow/.local/lib/python3.7/site-packages/airflow/example_dags/example_sensors.py
[2023-06-28T14:32:24.712+0000] {logging_mixin.py:149} INFO - [2023-06-28T14:32:24.711+0000] {dag.py:2726} INFO - Sync 1 DAGs
[2023-06-28T14:32:24.748+0000] {logging_mixin.py:149} INFO - [2023-06-28T14:32:24.748+0000] {dag.py:3490} INFO - Setting next_dagrun for example_sensors to None, run_after=None
[2023-06-28T14:32:24.786+0000] {processor.py:179} INFO - Processing /home/airflow/.local/lib/python3.7/site-packages/airflow/example_dags/example_sensors.py took 0.141 seconds
[2023-06-28T14:32:55.024+0000] {processor.py:157} INFO - Started process (PID=1945) to work on /home/airflow/.local/lib/python3.7/site-packages/airflow/example_dags/example_sensors.py
[2023-06-28T14:32:55.026+0000] {processor.py:826} INFO - Processing file /home/airflow/.local/lib/python3.7/site-packages/airflow/example_dags/example_sensors.py for tasks to queue
[2023-06-28T14:32:55.027+0000] {logging_mixin.py:149} INFO - [2023-06-28T14:32:55.027+0000] {dagbag.py:541} INFO - Filling up the DagBag from /home/airflow/.local/lib/python3.7/site-packages/airflow/example_dags/example_sensors.py
[2023-06-28T14:32:55.044+0000] {processor.py:836} INFO - DAG(s) dict_keys(['example_sensors']) retrieved from /home/airflow/.local/lib/python3.7/site-packages/airflow/example_dags/example_sensors.py
[2023-06-28T14:32:55.090+0000] {logging_mixin.py:149} INFO - [2023-06-28T14:32:55.090+0000] {dag.py:2726} INFO - Sync 1 DAGs
[2023-06-28T14:32:55.129+0000] {logging_mixin.py:149} INFO - [2023-06-28T14:32:55.129+0000] {dag.py:3490} INFO - Setting next_dagrun for example_sensors to None, run_after=None
[2023-06-28T14:32:55.194+0000] {processor.py:179} INFO - Processing /home/airflow/.local/lib/python3.7/site-packages/airflow/example_dags/example_sensors.py took 0.174 seconds
[2023-06-28T14:33:25.449+0000] {processor.py:157} INFO - Started process (PID=2004) to work on /home/airflow/.local/lib/python3.7/site-packages/airflow/example_dags/example_sensors.py
[2023-06-28T14:33:25.450+0000] {processor.py:826} INFO - Processing file /home/airflow/.local/lib/python3.7/site-packages/airflow/example_dags/example_sensors.py for tasks to queue
[2023-06-28T14:33:25.452+0000] {logging_mixin.py:149} INFO - [2023-06-28T14:33:25.451+0000] {dagbag.py:541} INFO - Filling up the DagBag from /home/airflow/.local/lib/python3.7/site-packages/airflow/example_dags/example_sensors.py
[2023-06-28T14:33:25.465+0000] {processor.py:836} INFO - DAG(s) dict_keys(['example_sensors']) retrieved from /home/airflow/.local/lib/python3.7/site-packages/airflow/example_dags/example_sensors.py
[2023-06-28T14:33:25.508+0000] {logging_mixin.py:149} INFO - [2023-06-28T14:33:25.508+0000] {dag.py:2726} INFO - Sync 1 DAGs
[2023-06-28T14:33:25.541+0000] {logging_mixin.py:149} INFO - [2023-06-28T14:33:25.541+0000] {dag.py:3490} INFO - Setting next_dagrun for example_sensors to None, run_after=None
[2023-06-28T14:33:25.571+0000] {processor.py:179} INFO - Processing /home/airflow/.local/lib/python3.7/site-packages/airflow/example_dags/example_sensors.py took 0.127 seconds
[2023-06-28T14:33:55.928+0000] {processor.py:157} INFO - Started process (PID=2063) to work on /home/airflow/.local/lib/python3.7/site-packages/airflow/example_dags/example_sensors.py
[2023-06-28T14:33:55.930+0000] {processor.py:826} INFO - Processing file /home/airflow/.local/lib/python3.7/site-packages/airflow/example_dags/example_sensors.py for tasks to queue
[2023-06-28T14:33:55.931+0000] {logging_mixin.py:149} INFO - [2023-06-28T14:33:55.931+0000] {dagbag.py:541} INFO - Filling up the DagBag from /home/airflow/.local/lib/python3.7/site-packages/airflow/example_dags/example_sensors.py
[2023-06-28T14:33:55.951+0000] {processor.py:836} INFO - DAG(s) dict_keys(['example_sensors']) retrieved from /home/airflow/.local/lib/python3.7/site-packages/airflow/example_dags/example_sensors.py
[2023-06-28T14:33:56.021+0000] {logging_mixin.py:149} INFO - [2023-06-28T14:33:56.021+0000] {dag.py:2726} INFO - Sync 1 DAGs
[2023-06-28T14:33:56.096+0000] {logging_mixin.py:149} INFO - [2023-06-28T14:33:56.096+0000] {dag.py:3490} INFO - Setting next_dagrun for example_sensors to None, run_after=None
[2023-06-28T14:33:56.129+0000] {processor.py:179} INFO - Processing /home/airflow/.local/lib/python3.7/site-packages/airflow/example_dags/example_sensors.py took 0.207 seconds
[2023-06-28T14:34:26.714+0000] {processor.py:157} INFO - Started process (PID=2122) to work on /home/airflow/.local/lib/python3.7/site-packages/airflow/example_dags/example_sensors.py
[2023-06-28T14:34:26.716+0000] {processor.py:826} INFO - Processing file /home/airflow/.local/lib/python3.7/site-packages/airflow/example_dags/example_sensors.py for tasks to queue
[2023-06-28T14:34:26.717+0000] {logging_mixin.py:149} INFO - [2023-06-28T14:34:26.717+0000] {dagbag.py:541} INFO - Filling up the DagBag from /home/airflow/.local/lib/python3.7/site-packages/airflow/example_dags/example_sensors.py
[2023-06-28T14:34:26.747+0000] {processor.py:836} INFO - DAG(s) dict_keys(['example_sensors']) retrieved from /home/airflow/.local/lib/python3.7/site-packages/airflow/example_dags/example_sensors.py
[2023-06-28T14:34:26.855+0000] {logging_mixin.py:149} INFO - [2023-06-28T14:34:26.855+0000] {dag.py:2726} INFO - Sync 1 DAGs
[2023-06-28T14:34:26.921+0000] {logging_mixin.py:149} INFO - [2023-06-28T14:34:26.921+0000] {dag.py:3490} INFO - Setting next_dagrun for example_sensors to None, run_after=None
[2023-06-28T14:34:26.983+0000] {processor.py:179} INFO - Processing /home/airflow/.local/lib/python3.7/site-packages/airflow/example_dags/example_sensors.py took 0.282 seconds
[2023-06-28T14:34:57.539+0000] {processor.py:157} INFO - Started process (PID=2182) to work on /home/airflow/.local/lib/python3.7/site-packages/airflow/example_dags/example_sensors.py
[2023-06-28T14:34:57.541+0000] {processor.py:826} INFO - Processing file /home/airflow/.local/lib/python3.7/site-packages/airflow/example_dags/example_sensors.py for tasks to queue
[2023-06-28T14:34:57.542+0000] {logging_mixin.py:149} INFO - [2023-06-28T14:34:57.542+0000] {dagbag.py:541} INFO - Filling up the DagBag from /home/airflow/.local/lib/python3.7/site-packages/airflow/example_dags/example_sensors.py
[2023-06-28T14:34:57.555+0000] {processor.py:836} INFO - DAG(s) dict_keys(['example_sensors']) retrieved from /home/airflow/.local/lib/python3.7/site-packages/airflow/example_dags/example_sensors.py
[2023-06-28T14:34:57.602+0000] {logging_mixin.py:149} INFO - [2023-06-28T14:34:57.602+0000] {dag.py:2726} INFO - Sync 1 DAGs
[2023-06-28T14:34:57.730+0000] {logging_mixin.py:149} INFO - [2023-06-28T14:34:57.730+0000] {dag.py:3490} INFO - Setting next_dagrun for example_sensors to None, run_after=None
[2023-06-28T14:34:57.804+0000] {processor.py:179} INFO - Processing /home/airflow/.local/lib/python3.7/site-packages/airflow/example_dags/example_sensors.py took 0.270 seconds
[2023-06-28T14:35:28.032+0000] {processor.py:157} INFO - Started process (PID=2241) to work on /home/airflow/.local/lib/python3.7/site-packages/airflow/example_dags/example_sensors.py
[2023-06-28T14:35:28.033+0000] {processor.py:826} INFO - Processing file /home/airflow/.local/lib/python3.7/site-packages/airflow/example_dags/example_sensors.py for tasks to queue
[2023-06-28T14:35:28.034+0000] {logging_mixin.py:149} INFO - [2023-06-28T14:35:28.034+0000] {dagbag.py:541} INFO - Filling up the DagBag from /home/airflow/.local/lib/python3.7/site-packages/airflow/example_dags/example_sensors.py
[2023-06-28T14:35:28.062+0000] {processor.py:836} INFO - DAG(s) dict_keys(['example_sensors']) retrieved from /home/airflow/.local/lib/python3.7/site-packages/airflow/example_dags/example_sensors.py
[2023-06-28T14:35:28.139+0000] {logging_mixin.py:149} INFO - [2023-06-28T14:35:28.139+0000] {dag.py:2726} INFO - Sync 1 DAGs
[2023-06-28T14:35:28.192+0000] {logging_mixin.py:149} INFO - [2023-06-28T14:35:28.192+0000] {dag.py:3490} INFO - Setting next_dagrun for example_sensors to None, run_after=None
[2023-06-28T14:35:28.229+0000] {processor.py:179} INFO - Processing /home/airflow/.local/lib/python3.7/site-packages/airflow/example_dags/example_sensors.py took 0.204 seconds
[2023-06-28T14:35:58.386+0000] {processor.py:157} INFO - Started process (PID=2301) to work on /home/airflow/.local/lib/python3.7/site-packages/airflow/example_dags/example_sensors.py
[2023-06-28T14:35:58.387+0000] {processor.py:826} INFO - Processing file /home/airflow/.local/lib/python3.7/site-packages/airflow/example_dags/example_sensors.py for tasks to queue
[2023-06-28T14:35:58.388+0000] {logging_mixin.py:149} INFO - [2023-06-28T14:35:58.388+0000] {dagbag.py:541} INFO - Filling up the DagBag from /home/airflow/.local/lib/python3.7/site-packages/airflow/example_dags/example_sensors.py
[2023-06-28T14:35:58.402+0000] {processor.py:836} INFO - DAG(s) dict_keys(['example_sensors']) retrieved from /home/airflow/.local/lib/python3.7/site-packages/airflow/example_dags/example_sensors.py
[2023-06-28T14:35:58.448+0000] {logging_mixin.py:149} INFO - [2023-06-28T14:35:58.448+0000] {dag.py:2726} INFO - Sync 1 DAGs
[2023-06-28T14:35:58.489+0000] {logging_mixin.py:149} INFO - [2023-06-28T14:35:58.489+0000] {dag.py:3490} INFO - Setting next_dagrun for example_sensors to None, run_after=None
[2023-06-28T14:35:58.523+0000] {processor.py:179} INFO - Processing /home/airflow/.local/lib/python3.7/site-packages/airflow/example_dags/example_sensors.py took 0.141 seconds
[2023-06-28T14:36:28.753+0000] {processor.py:157} INFO - Started process (PID=2360) to work on /home/airflow/.local/lib/python3.7/site-packages/airflow/example_dags/example_sensors.py
[2023-06-28T14:36:28.755+0000] {processor.py:826} INFO - Processing file /home/airflow/.local/lib/python3.7/site-packages/airflow/example_dags/example_sensors.py for tasks to queue
[2023-06-28T14:36:28.756+0000] {logging_mixin.py:149} INFO - [2023-06-28T14:36:28.756+0000] {dagbag.py:541} INFO - Filling up the DagBag from /home/airflow/.local/lib/python3.7/site-packages/airflow/example_dags/example_sensors.py
[2023-06-28T14:36:28.770+0000] {processor.py:836} INFO - DAG(s) dict_keys(['example_sensors']) retrieved from /home/airflow/.local/lib/python3.7/site-packages/airflow/example_dags/example_sensors.py
[2023-06-28T14:36:28.815+0000] {logging_mixin.py:149} INFO - [2023-06-28T14:36:28.815+0000] {dag.py:2726} INFO - Sync 1 DAGs
[2023-06-28T14:36:28.850+0000] {logging_mixin.py:149} INFO - [2023-06-28T14:36:28.850+0000] {dag.py:3490} INFO - Setting next_dagrun for example_sensors to None, run_after=None
[2023-06-28T14:36:28.886+0000] {processor.py:179} INFO - Processing /home/airflow/.local/lib/python3.7/site-packages/airflow/example_dags/example_sensors.py took 0.137 seconds
[2023-06-28T14:36:59.058+0000] {processor.py:157} INFO - Started process (PID=2419) to work on /home/airflow/.local/lib/python3.7/site-packages/airflow/example_dags/example_sensors.py
[2023-06-28T14:36:59.059+0000] {processor.py:826} INFO - Processing file /home/airflow/.local/lib/python3.7/site-packages/airflow/example_dags/example_sensors.py for tasks to queue
[2023-06-28T14:36:59.060+0000] {logging_mixin.py:149} INFO - [2023-06-28T14:36:59.060+0000] {dagbag.py:541} INFO - Filling up the DagBag from /home/airflow/.local/lib/python3.7/site-packages/airflow/example_dags/example_sensors.py
[2023-06-28T14:36:59.076+0000] {processor.py:836} INFO - DAG(s) dict_keys(['example_sensors']) retrieved from /home/airflow/.local/lib/python3.7/site-packages/airflow/example_dags/example_sensors.py
[2023-06-28T14:36:59.119+0000] {logging_mixin.py:149} INFO - [2023-06-28T14:36:59.118+0000] {dag.py:2726} INFO - Sync 1 DAGs
[2023-06-28T14:36:59.158+0000] {logging_mixin.py:149} INFO - [2023-06-28T14:36:59.158+0000] {dag.py:3490} INFO - Setting next_dagrun for example_sensors to None, run_after=None
[2023-06-28T14:36:59.195+0000] {processor.py:179} INFO - Processing /home/airflow/.local/lib/python3.7/site-packages/airflow/example_dags/example_sensors.py took 0.141 seconds
[2023-06-28T14:37:29.333+0000] {processor.py:157} INFO - Started process (PID=2478) to work on /home/airflow/.local/lib/python3.7/site-packages/airflow/example_dags/example_sensors.py
[2023-06-28T14:37:29.334+0000] {processor.py:826} INFO - Processing file /home/airflow/.local/lib/python3.7/site-packages/airflow/example_dags/example_sensors.py for tasks to queue
[2023-06-28T14:37:29.335+0000] {logging_mixin.py:149} INFO - [2023-06-28T14:37:29.335+0000] {dagbag.py:541} INFO - Filling up the DagBag from /home/airflow/.local/lib/python3.7/site-packages/airflow/example_dags/example_sensors.py
[2023-06-28T14:37:29.357+0000] {processor.py:836} INFO - DAG(s) dict_keys(['example_sensors']) retrieved from /home/airflow/.local/lib/python3.7/site-packages/airflow/example_dags/example_sensors.py
[2023-06-28T14:37:29.405+0000] {logging_mixin.py:149} INFO - [2023-06-28T14:37:29.404+0000] {dag.py:2726} INFO - Sync 1 DAGs
[2023-06-28T14:37:29.452+0000] {logging_mixin.py:149} INFO - [2023-06-28T14:37:29.451+0000] {dag.py:3490} INFO - Setting next_dagrun for example_sensors to None, run_after=None
[2023-06-28T14:37:29.490+0000] {processor.py:179} INFO - Processing /home/airflow/.local/lib/python3.7/site-packages/airflow/example_dags/example_sensors.py took 0.164 seconds
[2023-06-28T14:37:59.689+0000] {processor.py:157} INFO - Started process (PID=2538) to work on /home/airflow/.local/lib/python3.7/site-packages/airflow/example_dags/example_sensors.py
[2023-06-28T14:37:59.690+0000] {processor.py:826} INFO - Processing file /home/airflow/.local/lib/python3.7/site-packages/airflow/example_dags/example_sensors.py for tasks to queue
[2023-06-28T14:37:59.692+0000] {logging_mixin.py:149} INFO - [2023-06-28T14:37:59.691+0000] {dagbag.py:541} INFO - Filling up the DagBag from /home/airflow/.local/lib/python3.7/site-packages/airflow/example_dags/example_sensors.py
[2023-06-28T14:37:59.707+0000] {processor.py:836} INFO - DAG(s) dict_keys(['example_sensors']) retrieved from /home/airflow/.local/lib/python3.7/site-packages/airflow/example_dags/example_sensors.py
[2023-06-28T14:37:59.750+0000] {logging_mixin.py:149} INFO - [2023-06-28T14:37:59.750+0000] {dag.py:2726} INFO - Sync 1 DAGs
[2023-06-28T14:37:59.790+0000] {logging_mixin.py:149} INFO - [2023-06-28T14:37:59.789+0000] {dag.py:3490} INFO - Setting next_dagrun for example_sensors to None, run_after=None
[2023-06-28T14:37:59.824+0000] {processor.py:179} INFO - Processing /home/airflow/.local/lib/python3.7/site-packages/airflow/example_dags/example_sensors.py took 0.139 seconds
[2023-06-28T14:38:30.249+0000] {processor.py:157} INFO - Started process (PID=2597) to work on /home/airflow/.local/lib/python3.7/site-packages/airflow/example_dags/example_sensors.py
[2023-06-28T14:38:30.251+0000] {processor.py:826} INFO - Processing file /home/airflow/.local/lib/python3.7/site-packages/airflow/example_dags/example_sensors.py for tasks to queue
[2023-06-28T14:38:30.253+0000] {logging_mixin.py:149} INFO - [2023-06-28T14:38:30.253+0000] {dagbag.py:541} INFO - Filling up the DagBag from /home/airflow/.local/lib/python3.7/site-packages/airflow/example_dags/example_sensors.py
[2023-06-28T14:38:30.273+0000] {processor.py:836} INFO - DAG(s) dict_keys(['example_sensors']) retrieved from /home/airflow/.local/lib/python3.7/site-packages/airflow/example_dags/example_sensors.py
[2023-06-28T14:38:30.324+0000] {logging_mixin.py:149} INFO - [2023-06-28T14:38:30.324+0000] {dag.py:2726} INFO - Sync 1 DAGs
[2023-06-28T14:38:30.364+0000] {logging_mixin.py:149} INFO - [2023-06-28T14:38:30.364+0000] {dag.py:3490} INFO - Setting next_dagrun for example_sensors to None, run_after=None
[2023-06-28T14:38:30.404+0000] {processor.py:179} INFO - Processing /home/airflow/.local/lib/python3.7/site-packages/airflow/example_dags/example_sensors.py took 0.160 seconds
[2023-06-28T14:39:00.722+0000] {processor.py:157} INFO - Started process (PID=2656) to work on /home/airflow/.local/lib/python3.7/site-packages/airflow/example_dags/example_sensors.py
[2023-06-28T14:39:00.723+0000] {processor.py:826} INFO - Processing file /home/airflow/.local/lib/python3.7/site-packages/airflow/example_dags/example_sensors.py for tasks to queue
[2023-06-28T14:39:00.725+0000] {logging_mixin.py:149} INFO - [2023-06-28T14:39:00.724+0000] {dagbag.py:541} INFO - Filling up the DagBag from /home/airflow/.local/lib/python3.7/site-packages/airflow/example_dags/example_sensors.py
[2023-06-28T14:39:00.742+0000] {processor.py:836} INFO - DAG(s) dict_keys(['example_sensors']) retrieved from /home/airflow/.local/lib/python3.7/site-packages/airflow/example_dags/example_sensors.py
[2023-06-28T14:39:00.814+0000] {logging_mixin.py:149} INFO - [2023-06-28T14:39:00.813+0000] {dag.py:2726} INFO - Sync 1 DAGs
[2023-06-28T14:39:00.883+0000] {logging_mixin.py:149} INFO - [2023-06-28T14:39:00.883+0000] {dag.py:3490} INFO - Setting next_dagrun for example_sensors to None, run_after=None
[2023-06-28T14:39:00.935+0000] {processor.py:179} INFO - Processing /home/airflow/.local/lib/python3.7/site-packages/airflow/example_dags/example_sensors.py took 0.219 seconds
[2023-06-28T14:39:31.255+0000] {processor.py:157} INFO - Started process (PID=2715) to work on /home/airflow/.local/lib/python3.7/site-packages/airflow/example_dags/example_sensors.py
[2023-06-28T14:39:31.257+0000] {processor.py:826} INFO - Processing file /home/airflow/.local/lib/python3.7/site-packages/airflow/example_dags/example_sensors.py for tasks to queue
[2023-06-28T14:39:31.258+0000] {logging_mixin.py:149} INFO - [2023-06-28T14:39:31.258+0000] {dagbag.py:541} INFO - Filling up the DagBag from /home/airflow/.local/lib/python3.7/site-packages/airflow/example_dags/example_sensors.py
[2023-06-28T14:39:31.278+0000] {processor.py:836} INFO - DAG(s) dict_keys(['example_sensors']) retrieved from /home/airflow/.local/lib/python3.7/site-packages/airflow/example_dags/example_sensors.py
[2023-06-28T14:39:31.342+0000] {logging_mixin.py:149} INFO - [2023-06-28T14:39:31.341+0000] {dag.py:2726} INFO - Sync 1 DAGs
[2023-06-28T14:39:31.395+0000] {logging_mixin.py:149} INFO - [2023-06-28T14:39:31.395+0000] {dag.py:3490} INFO - Setting next_dagrun for example_sensors to None, run_after=None
[2023-06-28T14:39:31.454+0000] {processor.py:179} INFO - Processing /home/airflow/.local/lib/python3.7/site-packages/airflow/example_dags/example_sensors.py took 0.206 seconds
[2023-06-28T14:40:02.007+0000] {processor.py:157} INFO - Started process (PID=2774) to work on /home/airflow/.local/lib/python3.7/site-packages/airflow/example_dags/example_sensors.py
[2023-06-28T14:40:02.009+0000] {processor.py:826} INFO - Processing file /home/airflow/.local/lib/python3.7/site-packages/airflow/example_dags/example_sensors.py for tasks to queue
[2023-06-28T14:40:02.011+0000] {logging_mixin.py:149} INFO - [2023-06-28T14:40:02.010+0000] {dagbag.py:541} INFO - Filling up the DagBag from /home/airflow/.local/lib/python3.7/site-packages/airflow/example_dags/example_sensors.py
[2023-06-28T14:40:02.041+0000] {processor.py:836} INFO - DAG(s) dict_keys(['example_sensors']) retrieved from /home/airflow/.local/lib/python3.7/site-packages/airflow/example_dags/example_sensors.py
[2023-06-28T14:40:02.126+0000] {logging_mixin.py:149} INFO - [2023-06-28T14:40:02.125+0000] {dag.py:2726} INFO - Sync 1 DAGs
[2023-06-28T14:40:02.214+0000] {logging_mixin.py:149} INFO - [2023-06-28T14:40:02.214+0000] {dag.py:3490} INFO - Setting next_dagrun for example_sensors to None, run_after=None
[2023-06-28T14:40:02.252+0000] {processor.py:179} INFO - Processing /home/airflow/.local/lib/python3.7/site-packages/airflow/example_dags/example_sensors.py took 0.251 seconds
[2023-06-28T14:40:32.488+0000] {processor.py:157} INFO - Started process (PID=2834) to work on /home/airflow/.local/lib/python3.7/site-packages/airflow/example_dags/example_sensors.py
[2023-06-28T14:40:32.490+0000] {processor.py:826} INFO - Processing file /home/airflow/.local/lib/python3.7/site-packages/airflow/example_dags/example_sensors.py for tasks to queue
[2023-06-28T14:40:32.491+0000] {logging_mixin.py:149} INFO - [2023-06-28T14:40:32.491+0000] {dagbag.py:541} INFO - Filling up the DagBag from /home/airflow/.local/lib/python3.7/site-packages/airflow/example_dags/example_sensors.py
[2023-06-28T14:40:32.506+0000] {processor.py:836} INFO - DAG(s) dict_keys(['example_sensors']) retrieved from /home/airflow/.local/lib/python3.7/site-packages/airflow/example_dags/example_sensors.py
[2023-06-28T14:40:32.552+0000] {logging_mixin.py:149} INFO - [2023-06-28T14:40:32.552+0000] {dag.py:2726} INFO - Sync 1 DAGs
[2023-06-28T14:40:32.591+0000] {logging_mixin.py:149} INFO - [2023-06-28T14:40:32.591+0000] {dag.py:3490} INFO - Setting next_dagrun for example_sensors to None, run_after=None
[2023-06-28T14:40:32.627+0000] {processor.py:179} INFO - Processing /home/airflow/.local/lib/python3.7/site-packages/airflow/example_dags/example_sensors.py took 0.143 seconds
[2023-06-28T14:41:02.887+0000] {processor.py:157} INFO - Started process (PID=2893) to work on /home/airflow/.local/lib/python3.7/site-packages/airflow/example_dags/example_sensors.py
[2023-06-28T14:41:02.888+0000] {processor.py:826} INFO - Processing file /home/airflow/.local/lib/python3.7/site-packages/airflow/example_dags/example_sensors.py for tasks to queue
[2023-06-28T14:41:02.890+0000] {logging_mixin.py:149} INFO - [2023-06-28T14:41:02.889+0000] {dagbag.py:541} INFO - Filling up the DagBag from /home/airflow/.local/lib/python3.7/site-packages/airflow/example_dags/example_sensors.py
[2023-06-28T14:41:02.903+0000] {processor.py:836} INFO - DAG(s) dict_keys(['example_sensors']) retrieved from /home/airflow/.local/lib/python3.7/site-packages/airflow/example_dags/example_sensors.py
[2023-06-28T14:41:02.958+0000] {logging_mixin.py:149} INFO - [2023-06-28T14:41:02.958+0000] {dag.py:2726} INFO - Sync 1 DAGs
[2023-06-28T14:41:02.993+0000] {logging_mixin.py:149} INFO - [2023-06-28T14:41:02.993+0000] {dag.py:3490} INFO - Setting next_dagrun for example_sensors to None, run_after=None
[2023-06-28T14:41:03.028+0000] {processor.py:179} INFO - Processing /home/airflow/.local/lib/python3.7/site-packages/airflow/example_dags/example_sensors.py took 0.146 seconds
[2023-06-28T14:41:33.171+0000] {processor.py:157} INFO - Started process (PID=2953) to work on /home/airflow/.local/lib/python3.7/site-packages/airflow/example_dags/example_sensors.py
[2023-06-28T14:41:33.172+0000] {processor.py:826} INFO - Processing file /home/airflow/.local/lib/python3.7/site-packages/airflow/example_dags/example_sensors.py for tasks to queue
[2023-06-28T14:41:33.173+0000] {logging_mixin.py:149} INFO - [2023-06-28T14:41:33.173+0000] {dagbag.py:541} INFO - Filling up the DagBag from /home/airflow/.local/lib/python3.7/site-packages/airflow/example_dags/example_sensors.py
[2023-06-28T14:41:33.189+0000] {processor.py:836} INFO - DAG(s) dict_keys(['example_sensors']) retrieved from /home/airflow/.local/lib/python3.7/site-packages/airflow/example_dags/example_sensors.py
[2023-06-28T14:41:33.233+0000] {logging_mixin.py:149} INFO - [2023-06-28T14:41:33.233+0000] {dag.py:2726} INFO - Sync 1 DAGs
[2023-06-28T14:41:33.273+0000] {logging_mixin.py:149} INFO - [2023-06-28T14:41:33.272+0000] {dag.py:3490} INFO - Setting next_dagrun for example_sensors to None, run_after=None
[2023-06-28T14:41:33.310+0000] {processor.py:179} INFO - Processing /home/airflow/.local/lib/python3.7/site-packages/airflow/example_dags/example_sensors.py took 0.144 seconds
[2023-06-28T14:42:03.484+0000] {processor.py:157} INFO - Started process (PID=3012) to work on /home/airflow/.local/lib/python3.7/site-packages/airflow/example_dags/example_sensors.py
[2023-06-28T14:42:03.485+0000] {processor.py:826} INFO - Processing file /home/airflow/.local/lib/python3.7/site-packages/airflow/example_dags/example_sensors.py for tasks to queue
[2023-06-28T14:42:03.487+0000] {logging_mixin.py:149} INFO - [2023-06-28T14:42:03.486+0000] {dagbag.py:541} INFO - Filling up the DagBag from /home/airflow/.local/lib/python3.7/site-packages/airflow/example_dags/example_sensors.py
[2023-06-28T14:42:03.500+0000] {processor.py:836} INFO - DAG(s) dict_keys(['example_sensors']) retrieved from /home/airflow/.local/lib/python3.7/site-packages/airflow/example_dags/example_sensors.py
[2023-06-28T14:42:03.549+0000] {logging_mixin.py:149} INFO - [2023-06-28T14:42:03.548+0000] {dag.py:2726} INFO - Sync 1 DAGs
[2023-06-28T14:42:03.591+0000] {logging_mixin.py:149} INFO - [2023-06-28T14:42:03.591+0000] {dag.py:3490} INFO - Setting next_dagrun for example_sensors to None, run_after=None
[2023-06-28T14:42:03.630+0000] {processor.py:179} INFO - Processing /home/airflow/.local/lib/python3.7/site-packages/airflow/example_dags/example_sensors.py took 0.152 seconds
[2023-06-28T14:42:34.167+0000] {processor.py:157} INFO - Started process (PID=3071) to work on /home/airflow/.local/lib/python3.7/site-packages/airflow/example_dags/example_sensors.py
[2023-06-28T14:42:34.169+0000] {processor.py:826} INFO - Processing file /home/airflow/.local/lib/python3.7/site-packages/airflow/example_dags/example_sensors.py for tasks to queue
[2023-06-28T14:42:34.171+0000] {logging_mixin.py:149} INFO - [2023-06-28T14:42:34.170+0000] {dagbag.py:541} INFO - Filling up the DagBag from /home/airflow/.local/lib/python3.7/site-packages/airflow/example_dags/example_sensors.py
[2023-06-28T14:42:34.187+0000] {processor.py:836} INFO - DAG(s) dict_keys(['example_sensors']) retrieved from /home/airflow/.local/lib/python3.7/site-packages/airflow/example_dags/example_sensors.py
[2023-06-28T14:42:34.228+0000] {logging_mixin.py:149} INFO - [2023-06-28T14:42:34.228+0000] {dag.py:2726} INFO - Sync 1 DAGs
[2023-06-28T14:42:34.272+0000] {logging_mixin.py:149} INFO - [2023-06-28T14:42:34.272+0000] {dag.py:3490} INFO - Setting next_dagrun for example_sensors to None, run_after=None
[2023-06-28T14:42:34.308+0000] {processor.py:179} INFO - Processing /home/airflow/.local/lib/python3.7/site-packages/airflow/example_dags/example_sensors.py took 0.146 seconds
[2023-06-28T14:43:05.163+0000] {processor.py:157} INFO - Started process (PID=3131) to work on /home/airflow/.local/lib/python3.7/site-packages/airflow/example_dags/example_sensors.py
[2023-06-28T14:43:05.165+0000] {processor.py:826} INFO - Processing file /home/airflow/.local/lib/python3.7/site-packages/airflow/example_dags/example_sensors.py for tasks to queue
[2023-06-28T14:43:05.168+0000] {logging_mixin.py:149} INFO - [2023-06-28T14:43:05.168+0000] {dagbag.py:541} INFO - Filling up the DagBag from /home/airflow/.local/lib/python3.7/site-packages/airflow/example_dags/example_sensors.py
[2023-06-28T14:43:05.204+0000] {processor.py:836} INFO - DAG(s) dict_keys(['example_sensors']) retrieved from /home/airflow/.local/lib/python3.7/site-packages/airflow/example_dags/example_sensors.py
[2023-06-28T14:43:05.306+0000] {logging_mixin.py:149} INFO - [2023-06-28T14:43:05.305+0000] {dag.py:2726} INFO - Sync 1 DAGs
[2023-06-28T14:43:05.389+0000] {logging_mixin.py:149} INFO - [2023-06-28T14:43:05.389+0000] {dag.py:3490} INFO - Setting next_dagrun for example_sensors to None, run_after=None
[2023-06-28T14:43:05.475+0000] {processor.py:179} INFO - Processing /home/airflow/.local/lib/python3.7/site-packages/airflow/example_dags/example_sensors.py took 0.316 seconds
[2023-06-28T14:43:35.707+0000] {processor.py:157} INFO - Started process (PID=3190) to work on /home/airflow/.local/lib/python3.7/site-packages/airflow/example_dags/example_sensors.py
[2023-06-28T14:43:35.713+0000] {processor.py:826} INFO - Processing file /home/airflow/.local/lib/python3.7/site-packages/airflow/example_dags/example_sensors.py for tasks to queue
[2023-06-28T14:43:35.721+0000] {logging_mixin.py:149} INFO - [2023-06-28T14:43:35.720+0000] {dagbag.py:541} INFO - Filling up the DagBag from /home/airflow/.local/lib/python3.7/site-packages/airflow/example_dags/example_sensors.py
[2023-06-28T14:43:35.785+0000] {processor.py:836} INFO - DAG(s) dict_keys(['example_sensors']) retrieved from /home/airflow/.local/lib/python3.7/site-packages/airflow/example_dags/example_sensors.py
[2023-06-28T14:43:35.934+0000] {logging_mixin.py:149} INFO - [2023-06-28T14:43:35.933+0000] {dag.py:2726} INFO - Sync 1 DAGs
[2023-06-28T14:43:36.077+0000] {logging_mixin.py:149} INFO - [2023-06-28T14:43:36.075+0000] {dag.py:3490} INFO - Setting next_dagrun for example_sensors to None, run_after=None
[2023-06-28T14:43:36.265+0000] {processor.py:179} INFO - Processing /home/airflow/.local/lib/python3.7/site-packages/airflow/example_dags/example_sensors.py took 0.576 seconds
[2023-06-28T14:44:06.945+0000] {processor.py:157} INFO - Started process (PID=3249) to work on /home/airflow/.local/lib/python3.7/site-packages/airflow/example_dags/example_sensors.py
[2023-06-28T14:44:06.947+0000] {processor.py:826} INFO - Processing file /home/airflow/.local/lib/python3.7/site-packages/airflow/example_dags/example_sensors.py for tasks to queue
[2023-06-28T14:44:06.950+0000] {logging_mixin.py:149} INFO - [2023-06-28T14:44:06.949+0000] {dagbag.py:541} INFO - Filling up the DagBag from /home/airflow/.local/lib/python3.7/site-packages/airflow/example_dags/example_sensors.py
[2023-06-28T14:44:06.975+0000] {processor.py:836} INFO - DAG(s) dict_keys(['example_sensors']) retrieved from /home/airflow/.local/lib/python3.7/site-packages/airflow/example_dags/example_sensors.py
[2023-06-28T14:44:07.039+0000] {logging_mixin.py:149} INFO - [2023-06-28T14:44:07.038+0000] {dag.py:2726} INFO - Sync 1 DAGs
[2023-06-28T14:44:07.092+0000] {logging_mixin.py:149} INFO - [2023-06-28T14:44:07.092+0000] {dag.py:3490} INFO - Setting next_dagrun for example_sensors to None, run_after=None
[2023-06-28T14:44:07.140+0000] {processor.py:179} INFO - Processing /home/airflow/.local/lib/python3.7/site-packages/airflow/example_dags/example_sensors.py took 0.203 seconds
[2023-06-28T14:44:37.275+0000] {processor.py:157} INFO - Started process (PID=3308) to work on /home/airflow/.local/lib/python3.7/site-packages/airflow/example_dags/example_sensors.py
[2023-06-28T14:44:37.284+0000] {processor.py:826} INFO - Processing file /home/airflow/.local/lib/python3.7/site-packages/airflow/example_dags/example_sensors.py for tasks to queue
[2023-06-28T14:44:37.288+0000] {logging_mixin.py:149} INFO - [2023-06-28T14:44:37.287+0000] {dagbag.py:541} INFO - Filling up the DagBag from /home/airflow/.local/lib/python3.7/site-packages/airflow/example_dags/example_sensors.py
[2023-06-28T14:44:37.397+0000] {processor.py:836} INFO - DAG(s) dict_keys(['example_sensors']) retrieved from /home/airflow/.local/lib/python3.7/site-packages/airflow/example_dags/example_sensors.py
[2023-06-28T14:44:37.596+0000] {logging_mixin.py:149} INFO - [2023-06-28T14:44:37.596+0000] {dag.py:2726} INFO - Sync 1 DAGs
[2023-06-28T14:44:37.758+0000] {logging_mixin.py:149} INFO - [2023-06-28T14:44:37.757+0000] {dag.py:3490} INFO - Setting next_dagrun for example_sensors to None, run_after=None
[2023-06-28T14:44:37.871+0000] {processor.py:179} INFO - Processing /home/airflow/.local/lib/python3.7/site-packages/airflow/example_dags/example_sensors.py took 0.611 seconds
[2023-06-28T14:45:08.761+0000] {processor.py:157} INFO - Started process (PID=3367) to work on /home/airflow/.local/lib/python3.7/site-packages/airflow/example_dags/example_sensors.py
[2023-06-28T14:45:08.762+0000] {processor.py:826} INFO - Processing file /home/airflow/.local/lib/python3.7/site-packages/airflow/example_dags/example_sensors.py for tasks to queue
[2023-06-28T14:45:08.764+0000] {logging_mixin.py:149} INFO - [2023-06-28T14:45:08.763+0000] {dagbag.py:541} INFO - Filling up the DagBag from /home/airflow/.local/lib/python3.7/site-packages/airflow/example_dags/example_sensors.py
[2023-06-28T14:45:08.780+0000] {processor.py:836} INFO - DAG(s) dict_keys(['example_sensors']) retrieved from /home/airflow/.local/lib/python3.7/site-packages/airflow/example_dags/example_sensors.py
[2023-06-28T14:45:08.821+0000] {logging_mixin.py:149} INFO - [2023-06-28T14:45:08.821+0000] {dag.py:2726} INFO - Sync 1 DAGs
[2023-06-28T14:45:08.859+0000] {logging_mixin.py:149} INFO - [2023-06-28T14:45:08.859+0000] {dag.py:3490} INFO - Setting next_dagrun for example_sensors to None, run_after=None
[2023-06-28T14:45:08.892+0000] {processor.py:179} INFO - Processing /home/airflow/.local/lib/python3.7/site-packages/airflow/example_dags/example_sensors.py took 0.136 seconds
[2023-06-28T14:45:39.442+0000] {processor.py:157} INFO - Started process (PID=3428) to work on /home/airflow/.local/lib/python3.7/site-packages/airflow/example_dags/example_sensors.py
[2023-06-28T14:45:39.444+0000] {processor.py:826} INFO - Processing file /home/airflow/.local/lib/python3.7/site-packages/airflow/example_dags/example_sensors.py for tasks to queue
[2023-06-28T14:45:39.446+0000] {logging_mixin.py:149} INFO - [2023-06-28T14:45:39.445+0000] {dagbag.py:541} INFO - Filling up the DagBag from /home/airflow/.local/lib/python3.7/site-packages/airflow/example_dags/example_sensors.py
[2023-06-28T14:45:39.467+0000] {processor.py:836} INFO - DAG(s) dict_keys(['example_sensors']) retrieved from /home/airflow/.local/lib/python3.7/site-packages/airflow/example_dags/example_sensors.py
[2023-06-28T14:45:39.523+0000] {logging_mixin.py:149} INFO - [2023-06-28T14:45:39.523+0000] {dag.py:2726} INFO - Sync 1 DAGs
[2023-06-28T14:45:39.587+0000] {logging_mixin.py:149} INFO - [2023-06-28T14:45:39.587+0000] {dag.py:3490} INFO - Setting next_dagrun for example_sensors to None, run_after=None
[2023-06-28T14:45:39.666+0000] {processor.py:179} INFO - Processing /home/airflow/.local/lib/python3.7/site-packages/airflow/example_dags/example_sensors.py took 0.231 seconds
[2023-06-28T14:46:10.287+0000] {processor.py:157} INFO - Started process (PID=3487) to work on /home/airflow/.local/lib/python3.7/site-packages/airflow/example_dags/example_sensors.py
[2023-06-28T14:46:10.289+0000] {processor.py:826} INFO - Processing file /home/airflow/.local/lib/python3.7/site-packages/airflow/example_dags/example_sensors.py for tasks to queue
[2023-06-28T14:46:10.292+0000] {logging_mixin.py:149} INFO - [2023-06-28T14:46:10.292+0000] {dagbag.py:541} INFO - Filling up the DagBag from /home/airflow/.local/lib/python3.7/site-packages/airflow/example_dags/example_sensors.py
[2023-06-28T14:46:10.323+0000] {processor.py:836} INFO - DAG(s) dict_keys(['example_sensors']) retrieved from /home/airflow/.local/lib/python3.7/site-packages/airflow/example_dags/example_sensors.py
[2023-06-28T14:46:10.443+0000] {logging_mixin.py:149} INFO - [2023-06-28T14:46:10.442+0000] {dag.py:2726} INFO - Sync 1 DAGs
[2023-06-28T14:46:10.542+0000] {logging_mixin.py:149} INFO - [2023-06-28T14:46:10.542+0000] {dag.py:3490} INFO - Setting next_dagrun for example_sensors to None, run_after=None
[2023-06-28T14:46:10.643+0000] {processor.py:179} INFO - Processing /home/airflow/.local/lib/python3.7/site-packages/airflow/example_dags/example_sensors.py took 0.363 seconds
[2023-06-28T14:46:41.013+0000] {processor.py:157} INFO - Started process (PID=3546) to work on /home/airflow/.local/lib/python3.7/site-packages/airflow/example_dags/example_sensors.py
[2023-06-28T14:46:41.017+0000] {processor.py:826} INFO - Processing file /home/airflow/.local/lib/python3.7/site-packages/airflow/example_dags/example_sensors.py for tasks to queue
[2023-06-28T14:46:41.019+0000] {logging_mixin.py:149} INFO - [2023-06-28T14:46:41.018+0000] {dagbag.py:541} INFO - Filling up the DagBag from /home/airflow/.local/lib/python3.7/site-packages/airflow/example_dags/example_sensors.py
[2023-06-28T14:46:41.068+0000] {processor.py:836} INFO - DAG(s) dict_keys(['example_sensors']) retrieved from /home/airflow/.local/lib/python3.7/site-packages/airflow/example_dags/example_sensors.py
[2023-06-28T14:46:41.132+0000] {logging_mixin.py:149} INFO - [2023-06-28T14:46:41.132+0000] {dag.py:2726} INFO - Sync 1 DAGs
[2023-06-28T14:46:41.184+0000] {logging_mixin.py:149} INFO - [2023-06-28T14:46:41.183+0000] {dag.py:3490} INFO - Setting next_dagrun for example_sensors to None, run_after=None
[2023-06-28T14:46:41.233+0000] {processor.py:179} INFO - Processing /home/airflow/.local/lib/python3.7/site-packages/airflow/example_dags/example_sensors.py took 0.225 seconds
[2023-06-28T14:47:11.821+0000] {processor.py:157} INFO - Started process (PID=3606) to work on /home/airflow/.local/lib/python3.7/site-packages/airflow/example_dags/example_sensors.py
[2023-06-28T14:47:11.823+0000] {processor.py:826} INFO - Processing file /home/airflow/.local/lib/python3.7/site-packages/airflow/example_dags/example_sensors.py for tasks to queue
[2023-06-28T14:47:11.855+0000] {logging_mixin.py:149} INFO - [2023-06-28T14:47:11.854+0000] {dagbag.py:541} INFO - Filling up the DagBag from /home/airflow/.local/lib/python3.7/site-packages/airflow/example_dags/example_sensors.py
[2023-06-28T14:47:11.919+0000] {processor.py:836} INFO - DAG(s) dict_keys(['example_sensors']) retrieved from /home/airflow/.local/lib/python3.7/site-packages/airflow/example_dags/example_sensors.py
[2023-06-28T14:47:12.091+0000] {logging_mixin.py:149} INFO - [2023-06-28T14:47:12.091+0000] {dag.py:2726} INFO - Sync 1 DAGs
[2023-06-28T14:47:12.208+0000] {logging_mixin.py:149} INFO - [2023-06-28T14:47:12.208+0000] {dag.py:3490} INFO - Setting next_dagrun for example_sensors to None, run_after=None
[2023-06-28T14:47:12.314+0000] {processor.py:179} INFO - Processing /home/airflow/.local/lib/python3.7/site-packages/airflow/example_dags/example_sensors.py took 0.498 seconds
[2023-06-28T14:47:42.783+0000] {processor.py:157} INFO - Started process (PID=3665) to work on /home/airflow/.local/lib/python3.7/site-packages/airflow/example_dags/example_sensors.py
[2023-06-28T14:47:42.784+0000] {processor.py:826} INFO - Processing file /home/airflow/.local/lib/python3.7/site-packages/airflow/example_dags/example_sensors.py for tasks to queue
[2023-06-28T14:47:42.786+0000] {logging_mixin.py:149} INFO - [2023-06-28T14:47:42.786+0000] {dagbag.py:541} INFO - Filling up the DagBag from /home/airflow/.local/lib/python3.7/site-packages/airflow/example_dags/example_sensors.py
[2023-06-28T14:47:42.804+0000] {processor.py:836} INFO - DAG(s) dict_keys(['example_sensors']) retrieved from /home/airflow/.local/lib/python3.7/site-packages/airflow/example_dags/example_sensors.py
[2023-06-28T14:47:42.861+0000] {logging_mixin.py:149} INFO - [2023-06-28T14:47:42.861+0000] {dag.py:2726} INFO - Sync 1 DAGs
[2023-06-28T14:47:42.913+0000] {logging_mixin.py:149} INFO - [2023-06-28T14:47:42.913+0000] {dag.py:3490} INFO - Setting next_dagrun for example_sensors to None, run_after=None
[2023-06-28T14:47:42.946+0000] {processor.py:179} INFO - Processing /home/airflow/.local/lib/python3.7/site-packages/airflow/example_dags/example_sensors.py took 0.169 seconds
[2023-06-28T14:48:13.168+0000] {processor.py:157} INFO - Started process (PID=3726) to work on /home/airflow/.local/lib/python3.7/site-packages/airflow/example_dags/example_sensors.py
[2023-06-28T14:48:13.169+0000] {processor.py:826} INFO - Processing file /home/airflow/.local/lib/python3.7/site-packages/airflow/example_dags/example_sensors.py for tasks to queue
[2023-06-28T14:48:13.171+0000] {logging_mixin.py:149} INFO - [2023-06-28T14:48:13.171+0000] {dagbag.py:541} INFO - Filling up the DagBag from /home/airflow/.local/lib/python3.7/site-packages/airflow/example_dags/example_sensors.py
[2023-06-28T14:48:13.190+0000] {processor.py:836} INFO - DAG(s) dict_keys(['example_sensors']) retrieved from /home/airflow/.local/lib/python3.7/site-packages/airflow/example_dags/example_sensors.py
[2023-06-28T14:48:13.239+0000] {logging_mixin.py:149} INFO - [2023-06-28T14:48:13.238+0000] {dag.py:2726} INFO - Sync 1 DAGs
[2023-06-28T14:48:13.280+0000] {logging_mixin.py:149} INFO - [2023-06-28T14:48:13.279+0000] {dag.py:3490} INFO - Setting next_dagrun for example_sensors to None, run_after=None
[2023-06-28T14:48:13.320+0000] {processor.py:179} INFO - Processing /home/airflow/.local/lib/python3.7/site-packages/airflow/example_dags/example_sensors.py took 0.157 seconds
