[2023-06-28T14:16:36.205+0000] {processor.py:157} INFO - Started process (PID=65) to work on /home/airflow/.local/lib/python3.7/site-packages/airflow/example_dags/example_python_operator.py
[2023-06-28T14:16:36.232+0000] {processor.py:826} INFO - Processing file /home/airflow/.local/lib/python3.7/site-packages/airflow/example_dags/example_python_operator.py for tasks to queue
[2023-06-28T14:16:36.265+0000] {logging_mixin.py:149} INFO - [2023-06-28T14:16:36.264+0000] {dagbag.py:541} INFO - Filling up the DagBag from /home/airflow/.local/lib/python3.7/site-packages/airflow/example_dags/example_python_operator.py
[2023-06-28T14:16:36.525+0000] {processor.py:836} INFO - DAG(s) dict_keys(['example_python_operator']) retrieved from /home/airflow/.local/lib/python3.7/site-packages/airflow/example_dags/example_python_operator.py
[2023-06-28T14:16:37.982+0000] {logging_mixin.py:149} INFO - [2023-06-28T14:16:37.982+0000] {dag.py:2726} INFO - Sync 1 DAGs
[2023-06-28T14:16:38.255+0000] {logging_mixin.py:149} INFO - [2023-06-28T14:16:38.255+0000] {dag.py:3490} INFO - Setting next_dagrun for example_python_operator to None, run_after=None
[2023-06-28T14:16:38.526+0000] {processor.py:179} INFO - Processing /home/airflow/.local/lib/python3.7/site-packages/airflow/example_dags/example_python_operator.py took 2.341 seconds
[2023-06-28T14:17:11.053+0000] {processor.py:157} INFO - Started process (PID=124) to work on /home/airflow/.local/lib/python3.7/site-packages/airflow/example_dags/example_python_operator.py
[2023-06-28T14:17:11.056+0000] {processor.py:826} INFO - Processing file /home/airflow/.local/lib/python3.7/site-packages/airflow/example_dags/example_python_operator.py for tasks to queue
[2023-06-28T14:17:11.077+0000] {logging_mixin.py:149} INFO - [2023-06-28T14:17:11.067+0000] {dagbag.py:541} INFO - Filling up the DagBag from /home/airflow/.local/lib/python3.7/site-packages/airflow/example_dags/example_python_operator.py
[2023-06-28T14:17:11.348+0000] {processor.py:836} INFO - DAG(s) dict_keys(['example_python_operator']) retrieved from /home/airflow/.local/lib/python3.7/site-packages/airflow/example_dags/example_python_operator.py
[2023-06-28T14:17:11.495+0000] {logging_mixin.py:149} INFO - [2023-06-28T14:17:11.494+0000] {dag.py:2726} INFO - Sync 1 DAGs
[2023-06-28T14:17:11.757+0000] {logging_mixin.py:149} INFO - [2023-06-28T14:17:11.756+0000] {dag.py:3490} INFO - Setting next_dagrun for example_python_operator to None, run_after=None
[2023-06-28T14:17:11.965+0000] {processor.py:179} INFO - Processing /home/airflow/.local/lib/python3.7/site-packages/airflow/example_dags/example_python_operator.py took 0.984 seconds
[2023-06-28T14:17:42.919+0000] {processor.py:157} INFO - Started process (PID=182) to work on /home/airflow/.local/lib/python3.7/site-packages/airflow/example_dags/example_python_operator.py
[2023-06-28T14:17:42.921+0000] {processor.py:826} INFO - Processing file /home/airflow/.local/lib/python3.7/site-packages/airflow/example_dags/example_python_operator.py for tasks to queue
[2023-06-28T14:17:42.922+0000] {logging_mixin.py:149} INFO - [2023-06-28T14:17:42.922+0000] {dagbag.py:541} INFO - Filling up the DagBag from /home/airflow/.local/lib/python3.7/site-packages/airflow/example_dags/example_python_operator.py
[2023-06-28T14:17:42.957+0000] {processor.py:836} INFO - DAG(s) dict_keys(['example_python_operator']) retrieved from /home/airflow/.local/lib/python3.7/site-packages/airflow/example_dags/example_python_operator.py
[2023-06-28T14:17:42.987+0000] {logging_mixin.py:149} INFO - [2023-06-28T14:17:42.987+0000] {dag.py:2726} INFO - Sync 1 DAGs
[2023-06-28T14:17:43.047+0000] {logging_mixin.py:149} INFO - [2023-06-28T14:17:43.047+0000] {dag.py:3490} INFO - Setting next_dagrun for example_python_operator to None, run_after=None
[2023-06-28T14:17:43.085+0000] {processor.py:179} INFO - Processing /home/airflow/.local/lib/python3.7/site-packages/airflow/example_dags/example_python_operator.py took 0.170 seconds
[2023-06-28T14:18:13.307+0000] {processor.py:157} INFO - Started process (PID=241) to work on /home/airflow/.local/lib/python3.7/site-packages/airflow/example_dags/example_python_operator.py
[2023-06-28T14:18:13.316+0000] {processor.py:826} INFO - Processing file /home/airflow/.local/lib/python3.7/site-packages/airflow/example_dags/example_python_operator.py for tasks to queue
[2023-06-28T14:18:13.317+0000] {logging_mixin.py:149} INFO - [2023-06-28T14:18:13.317+0000] {dagbag.py:541} INFO - Filling up the DagBag from /home/airflow/.local/lib/python3.7/site-packages/airflow/example_dags/example_python_operator.py
[2023-06-28T14:18:13.360+0000] {processor.py:836} INFO - DAG(s) dict_keys(['example_python_operator']) retrieved from /home/airflow/.local/lib/python3.7/site-packages/airflow/example_dags/example_python_operator.py
[2023-06-28T14:18:13.783+0000] {logging_mixin.py:149} INFO - [2023-06-28T14:18:13.783+0000] {dag.py:2726} INFO - Sync 1 DAGs
[2023-06-28T14:18:13.827+0000] {logging_mixin.py:149} INFO - [2023-06-28T14:18:13.826+0000] {dag.py:3490} INFO - Setting next_dagrun for example_python_operator to None, run_after=None
[2023-06-28T14:18:13.955+0000] {processor.py:179} INFO - Processing /home/airflow/.local/lib/python3.7/site-packages/airflow/example_dags/example_python_operator.py took 0.655 seconds
[2023-06-28T14:18:44.619+0000] {processor.py:157} INFO - Started process (PID=301) to work on /home/airflow/.local/lib/python3.7/site-packages/airflow/example_dags/example_python_operator.py
[2023-06-28T14:18:44.621+0000] {processor.py:826} INFO - Processing file /home/airflow/.local/lib/python3.7/site-packages/airflow/example_dags/example_python_operator.py for tasks to queue
[2023-06-28T14:18:44.622+0000] {logging_mixin.py:149} INFO - [2023-06-28T14:18:44.622+0000] {dagbag.py:541} INFO - Filling up the DagBag from /home/airflow/.local/lib/python3.7/site-packages/airflow/example_dags/example_python_operator.py
[2023-06-28T14:18:44.646+0000] {processor.py:836} INFO - DAG(s) dict_keys(['example_python_operator']) retrieved from /home/airflow/.local/lib/python3.7/site-packages/airflow/example_dags/example_python_operator.py
[2023-06-28T14:18:44.705+0000] {logging_mixin.py:149} INFO - [2023-06-28T14:18:44.705+0000] {dag.py:2726} INFO - Sync 1 DAGs
[2023-06-28T14:18:44.798+0000] {logging_mixin.py:149} INFO - [2023-06-28T14:18:44.797+0000] {dag.py:3490} INFO - Setting next_dagrun for example_python_operator to None, run_after=None
[2023-06-28T14:18:44.879+0000] {processor.py:179} INFO - Processing /home/airflow/.local/lib/python3.7/site-packages/airflow/example_dags/example_python_operator.py took 0.266 seconds
[2023-06-28T14:19:15.263+0000] {processor.py:157} INFO - Started process (PID=359) to work on /home/airflow/.local/lib/python3.7/site-packages/airflow/example_dags/example_python_operator.py
[2023-06-28T14:19:15.267+0000] {processor.py:826} INFO - Processing file /home/airflow/.local/lib/python3.7/site-packages/airflow/example_dags/example_python_operator.py for tasks to queue
[2023-06-28T14:19:15.276+0000] {logging_mixin.py:149} INFO - [2023-06-28T14:19:15.276+0000] {dagbag.py:541} INFO - Filling up the DagBag from /home/airflow/.local/lib/python3.7/site-packages/airflow/example_dags/example_python_operator.py
[2023-06-28T14:19:15.342+0000] {processor.py:836} INFO - DAG(s) dict_keys(['example_python_operator']) retrieved from /home/airflow/.local/lib/python3.7/site-packages/airflow/example_dags/example_python_operator.py
[2023-06-28T14:19:15.452+0000] {logging_mixin.py:149} INFO - [2023-06-28T14:19:15.451+0000] {dag.py:2726} INFO - Sync 1 DAGs
[2023-06-28T14:19:15.517+0000] {logging_mixin.py:149} INFO - [2023-06-28T14:19:15.517+0000] {dag.py:3490} INFO - Setting next_dagrun for example_python_operator to None, run_after=None
[2023-06-28T14:19:15.558+0000] {processor.py:179} INFO - Processing /home/airflow/.local/lib/python3.7/site-packages/airflow/example_dags/example_python_operator.py took 0.303 seconds
[2023-06-28T14:19:45.975+0000] {processor.py:157} INFO - Started process (PID=418) to work on /home/airflow/.local/lib/python3.7/site-packages/airflow/example_dags/example_python_operator.py
[2023-06-28T14:19:45.978+0000] {processor.py:826} INFO - Processing file /home/airflow/.local/lib/python3.7/site-packages/airflow/example_dags/example_python_operator.py for tasks to queue
[2023-06-28T14:19:46.008+0000] {logging_mixin.py:149} INFO - [2023-06-28T14:19:46.007+0000] {dagbag.py:541} INFO - Filling up the DagBag from /home/airflow/.local/lib/python3.7/site-packages/airflow/example_dags/example_python_operator.py
[2023-06-28T14:19:46.086+0000] {processor.py:836} INFO - DAG(s) dict_keys(['example_python_operator']) retrieved from /home/airflow/.local/lib/python3.7/site-packages/airflow/example_dags/example_python_operator.py
[2023-06-28T14:19:46.267+0000] {logging_mixin.py:149} INFO - [2023-06-28T14:19:46.267+0000] {dag.py:2726} INFO - Sync 1 DAGs
[2023-06-28T14:19:46.423+0000] {logging_mixin.py:149} INFO - [2023-06-28T14:19:46.412+0000] {dag.py:3490} INFO - Setting next_dagrun for example_python_operator to None, run_after=None
[2023-06-28T14:19:46.509+0000] {processor.py:179} INFO - Processing /home/airflow/.local/lib/python3.7/site-packages/airflow/example_dags/example_python_operator.py took 0.563 seconds
[2023-06-28T14:20:17.345+0000] {processor.py:157} INFO - Started process (PID=477) to work on /home/airflow/.local/lib/python3.7/site-packages/airflow/example_dags/example_python_operator.py
[2023-06-28T14:20:17.346+0000] {processor.py:826} INFO - Processing file /home/airflow/.local/lib/python3.7/site-packages/airflow/example_dags/example_python_operator.py for tasks to queue
[2023-06-28T14:20:17.348+0000] {logging_mixin.py:149} INFO - [2023-06-28T14:20:17.348+0000] {dagbag.py:541} INFO - Filling up the DagBag from /home/airflow/.local/lib/python3.7/site-packages/airflow/example_dags/example_python_operator.py
[2023-06-28T14:20:17.361+0000] {processor.py:836} INFO - DAG(s) dict_keys(['example_python_operator']) retrieved from /home/airflow/.local/lib/python3.7/site-packages/airflow/example_dags/example_python_operator.py
[2023-06-28T14:20:17.403+0000] {logging_mixin.py:149} INFO - [2023-06-28T14:20:17.403+0000] {dag.py:2726} INFO - Sync 1 DAGs
[2023-06-28T14:20:17.445+0000] {logging_mixin.py:149} INFO - [2023-06-28T14:20:17.445+0000] {dag.py:3490} INFO - Setting next_dagrun for example_python_operator to None, run_after=None
[2023-06-28T14:20:17.479+0000] {processor.py:179} INFO - Processing /home/airflow/.local/lib/python3.7/site-packages/airflow/example_dags/example_python_operator.py took 0.138 seconds
[2023-06-28T14:20:47.670+0000] {processor.py:157} INFO - Started process (PID=536) to work on /home/airflow/.local/lib/python3.7/site-packages/airflow/example_dags/example_python_operator.py
[2023-06-28T14:20:47.671+0000] {processor.py:826} INFO - Processing file /home/airflow/.local/lib/python3.7/site-packages/airflow/example_dags/example_python_operator.py for tasks to queue
[2023-06-28T14:20:47.673+0000] {logging_mixin.py:149} INFO - [2023-06-28T14:20:47.672+0000] {dagbag.py:541} INFO - Filling up the DagBag from /home/airflow/.local/lib/python3.7/site-packages/airflow/example_dags/example_python_operator.py
[2023-06-28T14:20:47.690+0000] {processor.py:836} INFO - DAG(s) dict_keys(['example_python_operator']) retrieved from /home/airflow/.local/lib/python3.7/site-packages/airflow/example_dags/example_python_operator.py
[2023-06-28T14:20:47.730+0000] {logging_mixin.py:149} INFO - [2023-06-28T14:20:47.729+0000] {dag.py:2726} INFO - Sync 1 DAGs
[2023-06-28T14:20:47.762+0000] {logging_mixin.py:149} INFO - [2023-06-28T14:20:47.762+0000] {dag.py:3490} INFO - Setting next_dagrun for example_python_operator to None, run_after=None
[2023-06-28T14:20:47.800+0000] {processor.py:179} INFO - Processing /home/airflow/.local/lib/python3.7/site-packages/airflow/example_dags/example_python_operator.py took 0.135 seconds
[2023-06-28T14:21:18.567+0000] {processor.py:157} INFO - Started process (PID=595) to work on /home/airflow/.local/lib/python3.7/site-packages/airflow/example_dags/example_python_operator.py
[2023-06-28T14:21:18.568+0000] {processor.py:826} INFO - Processing file /home/airflow/.local/lib/python3.7/site-packages/airflow/example_dags/example_python_operator.py for tasks to queue
[2023-06-28T14:21:18.570+0000] {logging_mixin.py:149} INFO - [2023-06-28T14:21:18.569+0000] {dagbag.py:541} INFO - Filling up the DagBag from /home/airflow/.local/lib/python3.7/site-packages/airflow/example_dags/example_python_operator.py
[2023-06-28T14:21:18.591+0000] {processor.py:836} INFO - DAG(s) dict_keys(['example_python_operator']) retrieved from /home/airflow/.local/lib/python3.7/site-packages/airflow/example_dags/example_python_operator.py
[2023-06-28T14:21:18.638+0000] {logging_mixin.py:149} INFO - [2023-06-28T14:21:18.638+0000] {dag.py:2726} INFO - Sync 1 DAGs
[2023-06-28T14:21:18.676+0000] {logging_mixin.py:149} INFO - [2023-06-28T14:21:18.675+0000] {dag.py:3490} INFO - Setting next_dagrun for example_python_operator to None, run_after=None
[2023-06-28T14:21:18.711+0000] {processor.py:179} INFO - Processing /home/airflow/.local/lib/python3.7/site-packages/airflow/example_dags/example_python_operator.py took 0.149 seconds
[2023-06-28T14:21:48.781+0000] {processor.py:157} INFO - Started process (PID=655) to work on /home/airflow/.local/lib/python3.7/site-packages/airflow/example_dags/example_python_operator.py
[2023-06-28T14:21:48.783+0000] {processor.py:826} INFO - Processing file /home/airflow/.local/lib/python3.7/site-packages/airflow/example_dags/example_python_operator.py for tasks to queue
[2023-06-28T14:21:48.785+0000] {logging_mixin.py:149} INFO - [2023-06-28T14:21:48.784+0000] {dagbag.py:541} INFO - Filling up the DagBag from /home/airflow/.local/lib/python3.7/site-packages/airflow/example_dags/example_python_operator.py
[2023-06-28T14:21:48.802+0000] {processor.py:836} INFO - DAG(s) dict_keys(['example_python_operator']) retrieved from /home/airflow/.local/lib/python3.7/site-packages/airflow/example_dags/example_python_operator.py
[2023-06-28T14:21:48.838+0000] {logging_mixin.py:149} INFO - [2023-06-28T14:21:48.838+0000] {dag.py:2726} INFO - Sync 1 DAGs
[2023-06-28T14:21:48.874+0000] {logging_mixin.py:149} INFO - [2023-06-28T14:21:48.874+0000] {dag.py:3490} INFO - Setting next_dagrun for example_python_operator to None, run_after=None
[2023-06-28T14:21:48.909+0000] {processor.py:179} INFO - Processing /home/airflow/.local/lib/python3.7/site-packages/airflow/example_dags/example_python_operator.py took 0.132 seconds
[2023-06-28T14:22:19.759+0000] {processor.py:157} INFO - Started process (PID=722) to work on /home/airflow/.local/lib/python3.7/site-packages/airflow/example_dags/example_python_operator.py
[2023-06-28T14:22:19.761+0000] {processor.py:826} INFO - Processing file /home/airflow/.local/lib/python3.7/site-packages/airflow/example_dags/example_python_operator.py for tasks to queue
[2023-06-28T14:22:19.762+0000] {logging_mixin.py:149} INFO - [2023-06-28T14:22:19.762+0000] {dagbag.py:541} INFO - Filling up the DagBag from /home/airflow/.local/lib/python3.7/site-packages/airflow/example_dags/example_python_operator.py
[2023-06-28T14:22:19.782+0000] {processor.py:836} INFO - DAG(s) dict_keys(['example_python_operator']) retrieved from /home/airflow/.local/lib/python3.7/site-packages/airflow/example_dags/example_python_operator.py
[2023-06-28T14:22:19.829+0000] {logging_mixin.py:149} INFO - [2023-06-28T14:22:19.829+0000] {dag.py:2726} INFO - Sync 1 DAGs
[2023-06-28T14:22:19.866+0000] {logging_mixin.py:149} INFO - [2023-06-28T14:22:19.866+0000] {dag.py:3490} INFO - Setting next_dagrun for example_python_operator to None, run_after=None
[2023-06-28T14:22:19.903+0000] {processor.py:179} INFO - Processing /home/airflow/.local/lib/python3.7/site-packages/airflow/example_dags/example_python_operator.py took 0.150 seconds
[2023-06-28T14:22:50.309+0000] {processor.py:157} INFO - Started process (PID=781) to work on /home/airflow/.local/lib/python3.7/site-packages/airflow/example_dags/example_python_operator.py
[2023-06-28T14:22:50.311+0000] {processor.py:826} INFO - Processing file /home/airflow/.local/lib/python3.7/site-packages/airflow/example_dags/example_python_operator.py for tasks to queue
[2023-06-28T14:22:50.313+0000] {logging_mixin.py:149} INFO - [2023-06-28T14:22:50.313+0000] {dagbag.py:541} INFO - Filling up the DagBag from /home/airflow/.local/lib/python3.7/site-packages/airflow/example_dags/example_python_operator.py
[2023-06-28T14:22:50.356+0000] {processor.py:836} INFO - DAG(s) dict_keys(['example_python_operator']) retrieved from /home/airflow/.local/lib/python3.7/site-packages/airflow/example_dags/example_python_operator.py
[2023-06-28T14:22:50.430+0000] {logging_mixin.py:149} INFO - [2023-06-28T14:22:50.430+0000] {dag.py:2726} INFO - Sync 1 DAGs
[2023-06-28T14:22:50.494+0000] {logging_mixin.py:149} INFO - [2023-06-28T14:22:50.493+0000] {dag.py:3490} INFO - Setting next_dagrun for example_python_operator to None, run_after=None
[2023-06-28T14:22:50.525+0000] {processor.py:179} INFO - Processing /home/airflow/.local/lib/python3.7/site-packages/airflow/example_dags/example_python_operator.py took 0.226 seconds
[2023-06-28T14:23:21.506+0000] {processor.py:157} INFO - Started process (PID=841) to work on /home/airflow/.local/lib/python3.7/site-packages/airflow/example_dags/example_python_operator.py
[2023-06-28T14:23:21.508+0000] {processor.py:826} INFO - Processing file /home/airflow/.local/lib/python3.7/site-packages/airflow/example_dags/example_python_operator.py for tasks to queue
[2023-06-28T14:23:21.511+0000] {logging_mixin.py:149} INFO - [2023-06-28T14:23:21.511+0000] {dagbag.py:541} INFO - Filling up the DagBag from /home/airflow/.local/lib/python3.7/site-packages/airflow/example_dags/example_python_operator.py
[2023-06-28T14:23:21.546+0000] {processor.py:836} INFO - DAG(s) dict_keys(['example_python_operator']) retrieved from /home/airflow/.local/lib/python3.7/site-packages/airflow/example_dags/example_python_operator.py
[2023-06-28T14:23:21.609+0000] {logging_mixin.py:149} INFO - [2023-06-28T14:23:21.609+0000] {dag.py:2726} INFO - Sync 1 DAGs
[2023-06-28T14:23:21.668+0000] {logging_mixin.py:149} INFO - [2023-06-28T14:23:21.667+0000] {dag.py:3490} INFO - Setting next_dagrun for example_python_operator to None, run_after=None
[2023-06-28T14:23:21.712+0000] {processor.py:179} INFO - Processing /home/airflow/.local/lib/python3.7/site-packages/airflow/example_dags/example_python_operator.py took 0.215 seconds
[2023-06-28T14:23:52.129+0000] {processor.py:157} INFO - Started process (PID=900) to work on /home/airflow/.local/lib/python3.7/site-packages/airflow/example_dags/example_python_operator.py
[2023-06-28T14:23:52.130+0000] {processor.py:826} INFO - Processing file /home/airflow/.local/lib/python3.7/site-packages/airflow/example_dags/example_python_operator.py for tasks to queue
[2023-06-28T14:23:52.131+0000] {logging_mixin.py:149} INFO - [2023-06-28T14:23:52.131+0000] {dagbag.py:541} INFO - Filling up the DagBag from /home/airflow/.local/lib/python3.7/site-packages/airflow/example_dags/example_python_operator.py
[2023-06-28T14:23:52.147+0000] {processor.py:836} INFO - DAG(s) dict_keys(['example_python_operator']) retrieved from /home/airflow/.local/lib/python3.7/site-packages/airflow/example_dags/example_python_operator.py
[2023-06-28T14:23:52.184+0000] {logging_mixin.py:149} INFO - [2023-06-28T14:23:52.184+0000] {dag.py:2726} INFO - Sync 1 DAGs
[2023-06-28T14:23:52.224+0000] {logging_mixin.py:149} INFO - [2023-06-28T14:23:52.224+0000] {dag.py:3490} INFO - Setting next_dagrun for example_python_operator to None, run_after=None
[2023-06-28T14:23:52.258+0000] {processor.py:179} INFO - Processing /home/airflow/.local/lib/python3.7/site-packages/airflow/example_dags/example_python_operator.py took 0.133 seconds
[2023-06-28T14:24:23.163+0000] {processor.py:157} INFO - Started process (PID=958) to work on /home/airflow/.local/lib/python3.7/site-packages/airflow/example_dags/example_python_operator.py
[2023-06-28T14:24:23.164+0000] {processor.py:826} INFO - Processing file /home/airflow/.local/lib/python3.7/site-packages/airflow/example_dags/example_python_operator.py for tasks to queue
[2023-06-28T14:24:23.166+0000] {logging_mixin.py:149} INFO - [2023-06-28T14:24:23.166+0000] {dagbag.py:541} INFO - Filling up the DagBag from /home/airflow/.local/lib/python3.7/site-packages/airflow/example_dags/example_python_operator.py
[2023-06-28T14:24:23.180+0000] {processor.py:836} INFO - DAG(s) dict_keys(['example_python_operator']) retrieved from /home/airflow/.local/lib/python3.7/site-packages/airflow/example_dags/example_python_operator.py
[2023-06-28T14:24:23.222+0000] {logging_mixin.py:149} INFO - [2023-06-28T14:24:23.222+0000] {dag.py:2726} INFO - Sync 1 DAGs
[2023-06-28T14:24:23.257+0000] {logging_mixin.py:149} INFO - [2023-06-28T14:24:23.256+0000] {dag.py:3490} INFO - Setting next_dagrun for example_python_operator to None, run_after=None
[2023-06-28T14:24:23.306+0000] {processor.py:179} INFO - Processing /home/airflow/.local/lib/python3.7/site-packages/airflow/example_dags/example_python_operator.py took 0.149 seconds
[2023-06-28T14:24:53.374+0000] {processor.py:157} INFO - Started process (PID=1018) to work on /home/airflow/.local/lib/python3.7/site-packages/airflow/example_dags/example_python_operator.py
[2023-06-28T14:24:53.376+0000] {processor.py:826} INFO - Processing file /home/airflow/.local/lib/python3.7/site-packages/airflow/example_dags/example_python_operator.py for tasks to queue
[2023-06-28T14:24:53.377+0000] {logging_mixin.py:149} INFO - [2023-06-28T14:24:53.377+0000] {dagbag.py:541} INFO - Filling up the DagBag from /home/airflow/.local/lib/python3.7/site-packages/airflow/example_dags/example_python_operator.py
[2023-06-28T14:24:53.391+0000] {processor.py:836} INFO - DAG(s) dict_keys(['example_python_operator']) retrieved from /home/airflow/.local/lib/python3.7/site-packages/airflow/example_dags/example_python_operator.py
[2023-06-28T14:24:53.432+0000] {logging_mixin.py:149} INFO - [2023-06-28T14:24:53.432+0000] {dag.py:2726} INFO - Sync 1 DAGs
[2023-06-28T14:24:53.468+0000] {logging_mixin.py:149} INFO - [2023-06-28T14:24:53.468+0000] {dag.py:3490} INFO - Setting next_dagrun for example_python_operator to None, run_after=None
[2023-06-28T14:24:53.504+0000] {processor.py:179} INFO - Processing /home/airflow/.local/lib/python3.7/site-packages/airflow/example_dags/example_python_operator.py took 0.134 seconds
[2023-06-28T14:25:23.980+0000] {processor.py:157} INFO - Started process (PID=1076) to work on /home/airflow/.local/lib/python3.7/site-packages/airflow/example_dags/example_python_operator.py
[2023-06-28T14:25:23.981+0000] {processor.py:826} INFO - Processing file /home/airflow/.local/lib/python3.7/site-packages/airflow/example_dags/example_python_operator.py for tasks to queue
[2023-06-28T14:25:23.983+0000] {logging_mixin.py:149} INFO - [2023-06-28T14:25:23.983+0000] {dagbag.py:541} INFO - Filling up the DagBag from /home/airflow/.local/lib/python3.7/site-packages/airflow/example_dags/example_python_operator.py
[2023-06-28T14:25:24.001+0000] {processor.py:836} INFO - DAG(s) dict_keys(['example_python_operator']) retrieved from /home/airflow/.local/lib/python3.7/site-packages/airflow/example_dags/example_python_operator.py
[2023-06-28T14:25:24.047+0000] {logging_mixin.py:149} INFO - [2023-06-28T14:25:24.047+0000] {dag.py:2726} INFO - Sync 1 DAGs
[2023-06-28T14:25:24.095+0000] {logging_mixin.py:149} INFO - [2023-06-28T14:25:24.094+0000] {dag.py:3490} INFO - Setting next_dagrun for example_python_operator to None, run_after=None
[2023-06-28T14:25:24.132+0000] {processor.py:179} INFO - Processing /home/airflow/.local/lib/python3.7/site-packages/airflow/example_dags/example_python_operator.py took 0.158 seconds
[2023-06-28T14:25:54.284+0000] {processor.py:157} INFO - Started process (PID=1135) to work on /home/airflow/.local/lib/python3.7/site-packages/airflow/example_dags/example_python_operator.py
[2023-06-28T14:25:54.286+0000] {processor.py:826} INFO - Processing file /home/airflow/.local/lib/python3.7/site-packages/airflow/example_dags/example_python_operator.py for tasks to queue
[2023-06-28T14:25:54.287+0000] {logging_mixin.py:149} INFO - [2023-06-28T14:25:54.287+0000] {dagbag.py:541} INFO - Filling up the DagBag from /home/airflow/.local/lib/python3.7/site-packages/airflow/example_dags/example_python_operator.py
[2023-06-28T14:25:54.302+0000] {processor.py:836} INFO - DAG(s) dict_keys(['example_python_operator']) retrieved from /home/airflow/.local/lib/python3.7/site-packages/airflow/example_dags/example_python_operator.py
[2023-06-28T14:25:54.344+0000] {logging_mixin.py:149} INFO - [2023-06-28T14:25:54.344+0000] {dag.py:2726} INFO - Sync 1 DAGs
[2023-06-28T14:25:54.377+0000] {logging_mixin.py:149} INFO - [2023-06-28T14:25:54.377+0000] {dag.py:3490} INFO - Setting next_dagrun for example_python_operator to None, run_after=None
[2023-06-28T14:25:54.410+0000] {processor.py:179} INFO - Processing /home/airflow/.local/lib/python3.7/site-packages/airflow/example_dags/example_python_operator.py took 0.129 seconds
[2023-06-28T14:26:24.474+0000] {processor.py:157} INFO - Started process (PID=1195) to work on /home/airflow/.local/lib/python3.7/site-packages/airflow/example_dags/example_python_operator.py
[2023-06-28T14:26:24.476+0000] {processor.py:826} INFO - Processing file /home/airflow/.local/lib/python3.7/site-packages/airflow/example_dags/example_python_operator.py for tasks to queue
[2023-06-28T14:26:24.477+0000] {logging_mixin.py:149} INFO - [2023-06-28T14:26:24.477+0000] {dagbag.py:541} INFO - Filling up the DagBag from /home/airflow/.local/lib/python3.7/site-packages/airflow/example_dags/example_python_operator.py
[2023-06-28T14:26:24.491+0000] {processor.py:836} INFO - DAG(s) dict_keys(['example_python_operator']) retrieved from /home/airflow/.local/lib/python3.7/site-packages/airflow/example_dags/example_python_operator.py
[2023-06-28T14:26:24.533+0000] {logging_mixin.py:149} INFO - [2023-06-28T14:26:24.533+0000] {dag.py:2726} INFO - Sync 1 DAGs
[2023-06-28T14:26:24.573+0000] {logging_mixin.py:149} INFO - [2023-06-28T14:26:24.573+0000] {dag.py:3490} INFO - Setting next_dagrun for example_python_operator to None, run_after=None
[2023-06-28T14:26:24.606+0000] {processor.py:179} INFO - Processing /home/airflow/.local/lib/python3.7/site-packages/airflow/example_dags/example_python_operator.py took 0.137 seconds
[2023-06-28T14:26:54.877+0000] {processor.py:157} INFO - Started process (PID=1254) to work on /home/airflow/.local/lib/python3.7/site-packages/airflow/example_dags/example_python_operator.py
[2023-06-28T14:26:54.879+0000] {processor.py:826} INFO - Processing file /home/airflow/.local/lib/python3.7/site-packages/airflow/example_dags/example_python_operator.py for tasks to queue
[2023-06-28T14:26:54.880+0000] {logging_mixin.py:149} INFO - [2023-06-28T14:26:54.880+0000] {dagbag.py:541} INFO - Filling up the DagBag from /home/airflow/.local/lib/python3.7/site-packages/airflow/example_dags/example_python_operator.py
[2023-06-28T14:26:54.896+0000] {processor.py:836} INFO - DAG(s) dict_keys(['example_python_operator']) retrieved from /home/airflow/.local/lib/python3.7/site-packages/airflow/example_dags/example_python_operator.py
[2023-06-28T14:26:54.938+0000] {logging_mixin.py:149} INFO - [2023-06-28T14:26:54.938+0000] {dag.py:2726} INFO - Sync 1 DAGs
[2023-06-28T14:26:54.978+0000] {logging_mixin.py:149} INFO - [2023-06-28T14:26:54.978+0000] {dag.py:3490} INFO - Setting next_dagrun for example_python_operator to None, run_after=None
[2023-06-28T14:26:55.015+0000] {processor.py:179} INFO - Processing /home/airflow/.local/lib/python3.7/site-packages/airflow/example_dags/example_python_operator.py took 0.144 seconds
[2023-06-28T14:27:25.401+0000] {processor.py:157} INFO - Started process (PID=1313) to work on /home/airflow/.local/lib/python3.7/site-packages/airflow/example_dags/example_python_operator.py
[2023-06-28T14:27:25.402+0000] {processor.py:826} INFO - Processing file /home/airflow/.local/lib/python3.7/site-packages/airflow/example_dags/example_python_operator.py for tasks to queue
[2023-06-28T14:27:25.404+0000] {logging_mixin.py:149} INFO - [2023-06-28T14:27:25.404+0000] {dagbag.py:541} INFO - Filling up the DagBag from /home/airflow/.local/lib/python3.7/site-packages/airflow/example_dags/example_python_operator.py
[2023-06-28T14:27:25.438+0000] {processor.py:836} INFO - DAG(s) dict_keys(['example_python_operator']) retrieved from /home/airflow/.local/lib/python3.7/site-packages/airflow/example_dags/example_python_operator.py
[2023-06-28T14:27:25.497+0000] {logging_mixin.py:149} INFO - [2023-06-28T14:27:25.497+0000] {dag.py:2726} INFO - Sync 1 DAGs
[2023-06-28T14:27:25.540+0000] {logging_mixin.py:149} INFO - [2023-06-28T14:27:25.540+0000] {dag.py:3490} INFO - Setting next_dagrun for example_python_operator to None, run_after=None
[2023-06-28T14:27:25.574+0000] {processor.py:179} INFO - Processing /home/airflow/.local/lib/python3.7/site-packages/airflow/example_dags/example_python_operator.py took 0.180 seconds
[2023-06-28T14:27:55.823+0000] {processor.py:157} INFO - Started process (PID=1373) to work on /home/airflow/.local/lib/python3.7/site-packages/airflow/example_dags/example_python_operator.py
[2023-06-28T14:27:55.825+0000] {processor.py:826} INFO - Processing file /home/airflow/.local/lib/python3.7/site-packages/airflow/example_dags/example_python_operator.py for tasks to queue
[2023-06-28T14:27:55.826+0000] {logging_mixin.py:149} INFO - [2023-06-28T14:27:55.826+0000] {dagbag.py:541} INFO - Filling up the DagBag from /home/airflow/.local/lib/python3.7/site-packages/airflow/example_dags/example_python_operator.py
[2023-06-28T14:27:55.840+0000] {processor.py:836} INFO - DAG(s) dict_keys(['example_python_operator']) retrieved from /home/airflow/.local/lib/python3.7/site-packages/airflow/example_dags/example_python_operator.py
[2023-06-28T14:27:55.882+0000] {logging_mixin.py:149} INFO - [2023-06-28T14:27:55.882+0000] {dag.py:2726} INFO - Sync 1 DAGs
[2023-06-28T14:27:55.915+0000] {logging_mixin.py:149} INFO - [2023-06-28T14:27:55.915+0000] {dag.py:3490} INFO - Setting next_dagrun for example_python_operator to None, run_after=None
[2023-06-28T14:27:55.950+0000] {processor.py:179} INFO - Processing /home/airflow/.local/lib/python3.7/site-packages/airflow/example_dags/example_python_operator.py took 0.131 seconds
[2023-06-28T14:28:26.067+0000] {processor.py:157} INFO - Started process (PID=1431) to work on /home/airflow/.local/lib/python3.7/site-packages/airflow/example_dags/example_python_operator.py
[2023-06-28T14:28:26.069+0000] {processor.py:826} INFO - Processing file /home/airflow/.local/lib/python3.7/site-packages/airflow/example_dags/example_python_operator.py for tasks to queue
[2023-06-28T14:28:26.070+0000] {logging_mixin.py:149} INFO - [2023-06-28T14:28:26.070+0000] {dagbag.py:541} INFO - Filling up the DagBag from /home/airflow/.local/lib/python3.7/site-packages/airflow/example_dags/example_python_operator.py
[2023-06-28T14:28:26.086+0000] {processor.py:836} INFO - DAG(s) dict_keys(['example_python_operator']) retrieved from /home/airflow/.local/lib/python3.7/site-packages/airflow/example_dags/example_python_operator.py
[2023-06-28T14:28:26.130+0000] {logging_mixin.py:149} INFO - [2023-06-28T14:28:26.129+0000] {dag.py:2726} INFO - Sync 1 DAGs
[2023-06-28T14:28:26.168+0000] {logging_mixin.py:149} INFO - [2023-06-28T14:28:26.168+0000] {dag.py:3490} INFO - Setting next_dagrun for example_python_operator to None, run_after=None
[2023-06-28T14:28:26.210+0000] {processor.py:179} INFO - Processing /home/airflow/.local/lib/python3.7/site-packages/airflow/example_dags/example_python_operator.py took 0.148 seconds
[2023-06-28T14:28:56.887+0000] {processor.py:157} INFO - Started process (PID=1491) to work on /home/airflow/.local/lib/python3.7/site-packages/airflow/example_dags/example_python_operator.py
[2023-06-28T14:28:56.888+0000] {processor.py:826} INFO - Processing file /home/airflow/.local/lib/python3.7/site-packages/airflow/example_dags/example_python_operator.py for tasks to queue
[2023-06-28T14:28:56.890+0000] {logging_mixin.py:149} INFO - [2023-06-28T14:28:56.889+0000] {dagbag.py:541} INFO - Filling up the DagBag from /home/airflow/.local/lib/python3.7/site-packages/airflow/example_dags/example_python_operator.py
[2023-06-28T14:28:56.910+0000] {processor.py:836} INFO - DAG(s) dict_keys(['example_python_operator']) retrieved from /home/airflow/.local/lib/python3.7/site-packages/airflow/example_dags/example_python_operator.py
[2023-06-28T14:28:56.954+0000] {logging_mixin.py:149} INFO - [2023-06-28T14:28:56.953+0000] {dag.py:2726} INFO - Sync 1 DAGs
[2023-06-28T14:28:56.998+0000] {logging_mixin.py:149} INFO - [2023-06-28T14:28:56.998+0000] {dag.py:3490} INFO - Setting next_dagrun for example_python_operator to None, run_after=None
[2023-06-28T14:28:57.043+0000] {processor.py:179} INFO - Processing /home/airflow/.local/lib/python3.7/site-packages/airflow/example_dags/example_python_operator.py took 0.163 seconds
[2023-06-28T14:29:27.406+0000] {processor.py:157} INFO - Started process (PID=1551) to work on /home/airflow/.local/lib/python3.7/site-packages/airflow/example_dags/example_python_operator.py
[2023-06-28T14:29:27.408+0000] {processor.py:826} INFO - Processing file /home/airflow/.local/lib/python3.7/site-packages/airflow/example_dags/example_python_operator.py for tasks to queue
[2023-06-28T14:29:27.409+0000] {logging_mixin.py:149} INFO - [2023-06-28T14:29:27.409+0000] {dagbag.py:541} INFO - Filling up the DagBag from /home/airflow/.local/lib/python3.7/site-packages/airflow/example_dags/example_python_operator.py
[2023-06-28T14:29:27.423+0000] {processor.py:836} INFO - DAG(s) dict_keys(['example_python_operator']) retrieved from /home/airflow/.local/lib/python3.7/site-packages/airflow/example_dags/example_python_operator.py
[2023-06-28T14:29:27.466+0000] {logging_mixin.py:149} INFO - [2023-06-28T14:29:27.466+0000] {dag.py:2726} INFO - Sync 1 DAGs
[2023-06-28T14:29:27.502+0000] {logging_mixin.py:149} INFO - [2023-06-28T14:29:27.502+0000] {dag.py:3490} INFO - Setting next_dagrun for example_python_operator to None, run_after=None
[2023-06-28T14:29:27.540+0000] {processor.py:179} INFO - Processing /home/airflow/.local/lib/python3.7/site-packages/airflow/example_dags/example_python_operator.py took 0.138 seconds
[2023-06-28T14:29:57.974+0000] {processor.py:157} INFO - Started process (PID=1610) to work on /home/airflow/.local/lib/python3.7/site-packages/airflow/example_dags/example_python_operator.py
[2023-06-28T14:29:57.976+0000] {processor.py:826} INFO - Processing file /home/airflow/.local/lib/python3.7/site-packages/airflow/example_dags/example_python_operator.py for tasks to queue
[2023-06-28T14:29:57.977+0000] {logging_mixin.py:149} INFO - [2023-06-28T14:29:57.977+0000] {dagbag.py:541} INFO - Filling up the DagBag from /home/airflow/.local/lib/python3.7/site-packages/airflow/example_dags/example_python_operator.py
[2023-06-28T14:29:57.995+0000] {processor.py:836} INFO - DAG(s) dict_keys(['example_python_operator']) retrieved from /home/airflow/.local/lib/python3.7/site-packages/airflow/example_dags/example_python_operator.py
[2023-06-28T14:29:58.036+0000] {logging_mixin.py:149} INFO - [2023-06-28T14:29:58.036+0000] {dag.py:2726} INFO - Sync 1 DAGs
[2023-06-28T14:29:58.079+0000] {logging_mixin.py:149} INFO - [2023-06-28T14:29:58.079+0000] {dag.py:3490} INFO - Setting next_dagrun for example_python_operator to None, run_after=None
[2023-06-28T14:29:58.111+0000] {processor.py:179} INFO - Processing /home/airflow/.local/lib/python3.7/site-packages/airflow/example_dags/example_python_operator.py took 0.141 seconds
[2023-06-28T14:30:28.526+0000] {processor.py:157} INFO - Started process (PID=1669) to work on /home/airflow/.local/lib/python3.7/site-packages/airflow/example_dags/example_python_operator.py
[2023-06-28T14:30:28.528+0000] {processor.py:826} INFO - Processing file /home/airflow/.local/lib/python3.7/site-packages/airflow/example_dags/example_python_operator.py for tasks to queue
[2023-06-28T14:30:28.529+0000] {logging_mixin.py:149} INFO - [2023-06-28T14:30:28.529+0000] {dagbag.py:541} INFO - Filling up the DagBag from /home/airflow/.local/lib/python3.7/site-packages/airflow/example_dags/example_python_operator.py
[2023-06-28T14:30:28.544+0000] {processor.py:836} INFO - DAG(s) dict_keys(['example_python_operator']) retrieved from /home/airflow/.local/lib/python3.7/site-packages/airflow/example_dags/example_python_operator.py
[2023-06-28T14:30:28.585+0000] {logging_mixin.py:149} INFO - [2023-06-28T14:30:28.585+0000] {dag.py:2726} INFO - Sync 1 DAGs
[2023-06-28T14:30:28.623+0000] {logging_mixin.py:149} INFO - [2023-06-28T14:30:28.623+0000] {dag.py:3490} INFO - Setting next_dagrun for example_python_operator to None, run_after=None
[2023-06-28T14:30:28.659+0000] {processor.py:179} INFO - Processing /home/airflow/.local/lib/python3.7/site-packages/airflow/example_dags/example_python_operator.py took 0.139 seconds
[2023-06-28T14:30:59.216+0000] {processor.py:157} INFO - Started process (PID=1728) to work on /home/airflow/.local/lib/python3.7/site-packages/airflow/example_dags/example_python_operator.py
[2023-06-28T14:30:59.218+0000] {processor.py:826} INFO - Processing file /home/airflow/.local/lib/python3.7/site-packages/airflow/example_dags/example_python_operator.py for tasks to queue
[2023-06-28T14:30:59.219+0000] {logging_mixin.py:149} INFO - [2023-06-28T14:30:59.219+0000] {dagbag.py:541} INFO - Filling up the DagBag from /home/airflow/.local/lib/python3.7/site-packages/airflow/example_dags/example_python_operator.py
[2023-06-28T14:30:59.233+0000] {processor.py:836} INFO - DAG(s) dict_keys(['example_python_operator']) retrieved from /home/airflow/.local/lib/python3.7/site-packages/airflow/example_dags/example_python_operator.py
[2023-06-28T14:30:59.272+0000] {logging_mixin.py:149} INFO - [2023-06-28T14:30:59.272+0000] {dag.py:2726} INFO - Sync 1 DAGs
[2023-06-28T14:30:59.310+0000] {logging_mixin.py:149} INFO - [2023-06-28T14:30:59.310+0000] {dag.py:3490} INFO - Setting next_dagrun for example_python_operator to None, run_after=None
[2023-06-28T14:30:59.343+0000] {processor.py:179} INFO - Processing /home/airflow/.local/lib/python3.7/site-packages/airflow/example_dags/example_python_operator.py took 0.132 seconds
[2023-06-28T14:31:29.416+0000] {processor.py:157} INFO - Started process (PID=1788) to work on /home/airflow/.local/lib/python3.7/site-packages/airflow/example_dags/example_python_operator.py
[2023-06-28T14:31:29.418+0000] {processor.py:826} INFO - Processing file /home/airflow/.local/lib/python3.7/site-packages/airflow/example_dags/example_python_operator.py for tasks to queue
[2023-06-28T14:31:29.420+0000] {logging_mixin.py:149} INFO - [2023-06-28T14:31:29.419+0000] {dagbag.py:541} INFO - Filling up the DagBag from /home/airflow/.local/lib/python3.7/site-packages/airflow/example_dags/example_python_operator.py
[2023-06-28T14:31:29.440+0000] {processor.py:836} INFO - DAG(s) dict_keys(['example_python_operator']) retrieved from /home/airflow/.local/lib/python3.7/site-packages/airflow/example_dags/example_python_operator.py
[2023-06-28T14:31:29.483+0000] {logging_mixin.py:149} INFO - [2023-06-28T14:31:29.482+0000] {dag.py:2726} INFO - Sync 1 DAGs
[2023-06-28T14:31:29.524+0000] {logging_mixin.py:149} INFO - [2023-06-28T14:31:29.524+0000] {dag.py:3490} INFO - Setting next_dagrun for example_python_operator to None, run_after=None
[2023-06-28T14:31:29.559+0000] {processor.py:179} INFO - Processing /home/airflow/.local/lib/python3.7/site-packages/airflow/example_dags/example_python_operator.py took 0.149 seconds
[2023-06-28T14:31:59.684+0000] {processor.py:157} INFO - Started process (PID=1846) to work on /home/airflow/.local/lib/python3.7/site-packages/airflow/example_dags/example_python_operator.py
[2023-06-28T14:31:59.686+0000] {processor.py:826} INFO - Processing file /home/airflow/.local/lib/python3.7/site-packages/airflow/example_dags/example_python_operator.py for tasks to queue
[2023-06-28T14:31:59.687+0000] {logging_mixin.py:149} INFO - [2023-06-28T14:31:59.687+0000] {dagbag.py:541} INFO - Filling up the DagBag from /home/airflow/.local/lib/python3.7/site-packages/airflow/example_dags/example_python_operator.py
[2023-06-28T14:31:59.701+0000] {processor.py:836} INFO - DAG(s) dict_keys(['example_python_operator']) retrieved from /home/airflow/.local/lib/python3.7/site-packages/airflow/example_dags/example_python_operator.py
[2023-06-28T14:31:59.738+0000] {logging_mixin.py:149} INFO - [2023-06-28T14:31:59.738+0000] {dag.py:2726} INFO - Sync 1 DAGs
[2023-06-28T14:31:59.772+0000] {logging_mixin.py:149} INFO - [2023-06-28T14:31:59.771+0000] {dag.py:3490} INFO - Setting next_dagrun for example_python_operator to None, run_after=None
[2023-06-28T14:31:59.804+0000] {processor.py:179} INFO - Processing /home/airflow/.local/lib/python3.7/site-packages/airflow/example_dags/example_python_operator.py took 0.124 seconds
[2023-06-28T14:32:30.043+0000] {processor.py:157} INFO - Started process (PID=1904) to work on /home/airflow/.local/lib/python3.7/site-packages/airflow/example_dags/example_python_operator.py
[2023-06-28T14:32:30.045+0000] {processor.py:826} INFO - Processing file /home/airflow/.local/lib/python3.7/site-packages/airflow/example_dags/example_python_operator.py for tasks to queue
[2023-06-28T14:32:30.046+0000] {logging_mixin.py:149} INFO - [2023-06-28T14:32:30.046+0000] {dagbag.py:541} INFO - Filling up the DagBag from /home/airflow/.local/lib/python3.7/site-packages/airflow/example_dags/example_python_operator.py
[2023-06-28T14:32:30.062+0000] {processor.py:836} INFO - DAG(s) dict_keys(['example_python_operator']) retrieved from /home/airflow/.local/lib/python3.7/site-packages/airflow/example_dags/example_python_operator.py
[2023-06-28T14:32:30.104+0000] {logging_mixin.py:149} INFO - [2023-06-28T14:32:30.103+0000] {dag.py:2726} INFO - Sync 1 DAGs
[2023-06-28T14:32:30.148+0000] {logging_mixin.py:149} INFO - [2023-06-28T14:32:30.148+0000] {dag.py:3490} INFO - Setting next_dagrun for example_python_operator to None, run_after=None
[2023-06-28T14:32:30.193+0000] {processor.py:179} INFO - Processing /home/airflow/.local/lib/python3.7/site-packages/airflow/example_dags/example_python_operator.py took 0.156 seconds
[2023-06-28T14:33:01.087+0000] {processor.py:157} INFO - Started process (PID=1962) to work on /home/airflow/.local/lib/python3.7/site-packages/airflow/example_dags/example_python_operator.py
[2023-06-28T14:33:01.089+0000] {processor.py:826} INFO - Processing file /home/airflow/.local/lib/python3.7/site-packages/airflow/example_dags/example_python_operator.py for tasks to queue
[2023-06-28T14:33:01.093+0000] {logging_mixin.py:149} INFO - [2023-06-28T14:33:01.092+0000] {dagbag.py:541} INFO - Filling up the DagBag from /home/airflow/.local/lib/python3.7/site-packages/airflow/example_dags/example_python_operator.py
[2023-06-28T14:33:01.116+0000] {processor.py:836} INFO - DAG(s) dict_keys(['example_python_operator']) retrieved from /home/airflow/.local/lib/python3.7/site-packages/airflow/example_dags/example_python_operator.py
[2023-06-28T14:33:01.161+0000] {logging_mixin.py:149} INFO - [2023-06-28T14:33:01.160+0000] {dag.py:2726} INFO - Sync 1 DAGs
[2023-06-28T14:33:01.203+0000] {logging_mixin.py:149} INFO - [2023-06-28T14:33:01.202+0000] {dag.py:3490} INFO - Setting next_dagrun for example_python_operator to None, run_after=None
[2023-06-28T14:33:01.240+0000] {processor.py:179} INFO - Processing /home/airflow/.local/lib/python3.7/site-packages/airflow/example_dags/example_python_operator.py took 0.158 seconds
[2023-06-28T14:33:31.397+0000] {processor.py:157} INFO - Started process (PID=2021) to work on /home/airflow/.local/lib/python3.7/site-packages/airflow/example_dags/example_python_operator.py
[2023-06-28T14:33:31.408+0000] {processor.py:826} INFO - Processing file /home/airflow/.local/lib/python3.7/site-packages/airflow/example_dags/example_python_operator.py for tasks to queue
[2023-06-28T14:33:31.410+0000] {logging_mixin.py:149} INFO - [2023-06-28T14:33:31.410+0000] {dagbag.py:541} INFO - Filling up the DagBag from /home/airflow/.local/lib/python3.7/site-packages/airflow/example_dags/example_python_operator.py
[2023-06-28T14:33:31.433+0000] {processor.py:836} INFO - DAG(s) dict_keys(['example_python_operator']) retrieved from /home/airflow/.local/lib/python3.7/site-packages/airflow/example_dags/example_python_operator.py
[2023-06-28T14:33:31.511+0000] {logging_mixin.py:149} INFO - [2023-06-28T14:33:31.511+0000] {dag.py:2726} INFO - Sync 1 DAGs
[2023-06-28T14:33:31.625+0000] {logging_mixin.py:149} INFO - [2023-06-28T14:33:31.624+0000] {dag.py:3490} INFO - Setting next_dagrun for example_python_operator to None, run_after=None
[2023-06-28T14:33:31.691+0000] {processor.py:179} INFO - Processing /home/airflow/.local/lib/python3.7/site-packages/airflow/example_dags/example_python_operator.py took 0.299 seconds
[2023-06-28T14:34:01.896+0000] {processor.py:157} INFO - Started process (PID=2080) to work on /home/airflow/.local/lib/python3.7/site-packages/airflow/example_dags/example_python_operator.py
[2023-06-28T14:34:01.897+0000] {processor.py:826} INFO - Processing file /home/airflow/.local/lib/python3.7/site-packages/airflow/example_dags/example_python_operator.py for tasks to queue
[2023-06-28T14:34:01.899+0000] {logging_mixin.py:149} INFO - [2023-06-28T14:34:01.899+0000] {dagbag.py:541} INFO - Filling up the DagBag from /home/airflow/.local/lib/python3.7/site-packages/airflow/example_dags/example_python_operator.py
[2023-06-28T14:34:01.916+0000] {processor.py:836} INFO - DAG(s) dict_keys(['example_python_operator']) retrieved from /home/airflow/.local/lib/python3.7/site-packages/airflow/example_dags/example_python_operator.py
[2023-06-28T14:34:01.955+0000] {logging_mixin.py:149} INFO - [2023-06-28T14:34:01.955+0000] {dag.py:2726} INFO - Sync 1 DAGs
[2023-06-28T14:34:01.991+0000] {logging_mixin.py:149} INFO - [2023-06-28T14:34:01.991+0000] {dag.py:3490} INFO - Setting next_dagrun for example_python_operator to None, run_after=None
[2023-06-28T14:34:02.040+0000] {processor.py:179} INFO - Processing /home/airflow/.local/lib/python3.7/site-packages/airflow/example_dags/example_python_operator.py took 0.149 seconds
[2023-06-28T14:34:32.628+0000] {processor.py:157} INFO - Started process (PID=2139) to work on /home/airflow/.local/lib/python3.7/site-packages/airflow/example_dags/example_python_operator.py
[2023-06-28T14:34:32.630+0000] {processor.py:826} INFO - Processing file /home/airflow/.local/lib/python3.7/site-packages/airflow/example_dags/example_python_operator.py for tasks to queue
[2023-06-28T14:34:32.631+0000] {logging_mixin.py:149} INFO - [2023-06-28T14:34:32.631+0000] {dagbag.py:541} INFO - Filling up the DagBag from /home/airflow/.local/lib/python3.7/site-packages/airflow/example_dags/example_python_operator.py
[2023-06-28T14:34:32.646+0000] {processor.py:836} INFO - DAG(s) dict_keys(['example_python_operator']) retrieved from /home/airflow/.local/lib/python3.7/site-packages/airflow/example_dags/example_python_operator.py
[2023-06-28T14:34:32.685+0000] {logging_mixin.py:149} INFO - [2023-06-28T14:34:32.685+0000] {dag.py:2726} INFO - Sync 1 DAGs
[2023-06-28T14:34:32.729+0000] {logging_mixin.py:149} INFO - [2023-06-28T14:34:32.729+0000] {dag.py:3490} INFO - Setting next_dagrun for example_python_operator to None, run_after=None
[2023-06-28T14:34:32.764+0000] {processor.py:179} INFO - Processing /home/airflow/.local/lib/python3.7/site-packages/airflow/example_dags/example_python_operator.py took 0.140 seconds
[2023-06-28T14:35:02.826+0000] {processor.py:157} INFO - Started process (PID=2199) to work on /home/airflow/.local/lib/python3.7/site-packages/airflow/example_dags/example_python_operator.py
[2023-06-28T14:35:02.828+0000] {processor.py:826} INFO - Processing file /home/airflow/.local/lib/python3.7/site-packages/airflow/example_dags/example_python_operator.py for tasks to queue
[2023-06-28T14:35:02.829+0000] {logging_mixin.py:149} INFO - [2023-06-28T14:35:02.829+0000] {dagbag.py:541} INFO - Filling up the DagBag from /home/airflow/.local/lib/python3.7/site-packages/airflow/example_dags/example_python_operator.py
[2023-06-28T14:35:02.846+0000] {processor.py:836} INFO - DAG(s) dict_keys(['example_python_operator']) retrieved from /home/airflow/.local/lib/python3.7/site-packages/airflow/example_dags/example_python_operator.py
[2023-06-28T14:35:02.887+0000] {logging_mixin.py:149} INFO - [2023-06-28T14:35:02.887+0000] {dag.py:2726} INFO - Sync 1 DAGs
[2023-06-28T14:35:02.924+0000] {logging_mixin.py:149} INFO - [2023-06-28T14:35:02.923+0000] {dag.py:3490} INFO - Setting next_dagrun for example_python_operator to None, run_after=None
[2023-06-28T14:35:02.956+0000] {processor.py:179} INFO - Processing /home/airflow/.local/lib/python3.7/site-packages/airflow/example_dags/example_python_operator.py took 0.136 seconds
[2023-06-28T14:35:33.077+0000] {processor.py:157} INFO - Started process (PID=2253) to work on /home/airflow/.local/lib/python3.7/site-packages/airflow/example_dags/example_python_operator.py
[2023-06-28T14:35:33.078+0000] {processor.py:826} INFO - Processing file /home/airflow/.local/lib/python3.7/site-packages/airflow/example_dags/example_python_operator.py for tasks to queue
[2023-06-28T14:35:33.080+0000] {logging_mixin.py:149} INFO - [2023-06-28T14:35:33.080+0000] {dagbag.py:541} INFO - Filling up the DagBag from /home/airflow/.local/lib/python3.7/site-packages/airflow/example_dags/example_python_operator.py
[2023-06-28T14:35:33.098+0000] {processor.py:836} INFO - DAG(s) dict_keys(['example_python_operator']) retrieved from /home/airflow/.local/lib/python3.7/site-packages/airflow/example_dags/example_python_operator.py
[2023-06-28T14:35:33.142+0000] {logging_mixin.py:149} INFO - [2023-06-28T14:35:33.141+0000] {dag.py:2726} INFO - Sync 1 DAGs
[2023-06-28T14:35:33.186+0000] {logging_mixin.py:149} INFO - [2023-06-28T14:35:33.185+0000] {dag.py:3490} INFO - Setting next_dagrun for example_python_operator to None, run_after=None
[2023-06-28T14:35:33.226+0000] {processor.py:179} INFO - Processing /home/airflow/.local/lib/python3.7/site-packages/airflow/example_dags/example_python_operator.py took 0.154 seconds
[2023-06-28T14:36:03.411+0000] {processor.py:157} INFO - Started process (PID=2313) to work on /home/airflow/.local/lib/python3.7/site-packages/airflow/example_dags/example_python_operator.py
[2023-06-28T14:36:03.412+0000] {processor.py:826} INFO - Processing file /home/airflow/.local/lib/python3.7/site-packages/airflow/example_dags/example_python_operator.py for tasks to queue
[2023-06-28T14:36:03.414+0000] {logging_mixin.py:149} INFO - [2023-06-28T14:36:03.414+0000] {dagbag.py:541} INFO - Filling up the DagBag from /home/airflow/.local/lib/python3.7/site-packages/airflow/example_dags/example_python_operator.py
[2023-06-28T14:36:03.428+0000] {processor.py:836} INFO - DAG(s) dict_keys(['example_python_operator']) retrieved from /home/airflow/.local/lib/python3.7/site-packages/airflow/example_dags/example_python_operator.py
[2023-06-28T14:36:03.468+0000] {logging_mixin.py:149} INFO - [2023-06-28T14:36:03.468+0000] {dag.py:2726} INFO - Sync 1 DAGs
[2023-06-28T14:36:03.507+0000] {logging_mixin.py:149} INFO - [2023-06-28T14:36:03.507+0000] {dag.py:3490} INFO - Setting next_dagrun for example_python_operator to None, run_after=None
[2023-06-28T14:36:03.542+0000] {processor.py:179} INFO - Processing /home/airflow/.local/lib/python3.7/site-packages/airflow/example_dags/example_python_operator.py took 0.135 seconds
[2023-06-28T14:36:33.783+0000] {processor.py:157} INFO - Started process (PID=2372) to work on /home/airflow/.local/lib/python3.7/site-packages/airflow/example_dags/example_python_operator.py
[2023-06-28T14:36:33.785+0000] {processor.py:826} INFO - Processing file /home/airflow/.local/lib/python3.7/site-packages/airflow/example_dags/example_python_operator.py for tasks to queue
[2023-06-28T14:36:33.786+0000] {logging_mixin.py:149} INFO - [2023-06-28T14:36:33.786+0000] {dagbag.py:541} INFO - Filling up the DagBag from /home/airflow/.local/lib/python3.7/site-packages/airflow/example_dags/example_python_operator.py
[2023-06-28T14:36:33.800+0000] {processor.py:836} INFO - DAG(s) dict_keys(['example_python_operator']) retrieved from /home/airflow/.local/lib/python3.7/site-packages/airflow/example_dags/example_python_operator.py
[2023-06-28T14:36:33.841+0000] {logging_mixin.py:149} INFO - [2023-06-28T14:36:33.841+0000] {dag.py:2726} INFO - Sync 1 DAGs
[2023-06-28T14:36:33.882+0000] {logging_mixin.py:149} INFO - [2023-06-28T14:36:33.881+0000] {dag.py:3490} INFO - Setting next_dagrun for example_python_operator to None, run_after=None
[2023-06-28T14:36:33.931+0000] {processor.py:179} INFO - Processing /home/airflow/.local/lib/python3.7/site-packages/airflow/example_dags/example_python_operator.py took 0.152 seconds
[2023-06-28T14:37:04.227+0000] {processor.py:157} INFO - Started process (PID=2431) to work on /home/airflow/.local/lib/python3.7/site-packages/airflow/example_dags/example_python_operator.py
[2023-06-28T14:37:04.228+0000] {processor.py:826} INFO - Processing file /home/airflow/.local/lib/python3.7/site-packages/airflow/example_dags/example_python_operator.py for tasks to queue
[2023-06-28T14:37:04.230+0000] {logging_mixin.py:149} INFO - [2023-06-28T14:37:04.229+0000] {dagbag.py:541} INFO - Filling up the DagBag from /home/airflow/.local/lib/python3.7/site-packages/airflow/example_dags/example_python_operator.py
[2023-06-28T14:37:04.245+0000] {processor.py:836} INFO - DAG(s) dict_keys(['example_python_operator']) retrieved from /home/airflow/.local/lib/python3.7/site-packages/airflow/example_dags/example_python_operator.py
[2023-06-28T14:37:04.285+0000] {logging_mixin.py:149} INFO - [2023-06-28T14:37:04.285+0000] {dag.py:2726} INFO - Sync 1 DAGs
[2023-06-28T14:37:04.329+0000] {logging_mixin.py:149} INFO - [2023-06-28T14:37:04.328+0000] {dag.py:3490} INFO - Setting next_dagrun for example_python_operator to None, run_after=None
[2023-06-28T14:37:04.375+0000] {processor.py:179} INFO - Processing /home/airflow/.local/lib/python3.7/site-packages/airflow/example_dags/example_python_operator.py took 0.154 seconds
[2023-06-28T14:37:34.513+0000] {processor.py:157} INFO - Started process (PID=2490) to work on /home/airflow/.local/lib/python3.7/site-packages/airflow/example_dags/example_python_operator.py
[2023-06-28T14:37:34.514+0000] {processor.py:826} INFO - Processing file /home/airflow/.local/lib/python3.7/site-packages/airflow/example_dags/example_python_operator.py for tasks to queue
[2023-06-28T14:37:34.516+0000] {logging_mixin.py:149} INFO - [2023-06-28T14:37:34.516+0000] {dagbag.py:541} INFO - Filling up the DagBag from /home/airflow/.local/lib/python3.7/site-packages/airflow/example_dags/example_python_operator.py
[2023-06-28T14:37:34.535+0000] {processor.py:836} INFO - DAG(s) dict_keys(['example_python_operator']) retrieved from /home/airflow/.local/lib/python3.7/site-packages/airflow/example_dags/example_python_operator.py
[2023-06-28T14:37:34.572+0000] {logging_mixin.py:149} INFO - [2023-06-28T14:37:34.572+0000] {dag.py:2726} INFO - Sync 1 DAGs
[2023-06-28T14:37:34.615+0000] {logging_mixin.py:149} INFO - [2023-06-28T14:37:34.614+0000] {dag.py:3490} INFO - Setting next_dagrun for example_python_operator to None, run_after=None
[2023-06-28T14:37:34.649+0000] {processor.py:179} INFO - Processing /home/airflow/.local/lib/python3.7/site-packages/airflow/example_dags/example_python_operator.py took 0.139 seconds
[2023-06-28T14:38:04.867+0000] {processor.py:157} INFO - Started process (PID=2550) to work on /home/airflow/.local/lib/python3.7/site-packages/airflow/example_dags/example_python_operator.py
[2023-06-28T14:38:04.868+0000] {processor.py:826} INFO - Processing file /home/airflow/.local/lib/python3.7/site-packages/airflow/example_dags/example_python_operator.py for tasks to queue
[2023-06-28T14:38:04.870+0000] {logging_mixin.py:149} INFO - [2023-06-28T14:38:04.869+0000] {dagbag.py:541} INFO - Filling up the DagBag from /home/airflow/.local/lib/python3.7/site-packages/airflow/example_dags/example_python_operator.py
[2023-06-28T14:38:04.888+0000] {processor.py:836} INFO - DAG(s) dict_keys(['example_python_operator']) retrieved from /home/airflow/.local/lib/python3.7/site-packages/airflow/example_dags/example_python_operator.py
[2023-06-28T14:38:04.927+0000] {logging_mixin.py:149} INFO - [2023-06-28T14:38:04.927+0000] {dag.py:2726} INFO - Sync 1 DAGs
[2023-06-28T14:38:04.967+0000] {logging_mixin.py:149} INFO - [2023-06-28T14:38:04.967+0000] {dag.py:3490} INFO - Setting next_dagrun for example_python_operator to None, run_after=None
[2023-06-28T14:38:05.002+0000] {processor.py:179} INFO - Processing /home/airflow/.local/lib/python3.7/site-packages/airflow/example_dags/example_python_operator.py took 0.140 seconds
[2023-06-28T14:38:35.361+0000] {processor.py:157} INFO - Started process (PID=2609) to work on /home/airflow/.local/lib/python3.7/site-packages/airflow/example_dags/example_python_operator.py
[2023-06-28T14:38:35.363+0000] {processor.py:826} INFO - Processing file /home/airflow/.local/lib/python3.7/site-packages/airflow/example_dags/example_python_operator.py for tasks to queue
[2023-06-28T14:38:35.365+0000] {logging_mixin.py:149} INFO - [2023-06-28T14:38:35.364+0000] {dagbag.py:541} INFO - Filling up the DagBag from /home/airflow/.local/lib/python3.7/site-packages/airflow/example_dags/example_python_operator.py
[2023-06-28T14:38:35.386+0000] {processor.py:836} INFO - DAG(s) dict_keys(['example_python_operator']) retrieved from /home/airflow/.local/lib/python3.7/site-packages/airflow/example_dags/example_python_operator.py
[2023-06-28T14:38:35.442+0000] {logging_mixin.py:149} INFO - [2023-06-28T14:38:35.442+0000] {dag.py:2726} INFO - Sync 1 DAGs
[2023-06-28T14:38:35.500+0000] {logging_mixin.py:149} INFO - [2023-06-28T14:38:35.499+0000] {dag.py:3490} INFO - Setting next_dagrun for example_python_operator to None, run_after=None
[2023-06-28T14:38:35.552+0000] {processor.py:179} INFO - Processing /home/airflow/.local/lib/python3.7/site-packages/airflow/example_dags/example_python_operator.py took 0.197 seconds
[2023-06-28T14:39:05.859+0000] {processor.py:157} INFO - Started process (PID=2668) to work on /home/airflow/.local/lib/python3.7/site-packages/airflow/example_dags/example_python_operator.py
[2023-06-28T14:39:05.861+0000] {processor.py:826} INFO - Processing file /home/airflow/.local/lib/python3.7/site-packages/airflow/example_dags/example_python_operator.py for tasks to queue
[2023-06-28T14:39:05.862+0000] {logging_mixin.py:149} INFO - [2023-06-28T14:39:05.862+0000] {dagbag.py:541} INFO - Filling up the DagBag from /home/airflow/.local/lib/python3.7/site-packages/airflow/example_dags/example_python_operator.py
[2023-06-28T14:39:05.880+0000] {processor.py:836} INFO - DAG(s) dict_keys(['example_python_operator']) retrieved from /home/airflow/.local/lib/python3.7/site-packages/airflow/example_dags/example_python_operator.py
[2023-06-28T14:39:05.924+0000] {logging_mixin.py:149} INFO - [2023-06-28T14:39:05.924+0000] {dag.py:2726} INFO - Sync 1 DAGs
[2023-06-28T14:39:05.960+0000] {logging_mixin.py:149} INFO - [2023-06-28T14:39:05.960+0000] {dag.py:3490} INFO - Setting next_dagrun for example_python_operator to None, run_after=None
[2023-06-28T14:39:06.007+0000] {processor.py:179} INFO - Processing /home/airflow/.local/lib/python3.7/site-packages/airflow/example_dags/example_python_operator.py took 0.153 seconds
[2023-06-28T14:39:36.536+0000] {processor.py:157} INFO - Started process (PID=2727) to work on /home/airflow/.local/lib/python3.7/site-packages/airflow/example_dags/example_python_operator.py
[2023-06-28T14:39:36.538+0000] {processor.py:826} INFO - Processing file /home/airflow/.local/lib/python3.7/site-packages/airflow/example_dags/example_python_operator.py for tasks to queue
[2023-06-28T14:39:36.542+0000] {logging_mixin.py:149} INFO - [2023-06-28T14:39:36.542+0000] {dagbag.py:541} INFO - Filling up the DagBag from /home/airflow/.local/lib/python3.7/site-packages/airflow/example_dags/example_python_operator.py
[2023-06-28T14:39:36.569+0000] {processor.py:836} INFO - DAG(s) dict_keys(['example_python_operator']) retrieved from /home/airflow/.local/lib/python3.7/site-packages/airflow/example_dags/example_python_operator.py
[2023-06-28T14:39:36.649+0000] {logging_mixin.py:149} INFO - [2023-06-28T14:39:36.647+0000] {dag.py:2726} INFO - Sync 1 DAGs
[2023-06-28T14:39:36.711+0000] {logging_mixin.py:149} INFO - [2023-06-28T14:39:36.711+0000] {dag.py:3490} INFO - Setting next_dagrun for example_python_operator to None, run_after=None
[2023-06-28T14:39:36.785+0000] {processor.py:179} INFO - Processing /home/airflow/.local/lib/python3.7/site-packages/airflow/example_dags/example_python_operator.py took 0.256 seconds
[2023-06-28T14:40:07.028+0000] {processor.py:157} INFO - Started process (PID=2787) to work on /home/airflow/.local/lib/python3.7/site-packages/airflow/example_dags/example_python_operator.py
[2023-06-28T14:40:07.030+0000] {processor.py:826} INFO - Processing file /home/airflow/.local/lib/python3.7/site-packages/airflow/example_dags/example_python_operator.py for tasks to queue
[2023-06-28T14:40:07.032+0000] {logging_mixin.py:149} INFO - [2023-06-28T14:40:07.031+0000] {dagbag.py:541} INFO - Filling up the DagBag from /home/airflow/.local/lib/python3.7/site-packages/airflow/example_dags/example_python_operator.py
[2023-06-28T14:40:07.054+0000] {processor.py:836} INFO - DAG(s) dict_keys(['example_python_operator']) retrieved from /home/airflow/.local/lib/python3.7/site-packages/airflow/example_dags/example_python_operator.py
[2023-06-28T14:40:07.123+0000] {logging_mixin.py:149} INFO - [2023-06-28T14:40:07.123+0000] {dag.py:2726} INFO - Sync 1 DAGs
[2023-06-28T14:40:07.186+0000] {logging_mixin.py:149} INFO - [2023-06-28T14:40:07.186+0000] {dag.py:3490} INFO - Setting next_dagrun for example_python_operator to None, run_after=None
[2023-06-28T14:40:07.220+0000] {processor.py:179} INFO - Processing /home/airflow/.local/lib/python3.7/site-packages/airflow/example_dags/example_python_operator.py took 0.201 seconds
[2023-06-28T14:40:37.286+0000] {processor.py:157} INFO - Started process (PID=2847) to work on /home/airflow/.local/lib/python3.7/site-packages/airflow/example_dags/example_python_operator.py
[2023-06-28T14:40:37.287+0000] {processor.py:826} INFO - Processing file /home/airflow/.local/lib/python3.7/site-packages/airflow/example_dags/example_python_operator.py for tasks to queue
[2023-06-28T14:40:37.289+0000] {logging_mixin.py:149} INFO - [2023-06-28T14:40:37.289+0000] {dagbag.py:541} INFO - Filling up the DagBag from /home/airflow/.local/lib/python3.7/site-packages/airflow/example_dags/example_python_operator.py
[2023-06-28T14:40:37.307+0000] {processor.py:836} INFO - DAG(s) dict_keys(['example_python_operator']) retrieved from /home/airflow/.local/lib/python3.7/site-packages/airflow/example_dags/example_python_operator.py
[2023-06-28T14:40:37.359+0000] {logging_mixin.py:149} INFO - [2023-06-28T14:40:37.359+0000] {dag.py:2726} INFO - Sync 1 DAGs
[2023-06-28T14:40:37.402+0000] {logging_mixin.py:149} INFO - [2023-06-28T14:40:37.402+0000] {dag.py:3490} INFO - Setting next_dagrun for example_python_operator to None, run_after=None
[2023-06-28T14:40:37.455+0000] {processor.py:179} INFO - Processing /home/airflow/.local/lib/python3.7/site-packages/airflow/example_dags/example_python_operator.py took 0.175 seconds
[2023-06-28T14:41:07.740+0000] {processor.py:157} INFO - Started process (PID=2906) to work on /home/airflow/.local/lib/python3.7/site-packages/airflow/example_dags/example_python_operator.py
[2023-06-28T14:41:07.741+0000] {processor.py:826} INFO - Processing file /home/airflow/.local/lib/python3.7/site-packages/airflow/example_dags/example_python_operator.py for tasks to queue
[2023-06-28T14:41:07.743+0000] {logging_mixin.py:149} INFO - [2023-06-28T14:41:07.742+0000] {dagbag.py:541} INFO - Filling up the DagBag from /home/airflow/.local/lib/python3.7/site-packages/airflow/example_dags/example_python_operator.py
[2023-06-28T14:41:07.761+0000] {processor.py:836} INFO - DAG(s) dict_keys(['example_python_operator']) retrieved from /home/airflow/.local/lib/python3.7/site-packages/airflow/example_dags/example_python_operator.py
[2023-06-28T14:41:07.811+0000] {logging_mixin.py:149} INFO - [2023-06-28T14:41:07.810+0000] {dag.py:2726} INFO - Sync 1 DAGs
[2023-06-28T14:41:07.853+0000] {logging_mixin.py:149} INFO - [2023-06-28T14:41:07.853+0000] {dag.py:3490} INFO - Setting next_dagrun for example_python_operator to None, run_after=None
[2023-06-28T14:41:07.895+0000] {processor.py:179} INFO - Processing /home/airflow/.local/lib/python3.7/site-packages/airflow/example_dags/example_python_operator.py took 0.160 seconds
[2023-06-28T14:41:38.404+0000] {processor.py:157} INFO - Started process (PID=2966) to work on /home/airflow/.local/lib/python3.7/site-packages/airflow/example_dags/example_python_operator.py
[2023-06-28T14:41:38.406+0000] {processor.py:826} INFO - Processing file /home/airflow/.local/lib/python3.7/site-packages/airflow/example_dags/example_python_operator.py for tasks to queue
[2023-06-28T14:41:38.408+0000] {logging_mixin.py:149} INFO - [2023-06-28T14:41:38.408+0000] {dagbag.py:541} INFO - Filling up the DagBag from /home/airflow/.local/lib/python3.7/site-packages/airflow/example_dags/example_python_operator.py
[2023-06-28T14:41:38.426+0000] {processor.py:836} INFO - DAG(s) dict_keys(['example_python_operator']) retrieved from /home/airflow/.local/lib/python3.7/site-packages/airflow/example_dags/example_python_operator.py
[2023-06-28T14:41:38.470+0000] {logging_mixin.py:149} INFO - [2023-06-28T14:41:38.469+0000] {dag.py:2726} INFO - Sync 1 DAGs
[2023-06-28T14:41:38.515+0000] {logging_mixin.py:149} INFO - [2023-06-28T14:41:38.515+0000] {dag.py:3490} INFO - Setting next_dagrun for example_python_operator to None, run_after=None
[2023-06-28T14:41:38.561+0000] {processor.py:179} INFO - Processing /home/airflow/.local/lib/python3.7/site-packages/airflow/example_dags/example_python_operator.py took 0.165 seconds
[2023-06-28T14:42:08.633+0000] {processor.py:157} INFO - Started process (PID=3024) to work on /home/airflow/.local/lib/python3.7/site-packages/airflow/example_dags/example_python_operator.py
[2023-06-28T14:42:08.635+0000] {processor.py:826} INFO - Processing file /home/airflow/.local/lib/python3.7/site-packages/airflow/example_dags/example_python_operator.py for tasks to queue
[2023-06-28T14:42:08.636+0000] {logging_mixin.py:149} INFO - [2023-06-28T14:42:08.636+0000] {dagbag.py:541} INFO - Filling up the DagBag from /home/airflow/.local/lib/python3.7/site-packages/airflow/example_dags/example_python_operator.py
[2023-06-28T14:42:08.650+0000] {processor.py:836} INFO - DAG(s) dict_keys(['example_python_operator']) retrieved from /home/airflow/.local/lib/python3.7/site-packages/airflow/example_dags/example_python_operator.py
[2023-06-28T14:42:08.694+0000] {logging_mixin.py:149} INFO - [2023-06-28T14:42:08.694+0000] {dag.py:2726} INFO - Sync 1 DAGs
[2023-06-28T14:42:08.730+0000] {logging_mixin.py:149} INFO - [2023-06-28T14:42:08.730+0000] {dag.py:3490} INFO - Setting next_dagrun for example_python_operator to None, run_after=None
[2023-06-28T14:42:08.763+0000] {processor.py:179} INFO - Processing /home/airflow/.local/lib/python3.7/site-packages/airflow/example_dags/example_python_operator.py took 0.136 seconds
[2023-06-28T14:42:39.310+0000] {processor.py:157} INFO - Started process (PID=3083) to work on /home/airflow/.local/lib/python3.7/site-packages/airflow/example_dags/example_python_operator.py
[2023-06-28T14:42:39.312+0000] {processor.py:826} INFO - Processing file /home/airflow/.local/lib/python3.7/site-packages/airflow/example_dags/example_python_operator.py for tasks to queue
[2023-06-28T14:42:39.313+0000] {logging_mixin.py:149} INFO - [2023-06-28T14:42:39.313+0000] {dagbag.py:541} INFO - Filling up the DagBag from /home/airflow/.local/lib/python3.7/site-packages/airflow/example_dags/example_python_operator.py
[2023-06-28T14:42:39.328+0000] {processor.py:836} INFO - DAG(s) dict_keys(['example_python_operator']) retrieved from /home/airflow/.local/lib/python3.7/site-packages/airflow/example_dags/example_python_operator.py
[2023-06-28T14:42:39.372+0000] {logging_mixin.py:149} INFO - [2023-06-28T14:42:39.372+0000] {dag.py:2726} INFO - Sync 1 DAGs
[2023-06-28T14:42:39.409+0000] {logging_mixin.py:149} INFO - [2023-06-28T14:42:39.409+0000] {dag.py:3490} INFO - Setting next_dagrun for example_python_operator to None, run_after=None
[2023-06-28T14:42:39.457+0000] {processor.py:179} INFO - Processing /home/airflow/.local/lib/python3.7/site-packages/airflow/example_dags/example_python_operator.py took 0.152 seconds
[2023-06-28T14:43:09.591+0000] {processor.py:157} INFO - Started process (PID=3143) to work on /home/airflow/.local/lib/python3.7/site-packages/airflow/example_dags/example_python_operator.py
[2023-06-28T14:43:09.592+0000] {processor.py:826} INFO - Processing file /home/airflow/.local/lib/python3.7/site-packages/airflow/example_dags/example_python_operator.py for tasks to queue
[2023-06-28T14:43:09.594+0000] {logging_mixin.py:149} INFO - [2023-06-28T14:43:09.594+0000] {dagbag.py:541} INFO - Filling up the DagBag from /home/airflow/.local/lib/python3.7/site-packages/airflow/example_dags/example_python_operator.py
[2023-06-28T14:43:09.613+0000] {processor.py:836} INFO - DAG(s) dict_keys(['example_python_operator']) retrieved from /home/airflow/.local/lib/python3.7/site-packages/airflow/example_dags/example_python_operator.py
[2023-06-28T14:43:09.657+0000] {logging_mixin.py:149} INFO - [2023-06-28T14:43:09.657+0000] {dag.py:2726} INFO - Sync 1 DAGs
[2023-06-28T14:43:09.706+0000] {logging_mixin.py:149} INFO - [2023-06-28T14:43:09.706+0000] {dag.py:3490} INFO - Setting next_dagrun for example_python_operator to None, run_after=None
[2023-06-28T14:43:09.744+0000] {processor.py:179} INFO - Processing /home/airflow/.local/lib/python3.7/site-packages/airflow/example_dags/example_python_operator.py took 0.159 seconds
[2023-06-28T14:43:41.102+0000] {processor.py:157} INFO - Started process (PID=3202) to work on /home/airflow/.local/lib/python3.7/site-packages/airflow/example_dags/example_python_operator.py
[2023-06-28T14:43:41.107+0000] {processor.py:826} INFO - Processing file /home/airflow/.local/lib/python3.7/site-packages/airflow/example_dags/example_python_operator.py for tasks to queue
[2023-06-28T14:43:41.112+0000] {logging_mixin.py:149} INFO - [2023-06-28T14:43:41.112+0000] {dagbag.py:541} INFO - Filling up the DagBag from /home/airflow/.local/lib/python3.7/site-packages/airflow/example_dags/example_python_operator.py
[2023-06-28T14:43:41.167+0000] {processor.py:836} INFO - DAG(s) dict_keys(['example_python_operator']) retrieved from /home/airflow/.local/lib/python3.7/site-packages/airflow/example_dags/example_python_operator.py
[2023-06-28T14:43:41.271+0000] {logging_mixin.py:149} INFO - [2023-06-28T14:43:41.271+0000] {dag.py:2726} INFO - Sync 1 DAGs
[2023-06-28T14:43:41.463+0000] {logging_mixin.py:149} INFO - [2023-06-28T14:43:41.463+0000] {dag.py:3490} INFO - Setting next_dagrun for example_python_operator to None, run_after=None
[2023-06-28T14:43:41.588+0000] {processor.py:179} INFO - Processing /home/airflow/.local/lib/python3.7/site-packages/airflow/example_dags/example_python_operator.py took 0.494 seconds
[2023-06-28T14:44:12.858+0000] {processor.py:157} INFO - Started process (PID=3261) to work on /home/airflow/.local/lib/python3.7/site-packages/airflow/example_dags/example_python_operator.py
[2023-06-28T14:44:12.872+0000] {processor.py:826} INFO - Processing file /home/airflow/.local/lib/python3.7/site-packages/airflow/example_dags/example_python_operator.py for tasks to queue
[2023-06-28T14:44:12.875+0000] {logging_mixin.py:149} INFO - [2023-06-28T14:44:12.874+0000] {dagbag.py:541} INFO - Filling up the DagBag from /home/airflow/.local/lib/python3.7/site-packages/airflow/example_dags/example_python_operator.py
[2023-06-28T14:44:13.021+0000] {processor.py:836} INFO - DAG(s) dict_keys(['example_python_operator']) retrieved from /home/airflow/.local/lib/python3.7/site-packages/airflow/example_dags/example_python_operator.py
[2023-06-28T14:44:13.295+0000] {logging_mixin.py:149} INFO - [2023-06-28T14:44:13.295+0000] {dag.py:2726} INFO - Sync 1 DAGs
[2023-06-28T14:44:13.556+0000] {logging_mixin.py:149} INFO - [2023-06-28T14:44:13.556+0000] {dag.py:3490} INFO - Setting next_dagrun for example_python_operator to None, run_after=None
[2023-06-28T14:44:13.685+0000] {processor.py:179} INFO - Processing /home/airflow/.local/lib/python3.7/site-packages/airflow/example_dags/example_python_operator.py took 0.852 seconds
[2023-06-28T14:44:44.007+0000] {processor.py:157} INFO - Started process (PID=3320) to work on /home/airflow/.local/lib/python3.7/site-packages/airflow/example_dags/example_python_operator.py
[2023-06-28T14:44:44.020+0000] {processor.py:826} INFO - Processing file /home/airflow/.local/lib/python3.7/site-packages/airflow/example_dags/example_python_operator.py for tasks to queue
[2023-06-28T14:44:44.022+0000] {logging_mixin.py:149} INFO - [2023-06-28T14:44:44.022+0000] {dagbag.py:541} INFO - Filling up the DagBag from /home/airflow/.local/lib/python3.7/site-packages/airflow/example_dags/example_python_operator.py
[2023-06-28T14:44:44.106+0000] {processor.py:836} INFO - DAG(s) dict_keys(['example_python_operator']) retrieved from /home/airflow/.local/lib/python3.7/site-packages/airflow/example_dags/example_python_operator.py
[2023-06-28T14:44:44.259+0000] {logging_mixin.py:149} INFO - [2023-06-28T14:44:44.259+0000] {dag.py:2726} INFO - Sync 1 DAGs
[2023-06-28T14:44:44.419+0000] {logging_mixin.py:149} INFO - [2023-06-28T14:44:44.419+0000] {dag.py:3490} INFO - Setting next_dagrun for example_python_operator to None, run_after=None
[2023-06-28T14:44:44.530+0000] {processor.py:179} INFO - Processing /home/airflow/.local/lib/python3.7/site-packages/airflow/example_dags/example_python_operator.py took 0.541 seconds
[2023-06-28T14:45:15.355+0000] {processor.py:157} INFO - Started process (PID=3379) to work on /home/airflow/.local/lib/python3.7/site-packages/airflow/example_dags/example_python_operator.py
[2023-06-28T14:45:15.357+0000] {processor.py:826} INFO - Processing file /home/airflow/.local/lib/python3.7/site-packages/airflow/example_dags/example_python_operator.py for tasks to queue
[2023-06-28T14:45:15.361+0000] {logging_mixin.py:149} INFO - [2023-06-28T14:45:15.361+0000] {dagbag.py:541} INFO - Filling up the DagBag from /home/airflow/.local/lib/python3.7/site-packages/airflow/example_dags/example_python_operator.py
[2023-06-28T14:45:15.391+0000] {processor.py:836} INFO - DAG(s) dict_keys(['example_python_operator']) retrieved from /home/airflow/.local/lib/python3.7/site-packages/airflow/example_dags/example_python_operator.py
[2023-06-28T14:45:15.546+0000] {logging_mixin.py:149} INFO - [2023-06-28T14:45:15.545+0000] {dag.py:2726} INFO - Sync 1 DAGs
[2023-06-28T14:45:15.653+0000] {logging_mixin.py:149} INFO - [2023-06-28T14:45:15.653+0000] {dag.py:3490} INFO - Setting next_dagrun for example_python_operator to None, run_after=None
[2023-06-28T14:45:15.718+0000] {processor.py:179} INFO - Processing /home/airflow/.local/lib/python3.7/site-packages/airflow/example_dags/example_python_operator.py took 0.372 seconds
[2023-06-28T14:45:46.101+0000] {processor.py:157} INFO - Started process (PID=3440) to work on /home/airflow/.local/lib/python3.7/site-packages/airflow/example_dags/example_python_operator.py
[2023-06-28T14:45:46.102+0000] {processor.py:826} INFO - Processing file /home/airflow/.local/lib/python3.7/site-packages/airflow/example_dags/example_python_operator.py for tasks to queue
[2023-06-28T14:45:46.105+0000] {logging_mixin.py:149} INFO - [2023-06-28T14:45:46.104+0000] {dagbag.py:541} INFO - Filling up the DagBag from /home/airflow/.local/lib/python3.7/site-packages/airflow/example_dags/example_python_operator.py
[2023-06-28T14:45:46.136+0000] {processor.py:836} INFO - DAG(s) dict_keys(['example_python_operator']) retrieved from /home/airflow/.local/lib/python3.7/site-packages/airflow/example_dags/example_python_operator.py
[2023-06-28T14:45:46.200+0000] {logging_mixin.py:149} INFO - [2023-06-28T14:45:46.200+0000] {dag.py:2726} INFO - Sync 1 DAGs
[2023-06-28T14:45:46.279+0000] {logging_mixin.py:149} INFO - [2023-06-28T14:45:46.279+0000] {dag.py:3490} INFO - Setting next_dagrun for example_python_operator to None, run_after=None
[2023-06-28T14:45:46.318+0000] {processor.py:179} INFO - Processing /home/airflow/.local/lib/python3.7/site-packages/airflow/example_dags/example_python_operator.py took 0.223 seconds
[2023-06-28T14:46:16.905+0000] {processor.py:157} INFO - Started process (PID=3499) to work on /home/airflow/.local/lib/python3.7/site-packages/airflow/example_dags/example_python_operator.py
[2023-06-28T14:46:16.907+0000] {processor.py:826} INFO - Processing file /home/airflow/.local/lib/python3.7/site-packages/airflow/example_dags/example_python_operator.py for tasks to queue
[2023-06-28T14:46:16.920+0000] {logging_mixin.py:149} INFO - [2023-06-28T14:46:16.920+0000] {dagbag.py:541} INFO - Filling up the DagBag from /home/airflow/.local/lib/python3.7/site-packages/airflow/example_dags/example_python_operator.py
[2023-06-28T14:46:16.997+0000] {processor.py:836} INFO - DAG(s) dict_keys(['example_python_operator']) retrieved from /home/airflow/.local/lib/python3.7/site-packages/airflow/example_dags/example_python_operator.py
[2023-06-28T14:46:17.175+0000] {logging_mixin.py:149} INFO - [2023-06-28T14:46:17.163+0000] {dag.py:2726} INFO - Sync 1 DAGs
[2023-06-28T14:46:17.411+0000] {logging_mixin.py:149} INFO - [2023-06-28T14:46:17.411+0000] {dag.py:3490} INFO - Setting next_dagrun for example_python_operator to None, run_after=None
[2023-06-28T14:46:17.506+0000] {processor.py:179} INFO - Processing /home/airflow/.local/lib/python3.7/site-packages/airflow/example_dags/example_python_operator.py took 0.611 seconds
[2023-06-28T14:46:47.875+0000] {processor.py:157} INFO - Started process (PID=3558) to work on /home/airflow/.local/lib/python3.7/site-packages/airflow/example_dags/example_python_operator.py
[2023-06-28T14:46:47.878+0000] {processor.py:826} INFO - Processing file /home/airflow/.local/lib/python3.7/site-packages/airflow/example_dags/example_python_operator.py for tasks to queue
[2023-06-28T14:46:47.882+0000] {logging_mixin.py:149} INFO - [2023-06-28T14:46:47.882+0000] {dagbag.py:541} INFO - Filling up the DagBag from /home/airflow/.local/lib/python3.7/site-packages/airflow/example_dags/example_python_operator.py
[2023-06-28T14:46:47.906+0000] {processor.py:836} INFO - DAG(s) dict_keys(['example_python_operator']) retrieved from /home/airflow/.local/lib/python3.7/site-packages/airflow/example_dags/example_python_operator.py
[2023-06-28T14:46:47.988+0000] {logging_mixin.py:149} INFO - [2023-06-28T14:46:47.987+0000] {dag.py:2726} INFO - Sync 1 DAGs
[2023-06-28T14:46:48.066+0000] {logging_mixin.py:149} INFO - [2023-06-28T14:46:48.065+0000] {dag.py:3490} INFO - Setting next_dagrun for example_python_operator to None, run_after=None
[2023-06-28T14:46:48.141+0000] {processor.py:179} INFO - Processing /home/airflow/.local/lib/python3.7/site-packages/airflow/example_dags/example_python_operator.py took 0.271 seconds
[2023-06-28T14:47:18.517+0000] {processor.py:157} INFO - Started process (PID=3618) to work on /home/airflow/.local/lib/python3.7/site-packages/airflow/example_dags/example_python_operator.py
[2023-06-28T14:47:18.519+0000] {processor.py:826} INFO - Processing file /home/airflow/.local/lib/python3.7/site-packages/airflow/example_dags/example_python_operator.py for tasks to queue
[2023-06-28T14:47:18.520+0000] {logging_mixin.py:149} INFO - [2023-06-28T14:47:18.520+0000] {dagbag.py:541} INFO - Filling up the DagBag from /home/airflow/.local/lib/python3.7/site-packages/airflow/example_dags/example_python_operator.py
[2023-06-28T14:47:18.535+0000] {processor.py:836} INFO - DAG(s) dict_keys(['example_python_operator']) retrieved from /home/airflow/.local/lib/python3.7/site-packages/airflow/example_dags/example_python_operator.py
[2023-06-28T14:47:18.575+0000] {logging_mixin.py:149} INFO - [2023-06-28T14:47:18.574+0000] {dag.py:2726} INFO - Sync 1 DAGs
[2023-06-28T14:47:18.619+0000] {logging_mixin.py:149} INFO - [2023-06-28T14:47:18.619+0000] {dag.py:3490} INFO - Setting next_dagrun for example_python_operator to None, run_after=None
[2023-06-28T14:47:18.672+0000] {processor.py:179} INFO - Processing /home/airflow/.local/lib/python3.7/site-packages/airflow/example_dags/example_python_operator.py took 0.160 seconds
[2023-06-28T14:47:49.202+0000] {processor.py:157} INFO - Started process (PID=3677) to work on /home/airflow/.local/lib/python3.7/site-packages/airflow/example_dags/example_python_operator.py
[2023-06-28T14:47:49.204+0000] {processor.py:826} INFO - Processing file /home/airflow/.local/lib/python3.7/site-packages/airflow/example_dags/example_python_operator.py for tasks to queue
[2023-06-28T14:47:49.205+0000] {logging_mixin.py:149} INFO - [2023-06-28T14:47:49.205+0000] {dagbag.py:541} INFO - Filling up the DagBag from /home/airflow/.local/lib/python3.7/site-packages/airflow/example_dags/example_python_operator.py
[2023-06-28T14:47:49.234+0000] {processor.py:836} INFO - DAG(s) dict_keys(['example_python_operator']) retrieved from /home/airflow/.local/lib/python3.7/site-packages/airflow/example_dags/example_python_operator.py
[2023-06-28T14:47:49.458+0000] {logging_mixin.py:149} INFO - [2023-06-28T14:47:49.457+0000] {dag.py:2726} INFO - Sync 1 DAGs
[2023-06-28T14:47:49.599+0000] {logging_mixin.py:149} INFO - [2023-06-28T14:47:49.599+0000] {dag.py:3490} INFO - Setting next_dagrun for example_python_operator to None, run_after=None
[2023-06-28T14:47:49.662+0000] {processor.py:179} INFO - Processing /home/airflow/.local/lib/python3.7/site-packages/airflow/example_dags/example_python_operator.py took 0.464 seconds
