[2023-06-28T14:16:24.505+0000] {processor.py:157} INFO - Started process (PID=47) to work on /home/airflow/.local/lib/python3.7/site-packages/airflow/example_dags/example_branch_operator_decorator.py
[2023-06-28T14:16:24.522+0000] {processor.py:826} INFO - Processing file /home/airflow/.local/lib/python3.7/site-packages/airflow/example_dags/example_branch_operator_decorator.py for tasks to queue
[2023-06-28T14:16:24.537+0000] {logging_mixin.py:149} INFO - [2023-06-28T14:16:24.537+0000] {dagbag.py:541} INFO - Filling up the DagBag from /home/airflow/.local/lib/python3.7/site-packages/airflow/example_dags/example_branch_operator_decorator.py
[2023-06-28T14:16:24.614+0000] {processor.py:836} INFO - DAG(s) dict_keys(['example_branch_python_operator_decorator']) retrieved from /home/airflow/.local/lib/python3.7/site-packages/airflow/example_dags/example_branch_operator_decorator.py
[2023-06-28T14:16:24.860+0000] {logging_mixin.py:149} INFO - [2023-06-28T14:16:24.860+0000] {dag.py:2726} INFO - Sync 1 DAGs
[2023-06-28T14:16:25.429+0000] {logging_mixin.py:149} INFO - [2023-06-28T14:16:25.429+0000] {dag.py:3490} INFO - Setting next_dagrun for example_branch_python_operator_decorator to 2023-06-27T00:00:00+00:00, run_after=2023-06-28T00:00:00+00:00
[2023-06-28T14:16:25.735+0000] {processor.py:179} INFO - Processing /home/airflow/.local/lib/python3.7/site-packages/airflow/example_dags/example_branch_operator_decorator.py took 1.247 seconds
[2023-06-28T14:16:56.056+0000] {processor.py:157} INFO - Started process (PID=105) to work on /home/airflow/.local/lib/python3.7/site-packages/airflow/example_dags/example_branch_operator_decorator.py
[2023-06-28T14:16:56.063+0000] {processor.py:826} INFO - Processing file /home/airflow/.local/lib/python3.7/site-packages/airflow/example_dags/example_branch_operator_decorator.py for tasks to queue
[2023-06-28T14:16:56.107+0000] {logging_mixin.py:149} INFO - [2023-06-28T14:16:56.107+0000] {dagbag.py:541} INFO - Filling up the DagBag from /home/airflow/.local/lib/python3.7/site-packages/airflow/example_dags/example_branch_operator_decorator.py
[2023-06-28T14:16:56.253+0000] {processor.py:836} INFO - DAG(s) dict_keys(['example_branch_python_operator_decorator']) retrieved from /home/airflow/.local/lib/python3.7/site-packages/airflow/example_dags/example_branch_operator_decorator.py
[2023-06-28T14:16:56.623+0000] {logging_mixin.py:149} INFO - [2023-06-28T14:16:56.623+0000] {dag.py:2726} INFO - Sync 1 DAGs
[2023-06-28T14:16:56.986+0000] {logging_mixin.py:149} INFO - [2023-06-28T14:16:56.986+0000] {dag.py:3490} INFO - Setting next_dagrun for example_branch_python_operator_decorator to 2023-06-27T00:00:00+00:00, run_after=2023-06-28T00:00:00+00:00
[2023-06-28T14:16:57.292+0000] {processor.py:179} INFO - Processing /home/airflow/.local/lib/python3.7/site-packages/airflow/example_dags/example_branch_operator_decorator.py took 1.253 seconds
[2023-06-28T14:17:28.001+0000] {processor.py:157} INFO - Started process (PID=163) to work on /home/airflow/.local/lib/python3.7/site-packages/airflow/example_dags/example_branch_operator_decorator.py
[2023-06-28T14:17:28.003+0000] {processor.py:826} INFO - Processing file /home/airflow/.local/lib/python3.7/site-packages/airflow/example_dags/example_branch_operator_decorator.py for tasks to queue
[2023-06-28T14:17:28.005+0000] {logging_mixin.py:149} INFO - [2023-06-28T14:17:28.005+0000] {dagbag.py:541} INFO - Filling up the DagBag from /home/airflow/.local/lib/python3.7/site-packages/airflow/example_dags/example_branch_operator_decorator.py
[2023-06-28T14:17:28.047+0000] {processor.py:836} INFO - DAG(s) dict_keys(['example_branch_python_operator_decorator']) retrieved from /home/airflow/.local/lib/python3.7/site-packages/airflow/example_dags/example_branch_operator_decorator.py
[2023-06-28T14:17:28.170+0000] {logging_mixin.py:149} INFO - [2023-06-28T14:17:28.169+0000] {dag.py:2726} INFO - Sync 1 DAGs
[2023-06-28T14:17:28.392+0000] {logging_mixin.py:149} INFO - [2023-06-28T14:17:28.391+0000] {dag.py:3490} INFO - Setting next_dagrun for example_branch_python_operator_decorator to 2023-06-27T00:00:00+00:00, run_after=2023-06-28T00:00:00+00:00
[2023-06-28T14:17:28.500+0000] {processor.py:179} INFO - Processing /home/airflow/.local/lib/python3.7/site-packages/airflow/example_dags/example_branch_operator_decorator.py took 0.508 seconds
[2023-06-28T14:17:58.646+0000] {processor.py:157} INFO - Started process (PID=222) to work on /home/airflow/.local/lib/python3.7/site-packages/airflow/example_dags/example_branch_operator_decorator.py
[2023-06-28T14:17:58.648+0000] {processor.py:826} INFO - Processing file /home/airflow/.local/lib/python3.7/site-packages/airflow/example_dags/example_branch_operator_decorator.py for tasks to queue
[2023-06-28T14:17:58.650+0000] {logging_mixin.py:149} INFO - [2023-06-28T14:17:58.650+0000] {dagbag.py:541} INFO - Filling up the DagBag from /home/airflow/.local/lib/python3.7/site-packages/airflow/example_dags/example_branch_operator_decorator.py
[2023-06-28T14:17:58.673+0000] {processor.py:836} INFO - DAG(s) dict_keys(['example_branch_python_operator_decorator']) retrieved from /home/airflow/.local/lib/python3.7/site-packages/airflow/example_dags/example_branch_operator_decorator.py
[2023-06-28T14:17:58.752+0000] {logging_mixin.py:149} INFO - [2023-06-28T14:17:58.752+0000] {dag.py:2726} INFO - Sync 1 DAGs
[2023-06-28T14:17:58.850+0000] {logging_mixin.py:149} INFO - [2023-06-28T14:17:58.849+0000] {dag.py:3490} INFO - Setting next_dagrun for example_branch_python_operator_decorator to 2023-06-27T00:00:00+00:00, run_after=2023-06-28T00:00:00+00:00
[2023-06-28T14:17:58.933+0000] {processor.py:179} INFO - Processing /home/airflow/.local/lib/python3.7/site-packages/airflow/example_dags/example_branch_operator_decorator.py took 0.295 seconds
[2023-06-28T14:18:29.223+0000] {processor.py:157} INFO - Started process (PID=281) to work on /home/airflow/.local/lib/python3.7/site-packages/airflow/example_dags/example_branch_operator_decorator.py
[2023-06-28T14:18:29.224+0000] {processor.py:826} INFO - Processing file /home/airflow/.local/lib/python3.7/site-packages/airflow/example_dags/example_branch_operator_decorator.py for tasks to queue
[2023-06-28T14:18:29.226+0000] {logging_mixin.py:149} INFO - [2023-06-28T14:18:29.225+0000] {dagbag.py:541} INFO - Filling up the DagBag from /home/airflow/.local/lib/python3.7/site-packages/airflow/example_dags/example_branch_operator_decorator.py
[2023-06-28T14:18:29.238+0000] {processor.py:836} INFO - DAG(s) dict_keys(['example_branch_python_operator_decorator']) retrieved from /home/airflow/.local/lib/python3.7/site-packages/airflow/example_dags/example_branch_operator_decorator.py
[2023-06-28T14:18:29.272+0000] {logging_mixin.py:149} INFO - [2023-06-28T14:18:29.272+0000] {dag.py:2726} INFO - Sync 1 DAGs
[2023-06-28T14:18:29.312+0000] {logging_mixin.py:149} INFO - [2023-06-28T14:18:29.311+0000] {dag.py:3490} INFO - Setting next_dagrun for example_branch_python_operator_decorator to 2023-06-27T00:00:00+00:00, run_after=2023-06-28T00:00:00+00:00
[2023-06-28T14:18:29.357+0000] {processor.py:179} INFO - Processing /home/airflow/.local/lib/python3.7/site-packages/airflow/example_dags/example_branch_operator_decorator.py took 0.138 seconds
[2023-06-28T14:18:59.404+0000] {processor.py:157} INFO - Started process (PID=339) to work on /home/airflow/.local/lib/python3.7/site-packages/airflow/example_dags/example_branch_operator_decorator.py
[2023-06-28T14:18:59.406+0000] {processor.py:826} INFO - Processing file /home/airflow/.local/lib/python3.7/site-packages/airflow/example_dags/example_branch_operator_decorator.py for tasks to queue
[2023-06-28T14:18:59.407+0000] {logging_mixin.py:149} INFO - [2023-06-28T14:18:59.406+0000] {dagbag.py:541} INFO - Filling up the DagBag from /home/airflow/.local/lib/python3.7/site-packages/airflow/example_dags/example_branch_operator_decorator.py
[2023-06-28T14:18:59.423+0000] {processor.py:836} INFO - DAG(s) dict_keys(['example_branch_python_operator_decorator']) retrieved from /home/airflow/.local/lib/python3.7/site-packages/airflow/example_dags/example_branch_operator_decorator.py
[2023-06-28T14:18:59.495+0000] {logging_mixin.py:149} INFO - [2023-06-28T14:18:59.495+0000] {dag.py:2726} INFO - Sync 1 DAGs
[2023-06-28T14:18:59.577+0000] {logging_mixin.py:149} INFO - [2023-06-28T14:18:59.576+0000] {dag.py:3490} INFO - Setting next_dagrun for example_branch_python_operator_decorator to 2023-06-27T00:00:00+00:00, run_after=2023-06-28T00:00:00+00:00
[2023-06-28T14:18:59.653+0000] {processor.py:179} INFO - Processing /home/airflow/.local/lib/python3.7/site-packages/airflow/example_dags/example_branch_operator_decorator.py took 0.253 seconds
[2023-06-28T14:19:30.381+0000] {processor.py:157} INFO - Started process (PID=398) to work on /home/airflow/.local/lib/python3.7/site-packages/airflow/example_dags/example_branch_operator_decorator.py
[2023-06-28T14:19:30.387+0000] {processor.py:826} INFO - Processing file /home/airflow/.local/lib/python3.7/site-packages/airflow/example_dags/example_branch_operator_decorator.py for tasks to queue
[2023-06-28T14:19:30.390+0000] {logging_mixin.py:149} INFO - [2023-06-28T14:19:30.389+0000] {dagbag.py:541} INFO - Filling up the DagBag from /home/airflow/.local/lib/python3.7/site-packages/airflow/example_dags/example_branch_operator_decorator.py
[2023-06-28T14:19:30.409+0000] {processor.py:836} INFO - DAG(s) dict_keys(['example_branch_python_operator_decorator']) retrieved from /home/airflow/.local/lib/python3.7/site-packages/airflow/example_dags/example_branch_operator_decorator.py
[2023-06-28T14:19:30.475+0000] {logging_mixin.py:149} INFO - [2023-06-28T14:19:30.474+0000] {dag.py:2726} INFO - Sync 1 DAGs
[2023-06-28T14:19:30.511+0000] {logging_mixin.py:149} INFO - [2023-06-28T14:19:30.511+0000] {dag.py:3490} INFO - Setting next_dagrun for example_branch_python_operator_decorator to 2023-06-27T00:00:00+00:00, run_after=2023-06-28T00:00:00+00:00
[2023-06-28T14:19:30.541+0000] {processor.py:179} INFO - Processing /home/airflow/.local/lib/python3.7/site-packages/airflow/example_dags/example_branch_operator_decorator.py took 0.166 seconds
[2023-06-28T14:20:01.368+0000] {processor.py:157} INFO - Started process (PID=457) to work on /home/airflow/.local/lib/python3.7/site-packages/airflow/example_dags/example_branch_operator_decorator.py
[2023-06-28T14:20:01.371+0000] {processor.py:826} INFO - Processing file /home/airflow/.local/lib/python3.7/site-packages/airflow/example_dags/example_branch_operator_decorator.py for tasks to queue
[2023-06-28T14:20:01.372+0000] {logging_mixin.py:149} INFO - [2023-06-28T14:20:01.372+0000] {dagbag.py:541} INFO - Filling up the DagBag from /home/airflow/.local/lib/python3.7/site-packages/airflow/example_dags/example_branch_operator_decorator.py
[2023-06-28T14:20:01.394+0000] {processor.py:836} INFO - DAG(s) dict_keys(['example_branch_python_operator_decorator']) retrieved from /home/airflow/.local/lib/python3.7/site-packages/airflow/example_dags/example_branch_operator_decorator.py
[2023-06-28T14:20:01.449+0000] {logging_mixin.py:149} INFO - [2023-06-28T14:20:01.449+0000] {dag.py:2726} INFO - Sync 1 DAGs
[2023-06-28T14:20:01.517+0000] {logging_mixin.py:149} INFO - [2023-06-28T14:20:01.517+0000] {dag.py:3490} INFO - Setting next_dagrun for example_branch_python_operator_decorator to 2023-06-27T00:00:00+00:00, run_after=2023-06-28T00:00:00+00:00
[2023-06-28T14:20:01.566+0000] {processor.py:179} INFO - Processing /home/airflow/.local/lib/python3.7/site-packages/airflow/example_dags/example_branch_operator_decorator.py took 0.205 seconds
[2023-06-28T14:20:32.132+0000] {processor.py:157} INFO - Started process (PID=516) to work on /home/airflow/.local/lib/python3.7/site-packages/airflow/example_dags/example_branch_operator_decorator.py
[2023-06-28T14:20:32.134+0000] {processor.py:826} INFO - Processing file /home/airflow/.local/lib/python3.7/site-packages/airflow/example_dags/example_branch_operator_decorator.py for tasks to queue
[2023-06-28T14:20:32.136+0000] {logging_mixin.py:149} INFO - [2023-06-28T14:20:32.135+0000] {dagbag.py:541} INFO - Filling up the DagBag from /home/airflow/.local/lib/python3.7/site-packages/airflow/example_dags/example_branch_operator_decorator.py
[2023-06-28T14:20:32.157+0000] {processor.py:836} INFO - DAG(s) dict_keys(['example_branch_python_operator_decorator']) retrieved from /home/airflow/.local/lib/python3.7/site-packages/airflow/example_dags/example_branch_operator_decorator.py
[2023-06-28T14:20:32.206+0000] {logging_mixin.py:149} INFO - [2023-06-28T14:20:32.206+0000] {dag.py:2726} INFO - Sync 1 DAGs
[2023-06-28T14:20:32.257+0000] {logging_mixin.py:149} INFO - [2023-06-28T14:20:32.257+0000] {dag.py:3490} INFO - Setting next_dagrun for example_branch_python_operator_decorator to 2023-06-27T00:00:00+00:00, run_after=2023-06-28T00:00:00+00:00
[2023-06-28T14:20:32.296+0000] {processor.py:179} INFO - Processing /home/airflow/.local/lib/python3.7/site-packages/airflow/example_dags/example_branch_operator_decorator.py took 0.169 seconds
[2023-06-28T14:21:02.435+0000] {processor.py:157} INFO - Started process (PID=575) to work on /home/airflow/.local/lib/python3.7/site-packages/airflow/example_dags/example_branch_operator_decorator.py
[2023-06-28T14:21:02.436+0000] {processor.py:826} INFO - Processing file /home/airflow/.local/lib/python3.7/site-packages/airflow/example_dags/example_branch_operator_decorator.py for tasks to queue
[2023-06-28T14:21:02.437+0000] {logging_mixin.py:149} INFO - [2023-06-28T14:21:02.437+0000] {dagbag.py:541} INFO - Filling up the DagBag from /home/airflow/.local/lib/python3.7/site-packages/airflow/example_dags/example_branch_operator_decorator.py
[2023-06-28T14:21:02.452+0000] {processor.py:836} INFO - DAG(s) dict_keys(['example_branch_python_operator_decorator']) retrieved from /home/airflow/.local/lib/python3.7/site-packages/airflow/example_dags/example_branch_operator_decorator.py
[2023-06-28T14:21:02.494+0000] {logging_mixin.py:149} INFO - [2023-06-28T14:21:02.494+0000] {dag.py:2726} INFO - Sync 1 DAGs
[2023-06-28T14:21:02.539+0000] {logging_mixin.py:149} INFO - [2023-06-28T14:21:02.539+0000] {dag.py:3490} INFO - Setting next_dagrun for example_branch_python_operator_decorator to 2023-06-27T00:00:00+00:00, run_after=2023-06-28T00:00:00+00:00
[2023-06-28T14:21:02.573+0000] {processor.py:179} INFO - Processing /home/airflow/.local/lib/python3.7/site-packages/airflow/example_dags/example_branch_operator_decorator.py took 0.142 seconds
[2023-06-28T14:21:32.936+0000] {processor.py:157} INFO - Started process (PID=635) to work on /home/airflow/.local/lib/python3.7/site-packages/airflow/example_dags/example_branch_operator_decorator.py
[2023-06-28T14:21:32.937+0000] {processor.py:826} INFO - Processing file /home/airflow/.local/lib/python3.7/site-packages/airflow/example_dags/example_branch_operator_decorator.py for tasks to queue
[2023-06-28T14:21:32.938+0000] {logging_mixin.py:149} INFO - [2023-06-28T14:21:32.938+0000] {dagbag.py:541} INFO - Filling up the DagBag from /home/airflow/.local/lib/python3.7/site-packages/airflow/example_dags/example_branch_operator_decorator.py
[2023-06-28T14:21:32.950+0000] {processor.py:836} INFO - DAG(s) dict_keys(['example_branch_python_operator_decorator']) retrieved from /home/airflow/.local/lib/python3.7/site-packages/airflow/example_dags/example_branch_operator_decorator.py
[2023-06-28T14:21:32.986+0000] {logging_mixin.py:149} INFO - [2023-06-28T14:21:32.985+0000] {dag.py:2726} INFO - Sync 1 DAGs
[2023-06-28T14:21:33.025+0000] {logging_mixin.py:149} INFO - [2023-06-28T14:21:33.024+0000] {dag.py:3490} INFO - Setting next_dagrun for example_branch_python_operator_decorator to 2023-06-27T00:00:00+00:00, run_after=2023-06-28T00:00:00+00:00
[2023-06-28T14:21:33.056+0000] {processor.py:179} INFO - Processing /home/airflow/.local/lib/python3.7/site-packages/airflow/example_dags/example_branch_operator_decorator.py took 0.124 seconds
[2023-06-28T14:22:03.425+0000] {processor.py:157} INFO - Started process (PID=690) to work on /home/airflow/.local/lib/python3.7/site-packages/airflow/example_dags/example_branch_operator_decorator.py
[2023-06-28T14:22:03.428+0000] {processor.py:826} INFO - Processing file /home/airflow/.local/lib/python3.7/site-packages/airflow/example_dags/example_branch_operator_decorator.py for tasks to queue
[2023-06-28T14:22:03.430+0000] {logging_mixin.py:149} INFO - [2023-06-28T14:22:03.429+0000] {dagbag.py:541} INFO - Filling up the DagBag from /home/airflow/.local/lib/python3.7/site-packages/airflow/example_dags/example_branch_operator_decorator.py
[2023-06-28T14:22:03.449+0000] {processor.py:836} INFO - DAG(s) dict_keys(['example_branch_python_operator_decorator']) retrieved from /home/airflow/.local/lib/python3.7/site-packages/airflow/example_dags/example_branch_operator_decorator.py
[2023-06-28T14:22:03.496+0000] {logging_mixin.py:149} INFO - [2023-06-28T14:22:03.496+0000] {dag.py:2726} INFO - Sync 1 DAGs
[2023-06-28T14:22:03.559+0000] {logging_mixin.py:149} INFO - [2023-06-28T14:22:03.559+0000] {dag.py:3490} INFO - Setting next_dagrun for example_branch_python_operator_decorator to 2023-06-27T00:00:00+00:00, run_after=2023-06-28T00:00:00+00:00
[2023-06-28T14:22:03.609+0000] {processor.py:179} INFO - Processing /home/airflow/.local/lib/python3.7/site-packages/airflow/example_dags/example_branch_operator_decorator.py took 0.188 seconds
[2023-06-28T14:22:33.746+0000] {processor.py:157} INFO - Started process (PID=749) to work on /home/airflow/.local/lib/python3.7/site-packages/airflow/example_dags/example_branch_operator_decorator.py
[2023-06-28T14:22:33.748+0000] {processor.py:826} INFO - Processing file /home/airflow/.local/lib/python3.7/site-packages/airflow/example_dags/example_branch_operator_decorator.py for tasks to queue
[2023-06-28T14:22:33.750+0000] {logging_mixin.py:149} INFO - [2023-06-28T14:22:33.749+0000] {dagbag.py:541} INFO - Filling up the DagBag from /home/airflow/.local/lib/python3.7/site-packages/airflow/example_dags/example_branch_operator_decorator.py
[2023-06-28T14:22:33.765+0000] {processor.py:836} INFO - DAG(s) dict_keys(['example_branch_python_operator_decorator']) retrieved from /home/airflow/.local/lib/python3.7/site-packages/airflow/example_dags/example_branch_operator_decorator.py
[2023-06-28T14:22:33.802+0000] {logging_mixin.py:149} INFO - [2023-06-28T14:22:33.801+0000] {dag.py:2726} INFO - Sync 1 DAGs
[2023-06-28T14:22:33.837+0000] {logging_mixin.py:149} INFO - [2023-06-28T14:22:33.836+0000] {dag.py:3490} INFO - Setting next_dagrun for example_branch_python_operator_decorator to 2023-06-27T00:00:00+00:00, run_after=2023-06-28T00:00:00+00:00
[2023-06-28T14:22:33.882+0000] {processor.py:179} INFO - Processing /home/airflow/.local/lib/python3.7/site-packages/airflow/example_dags/example_branch_operator_decorator.py took 0.141 seconds
[2023-06-28T14:23:04.129+0000] {processor.py:157} INFO - Started process (PID=808) to work on /home/airflow/.local/lib/python3.7/site-packages/airflow/example_dags/example_branch_operator_decorator.py
[2023-06-28T14:23:04.131+0000] {processor.py:826} INFO - Processing file /home/airflow/.local/lib/python3.7/site-packages/airflow/example_dags/example_branch_operator_decorator.py for tasks to queue
[2023-06-28T14:23:04.133+0000] {logging_mixin.py:149} INFO - [2023-06-28T14:23:04.133+0000] {dagbag.py:541} INFO - Filling up the DagBag from /home/airflow/.local/lib/python3.7/site-packages/airflow/example_dags/example_branch_operator_decorator.py
[2023-06-28T14:23:04.152+0000] {processor.py:836} INFO - DAG(s) dict_keys(['example_branch_python_operator_decorator']) retrieved from /home/airflow/.local/lib/python3.7/site-packages/airflow/example_dags/example_branch_operator_decorator.py
[2023-06-28T14:23:04.192+0000] {logging_mixin.py:149} INFO - [2023-06-28T14:23:04.192+0000] {dag.py:2726} INFO - Sync 1 DAGs
[2023-06-28T14:23:04.235+0000] {logging_mixin.py:149} INFO - [2023-06-28T14:23:04.234+0000] {dag.py:3490} INFO - Setting next_dagrun for example_branch_python_operator_decorator to 2023-06-27T00:00:00+00:00, run_after=2023-06-28T00:00:00+00:00
[2023-06-28T14:23:04.268+0000] {processor.py:179} INFO - Processing /home/airflow/.local/lib/python3.7/site-packages/airflow/example_dags/example_branch_operator_decorator.py took 0.145 seconds
[2023-06-28T14:23:34.480+0000] {processor.py:157} INFO - Started process (PID=868) to work on /home/airflow/.local/lib/python3.7/site-packages/airflow/example_dags/example_branch_operator_decorator.py
[2023-06-28T14:23:34.482+0000] {processor.py:826} INFO - Processing file /home/airflow/.local/lib/python3.7/site-packages/airflow/example_dags/example_branch_operator_decorator.py for tasks to queue
[2023-06-28T14:23:34.484+0000] {logging_mixin.py:149} INFO - [2023-06-28T14:23:34.483+0000] {dagbag.py:541} INFO - Filling up the DagBag from /home/airflow/.local/lib/python3.7/site-packages/airflow/example_dags/example_branch_operator_decorator.py
[2023-06-28T14:23:34.499+0000] {processor.py:836} INFO - DAG(s) dict_keys(['example_branch_python_operator_decorator']) retrieved from /home/airflow/.local/lib/python3.7/site-packages/airflow/example_dags/example_branch_operator_decorator.py
[2023-06-28T14:23:34.540+0000] {logging_mixin.py:149} INFO - [2023-06-28T14:23:34.540+0000] {dag.py:2726} INFO - Sync 1 DAGs
[2023-06-28T14:23:34.581+0000] {logging_mixin.py:149} INFO - [2023-06-28T14:23:34.581+0000] {dag.py:3490} INFO - Setting next_dagrun for example_branch_python_operator_decorator to 2023-06-27T00:00:00+00:00, run_after=2023-06-28T00:00:00+00:00
[2023-06-28T14:23:34.618+0000] {processor.py:179} INFO - Processing /home/airflow/.local/lib/python3.7/site-packages/airflow/example_dags/example_branch_operator_decorator.py took 0.142 seconds
[2023-06-28T14:24:04.860+0000] {processor.py:157} INFO - Started process (PID=927) to work on /home/airflow/.local/lib/python3.7/site-packages/airflow/example_dags/example_branch_operator_decorator.py
[2023-06-28T14:24:04.861+0000] {processor.py:826} INFO - Processing file /home/airflow/.local/lib/python3.7/site-packages/airflow/example_dags/example_branch_operator_decorator.py for tasks to queue
[2023-06-28T14:24:04.862+0000] {logging_mixin.py:149} INFO - [2023-06-28T14:24:04.862+0000] {dagbag.py:541} INFO - Filling up the DagBag from /home/airflow/.local/lib/python3.7/site-packages/airflow/example_dags/example_branch_operator_decorator.py
[2023-06-28T14:24:04.876+0000] {processor.py:836} INFO - DAG(s) dict_keys(['example_branch_python_operator_decorator']) retrieved from /home/airflow/.local/lib/python3.7/site-packages/airflow/example_dags/example_branch_operator_decorator.py
[2023-06-28T14:24:04.912+0000] {logging_mixin.py:149} INFO - [2023-06-28T14:24:04.912+0000] {dag.py:2726} INFO - Sync 1 DAGs
[2023-06-28T14:24:04.946+0000] {logging_mixin.py:149} INFO - [2023-06-28T14:24:04.946+0000] {dag.py:3490} INFO - Setting next_dagrun for example_branch_python_operator_decorator to 2023-06-27T00:00:00+00:00, run_after=2023-06-28T00:00:00+00:00
[2023-06-28T14:24:04.987+0000] {processor.py:179} INFO - Processing /home/airflow/.local/lib/python3.7/site-packages/airflow/example_dags/example_branch_operator_decorator.py took 0.131 seconds
[2023-06-28T14:24:35.780+0000] {processor.py:157} INFO - Started process (PID=985) to work on /home/airflow/.local/lib/python3.7/site-packages/airflow/example_dags/example_branch_operator_decorator.py
[2023-06-28T14:24:35.782+0000] {processor.py:826} INFO - Processing file /home/airflow/.local/lib/python3.7/site-packages/airflow/example_dags/example_branch_operator_decorator.py for tasks to queue
[2023-06-28T14:24:35.784+0000] {logging_mixin.py:149} INFO - [2023-06-28T14:24:35.783+0000] {dagbag.py:541} INFO - Filling up the DagBag from /home/airflow/.local/lib/python3.7/site-packages/airflow/example_dags/example_branch_operator_decorator.py
[2023-06-28T14:24:35.805+0000] {processor.py:836} INFO - DAG(s) dict_keys(['example_branch_python_operator_decorator']) retrieved from /home/airflow/.local/lib/python3.7/site-packages/airflow/example_dags/example_branch_operator_decorator.py
[2023-06-28T14:24:35.854+0000] {logging_mixin.py:149} INFO - [2023-06-28T14:24:35.854+0000] {dag.py:2726} INFO - Sync 1 DAGs
[2023-06-28T14:24:35.906+0000] {logging_mixin.py:149} INFO - [2023-06-28T14:24:35.906+0000] {dag.py:3490} INFO - Setting next_dagrun for example_branch_python_operator_decorator to 2023-06-27T00:00:00+00:00, run_after=2023-06-28T00:00:00+00:00
[2023-06-28T14:24:36.014+0000] {processor.py:179} INFO - Processing /home/airflow/.local/lib/python3.7/site-packages/airflow/example_dags/example_branch_operator_decorator.py took 0.241 seconds
[2023-06-28T14:25:06.111+0000] {processor.py:157} INFO - Started process (PID=1045) to work on /home/airflow/.local/lib/python3.7/site-packages/airflow/example_dags/example_branch_operator_decorator.py
[2023-06-28T14:25:06.112+0000] {processor.py:826} INFO - Processing file /home/airflow/.local/lib/python3.7/site-packages/airflow/example_dags/example_branch_operator_decorator.py for tasks to queue
[2023-06-28T14:25:06.114+0000] {logging_mixin.py:149} INFO - [2023-06-28T14:25:06.114+0000] {dagbag.py:541} INFO - Filling up the DagBag from /home/airflow/.local/lib/python3.7/site-packages/airflow/example_dags/example_branch_operator_decorator.py
[2023-06-28T14:25:06.132+0000] {processor.py:836} INFO - DAG(s) dict_keys(['example_branch_python_operator_decorator']) retrieved from /home/airflow/.local/lib/python3.7/site-packages/airflow/example_dags/example_branch_operator_decorator.py
[2023-06-28T14:25:06.171+0000] {logging_mixin.py:149} INFO - [2023-06-28T14:25:06.171+0000] {dag.py:2726} INFO - Sync 1 DAGs
[2023-06-28T14:25:06.216+0000] {logging_mixin.py:149} INFO - [2023-06-28T14:25:06.216+0000] {dag.py:3490} INFO - Setting next_dagrun for example_branch_python_operator_decorator to 2023-06-27T00:00:00+00:00, run_after=2023-06-28T00:00:00+00:00
[2023-06-28T14:25:06.251+0000] {processor.py:179} INFO - Processing /home/airflow/.local/lib/python3.7/site-packages/airflow/example_dags/example_branch_operator_decorator.py took 0.145 seconds
[2023-06-28T14:25:36.679+0000] {processor.py:157} INFO - Started process (PID=1103) to work on /home/airflow/.local/lib/python3.7/site-packages/airflow/example_dags/example_branch_operator_decorator.py
[2023-06-28T14:25:36.680+0000] {processor.py:826} INFO - Processing file /home/airflow/.local/lib/python3.7/site-packages/airflow/example_dags/example_branch_operator_decorator.py for tasks to queue
[2023-06-28T14:25:36.682+0000] {logging_mixin.py:149} INFO - [2023-06-28T14:25:36.682+0000] {dagbag.py:541} INFO - Filling up the DagBag from /home/airflow/.local/lib/python3.7/site-packages/airflow/example_dags/example_branch_operator_decorator.py
[2023-06-28T14:25:36.714+0000] {processor.py:836} INFO - DAG(s) dict_keys(['example_branch_python_operator_decorator']) retrieved from /home/airflow/.local/lib/python3.7/site-packages/airflow/example_dags/example_branch_operator_decorator.py
[2023-06-28T14:25:36.805+0000] {logging_mixin.py:149} INFO - [2023-06-28T14:25:36.805+0000] {dag.py:2726} INFO - Sync 1 DAGs
[2023-06-28T14:25:36.863+0000] {logging_mixin.py:149} INFO - [2023-06-28T14:25:36.862+0000] {dag.py:3490} INFO - Setting next_dagrun for example_branch_python_operator_decorator to 2023-06-27T00:00:00+00:00, run_after=2023-06-28T00:00:00+00:00
[2023-06-28T14:25:36.898+0000] {processor.py:179} INFO - Processing /home/airflow/.local/lib/python3.7/site-packages/airflow/example_dags/example_branch_operator_decorator.py took 0.224 seconds
[2023-06-28T14:26:07.383+0000] {processor.py:157} INFO - Started process (PID=1162) to work on /home/airflow/.local/lib/python3.7/site-packages/airflow/example_dags/example_branch_operator_decorator.py
[2023-06-28T14:26:07.387+0000] {processor.py:826} INFO - Processing file /home/airflow/.local/lib/python3.7/site-packages/airflow/example_dags/example_branch_operator_decorator.py for tasks to queue
[2023-06-28T14:26:07.389+0000] {logging_mixin.py:149} INFO - [2023-06-28T14:26:07.389+0000] {dagbag.py:541} INFO - Filling up the DagBag from /home/airflow/.local/lib/python3.7/site-packages/airflow/example_dags/example_branch_operator_decorator.py
[2023-06-28T14:26:07.408+0000] {processor.py:836} INFO - DAG(s) dict_keys(['example_branch_python_operator_decorator']) retrieved from /home/airflow/.local/lib/python3.7/site-packages/airflow/example_dags/example_branch_operator_decorator.py
[2023-06-28T14:26:07.449+0000] {logging_mixin.py:149} INFO - [2023-06-28T14:26:07.449+0000] {dag.py:2726} INFO - Sync 1 DAGs
[2023-06-28T14:26:07.496+0000] {logging_mixin.py:149} INFO - [2023-06-28T14:26:07.495+0000] {dag.py:3490} INFO - Setting next_dagrun for example_branch_python_operator_decorator to 2023-06-27T00:00:00+00:00, run_after=2023-06-28T00:00:00+00:00
[2023-06-28T14:26:07.535+0000] {processor.py:179} INFO - Processing /home/airflow/.local/lib/python3.7/site-packages/airflow/example_dags/example_branch_operator_decorator.py took 0.157 seconds
[2023-06-28T14:26:37.783+0000] {processor.py:157} INFO - Started process (PID=1222) to work on /home/airflow/.local/lib/python3.7/site-packages/airflow/example_dags/example_branch_operator_decorator.py
[2023-06-28T14:26:37.785+0000] {processor.py:826} INFO - Processing file /home/airflow/.local/lib/python3.7/site-packages/airflow/example_dags/example_branch_operator_decorator.py for tasks to queue
[2023-06-28T14:26:37.787+0000] {logging_mixin.py:149} INFO - [2023-06-28T14:26:37.786+0000] {dagbag.py:541} INFO - Filling up the DagBag from /home/airflow/.local/lib/python3.7/site-packages/airflow/example_dags/example_branch_operator_decorator.py
[2023-06-28T14:26:37.808+0000] {processor.py:836} INFO - DAG(s) dict_keys(['example_branch_python_operator_decorator']) retrieved from /home/airflow/.local/lib/python3.7/site-packages/airflow/example_dags/example_branch_operator_decorator.py
[2023-06-28T14:26:37.846+0000] {logging_mixin.py:149} INFO - [2023-06-28T14:26:37.846+0000] {dag.py:2726} INFO - Sync 1 DAGs
[2023-06-28T14:26:37.883+0000] {logging_mixin.py:149} INFO - [2023-06-28T14:26:37.883+0000] {dag.py:3490} INFO - Setting next_dagrun for example_branch_python_operator_decorator to 2023-06-27T00:00:00+00:00, run_after=2023-06-28T00:00:00+00:00
[2023-06-28T14:26:37.921+0000] {processor.py:179} INFO - Processing /home/airflow/.local/lib/python3.7/site-packages/airflow/example_dags/example_branch_operator_decorator.py took 0.145 seconds
[2023-06-28T14:27:08.462+0000] {processor.py:157} INFO - Started process (PID=1281) to work on /home/airflow/.local/lib/python3.7/site-packages/airflow/example_dags/example_branch_operator_decorator.py
[2023-06-28T14:27:08.463+0000] {processor.py:826} INFO - Processing file /home/airflow/.local/lib/python3.7/site-packages/airflow/example_dags/example_branch_operator_decorator.py for tasks to queue
[2023-06-28T14:27:08.465+0000] {logging_mixin.py:149} INFO - [2023-06-28T14:27:08.465+0000] {dagbag.py:541} INFO - Filling up the DagBag from /home/airflow/.local/lib/python3.7/site-packages/airflow/example_dags/example_branch_operator_decorator.py
[2023-06-28T14:27:08.482+0000] {processor.py:836} INFO - DAG(s) dict_keys(['example_branch_python_operator_decorator']) retrieved from /home/airflow/.local/lib/python3.7/site-packages/airflow/example_dags/example_branch_operator_decorator.py
[2023-06-28T14:27:08.522+0000] {logging_mixin.py:149} INFO - [2023-06-28T14:27:08.521+0000] {dag.py:2726} INFO - Sync 1 DAGs
[2023-06-28T14:27:08.565+0000] {logging_mixin.py:149} INFO - [2023-06-28T14:27:08.565+0000] {dag.py:3490} INFO - Setting next_dagrun for example_branch_python_operator_decorator to 2023-06-27T00:00:00+00:00, run_after=2023-06-28T00:00:00+00:00
[2023-06-28T14:27:08.601+0000] {processor.py:179} INFO - Processing /home/airflow/.local/lib/python3.7/site-packages/airflow/example_dags/example_branch_operator_decorator.py took 0.146 seconds
[2023-06-28T14:27:39.086+0000] {processor.py:157} INFO - Started process (PID=1340) to work on /home/airflow/.local/lib/python3.7/site-packages/airflow/example_dags/example_branch_operator_decorator.py
[2023-06-28T14:27:39.088+0000] {processor.py:826} INFO - Processing file /home/airflow/.local/lib/python3.7/site-packages/airflow/example_dags/example_branch_operator_decorator.py for tasks to queue
[2023-06-28T14:27:39.090+0000] {logging_mixin.py:149} INFO - [2023-06-28T14:27:39.090+0000] {dagbag.py:541} INFO - Filling up the DagBag from /home/airflow/.local/lib/python3.7/site-packages/airflow/example_dags/example_branch_operator_decorator.py
[2023-06-28T14:27:39.108+0000] {processor.py:836} INFO - DAG(s) dict_keys(['example_branch_python_operator_decorator']) retrieved from /home/airflow/.local/lib/python3.7/site-packages/airflow/example_dags/example_branch_operator_decorator.py
[2023-06-28T14:27:39.151+0000] {logging_mixin.py:149} INFO - [2023-06-28T14:27:39.151+0000] {dag.py:2726} INFO - Sync 1 DAGs
[2023-06-28T14:27:39.195+0000] {logging_mixin.py:149} INFO - [2023-06-28T14:27:39.195+0000] {dag.py:3490} INFO - Setting next_dagrun for example_branch_python_operator_decorator to 2023-06-27T00:00:00+00:00, run_after=2023-06-28T00:00:00+00:00
[2023-06-28T14:27:39.239+0000] {processor.py:179} INFO - Processing /home/airflow/.local/lib/python3.7/site-packages/airflow/example_dags/example_branch_operator_decorator.py took 0.157 seconds
[2023-06-28T14:28:09.353+0000] {processor.py:157} INFO - Started process (PID=1400) to work on /home/airflow/.local/lib/python3.7/site-packages/airflow/example_dags/example_branch_operator_decorator.py
[2023-06-28T14:28:09.355+0000] {processor.py:826} INFO - Processing file /home/airflow/.local/lib/python3.7/site-packages/airflow/example_dags/example_branch_operator_decorator.py for tasks to queue
[2023-06-28T14:28:09.356+0000] {logging_mixin.py:149} INFO - [2023-06-28T14:28:09.356+0000] {dagbag.py:541} INFO - Filling up the DagBag from /home/airflow/.local/lib/python3.7/site-packages/airflow/example_dags/example_branch_operator_decorator.py
[2023-06-28T14:28:09.371+0000] {processor.py:836} INFO - DAG(s) dict_keys(['example_branch_python_operator_decorator']) retrieved from /home/airflow/.local/lib/python3.7/site-packages/airflow/example_dags/example_branch_operator_decorator.py
[2023-06-28T14:28:09.410+0000] {logging_mixin.py:149} INFO - [2023-06-28T14:28:09.410+0000] {dag.py:2726} INFO - Sync 1 DAGs
[2023-06-28T14:28:09.448+0000] {logging_mixin.py:149} INFO - [2023-06-28T14:28:09.448+0000] {dag.py:3490} INFO - Setting next_dagrun for example_branch_python_operator_decorator to 2023-06-27T00:00:00+00:00, run_after=2023-06-28T00:00:00+00:00
[2023-06-28T14:28:09.484+0000] {processor.py:179} INFO - Processing /home/airflow/.local/lib/python3.7/site-packages/airflow/example_dags/example_branch_operator_decorator.py took 0.134 seconds
[2023-06-28T14:28:39.815+0000] {processor.py:157} INFO - Started process (PID=1458) to work on /home/airflow/.local/lib/python3.7/site-packages/airflow/example_dags/example_branch_operator_decorator.py
[2023-06-28T14:28:39.817+0000] {processor.py:826} INFO - Processing file /home/airflow/.local/lib/python3.7/site-packages/airflow/example_dags/example_branch_operator_decorator.py for tasks to queue
[2023-06-28T14:28:39.818+0000] {logging_mixin.py:149} INFO - [2023-06-28T14:28:39.818+0000] {dagbag.py:541} INFO - Filling up the DagBag from /home/airflow/.local/lib/python3.7/site-packages/airflow/example_dags/example_branch_operator_decorator.py
[2023-06-28T14:28:39.834+0000] {processor.py:836} INFO - DAG(s) dict_keys(['example_branch_python_operator_decorator']) retrieved from /home/airflow/.local/lib/python3.7/site-packages/airflow/example_dags/example_branch_operator_decorator.py
[2023-06-28T14:28:39.882+0000] {logging_mixin.py:149} INFO - [2023-06-28T14:28:39.882+0000] {dag.py:2726} INFO - Sync 1 DAGs
[2023-06-28T14:28:39.927+0000] {logging_mixin.py:149} INFO - [2023-06-28T14:28:39.926+0000] {dag.py:3490} INFO - Setting next_dagrun for example_branch_python_operator_decorator to 2023-06-27T00:00:00+00:00, run_after=2023-06-28T00:00:00+00:00
[2023-06-28T14:28:39.967+0000] {processor.py:179} INFO - Processing /home/airflow/.local/lib/python3.7/site-packages/airflow/example_dags/example_branch_operator_decorator.py took 0.158 seconds
[2023-06-28T14:29:10.671+0000] {processor.py:157} INFO - Started process (PID=1517) to work on /home/airflow/.local/lib/python3.7/site-packages/airflow/example_dags/example_branch_operator_decorator.py
[2023-06-28T14:29:10.672+0000] {processor.py:826} INFO - Processing file /home/airflow/.local/lib/python3.7/site-packages/airflow/example_dags/example_branch_operator_decorator.py for tasks to queue
[2023-06-28T14:29:10.673+0000] {logging_mixin.py:149} INFO - [2023-06-28T14:29:10.673+0000] {dagbag.py:541} INFO - Filling up the DagBag from /home/airflow/.local/lib/python3.7/site-packages/airflow/example_dags/example_branch_operator_decorator.py
[2023-06-28T14:29:10.687+0000] {processor.py:836} INFO - DAG(s) dict_keys(['example_branch_python_operator_decorator']) retrieved from /home/airflow/.local/lib/python3.7/site-packages/airflow/example_dags/example_branch_operator_decorator.py
[2023-06-28T14:29:10.733+0000] {logging_mixin.py:149} INFO - [2023-06-28T14:29:10.733+0000] {dag.py:2726} INFO - Sync 1 DAGs
[2023-06-28T14:29:10.775+0000] {logging_mixin.py:149} INFO - [2023-06-28T14:29:10.775+0000] {dag.py:3490} INFO - Setting next_dagrun for example_branch_python_operator_decorator to 2023-06-27T00:00:00+00:00, run_after=2023-06-28T00:00:00+00:00
[2023-06-28T14:29:10.820+0000] {processor.py:179} INFO - Processing /home/airflow/.local/lib/python3.7/site-packages/airflow/example_dags/example_branch_operator_decorator.py took 0.154 seconds
[2023-06-28T14:29:41.194+0000] {processor.py:157} INFO - Started process (PID=1577) to work on /home/airflow/.local/lib/python3.7/site-packages/airflow/example_dags/example_branch_operator_decorator.py
[2023-06-28T14:29:41.196+0000] {processor.py:826} INFO - Processing file /home/airflow/.local/lib/python3.7/site-packages/airflow/example_dags/example_branch_operator_decorator.py for tasks to queue
[2023-06-28T14:29:41.197+0000] {logging_mixin.py:149} INFO - [2023-06-28T14:29:41.197+0000] {dagbag.py:541} INFO - Filling up the DagBag from /home/airflow/.local/lib/python3.7/site-packages/airflow/example_dags/example_branch_operator_decorator.py
[2023-06-28T14:29:41.211+0000] {processor.py:836} INFO - DAG(s) dict_keys(['example_branch_python_operator_decorator']) retrieved from /home/airflow/.local/lib/python3.7/site-packages/airflow/example_dags/example_branch_operator_decorator.py
[2023-06-28T14:29:41.250+0000] {logging_mixin.py:149} INFO - [2023-06-28T14:29:41.250+0000] {dag.py:2726} INFO - Sync 1 DAGs
[2023-06-28T14:29:41.290+0000] {logging_mixin.py:149} INFO - [2023-06-28T14:29:41.290+0000] {dag.py:3490} INFO - Setting next_dagrun for example_branch_python_operator_decorator to 2023-06-27T00:00:00+00:00, run_after=2023-06-28T00:00:00+00:00
[2023-06-28T14:29:41.329+0000] {processor.py:179} INFO - Processing /home/airflow/.local/lib/python3.7/site-packages/airflow/example_dags/example_branch_operator_decorator.py took 0.140 seconds
[2023-06-28T14:30:11.522+0000] {processor.py:157} INFO - Started process (PID=1636) to work on /home/airflow/.local/lib/python3.7/site-packages/airflow/example_dags/example_branch_operator_decorator.py
[2023-06-28T14:30:11.524+0000] {processor.py:826} INFO - Processing file /home/airflow/.local/lib/python3.7/site-packages/airflow/example_dags/example_branch_operator_decorator.py for tasks to queue
[2023-06-28T14:30:11.525+0000] {logging_mixin.py:149} INFO - [2023-06-28T14:30:11.525+0000] {dagbag.py:541} INFO - Filling up the DagBag from /home/airflow/.local/lib/python3.7/site-packages/airflow/example_dags/example_branch_operator_decorator.py
[2023-06-28T14:30:11.543+0000] {processor.py:836} INFO - DAG(s) dict_keys(['example_branch_python_operator_decorator']) retrieved from /home/airflow/.local/lib/python3.7/site-packages/airflow/example_dags/example_branch_operator_decorator.py
[2023-06-28T14:30:11.596+0000] {logging_mixin.py:149} INFO - [2023-06-28T14:30:11.596+0000] {dag.py:2726} INFO - Sync 1 DAGs
[2023-06-28T14:30:11.676+0000] {logging_mixin.py:149} INFO - [2023-06-28T14:30:11.675+0000] {dag.py:3490} INFO - Setting next_dagrun for example_branch_python_operator_decorator to 2023-06-27T00:00:00+00:00, run_after=2023-06-28T00:00:00+00:00
[2023-06-28T14:30:11.749+0000] {processor.py:179} INFO - Processing /home/airflow/.local/lib/python3.7/site-packages/airflow/example_dags/example_branch_operator_decorator.py took 0.232 seconds
[2023-06-28T14:30:41.879+0000] {processor.py:157} INFO - Started process (PID=1694) to work on /home/airflow/.local/lib/python3.7/site-packages/airflow/example_dags/example_branch_operator_decorator.py
[2023-06-28T14:30:41.880+0000] {processor.py:826} INFO - Processing file /home/airflow/.local/lib/python3.7/site-packages/airflow/example_dags/example_branch_operator_decorator.py for tasks to queue
[2023-06-28T14:30:41.882+0000] {logging_mixin.py:149} INFO - [2023-06-28T14:30:41.881+0000] {dagbag.py:541} INFO - Filling up the DagBag from /home/airflow/.local/lib/python3.7/site-packages/airflow/example_dags/example_branch_operator_decorator.py
[2023-06-28T14:30:41.899+0000] {processor.py:836} INFO - DAG(s) dict_keys(['example_branch_python_operator_decorator']) retrieved from /home/airflow/.local/lib/python3.7/site-packages/airflow/example_dags/example_branch_operator_decorator.py
[2023-06-28T14:30:41.942+0000] {logging_mixin.py:149} INFO - [2023-06-28T14:30:41.942+0000] {dag.py:2726} INFO - Sync 1 DAGs
[2023-06-28T14:30:41.983+0000] {logging_mixin.py:149} INFO - [2023-06-28T14:30:41.983+0000] {dag.py:3490} INFO - Setting next_dagrun for example_branch_python_operator_decorator to 2023-06-27T00:00:00+00:00, run_after=2023-06-28T00:00:00+00:00
[2023-06-28T14:30:42.019+0000] {processor.py:179} INFO - Processing /home/airflow/.local/lib/python3.7/site-packages/airflow/example_dags/example_branch_operator_decorator.py took 0.144 seconds
[2023-06-28T14:31:12.767+0000] {processor.py:157} INFO - Started process (PID=1754) to work on /home/airflow/.local/lib/python3.7/site-packages/airflow/example_dags/example_branch_operator_decorator.py
[2023-06-28T14:31:12.769+0000] {processor.py:826} INFO - Processing file /home/airflow/.local/lib/python3.7/site-packages/airflow/example_dags/example_branch_operator_decorator.py for tasks to queue
[2023-06-28T14:31:12.770+0000] {logging_mixin.py:149} INFO - [2023-06-28T14:31:12.770+0000] {dagbag.py:541} INFO - Filling up the DagBag from /home/airflow/.local/lib/python3.7/site-packages/airflow/example_dags/example_branch_operator_decorator.py
[2023-06-28T14:31:12.784+0000] {processor.py:836} INFO - DAG(s) dict_keys(['example_branch_python_operator_decorator']) retrieved from /home/airflow/.local/lib/python3.7/site-packages/airflow/example_dags/example_branch_operator_decorator.py
[2023-06-28T14:31:12.826+0000] {logging_mixin.py:149} INFO - [2023-06-28T14:31:12.826+0000] {dag.py:2726} INFO - Sync 1 DAGs
[2023-06-28T14:31:12.868+0000] {logging_mixin.py:149} INFO - [2023-06-28T14:31:12.868+0000] {dag.py:3490} INFO - Setting next_dagrun for example_branch_python_operator_decorator to 2023-06-27T00:00:00+00:00, run_after=2023-06-28T00:00:00+00:00
[2023-06-28T14:31:12.907+0000] {processor.py:179} INFO - Processing /home/airflow/.local/lib/python3.7/site-packages/airflow/example_dags/example_branch_operator_decorator.py took 0.145 seconds
[2023-06-28T14:31:43.041+0000] {processor.py:157} INFO - Started process (PID=1814) to work on /home/airflow/.local/lib/python3.7/site-packages/airflow/example_dags/example_branch_operator_decorator.py
[2023-06-28T14:31:43.043+0000] {processor.py:826} INFO - Processing file /home/airflow/.local/lib/python3.7/site-packages/airflow/example_dags/example_branch_operator_decorator.py for tasks to queue
[2023-06-28T14:31:43.044+0000] {logging_mixin.py:149} INFO - [2023-06-28T14:31:43.044+0000] {dagbag.py:541} INFO - Filling up the DagBag from /home/airflow/.local/lib/python3.7/site-packages/airflow/example_dags/example_branch_operator_decorator.py
[2023-06-28T14:31:43.058+0000] {processor.py:836} INFO - DAG(s) dict_keys(['example_branch_python_operator_decorator']) retrieved from /home/airflow/.local/lib/python3.7/site-packages/airflow/example_dags/example_branch_operator_decorator.py
[2023-06-28T14:31:43.101+0000] {logging_mixin.py:149} INFO - [2023-06-28T14:31:43.101+0000] {dag.py:2726} INFO - Sync 1 DAGs
[2023-06-28T14:31:43.144+0000] {logging_mixin.py:149} INFO - [2023-06-28T14:31:43.143+0000] {dag.py:3490} INFO - Setting next_dagrun for example_branch_python_operator_decorator to 2023-06-27T00:00:00+00:00, run_after=2023-06-28T00:00:00+00:00
[2023-06-28T14:31:43.177+0000] {processor.py:179} INFO - Processing /home/airflow/.local/lib/python3.7/site-packages/airflow/example_dags/example_branch_operator_decorator.py took 0.141 seconds
[2023-06-28T14:32:13.618+0000] {processor.py:157} INFO - Started process (PID=1873) to work on /home/airflow/.local/lib/python3.7/site-packages/airflow/example_dags/example_branch_operator_decorator.py
[2023-06-28T14:32:13.619+0000] {processor.py:826} INFO - Processing file /home/airflow/.local/lib/python3.7/site-packages/airflow/example_dags/example_branch_operator_decorator.py for tasks to queue
[2023-06-28T14:32:13.620+0000] {logging_mixin.py:149} INFO - [2023-06-28T14:32:13.620+0000] {dagbag.py:541} INFO - Filling up the DagBag from /home/airflow/.local/lib/python3.7/site-packages/airflow/example_dags/example_branch_operator_decorator.py
[2023-06-28T14:32:13.633+0000] {processor.py:836} INFO - DAG(s) dict_keys(['example_branch_python_operator_decorator']) retrieved from /home/airflow/.local/lib/python3.7/site-packages/airflow/example_dags/example_branch_operator_decorator.py
[2023-06-28T14:32:13.669+0000] {logging_mixin.py:149} INFO - [2023-06-28T14:32:13.669+0000] {dag.py:2726} INFO - Sync 1 DAGs
[2023-06-28T14:32:13.710+0000] {logging_mixin.py:149} INFO - [2023-06-28T14:32:13.710+0000] {dag.py:3490} INFO - Setting next_dagrun for example_branch_python_operator_decorator to 2023-06-27T00:00:00+00:00, run_after=2023-06-28T00:00:00+00:00
[2023-06-28T14:32:13.755+0000] {processor.py:179} INFO - Processing /home/airflow/.local/lib/python3.7/site-packages/airflow/example_dags/example_branch_operator_decorator.py took 0.143 seconds
[2023-06-28T14:32:43.915+0000] {processor.py:157} INFO - Started process (PID=1931) to work on /home/airflow/.local/lib/python3.7/site-packages/airflow/example_dags/example_branch_operator_decorator.py
[2023-06-28T14:32:43.916+0000] {processor.py:826} INFO - Processing file /home/airflow/.local/lib/python3.7/site-packages/airflow/example_dags/example_branch_operator_decorator.py for tasks to queue
[2023-06-28T14:32:43.918+0000] {logging_mixin.py:149} INFO - [2023-06-28T14:32:43.917+0000] {dagbag.py:541} INFO - Filling up the DagBag from /home/airflow/.local/lib/python3.7/site-packages/airflow/example_dags/example_branch_operator_decorator.py
[2023-06-28T14:32:43.932+0000] {processor.py:836} INFO - DAG(s) dict_keys(['example_branch_python_operator_decorator']) retrieved from /home/airflow/.local/lib/python3.7/site-packages/airflow/example_dags/example_branch_operator_decorator.py
[2023-06-28T14:32:43.976+0000] {logging_mixin.py:149} INFO - [2023-06-28T14:32:43.976+0000] {dag.py:2726} INFO - Sync 1 DAGs
[2023-06-28T14:32:44.015+0000] {logging_mixin.py:149} INFO - [2023-06-28T14:32:44.015+0000] {dag.py:3490} INFO - Setting next_dagrun for example_branch_python_operator_decorator to 2023-06-27T00:00:00+00:00, run_after=2023-06-28T00:00:00+00:00
[2023-06-28T14:32:44.052+0000] {processor.py:179} INFO - Processing /home/airflow/.local/lib/python3.7/site-packages/airflow/example_dags/example_branch_operator_decorator.py took 0.142 seconds
[2023-06-28T14:33:14.188+0000] {processor.py:157} INFO - Started process (PID=1989) to work on /home/airflow/.local/lib/python3.7/site-packages/airflow/example_dags/example_branch_operator_decorator.py
[2023-06-28T14:33:14.190+0000] {processor.py:826} INFO - Processing file /home/airflow/.local/lib/python3.7/site-packages/airflow/example_dags/example_branch_operator_decorator.py for tasks to queue
[2023-06-28T14:33:14.191+0000] {logging_mixin.py:149} INFO - [2023-06-28T14:33:14.191+0000] {dagbag.py:541} INFO - Filling up the DagBag from /home/airflow/.local/lib/python3.7/site-packages/airflow/example_dags/example_branch_operator_decorator.py
[2023-06-28T14:33:14.209+0000] {processor.py:836} INFO - DAG(s) dict_keys(['example_branch_python_operator_decorator']) retrieved from /home/airflow/.local/lib/python3.7/site-packages/airflow/example_dags/example_branch_operator_decorator.py
[2023-06-28T14:33:14.249+0000] {logging_mixin.py:149} INFO - [2023-06-28T14:33:14.249+0000] {dag.py:2726} INFO - Sync 1 DAGs
[2023-06-28T14:33:14.290+0000] {logging_mixin.py:149} INFO - [2023-06-28T14:33:14.290+0000] {dag.py:3490} INFO - Setting next_dagrun for example_branch_python_operator_decorator to 2023-06-27T00:00:00+00:00, run_after=2023-06-28T00:00:00+00:00
[2023-06-28T14:33:14.326+0000] {processor.py:179} INFO - Processing /home/airflow/.local/lib/python3.7/site-packages/airflow/example_dags/example_branch_operator_decorator.py took 0.142 seconds
[2023-06-28T14:33:44.804+0000] {processor.py:157} INFO - Started process (PID=2048) to work on /home/airflow/.local/lib/python3.7/site-packages/airflow/example_dags/example_branch_operator_decorator.py
[2023-06-28T14:33:44.805+0000] {processor.py:826} INFO - Processing file /home/airflow/.local/lib/python3.7/site-packages/airflow/example_dags/example_branch_operator_decorator.py for tasks to queue
[2023-06-28T14:33:44.806+0000] {logging_mixin.py:149} INFO - [2023-06-28T14:33:44.806+0000] {dagbag.py:541} INFO - Filling up the DagBag from /home/airflow/.local/lib/python3.7/site-packages/airflow/example_dags/example_branch_operator_decorator.py
[2023-06-28T14:33:44.820+0000] {processor.py:836} INFO - DAG(s) dict_keys(['example_branch_python_operator_decorator']) retrieved from /home/airflow/.local/lib/python3.7/site-packages/airflow/example_dags/example_branch_operator_decorator.py
[2023-06-28T14:33:44.859+0000] {logging_mixin.py:149} INFO - [2023-06-28T14:33:44.859+0000] {dag.py:2726} INFO - Sync 1 DAGs
[2023-06-28T14:33:44.902+0000] {logging_mixin.py:149} INFO - [2023-06-28T14:33:44.902+0000] {dag.py:3490} INFO - Setting next_dagrun for example_branch_python_operator_decorator to 2023-06-27T00:00:00+00:00, run_after=2023-06-28T00:00:00+00:00
[2023-06-28T14:33:44.942+0000] {processor.py:179} INFO - Processing /home/airflow/.local/lib/python3.7/site-packages/airflow/example_dags/example_branch_operator_decorator.py took 0.143 seconds
[2023-06-28T14:34:15.835+0000] {processor.py:157} INFO - Started process (PID=2107) to work on /home/airflow/.local/lib/python3.7/site-packages/airflow/example_dags/example_branch_operator_decorator.py
[2023-06-28T14:34:15.836+0000] {processor.py:826} INFO - Processing file /home/airflow/.local/lib/python3.7/site-packages/airflow/example_dags/example_branch_operator_decorator.py for tasks to queue
[2023-06-28T14:34:15.838+0000] {logging_mixin.py:149} INFO - [2023-06-28T14:34:15.837+0000] {dagbag.py:541} INFO - Filling up the DagBag from /home/airflow/.local/lib/python3.7/site-packages/airflow/example_dags/example_branch_operator_decorator.py
[2023-06-28T14:34:15.851+0000] {processor.py:836} INFO - DAG(s) dict_keys(['example_branch_python_operator_decorator']) retrieved from /home/airflow/.local/lib/python3.7/site-packages/airflow/example_dags/example_branch_operator_decorator.py
[2023-06-28T14:34:15.889+0000] {logging_mixin.py:149} INFO - [2023-06-28T14:34:15.889+0000] {dag.py:2726} INFO - Sync 1 DAGs
[2023-06-28T14:34:15.938+0000] {logging_mixin.py:149} INFO - [2023-06-28T14:34:15.938+0000] {dag.py:3490} INFO - Setting next_dagrun for example_branch_python_operator_decorator to 2023-06-27T00:00:00+00:00, run_after=2023-06-28T00:00:00+00:00
[2023-06-28T14:34:15.980+0000] {processor.py:179} INFO - Processing /home/airflow/.local/lib/python3.7/site-packages/airflow/example_dags/example_branch_operator_decorator.py took 0.150 seconds
[2023-06-28T14:34:46.056+0000] {processor.py:157} INFO - Started process (PID=2166) to work on /home/airflow/.local/lib/python3.7/site-packages/airflow/example_dags/example_branch_operator_decorator.py
[2023-06-28T14:34:46.057+0000] {processor.py:826} INFO - Processing file /home/airflow/.local/lib/python3.7/site-packages/airflow/example_dags/example_branch_operator_decorator.py for tasks to queue
[2023-06-28T14:34:46.059+0000] {logging_mixin.py:149} INFO - [2023-06-28T14:34:46.058+0000] {dagbag.py:541} INFO - Filling up the DagBag from /home/airflow/.local/lib/python3.7/site-packages/airflow/example_dags/example_branch_operator_decorator.py
[2023-06-28T14:34:46.077+0000] {processor.py:836} INFO - DAG(s) dict_keys(['example_branch_python_operator_decorator']) retrieved from /home/airflow/.local/lib/python3.7/site-packages/airflow/example_dags/example_branch_operator_decorator.py
[2023-06-28T14:34:46.115+0000] {logging_mixin.py:149} INFO - [2023-06-28T14:34:46.115+0000] {dag.py:2726} INFO - Sync 1 DAGs
[2023-06-28T14:34:46.161+0000] {logging_mixin.py:149} INFO - [2023-06-28T14:34:46.161+0000] {dag.py:3490} INFO - Setting next_dagrun for example_branch_python_operator_decorator to 2023-06-27T00:00:00+00:00, run_after=2023-06-28T00:00:00+00:00
[2023-06-28T14:34:46.195+0000] {processor.py:179} INFO - Processing /home/airflow/.local/lib/python3.7/site-packages/airflow/example_dags/example_branch_operator_decorator.py took 0.144 seconds
[2023-06-28T14:35:16.336+0000] {processor.py:157} INFO - Started process (PID=2225) to work on /home/airflow/.local/lib/python3.7/site-packages/airflow/example_dags/example_branch_operator_decorator.py
[2023-06-28T14:35:16.337+0000] {processor.py:826} INFO - Processing file /home/airflow/.local/lib/python3.7/site-packages/airflow/example_dags/example_branch_operator_decorator.py for tasks to queue
[2023-06-28T14:35:16.338+0000] {logging_mixin.py:149} INFO - [2023-06-28T14:35:16.338+0000] {dagbag.py:541} INFO - Filling up the DagBag from /home/airflow/.local/lib/python3.7/site-packages/airflow/example_dags/example_branch_operator_decorator.py
[2023-06-28T14:35:16.359+0000] {processor.py:836} INFO - DAG(s) dict_keys(['example_branch_python_operator_decorator']) retrieved from /home/airflow/.local/lib/python3.7/site-packages/airflow/example_dags/example_branch_operator_decorator.py
[2023-06-28T14:35:16.401+0000] {logging_mixin.py:149} INFO - [2023-06-28T14:35:16.401+0000] {dag.py:2726} INFO - Sync 1 DAGs
[2023-06-28T14:35:16.447+0000] {logging_mixin.py:149} INFO - [2023-06-28T14:35:16.447+0000] {dag.py:3490} INFO - Setting next_dagrun for example_branch_python_operator_decorator to 2023-06-27T00:00:00+00:00, run_after=2023-06-28T00:00:00+00:00
[2023-06-28T14:35:16.508+0000] {processor.py:179} INFO - Processing /home/airflow/.local/lib/python3.7/site-packages/airflow/example_dags/example_branch_operator_decorator.py took 0.176 seconds
[2023-06-28T14:35:46.931+0000] {processor.py:157} INFO - Started process (PID=2284) to work on /home/airflow/.local/lib/python3.7/site-packages/airflow/example_dags/example_branch_operator_decorator.py
[2023-06-28T14:35:46.933+0000] {processor.py:826} INFO - Processing file /home/airflow/.local/lib/python3.7/site-packages/airflow/example_dags/example_branch_operator_decorator.py for tasks to queue
[2023-06-28T14:35:46.934+0000] {logging_mixin.py:149} INFO - [2023-06-28T14:35:46.934+0000] {dagbag.py:541} INFO - Filling up the DagBag from /home/airflow/.local/lib/python3.7/site-packages/airflow/example_dags/example_branch_operator_decorator.py
[2023-06-28T14:35:46.964+0000] {processor.py:836} INFO - DAG(s) dict_keys(['example_branch_python_operator_decorator']) retrieved from /home/airflow/.local/lib/python3.7/site-packages/airflow/example_dags/example_branch_operator_decorator.py
[2023-06-28T14:35:47.026+0000] {logging_mixin.py:149} INFO - [2023-06-28T14:35:47.025+0000] {dag.py:2726} INFO - Sync 1 DAGs
[2023-06-28T14:35:47.095+0000] {logging_mixin.py:149} INFO - [2023-06-28T14:35:47.095+0000] {dag.py:3490} INFO - Setting next_dagrun for example_branch_python_operator_decorator to 2023-06-27T00:00:00+00:00, run_after=2023-06-28T00:00:00+00:00
[2023-06-28T14:35:47.167+0000] {processor.py:179} INFO - Processing /home/airflow/.local/lib/python3.7/site-packages/airflow/example_dags/example_branch_operator_decorator.py took 0.243 seconds
[2023-06-28T14:36:17.287+0000] {processor.py:157} INFO - Started process (PID=2344) to work on /home/airflow/.local/lib/python3.7/site-packages/airflow/example_dags/example_branch_operator_decorator.py
[2023-06-28T14:36:17.289+0000] {processor.py:826} INFO - Processing file /home/airflow/.local/lib/python3.7/site-packages/airflow/example_dags/example_branch_operator_decorator.py for tasks to queue
[2023-06-28T14:36:17.291+0000] {logging_mixin.py:149} INFO - [2023-06-28T14:36:17.290+0000] {dagbag.py:541} INFO - Filling up the DagBag from /home/airflow/.local/lib/python3.7/site-packages/airflow/example_dags/example_branch_operator_decorator.py
[2023-06-28T14:36:17.321+0000] {processor.py:836} INFO - DAG(s) dict_keys(['example_branch_python_operator_decorator']) retrieved from /home/airflow/.local/lib/python3.7/site-packages/airflow/example_dags/example_branch_operator_decorator.py
[2023-06-28T14:36:17.379+0000] {logging_mixin.py:149} INFO - [2023-06-28T14:36:17.378+0000] {dag.py:2726} INFO - Sync 1 DAGs
[2023-06-28T14:36:17.426+0000] {logging_mixin.py:149} INFO - [2023-06-28T14:36:17.426+0000] {dag.py:3490} INFO - Setting next_dagrun for example_branch_python_operator_decorator to 2023-06-27T00:00:00+00:00, run_after=2023-06-28T00:00:00+00:00
[2023-06-28T14:36:17.461+0000] {processor.py:179} INFO - Processing /home/airflow/.local/lib/python3.7/site-packages/airflow/example_dags/example_branch_operator_decorator.py took 0.181 seconds
[2023-06-28T14:36:47.747+0000] {processor.py:157} INFO - Started process (PID=2403) to work on /home/airflow/.local/lib/python3.7/site-packages/airflow/example_dags/example_branch_operator_decorator.py
[2023-06-28T14:36:47.749+0000] {processor.py:826} INFO - Processing file /home/airflow/.local/lib/python3.7/site-packages/airflow/example_dags/example_branch_operator_decorator.py for tasks to queue
[2023-06-28T14:36:47.750+0000] {logging_mixin.py:149} INFO - [2023-06-28T14:36:47.750+0000] {dagbag.py:541} INFO - Filling up the DagBag from /home/airflow/.local/lib/python3.7/site-packages/airflow/example_dags/example_branch_operator_decorator.py
[2023-06-28T14:36:47.767+0000] {processor.py:836} INFO - DAG(s) dict_keys(['example_branch_python_operator_decorator']) retrieved from /home/airflow/.local/lib/python3.7/site-packages/airflow/example_dags/example_branch_operator_decorator.py
[2023-06-28T14:36:47.860+0000] {logging_mixin.py:149} INFO - [2023-06-28T14:36:47.860+0000] {dag.py:2726} INFO - Sync 1 DAGs
[2023-06-28T14:36:47.955+0000] {logging_mixin.py:149} INFO - [2023-06-28T14:36:47.955+0000] {dag.py:3490} INFO - Setting next_dagrun for example_branch_python_operator_decorator to 2023-06-27T00:00:00+00:00, run_after=2023-06-28T00:00:00+00:00
[2023-06-28T14:36:48.001+0000] {processor.py:179} INFO - Processing /home/airflow/.local/lib/python3.7/site-packages/airflow/example_dags/example_branch_operator_decorator.py took 0.258 seconds
[2023-06-28T14:37:18.151+0000] {processor.py:157} INFO - Started process (PID=2462) to work on /home/airflow/.local/lib/python3.7/site-packages/airflow/example_dags/example_branch_operator_decorator.py
[2023-06-28T14:37:18.152+0000] {processor.py:826} INFO - Processing file /home/airflow/.local/lib/python3.7/site-packages/airflow/example_dags/example_branch_operator_decorator.py for tasks to queue
[2023-06-28T14:37:18.154+0000] {logging_mixin.py:149} INFO - [2023-06-28T14:37:18.154+0000] {dagbag.py:541} INFO - Filling up the DagBag from /home/airflow/.local/lib/python3.7/site-packages/airflow/example_dags/example_branch_operator_decorator.py
[2023-06-28T14:37:18.168+0000] {processor.py:836} INFO - DAG(s) dict_keys(['example_branch_python_operator_decorator']) retrieved from /home/airflow/.local/lib/python3.7/site-packages/airflow/example_dags/example_branch_operator_decorator.py
[2023-06-28T14:37:18.213+0000] {logging_mixin.py:149} INFO - [2023-06-28T14:37:18.213+0000] {dag.py:2726} INFO - Sync 1 DAGs
[2023-06-28T14:37:18.256+0000] {logging_mixin.py:149} INFO - [2023-06-28T14:37:18.255+0000] {dag.py:3490} INFO - Setting next_dagrun for example_branch_python_operator_decorator to 2023-06-27T00:00:00+00:00, run_after=2023-06-28T00:00:00+00:00
[2023-06-28T14:37:18.292+0000] {processor.py:179} INFO - Processing /home/airflow/.local/lib/python3.7/site-packages/airflow/example_dags/example_branch_operator_decorator.py took 0.146 seconds
[2023-06-28T14:37:49.328+0000] {processor.py:157} INFO - Started process (PID=2521) to work on /home/airflow/.local/lib/python3.7/site-packages/airflow/example_dags/example_branch_operator_decorator.py
[2023-06-28T14:37:49.330+0000] {processor.py:826} INFO - Processing file /home/airflow/.local/lib/python3.7/site-packages/airflow/example_dags/example_branch_operator_decorator.py for tasks to queue
[2023-06-28T14:37:49.331+0000] {logging_mixin.py:149} INFO - [2023-06-28T14:37:49.331+0000] {dagbag.py:541} INFO - Filling up the DagBag from /home/airflow/.local/lib/python3.7/site-packages/airflow/example_dags/example_branch_operator_decorator.py
[2023-06-28T14:37:49.349+0000] {processor.py:836} INFO - DAG(s) dict_keys(['example_branch_python_operator_decorator']) retrieved from /home/airflow/.local/lib/python3.7/site-packages/airflow/example_dags/example_branch_operator_decorator.py
[2023-06-28T14:37:49.390+0000] {logging_mixin.py:149} INFO - [2023-06-28T14:37:49.389+0000] {dag.py:2726} INFO - Sync 1 DAGs
[2023-06-28T14:37:49.428+0000] {logging_mixin.py:149} INFO - [2023-06-28T14:37:49.428+0000] {dag.py:3490} INFO - Setting next_dagrun for example_branch_python_operator_decorator to 2023-06-27T00:00:00+00:00, run_after=2023-06-28T00:00:00+00:00
[2023-06-28T14:37:49.464+0000] {processor.py:179} INFO - Processing /home/airflow/.local/lib/python3.7/site-packages/airflow/example_dags/example_branch_operator_decorator.py took 0.140 seconds
[2023-06-28T14:38:19.672+0000] {processor.py:157} INFO - Started process (PID=2581) to work on /home/airflow/.local/lib/python3.7/site-packages/airflow/example_dags/example_branch_operator_decorator.py
[2023-06-28T14:38:19.674+0000] {processor.py:826} INFO - Processing file /home/airflow/.local/lib/python3.7/site-packages/airflow/example_dags/example_branch_operator_decorator.py for tasks to queue
[2023-06-28T14:38:19.675+0000] {logging_mixin.py:149} INFO - [2023-06-28T14:38:19.675+0000] {dagbag.py:541} INFO - Filling up the DagBag from /home/airflow/.local/lib/python3.7/site-packages/airflow/example_dags/example_branch_operator_decorator.py
[2023-06-28T14:38:19.699+0000] {processor.py:836} INFO - DAG(s) dict_keys(['example_branch_python_operator_decorator']) retrieved from /home/airflow/.local/lib/python3.7/site-packages/airflow/example_dags/example_branch_operator_decorator.py
[2023-06-28T14:38:19.768+0000] {logging_mixin.py:149} INFO - [2023-06-28T14:38:19.768+0000] {dag.py:2726} INFO - Sync 1 DAGs
[2023-06-28T14:38:19.814+0000] {logging_mixin.py:149} INFO - [2023-06-28T14:38:19.813+0000] {dag.py:3490} INFO - Setting next_dagrun for example_branch_python_operator_decorator to 2023-06-27T00:00:00+00:00, run_after=2023-06-28T00:00:00+00:00
[2023-06-28T14:38:19.861+0000] {processor.py:179} INFO - Processing /home/airflow/.local/lib/python3.7/site-packages/airflow/example_dags/example_branch_operator_decorator.py took 0.201 seconds
[2023-06-28T14:38:49.956+0000] {processor.py:157} INFO - Started process (PID=2640) to work on /home/airflow/.local/lib/python3.7/site-packages/airflow/example_dags/example_branch_operator_decorator.py
[2023-06-28T14:38:49.958+0000] {processor.py:826} INFO - Processing file /home/airflow/.local/lib/python3.7/site-packages/airflow/example_dags/example_branch_operator_decorator.py for tasks to queue
[2023-06-28T14:38:49.959+0000] {logging_mixin.py:149} INFO - [2023-06-28T14:38:49.959+0000] {dagbag.py:541} INFO - Filling up the DagBag from /home/airflow/.local/lib/python3.7/site-packages/airflow/example_dags/example_branch_operator_decorator.py
[2023-06-28T14:38:49.975+0000] {processor.py:836} INFO - DAG(s) dict_keys(['example_branch_python_operator_decorator']) retrieved from /home/airflow/.local/lib/python3.7/site-packages/airflow/example_dags/example_branch_operator_decorator.py
[2023-06-28T14:38:50.016+0000] {logging_mixin.py:149} INFO - [2023-06-28T14:38:50.015+0000] {dag.py:2726} INFO - Sync 1 DAGs
[2023-06-28T14:38:50.061+0000] {logging_mixin.py:149} INFO - [2023-06-28T14:38:50.061+0000] {dag.py:3490} INFO - Setting next_dagrun for example_branch_python_operator_decorator to 2023-06-27T00:00:00+00:00, run_after=2023-06-28T00:00:00+00:00
[2023-06-28T14:38:50.096+0000] {processor.py:179} INFO - Processing /home/airflow/.local/lib/python3.7/site-packages/airflow/example_dags/example_branch_operator_decorator.py took 0.144 seconds
[2023-06-28T14:39:20.268+0000] {processor.py:157} INFO - Started process (PID=2699) to work on /home/airflow/.local/lib/python3.7/site-packages/airflow/example_dags/example_branch_operator_decorator.py
[2023-06-28T14:39:20.271+0000] {processor.py:826} INFO - Processing file /home/airflow/.local/lib/python3.7/site-packages/airflow/example_dags/example_branch_operator_decorator.py for tasks to queue
[2023-06-28T14:39:20.274+0000] {logging_mixin.py:149} INFO - [2023-06-28T14:39:20.273+0000] {dagbag.py:541} INFO - Filling up the DagBag from /home/airflow/.local/lib/python3.7/site-packages/airflow/example_dags/example_branch_operator_decorator.py
[2023-06-28T14:39:20.297+0000] {processor.py:836} INFO - DAG(s) dict_keys(['example_branch_python_operator_decorator']) retrieved from /home/airflow/.local/lib/python3.7/site-packages/airflow/example_dags/example_branch_operator_decorator.py
[2023-06-28T14:39:20.374+0000] {logging_mixin.py:149} INFO - [2023-06-28T14:39:20.374+0000] {dag.py:2726} INFO - Sync 1 DAGs
[2023-06-28T14:39:20.449+0000] {logging_mixin.py:149} INFO - [2023-06-28T14:39:20.449+0000] {dag.py:3490} INFO - Setting next_dagrun for example_branch_python_operator_decorator to 2023-06-27T00:00:00+00:00, run_after=2023-06-28T00:00:00+00:00
[2023-06-28T14:39:20.498+0000] {processor.py:179} INFO - Processing /home/airflow/.local/lib/python3.7/site-packages/airflow/example_dags/example_branch_operator_decorator.py took 0.238 seconds
[2023-06-28T14:39:50.963+0000] {processor.py:157} INFO - Started process (PID=2758) to work on /home/airflow/.local/lib/python3.7/site-packages/airflow/example_dags/example_branch_operator_decorator.py
[2023-06-28T14:39:50.964+0000] {processor.py:826} INFO - Processing file /home/airflow/.local/lib/python3.7/site-packages/airflow/example_dags/example_branch_operator_decorator.py for tasks to queue
[2023-06-28T14:39:50.966+0000] {logging_mixin.py:149} INFO - [2023-06-28T14:39:50.965+0000] {dagbag.py:541} INFO - Filling up the DagBag from /home/airflow/.local/lib/python3.7/site-packages/airflow/example_dags/example_branch_operator_decorator.py
[2023-06-28T14:39:50.983+0000] {processor.py:836} INFO - DAG(s) dict_keys(['example_branch_python_operator_decorator']) retrieved from /home/airflow/.local/lib/python3.7/site-packages/airflow/example_dags/example_branch_operator_decorator.py
[2023-06-28T14:39:51.022+0000] {logging_mixin.py:149} INFO - [2023-06-28T14:39:51.022+0000] {dag.py:2726} INFO - Sync 1 DAGs
[2023-06-28T14:39:51.064+0000] {logging_mixin.py:149} INFO - [2023-06-28T14:39:51.064+0000] {dag.py:3490} INFO - Setting next_dagrun for example_branch_python_operator_decorator to 2023-06-27T00:00:00+00:00, run_after=2023-06-28T00:00:00+00:00
[2023-06-28T14:39:51.100+0000] {processor.py:179} INFO - Processing /home/airflow/.local/lib/python3.7/site-packages/airflow/example_dags/example_branch_operator_decorator.py took 0.142 seconds
[2023-06-28T14:40:21.192+0000] {processor.py:157} INFO - Started process (PID=2818) to work on /home/airflow/.local/lib/python3.7/site-packages/airflow/example_dags/example_branch_operator_decorator.py
[2023-06-28T14:40:21.194+0000] {processor.py:826} INFO - Processing file /home/airflow/.local/lib/python3.7/site-packages/airflow/example_dags/example_branch_operator_decorator.py for tasks to queue
[2023-06-28T14:40:21.196+0000] {logging_mixin.py:149} INFO - [2023-06-28T14:40:21.195+0000] {dagbag.py:541} INFO - Filling up the DagBag from /home/airflow/.local/lib/python3.7/site-packages/airflow/example_dags/example_branch_operator_decorator.py
[2023-06-28T14:40:21.214+0000] {processor.py:836} INFO - DAG(s) dict_keys(['example_branch_python_operator_decorator']) retrieved from /home/airflow/.local/lib/python3.7/site-packages/airflow/example_dags/example_branch_operator_decorator.py
[2023-06-28T14:40:21.254+0000] {logging_mixin.py:149} INFO - [2023-06-28T14:40:21.254+0000] {dag.py:2726} INFO - Sync 1 DAGs
[2023-06-28T14:40:21.294+0000] {logging_mixin.py:149} INFO - [2023-06-28T14:40:21.293+0000] {dag.py:3490} INFO - Setting next_dagrun for example_branch_python_operator_decorator to 2023-06-27T00:00:00+00:00, run_after=2023-06-28T00:00:00+00:00
[2023-06-28T14:40:21.350+0000] {processor.py:179} INFO - Processing /home/airflow/.local/lib/python3.7/site-packages/airflow/example_dags/example_branch_operator_decorator.py took 0.163 seconds
[2023-06-28T14:40:51.653+0000] {processor.py:157} INFO - Started process (PID=2878) to work on /home/airflow/.local/lib/python3.7/site-packages/airflow/example_dags/example_branch_operator_decorator.py
[2023-06-28T14:40:51.663+0000] {processor.py:826} INFO - Processing file /home/airflow/.local/lib/python3.7/site-packages/airflow/example_dags/example_branch_operator_decorator.py for tasks to queue
[2023-06-28T14:40:51.664+0000] {logging_mixin.py:149} INFO - [2023-06-28T14:40:51.664+0000] {dagbag.py:541} INFO - Filling up the DagBag from /home/airflow/.local/lib/python3.7/site-packages/airflow/example_dags/example_branch_operator_decorator.py
[2023-06-28T14:40:51.690+0000] {processor.py:836} INFO - DAG(s) dict_keys(['example_branch_python_operator_decorator']) retrieved from /home/airflow/.local/lib/python3.7/site-packages/airflow/example_dags/example_branch_operator_decorator.py
[2023-06-28T14:40:51.749+0000] {logging_mixin.py:149} INFO - [2023-06-28T14:40:51.749+0000] {dag.py:2726} INFO - Sync 1 DAGs
[2023-06-28T14:40:51.836+0000] {logging_mixin.py:149} INFO - [2023-06-28T14:40:51.836+0000] {dag.py:3490} INFO - Setting next_dagrun for example_branch_python_operator_decorator to 2023-06-27T00:00:00+00:00, run_after=2023-06-28T00:00:00+00:00
[2023-06-28T14:40:51.923+0000] {processor.py:179} INFO - Processing /home/airflow/.local/lib/python3.7/site-packages/airflow/example_dags/example_branch_operator_decorator.py took 0.278 seconds
[2023-06-28T14:41:22.021+0000] {processor.py:157} INFO - Started process (PID=2937) to work on /home/airflow/.local/lib/python3.7/site-packages/airflow/example_dags/example_branch_operator_decorator.py
[2023-06-28T14:41:22.023+0000] {processor.py:826} INFO - Processing file /home/airflow/.local/lib/python3.7/site-packages/airflow/example_dags/example_branch_operator_decorator.py for tasks to queue
[2023-06-28T14:41:22.025+0000] {logging_mixin.py:149} INFO - [2023-06-28T14:41:22.025+0000] {dagbag.py:541} INFO - Filling up the DagBag from /home/airflow/.local/lib/python3.7/site-packages/airflow/example_dags/example_branch_operator_decorator.py
[2023-06-28T14:41:22.059+0000] {processor.py:836} INFO - DAG(s) dict_keys(['example_branch_python_operator_decorator']) retrieved from /home/airflow/.local/lib/python3.7/site-packages/airflow/example_dags/example_branch_operator_decorator.py
[2023-06-28T14:41:22.147+0000] {logging_mixin.py:149} INFO - [2023-06-28T14:41:22.147+0000] {dag.py:2726} INFO - Sync 1 DAGs
[2023-06-28T14:41:22.203+0000] {logging_mixin.py:149} INFO - [2023-06-28T14:41:22.202+0000] {dag.py:3490} INFO - Setting next_dagrun for example_branch_python_operator_decorator to 2023-06-27T00:00:00+00:00, run_after=2023-06-28T00:00:00+00:00
[2023-06-28T14:41:22.238+0000] {processor.py:179} INFO - Processing /home/airflow/.local/lib/python3.7/site-packages/airflow/example_dags/example_branch_operator_decorator.py took 0.224 seconds
[2023-06-28T14:41:52.619+0000] {processor.py:157} INFO - Started process (PID=2997) to work on /home/airflow/.local/lib/python3.7/site-packages/airflow/example_dags/example_branch_operator_decorator.py
[2023-06-28T14:41:52.620+0000] {processor.py:826} INFO - Processing file /home/airflow/.local/lib/python3.7/site-packages/airflow/example_dags/example_branch_operator_decorator.py for tasks to queue
[2023-06-28T14:41:52.622+0000] {logging_mixin.py:149} INFO - [2023-06-28T14:41:52.621+0000] {dagbag.py:541} INFO - Filling up the DagBag from /home/airflow/.local/lib/python3.7/site-packages/airflow/example_dags/example_branch_operator_decorator.py
[2023-06-28T14:41:52.635+0000] {processor.py:836} INFO - DAG(s) dict_keys(['example_branch_python_operator_decorator']) retrieved from /home/airflow/.local/lib/python3.7/site-packages/airflow/example_dags/example_branch_operator_decorator.py
[2023-06-28T14:41:52.677+0000] {logging_mixin.py:149} INFO - [2023-06-28T14:41:52.677+0000] {dag.py:2726} INFO - Sync 1 DAGs
[2023-06-28T14:41:52.719+0000] {logging_mixin.py:149} INFO - [2023-06-28T14:41:52.719+0000] {dag.py:3490} INFO - Setting next_dagrun for example_branch_python_operator_decorator to 2023-06-27T00:00:00+00:00, run_after=2023-06-28T00:00:00+00:00
[2023-06-28T14:41:52.759+0000] {processor.py:179} INFO - Processing /home/airflow/.local/lib/python3.7/site-packages/airflow/example_dags/example_branch_operator_decorator.py took 0.145 seconds
[2023-06-28T14:42:23.220+0000] {processor.py:157} INFO - Started process (PID=3056) to work on /home/airflow/.local/lib/python3.7/site-packages/airflow/example_dags/example_branch_operator_decorator.py
[2023-06-28T14:42:23.222+0000] {processor.py:826} INFO - Processing file /home/airflow/.local/lib/python3.7/site-packages/airflow/example_dags/example_branch_operator_decorator.py for tasks to queue
[2023-06-28T14:42:23.224+0000] {logging_mixin.py:149} INFO - [2023-06-28T14:42:23.223+0000] {dagbag.py:541} INFO - Filling up the DagBag from /home/airflow/.local/lib/python3.7/site-packages/airflow/example_dags/example_branch_operator_decorator.py
[2023-06-28T14:42:23.246+0000] {processor.py:836} INFO - DAG(s) dict_keys(['example_branch_python_operator_decorator']) retrieved from /home/airflow/.local/lib/python3.7/site-packages/airflow/example_dags/example_branch_operator_decorator.py
[2023-06-28T14:42:23.291+0000] {logging_mixin.py:149} INFO - [2023-06-28T14:42:23.291+0000] {dag.py:2726} INFO - Sync 1 DAGs
[2023-06-28T14:42:23.332+0000] {logging_mixin.py:149} INFO - [2023-06-28T14:42:23.332+0000] {dag.py:3490} INFO - Setting next_dagrun for example_branch_python_operator_decorator to 2023-06-27T00:00:00+00:00, run_after=2023-06-28T00:00:00+00:00
[2023-06-28T14:42:23.375+0000] {processor.py:179} INFO - Processing /home/airflow/.local/lib/python3.7/site-packages/airflow/example_dags/example_branch_operator_decorator.py took 0.161 seconds
[2023-06-28T14:42:53.894+0000] {processor.py:157} INFO - Started process (PID=3115) to work on /home/airflow/.local/lib/python3.7/site-packages/airflow/example_dags/example_branch_operator_decorator.py
[2023-06-28T14:42:53.896+0000] {processor.py:826} INFO - Processing file /home/airflow/.local/lib/python3.7/site-packages/airflow/example_dags/example_branch_operator_decorator.py for tasks to queue
[2023-06-28T14:42:53.897+0000] {logging_mixin.py:149} INFO - [2023-06-28T14:42:53.897+0000] {dagbag.py:541} INFO - Filling up the DagBag from /home/airflow/.local/lib/python3.7/site-packages/airflow/example_dags/example_branch_operator_decorator.py
[2023-06-28T14:42:53.911+0000] {processor.py:836} INFO - DAG(s) dict_keys(['example_branch_python_operator_decorator']) retrieved from /home/airflow/.local/lib/python3.7/site-packages/airflow/example_dags/example_branch_operator_decorator.py
[2023-06-28T14:42:53.954+0000] {logging_mixin.py:149} INFO - [2023-06-28T14:42:53.954+0000] {dag.py:2726} INFO - Sync 1 DAGs
[2023-06-28T14:42:53.997+0000] {logging_mixin.py:149} INFO - [2023-06-28T14:42:53.997+0000] {dag.py:3490} INFO - Setting next_dagrun for example_branch_python_operator_decorator to 2023-06-27T00:00:00+00:00, run_after=2023-06-28T00:00:00+00:00
[2023-06-28T14:42:54.031+0000] {processor.py:179} INFO - Processing /home/airflow/.local/lib/python3.7/site-packages/airflow/example_dags/example_branch_operator_decorator.py took 0.142 seconds
[2023-06-28T14:43:24.208+0000] {processor.py:157} INFO - Started process (PID=3174) to work on /home/airflow/.local/lib/python3.7/site-packages/airflow/example_dags/example_branch_operator_decorator.py
[2023-06-28T14:43:24.209+0000] {processor.py:826} INFO - Processing file /home/airflow/.local/lib/python3.7/site-packages/airflow/example_dags/example_branch_operator_decorator.py for tasks to queue
[2023-06-28T14:43:24.211+0000] {logging_mixin.py:149} INFO - [2023-06-28T14:43:24.210+0000] {dagbag.py:541} INFO - Filling up the DagBag from /home/airflow/.local/lib/python3.7/site-packages/airflow/example_dags/example_branch_operator_decorator.py
[2023-06-28T14:43:24.235+0000] {processor.py:836} INFO - DAG(s) dict_keys(['example_branch_python_operator_decorator']) retrieved from /home/airflow/.local/lib/python3.7/site-packages/airflow/example_dags/example_branch_operator_decorator.py
[2023-06-28T14:43:24.312+0000] {logging_mixin.py:149} INFO - [2023-06-28T14:43:24.311+0000] {dag.py:2726} INFO - Sync 1 DAGs
[2023-06-28T14:43:24.430+0000] {logging_mixin.py:149} INFO - [2023-06-28T14:43:24.429+0000] {dag.py:3490} INFO - Setting next_dagrun for example_branch_python_operator_decorator to 2023-06-27T00:00:00+00:00, run_after=2023-06-28T00:00:00+00:00
[2023-06-28T14:43:24.501+0000] {processor.py:179} INFO - Processing /home/airflow/.local/lib/python3.7/site-packages/airflow/example_dags/example_branch_operator_decorator.py took 0.298 seconds
[2023-06-28T14:43:55.126+0000] {processor.py:157} INFO - Started process (PID=3228) to work on /home/airflow/.local/lib/python3.7/site-packages/airflow/example_dags/example_branch_operator_decorator.py
[2023-06-28T14:43:55.132+0000] {processor.py:826} INFO - Processing file /home/airflow/.local/lib/python3.7/site-packages/airflow/example_dags/example_branch_operator_decorator.py for tasks to queue
[2023-06-28T14:43:55.134+0000] {logging_mixin.py:149} INFO - [2023-06-28T14:43:55.134+0000] {dagbag.py:541} INFO - Filling up the DagBag from /home/airflow/.local/lib/python3.7/site-packages/airflow/example_dags/example_branch_operator_decorator.py
[2023-06-28T14:43:55.201+0000] {processor.py:836} INFO - DAG(s) dict_keys(['example_branch_python_operator_decorator']) retrieved from /home/airflow/.local/lib/python3.7/site-packages/airflow/example_dags/example_branch_operator_decorator.py
[2023-06-28T14:43:55.382+0000] {logging_mixin.py:149} INFO - [2023-06-28T14:43:55.381+0000] {dag.py:2726} INFO - Sync 1 DAGs
[2023-06-28T14:43:55.594+0000] {logging_mixin.py:149} INFO - [2023-06-28T14:43:55.594+0000] {dag.py:3490} INFO - Setting next_dagrun for example_branch_python_operator_decorator to 2023-06-27T00:00:00+00:00, run_after=2023-06-28T00:00:00+00:00
[2023-06-28T14:43:55.871+0000] {processor.py:179} INFO - Processing /home/airflow/.local/lib/python3.7/site-packages/airflow/example_dags/example_branch_operator_decorator.py took 0.756 seconds
[2023-06-28T14:44:26.487+0000] {processor.py:157} INFO - Started process (PID=3288) to work on /home/airflow/.local/lib/python3.7/site-packages/airflow/example_dags/example_branch_operator_decorator.py
[2023-06-28T14:44:26.488+0000] {processor.py:826} INFO - Processing file /home/airflow/.local/lib/python3.7/site-packages/airflow/example_dags/example_branch_operator_decorator.py for tasks to queue
[2023-06-28T14:44:26.501+0000] {logging_mixin.py:149} INFO - [2023-06-28T14:44:26.501+0000] {dagbag.py:541} INFO - Filling up the DagBag from /home/airflow/.local/lib/python3.7/site-packages/airflow/example_dags/example_branch_operator_decorator.py
[2023-06-28T14:44:26.571+0000] {processor.py:836} INFO - DAG(s) dict_keys(['example_branch_python_operator_decorator']) retrieved from /home/airflow/.local/lib/python3.7/site-packages/airflow/example_dags/example_branch_operator_decorator.py
[2023-06-28T14:44:26.755+0000] {logging_mixin.py:149} INFO - [2023-06-28T14:44:26.745+0000] {dag.py:2726} INFO - Sync 1 DAGs
[2023-06-28T14:44:26.972+0000] {logging_mixin.py:149} INFO - [2023-06-28T14:44:26.971+0000] {dag.py:3490} INFO - Setting next_dagrun for example_branch_python_operator_decorator to 2023-06-27T00:00:00+00:00, run_after=2023-06-28T00:00:00+00:00
[2023-06-28T14:44:27.137+0000] {processor.py:179} INFO - Processing /home/airflow/.local/lib/python3.7/site-packages/airflow/example_dags/example_branch_operator_decorator.py took 0.668 seconds
[2023-06-28T14:44:58.166+0000] {processor.py:157} INFO - Started process (PID=3347) to work on /home/airflow/.local/lib/python3.7/site-packages/airflow/example_dags/example_branch_operator_decorator.py
[2023-06-28T14:44:58.168+0000] {processor.py:826} INFO - Processing file /home/airflow/.local/lib/python3.7/site-packages/airflow/example_dags/example_branch_operator_decorator.py for tasks to queue
[2023-06-28T14:44:58.170+0000] {logging_mixin.py:149} INFO - [2023-06-28T14:44:58.169+0000] {dagbag.py:541} INFO - Filling up the DagBag from /home/airflow/.local/lib/python3.7/site-packages/airflow/example_dags/example_branch_operator_decorator.py
[2023-06-28T14:44:58.191+0000] {processor.py:836} INFO - DAG(s) dict_keys(['example_branch_python_operator_decorator']) retrieved from /home/airflow/.local/lib/python3.7/site-packages/airflow/example_dags/example_branch_operator_decorator.py
[2023-06-28T14:44:58.247+0000] {logging_mixin.py:149} INFO - [2023-06-28T14:44:58.247+0000] {dag.py:2726} INFO - Sync 1 DAGs
[2023-06-28T14:44:58.288+0000] {logging_mixin.py:149} INFO - [2023-06-28T14:44:58.288+0000] {dag.py:3490} INFO - Setting next_dagrun for example_branch_python_operator_decorator to 2023-06-27T00:00:00+00:00, run_after=2023-06-28T00:00:00+00:00
[2023-06-28T14:44:58.324+0000] {processor.py:179} INFO - Processing /home/airflow/.local/lib/python3.7/site-packages/airflow/example_dags/example_branch_operator_decorator.py took 0.164 seconds
[2023-06-28T14:45:28.454+0000] {processor.py:157} INFO - Started process (PID=3406) to work on /home/airflow/.local/lib/python3.7/site-packages/airflow/example_dags/example_branch_operator_decorator.py
[2023-06-28T14:45:28.464+0000] {processor.py:826} INFO - Processing file /home/airflow/.local/lib/python3.7/site-packages/airflow/example_dags/example_branch_operator_decorator.py for tasks to queue
[2023-06-28T14:45:28.466+0000] {logging_mixin.py:149} INFO - [2023-06-28T14:45:28.465+0000] {dagbag.py:541} INFO - Filling up the DagBag from /home/airflow/.local/lib/python3.7/site-packages/airflow/example_dags/example_branch_operator_decorator.py
[2023-06-28T14:45:28.503+0000] {processor.py:836} INFO - DAG(s) dict_keys(['example_branch_python_operator_decorator']) retrieved from /home/airflow/.local/lib/python3.7/site-packages/airflow/example_dags/example_branch_operator_decorator.py
[2023-06-28T14:45:28.608+0000] {logging_mixin.py:149} INFO - [2023-06-28T14:45:28.604+0000] {dag.py:2726} INFO - Sync 1 DAGs
[2023-06-28T14:45:28.684+0000] {logging_mixin.py:149} INFO - [2023-06-28T14:45:28.684+0000] {dag.py:3490} INFO - Setting next_dagrun for example_branch_python_operator_decorator to 2023-06-27T00:00:00+00:00, run_after=2023-06-28T00:00:00+00:00
[2023-06-28T14:45:28.755+0000] {processor.py:179} INFO - Processing /home/airflow/.local/lib/python3.7/site-packages/airflow/example_dags/example_branch_operator_decorator.py took 0.307 seconds
[2023-06-28T14:45:59.534+0000] {processor.py:157} INFO - Started process (PID=3474) to work on /home/airflow/.local/lib/python3.7/site-packages/airflow/example_dags/example_branch_operator_decorator.py
[2023-06-28T14:45:59.536+0000] {processor.py:826} INFO - Processing file /home/airflow/.local/lib/python3.7/site-packages/airflow/example_dags/example_branch_operator_decorator.py for tasks to queue
[2023-06-28T14:45:59.537+0000] {logging_mixin.py:149} INFO - [2023-06-28T14:45:59.537+0000] {dagbag.py:541} INFO - Filling up the DagBag from /home/airflow/.local/lib/python3.7/site-packages/airflow/example_dags/example_branch_operator_decorator.py
[2023-06-28T14:45:59.550+0000] {processor.py:836} INFO - DAG(s) dict_keys(['example_branch_python_operator_decorator']) retrieved from /home/airflow/.local/lib/python3.7/site-packages/airflow/example_dags/example_branch_operator_decorator.py
[2023-06-28T14:45:59.587+0000] {logging_mixin.py:149} INFO - [2023-06-28T14:45:59.587+0000] {dag.py:2726} INFO - Sync 1 DAGs
[2023-06-28T14:45:59.640+0000] {logging_mixin.py:149} INFO - [2023-06-28T14:45:59.640+0000] {dag.py:3490} INFO - Setting next_dagrun for example_branch_python_operator_decorator to 2023-06-27T00:00:00+00:00, run_after=2023-06-28T00:00:00+00:00
[2023-06-28T14:45:59.681+0000] {processor.py:179} INFO - Processing /home/airflow/.local/lib/python3.7/site-packages/airflow/example_dags/example_branch_operator_decorator.py took 0.151 seconds
[2023-06-28T14:46:29.769+0000] {processor.py:157} INFO - Started process (PID=3533) to work on /home/airflow/.local/lib/python3.7/site-packages/airflow/example_dags/example_branch_operator_decorator.py
[2023-06-28T14:46:29.771+0000] {processor.py:826} INFO - Processing file /home/airflow/.local/lib/python3.7/site-packages/airflow/example_dags/example_branch_operator_decorator.py for tasks to queue
[2023-06-28T14:46:29.772+0000] {logging_mixin.py:149} INFO - [2023-06-28T14:46:29.771+0000] {dagbag.py:541} INFO - Filling up the DagBag from /home/airflow/.local/lib/python3.7/site-packages/airflow/example_dags/example_branch_operator_decorator.py
[2023-06-28T14:46:29.788+0000] {processor.py:836} INFO - DAG(s) dict_keys(['example_branch_python_operator_decorator']) retrieved from /home/airflow/.local/lib/python3.7/site-packages/airflow/example_dags/example_branch_operator_decorator.py
[2023-06-28T14:46:29.833+0000] {logging_mixin.py:149} INFO - [2023-06-28T14:46:29.833+0000] {dag.py:2726} INFO - Sync 1 DAGs
[2023-06-28T14:46:29.874+0000] {logging_mixin.py:149} INFO - [2023-06-28T14:46:29.874+0000] {dag.py:3490} INFO - Setting next_dagrun for example_branch_python_operator_decorator to 2023-06-27T00:00:00+00:00, run_after=2023-06-28T00:00:00+00:00
[2023-06-28T14:46:29.946+0000] {processor.py:179} INFO - Processing /home/airflow/.local/lib/python3.7/site-packages/airflow/example_dags/example_branch_operator_decorator.py took 0.184 seconds
[2023-06-28T14:47:00.192+0000] {processor.py:157} INFO - Started process (PID=3593) to work on /home/airflow/.local/lib/python3.7/site-packages/airflow/example_dags/example_branch_operator_decorator.py
[2023-06-28T14:47:00.194+0000] {processor.py:826} INFO - Processing file /home/airflow/.local/lib/python3.7/site-packages/airflow/example_dags/example_branch_operator_decorator.py for tasks to queue
[2023-06-28T14:47:00.200+0000] {logging_mixin.py:149} INFO - [2023-06-28T14:47:00.200+0000] {dagbag.py:541} INFO - Filling up the DagBag from /home/airflow/.local/lib/python3.7/site-packages/airflow/example_dags/example_branch_operator_decorator.py
[2023-06-28T14:47:00.225+0000] {processor.py:836} INFO - DAG(s) dict_keys(['example_branch_python_operator_decorator']) retrieved from /home/airflow/.local/lib/python3.7/site-packages/airflow/example_dags/example_branch_operator_decorator.py
[2023-06-28T14:47:00.291+0000] {logging_mixin.py:149} INFO - [2023-06-28T14:47:00.291+0000] {dag.py:2726} INFO - Sync 1 DAGs
[2023-06-28T14:47:00.381+0000] {logging_mixin.py:149} INFO - [2023-06-28T14:47:00.377+0000] {dag.py:3490} INFO - Setting next_dagrun for example_branch_python_operator_decorator to 2023-06-27T00:00:00+00:00, run_after=2023-06-28T00:00:00+00:00
[2023-06-28T14:47:00.478+0000] {processor.py:179} INFO - Processing /home/airflow/.local/lib/python3.7/site-packages/airflow/example_dags/example_branch_operator_decorator.py took 0.293 seconds
[2023-06-28T14:47:30.681+0000] {processor.py:157} INFO - Started process (PID=3652) to work on /home/airflow/.local/lib/python3.7/site-packages/airflow/example_dags/example_branch_operator_decorator.py
[2023-06-28T14:47:30.683+0000] {processor.py:826} INFO - Processing file /home/airflow/.local/lib/python3.7/site-packages/airflow/example_dags/example_branch_operator_decorator.py for tasks to queue
[2023-06-28T14:47:30.685+0000] {logging_mixin.py:149} INFO - [2023-06-28T14:47:30.684+0000] {dagbag.py:541} INFO - Filling up the DagBag from /home/airflow/.local/lib/python3.7/site-packages/airflow/example_dags/example_branch_operator_decorator.py
[2023-06-28T14:47:30.705+0000] {processor.py:836} INFO - DAG(s) dict_keys(['example_branch_python_operator_decorator']) retrieved from /home/airflow/.local/lib/python3.7/site-packages/airflow/example_dags/example_branch_operator_decorator.py
[2023-06-28T14:47:30.755+0000] {logging_mixin.py:149} INFO - [2023-06-28T14:47:30.755+0000] {dag.py:2726} INFO - Sync 1 DAGs
[2023-06-28T14:47:30.806+0000] {logging_mixin.py:149} INFO - [2023-06-28T14:47:30.806+0000] {dag.py:3490} INFO - Setting next_dagrun for example_branch_python_operator_decorator to 2023-06-27T00:00:00+00:00, run_after=2023-06-28T00:00:00+00:00
[2023-06-28T14:47:30.835+0000] {processor.py:179} INFO - Processing /home/airflow/.local/lib/python3.7/site-packages/airflow/example_dags/example_branch_operator_decorator.py took 0.160 seconds
[2023-06-28T14:48:01.149+0000] {processor.py:157} INFO - Started process (PID=3712) to work on /home/airflow/.local/lib/python3.7/site-packages/airflow/example_dags/example_branch_operator_decorator.py
[2023-06-28T14:48:01.151+0000] {processor.py:826} INFO - Processing file /home/airflow/.local/lib/python3.7/site-packages/airflow/example_dags/example_branch_operator_decorator.py for tasks to queue
[2023-06-28T14:48:01.153+0000] {logging_mixin.py:149} INFO - [2023-06-28T14:48:01.152+0000] {dagbag.py:541} INFO - Filling up the DagBag from /home/airflow/.local/lib/python3.7/site-packages/airflow/example_dags/example_branch_operator_decorator.py
[2023-06-28T14:48:01.172+0000] {processor.py:836} INFO - DAG(s) dict_keys(['example_branch_python_operator_decorator']) retrieved from /home/airflow/.local/lib/python3.7/site-packages/airflow/example_dags/example_branch_operator_decorator.py
[2023-06-28T14:48:01.217+0000] {logging_mixin.py:149} INFO - [2023-06-28T14:48:01.217+0000] {dag.py:2726} INFO - Sync 1 DAGs
[2023-06-28T14:48:01.266+0000] {logging_mixin.py:149} INFO - [2023-06-28T14:48:01.266+0000] {dag.py:3490} INFO - Setting next_dagrun for example_branch_python_operator_decorator to 2023-06-27T00:00:00+00:00, run_after=2023-06-28T00:00:00+00:00
[2023-06-28T14:48:01.304+0000] {processor.py:179} INFO - Processing /home/airflow/.local/lib/python3.7/site-packages/airflow/example_dags/example_branch_operator_decorator.py took 0.161 seconds
