[2023-06-28T14:16:29.982+0000] {processor.py:157} INFO - Started process (PID=52) to work on /home/airflow/.local/lib/python3.7/site-packages/airflow/example_dags/example_complex.py
[2023-06-28T14:16:29.984+0000] {processor.py:826} INFO - Processing file /home/airflow/.local/lib/python3.7/site-packages/airflow/example_dags/example_complex.py for tasks to queue
[2023-06-28T14:16:29.987+0000] {logging_mixin.py:149} INFO - [2023-06-28T14:16:29.986+0000] {dagbag.py:541} INFO - Filling up the DagBag from /home/airflow/.local/lib/python3.7/site-packages/airflow/example_dags/example_complex.py
[2023-06-28T14:16:30.029+0000] {processor.py:836} INFO - DAG(s) dict_keys(['example_complex']) retrieved from /home/airflow/.local/lib/python3.7/site-packages/airflow/example_dags/example_complex.py
[2023-06-28T14:16:30.350+0000] {logging_mixin.py:149} INFO - [2023-06-28T14:16:30.349+0000] {dag.py:2726} INFO - Sync 1 DAGs
[2023-06-28T14:16:30.634+0000] {logging_mixin.py:149} INFO - [2023-06-28T14:16:30.634+0000] {dag.py:3490} INFO - Setting next_dagrun for example_complex to None, run_after=None
[2023-06-28T14:16:30.880+0000] {processor.py:179} INFO - Processing /home/airflow/.local/lib/python3.7/site-packages/airflow/example_dags/example_complex.py took 0.905 seconds
[2023-06-28T14:17:05.165+0000] {processor.py:157} INFO - Started process (PID=111) to work on /home/airflow/.local/lib/python3.7/site-packages/airflow/example_dags/example_complex.py
[2023-06-28T14:17:05.177+0000] {processor.py:826} INFO - Processing file /home/airflow/.local/lib/python3.7/site-packages/airflow/example_dags/example_complex.py for tasks to queue
[2023-06-28T14:17:05.225+0000] {logging_mixin.py:149} INFO - [2023-06-28T14:17:05.214+0000] {dagbag.py:541} INFO - Filling up the DagBag from /home/airflow/.local/lib/python3.7/site-packages/airflow/example_dags/example_complex.py
[2023-06-28T14:17:05.391+0000] {processor.py:836} INFO - DAG(s) dict_keys(['example_complex']) retrieved from /home/airflow/.local/lib/python3.7/site-packages/airflow/example_dags/example_complex.py
[2023-06-28T14:17:05.887+0000] {logging_mixin.py:149} INFO - [2023-06-28T14:17:05.887+0000] {dag.py:2726} INFO - Sync 1 DAGs
[2023-06-28T14:17:06.045+0000] {logging_mixin.py:149} INFO - [2023-06-28T14:17:06.044+0000] {dag.py:3490} INFO - Setting next_dagrun for example_complex to None, run_after=None
[2023-06-28T14:17:06.328+0000] {processor.py:179} INFO - Processing /home/airflow/.local/lib/python3.7/site-packages/airflow/example_dags/example_complex.py took 1.177 seconds
[2023-06-28T14:17:36.926+0000] {processor.py:157} INFO - Started process (PID=169) to work on /home/airflow/.local/lib/python3.7/site-packages/airflow/example_dags/example_complex.py
[2023-06-28T14:17:36.939+0000] {processor.py:826} INFO - Processing file /home/airflow/.local/lib/python3.7/site-packages/airflow/example_dags/example_complex.py for tasks to queue
[2023-06-28T14:17:36.941+0000] {logging_mixin.py:149} INFO - [2023-06-28T14:17:36.940+0000] {dagbag.py:541} INFO - Filling up the DagBag from /home/airflow/.local/lib/python3.7/site-packages/airflow/example_dags/example_complex.py
[2023-06-28T14:17:36.987+0000] {processor.py:836} INFO - DAG(s) dict_keys(['example_complex']) retrieved from /home/airflow/.local/lib/python3.7/site-packages/airflow/example_dags/example_complex.py
[2023-06-28T14:17:37.055+0000] {logging_mixin.py:149} INFO - [2023-06-28T14:17:37.054+0000] {dag.py:2726} INFO - Sync 1 DAGs
[2023-06-28T14:17:37.200+0000] {logging_mixin.py:149} INFO - [2023-06-28T14:17:37.199+0000] {dag.py:3490} INFO - Setting next_dagrun for example_complex to None, run_after=None
[2023-06-28T14:17:37.375+0000] {processor.py:179} INFO - Processing /home/airflow/.local/lib/python3.7/site-packages/airflow/example_dags/example_complex.py took 0.456 seconds
[2023-06-28T14:18:07.553+0000] {processor.py:157} INFO - Started process (PID=228) to work on /home/airflow/.local/lib/python3.7/site-packages/airflow/example_dags/example_complex.py
[2023-06-28T14:18:07.555+0000] {processor.py:826} INFO - Processing file /home/airflow/.local/lib/python3.7/site-packages/airflow/example_dags/example_complex.py for tasks to queue
[2023-06-28T14:18:07.557+0000] {logging_mixin.py:149} INFO - [2023-06-28T14:18:07.557+0000] {dagbag.py:541} INFO - Filling up the DagBag from /home/airflow/.local/lib/python3.7/site-packages/airflow/example_dags/example_complex.py
[2023-06-28T14:18:07.577+0000] {processor.py:836} INFO - DAG(s) dict_keys(['example_complex']) retrieved from /home/airflow/.local/lib/python3.7/site-packages/airflow/example_dags/example_complex.py
[2023-06-28T14:18:07.637+0000] {logging_mixin.py:149} INFO - [2023-06-28T14:18:07.637+0000] {dag.py:2726} INFO - Sync 1 DAGs
[2023-06-28T14:18:07.685+0000] {logging_mixin.py:149} INFO - [2023-06-28T14:18:07.685+0000] {dag.py:3490} INFO - Setting next_dagrun for example_complex to None, run_after=None
[2023-06-28T14:18:07.730+0000] {processor.py:179} INFO - Processing /home/airflow/.local/lib/python3.7/site-packages/airflow/example_dags/example_complex.py took 0.189 seconds
[2023-06-28T14:18:38.399+0000] {processor.py:157} INFO - Started process (PID=287) to work on /home/airflow/.local/lib/python3.7/site-packages/airflow/example_dags/example_complex.py
[2023-06-28T14:18:38.400+0000] {processor.py:826} INFO - Processing file /home/airflow/.local/lib/python3.7/site-packages/airflow/example_dags/example_complex.py for tasks to queue
[2023-06-28T14:18:38.402+0000] {logging_mixin.py:149} INFO - [2023-06-28T14:18:38.402+0000] {dagbag.py:541} INFO - Filling up the DagBag from /home/airflow/.local/lib/python3.7/site-packages/airflow/example_dags/example_complex.py
[2023-06-28T14:18:38.422+0000] {processor.py:836} INFO - DAG(s) dict_keys(['example_complex']) retrieved from /home/airflow/.local/lib/python3.7/site-packages/airflow/example_dags/example_complex.py
[2023-06-28T14:18:38.485+0000] {logging_mixin.py:149} INFO - [2023-06-28T14:18:38.484+0000] {dag.py:2726} INFO - Sync 1 DAGs
[2023-06-28T14:18:38.535+0000] {logging_mixin.py:149} INFO - [2023-06-28T14:18:38.535+0000] {dag.py:3490} INFO - Setting next_dagrun for example_complex to None, run_after=None
[2023-06-28T14:18:38.591+0000] {processor.py:179} INFO - Processing /home/airflow/.local/lib/python3.7/site-packages/airflow/example_dags/example_complex.py took 0.197 seconds
[2023-06-28T14:19:08.824+0000] {processor.py:157} INFO - Started process (PID=345) to work on /home/airflow/.local/lib/python3.7/site-packages/airflow/example_dags/example_complex.py
[2023-06-28T14:19:08.825+0000] {processor.py:826} INFO - Processing file /home/airflow/.local/lib/python3.7/site-packages/airflow/example_dags/example_complex.py for tasks to queue
[2023-06-28T14:19:08.827+0000] {logging_mixin.py:149} INFO - [2023-06-28T14:19:08.826+0000] {dagbag.py:541} INFO - Filling up the DagBag from /home/airflow/.local/lib/python3.7/site-packages/airflow/example_dags/example_complex.py
[2023-06-28T14:19:08.844+0000] {processor.py:836} INFO - DAG(s) dict_keys(['example_complex']) retrieved from /home/airflow/.local/lib/python3.7/site-packages/airflow/example_dags/example_complex.py
[2023-06-28T14:19:08.901+0000] {logging_mixin.py:149} INFO - [2023-06-28T14:19:08.901+0000] {dag.py:2726} INFO - Sync 1 DAGs
[2023-06-28T14:19:08.940+0000] {logging_mixin.py:149} INFO - [2023-06-28T14:19:08.940+0000] {dag.py:3490} INFO - Setting next_dagrun for example_complex to None, run_after=None
[2023-06-28T14:19:08.982+0000] {processor.py:179} INFO - Processing /home/airflow/.local/lib/python3.7/site-packages/airflow/example_dags/example_complex.py took 0.164 seconds
[2023-06-28T14:19:39.061+0000] {processor.py:157} INFO - Started process (PID=403) to work on /home/airflow/.local/lib/python3.7/site-packages/airflow/example_dags/example_complex.py
[2023-06-28T14:19:39.065+0000] {processor.py:826} INFO - Processing file /home/airflow/.local/lib/python3.7/site-packages/airflow/example_dags/example_complex.py for tasks to queue
[2023-06-28T14:19:39.067+0000] {logging_mixin.py:149} INFO - [2023-06-28T14:19:39.066+0000] {dagbag.py:541} INFO - Filling up the DagBag from /home/airflow/.local/lib/python3.7/site-packages/airflow/example_dags/example_complex.py
[2023-06-28T14:19:39.109+0000] {processor.py:836} INFO - DAG(s) dict_keys(['example_complex']) retrieved from /home/airflow/.local/lib/python3.7/site-packages/airflow/example_dags/example_complex.py
[2023-06-28T14:19:39.228+0000] {logging_mixin.py:149} INFO - [2023-06-28T14:19:39.228+0000] {dag.py:2726} INFO - Sync 1 DAGs
[2023-06-28T14:19:39.333+0000] {logging_mixin.py:149} INFO - [2023-06-28T14:19:39.333+0000] {dag.py:3490} INFO - Setting next_dagrun for example_complex to None, run_after=None
[2023-06-28T14:19:39.422+0000] {processor.py:179} INFO - Processing /home/airflow/.local/lib/python3.7/site-packages/airflow/example_dags/example_complex.py took 0.368 seconds
[2023-06-28T14:20:09.567+0000] {processor.py:157} INFO - Started process (PID=462) to work on /home/airflow/.local/lib/python3.7/site-packages/airflow/example_dags/example_complex.py
[2023-06-28T14:20:09.569+0000] {processor.py:826} INFO - Processing file /home/airflow/.local/lib/python3.7/site-packages/airflow/example_dags/example_complex.py for tasks to queue
[2023-06-28T14:20:09.570+0000] {logging_mixin.py:149} INFO - [2023-06-28T14:20:09.570+0000] {dagbag.py:541} INFO - Filling up the DagBag from /home/airflow/.local/lib/python3.7/site-packages/airflow/example_dags/example_complex.py
[2023-06-28T14:20:09.590+0000] {processor.py:836} INFO - DAG(s) dict_keys(['example_complex']) retrieved from /home/airflow/.local/lib/python3.7/site-packages/airflow/example_dags/example_complex.py
[2023-06-28T14:20:09.648+0000] {logging_mixin.py:149} INFO - [2023-06-28T14:20:09.648+0000] {dag.py:2726} INFO - Sync 1 DAGs
[2023-06-28T14:20:09.684+0000] {logging_mixin.py:149} INFO - [2023-06-28T14:20:09.684+0000] {dag.py:3490} INFO - Setting next_dagrun for example_complex to None, run_after=None
[2023-06-28T14:20:09.714+0000] {processor.py:179} INFO - Processing /home/airflow/.local/lib/python3.7/site-packages/airflow/example_dags/example_complex.py took 0.152 seconds
[2023-06-28T14:20:39.872+0000] {processor.py:157} INFO - Started process (PID=521) to work on /home/airflow/.local/lib/python3.7/site-packages/airflow/example_dags/example_complex.py
[2023-06-28T14:20:39.873+0000] {processor.py:826} INFO - Processing file /home/airflow/.local/lib/python3.7/site-packages/airflow/example_dags/example_complex.py for tasks to queue
[2023-06-28T14:20:39.875+0000] {logging_mixin.py:149} INFO - [2023-06-28T14:20:39.875+0000] {dagbag.py:541} INFO - Filling up the DagBag from /home/airflow/.local/lib/python3.7/site-packages/airflow/example_dags/example_complex.py
[2023-06-28T14:20:39.900+0000] {processor.py:836} INFO - DAG(s) dict_keys(['example_complex']) retrieved from /home/airflow/.local/lib/python3.7/site-packages/airflow/example_dags/example_complex.py
[2023-06-28T14:20:39.975+0000] {logging_mixin.py:149} INFO - [2023-06-28T14:20:39.974+0000] {dag.py:2726} INFO - Sync 1 DAGs
[2023-06-28T14:20:40.041+0000] {logging_mixin.py:149} INFO - [2023-06-28T14:20:40.041+0000] {dag.py:3490} INFO - Setting next_dagrun for example_complex to None, run_after=None
[2023-06-28T14:20:40.117+0000] {processor.py:179} INFO - Processing /home/airflow/.local/lib/python3.7/site-packages/airflow/example_dags/example_complex.py took 0.251 seconds
[2023-06-28T14:21:10.198+0000] {processor.py:157} INFO - Started process (PID=579) to work on /home/airflow/.local/lib/python3.7/site-packages/airflow/example_dags/example_complex.py
[2023-06-28T14:21:10.200+0000] {processor.py:826} INFO - Processing file /home/airflow/.local/lib/python3.7/site-packages/airflow/example_dags/example_complex.py for tasks to queue
[2023-06-28T14:21:10.202+0000] {logging_mixin.py:149} INFO - [2023-06-28T14:21:10.201+0000] {dagbag.py:541} INFO - Filling up the DagBag from /home/airflow/.local/lib/python3.7/site-packages/airflow/example_dags/example_complex.py
[2023-06-28T14:21:10.233+0000] {processor.py:836} INFO - DAG(s) dict_keys(['example_complex']) retrieved from /home/airflow/.local/lib/python3.7/site-packages/airflow/example_dags/example_complex.py
[2023-06-28T14:21:10.342+0000] {logging_mixin.py:149} INFO - [2023-06-28T14:21:10.342+0000] {dag.py:2726} INFO - Sync 1 DAGs
[2023-06-28T14:21:10.436+0000] {logging_mixin.py:149} INFO - [2023-06-28T14:21:10.436+0000] {dag.py:3490} INFO - Setting next_dagrun for example_complex to None, run_after=None
[2023-06-28T14:21:10.497+0000] {processor.py:179} INFO - Processing /home/airflow/.local/lib/python3.7/site-packages/airflow/example_dags/example_complex.py took 0.304 seconds
[2023-06-28T14:21:40.584+0000] {processor.py:157} INFO - Started process (PID=639) to work on /home/airflow/.local/lib/python3.7/site-packages/airflow/example_dags/example_complex.py
[2023-06-28T14:21:40.587+0000] {processor.py:826} INFO - Processing file /home/airflow/.local/lib/python3.7/site-packages/airflow/example_dags/example_complex.py for tasks to queue
[2023-06-28T14:21:40.589+0000] {logging_mixin.py:149} INFO - [2023-06-28T14:21:40.588+0000] {dagbag.py:541} INFO - Filling up the DagBag from /home/airflow/.local/lib/python3.7/site-packages/airflow/example_dags/example_complex.py
[2023-06-28T14:21:40.618+0000] {processor.py:836} INFO - DAG(s) dict_keys(['example_complex']) retrieved from /home/airflow/.local/lib/python3.7/site-packages/airflow/example_dags/example_complex.py
[2023-06-28T14:21:40.699+0000] {logging_mixin.py:149} INFO - [2023-06-28T14:21:40.698+0000] {dag.py:2726} INFO - Sync 1 DAGs
[2023-06-28T14:21:40.766+0000] {logging_mixin.py:149} INFO - [2023-06-28T14:21:40.766+0000] {dag.py:3490} INFO - Setting next_dagrun for example_complex to None, run_after=None
[2023-06-28T14:21:40.819+0000] {processor.py:179} INFO - Processing /home/airflow/.local/lib/python3.7/site-packages/airflow/example_dags/example_complex.py took 0.240 seconds
[2023-06-28T14:22:11.077+0000] {processor.py:157} INFO - Started process (PID=700) to work on /home/airflow/.local/lib/python3.7/site-packages/airflow/example_dags/example_complex.py
[2023-06-28T14:22:11.079+0000] {processor.py:826} INFO - Processing file /home/airflow/.local/lib/python3.7/site-packages/airflow/example_dags/example_complex.py for tasks to queue
[2023-06-28T14:22:11.080+0000] {logging_mixin.py:149} INFO - [2023-06-28T14:22:11.080+0000] {dagbag.py:541} INFO - Filling up the DagBag from /home/airflow/.local/lib/python3.7/site-packages/airflow/example_dags/example_complex.py
[2023-06-28T14:22:11.096+0000] {processor.py:836} INFO - DAG(s) dict_keys(['example_complex']) retrieved from /home/airflow/.local/lib/python3.7/site-packages/airflow/example_dags/example_complex.py
[2023-06-28T14:22:11.157+0000] {logging_mixin.py:149} INFO - [2023-06-28T14:22:11.157+0000] {dag.py:2726} INFO - Sync 1 DAGs
[2023-06-28T14:22:11.196+0000] {logging_mixin.py:149} INFO - [2023-06-28T14:22:11.196+0000] {dag.py:3490} INFO - Setting next_dagrun for example_complex to None, run_after=None
[2023-06-28T14:22:11.230+0000] {processor.py:179} INFO - Processing /home/airflow/.local/lib/python3.7/site-packages/airflow/example_dags/example_complex.py took 0.158 seconds
[2023-06-28T14:22:41.416+0000] {processor.py:157} INFO - Started process (PID=759) to work on /home/airflow/.local/lib/python3.7/site-packages/airflow/example_dags/example_complex.py
[2023-06-28T14:22:41.419+0000] {processor.py:826} INFO - Processing file /home/airflow/.local/lib/python3.7/site-packages/airflow/example_dags/example_complex.py for tasks to queue
[2023-06-28T14:22:41.420+0000] {logging_mixin.py:149} INFO - [2023-06-28T14:22:41.420+0000] {dagbag.py:541} INFO - Filling up the DagBag from /home/airflow/.local/lib/python3.7/site-packages/airflow/example_dags/example_complex.py
[2023-06-28T14:22:41.454+0000] {processor.py:836} INFO - DAG(s) dict_keys(['example_complex']) retrieved from /home/airflow/.local/lib/python3.7/site-packages/airflow/example_dags/example_complex.py
[2023-06-28T14:22:41.579+0000] {logging_mixin.py:149} INFO - [2023-06-28T14:22:41.579+0000] {dag.py:2726} INFO - Sync 1 DAGs
[2023-06-28T14:22:41.649+0000] {logging_mixin.py:149} INFO - [2023-06-28T14:22:41.648+0000] {dag.py:3490} INFO - Setting next_dagrun for example_complex to None, run_after=None
[2023-06-28T14:22:41.717+0000] {processor.py:179} INFO - Processing /home/airflow/.local/lib/python3.7/site-packages/airflow/example_dags/example_complex.py took 0.307 seconds
[2023-06-28T14:23:12.601+0000] {processor.py:157} INFO - Started process (PID=818) to work on /home/airflow/.local/lib/python3.7/site-packages/airflow/example_dags/example_complex.py
[2023-06-28T14:23:12.603+0000] {processor.py:826} INFO - Processing file /home/airflow/.local/lib/python3.7/site-packages/airflow/example_dags/example_complex.py for tasks to queue
[2023-06-28T14:23:12.604+0000] {logging_mixin.py:149} INFO - [2023-06-28T14:23:12.604+0000] {dagbag.py:541} INFO - Filling up the DagBag from /home/airflow/.local/lib/python3.7/site-packages/airflow/example_dags/example_complex.py
[2023-06-28T14:23:12.623+0000] {processor.py:836} INFO - DAG(s) dict_keys(['example_complex']) retrieved from /home/airflow/.local/lib/python3.7/site-packages/airflow/example_dags/example_complex.py
[2023-06-28T14:23:12.683+0000] {logging_mixin.py:149} INFO - [2023-06-28T14:23:12.682+0000] {dag.py:2726} INFO - Sync 1 DAGs
[2023-06-28T14:23:12.725+0000] {logging_mixin.py:149} INFO - [2023-06-28T14:23:12.724+0000] {dag.py:3490} INFO - Setting next_dagrun for example_complex to None, run_after=None
[2023-06-28T14:23:12.770+0000] {processor.py:179} INFO - Processing /home/airflow/.local/lib/python3.7/site-packages/airflow/example_dags/example_complex.py took 0.174 seconds
[2023-06-28T14:23:42.952+0000] {processor.py:157} INFO - Started process (PID=878) to work on /home/airflow/.local/lib/python3.7/site-packages/airflow/example_dags/example_complex.py
[2023-06-28T14:23:42.954+0000] {processor.py:826} INFO - Processing file /home/airflow/.local/lib/python3.7/site-packages/airflow/example_dags/example_complex.py for tasks to queue
[2023-06-28T14:23:42.955+0000] {logging_mixin.py:149} INFO - [2023-06-28T14:23:42.955+0000] {dagbag.py:541} INFO - Filling up the DagBag from /home/airflow/.local/lib/python3.7/site-packages/airflow/example_dags/example_complex.py
[2023-06-28T14:23:42.975+0000] {processor.py:836} INFO - DAG(s) dict_keys(['example_complex']) retrieved from /home/airflow/.local/lib/python3.7/site-packages/airflow/example_dags/example_complex.py
[2023-06-28T14:23:43.028+0000] {logging_mixin.py:149} INFO - [2023-06-28T14:23:43.028+0000] {dag.py:2726} INFO - Sync 1 DAGs
[2023-06-28T14:23:43.065+0000] {logging_mixin.py:149} INFO - [2023-06-28T14:23:43.065+0000] {dag.py:3490} INFO - Setting next_dagrun for example_complex to None, run_after=None
[2023-06-28T14:23:43.100+0000] {processor.py:179} INFO - Processing /home/airflow/.local/lib/python3.7/site-packages/airflow/example_dags/example_complex.py took 0.153 seconds
[2023-06-28T14:24:13.350+0000] {processor.py:157} INFO - Started process (PID=937) to work on /home/airflow/.local/lib/python3.7/site-packages/airflow/example_dags/example_complex.py
[2023-06-28T14:24:13.351+0000] {processor.py:826} INFO - Processing file /home/airflow/.local/lib/python3.7/site-packages/airflow/example_dags/example_complex.py for tasks to queue
[2023-06-28T14:24:13.352+0000] {logging_mixin.py:149} INFO - [2023-06-28T14:24:13.352+0000] {dagbag.py:541} INFO - Filling up the DagBag from /home/airflow/.local/lib/python3.7/site-packages/airflow/example_dags/example_complex.py
[2023-06-28T14:24:13.369+0000] {processor.py:836} INFO - DAG(s) dict_keys(['example_complex']) retrieved from /home/airflow/.local/lib/python3.7/site-packages/airflow/example_dags/example_complex.py
[2023-06-28T14:24:13.428+0000] {logging_mixin.py:149} INFO - [2023-06-28T14:24:13.428+0000] {dag.py:2726} INFO - Sync 1 DAGs
[2023-06-28T14:24:13.465+0000] {logging_mixin.py:149} INFO - [2023-06-28T14:24:13.465+0000] {dag.py:3490} INFO - Setting next_dagrun for example_complex to None, run_after=None
[2023-06-28T14:24:13.500+0000] {processor.py:179} INFO - Processing /home/airflow/.local/lib/python3.7/site-packages/airflow/example_dags/example_complex.py took 0.154 seconds
[2023-06-28T14:24:43.725+0000] {processor.py:157} INFO - Started process (PID=995) to work on /home/airflow/.local/lib/python3.7/site-packages/airflow/example_dags/example_complex.py
[2023-06-28T14:24:43.726+0000] {processor.py:826} INFO - Processing file /home/airflow/.local/lib/python3.7/site-packages/airflow/example_dags/example_complex.py for tasks to queue
[2023-06-28T14:24:43.728+0000] {logging_mixin.py:149} INFO - [2023-06-28T14:24:43.728+0000] {dagbag.py:541} INFO - Filling up the DagBag from /home/airflow/.local/lib/python3.7/site-packages/airflow/example_dags/example_complex.py
[2023-06-28T14:24:43.746+0000] {processor.py:836} INFO - DAG(s) dict_keys(['example_complex']) retrieved from /home/airflow/.local/lib/python3.7/site-packages/airflow/example_dags/example_complex.py
[2023-06-28T14:24:43.813+0000] {logging_mixin.py:149} INFO - [2023-06-28T14:24:43.812+0000] {dag.py:2726} INFO - Sync 1 DAGs
[2023-06-28T14:24:43.849+0000] {logging_mixin.py:149} INFO - [2023-06-28T14:24:43.849+0000] {dag.py:3490} INFO - Setting next_dagrun for example_complex to None, run_after=None
[2023-06-28T14:24:43.885+0000] {processor.py:179} INFO - Processing /home/airflow/.local/lib/python3.7/site-packages/airflow/example_dags/example_complex.py took 0.165 seconds
[2023-06-28T14:25:14.271+0000] {processor.py:157} INFO - Started process (PID=1055) to work on /home/airflow/.local/lib/python3.7/site-packages/airflow/example_dags/example_complex.py
[2023-06-28T14:25:14.273+0000] {processor.py:826} INFO - Processing file /home/airflow/.local/lib/python3.7/site-packages/airflow/example_dags/example_complex.py for tasks to queue
[2023-06-28T14:25:14.274+0000] {logging_mixin.py:149} INFO - [2023-06-28T14:25:14.274+0000] {dagbag.py:541} INFO - Filling up the DagBag from /home/airflow/.local/lib/python3.7/site-packages/airflow/example_dags/example_complex.py
[2023-06-28T14:25:14.292+0000] {processor.py:836} INFO - DAG(s) dict_keys(['example_complex']) retrieved from /home/airflow/.local/lib/python3.7/site-packages/airflow/example_dags/example_complex.py
[2023-06-28T14:25:14.345+0000] {logging_mixin.py:149} INFO - [2023-06-28T14:25:14.345+0000] {dag.py:2726} INFO - Sync 1 DAGs
[2023-06-28T14:25:14.383+0000] {logging_mixin.py:149} INFO - [2023-06-28T14:25:14.383+0000] {dag.py:3490} INFO - Setting next_dagrun for example_complex to None, run_after=None
[2023-06-28T14:25:14.418+0000] {processor.py:179} INFO - Processing /home/airflow/.local/lib/python3.7/site-packages/airflow/example_dags/example_complex.py took 0.152 seconds
[2023-06-28T14:25:45.393+0000] {processor.py:157} INFO - Started process (PID=1113) to work on /home/airflow/.local/lib/python3.7/site-packages/airflow/example_dags/example_complex.py
[2023-06-28T14:25:45.394+0000] {processor.py:826} INFO - Processing file /home/airflow/.local/lib/python3.7/site-packages/airflow/example_dags/example_complex.py for tasks to queue
[2023-06-28T14:25:45.396+0000] {logging_mixin.py:149} INFO - [2023-06-28T14:25:45.396+0000] {dagbag.py:541} INFO - Filling up the DagBag from /home/airflow/.local/lib/python3.7/site-packages/airflow/example_dags/example_complex.py
[2023-06-28T14:25:45.420+0000] {processor.py:836} INFO - DAG(s) dict_keys(['example_complex']) retrieved from /home/airflow/.local/lib/python3.7/site-packages/airflow/example_dags/example_complex.py
[2023-06-28T14:25:45.486+0000] {logging_mixin.py:149} INFO - [2023-06-28T14:25:45.485+0000] {dag.py:2726} INFO - Sync 1 DAGs
[2023-06-28T14:25:45.560+0000] {logging_mixin.py:149} INFO - [2023-06-28T14:25:45.560+0000] {dag.py:3490} INFO - Setting next_dagrun for example_complex to None, run_after=None
[2023-06-28T14:25:45.620+0000] {processor.py:179} INFO - Processing /home/airflow/.local/lib/python3.7/site-packages/airflow/example_dags/example_complex.py took 0.235 seconds
[2023-06-28T14:26:16.579+0000] {processor.py:157} INFO - Started process (PID=1172) to work on /home/airflow/.local/lib/python3.7/site-packages/airflow/example_dags/example_complex.py
[2023-06-28T14:26:16.581+0000] {processor.py:826} INFO - Processing file /home/airflow/.local/lib/python3.7/site-packages/airflow/example_dags/example_complex.py for tasks to queue
[2023-06-28T14:26:16.583+0000] {logging_mixin.py:149} INFO - [2023-06-28T14:26:16.582+0000] {dagbag.py:541} INFO - Filling up the DagBag from /home/airflow/.local/lib/python3.7/site-packages/airflow/example_dags/example_complex.py
[2023-06-28T14:26:16.626+0000] {processor.py:836} INFO - DAG(s) dict_keys(['example_complex']) retrieved from /home/airflow/.local/lib/python3.7/site-packages/airflow/example_dags/example_complex.py
[2023-06-28T14:26:16.747+0000] {logging_mixin.py:149} INFO - [2023-06-28T14:26:16.746+0000] {dag.py:2726} INFO - Sync 1 DAGs
[2023-06-28T14:26:16.832+0000] {logging_mixin.py:149} INFO - [2023-06-28T14:26:16.832+0000] {dag.py:3490} INFO - Setting next_dagrun for example_complex to None, run_after=None
[2023-06-28T14:26:16.917+0000] {processor.py:179} INFO - Processing /home/airflow/.local/lib/python3.7/site-packages/airflow/example_dags/example_complex.py took 0.343 seconds
[2023-06-28T14:26:47.133+0000] {processor.py:157} INFO - Started process (PID=1232) to work on /home/airflow/.local/lib/python3.7/site-packages/airflow/example_dags/example_complex.py
[2023-06-28T14:26:47.134+0000] {processor.py:826} INFO - Processing file /home/airflow/.local/lib/python3.7/site-packages/airflow/example_dags/example_complex.py for tasks to queue
[2023-06-28T14:26:47.136+0000] {logging_mixin.py:149} INFO - [2023-06-28T14:26:47.136+0000] {dagbag.py:541} INFO - Filling up the DagBag from /home/airflow/.local/lib/python3.7/site-packages/airflow/example_dags/example_complex.py
[2023-06-28T14:26:47.156+0000] {processor.py:836} INFO - DAG(s) dict_keys(['example_complex']) retrieved from /home/airflow/.local/lib/python3.7/site-packages/airflow/example_dags/example_complex.py
[2023-06-28T14:26:47.216+0000] {logging_mixin.py:149} INFO - [2023-06-28T14:26:47.215+0000] {dag.py:2726} INFO - Sync 1 DAGs
[2023-06-28T14:26:47.252+0000] {logging_mixin.py:149} INFO - [2023-06-28T14:26:47.252+0000] {dag.py:3490} INFO - Setting next_dagrun for example_complex to None, run_after=None
[2023-06-28T14:26:47.289+0000] {processor.py:179} INFO - Processing /home/airflow/.local/lib/python3.7/site-packages/airflow/example_dags/example_complex.py took 0.162 seconds
[2023-06-28T14:27:17.686+0000] {processor.py:157} INFO - Started process (PID=1291) to work on /home/airflow/.local/lib/python3.7/site-packages/airflow/example_dags/example_complex.py
[2023-06-28T14:27:17.687+0000] {processor.py:826} INFO - Processing file /home/airflow/.local/lib/python3.7/site-packages/airflow/example_dags/example_complex.py for tasks to queue
[2023-06-28T14:27:17.689+0000] {logging_mixin.py:149} INFO - [2023-06-28T14:27:17.689+0000] {dagbag.py:541} INFO - Filling up the DagBag from /home/airflow/.local/lib/python3.7/site-packages/airflow/example_dags/example_complex.py
[2023-06-28T14:27:17.710+0000] {processor.py:836} INFO - DAG(s) dict_keys(['example_complex']) retrieved from /home/airflow/.local/lib/python3.7/site-packages/airflow/example_dags/example_complex.py
[2023-06-28T14:27:17.761+0000] {logging_mixin.py:149} INFO - [2023-06-28T14:27:17.761+0000] {dag.py:2726} INFO - Sync 1 DAGs
[2023-06-28T14:27:17.800+0000] {logging_mixin.py:149} INFO - [2023-06-28T14:27:17.800+0000] {dag.py:3490} INFO - Setting next_dagrun for example_complex to None, run_after=None
[2023-06-28T14:27:17.842+0000] {processor.py:179} INFO - Processing /home/airflow/.local/lib/python3.7/site-packages/airflow/example_dags/example_complex.py took 0.161 seconds
[2023-06-28T14:27:48.376+0000] {processor.py:157} INFO - Started process (PID=1350) to work on /home/airflow/.local/lib/python3.7/site-packages/airflow/example_dags/example_complex.py
[2023-06-28T14:27:48.378+0000] {processor.py:826} INFO - Processing file /home/airflow/.local/lib/python3.7/site-packages/airflow/example_dags/example_complex.py for tasks to queue
[2023-06-28T14:27:48.379+0000] {logging_mixin.py:149} INFO - [2023-06-28T14:27:48.379+0000] {dagbag.py:541} INFO - Filling up the DagBag from /home/airflow/.local/lib/python3.7/site-packages/airflow/example_dags/example_complex.py
[2023-06-28T14:27:48.396+0000] {processor.py:836} INFO - DAG(s) dict_keys(['example_complex']) retrieved from /home/airflow/.local/lib/python3.7/site-packages/airflow/example_dags/example_complex.py
[2023-06-28T14:27:48.463+0000] {logging_mixin.py:149} INFO - [2023-06-28T14:27:48.462+0000] {dag.py:2726} INFO - Sync 1 DAGs
[2023-06-28T14:27:48.503+0000] {logging_mixin.py:149} INFO - [2023-06-28T14:27:48.503+0000] {dag.py:3490} INFO - Setting next_dagrun for example_complex to None, run_after=None
[2023-06-28T14:27:48.539+0000] {processor.py:179} INFO - Processing /home/airflow/.local/lib/python3.7/site-packages/airflow/example_dags/example_complex.py took 0.167 seconds
[2023-06-28T14:28:19.052+0000] {processor.py:157} INFO - Started process (PID=1410) to work on /home/airflow/.local/lib/python3.7/site-packages/airflow/example_dags/example_complex.py
[2023-06-28T14:28:19.053+0000] {processor.py:826} INFO - Processing file /home/airflow/.local/lib/python3.7/site-packages/airflow/example_dags/example_complex.py for tasks to queue
[2023-06-28T14:28:19.055+0000] {logging_mixin.py:149} INFO - [2023-06-28T14:28:19.055+0000] {dagbag.py:541} INFO - Filling up the DagBag from /home/airflow/.local/lib/python3.7/site-packages/airflow/example_dags/example_complex.py
[2023-06-28T14:28:19.072+0000] {processor.py:836} INFO - DAG(s) dict_keys(['example_complex']) retrieved from /home/airflow/.local/lib/python3.7/site-packages/airflow/example_dags/example_complex.py
[2023-06-28T14:28:19.129+0000] {logging_mixin.py:149} INFO - [2023-06-28T14:28:19.129+0000] {dag.py:2726} INFO - Sync 1 DAGs
[2023-06-28T14:28:19.165+0000] {logging_mixin.py:149} INFO - [2023-06-28T14:28:19.165+0000] {dag.py:3490} INFO - Setting next_dagrun for example_complex to None, run_after=None
[2023-06-28T14:28:19.201+0000] {processor.py:179} INFO - Processing /home/airflow/.local/lib/python3.7/site-packages/airflow/example_dags/example_complex.py took 0.154 seconds
[2023-06-28T14:28:49.606+0000] {processor.py:157} INFO - Started process (PID=1468) to work on /home/airflow/.local/lib/python3.7/site-packages/airflow/example_dags/example_complex.py
[2023-06-28T14:28:49.608+0000] {processor.py:826} INFO - Processing file /home/airflow/.local/lib/python3.7/site-packages/airflow/example_dags/example_complex.py for tasks to queue
[2023-06-28T14:28:49.609+0000] {logging_mixin.py:149} INFO - [2023-06-28T14:28:49.609+0000] {dagbag.py:541} INFO - Filling up the DagBag from /home/airflow/.local/lib/python3.7/site-packages/airflow/example_dags/example_complex.py
[2023-06-28T14:28:49.632+0000] {processor.py:836} INFO - DAG(s) dict_keys(['example_complex']) retrieved from /home/airflow/.local/lib/python3.7/site-packages/airflow/example_dags/example_complex.py
[2023-06-28T14:28:49.683+0000] {logging_mixin.py:149} INFO - [2023-06-28T14:28:49.683+0000] {dag.py:2726} INFO - Sync 1 DAGs
[2023-06-28T14:28:49.722+0000] {logging_mixin.py:149} INFO - [2023-06-28T14:28:49.722+0000] {dag.py:3490} INFO - Setting next_dagrun for example_complex to None, run_after=None
[2023-06-28T14:28:49.762+0000] {processor.py:179} INFO - Processing /home/airflow/.local/lib/python3.7/site-packages/airflow/example_dags/example_complex.py took 0.162 seconds
[2023-06-28T14:29:19.965+0000] {processor.py:157} INFO - Started process (PID=1528) to work on /home/airflow/.local/lib/python3.7/site-packages/airflow/example_dags/example_complex.py
[2023-06-28T14:29:19.966+0000] {processor.py:826} INFO - Processing file /home/airflow/.local/lib/python3.7/site-packages/airflow/example_dags/example_complex.py for tasks to queue
[2023-06-28T14:29:19.968+0000] {logging_mixin.py:149} INFO - [2023-06-28T14:29:19.968+0000] {dagbag.py:541} INFO - Filling up the DagBag from /home/airflow/.local/lib/python3.7/site-packages/airflow/example_dags/example_complex.py
[2023-06-28T14:29:19.985+0000] {processor.py:836} INFO - DAG(s) dict_keys(['example_complex']) retrieved from /home/airflow/.local/lib/python3.7/site-packages/airflow/example_dags/example_complex.py
[2023-06-28T14:29:20.047+0000] {logging_mixin.py:149} INFO - [2023-06-28T14:29:20.047+0000] {dag.py:2726} INFO - Sync 1 DAGs
[2023-06-28T14:29:20.085+0000] {logging_mixin.py:149} INFO - [2023-06-28T14:29:20.084+0000] {dag.py:3490} INFO - Setting next_dagrun for example_complex to None, run_after=None
[2023-06-28T14:29:20.118+0000] {processor.py:179} INFO - Processing /home/airflow/.local/lib/python3.7/site-packages/airflow/example_dags/example_complex.py took 0.158 seconds
[2023-06-28T14:29:50.625+0000] {processor.py:157} INFO - Started process (PID=1588) to work on /home/airflow/.local/lib/python3.7/site-packages/airflow/example_dags/example_complex.py
[2023-06-28T14:29:50.626+0000] {processor.py:826} INFO - Processing file /home/airflow/.local/lib/python3.7/site-packages/airflow/example_dags/example_complex.py for tasks to queue
[2023-06-28T14:29:50.628+0000] {logging_mixin.py:149} INFO - [2023-06-28T14:29:50.627+0000] {dagbag.py:541} INFO - Filling up the DagBag from /home/airflow/.local/lib/python3.7/site-packages/airflow/example_dags/example_complex.py
[2023-06-28T14:29:50.647+0000] {processor.py:836} INFO - DAG(s) dict_keys(['example_complex']) retrieved from /home/airflow/.local/lib/python3.7/site-packages/airflow/example_dags/example_complex.py
[2023-06-28T14:29:50.701+0000] {logging_mixin.py:149} INFO - [2023-06-28T14:29:50.700+0000] {dag.py:2726} INFO - Sync 1 DAGs
[2023-06-28T14:29:50.748+0000] {logging_mixin.py:149} INFO - [2023-06-28T14:29:50.748+0000] {dag.py:3490} INFO - Setting next_dagrun for example_complex to None, run_after=None
[2023-06-28T14:29:50.782+0000] {processor.py:179} INFO - Processing /home/airflow/.local/lib/python3.7/site-packages/airflow/example_dags/example_complex.py took 0.161 seconds
[2023-06-28T14:30:20.821+0000] {processor.py:157} INFO - Started process (PID=1646) to work on /home/airflow/.local/lib/python3.7/site-packages/airflow/example_dags/example_complex.py
[2023-06-28T14:30:20.823+0000] {processor.py:826} INFO - Processing file /home/airflow/.local/lib/python3.7/site-packages/airflow/example_dags/example_complex.py for tasks to queue
[2023-06-28T14:30:20.824+0000] {logging_mixin.py:149} INFO - [2023-06-28T14:30:20.824+0000] {dagbag.py:541} INFO - Filling up the DagBag from /home/airflow/.local/lib/python3.7/site-packages/airflow/example_dags/example_complex.py
[2023-06-28T14:30:20.844+0000] {processor.py:836} INFO - DAG(s) dict_keys(['example_complex']) retrieved from /home/airflow/.local/lib/python3.7/site-packages/airflow/example_dags/example_complex.py
[2023-06-28T14:30:20.925+0000] {logging_mixin.py:149} INFO - [2023-06-28T14:30:20.925+0000] {dag.py:2726} INFO - Sync 1 DAGs
[2023-06-28T14:30:20.976+0000] {logging_mixin.py:149} INFO - [2023-06-28T14:30:20.976+0000] {dag.py:3490} INFO - Setting next_dagrun for example_complex to None, run_after=None
[2023-06-28T14:30:21.013+0000] {processor.py:179} INFO - Processing /home/airflow/.local/lib/python3.7/site-packages/airflow/example_dags/example_complex.py took 0.197 seconds
[2023-06-28T14:30:51.537+0000] {processor.py:157} INFO - Started process (PID=1706) to work on /home/airflow/.local/lib/python3.7/site-packages/airflow/example_dags/example_complex.py
[2023-06-28T14:30:51.539+0000] {processor.py:826} INFO - Processing file /home/airflow/.local/lib/python3.7/site-packages/airflow/example_dags/example_complex.py for tasks to queue
[2023-06-28T14:30:51.541+0000] {logging_mixin.py:149} INFO - [2023-06-28T14:30:51.541+0000] {dagbag.py:541} INFO - Filling up the DagBag from /home/airflow/.local/lib/python3.7/site-packages/airflow/example_dags/example_complex.py
[2023-06-28T14:30:51.577+0000] {processor.py:836} INFO - DAG(s) dict_keys(['example_complex']) retrieved from /home/airflow/.local/lib/python3.7/site-packages/airflow/example_dags/example_complex.py
[2023-06-28T14:30:51.659+0000] {logging_mixin.py:149} INFO - [2023-06-28T14:30:51.658+0000] {dag.py:2726} INFO - Sync 1 DAGs
[2023-06-28T14:30:51.736+0000] {logging_mixin.py:149} INFO - [2023-06-28T14:30:51.736+0000] {dag.py:3490} INFO - Setting next_dagrun for example_complex to None, run_after=None
[2023-06-28T14:30:51.780+0000] {processor.py:179} INFO - Processing /home/airflow/.local/lib/python3.7/site-packages/airflow/example_dags/example_complex.py took 0.249 seconds
[2023-06-28T14:31:22.085+0000] {processor.py:157} INFO - Started process (PID=1760) to work on /home/airflow/.local/lib/python3.7/site-packages/airflow/example_dags/example_complex.py
[2023-06-28T14:31:22.086+0000] {processor.py:826} INFO - Processing file /home/airflow/.local/lib/python3.7/site-packages/airflow/example_dags/example_complex.py for tasks to queue
[2023-06-28T14:31:22.088+0000] {logging_mixin.py:149} INFO - [2023-06-28T14:31:22.087+0000] {dagbag.py:541} INFO - Filling up the DagBag from /home/airflow/.local/lib/python3.7/site-packages/airflow/example_dags/example_complex.py
[2023-06-28T14:31:22.124+0000] {processor.py:836} INFO - DAG(s) dict_keys(['example_complex']) retrieved from /home/airflow/.local/lib/python3.7/site-packages/airflow/example_dags/example_complex.py
[2023-06-28T14:31:22.201+0000] {logging_mixin.py:149} INFO - [2023-06-28T14:31:22.201+0000] {dag.py:2726} INFO - Sync 1 DAGs
[2023-06-28T14:31:22.243+0000] {logging_mixin.py:149} INFO - [2023-06-28T14:31:22.243+0000] {dag.py:3490} INFO - Setting next_dagrun for example_complex to None, run_after=None
[2023-06-28T14:31:22.283+0000] {processor.py:179} INFO - Processing /home/airflow/.local/lib/python3.7/site-packages/airflow/example_dags/example_complex.py took 0.205 seconds
[2023-06-28T14:31:52.978+0000] {processor.py:157} INFO - Started process (PID=1827) to work on /home/airflow/.local/lib/python3.7/site-packages/airflow/example_dags/example_complex.py
[2023-06-28T14:31:52.980+0000] {processor.py:826} INFO - Processing file /home/airflow/.local/lib/python3.7/site-packages/airflow/example_dags/example_complex.py for tasks to queue
[2023-06-28T14:31:52.981+0000] {logging_mixin.py:149} INFO - [2023-06-28T14:31:52.981+0000] {dagbag.py:541} INFO - Filling up the DagBag from /home/airflow/.local/lib/python3.7/site-packages/airflow/example_dags/example_complex.py
[2023-06-28T14:31:53.010+0000] {processor.py:836} INFO - DAG(s) dict_keys(['example_complex']) retrieved from /home/airflow/.local/lib/python3.7/site-packages/airflow/example_dags/example_complex.py
[2023-06-28T14:31:53.079+0000] {logging_mixin.py:149} INFO - [2023-06-28T14:31:53.079+0000] {dag.py:2726} INFO - Sync 1 DAGs
[2023-06-28T14:31:53.134+0000] {logging_mixin.py:149} INFO - [2023-06-28T14:31:53.134+0000] {dag.py:3490} INFO - Setting next_dagrun for example_complex to None, run_after=None
[2023-06-28T14:31:53.184+0000] {processor.py:179} INFO - Processing /home/airflow/.local/lib/python3.7/site-packages/airflow/example_dags/example_complex.py took 0.211 seconds
[2023-06-28T14:32:23.437+0000] {processor.py:157} INFO - Started process (PID=1885) to work on /home/airflow/.local/lib/python3.7/site-packages/airflow/example_dags/example_complex.py
[2023-06-28T14:32:23.439+0000] {processor.py:826} INFO - Processing file /home/airflow/.local/lib/python3.7/site-packages/airflow/example_dags/example_complex.py for tasks to queue
[2023-06-28T14:32:23.440+0000] {logging_mixin.py:149} INFO - [2023-06-28T14:32:23.440+0000] {dagbag.py:541} INFO - Filling up the DagBag from /home/airflow/.local/lib/python3.7/site-packages/airflow/example_dags/example_complex.py
[2023-06-28T14:32:23.460+0000] {processor.py:836} INFO - DAG(s) dict_keys(['example_complex']) retrieved from /home/airflow/.local/lib/python3.7/site-packages/airflow/example_dags/example_complex.py
[2023-06-28T14:32:23.518+0000] {logging_mixin.py:149} INFO - [2023-06-28T14:32:23.518+0000] {dag.py:2726} INFO - Sync 1 DAGs
[2023-06-28T14:32:23.563+0000] {logging_mixin.py:149} INFO - [2023-06-28T14:32:23.562+0000] {dag.py:3490} INFO - Setting next_dagrun for example_complex to None, run_after=None
[2023-06-28T14:32:23.594+0000] {processor.py:179} INFO - Processing /home/airflow/.local/lib/python3.7/site-packages/airflow/example_dags/example_complex.py took 0.161 seconds
[2023-06-28T14:32:53.800+0000] {processor.py:157} INFO - Started process (PID=1943) to work on /home/airflow/.local/lib/python3.7/site-packages/airflow/example_dags/example_complex.py
[2023-06-28T14:32:53.803+0000] {processor.py:826} INFO - Processing file /home/airflow/.local/lib/python3.7/site-packages/airflow/example_dags/example_complex.py for tasks to queue
[2023-06-28T14:32:53.804+0000] {logging_mixin.py:149} INFO - [2023-06-28T14:32:53.804+0000] {dagbag.py:541} INFO - Filling up the DagBag from /home/airflow/.local/lib/python3.7/site-packages/airflow/example_dags/example_complex.py
[2023-06-28T14:32:53.821+0000] {processor.py:836} INFO - DAG(s) dict_keys(['example_complex']) retrieved from /home/airflow/.local/lib/python3.7/site-packages/airflow/example_dags/example_complex.py
[2023-06-28T14:32:53.879+0000] {logging_mixin.py:149} INFO - [2023-06-28T14:32:53.879+0000] {dag.py:2726} INFO - Sync 1 DAGs
[2023-06-28T14:32:53.921+0000] {logging_mixin.py:149} INFO - [2023-06-28T14:32:53.921+0000] {dag.py:3490} INFO - Setting next_dagrun for example_complex to None, run_after=None
[2023-06-28T14:32:53.956+0000] {processor.py:179} INFO - Processing /home/airflow/.local/lib/python3.7/site-packages/airflow/example_dags/example_complex.py took 0.162 seconds
[2023-06-28T14:33:24.208+0000] {processor.py:157} INFO - Started process (PID=2002) to work on /home/airflow/.local/lib/python3.7/site-packages/airflow/example_dags/example_complex.py
[2023-06-28T14:33:24.209+0000] {processor.py:826} INFO - Processing file /home/airflow/.local/lib/python3.7/site-packages/airflow/example_dags/example_complex.py for tasks to queue
[2023-06-28T14:33:24.210+0000] {logging_mixin.py:149} INFO - [2023-06-28T14:33:24.210+0000] {dagbag.py:541} INFO - Filling up the DagBag from /home/airflow/.local/lib/python3.7/site-packages/airflow/example_dags/example_complex.py
[2023-06-28T14:33:24.232+0000] {processor.py:836} INFO - DAG(s) dict_keys(['example_complex']) retrieved from /home/airflow/.local/lib/python3.7/site-packages/airflow/example_dags/example_complex.py
[2023-06-28T14:33:24.291+0000] {logging_mixin.py:149} INFO - [2023-06-28T14:33:24.291+0000] {dag.py:2726} INFO - Sync 1 DAGs
[2023-06-28T14:33:24.327+0000] {logging_mixin.py:149} INFO - [2023-06-28T14:33:24.327+0000] {dag.py:3490} INFO - Setting next_dagrun for example_complex to None, run_after=None
[2023-06-28T14:33:24.361+0000] {processor.py:179} INFO - Processing /home/airflow/.local/lib/python3.7/site-packages/airflow/example_dags/example_complex.py took 0.157 seconds
[2023-06-28T14:33:54.643+0000] {processor.py:157} INFO - Started process (PID=2061) to work on /home/airflow/.local/lib/python3.7/site-packages/airflow/example_dags/example_complex.py
[2023-06-28T14:33:54.646+0000] {processor.py:826} INFO - Processing file /home/airflow/.local/lib/python3.7/site-packages/airflow/example_dags/example_complex.py for tasks to queue
[2023-06-28T14:33:54.648+0000] {logging_mixin.py:149} INFO - [2023-06-28T14:33:54.648+0000] {dagbag.py:541} INFO - Filling up the DagBag from /home/airflow/.local/lib/python3.7/site-packages/airflow/example_dags/example_complex.py
[2023-06-28T14:33:54.684+0000] {processor.py:836} INFO - DAG(s) dict_keys(['example_complex']) retrieved from /home/airflow/.local/lib/python3.7/site-packages/airflow/example_dags/example_complex.py
[2023-06-28T14:33:54.744+0000] {logging_mixin.py:149} INFO - [2023-06-28T14:33:54.744+0000] {dag.py:2726} INFO - Sync 1 DAGs
[2023-06-28T14:33:54.785+0000] {logging_mixin.py:149} INFO - [2023-06-28T14:33:54.785+0000] {dag.py:3490} INFO - Setting next_dagrun for example_complex to None, run_after=None
[2023-06-28T14:33:54.822+0000] {processor.py:179} INFO - Processing /home/airflow/.local/lib/python3.7/site-packages/airflow/example_dags/example_complex.py took 0.187 seconds
[2023-06-28T14:34:25.407+0000] {processor.py:157} INFO - Started process (PID=2120) to work on /home/airflow/.local/lib/python3.7/site-packages/airflow/example_dags/example_complex.py
[2023-06-28T14:34:25.410+0000] {processor.py:826} INFO - Processing file /home/airflow/.local/lib/python3.7/site-packages/airflow/example_dags/example_complex.py for tasks to queue
[2023-06-28T14:34:25.412+0000] {logging_mixin.py:149} INFO - [2023-06-28T14:34:25.411+0000] {dagbag.py:541} INFO - Filling up the DagBag from /home/airflow/.local/lib/python3.7/site-packages/airflow/example_dags/example_complex.py
[2023-06-28T14:34:25.463+0000] {processor.py:836} INFO - DAG(s) dict_keys(['example_complex']) retrieved from /home/airflow/.local/lib/python3.7/site-packages/airflow/example_dags/example_complex.py
[2023-06-28T14:34:25.563+0000] {logging_mixin.py:149} INFO - [2023-06-28T14:34:25.563+0000] {dag.py:2726} INFO - Sync 1 DAGs
[2023-06-28T14:34:25.610+0000] {logging_mixin.py:149} INFO - [2023-06-28T14:34:25.610+0000] {dag.py:3490} INFO - Setting next_dagrun for example_complex to None, run_after=None
[2023-06-28T14:34:25.643+0000] {processor.py:179} INFO - Processing /home/airflow/.local/lib/python3.7/site-packages/airflow/example_dags/example_complex.py took 0.242 seconds
[2023-06-28T14:34:56.275+0000] {processor.py:157} INFO - Started process (PID=2180) to work on /home/airflow/.local/lib/python3.7/site-packages/airflow/example_dags/example_complex.py
[2023-06-28T14:34:56.277+0000] {processor.py:826} INFO - Processing file /home/airflow/.local/lib/python3.7/site-packages/airflow/example_dags/example_complex.py for tasks to queue
[2023-06-28T14:34:56.278+0000] {logging_mixin.py:149} INFO - [2023-06-28T14:34:56.278+0000] {dagbag.py:541} INFO - Filling up the DagBag from /home/airflow/.local/lib/python3.7/site-packages/airflow/example_dags/example_complex.py
[2023-06-28T14:34:56.295+0000] {processor.py:836} INFO - DAG(s) dict_keys(['example_complex']) retrieved from /home/airflow/.local/lib/python3.7/site-packages/airflow/example_dags/example_complex.py
[2023-06-28T14:34:56.360+0000] {logging_mixin.py:149} INFO - [2023-06-28T14:34:56.360+0000] {dag.py:2726} INFO - Sync 1 DAGs
[2023-06-28T14:34:56.403+0000] {logging_mixin.py:149} INFO - [2023-06-28T14:34:56.403+0000] {dag.py:3490} INFO - Setting next_dagrun for example_complex to None, run_after=None
[2023-06-28T14:34:56.436+0000] {processor.py:179} INFO - Processing /home/airflow/.local/lib/python3.7/site-packages/airflow/example_dags/example_complex.py took 0.165 seconds
[2023-06-28T14:35:26.526+0000] {processor.py:157} INFO - Started process (PID=2238) to work on /home/airflow/.local/lib/python3.7/site-packages/airflow/example_dags/example_complex.py
[2023-06-28T14:35:26.528+0000] {processor.py:826} INFO - Processing file /home/airflow/.local/lib/python3.7/site-packages/airflow/example_dags/example_complex.py for tasks to queue
[2023-06-28T14:35:26.529+0000] {logging_mixin.py:149} INFO - [2023-06-28T14:35:26.529+0000] {dagbag.py:541} INFO - Filling up the DagBag from /home/airflow/.local/lib/python3.7/site-packages/airflow/example_dags/example_complex.py
[2023-06-28T14:35:26.545+0000] {processor.py:836} INFO - DAG(s) dict_keys(['example_complex']) retrieved from /home/airflow/.local/lib/python3.7/site-packages/airflow/example_dags/example_complex.py
[2023-06-28T14:35:26.594+0000] {logging_mixin.py:149} INFO - [2023-06-28T14:35:26.593+0000] {dag.py:2726} INFO - Sync 1 DAGs
[2023-06-28T14:35:26.627+0000] {logging_mixin.py:149} INFO - [2023-06-28T14:35:26.627+0000] {dag.py:3490} INFO - Setting next_dagrun for example_complex to None, run_after=None
[2023-06-28T14:35:26.661+0000] {processor.py:179} INFO - Processing /home/airflow/.local/lib/python3.7/site-packages/airflow/example_dags/example_complex.py took 0.139 seconds
[2023-06-28T14:35:56.930+0000] {processor.py:157} INFO - Started process (PID=2298) to work on /home/airflow/.local/lib/python3.7/site-packages/airflow/example_dags/example_complex.py
[2023-06-28T14:35:56.932+0000] {processor.py:826} INFO - Processing file /home/airflow/.local/lib/python3.7/site-packages/airflow/example_dags/example_complex.py for tasks to queue
[2023-06-28T14:35:56.933+0000] {logging_mixin.py:149} INFO - [2023-06-28T14:35:56.933+0000] {dagbag.py:541} INFO - Filling up the DagBag from /home/airflow/.local/lib/python3.7/site-packages/airflow/example_dags/example_complex.py
[2023-06-28T14:35:56.949+0000] {processor.py:836} INFO - DAG(s) dict_keys(['example_complex']) retrieved from /home/airflow/.local/lib/python3.7/site-packages/airflow/example_dags/example_complex.py
[2023-06-28T14:35:57.001+0000] {logging_mixin.py:149} INFO - [2023-06-28T14:35:57.000+0000] {dag.py:2726} INFO - Sync 1 DAGs
[2023-06-28T14:35:57.035+0000] {logging_mixin.py:149} INFO - [2023-06-28T14:35:57.035+0000] {dag.py:3490} INFO - Setting next_dagrun for example_complex to None, run_after=None
[2023-06-28T14:35:57.069+0000] {processor.py:179} INFO - Processing /home/airflow/.local/lib/python3.7/site-packages/airflow/example_dags/example_complex.py took 0.142 seconds
[2023-06-28T14:36:27.313+0000] {processor.py:157} INFO - Started process (PID=2357) to work on /home/airflow/.local/lib/python3.7/site-packages/airflow/example_dags/example_complex.py
[2023-06-28T14:36:27.314+0000] {processor.py:826} INFO - Processing file /home/airflow/.local/lib/python3.7/site-packages/airflow/example_dags/example_complex.py for tasks to queue
[2023-06-28T14:36:27.316+0000] {logging_mixin.py:149} INFO - [2023-06-28T14:36:27.315+0000] {dagbag.py:541} INFO - Filling up the DagBag from /home/airflow/.local/lib/python3.7/site-packages/airflow/example_dags/example_complex.py
[2023-06-28T14:36:27.331+0000] {processor.py:836} INFO - DAG(s) dict_keys(['example_complex']) retrieved from /home/airflow/.local/lib/python3.7/site-packages/airflow/example_dags/example_complex.py
[2023-06-28T14:36:27.385+0000] {logging_mixin.py:149} INFO - [2023-06-28T14:36:27.385+0000] {dag.py:2726} INFO - Sync 1 DAGs
[2023-06-28T14:36:27.421+0000] {logging_mixin.py:149} INFO - [2023-06-28T14:36:27.421+0000] {dag.py:3490} INFO - Setting next_dagrun for example_complex to None, run_after=None
[2023-06-28T14:36:27.453+0000] {processor.py:179} INFO - Processing /home/airflow/.local/lib/python3.7/site-packages/airflow/example_dags/example_complex.py took 0.145 seconds
[2023-06-28T14:36:57.560+0000] {processor.py:157} INFO - Started process (PID=2416) to work on /home/airflow/.local/lib/python3.7/site-packages/airflow/example_dags/example_complex.py
[2023-06-28T14:36:57.561+0000] {processor.py:826} INFO - Processing file /home/airflow/.local/lib/python3.7/site-packages/airflow/example_dags/example_complex.py for tasks to queue
[2023-06-28T14:36:57.563+0000] {logging_mixin.py:149} INFO - [2023-06-28T14:36:57.562+0000] {dagbag.py:541} INFO - Filling up the DagBag from /home/airflow/.local/lib/python3.7/site-packages/airflow/example_dags/example_complex.py
[2023-06-28T14:36:57.585+0000] {processor.py:836} INFO - DAG(s) dict_keys(['example_complex']) retrieved from /home/airflow/.local/lib/python3.7/site-packages/airflow/example_dags/example_complex.py
[2023-06-28T14:36:57.651+0000] {logging_mixin.py:149} INFO - [2023-06-28T14:36:57.651+0000] {dag.py:2726} INFO - Sync 1 DAGs
[2023-06-28T14:36:57.693+0000] {logging_mixin.py:149} INFO - [2023-06-28T14:36:57.692+0000] {dag.py:3490} INFO - Setting next_dagrun for example_complex to None, run_after=None
[2023-06-28T14:36:57.727+0000] {processor.py:179} INFO - Processing /home/airflow/.local/lib/python3.7/site-packages/airflow/example_dags/example_complex.py took 0.172 seconds
[2023-06-28T14:37:28.037+0000] {processor.py:157} INFO - Started process (PID=2476) to work on /home/airflow/.local/lib/python3.7/site-packages/airflow/example_dags/example_complex.py
[2023-06-28T14:37:28.039+0000] {processor.py:826} INFO - Processing file /home/airflow/.local/lib/python3.7/site-packages/airflow/example_dags/example_complex.py for tasks to queue
[2023-06-28T14:37:28.040+0000] {logging_mixin.py:149} INFO - [2023-06-28T14:37:28.040+0000] {dagbag.py:541} INFO - Filling up the DagBag from /home/airflow/.local/lib/python3.7/site-packages/airflow/example_dags/example_complex.py
[2023-06-28T14:37:28.081+0000] {processor.py:836} INFO - DAG(s) dict_keys(['example_complex']) retrieved from /home/airflow/.local/lib/python3.7/site-packages/airflow/example_dags/example_complex.py
[2023-06-28T14:37:28.175+0000] {logging_mixin.py:149} INFO - [2023-06-28T14:37:28.175+0000] {dag.py:2726} INFO - Sync 1 DAGs
[2023-06-28T14:37:28.218+0000] {logging_mixin.py:149} INFO - [2023-06-28T14:37:28.218+0000] {dag.py:3490} INFO - Setting next_dagrun for example_complex to None, run_after=None
[2023-06-28T14:37:28.258+0000] {processor.py:179} INFO - Processing /home/airflow/.local/lib/python3.7/site-packages/airflow/example_dags/example_complex.py took 0.228 seconds
[2023-06-28T14:37:58.386+0000] {processor.py:157} INFO - Started process (PID=2536) to work on /home/airflow/.local/lib/python3.7/site-packages/airflow/example_dags/example_complex.py
[2023-06-28T14:37:58.388+0000] {processor.py:826} INFO - Processing file /home/airflow/.local/lib/python3.7/site-packages/airflow/example_dags/example_complex.py for tasks to queue
[2023-06-28T14:37:58.389+0000] {logging_mixin.py:149} INFO - [2023-06-28T14:37:58.389+0000] {dagbag.py:541} INFO - Filling up the DagBag from /home/airflow/.local/lib/python3.7/site-packages/airflow/example_dags/example_complex.py
[2023-06-28T14:37:58.407+0000] {processor.py:836} INFO - DAG(s) dict_keys(['example_complex']) retrieved from /home/airflow/.local/lib/python3.7/site-packages/airflow/example_dags/example_complex.py
[2023-06-28T14:37:58.534+0000] {logging_mixin.py:149} INFO - [2023-06-28T14:37:58.534+0000] {dag.py:2726} INFO - Sync 1 DAGs
[2023-06-28T14:37:58.578+0000] {logging_mixin.py:149} INFO - [2023-06-28T14:37:58.577+0000] {dag.py:3490} INFO - Setting next_dagrun for example_complex to None, run_after=None
[2023-06-28T14:37:58.610+0000] {processor.py:179} INFO - Processing /home/airflow/.local/lib/python3.7/site-packages/airflow/example_dags/example_complex.py took 0.228 seconds
[2023-06-28T14:38:28.903+0000] {processor.py:157} INFO - Started process (PID=2595) to work on /home/airflow/.local/lib/python3.7/site-packages/airflow/example_dags/example_complex.py
[2023-06-28T14:38:28.905+0000] {processor.py:826} INFO - Processing file /home/airflow/.local/lib/python3.7/site-packages/airflow/example_dags/example_complex.py for tasks to queue
[2023-06-28T14:38:28.906+0000] {logging_mixin.py:149} INFO - [2023-06-28T14:38:28.906+0000] {dagbag.py:541} INFO - Filling up the DagBag from /home/airflow/.local/lib/python3.7/site-packages/airflow/example_dags/example_complex.py
[2023-06-28T14:38:28.932+0000] {processor.py:836} INFO - DAG(s) dict_keys(['example_complex']) retrieved from /home/airflow/.local/lib/python3.7/site-packages/airflow/example_dags/example_complex.py
[2023-06-28T14:38:29.050+0000] {logging_mixin.py:149} INFO - [2023-06-28T14:38:29.050+0000] {dag.py:2726} INFO - Sync 1 DAGs
[2023-06-28T14:38:29.100+0000] {logging_mixin.py:149} INFO - [2023-06-28T14:38:29.100+0000] {dag.py:3490} INFO - Setting next_dagrun for example_complex to None, run_after=None
[2023-06-28T14:38:29.151+0000] {processor.py:179} INFO - Processing /home/airflow/.local/lib/python3.7/site-packages/airflow/example_dags/example_complex.py took 0.254 seconds
[2023-06-28T14:38:59.416+0000] {processor.py:157} INFO - Started process (PID=2653) to work on /home/airflow/.local/lib/python3.7/site-packages/airflow/example_dags/example_complex.py
[2023-06-28T14:38:59.418+0000] {processor.py:826} INFO - Processing file /home/airflow/.local/lib/python3.7/site-packages/airflow/example_dags/example_complex.py for tasks to queue
[2023-06-28T14:38:59.419+0000] {logging_mixin.py:149} INFO - [2023-06-28T14:38:59.419+0000] {dagbag.py:541} INFO - Filling up the DagBag from /home/airflow/.local/lib/python3.7/site-packages/airflow/example_dags/example_complex.py
[2023-06-28T14:38:59.440+0000] {processor.py:836} INFO - DAG(s) dict_keys(['example_complex']) retrieved from /home/airflow/.local/lib/python3.7/site-packages/airflow/example_dags/example_complex.py
[2023-06-28T14:38:59.501+0000] {logging_mixin.py:149} INFO - [2023-06-28T14:38:59.501+0000] {dag.py:2726} INFO - Sync 1 DAGs
[2023-06-28T14:38:59.545+0000] {logging_mixin.py:149} INFO - [2023-06-28T14:38:59.545+0000] {dag.py:3490} INFO - Setting next_dagrun for example_complex to None, run_after=None
[2023-06-28T14:38:59.582+0000] {processor.py:179} INFO - Processing /home/airflow/.local/lib/python3.7/site-packages/airflow/example_dags/example_complex.py took 0.171 seconds
[2023-06-28T14:39:29.980+0000] {processor.py:157} INFO - Started process (PID=2712) to work on /home/airflow/.local/lib/python3.7/site-packages/airflow/example_dags/example_complex.py
[2023-06-28T14:39:29.981+0000] {processor.py:826} INFO - Processing file /home/airflow/.local/lib/python3.7/site-packages/airflow/example_dags/example_complex.py for tasks to queue
[2023-06-28T14:39:29.983+0000] {logging_mixin.py:149} INFO - [2023-06-28T14:39:29.983+0000] {dagbag.py:541} INFO - Filling up the DagBag from /home/airflow/.local/lib/python3.7/site-packages/airflow/example_dags/example_complex.py
[2023-06-28T14:39:30.011+0000] {processor.py:836} INFO - DAG(s) dict_keys(['example_complex']) retrieved from /home/airflow/.local/lib/python3.7/site-packages/airflow/example_dags/example_complex.py
[2023-06-28T14:39:30.091+0000] {logging_mixin.py:149} INFO - [2023-06-28T14:39:30.091+0000] {dag.py:2726} INFO - Sync 1 DAGs
[2023-06-28T14:39:30.152+0000] {logging_mixin.py:149} INFO - [2023-06-28T14:39:30.152+0000] {dag.py:3490} INFO - Setting next_dagrun for example_complex to None, run_after=None
[2023-06-28T14:39:30.250+0000] {processor.py:179} INFO - Processing /home/airflow/.local/lib/python3.7/site-packages/airflow/example_dags/example_complex.py took 0.278 seconds
[2023-06-28T14:40:00.676+0000] {processor.py:157} INFO - Started process (PID=2772) to work on /home/airflow/.local/lib/python3.7/site-packages/airflow/example_dags/example_complex.py
[2023-06-28T14:40:00.678+0000] {processor.py:826} INFO - Processing file /home/airflow/.local/lib/python3.7/site-packages/airflow/example_dags/example_complex.py for tasks to queue
[2023-06-28T14:40:00.680+0000] {logging_mixin.py:149} INFO - [2023-06-28T14:40:00.679+0000] {dagbag.py:541} INFO - Filling up the DagBag from /home/airflow/.local/lib/python3.7/site-packages/airflow/example_dags/example_complex.py
[2023-06-28T14:40:00.733+0000] {processor.py:836} INFO - DAG(s) dict_keys(['example_complex']) retrieved from /home/airflow/.local/lib/python3.7/site-packages/airflow/example_dags/example_complex.py
[2023-06-28T14:40:00.853+0000] {logging_mixin.py:149} INFO - [2023-06-28T14:40:00.853+0000] {dag.py:2726} INFO - Sync 1 DAGs
[2023-06-28T14:40:00.894+0000] {logging_mixin.py:149} INFO - [2023-06-28T14:40:00.894+0000] {dag.py:3490} INFO - Setting next_dagrun for example_complex to None, run_after=None
[2023-06-28T14:40:00.928+0000] {processor.py:179} INFO - Processing /home/airflow/.local/lib/python3.7/site-packages/airflow/example_dags/example_complex.py took 0.262 seconds
[2023-06-28T14:40:30.995+0000] {processor.py:157} INFO - Started process (PID=2831) to work on /home/airflow/.local/lib/python3.7/site-packages/airflow/example_dags/example_complex.py
[2023-06-28T14:40:30.998+0000] {processor.py:826} INFO - Processing file /home/airflow/.local/lib/python3.7/site-packages/airflow/example_dags/example_complex.py for tasks to queue
[2023-06-28T14:40:31.001+0000] {logging_mixin.py:149} INFO - [2023-06-28T14:40:31.001+0000] {dagbag.py:541} INFO - Filling up the DagBag from /home/airflow/.local/lib/python3.7/site-packages/airflow/example_dags/example_complex.py
[2023-06-28T14:40:31.019+0000] {processor.py:836} INFO - DAG(s) dict_keys(['example_complex']) retrieved from /home/airflow/.local/lib/python3.7/site-packages/airflow/example_dags/example_complex.py
[2023-06-28T14:40:31.068+0000] {logging_mixin.py:149} INFO - [2023-06-28T14:40:31.068+0000] {dag.py:2726} INFO - Sync 1 DAGs
[2023-06-28T14:40:31.124+0000] {logging_mixin.py:149} INFO - [2023-06-28T14:40:31.124+0000] {dag.py:3490} INFO - Setting next_dagrun for example_complex to None, run_after=None
[2023-06-28T14:40:31.158+0000] {processor.py:179} INFO - Processing /home/airflow/.local/lib/python3.7/site-packages/airflow/example_dags/example_complex.py took 0.169 seconds
[2023-06-28T14:41:01.452+0000] {processor.py:157} INFO - Started process (PID=2890) to work on /home/airflow/.local/lib/python3.7/site-packages/airflow/example_dags/example_complex.py
[2023-06-28T14:41:01.453+0000] {processor.py:826} INFO - Processing file /home/airflow/.local/lib/python3.7/site-packages/airflow/example_dags/example_complex.py for tasks to queue
[2023-06-28T14:41:01.456+0000] {logging_mixin.py:149} INFO - [2023-06-28T14:41:01.456+0000] {dagbag.py:541} INFO - Filling up the DagBag from /home/airflow/.local/lib/python3.7/site-packages/airflow/example_dags/example_complex.py
[2023-06-28T14:41:01.521+0000] {processor.py:836} INFO - DAG(s) dict_keys(['example_complex']) retrieved from /home/airflow/.local/lib/python3.7/site-packages/airflow/example_dags/example_complex.py
[2023-06-28T14:41:01.675+0000] {logging_mixin.py:149} INFO - [2023-06-28T14:41:01.675+0000] {dag.py:2726} INFO - Sync 1 DAGs
[2023-06-28T14:41:01.726+0000] {logging_mixin.py:149} INFO - [2023-06-28T14:41:01.726+0000] {dag.py:3490} INFO - Setting next_dagrun for example_complex to None, run_after=None
[2023-06-28T14:41:01.786+0000] {processor.py:179} INFO - Processing /home/airflow/.local/lib/python3.7/site-packages/airflow/example_dags/example_complex.py took 0.340 seconds
[2023-06-28T14:41:31.866+0000] {processor.py:157} INFO - Started process (PID=2950) to work on /home/airflow/.local/lib/python3.7/site-packages/airflow/example_dags/example_complex.py
[2023-06-28T14:41:31.867+0000] {processor.py:826} INFO - Processing file /home/airflow/.local/lib/python3.7/site-packages/airflow/example_dags/example_complex.py for tasks to queue
[2023-06-28T14:41:31.868+0000] {logging_mixin.py:149} INFO - [2023-06-28T14:41:31.868+0000] {dagbag.py:541} INFO - Filling up the DagBag from /home/airflow/.local/lib/python3.7/site-packages/airflow/example_dags/example_complex.py
[2023-06-28T14:41:31.904+0000] {processor.py:836} INFO - DAG(s) dict_keys(['example_complex']) retrieved from /home/airflow/.local/lib/python3.7/site-packages/airflow/example_dags/example_complex.py
[2023-06-28T14:41:31.972+0000] {logging_mixin.py:149} INFO - [2023-06-28T14:41:31.972+0000] {dag.py:2726} INFO - Sync 1 DAGs
[2023-06-28T14:41:32.041+0000] {logging_mixin.py:149} INFO - [2023-06-28T14:41:32.041+0000] {dag.py:3490} INFO - Setting next_dagrun for example_complex to None, run_after=None
[2023-06-28T14:41:32.085+0000] {processor.py:179} INFO - Processing /home/airflow/.local/lib/python3.7/site-packages/airflow/example_dags/example_complex.py took 0.223 seconds
[2023-06-28T14:42:02.238+0000] {processor.py:157} INFO - Started process (PID=3009) to work on /home/airflow/.local/lib/python3.7/site-packages/airflow/example_dags/example_complex.py
[2023-06-28T14:42:02.239+0000] {processor.py:826} INFO - Processing file /home/airflow/.local/lib/python3.7/site-packages/airflow/example_dags/example_complex.py for tasks to queue
[2023-06-28T14:42:02.241+0000] {logging_mixin.py:149} INFO - [2023-06-28T14:42:02.241+0000] {dagbag.py:541} INFO - Filling up the DagBag from /home/airflow/.local/lib/python3.7/site-packages/airflow/example_dags/example_complex.py
[2023-06-28T14:42:02.264+0000] {processor.py:836} INFO - DAG(s) dict_keys(['example_complex']) retrieved from /home/airflow/.local/lib/python3.7/site-packages/airflow/example_dags/example_complex.py
[2023-06-28T14:42:02.332+0000] {logging_mixin.py:149} INFO - [2023-06-28T14:42:02.332+0000] {dag.py:2726} INFO - Sync 1 DAGs
[2023-06-28T14:42:02.394+0000] {logging_mixin.py:149} INFO - [2023-06-28T14:42:02.394+0000] {dag.py:3490} INFO - Setting next_dagrun for example_complex to None, run_after=None
[2023-06-28T14:42:02.424+0000] {processor.py:179} INFO - Processing /home/airflow/.local/lib/python3.7/site-packages/airflow/example_dags/example_complex.py took 0.199 seconds
[2023-06-28T14:42:32.862+0000] {processor.py:157} INFO - Started process (PID=3069) to work on /home/airflow/.local/lib/python3.7/site-packages/airflow/example_dags/example_complex.py
[2023-06-28T14:42:32.865+0000] {processor.py:826} INFO - Processing file /home/airflow/.local/lib/python3.7/site-packages/airflow/example_dags/example_complex.py for tasks to queue
[2023-06-28T14:42:32.867+0000] {logging_mixin.py:149} INFO - [2023-06-28T14:42:32.866+0000] {dagbag.py:541} INFO - Filling up the DagBag from /home/airflow/.local/lib/python3.7/site-packages/airflow/example_dags/example_complex.py
[2023-06-28T14:42:32.891+0000] {processor.py:836} INFO - DAG(s) dict_keys(['example_complex']) retrieved from /home/airflow/.local/lib/python3.7/site-packages/airflow/example_dags/example_complex.py
[2023-06-28T14:42:32.978+0000] {logging_mixin.py:149} INFO - [2023-06-28T14:42:32.977+0000] {dag.py:2726} INFO - Sync 1 DAGs
[2023-06-28T14:42:33.032+0000] {logging_mixin.py:149} INFO - [2023-06-28T14:42:33.031+0000] {dag.py:3490} INFO - Setting next_dagrun for example_complex to None, run_after=None
[2023-06-28T14:42:33.081+0000] {processor.py:179} INFO - Processing /home/airflow/.local/lib/python3.7/site-packages/airflow/example_dags/example_complex.py took 0.224 seconds
[2023-06-28T14:43:03.783+0000] {processor.py:157} INFO - Started process (PID=3129) to work on /home/airflow/.local/lib/python3.7/site-packages/airflow/example_dags/example_complex.py
[2023-06-28T14:43:03.784+0000] {processor.py:826} INFO - Processing file /home/airflow/.local/lib/python3.7/site-packages/airflow/example_dags/example_complex.py for tasks to queue
[2023-06-28T14:43:03.786+0000] {logging_mixin.py:149} INFO - [2023-06-28T14:43:03.786+0000] {dagbag.py:541} INFO - Filling up the DagBag from /home/airflow/.local/lib/python3.7/site-packages/airflow/example_dags/example_complex.py
[2023-06-28T14:43:03.806+0000] {processor.py:836} INFO - DAG(s) dict_keys(['example_complex']) retrieved from /home/airflow/.local/lib/python3.7/site-packages/airflow/example_dags/example_complex.py
[2023-06-28T14:43:03.868+0000] {logging_mixin.py:149} INFO - [2023-06-28T14:43:03.867+0000] {dag.py:2726} INFO - Sync 1 DAGs
[2023-06-28T14:43:03.910+0000] {logging_mixin.py:149} INFO - [2023-06-28T14:43:03.910+0000] {dag.py:3490} INFO - Setting next_dagrun for example_complex to None, run_after=None
[2023-06-28T14:43:03.976+0000] {processor.py:179} INFO - Processing /home/airflow/.local/lib/python3.7/site-packages/airflow/example_dags/example_complex.py took 0.198 seconds
[2023-06-28T14:43:34.761+0000] {processor.py:157} INFO - Started process (PID=3188) to work on /home/airflow/.local/lib/python3.7/site-packages/airflow/example_dags/example_complex.py
[2023-06-28T14:43:34.763+0000] {processor.py:826} INFO - Processing file /home/airflow/.local/lib/python3.7/site-packages/airflow/example_dags/example_complex.py for tasks to queue
[2023-06-28T14:43:34.766+0000] {logging_mixin.py:149} INFO - [2023-06-28T14:43:34.766+0000] {dagbag.py:541} INFO - Filling up the DagBag from /home/airflow/.local/lib/python3.7/site-packages/airflow/example_dags/example_complex.py
[2023-06-28T14:43:34.820+0000] {processor.py:836} INFO - DAG(s) dict_keys(['example_complex']) retrieved from /home/airflow/.local/lib/python3.7/site-packages/airflow/example_dags/example_complex.py
[2023-06-28T14:43:35.038+0000] {logging_mixin.py:149} INFO - [2023-06-28T14:43:35.038+0000] {dag.py:2726} INFO - Sync 1 DAGs
[2023-06-28T14:43:35.168+0000] {logging_mixin.py:149} INFO - [2023-06-28T14:43:35.167+0000] {dag.py:3490} INFO - Setting next_dagrun for example_complex to None, run_after=None
[2023-06-28T14:43:35.312+0000] {processor.py:179} INFO - Processing /home/airflow/.local/lib/python3.7/site-packages/airflow/example_dags/example_complex.py took 0.573 seconds
[2023-06-28T14:44:05.520+0000] {processor.py:157} INFO - Started process (PID=3246) to work on /home/airflow/.local/lib/python3.7/site-packages/airflow/example_dags/example_complex.py
[2023-06-28T14:44:05.522+0000] {processor.py:826} INFO - Processing file /home/airflow/.local/lib/python3.7/site-packages/airflow/example_dags/example_complex.py for tasks to queue
[2023-06-28T14:44:05.524+0000] {logging_mixin.py:149} INFO - [2023-06-28T14:44:05.524+0000] {dagbag.py:541} INFO - Filling up the DagBag from /home/airflow/.local/lib/python3.7/site-packages/airflow/example_dags/example_complex.py
[2023-06-28T14:44:05.548+0000] {processor.py:836} INFO - DAG(s) dict_keys(['example_complex']) retrieved from /home/airflow/.local/lib/python3.7/site-packages/airflow/example_dags/example_complex.py
[2023-06-28T14:44:05.611+0000] {logging_mixin.py:149} INFO - [2023-06-28T14:44:05.611+0000] {dag.py:2726} INFO - Sync 1 DAGs
[2023-06-28T14:44:05.650+0000] {logging_mixin.py:149} INFO - [2023-06-28T14:44:05.649+0000] {dag.py:3490} INFO - Setting next_dagrun for example_complex to None, run_after=None
[2023-06-28T14:44:05.696+0000] {processor.py:179} INFO - Processing /home/airflow/.local/lib/python3.7/site-packages/airflow/example_dags/example_complex.py took 0.186 seconds
[2023-06-28T14:44:35.984+0000] {processor.py:157} INFO - Started process (PID=3305) to work on /home/airflow/.local/lib/python3.7/site-packages/airflow/example_dags/example_complex.py
[2023-06-28T14:44:35.987+0000] {processor.py:826} INFO - Processing file /home/airflow/.local/lib/python3.7/site-packages/airflow/example_dags/example_complex.py for tasks to queue
[2023-06-28T14:44:35.990+0000] {logging_mixin.py:149} INFO - [2023-06-28T14:44:35.989+0000] {dagbag.py:541} INFO - Filling up the DagBag from /home/airflow/.local/lib/python3.7/site-packages/airflow/example_dags/example_complex.py
[2023-06-28T14:44:36.022+0000] {processor.py:836} INFO - DAG(s) dict_keys(['example_complex']) retrieved from /home/airflow/.local/lib/python3.7/site-packages/airflow/example_dags/example_complex.py
[2023-06-28T14:44:36.144+0000] {logging_mixin.py:149} INFO - [2023-06-28T14:44:36.143+0000] {dag.py:2726} INFO - Sync 1 DAGs
[2023-06-28T14:44:36.241+0000] {logging_mixin.py:149} INFO - [2023-06-28T14:44:36.241+0000] {dag.py:3490} INFO - Setting next_dagrun for example_complex to None, run_after=None
[2023-06-28T14:44:36.310+0000] {processor.py:179} INFO - Processing /home/airflow/.local/lib/python3.7/site-packages/airflow/example_dags/example_complex.py took 0.336 seconds
[2023-06-28T14:45:06.408+0000] {processor.py:157} INFO - Started process (PID=3363) to work on /home/airflow/.local/lib/python3.7/site-packages/airflow/example_dags/example_complex.py
[2023-06-28T14:45:06.409+0000] {processor.py:826} INFO - Processing file /home/airflow/.local/lib/python3.7/site-packages/airflow/example_dags/example_complex.py for tasks to queue
[2023-06-28T14:45:06.411+0000] {logging_mixin.py:149} INFO - [2023-06-28T14:45:06.411+0000] {dagbag.py:541} INFO - Filling up the DagBag from /home/airflow/.local/lib/python3.7/site-packages/airflow/example_dags/example_complex.py
[2023-06-28T14:45:06.476+0000] {processor.py:836} INFO - DAG(s) dict_keys(['example_complex']) retrieved from /home/airflow/.local/lib/python3.7/site-packages/airflow/example_dags/example_complex.py
[2023-06-28T14:45:06.653+0000] {logging_mixin.py:149} INFO - [2023-06-28T14:45:06.652+0000] {dag.py:2726} INFO - Sync 1 DAGs
[2023-06-28T14:45:06.732+0000] {logging_mixin.py:149} INFO - [2023-06-28T14:45:06.732+0000] {dag.py:3490} INFO - Setting next_dagrun for example_complex to None, run_after=None
[2023-06-28T14:45:06.823+0000] {processor.py:179} INFO - Processing /home/airflow/.local/lib/python3.7/site-packages/airflow/example_dags/example_complex.py took 0.422 seconds
[2023-06-28T14:45:37.118+0000] {processor.py:157} INFO - Started process (PID=3424) to work on /home/airflow/.local/lib/python3.7/site-packages/airflow/example_dags/example_complex.py
[2023-06-28T14:45:37.120+0000] {processor.py:826} INFO - Processing file /home/airflow/.local/lib/python3.7/site-packages/airflow/example_dags/example_complex.py for tasks to queue
[2023-06-28T14:45:37.122+0000] {logging_mixin.py:149} INFO - [2023-06-28T14:45:37.122+0000] {dagbag.py:541} INFO - Filling up the DagBag from /home/airflow/.local/lib/python3.7/site-packages/airflow/example_dags/example_complex.py
[2023-06-28T14:45:37.184+0000] {processor.py:836} INFO - DAG(s) dict_keys(['example_complex']) retrieved from /home/airflow/.local/lib/python3.7/site-packages/airflow/example_dags/example_complex.py
[2023-06-28T14:45:37.320+0000] {logging_mixin.py:149} INFO - [2023-06-28T14:45:37.319+0000] {dag.py:2726} INFO - Sync 1 DAGs
[2023-06-28T14:45:37.378+0000] {logging_mixin.py:149} INFO - [2023-06-28T14:45:37.375+0000] {dag.py:3490} INFO - Setting next_dagrun for example_complex to None, run_after=None
[2023-06-28T14:45:37.452+0000] {processor.py:179} INFO - Processing /home/airflow/.local/lib/python3.7/site-packages/airflow/example_dags/example_complex.py took 0.343 seconds
[2023-06-28T14:46:07.753+0000] {processor.py:157} INFO - Started process (PID=3483) to work on /home/airflow/.local/lib/python3.7/site-packages/airflow/example_dags/example_complex.py
[2023-06-28T14:46:07.758+0000] {processor.py:826} INFO - Processing file /home/airflow/.local/lib/python3.7/site-packages/airflow/example_dags/example_complex.py for tasks to queue
[2023-06-28T14:46:07.759+0000] {logging_mixin.py:149} INFO - [2023-06-28T14:46:07.759+0000] {dagbag.py:541} INFO - Filling up the DagBag from /home/airflow/.local/lib/python3.7/site-packages/airflow/example_dags/example_complex.py
[2023-06-28T14:46:07.791+0000] {processor.py:836} INFO - DAG(s) dict_keys(['example_complex']) retrieved from /home/airflow/.local/lib/python3.7/site-packages/airflow/example_dags/example_complex.py
[2023-06-28T14:46:07.853+0000] {logging_mixin.py:149} INFO - [2023-06-28T14:46:07.853+0000] {dag.py:2726} INFO - Sync 1 DAGs
[2023-06-28T14:46:07.896+0000] {logging_mixin.py:149} INFO - [2023-06-28T14:46:07.896+0000] {dag.py:3490} INFO - Setting next_dagrun for example_complex to None, run_after=None
[2023-06-28T14:46:07.928+0000] {processor.py:179} INFO - Processing /home/airflow/.local/lib/python3.7/site-packages/airflow/example_dags/example_complex.py took 0.183 seconds
[2023-06-28T14:46:38.125+0000] {processor.py:157} INFO - Started process (PID=3542) to work on /home/airflow/.local/lib/python3.7/site-packages/airflow/example_dags/example_complex.py
[2023-06-28T14:46:38.128+0000] {processor.py:826} INFO - Processing file /home/airflow/.local/lib/python3.7/site-packages/airflow/example_dags/example_complex.py for tasks to queue
[2023-06-28T14:46:38.130+0000] {logging_mixin.py:149} INFO - [2023-06-28T14:46:38.130+0000] {dagbag.py:541} INFO - Filling up the DagBag from /home/airflow/.local/lib/python3.7/site-packages/airflow/example_dags/example_complex.py
[2023-06-28T14:46:38.159+0000] {processor.py:836} INFO - DAG(s) dict_keys(['example_complex']) retrieved from /home/airflow/.local/lib/python3.7/site-packages/airflow/example_dags/example_complex.py
[2023-06-28T14:46:38.234+0000] {logging_mixin.py:149} INFO - [2023-06-28T14:46:38.234+0000] {dag.py:2726} INFO - Sync 1 DAGs
[2023-06-28T14:46:38.279+0000] {logging_mixin.py:149} INFO - [2023-06-28T14:46:38.279+0000] {dag.py:3490} INFO - Setting next_dagrun for example_complex to None, run_after=None
[2023-06-28T14:46:38.331+0000] {processor.py:179} INFO - Processing /home/airflow/.local/lib/python3.7/site-packages/airflow/example_dags/example_complex.py took 0.211 seconds
[2023-06-28T14:47:08.648+0000] {processor.py:157} INFO - Started process (PID=3597) to work on /home/airflow/.local/lib/python3.7/site-packages/airflow/example_dags/example_complex.py
[2023-06-28T14:47:08.664+0000] {processor.py:826} INFO - Processing file /home/airflow/.local/lib/python3.7/site-packages/airflow/example_dags/example_complex.py for tasks to queue
[2023-06-28T14:47:08.668+0000] {logging_mixin.py:149} INFO - [2023-06-28T14:47:08.668+0000] {dagbag.py:541} INFO - Filling up the DagBag from /home/airflow/.local/lib/python3.7/site-packages/airflow/example_dags/example_complex.py
[2023-06-28T14:47:08.754+0000] {processor.py:836} INFO - DAG(s) dict_keys(['example_complex']) retrieved from /home/airflow/.local/lib/python3.7/site-packages/airflow/example_dags/example_complex.py
[2023-06-28T14:47:08.933+0000] {logging_mixin.py:149} INFO - [2023-06-28T14:47:08.933+0000] {dag.py:2726} INFO - Sync 1 DAGs
[2023-06-28T14:47:09.096+0000] {logging_mixin.py:149} INFO - [2023-06-28T14:47:09.096+0000] {dag.py:3490} INFO - Setting next_dagrun for example_complex to None, run_after=None
[2023-06-28T14:47:09.167+0000] {processor.py:179} INFO - Processing /home/airflow/.local/lib/python3.7/site-packages/airflow/example_dags/example_complex.py took 0.534 seconds
[2023-06-28T14:47:39.698+0000] {processor.py:157} INFO - Started process (PID=3656) to work on /home/airflow/.local/lib/python3.7/site-packages/airflow/example_dags/example_complex.py
[2023-06-28T14:47:39.699+0000] {processor.py:826} INFO - Processing file /home/airflow/.local/lib/python3.7/site-packages/airflow/example_dags/example_complex.py for tasks to queue
[2023-06-28T14:47:39.700+0000] {logging_mixin.py:149} INFO - [2023-06-28T14:47:39.700+0000] {dagbag.py:541} INFO - Filling up the DagBag from /home/airflow/.local/lib/python3.7/site-packages/airflow/example_dags/example_complex.py
[2023-06-28T14:47:39.717+0000] {processor.py:836} INFO - DAG(s) dict_keys(['example_complex']) retrieved from /home/airflow/.local/lib/python3.7/site-packages/airflow/example_dags/example_complex.py
[2023-06-28T14:47:39.778+0000] {logging_mixin.py:149} INFO - [2023-06-28T14:47:39.778+0000] {dag.py:2726} INFO - Sync 1 DAGs
[2023-06-28T14:47:39.839+0000] {logging_mixin.py:149} INFO - [2023-06-28T14:47:39.839+0000] {dag.py:3490} INFO - Setting next_dagrun for example_complex to None, run_after=None
[2023-06-28T14:47:39.876+0000] {processor.py:179} INFO - Processing /home/airflow/.local/lib/python3.7/site-packages/airflow/example_dags/example_complex.py took 0.183 seconds
[2023-06-28T14:48:10.453+0000] {processor.py:157} INFO - Started process (PID=3716) to work on /home/airflow/.local/lib/python3.7/site-packages/airflow/example_dags/example_complex.py
[2023-06-28T14:48:10.454+0000] {processor.py:826} INFO - Processing file /home/airflow/.local/lib/python3.7/site-packages/airflow/example_dags/example_complex.py for tasks to queue
[2023-06-28T14:48:10.455+0000] {logging_mixin.py:149} INFO - [2023-06-28T14:48:10.455+0000] {dagbag.py:541} INFO - Filling up the DagBag from /home/airflow/.local/lib/python3.7/site-packages/airflow/example_dags/example_complex.py
[2023-06-28T14:48:10.476+0000] {processor.py:836} INFO - DAG(s) dict_keys(['example_complex']) retrieved from /home/airflow/.local/lib/python3.7/site-packages/airflow/example_dags/example_complex.py
[2023-06-28T14:48:10.526+0000] {logging_mixin.py:149} INFO - [2023-06-28T14:48:10.526+0000] {dag.py:2726} INFO - Sync 1 DAGs
[2023-06-28T14:48:10.571+0000] {logging_mixin.py:149} INFO - [2023-06-28T14:48:10.571+0000] {dag.py:3490} INFO - Setting next_dagrun for example_complex to None, run_after=None
[2023-06-28T14:48:10.606+0000] {processor.py:179} INFO - Processing /home/airflow/.local/lib/python3.7/site-packages/airflow/example_dags/example_complex.py took 0.159 seconds
