[2023-06-28T14:16:45.716+0000] {processor.py:157} INFO - Started process (PID=81) to work on /home/airflow/.local/lib/python3.7/site-packages/airflow/example_dags/example_xcomargs.py
[2023-06-28T14:16:45.718+0000] {processor.py:826} INFO - Processing file /home/airflow/.local/lib/python3.7/site-packages/airflow/example_dags/example_xcomargs.py for tasks to queue
[2023-06-28T14:16:45.733+0000] {logging_mixin.py:149} INFO - [2023-06-28T14:16:45.732+0000] {dagbag.py:541} INFO - Filling up the DagBag from /home/airflow/.local/lib/python3.7/site-packages/airflow/example_dags/example_xcomargs.py
[2023-06-28T14:16:45.825+0000] {processor.py:836} INFO - DAG(s) dict_keys(['example_xcom_args', 'example_xcom_args_with_operators']) retrieved from /home/airflow/.local/lib/python3.7/site-packages/airflow/example_dags/example_xcomargs.py
[2023-06-28T14:16:45.990+0000] {logging_mixin.py:149} INFO - [2023-06-28T14:16:45.990+0000] {dag.py:2726} INFO - Sync 2 DAGs
[2023-06-28T14:16:46.182+0000] {logging_mixin.py:149} INFO - [2023-06-28T14:16:46.182+0000] {dag.py:3490} INFO - Setting next_dagrun for example_xcom_args to None, run_after=None
[2023-06-28T14:16:46.213+0000] {logging_mixin.py:149} INFO - [2023-06-28T14:16:46.202+0000] {dag.py:3490} INFO - Setting next_dagrun for example_xcom_args_with_operators to None, run_after=None
[2023-06-28T14:16:46.315+0000] {processor.py:179} INFO - Processing /home/airflow/.local/lib/python3.7/site-packages/airflow/example_dags/example_xcomargs.py took 0.614 seconds
[2023-06-28T14:17:18.214+0000] {processor.py:157} INFO - Started process (PID=146) to work on /home/airflow/.local/lib/python3.7/site-packages/airflow/example_dags/example_xcomargs.py
[2023-06-28T14:17:18.217+0000] {processor.py:826} INFO - Processing file /home/airflow/.local/lib/python3.7/site-packages/airflow/example_dags/example_xcomargs.py for tasks to queue
[2023-06-28T14:17:18.225+0000] {logging_mixin.py:149} INFO - [2023-06-28T14:17:18.220+0000] {dagbag.py:541} INFO - Filling up the DagBag from /home/airflow/.local/lib/python3.7/site-packages/airflow/example_dags/example_xcomargs.py
[2023-06-28T14:17:18.282+0000] {processor.py:836} INFO - DAG(s) dict_keys(['example_xcom_args', 'example_xcom_args_with_operators']) retrieved from /home/airflow/.local/lib/python3.7/site-packages/airflow/example_dags/example_xcomargs.py
[2023-06-28T14:17:18.357+0000] {logging_mixin.py:149} INFO - [2023-06-28T14:17:18.357+0000] {dag.py:2726} INFO - Sync 2 DAGs
[2023-06-28T14:17:18.505+0000] {logging_mixin.py:149} INFO - [2023-06-28T14:17:18.504+0000] {dag.py:3490} INFO - Setting next_dagrun for example_xcom_args to None, run_after=None
[2023-06-28T14:17:18.513+0000] {logging_mixin.py:149} INFO - [2023-06-28T14:17:18.513+0000] {dag.py:3490} INFO - Setting next_dagrun for example_xcom_args_with_operators to None, run_after=None
[2023-06-28T14:17:18.678+0000] {processor.py:179} INFO - Processing /home/airflow/.local/lib/python3.7/site-packages/airflow/example_dags/example_xcomargs.py took 0.479 seconds
[2023-06-28T14:17:49.736+0000] {processor.py:157} INFO - Started process (PID=206) to work on /home/airflow/.local/lib/python3.7/site-packages/airflow/example_dags/example_xcomargs.py
[2023-06-28T14:17:49.738+0000] {processor.py:826} INFO - Processing file /home/airflow/.local/lib/python3.7/site-packages/airflow/example_dags/example_xcomargs.py for tasks to queue
[2023-06-28T14:17:49.740+0000] {logging_mixin.py:149} INFO - [2023-06-28T14:17:49.739+0000] {dagbag.py:541} INFO - Filling up the DagBag from /home/airflow/.local/lib/python3.7/site-packages/airflow/example_dags/example_xcomargs.py
[2023-06-28T14:17:49.758+0000] {processor.py:836} INFO - DAG(s) dict_keys(['example_xcom_args', 'example_xcom_args_with_operators']) retrieved from /home/airflow/.local/lib/python3.7/site-packages/airflow/example_dags/example_xcomargs.py
[2023-06-28T14:17:49.787+0000] {logging_mixin.py:149} INFO - [2023-06-28T14:17:49.787+0000] {dag.py:2726} INFO - Sync 2 DAGs
[2023-06-28T14:17:49.847+0000] {logging_mixin.py:149} INFO - [2023-06-28T14:17:49.847+0000] {dag.py:3490} INFO - Setting next_dagrun for example_xcom_args to None, run_after=None
[2023-06-28T14:17:49.855+0000] {logging_mixin.py:149} INFO - [2023-06-28T14:17:49.855+0000] {dag.py:3490} INFO - Setting next_dagrun for example_xcom_args_with_operators to None, run_after=None
[2023-06-28T14:17:49.898+0000] {processor.py:179} INFO - Processing /home/airflow/.local/lib/python3.7/site-packages/airflow/example_dags/example_xcomargs.py took 0.167 seconds
[2023-06-28T14:18:20.120+0000] {processor.py:157} INFO - Started process (PID=266) to work on /home/airflow/.local/lib/python3.7/site-packages/airflow/example_dags/example_xcomargs.py
[2023-06-28T14:18:20.122+0000] {processor.py:826} INFO - Processing file /home/airflow/.local/lib/python3.7/site-packages/airflow/example_dags/example_xcomargs.py for tasks to queue
[2023-06-28T14:18:20.124+0000] {logging_mixin.py:149} INFO - [2023-06-28T14:18:20.123+0000] {dagbag.py:541} INFO - Filling up the DagBag from /home/airflow/.local/lib/python3.7/site-packages/airflow/example_dags/example_xcomargs.py
[2023-06-28T14:18:20.139+0000] {processor.py:836} INFO - DAG(s) dict_keys(['example_xcom_args_with_operators', 'example_xcom_args']) retrieved from /home/airflow/.local/lib/python3.7/site-packages/airflow/example_dags/example_xcomargs.py
[2023-06-28T14:18:20.240+0000] {logging_mixin.py:149} INFO - [2023-06-28T14:18:20.239+0000] {dag.py:2726} INFO - Sync 2 DAGs
[2023-06-28T14:18:20.324+0000] {logging_mixin.py:149} INFO - [2023-06-28T14:18:20.324+0000] {dag.py:3490} INFO - Setting next_dagrun for example_xcom_args to None, run_after=None
[2023-06-28T14:18:20.339+0000] {logging_mixin.py:149} INFO - [2023-06-28T14:18:20.339+0000] {dag.py:3490} INFO - Setting next_dagrun for example_xcom_args_with_operators to None, run_after=None
[2023-06-28T14:18:20.382+0000] {processor.py:179} INFO - Processing /home/airflow/.local/lib/python3.7/site-packages/airflow/example_dags/example_xcomargs.py took 0.275 seconds
[2023-06-28T14:18:50.937+0000] {processor.py:157} INFO - Started process (PID=325) to work on /home/airflow/.local/lib/python3.7/site-packages/airflow/example_dags/example_xcomargs.py
[2023-06-28T14:18:50.938+0000] {processor.py:826} INFO - Processing file /home/airflow/.local/lib/python3.7/site-packages/airflow/example_dags/example_xcomargs.py for tasks to queue
[2023-06-28T14:18:50.940+0000] {logging_mixin.py:149} INFO - [2023-06-28T14:18:50.939+0000] {dagbag.py:541} INFO - Filling up the DagBag from /home/airflow/.local/lib/python3.7/site-packages/airflow/example_dags/example_xcomargs.py
[2023-06-28T14:18:50.956+0000] {processor.py:836} INFO - DAG(s) dict_keys(['example_xcom_args', 'example_xcom_args_with_operators']) retrieved from /home/airflow/.local/lib/python3.7/site-packages/airflow/example_dags/example_xcomargs.py
[2023-06-28T14:18:51.009+0000] {logging_mixin.py:149} INFO - [2023-06-28T14:18:51.009+0000] {dag.py:2726} INFO - Sync 2 DAGs
[2023-06-28T14:18:51.063+0000] {logging_mixin.py:149} INFO - [2023-06-28T14:18:51.063+0000] {dag.py:3490} INFO - Setting next_dagrun for example_xcom_args to None, run_after=None
[2023-06-28T14:18:51.068+0000] {logging_mixin.py:149} INFO - [2023-06-28T14:18:51.068+0000] {dag.py:3490} INFO - Setting next_dagrun for example_xcom_args_with_operators to None, run_after=None
[2023-06-28T14:18:51.105+0000] {processor.py:179} INFO - Processing /home/airflow/.local/lib/python3.7/site-packages/airflow/example_dags/example_xcomargs.py took 0.173 seconds
[2023-06-28T14:19:21.482+0000] {processor.py:157} INFO - Started process (PID=382) to work on /home/airflow/.local/lib/python3.7/site-packages/airflow/example_dags/example_xcomargs.py
[2023-06-28T14:19:21.483+0000] {processor.py:826} INFO - Processing file /home/airflow/.local/lib/python3.7/site-packages/airflow/example_dags/example_xcomargs.py for tasks to queue
[2023-06-28T14:19:21.485+0000] {logging_mixin.py:149} INFO - [2023-06-28T14:19:21.485+0000] {dagbag.py:541} INFO - Filling up the DagBag from /home/airflow/.local/lib/python3.7/site-packages/airflow/example_dags/example_xcomargs.py
[2023-06-28T14:19:21.499+0000] {processor.py:836} INFO - DAG(s) dict_keys(['example_xcom_args_with_operators', 'example_xcom_args']) retrieved from /home/airflow/.local/lib/python3.7/site-packages/airflow/example_dags/example_xcomargs.py
[2023-06-28T14:19:21.550+0000] {logging_mixin.py:149} INFO - [2023-06-28T14:19:21.549+0000] {dag.py:2726} INFO - Sync 2 DAGs
[2023-06-28T14:19:21.600+0000] {logging_mixin.py:149} INFO - [2023-06-28T14:19:21.599+0000] {dag.py:3490} INFO - Setting next_dagrun for example_xcom_args to None, run_after=None
[2023-06-28T14:19:21.608+0000] {logging_mixin.py:149} INFO - [2023-06-28T14:19:21.607+0000] {dag.py:3490} INFO - Setting next_dagrun for example_xcom_args_with_operators to None, run_after=None
[2023-06-28T14:19:21.657+0000] {processor.py:179} INFO - Processing /home/airflow/.local/lib/python3.7/site-packages/airflow/example_dags/example_xcomargs.py took 0.182 seconds
[2023-06-28T14:19:53.293+0000] {processor.py:157} INFO - Started process (PID=441) to work on /home/airflow/.local/lib/python3.7/site-packages/airflow/example_dags/example_xcomargs.py
[2023-06-28T14:19:53.299+0000] {processor.py:826} INFO - Processing file /home/airflow/.local/lib/python3.7/site-packages/airflow/example_dags/example_xcomargs.py for tasks to queue
[2023-06-28T14:19:53.306+0000] {logging_mixin.py:149} INFO - [2023-06-28T14:19:53.305+0000] {dagbag.py:541} INFO - Filling up the DagBag from /home/airflow/.local/lib/python3.7/site-packages/airflow/example_dags/example_xcomargs.py
[2023-06-28T14:19:53.333+0000] {processor.py:836} INFO - DAG(s) dict_keys(['example_xcom_args', 'example_xcom_args_with_operators']) retrieved from /home/airflow/.local/lib/python3.7/site-packages/airflow/example_dags/example_xcomargs.py
[2023-06-28T14:19:53.488+0000] {logging_mixin.py:149} INFO - [2023-06-28T14:19:53.488+0000] {dag.py:2726} INFO - Sync 2 DAGs
[2023-06-28T14:19:53.617+0000] {logging_mixin.py:149} INFO - [2023-06-28T14:19:53.616+0000] {dag.py:3490} INFO - Setting next_dagrun for example_xcom_args to None, run_after=None
[2023-06-28T14:19:53.634+0000] {logging_mixin.py:149} INFO - [2023-06-28T14:19:53.633+0000] {dag.py:3490} INFO - Setting next_dagrun for example_xcom_args_with_operators to None, run_after=None
[2023-06-28T14:19:53.710+0000] {processor.py:179} INFO - Processing /home/airflow/.local/lib/python3.7/site-packages/airflow/example_dags/example_xcomargs.py took 0.432 seconds
[2023-06-28T14:20:23.923+0000] {processor.py:157} INFO - Started process (PID=500) to work on /home/airflow/.local/lib/python3.7/site-packages/airflow/example_dags/example_xcomargs.py
[2023-06-28T14:20:23.925+0000] {processor.py:826} INFO - Processing file /home/airflow/.local/lib/python3.7/site-packages/airflow/example_dags/example_xcomargs.py for tasks to queue
[2023-06-28T14:20:23.926+0000] {logging_mixin.py:149} INFO - [2023-06-28T14:20:23.926+0000] {dagbag.py:541} INFO - Filling up the DagBag from /home/airflow/.local/lib/python3.7/site-packages/airflow/example_dags/example_xcomargs.py
[2023-06-28T14:20:23.939+0000] {processor.py:836} INFO - DAG(s) dict_keys(['example_xcom_args_with_operators', 'example_xcom_args']) retrieved from /home/airflow/.local/lib/python3.7/site-packages/airflow/example_dags/example_xcomargs.py
[2023-06-28T14:20:23.988+0000] {logging_mixin.py:149} INFO - [2023-06-28T14:20:23.988+0000] {dag.py:2726} INFO - Sync 2 DAGs
[2023-06-28T14:20:24.034+0000] {logging_mixin.py:149} INFO - [2023-06-28T14:20:24.033+0000] {dag.py:3490} INFO - Setting next_dagrun for example_xcom_args to None, run_after=None
[2023-06-28T14:20:24.039+0000] {logging_mixin.py:149} INFO - [2023-06-28T14:20:24.039+0000] {dag.py:3490} INFO - Setting next_dagrun for example_xcom_args_with_operators to None, run_after=None
[2023-06-28T14:20:24.075+0000] {processor.py:179} INFO - Processing /home/airflow/.local/lib/python3.7/site-packages/airflow/example_dags/example_xcomargs.py took 0.157 seconds
[2023-06-28T14:20:54.322+0000] {processor.py:157} INFO - Started process (PID=559) to work on /home/airflow/.local/lib/python3.7/site-packages/airflow/example_dags/example_xcomargs.py
[2023-06-28T14:20:54.323+0000] {processor.py:826} INFO - Processing file /home/airflow/.local/lib/python3.7/site-packages/airflow/example_dags/example_xcomargs.py for tasks to queue
[2023-06-28T14:20:54.325+0000] {logging_mixin.py:149} INFO - [2023-06-28T14:20:54.324+0000] {dagbag.py:541} INFO - Filling up the DagBag from /home/airflow/.local/lib/python3.7/site-packages/airflow/example_dags/example_xcomargs.py
[2023-06-28T14:20:54.336+0000] {processor.py:836} INFO - DAG(s) dict_keys(['example_xcom_args_with_operators', 'example_xcom_args']) retrieved from /home/airflow/.local/lib/python3.7/site-packages/airflow/example_dags/example_xcomargs.py
[2023-06-28T14:20:54.379+0000] {logging_mixin.py:149} INFO - [2023-06-28T14:20:54.379+0000] {dag.py:2726} INFO - Sync 2 DAGs
[2023-06-28T14:20:54.424+0000] {logging_mixin.py:149} INFO - [2023-06-28T14:20:54.424+0000] {dag.py:3490} INFO - Setting next_dagrun for example_xcom_args to None, run_after=None
[2023-06-28T14:20:54.429+0000] {logging_mixin.py:149} INFO - [2023-06-28T14:20:54.429+0000] {dag.py:3490} INFO - Setting next_dagrun for example_xcom_args_with_operators to None, run_after=None
[2023-06-28T14:20:54.457+0000] {processor.py:179} INFO - Processing /home/airflow/.local/lib/python3.7/site-packages/airflow/example_dags/example_xcomargs.py took 0.142 seconds
[2023-06-28T14:21:24.493+0000] {processor.py:157} INFO - Started process (PID=618) to work on /home/airflow/.local/lib/python3.7/site-packages/airflow/example_dags/example_xcomargs.py
[2023-06-28T14:21:24.494+0000] {processor.py:826} INFO - Processing file /home/airflow/.local/lib/python3.7/site-packages/airflow/example_dags/example_xcomargs.py for tasks to queue
[2023-06-28T14:21:24.496+0000] {logging_mixin.py:149} INFO - [2023-06-28T14:21:24.496+0000] {dagbag.py:541} INFO - Filling up the DagBag from /home/airflow/.local/lib/python3.7/site-packages/airflow/example_dags/example_xcomargs.py
[2023-06-28T14:21:24.507+0000] {processor.py:836} INFO - DAG(s) dict_keys(['example_xcom_args', 'example_xcom_args_with_operators']) retrieved from /home/airflow/.local/lib/python3.7/site-packages/airflow/example_dags/example_xcomargs.py
[2023-06-28T14:21:24.551+0000] {logging_mixin.py:149} INFO - [2023-06-28T14:21:24.551+0000] {dag.py:2726} INFO - Sync 2 DAGs
[2023-06-28T14:21:24.588+0000] {logging_mixin.py:149} INFO - [2023-06-28T14:21:24.588+0000] {dag.py:3490} INFO - Setting next_dagrun for example_xcom_args to None, run_after=None
[2023-06-28T14:21:24.595+0000] {logging_mixin.py:149} INFO - [2023-06-28T14:21:24.595+0000] {dag.py:3490} INFO - Setting next_dagrun for example_xcom_args_with_operators to None, run_after=None
[2023-06-28T14:21:24.628+0000] {processor.py:179} INFO - Processing /home/airflow/.local/lib/python3.7/site-packages/airflow/example_dags/example_xcomargs.py took 0.140 seconds
[2023-06-28T14:21:55.319+0000] {processor.py:157} INFO - Started process (PID=678) to work on /home/airflow/.local/lib/python3.7/site-packages/airflow/example_dags/example_xcomargs.py
[2023-06-28T14:21:55.328+0000] {processor.py:826} INFO - Processing file /home/airflow/.local/lib/python3.7/site-packages/airflow/example_dags/example_xcomargs.py for tasks to queue
[2023-06-28T14:21:55.330+0000] {logging_mixin.py:149} INFO - [2023-06-28T14:21:55.329+0000] {dagbag.py:541} INFO - Filling up the DagBag from /home/airflow/.local/lib/python3.7/site-packages/airflow/example_dags/example_xcomargs.py
[2023-06-28T14:21:55.347+0000] {processor.py:836} INFO - DAG(s) dict_keys(['example_xcom_args_with_operators', 'example_xcom_args']) retrieved from /home/airflow/.local/lib/python3.7/site-packages/airflow/example_dags/example_xcomargs.py
[2023-06-28T14:21:55.422+0000] {logging_mixin.py:149} INFO - [2023-06-28T14:21:55.422+0000] {dag.py:2726} INFO - Sync 2 DAGs
[2023-06-28T14:21:55.486+0000] {logging_mixin.py:149} INFO - [2023-06-28T14:21:55.486+0000] {dag.py:3490} INFO - Setting next_dagrun for example_xcom_args to None, run_after=None
[2023-06-28T14:21:55.492+0000] {logging_mixin.py:149} INFO - [2023-06-28T14:21:55.492+0000] {dag.py:3490} INFO - Setting next_dagrun for example_xcom_args_with_operators to None, run_after=None
[2023-06-28T14:21:55.527+0000] {processor.py:179} INFO - Processing /home/airflow/.local/lib/python3.7/site-packages/airflow/example_dags/example_xcomargs.py took 0.215 seconds
[2023-06-28T14:22:25.690+0000] {processor.py:157} INFO - Started process (PID=737) to work on /home/airflow/.local/lib/python3.7/site-packages/airflow/example_dags/example_xcomargs.py
[2023-06-28T14:22:25.691+0000] {processor.py:826} INFO - Processing file /home/airflow/.local/lib/python3.7/site-packages/airflow/example_dags/example_xcomargs.py for tasks to queue
[2023-06-28T14:22:25.693+0000] {logging_mixin.py:149} INFO - [2023-06-28T14:22:25.692+0000] {dagbag.py:541} INFO - Filling up the DagBag from /home/airflow/.local/lib/python3.7/site-packages/airflow/example_dags/example_xcomargs.py
[2023-06-28T14:22:25.703+0000] {processor.py:836} INFO - DAG(s) dict_keys(['example_xcom_args', 'example_xcom_args_with_operators']) retrieved from /home/airflow/.local/lib/python3.7/site-packages/airflow/example_dags/example_xcomargs.py
[2023-06-28T14:22:25.749+0000] {logging_mixin.py:149} INFO - [2023-06-28T14:22:25.748+0000] {dag.py:2726} INFO - Sync 2 DAGs
[2023-06-28T14:22:25.787+0000] {logging_mixin.py:149} INFO - [2023-06-28T14:22:25.787+0000] {dag.py:3490} INFO - Setting next_dagrun for example_xcom_args to None, run_after=None
[2023-06-28T14:22:25.794+0000] {logging_mixin.py:149} INFO - [2023-06-28T14:22:25.794+0000] {dag.py:3490} INFO - Setting next_dagrun for example_xcom_args_with_operators to None, run_after=None
[2023-06-28T14:22:25.828+0000] {processor.py:179} INFO - Processing /home/airflow/.local/lib/python3.7/site-packages/airflow/example_dags/example_xcomargs.py took 0.142 seconds
[2023-06-28T14:22:56.883+0000] {processor.py:157} INFO - Started process (PID=796) to work on /home/airflow/.local/lib/python3.7/site-packages/airflow/example_dags/example_xcomargs.py
[2023-06-28T14:22:56.884+0000] {processor.py:826} INFO - Processing file /home/airflow/.local/lib/python3.7/site-packages/airflow/example_dags/example_xcomargs.py for tasks to queue
[2023-06-28T14:22:56.886+0000] {logging_mixin.py:149} INFO - [2023-06-28T14:22:56.886+0000] {dagbag.py:541} INFO - Filling up the DagBag from /home/airflow/.local/lib/python3.7/site-packages/airflow/example_dags/example_xcomargs.py
[2023-06-28T14:22:56.903+0000] {processor.py:836} INFO - DAG(s) dict_keys(['example_xcom_args', 'example_xcom_args_with_operators']) retrieved from /home/airflow/.local/lib/python3.7/site-packages/airflow/example_dags/example_xcomargs.py
[2023-06-28T14:22:56.943+0000] {logging_mixin.py:149} INFO - [2023-06-28T14:22:56.942+0000] {dag.py:2726} INFO - Sync 2 DAGs
[2023-06-28T14:22:56.988+0000] {logging_mixin.py:149} INFO - [2023-06-28T14:22:56.988+0000] {dag.py:3490} INFO - Setting next_dagrun for example_xcom_args to None, run_after=None
[2023-06-28T14:22:56.993+0000] {logging_mixin.py:149} INFO - [2023-06-28T14:22:56.993+0000] {dag.py:3490} INFO - Setting next_dagrun for example_xcom_args_with_operators to None, run_after=None
[2023-06-28T14:22:57.028+0000] {processor.py:179} INFO - Processing /home/airflow/.local/lib/python3.7/site-packages/airflow/example_dags/example_xcomargs.py took 0.152 seconds
[2023-06-28T14:23:27.755+0000] {processor.py:157} INFO - Started process (PID=856) to work on /home/airflow/.local/lib/python3.7/site-packages/airflow/example_dags/example_xcomargs.py
[2023-06-28T14:23:27.756+0000] {processor.py:826} INFO - Processing file /home/airflow/.local/lib/python3.7/site-packages/airflow/example_dags/example_xcomargs.py for tasks to queue
[2023-06-28T14:23:27.758+0000] {logging_mixin.py:149} INFO - [2023-06-28T14:23:27.758+0000] {dagbag.py:541} INFO - Filling up the DagBag from /home/airflow/.local/lib/python3.7/site-packages/airflow/example_dags/example_xcomargs.py
[2023-06-28T14:23:27.806+0000] {processor.py:836} INFO - DAG(s) dict_keys(['example_xcom_args_with_operators', 'example_xcom_args']) retrieved from /home/airflow/.local/lib/python3.7/site-packages/airflow/example_dags/example_xcomargs.py
[2023-06-28T14:23:27.933+0000] {logging_mixin.py:149} INFO - [2023-06-28T14:23:27.932+0000] {dag.py:2726} INFO - Sync 2 DAGs
[2023-06-28T14:23:28.055+0000] {logging_mixin.py:149} INFO - [2023-06-28T14:23:28.055+0000] {dag.py:3490} INFO - Setting next_dagrun for example_xcom_args to None, run_after=None
[2023-06-28T14:23:28.088+0000] {logging_mixin.py:149} INFO - [2023-06-28T14:23:28.088+0000] {dag.py:3490} INFO - Setting next_dagrun for example_xcom_args_with_operators to None, run_after=None
[2023-06-28T14:23:28.221+0000] {processor.py:179} INFO - Processing /home/airflow/.local/lib/python3.7/site-packages/airflow/example_dags/example_xcomargs.py took 0.493 seconds
[2023-06-28T14:23:58.483+0000] {processor.py:157} INFO - Started process (PID=915) to work on /home/airflow/.local/lib/python3.7/site-packages/airflow/example_dags/example_xcomargs.py
[2023-06-28T14:23:58.485+0000] {processor.py:826} INFO - Processing file /home/airflow/.local/lib/python3.7/site-packages/airflow/example_dags/example_xcomargs.py for tasks to queue
[2023-06-28T14:23:58.486+0000] {logging_mixin.py:149} INFO - [2023-06-28T14:23:58.486+0000] {dagbag.py:541} INFO - Filling up the DagBag from /home/airflow/.local/lib/python3.7/site-packages/airflow/example_dags/example_xcomargs.py
[2023-06-28T14:23:58.498+0000] {processor.py:836} INFO - DAG(s) dict_keys(['example_xcom_args', 'example_xcom_args_with_operators']) retrieved from /home/airflow/.local/lib/python3.7/site-packages/airflow/example_dags/example_xcomargs.py
[2023-06-28T14:23:58.556+0000] {logging_mixin.py:149} INFO - [2023-06-28T14:23:58.556+0000] {dag.py:2726} INFO - Sync 2 DAGs
[2023-06-28T14:23:58.637+0000] {logging_mixin.py:149} INFO - [2023-06-28T14:23:58.636+0000] {dag.py:3490} INFO - Setting next_dagrun for example_xcom_args to None, run_after=None
[2023-06-28T14:23:58.645+0000] {logging_mixin.py:149} INFO - [2023-06-28T14:23:58.645+0000] {dag.py:3490} INFO - Setting next_dagrun for example_xcom_args_with_operators to None, run_after=None
[2023-06-28T14:23:58.694+0000] {processor.py:179} INFO - Processing /home/airflow/.local/lib/python3.7/site-packages/airflow/example_dags/example_xcomargs.py took 0.215 seconds
[2023-06-28T14:24:29.587+0000] {processor.py:157} INFO - Started process (PID=973) to work on /home/airflow/.local/lib/python3.7/site-packages/airflow/example_dags/example_xcomargs.py
[2023-06-28T14:24:29.588+0000] {processor.py:826} INFO - Processing file /home/airflow/.local/lib/python3.7/site-packages/airflow/example_dags/example_xcomargs.py for tasks to queue
[2023-06-28T14:24:29.590+0000] {logging_mixin.py:149} INFO - [2023-06-28T14:24:29.590+0000] {dagbag.py:541} INFO - Filling up the DagBag from /home/airflow/.local/lib/python3.7/site-packages/airflow/example_dags/example_xcomargs.py
[2023-06-28T14:24:29.600+0000] {processor.py:836} INFO - DAG(s) dict_keys(['example_xcom_args_with_operators', 'example_xcom_args']) retrieved from /home/airflow/.local/lib/python3.7/site-packages/airflow/example_dags/example_xcomargs.py
[2023-06-28T14:24:29.641+0000] {logging_mixin.py:149} INFO - [2023-06-28T14:24:29.640+0000] {dag.py:2726} INFO - Sync 2 DAGs
[2023-06-28T14:24:29.692+0000] {logging_mixin.py:149} INFO - [2023-06-28T14:24:29.692+0000] {dag.py:3490} INFO - Setting next_dagrun for example_xcom_args to None, run_after=None
[2023-06-28T14:24:29.698+0000] {logging_mixin.py:149} INFO - [2023-06-28T14:24:29.698+0000] {dag.py:3490} INFO - Setting next_dagrun for example_xcom_args_with_operators to None, run_after=None
[2023-06-28T14:24:29.728+0000] {processor.py:179} INFO - Processing /home/airflow/.local/lib/python3.7/site-packages/airflow/example_dags/example_xcomargs.py took 0.146 seconds
[2023-06-28T14:25:00.019+0000] {processor.py:157} INFO - Started process (PID=1033) to work on /home/airflow/.local/lib/python3.7/site-packages/airflow/example_dags/example_xcomargs.py
[2023-06-28T14:25:00.021+0000] {processor.py:826} INFO - Processing file /home/airflow/.local/lib/python3.7/site-packages/airflow/example_dags/example_xcomargs.py for tasks to queue
[2023-06-28T14:25:00.023+0000] {logging_mixin.py:149} INFO - [2023-06-28T14:25:00.023+0000] {dagbag.py:541} INFO - Filling up the DagBag from /home/airflow/.local/lib/python3.7/site-packages/airflow/example_dags/example_xcomargs.py
[2023-06-28T14:25:00.035+0000] {processor.py:836} INFO - DAG(s) dict_keys(['example_xcom_args_with_operators', 'example_xcom_args']) retrieved from /home/airflow/.local/lib/python3.7/site-packages/airflow/example_dags/example_xcomargs.py
[2023-06-28T14:25:00.078+0000] {logging_mixin.py:149} INFO - [2023-06-28T14:25:00.078+0000] {dag.py:2726} INFO - Sync 2 DAGs
[2023-06-28T14:25:00.128+0000] {logging_mixin.py:149} INFO - [2023-06-28T14:25:00.128+0000] {dag.py:3490} INFO - Setting next_dagrun for example_xcom_args to None, run_after=None
[2023-06-28T14:25:00.135+0000] {logging_mixin.py:149} INFO - [2023-06-28T14:25:00.134+0000] {dag.py:3490} INFO - Setting next_dagrun for example_xcom_args_with_operators to None, run_after=None
[2023-06-28T14:25:00.177+0000] {processor.py:179} INFO - Processing /home/airflow/.local/lib/python3.7/site-packages/airflow/example_dags/example_xcomargs.py took 0.164 seconds
[2023-06-28T14:25:30.582+0000] {processor.py:157} INFO - Started process (PID=1091) to work on /home/airflow/.local/lib/python3.7/site-packages/airflow/example_dags/example_xcomargs.py
[2023-06-28T14:25:30.583+0000] {processor.py:826} INFO - Processing file /home/airflow/.local/lib/python3.7/site-packages/airflow/example_dags/example_xcomargs.py for tasks to queue
[2023-06-28T14:25:30.585+0000] {logging_mixin.py:149} INFO - [2023-06-28T14:25:30.585+0000] {dagbag.py:541} INFO - Filling up the DagBag from /home/airflow/.local/lib/python3.7/site-packages/airflow/example_dags/example_xcomargs.py
[2023-06-28T14:25:30.597+0000] {processor.py:836} INFO - DAG(s) dict_keys(['example_xcom_args_with_operators', 'example_xcom_args']) retrieved from /home/airflow/.local/lib/python3.7/site-packages/airflow/example_dags/example_xcomargs.py
[2023-06-28T14:25:30.645+0000] {logging_mixin.py:149} INFO - [2023-06-28T14:25:30.645+0000] {dag.py:2726} INFO - Sync 2 DAGs
[2023-06-28T14:25:30.691+0000] {logging_mixin.py:149} INFO - [2023-06-28T14:25:30.691+0000] {dag.py:3490} INFO - Setting next_dagrun for example_xcom_args to None, run_after=None
[2023-06-28T14:25:30.698+0000] {logging_mixin.py:149} INFO - [2023-06-28T14:25:30.697+0000] {dag.py:3490} INFO - Setting next_dagrun for example_xcom_args_with_operators to None, run_after=None
[2023-06-28T14:25:30.735+0000] {processor.py:179} INFO - Processing /home/airflow/.local/lib/python3.7/site-packages/airflow/example_dags/example_xcomargs.py took 0.159 seconds
[2023-06-28T14:26:01.214+0000] {processor.py:157} INFO - Started process (PID=1150) to work on /home/airflow/.local/lib/python3.7/site-packages/airflow/example_dags/example_xcomargs.py
[2023-06-28T14:26:01.215+0000] {processor.py:826} INFO - Processing file /home/airflow/.local/lib/python3.7/site-packages/airflow/example_dags/example_xcomargs.py for tasks to queue
[2023-06-28T14:26:01.217+0000] {logging_mixin.py:149} INFO - [2023-06-28T14:26:01.216+0000] {dagbag.py:541} INFO - Filling up the DagBag from /home/airflow/.local/lib/python3.7/site-packages/airflow/example_dags/example_xcomargs.py
[2023-06-28T14:26:01.229+0000] {processor.py:836} INFO - DAG(s) dict_keys(['example_xcom_args_with_operators', 'example_xcom_args']) retrieved from /home/airflow/.local/lib/python3.7/site-packages/airflow/example_dags/example_xcomargs.py
[2023-06-28T14:26:01.272+0000] {logging_mixin.py:149} INFO - [2023-06-28T14:26:01.271+0000] {dag.py:2726} INFO - Sync 2 DAGs
[2023-06-28T14:26:01.317+0000] {logging_mixin.py:149} INFO - [2023-06-28T14:26:01.317+0000] {dag.py:3490} INFO - Setting next_dagrun for example_xcom_args to None, run_after=None
[2023-06-28T14:26:01.323+0000] {logging_mixin.py:149} INFO - [2023-06-28T14:26:01.323+0000] {dag.py:3490} INFO - Setting next_dagrun for example_xcom_args_with_operators to None, run_after=None
[2023-06-28T14:26:01.356+0000] {processor.py:179} INFO - Processing /home/airflow/.local/lib/python3.7/site-packages/airflow/example_dags/example_xcomargs.py took 0.146 seconds
[2023-06-28T14:26:32.064+0000] {processor.py:157} INFO - Started process (PID=1210) to work on /home/airflow/.local/lib/python3.7/site-packages/airflow/example_dags/example_xcomargs.py
[2023-06-28T14:26:32.066+0000] {processor.py:826} INFO - Processing file /home/airflow/.local/lib/python3.7/site-packages/airflow/example_dags/example_xcomargs.py for tasks to queue
[2023-06-28T14:26:32.067+0000] {logging_mixin.py:149} INFO - [2023-06-28T14:26:32.067+0000] {dagbag.py:541} INFO - Filling up the DagBag from /home/airflow/.local/lib/python3.7/site-packages/airflow/example_dags/example_xcomargs.py
[2023-06-28T14:26:32.078+0000] {processor.py:836} INFO - DAG(s) dict_keys(['example_xcom_args_with_operators', 'example_xcom_args']) retrieved from /home/airflow/.local/lib/python3.7/site-packages/airflow/example_dags/example_xcomargs.py
[2023-06-28T14:26:32.129+0000] {logging_mixin.py:149} INFO - [2023-06-28T14:26:32.129+0000] {dag.py:2726} INFO - Sync 2 DAGs
[2023-06-28T14:26:32.178+0000] {logging_mixin.py:149} INFO - [2023-06-28T14:26:32.177+0000] {dag.py:3490} INFO - Setting next_dagrun for example_xcom_args to None, run_after=None
[2023-06-28T14:26:32.183+0000] {logging_mixin.py:149} INFO - [2023-06-28T14:26:32.183+0000] {dag.py:3490} INFO - Setting next_dagrun for example_xcom_args_with_operators to None, run_after=None
[2023-06-28T14:26:32.217+0000] {processor.py:179} INFO - Processing /home/airflow/.local/lib/python3.7/site-packages/airflow/example_dags/example_xcomargs.py took 0.159 seconds
[2023-06-28T14:27:02.413+0000] {processor.py:157} INFO - Started process (PID=1269) to work on /home/airflow/.local/lib/python3.7/site-packages/airflow/example_dags/example_xcomargs.py
[2023-06-28T14:27:02.415+0000] {processor.py:826} INFO - Processing file /home/airflow/.local/lib/python3.7/site-packages/airflow/example_dags/example_xcomargs.py for tasks to queue
[2023-06-28T14:27:02.416+0000] {logging_mixin.py:149} INFO - [2023-06-28T14:27:02.416+0000] {dagbag.py:541} INFO - Filling up the DagBag from /home/airflow/.local/lib/python3.7/site-packages/airflow/example_dags/example_xcomargs.py
[2023-06-28T14:27:02.428+0000] {processor.py:836} INFO - DAG(s) dict_keys(['example_xcom_args_with_operators', 'example_xcom_args']) retrieved from /home/airflow/.local/lib/python3.7/site-packages/airflow/example_dags/example_xcomargs.py
[2023-06-28T14:27:02.465+0000] {logging_mixin.py:149} INFO - [2023-06-28T14:27:02.465+0000] {dag.py:2726} INFO - Sync 2 DAGs
[2023-06-28T14:27:02.502+0000] {logging_mixin.py:149} INFO - [2023-06-28T14:27:02.502+0000] {dag.py:3490} INFO - Setting next_dagrun for example_xcom_args to None, run_after=None
[2023-06-28T14:27:02.509+0000] {logging_mixin.py:149} INFO - [2023-06-28T14:27:02.509+0000] {dag.py:3490} INFO - Setting next_dagrun for example_xcom_args_with_operators to None, run_after=None
[2023-06-28T14:27:02.538+0000] {processor.py:179} INFO - Processing /home/airflow/.local/lib/python3.7/site-packages/airflow/example_dags/example_xcomargs.py took 0.129 seconds
[2023-06-28T14:27:32.869+0000] {processor.py:157} INFO - Started process (PID=1328) to work on /home/airflow/.local/lib/python3.7/site-packages/airflow/example_dags/example_xcomargs.py
[2023-06-28T14:27:32.870+0000] {processor.py:826} INFO - Processing file /home/airflow/.local/lib/python3.7/site-packages/airflow/example_dags/example_xcomargs.py for tasks to queue
[2023-06-28T14:27:32.872+0000] {logging_mixin.py:149} INFO - [2023-06-28T14:27:32.871+0000] {dagbag.py:541} INFO - Filling up the DagBag from /home/airflow/.local/lib/python3.7/site-packages/airflow/example_dags/example_xcomargs.py
[2023-06-28T14:27:32.884+0000] {processor.py:836} INFO - DAG(s) dict_keys(['example_xcom_args_with_operators', 'example_xcom_args']) retrieved from /home/airflow/.local/lib/python3.7/site-packages/airflow/example_dags/example_xcomargs.py
[2023-06-28T14:27:32.925+0000] {logging_mixin.py:149} INFO - [2023-06-28T14:27:32.925+0000] {dag.py:2726} INFO - Sync 2 DAGs
[2023-06-28T14:27:32.971+0000] {logging_mixin.py:149} INFO - [2023-06-28T14:27:32.971+0000] {dag.py:3490} INFO - Setting next_dagrun for example_xcom_args to None, run_after=None
[2023-06-28T14:27:32.979+0000] {logging_mixin.py:149} INFO - [2023-06-28T14:27:32.979+0000] {dag.py:3490} INFO - Setting next_dagrun for example_xcom_args_with_operators to None, run_after=None
[2023-06-28T14:27:33.019+0000] {processor.py:179} INFO - Processing /home/airflow/.local/lib/python3.7/site-packages/airflow/example_dags/example_xcomargs.py took 0.155 seconds
[2023-06-28T14:28:03.245+0000] {processor.py:157} INFO - Started process (PID=1388) to work on /home/airflow/.local/lib/python3.7/site-packages/airflow/example_dags/example_xcomargs.py
[2023-06-28T14:28:03.247+0000] {processor.py:826} INFO - Processing file /home/airflow/.local/lib/python3.7/site-packages/airflow/example_dags/example_xcomargs.py for tasks to queue
[2023-06-28T14:28:03.248+0000] {logging_mixin.py:149} INFO - [2023-06-28T14:28:03.248+0000] {dagbag.py:541} INFO - Filling up the DagBag from /home/airflow/.local/lib/python3.7/site-packages/airflow/example_dags/example_xcomargs.py
[2023-06-28T14:28:03.258+0000] {processor.py:836} INFO - DAG(s) dict_keys(['example_xcom_args_with_operators', 'example_xcom_args']) retrieved from /home/airflow/.local/lib/python3.7/site-packages/airflow/example_dags/example_xcomargs.py
[2023-06-28T14:28:03.300+0000] {logging_mixin.py:149} INFO - [2023-06-28T14:28:03.300+0000] {dag.py:2726} INFO - Sync 2 DAGs
[2023-06-28T14:28:03.350+0000] {logging_mixin.py:149} INFO - [2023-06-28T14:28:03.350+0000] {dag.py:3490} INFO - Setting next_dagrun for example_xcom_args to None, run_after=None
[2023-06-28T14:28:03.356+0000] {logging_mixin.py:149} INFO - [2023-06-28T14:28:03.356+0000] {dag.py:3490} INFO - Setting next_dagrun for example_xcom_args_with_operators to None, run_after=None
[2023-06-28T14:28:03.389+0000] {processor.py:179} INFO - Processing /home/airflow/.local/lib/python3.7/site-packages/airflow/example_dags/example_xcomargs.py took 0.150 seconds
[2023-06-28T14:28:33.589+0000] {processor.py:157} INFO - Started process (PID=1446) to work on /home/airflow/.local/lib/python3.7/site-packages/airflow/example_dags/example_xcomargs.py
[2023-06-28T14:28:33.591+0000] {processor.py:826} INFO - Processing file /home/airflow/.local/lib/python3.7/site-packages/airflow/example_dags/example_xcomargs.py for tasks to queue
[2023-06-28T14:28:33.593+0000] {logging_mixin.py:149} INFO - [2023-06-28T14:28:33.593+0000] {dagbag.py:541} INFO - Filling up the DagBag from /home/airflow/.local/lib/python3.7/site-packages/airflow/example_dags/example_xcomargs.py
[2023-06-28T14:28:33.607+0000] {processor.py:836} INFO - DAG(s) dict_keys(['example_xcom_args_with_operators', 'example_xcom_args']) retrieved from /home/airflow/.local/lib/python3.7/site-packages/airflow/example_dags/example_xcomargs.py
[2023-06-28T14:28:33.657+0000] {logging_mixin.py:149} INFO - [2023-06-28T14:28:33.656+0000] {dag.py:2726} INFO - Sync 2 DAGs
[2023-06-28T14:28:33.713+0000] {logging_mixin.py:149} INFO - [2023-06-28T14:28:33.713+0000] {dag.py:3490} INFO - Setting next_dagrun for example_xcom_args to None, run_after=None
[2023-06-28T14:28:33.718+0000] {logging_mixin.py:149} INFO - [2023-06-28T14:28:33.718+0000] {dag.py:3490} INFO - Setting next_dagrun for example_xcom_args_with_operators to None, run_after=None
[2023-06-28T14:28:33.752+0000] {processor.py:179} INFO - Processing /home/airflow/.local/lib/python3.7/site-packages/airflow/example_dags/example_xcomargs.py took 0.169 seconds
[2023-06-28T14:29:04.526+0000] {processor.py:157} INFO - Started process (PID=1506) to work on /home/airflow/.local/lib/python3.7/site-packages/airflow/example_dags/example_xcomargs.py
[2023-06-28T14:29:04.528+0000] {processor.py:826} INFO - Processing file /home/airflow/.local/lib/python3.7/site-packages/airflow/example_dags/example_xcomargs.py for tasks to queue
[2023-06-28T14:29:04.529+0000] {logging_mixin.py:149} INFO - [2023-06-28T14:29:04.529+0000] {dagbag.py:541} INFO - Filling up the DagBag from /home/airflow/.local/lib/python3.7/site-packages/airflow/example_dags/example_xcomargs.py
[2023-06-28T14:29:04.543+0000] {processor.py:836} INFO - DAG(s) dict_keys(['example_xcom_args', 'example_xcom_args_with_operators']) retrieved from /home/airflow/.local/lib/python3.7/site-packages/airflow/example_dags/example_xcomargs.py
[2023-06-28T14:29:04.590+0000] {logging_mixin.py:149} INFO - [2023-06-28T14:29:04.590+0000] {dag.py:2726} INFO - Sync 2 DAGs
[2023-06-28T14:29:04.642+0000] {logging_mixin.py:149} INFO - [2023-06-28T14:29:04.642+0000] {dag.py:3490} INFO - Setting next_dagrun for example_xcom_args to None, run_after=None
[2023-06-28T14:29:04.649+0000] {logging_mixin.py:149} INFO - [2023-06-28T14:29:04.649+0000] {dag.py:3490} INFO - Setting next_dagrun for example_xcom_args_with_operators to None, run_after=None
[2023-06-28T14:29:04.697+0000] {processor.py:179} INFO - Processing /home/airflow/.local/lib/python3.7/site-packages/airflow/example_dags/example_xcomargs.py took 0.175 seconds
[2023-06-28T14:29:35.116+0000] {processor.py:157} INFO - Started process (PID=1566) to work on /home/airflow/.local/lib/python3.7/site-packages/airflow/example_dags/example_xcomargs.py
[2023-06-28T14:29:35.117+0000] {processor.py:826} INFO - Processing file /home/airflow/.local/lib/python3.7/site-packages/airflow/example_dags/example_xcomargs.py for tasks to queue
[2023-06-28T14:29:35.118+0000] {logging_mixin.py:149} INFO - [2023-06-28T14:29:35.118+0000] {dagbag.py:541} INFO - Filling up the DagBag from /home/airflow/.local/lib/python3.7/site-packages/airflow/example_dags/example_xcomargs.py
[2023-06-28T14:29:35.130+0000] {processor.py:836} INFO - DAG(s) dict_keys(['example_xcom_args', 'example_xcom_args_with_operators']) retrieved from /home/airflow/.local/lib/python3.7/site-packages/airflow/example_dags/example_xcomargs.py
[2023-06-28T14:29:35.203+0000] {logging_mixin.py:149} INFO - [2023-06-28T14:29:35.203+0000] {dag.py:2726} INFO - Sync 2 DAGs
[2023-06-28T14:29:35.291+0000] {logging_mixin.py:149} INFO - [2023-06-28T14:29:35.291+0000] {dag.py:3490} INFO - Setting next_dagrun for example_xcom_args to None, run_after=None
[2023-06-28T14:29:35.307+0000] {logging_mixin.py:149} INFO - [2023-06-28T14:29:35.307+0000] {dag.py:3490} INFO - Setting next_dagrun for example_xcom_args_with_operators to None, run_after=None
[2023-06-28T14:29:35.361+0000] {processor.py:179} INFO - Processing /home/airflow/.local/lib/python3.7/site-packages/airflow/example_dags/example_xcomargs.py took 0.251 seconds
[2023-06-28T14:30:05.650+0000] {processor.py:157} INFO - Started process (PID=1626) to work on /home/airflow/.local/lib/python3.7/site-packages/airflow/example_dags/example_xcomargs.py
[2023-06-28T14:30:05.651+0000] {processor.py:826} INFO - Processing file /home/airflow/.local/lib/python3.7/site-packages/airflow/example_dags/example_xcomargs.py for tasks to queue
[2023-06-28T14:30:05.652+0000] {logging_mixin.py:149} INFO - [2023-06-28T14:30:05.652+0000] {dagbag.py:541} INFO - Filling up the DagBag from /home/airflow/.local/lib/python3.7/site-packages/airflow/example_dags/example_xcomargs.py
[2023-06-28T14:30:05.665+0000] {processor.py:836} INFO - DAG(s) dict_keys(['example_xcom_args_with_operators', 'example_xcom_args']) retrieved from /home/airflow/.local/lib/python3.7/site-packages/airflow/example_dags/example_xcomargs.py
[2023-06-28T14:30:05.715+0000] {logging_mixin.py:149} INFO - [2023-06-28T14:30:05.715+0000] {dag.py:2726} INFO - Sync 2 DAGs
[2023-06-28T14:30:05.763+0000] {logging_mixin.py:149} INFO - [2023-06-28T14:30:05.763+0000] {dag.py:3490} INFO - Setting next_dagrun for example_xcom_args to None, run_after=None
[2023-06-28T14:30:05.770+0000] {logging_mixin.py:149} INFO - [2023-06-28T14:30:05.770+0000] {dag.py:3490} INFO - Setting next_dagrun for example_xcom_args_with_operators to None, run_after=None
[2023-06-28T14:30:05.806+0000] {processor.py:179} INFO - Processing /home/airflow/.local/lib/python3.7/site-packages/airflow/example_dags/example_xcomargs.py took 0.160 seconds
[2023-06-28T14:30:36.085+0000] {processor.py:157} INFO - Started process (PID=1685) to work on /home/airflow/.local/lib/python3.7/site-packages/airflow/example_dags/example_xcomargs.py
[2023-06-28T14:30:36.087+0000] {processor.py:826} INFO - Processing file /home/airflow/.local/lib/python3.7/site-packages/airflow/example_dags/example_xcomargs.py for tasks to queue
[2023-06-28T14:30:36.088+0000] {logging_mixin.py:149} INFO - [2023-06-28T14:30:36.088+0000] {dagbag.py:541} INFO - Filling up the DagBag from /home/airflow/.local/lib/python3.7/site-packages/airflow/example_dags/example_xcomargs.py
[2023-06-28T14:30:36.104+0000] {processor.py:836} INFO - DAG(s) dict_keys(['example_xcom_args', 'example_xcom_args_with_operators']) retrieved from /home/airflow/.local/lib/python3.7/site-packages/airflow/example_dags/example_xcomargs.py
[2023-06-28T14:30:36.174+0000] {logging_mixin.py:149} INFO - [2023-06-28T14:30:36.174+0000] {dag.py:2726} INFO - Sync 2 DAGs
[2023-06-28T14:30:36.217+0000] {logging_mixin.py:149} INFO - [2023-06-28T14:30:36.217+0000] {dag.py:3490} INFO - Setting next_dagrun for example_xcom_args to None, run_after=None
[2023-06-28T14:30:36.228+0000] {logging_mixin.py:149} INFO - [2023-06-28T14:30:36.228+0000] {dag.py:3490} INFO - Setting next_dagrun for example_xcom_args_with_operators to None, run_after=None
[2023-06-28T14:30:36.261+0000] {processor.py:179} INFO - Processing /home/airflow/.local/lib/python3.7/site-packages/airflow/example_dags/example_xcomargs.py took 0.183 seconds
[2023-06-28T14:31:06.821+0000] {processor.py:157} INFO - Started process (PID=1744) to work on /home/airflow/.local/lib/python3.7/site-packages/airflow/example_dags/example_xcomargs.py
[2023-06-28T14:31:06.823+0000] {processor.py:826} INFO - Processing file /home/airflow/.local/lib/python3.7/site-packages/airflow/example_dags/example_xcomargs.py for tasks to queue
[2023-06-28T14:31:06.825+0000] {logging_mixin.py:149} INFO - [2023-06-28T14:31:06.825+0000] {dagbag.py:541} INFO - Filling up the DagBag from /home/airflow/.local/lib/python3.7/site-packages/airflow/example_dags/example_xcomargs.py
[2023-06-28T14:31:06.840+0000] {processor.py:836} INFO - DAG(s) dict_keys(['example_xcom_args', 'example_xcom_args_with_operators']) retrieved from /home/airflow/.local/lib/python3.7/site-packages/airflow/example_dags/example_xcomargs.py
[2023-06-28T14:31:06.888+0000] {logging_mixin.py:149} INFO - [2023-06-28T14:31:06.888+0000] {dag.py:2726} INFO - Sync 2 DAGs
[2023-06-28T14:31:06.983+0000] {logging_mixin.py:149} INFO - [2023-06-28T14:31:06.982+0000] {dag.py:3490} INFO - Setting next_dagrun for example_xcom_args to None, run_after=None
[2023-06-28T14:31:06.993+0000] {logging_mixin.py:149} INFO - [2023-06-28T14:31:06.992+0000] {dag.py:3490} INFO - Setting next_dagrun for example_xcom_args_with_operators to None, run_after=None
[2023-06-28T14:31:07.061+0000] {processor.py:179} INFO - Processing /home/airflow/.local/lib/python3.7/site-packages/airflow/example_dags/example_xcomargs.py took 0.244 seconds
[2023-06-28T14:31:37.250+0000] {processor.py:157} INFO - Started process (PID=1804) to work on /home/airflow/.local/lib/python3.7/site-packages/airflow/example_dags/example_xcomargs.py
[2023-06-28T14:31:37.251+0000] {processor.py:826} INFO - Processing file /home/airflow/.local/lib/python3.7/site-packages/airflow/example_dags/example_xcomargs.py for tasks to queue
[2023-06-28T14:31:37.253+0000] {logging_mixin.py:149} INFO - [2023-06-28T14:31:37.253+0000] {dagbag.py:541} INFO - Filling up the DagBag from /home/airflow/.local/lib/python3.7/site-packages/airflow/example_dags/example_xcomargs.py
[2023-06-28T14:31:37.267+0000] {processor.py:836} INFO - DAG(s) dict_keys(['example_xcom_args', 'example_xcom_args_with_operators']) retrieved from /home/airflow/.local/lib/python3.7/site-packages/airflow/example_dags/example_xcomargs.py
[2023-06-28T14:31:37.312+0000] {logging_mixin.py:149} INFO - [2023-06-28T14:31:37.312+0000] {dag.py:2726} INFO - Sync 2 DAGs
[2023-06-28T14:31:37.358+0000] {logging_mixin.py:149} INFO - [2023-06-28T14:31:37.357+0000] {dag.py:3490} INFO - Setting next_dagrun for example_xcom_args to None, run_after=None
[2023-06-28T14:31:37.366+0000] {logging_mixin.py:149} INFO - [2023-06-28T14:31:37.366+0000] {dag.py:3490} INFO - Setting next_dagrun for example_xcom_args_with_operators to None, run_after=None
[2023-06-28T14:31:37.404+0000] {processor.py:179} INFO - Processing /home/airflow/.local/lib/python3.7/site-packages/airflow/example_dags/example_xcomargs.py took 0.158 seconds
[2023-06-28T14:32:07.499+0000] {processor.py:157} INFO - Started process (PID=1863) to work on /home/airflow/.local/lib/python3.7/site-packages/airflow/example_dags/example_xcomargs.py
[2023-06-28T14:32:07.500+0000] {processor.py:826} INFO - Processing file /home/airflow/.local/lib/python3.7/site-packages/airflow/example_dags/example_xcomargs.py for tasks to queue
[2023-06-28T14:32:07.502+0000] {logging_mixin.py:149} INFO - [2023-06-28T14:32:07.501+0000] {dagbag.py:541} INFO - Filling up the DagBag from /home/airflow/.local/lib/python3.7/site-packages/airflow/example_dags/example_xcomargs.py
[2023-06-28T14:32:07.514+0000] {processor.py:836} INFO - DAG(s) dict_keys(['example_xcom_args', 'example_xcom_args_with_operators']) retrieved from /home/airflow/.local/lib/python3.7/site-packages/airflow/example_dags/example_xcomargs.py
[2023-06-28T14:32:07.559+0000] {logging_mixin.py:149} INFO - [2023-06-28T14:32:07.558+0000] {dag.py:2726} INFO - Sync 2 DAGs
[2023-06-28T14:32:07.601+0000] {logging_mixin.py:149} INFO - [2023-06-28T14:32:07.600+0000] {dag.py:3490} INFO - Setting next_dagrun for example_xcom_args to None, run_after=None
[2023-06-28T14:32:07.606+0000] {logging_mixin.py:149} INFO - [2023-06-28T14:32:07.606+0000] {dag.py:3490} INFO - Setting next_dagrun for example_xcom_args_with_operators to None, run_after=None
[2023-06-28T14:32:07.636+0000] {processor.py:179} INFO - Processing /home/airflow/.local/lib/python3.7/site-packages/airflow/example_dags/example_xcomargs.py took 0.146 seconds
[2023-06-28T14:32:37.849+0000] {processor.py:157} INFO - Started process (PID=1921) to work on /home/airflow/.local/lib/python3.7/site-packages/airflow/example_dags/example_xcomargs.py
[2023-06-28T14:32:37.850+0000] {processor.py:826} INFO - Processing file /home/airflow/.local/lib/python3.7/site-packages/airflow/example_dags/example_xcomargs.py for tasks to queue
[2023-06-28T14:32:37.851+0000] {logging_mixin.py:149} INFO - [2023-06-28T14:32:37.851+0000] {dagbag.py:541} INFO - Filling up the DagBag from /home/airflow/.local/lib/python3.7/site-packages/airflow/example_dags/example_xcomargs.py
[2023-06-28T14:32:37.864+0000] {processor.py:836} INFO - DAG(s) dict_keys(['example_xcom_args_with_operators', 'example_xcom_args']) retrieved from /home/airflow/.local/lib/python3.7/site-packages/airflow/example_dags/example_xcomargs.py
[2023-06-28T14:32:37.906+0000] {logging_mixin.py:149} INFO - [2023-06-28T14:32:37.906+0000] {dag.py:2726} INFO - Sync 2 DAGs
[2023-06-28T14:32:37.951+0000] {logging_mixin.py:149} INFO - [2023-06-28T14:32:37.950+0000] {dag.py:3490} INFO - Setting next_dagrun for example_xcom_args to None, run_after=None
[2023-06-28T14:32:37.959+0000] {logging_mixin.py:149} INFO - [2023-06-28T14:32:37.959+0000] {dag.py:3490} INFO - Setting next_dagrun for example_xcom_args_with_operators to None, run_after=None
[2023-06-28T14:32:37.998+0000] {processor.py:179} INFO - Processing /home/airflow/.local/lib/python3.7/site-packages/airflow/example_dags/example_xcomargs.py took 0.153 seconds
[2023-06-28T14:33:08.358+0000] {processor.py:157} INFO - Started process (PID=1979) to work on /home/airflow/.local/lib/python3.7/site-packages/airflow/example_dags/example_xcomargs.py
[2023-06-28T14:33:08.360+0000] {processor.py:826} INFO - Processing file /home/airflow/.local/lib/python3.7/site-packages/airflow/example_dags/example_xcomargs.py for tasks to queue
[2023-06-28T14:33:08.361+0000] {logging_mixin.py:149} INFO - [2023-06-28T14:33:08.361+0000] {dagbag.py:541} INFO - Filling up the DagBag from /home/airflow/.local/lib/python3.7/site-packages/airflow/example_dags/example_xcomargs.py
[2023-06-28T14:33:08.376+0000] {processor.py:836} INFO - DAG(s) dict_keys(['example_xcom_args', 'example_xcom_args_with_operators']) retrieved from /home/airflow/.local/lib/python3.7/site-packages/airflow/example_dags/example_xcomargs.py
[2023-06-28T14:33:08.427+0000] {logging_mixin.py:149} INFO - [2023-06-28T14:33:08.427+0000] {dag.py:2726} INFO - Sync 2 DAGs
[2023-06-28T14:33:08.475+0000] {logging_mixin.py:149} INFO - [2023-06-28T14:33:08.475+0000] {dag.py:3490} INFO - Setting next_dagrun for example_xcom_args to None, run_after=None
[2023-06-28T14:33:08.479+0000] {logging_mixin.py:149} INFO - [2023-06-28T14:33:08.479+0000] {dag.py:3490} INFO - Setting next_dagrun for example_xcom_args_with_operators to None, run_after=None
[2023-06-28T14:33:08.522+0000] {processor.py:179} INFO - Processing /home/airflow/.local/lib/python3.7/site-packages/airflow/example_dags/example_xcomargs.py took 0.172 seconds
[2023-06-28T14:33:38.858+0000] {processor.py:157} INFO - Started process (PID=2037) to work on /home/airflow/.local/lib/python3.7/site-packages/airflow/example_dags/example_xcomargs.py
[2023-06-28T14:33:38.860+0000] {processor.py:826} INFO - Processing file /home/airflow/.local/lib/python3.7/site-packages/airflow/example_dags/example_xcomargs.py for tasks to queue
[2023-06-28T14:33:38.861+0000] {logging_mixin.py:149} INFO - [2023-06-28T14:33:38.861+0000] {dagbag.py:541} INFO - Filling up the DagBag from /home/airflow/.local/lib/python3.7/site-packages/airflow/example_dags/example_xcomargs.py
[2023-06-28T14:33:38.874+0000] {processor.py:836} INFO - DAG(s) dict_keys(['example_xcom_args_with_operators', 'example_xcom_args']) retrieved from /home/airflow/.local/lib/python3.7/site-packages/airflow/example_dags/example_xcomargs.py
[2023-06-28T14:33:38.927+0000] {logging_mixin.py:149} INFO - [2023-06-28T14:33:38.927+0000] {dag.py:2726} INFO - Sync 2 DAGs
[2023-06-28T14:33:38.969+0000] {logging_mixin.py:149} INFO - [2023-06-28T14:33:38.968+0000] {dag.py:3490} INFO - Setting next_dagrun for example_xcom_args to None, run_after=None
[2023-06-28T14:33:38.975+0000] {logging_mixin.py:149} INFO - [2023-06-28T14:33:38.975+0000] {dag.py:3490} INFO - Setting next_dagrun for example_xcom_args_with_operators to None, run_after=None
[2023-06-28T14:33:39.010+0000] {processor.py:179} INFO - Processing /home/airflow/.local/lib/python3.7/site-packages/airflow/example_dags/example_xcomargs.py took 0.158 seconds
[2023-06-28T14:34:09.891+0000] {processor.py:157} INFO - Started process (PID=2096) to work on /home/airflow/.local/lib/python3.7/site-packages/airflow/example_dags/example_xcomargs.py
[2023-06-28T14:34:09.893+0000] {processor.py:826} INFO - Processing file /home/airflow/.local/lib/python3.7/site-packages/airflow/example_dags/example_xcomargs.py for tasks to queue
[2023-06-28T14:34:09.894+0000] {logging_mixin.py:149} INFO - [2023-06-28T14:34:09.894+0000] {dagbag.py:541} INFO - Filling up the DagBag from /home/airflow/.local/lib/python3.7/site-packages/airflow/example_dags/example_xcomargs.py
[2023-06-28T14:34:09.909+0000] {processor.py:836} INFO - DAG(s) dict_keys(['example_xcom_args', 'example_xcom_args_with_operators']) retrieved from /home/airflow/.local/lib/python3.7/site-packages/airflow/example_dags/example_xcomargs.py
[2023-06-28T14:34:09.956+0000] {logging_mixin.py:149} INFO - [2023-06-28T14:34:09.956+0000] {dag.py:2726} INFO - Sync 2 DAGs
[2023-06-28T14:34:10.009+0000] {logging_mixin.py:149} INFO - [2023-06-28T14:34:10.008+0000] {dag.py:3490} INFO - Setting next_dagrun for example_xcom_args to None, run_after=None
[2023-06-28T14:34:10.016+0000] {logging_mixin.py:149} INFO - [2023-06-28T14:34:10.016+0000] {dag.py:3490} INFO - Setting next_dagrun for example_xcom_args_with_operators to None, run_after=None
[2023-06-28T14:34:10.066+0000] {processor.py:179} INFO - Processing /home/airflow/.local/lib/python3.7/site-packages/airflow/example_dags/example_xcomargs.py took 0.181 seconds
[2023-06-28T14:34:40.965+0000] {processor.py:157} INFO - Started process (PID=2155) to work on /home/airflow/.local/lib/python3.7/site-packages/airflow/example_dags/example_xcomargs.py
[2023-06-28T14:34:40.967+0000] {processor.py:826} INFO - Processing file /home/airflow/.local/lib/python3.7/site-packages/airflow/example_dags/example_xcomargs.py for tasks to queue
[2023-06-28T14:34:40.969+0000] {logging_mixin.py:149} INFO - [2023-06-28T14:34:40.968+0000] {dagbag.py:541} INFO - Filling up the DagBag from /home/airflow/.local/lib/python3.7/site-packages/airflow/example_dags/example_xcomargs.py
[2023-06-28T14:34:40.980+0000] {processor.py:836} INFO - DAG(s) dict_keys(['example_xcom_args_with_operators', 'example_xcom_args']) retrieved from /home/airflow/.local/lib/python3.7/site-packages/airflow/example_dags/example_xcomargs.py
[2023-06-28T14:34:41.026+0000] {logging_mixin.py:149} INFO - [2023-06-28T14:34:41.026+0000] {dag.py:2726} INFO - Sync 2 DAGs
[2023-06-28T14:34:41.085+0000] {logging_mixin.py:149} INFO - [2023-06-28T14:34:41.085+0000] {dag.py:3490} INFO - Setting next_dagrun for example_xcom_args to None, run_after=None
[2023-06-28T14:34:41.092+0000] {logging_mixin.py:149} INFO - [2023-06-28T14:34:41.092+0000] {dag.py:3490} INFO - Setting next_dagrun for example_xcom_args_with_operators to None, run_after=None
[2023-06-28T14:34:41.138+0000] {processor.py:179} INFO - Processing /home/airflow/.local/lib/python3.7/site-packages/airflow/example_dags/example_xcomargs.py took 0.178 seconds
[2023-06-28T14:35:11.436+0000] {processor.py:157} INFO - Started process (PID=2215) to work on /home/airflow/.local/lib/python3.7/site-packages/airflow/example_dags/example_xcomargs.py
[2023-06-28T14:35:11.437+0000] {processor.py:826} INFO - Processing file /home/airflow/.local/lib/python3.7/site-packages/airflow/example_dags/example_xcomargs.py for tasks to queue
[2023-06-28T14:35:11.439+0000] {logging_mixin.py:149} INFO - [2023-06-28T14:35:11.438+0000] {dagbag.py:541} INFO - Filling up the DagBag from /home/airflow/.local/lib/python3.7/site-packages/airflow/example_dags/example_xcomargs.py
[2023-06-28T14:35:11.450+0000] {processor.py:836} INFO - DAG(s) dict_keys(['example_xcom_args_with_operators', 'example_xcom_args']) retrieved from /home/airflow/.local/lib/python3.7/site-packages/airflow/example_dags/example_xcomargs.py
[2023-06-28T14:35:11.499+0000] {logging_mixin.py:149} INFO - [2023-06-28T14:35:11.499+0000] {dag.py:2726} INFO - Sync 2 DAGs
[2023-06-28T14:35:11.549+0000] {logging_mixin.py:149} INFO - [2023-06-28T14:35:11.549+0000] {dag.py:3490} INFO - Setting next_dagrun for example_xcom_args to None, run_after=None
[2023-06-28T14:35:11.555+0000] {logging_mixin.py:149} INFO - [2023-06-28T14:35:11.555+0000] {dag.py:3490} INFO - Setting next_dagrun for example_xcom_args_with_operators to None, run_after=None
[2023-06-28T14:35:11.592+0000] {processor.py:179} INFO - Processing /home/airflow/.local/lib/python3.7/site-packages/airflow/example_dags/example_xcomargs.py took 0.161 seconds
[2023-06-28T14:35:42.122+0000] {processor.py:157} INFO - Started process (PID=2275) to work on /home/airflow/.local/lib/python3.7/site-packages/airflow/example_dags/example_xcomargs.py
[2023-06-28T14:35:42.125+0000] {processor.py:826} INFO - Processing file /home/airflow/.local/lib/python3.7/site-packages/airflow/example_dags/example_xcomargs.py for tasks to queue
[2023-06-28T14:35:42.127+0000] {logging_mixin.py:149} INFO - [2023-06-28T14:35:42.127+0000] {dagbag.py:541} INFO - Filling up the DagBag from /home/airflow/.local/lib/python3.7/site-packages/airflow/example_dags/example_xcomargs.py
[2023-06-28T14:35:42.146+0000] {processor.py:836} INFO - DAG(s) dict_keys(['example_xcom_args_with_operators', 'example_xcom_args']) retrieved from /home/airflow/.local/lib/python3.7/site-packages/airflow/example_dags/example_xcomargs.py
[2023-06-28T14:35:42.246+0000] {logging_mixin.py:149} INFO - [2023-06-28T14:35:42.245+0000] {dag.py:2726} INFO - Sync 2 DAGs
[2023-06-28T14:35:42.374+0000] {logging_mixin.py:149} INFO - [2023-06-28T14:35:42.374+0000] {dag.py:3490} INFO - Setting next_dagrun for example_xcom_args to None, run_after=None
[2023-06-28T14:35:42.381+0000] {logging_mixin.py:149} INFO - [2023-06-28T14:35:42.381+0000] {dag.py:3490} INFO - Setting next_dagrun for example_xcom_args_with_operators to None, run_after=None
[2023-06-28T14:35:42.460+0000] {processor.py:179} INFO - Processing /home/airflow/.local/lib/python3.7/site-packages/airflow/example_dags/example_xcomargs.py took 0.351 seconds
[2023-06-28T14:36:13.497+0000] {processor.py:157} INFO - Started process (PID=2336) to work on /home/airflow/.local/lib/python3.7/site-packages/airflow/example_dags/example_xcomargs.py
[2023-06-28T14:36:13.498+0000] {processor.py:826} INFO - Processing file /home/airflow/.local/lib/python3.7/site-packages/airflow/example_dags/example_xcomargs.py for tasks to queue
[2023-06-28T14:36:13.500+0000] {logging_mixin.py:149} INFO - [2023-06-28T14:36:13.499+0000] {dagbag.py:541} INFO - Filling up the DagBag from /home/airflow/.local/lib/python3.7/site-packages/airflow/example_dags/example_xcomargs.py
[2023-06-28T14:36:13.513+0000] {processor.py:836} INFO - DAG(s) dict_keys(['example_xcom_args', 'example_xcom_args_with_operators']) retrieved from /home/airflow/.local/lib/python3.7/site-packages/airflow/example_dags/example_xcomargs.py
[2023-06-28T14:36:13.558+0000] {logging_mixin.py:149} INFO - [2023-06-28T14:36:13.558+0000] {dag.py:2726} INFO - Sync 2 DAGs
[2023-06-28T14:36:13.591+0000] {logging_mixin.py:149} INFO - [2023-06-28T14:36:13.590+0000] {dag.py:3490} INFO - Setting next_dagrun for example_xcom_args to None, run_after=None
[2023-06-28T14:36:13.596+0000] {logging_mixin.py:149} INFO - [2023-06-28T14:36:13.596+0000] {dag.py:3490} INFO - Setting next_dagrun for example_xcom_args_with_operators to None, run_after=None
[2023-06-28T14:36:13.637+0000] {processor.py:179} INFO - Processing /home/airflow/.local/lib/python3.7/site-packages/airflow/example_dags/example_xcomargs.py took 0.147 seconds
[2023-06-28T14:36:43.932+0000] {processor.py:157} INFO - Started process (PID=2395) to work on /home/airflow/.local/lib/python3.7/site-packages/airflow/example_dags/example_xcomargs.py
[2023-06-28T14:36:43.934+0000] {processor.py:826} INFO - Processing file /home/airflow/.local/lib/python3.7/site-packages/airflow/example_dags/example_xcomargs.py for tasks to queue
[2023-06-28T14:36:43.935+0000] {logging_mixin.py:149} INFO - [2023-06-28T14:36:43.935+0000] {dagbag.py:541} INFO - Filling up the DagBag from /home/airflow/.local/lib/python3.7/site-packages/airflow/example_dags/example_xcomargs.py
[2023-06-28T14:36:43.949+0000] {processor.py:836} INFO - DAG(s) dict_keys(['example_xcom_args', 'example_xcom_args_with_operators']) retrieved from /home/airflow/.local/lib/python3.7/site-packages/airflow/example_dags/example_xcomargs.py
[2023-06-28T14:36:43.994+0000] {logging_mixin.py:149} INFO - [2023-06-28T14:36:43.994+0000] {dag.py:2726} INFO - Sync 2 DAGs
[2023-06-28T14:36:44.028+0000] {logging_mixin.py:149} INFO - [2023-06-28T14:36:44.027+0000] {dag.py:3490} INFO - Setting next_dagrun for example_xcom_args to None, run_after=None
[2023-06-28T14:36:44.032+0000] {logging_mixin.py:149} INFO - [2023-06-28T14:36:44.032+0000] {dag.py:3490} INFO - Setting next_dagrun for example_xcom_args_with_operators to None, run_after=None
[2023-06-28T14:36:44.063+0000] {processor.py:179} INFO - Processing /home/airflow/.local/lib/python3.7/site-packages/airflow/example_dags/example_xcomargs.py took 0.138 seconds
[2023-06-28T14:37:14.353+0000] {processor.py:157} INFO - Started process (PID=2454) to work on /home/airflow/.local/lib/python3.7/site-packages/airflow/example_dags/example_xcomargs.py
[2023-06-28T14:37:14.354+0000] {processor.py:826} INFO - Processing file /home/airflow/.local/lib/python3.7/site-packages/airflow/example_dags/example_xcomargs.py for tasks to queue
[2023-06-28T14:37:14.356+0000] {logging_mixin.py:149} INFO - [2023-06-28T14:37:14.355+0000] {dagbag.py:541} INFO - Filling up the DagBag from /home/airflow/.local/lib/python3.7/site-packages/airflow/example_dags/example_xcomargs.py
[2023-06-28T14:37:14.367+0000] {processor.py:836} INFO - DAG(s) dict_keys(['example_xcom_args_with_operators', 'example_xcom_args']) retrieved from /home/airflow/.local/lib/python3.7/site-packages/airflow/example_dags/example_xcomargs.py
[2023-06-28T14:37:14.412+0000] {logging_mixin.py:149} INFO - [2023-06-28T14:37:14.412+0000] {dag.py:2726} INFO - Sync 2 DAGs
[2023-06-28T14:37:14.446+0000] {logging_mixin.py:149} INFO - [2023-06-28T14:37:14.445+0000] {dag.py:3490} INFO - Setting next_dagrun for example_xcom_args to None, run_after=None
[2023-06-28T14:37:14.451+0000] {logging_mixin.py:149} INFO - [2023-06-28T14:37:14.451+0000] {dag.py:3490} INFO - Setting next_dagrun for example_xcom_args_with_operators to None, run_after=None
[2023-06-28T14:37:14.480+0000] {processor.py:179} INFO - Processing /home/airflow/.local/lib/python3.7/site-packages/airflow/example_dags/example_xcomargs.py took 0.133 seconds
[2023-06-28T14:37:44.570+0000] {processor.py:157} INFO - Started process (PID=2514) to work on /home/airflow/.local/lib/python3.7/site-packages/airflow/example_dags/example_xcomargs.py
[2023-06-28T14:37:44.571+0000] {processor.py:826} INFO - Processing file /home/airflow/.local/lib/python3.7/site-packages/airflow/example_dags/example_xcomargs.py for tasks to queue
[2023-06-28T14:37:44.572+0000] {logging_mixin.py:149} INFO - [2023-06-28T14:37:44.572+0000] {dagbag.py:541} INFO - Filling up the DagBag from /home/airflow/.local/lib/python3.7/site-packages/airflow/example_dags/example_xcomargs.py
[2023-06-28T14:37:44.582+0000] {processor.py:836} INFO - DAG(s) dict_keys(['example_xcom_args', 'example_xcom_args_with_operators']) retrieved from /home/airflow/.local/lib/python3.7/site-packages/airflow/example_dags/example_xcomargs.py
[2023-06-28T14:37:44.619+0000] {logging_mixin.py:149} INFO - [2023-06-28T14:37:44.619+0000] {dag.py:2726} INFO - Sync 2 DAGs
[2023-06-28T14:37:44.653+0000] {logging_mixin.py:149} INFO - [2023-06-28T14:37:44.653+0000] {dag.py:3490} INFO - Setting next_dagrun for example_xcom_args to None, run_after=None
[2023-06-28T14:37:44.659+0000] {logging_mixin.py:149} INFO - [2023-06-28T14:37:44.658+0000] {dag.py:3490} INFO - Setting next_dagrun for example_xcom_args_with_operators to None, run_after=None
[2023-06-28T14:37:44.690+0000] {processor.py:179} INFO - Processing /home/airflow/.local/lib/python3.7/site-packages/airflow/example_dags/example_xcomargs.py took 0.124 seconds
[2023-06-28T14:38:14.966+0000] {processor.py:157} INFO - Started process (PID=2573) to work on /home/airflow/.local/lib/python3.7/site-packages/airflow/example_dags/example_xcomargs.py
[2023-06-28T14:38:14.967+0000] {processor.py:826} INFO - Processing file /home/airflow/.local/lib/python3.7/site-packages/airflow/example_dags/example_xcomargs.py for tasks to queue
[2023-06-28T14:38:14.969+0000] {logging_mixin.py:149} INFO - [2023-06-28T14:38:14.969+0000] {dagbag.py:541} INFO - Filling up the DagBag from /home/airflow/.local/lib/python3.7/site-packages/airflow/example_dags/example_xcomargs.py
[2023-06-28T14:38:14.983+0000] {processor.py:836} INFO - DAG(s) dict_keys(['example_xcom_args', 'example_xcom_args_with_operators']) retrieved from /home/airflow/.local/lib/python3.7/site-packages/airflow/example_dags/example_xcomargs.py
[2023-06-28T14:38:15.027+0000] {logging_mixin.py:149} INFO - [2023-06-28T14:38:15.027+0000] {dag.py:2726} INFO - Sync 2 DAGs
[2023-06-28T14:38:15.061+0000] {logging_mixin.py:149} INFO - [2023-06-28T14:38:15.061+0000] {dag.py:3490} INFO - Setting next_dagrun for example_xcom_args to None, run_after=None
[2023-06-28T14:38:15.066+0000] {logging_mixin.py:149} INFO - [2023-06-28T14:38:15.066+0000] {dag.py:3490} INFO - Setting next_dagrun for example_xcom_args_with_operators to None, run_after=None
[2023-06-28T14:38:15.104+0000] {processor.py:179} INFO - Processing /home/airflow/.local/lib/python3.7/site-packages/airflow/example_dags/example_xcomargs.py took 0.144 seconds
[2023-06-28T14:38:45.227+0000] {processor.py:157} INFO - Started process (PID=2632) to work on /home/airflow/.local/lib/python3.7/site-packages/airflow/example_dags/example_xcomargs.py
[2023-06-28T14:38:45.229+0000] {processor.py:826} INFO - Processing file /home/airflow/.local/lib/python3.7/site-packages/airflow/example_dags/example_xcomargs.py for tasks to queue
[2023-06-28T14:38:45.233+0000] {logging_mixin.py:149} INFO - [2023-06-28T14:38:45.232+0000] {dagbag.py:541} INFO - Filling up the DagBag from /home/airflow/.local/lib/python3.7/site-packages/airflow/example_dags/example_xcomargs.py
[2023-06-28T14:38:45.257+0000] {processor.py:836} INFO - DAG(s) dict_keys(['example_xcom_args', 'example_xcom_args_with_operators']) retrieved from /home/airflow/.local/lib/python3.7/site-packages/airflow/example_dags/example_xcomargs.py
[2023-06-28T14:38:45.305+0000] {logging_mixin.py:149} INFO - [2023-06-28T14:38:45.304+0000] {dag.py:2726} INFO - Sync 2 DAGs
[2023-06-28T14:38:45.337+0000] {logging_mixin.py:149} INFO - [2023-06-28T14:38:45.337+0000] {dag.py:3490} INFO - Setting next_dagrun for example_xcom_args to None, run_after=None
[2023-06-28T14:38:45.342+0000] {logging_mixin.py:149} INFO - [2023-06-28T14:38:45.342+0000] {dag.py:3490} INFO - Setting next_dagrun for example_xcom_args_with_operators to None, run_after=None
[2023-06-28T14:38:45.370+0000] {processor.py:179} INFO - Processing /home/airflow/.local/lib/python3.7/site-packages/airflow/example_dags/example_xcomargs.py took 0.152 seconds
[2023-06-28T14:39:15.621+0000] {processor.py:157} INFO - Started process (PID=2691) to work on /home/airflow/.local/lib/python3.7/site-packages/airflow/example_dags/example_xcomargs.py
[2023-06-28T14:39:15.622+0000] {processor.py:826} INFO - Processing file /home/airflow/.local/lib/python3.7/site-packages/airflow/example_dags/example_xcomargs.py for tasks to queue
[2023-06-28T14:39:15.625+0000] {logging_mixin.py:149} INFO - [2023-06-28T14:39:15.624+0000] {dagbag.py:541} INFO - Filling up the DagBag from /home/airflow/.local/lib/python3.7/site-packages/airflow/example_dags/example_xcomargs.py
[2023-06-28T14:39:15.646+0000] {processor.py:836} INFO - DAG(s) dict_keys(['example_xcom_args_with_operators', 'example_xcom_args']) retrieved from /home/airflow/.local/lib/python3.7/site-packages/airflow/example_dags/example_xcomargs.py
[2023-06-28T14:39:15.696+0000] {logging_mixin.py:149} INFO - [2023-06-28T14:39:15.696+0000] {dag.py:2726} INFO - Sync 2 DAGs
[2023-06-28T14:39:15.742+0000] {logging_mixin.py:149} INFO - [2023-06-28T14:39:15.742+0000] {dag.py:3490} INFO - Setting next_dagrun for example_xcom_args to None, run_after=None
[2023-06-28T14:39:15.749+0000] {logging_mixin.py:149} INFO - [2023-06-28T14:39:15.749+0000] {dag.py:3490} INFO - Setting next_dagrun for example_xcom_args_with_operators to None, run_after=None
[2023-06-28T14:39:15.789+0000] {processor.py:179} INFO - Processing /home/airflow/.local/lib/python3.7/site-packages/airflow/example_dags/example_xcomargs.py took 0.174 seconds
[2023-06-28T14:39:46.003+0000] {processor.py:157} INFO - Started process (PID=2749) to work on /home/airflow/.local/lib/python3.7/site-packages/airflow/example_dags/example_xcomargs.py
[2023-06-28T14:39:46.005+0000] {processor.py:826} INFO - Processing file /home/airflow/.local/lib/python3.7/site-packages/airflow/example_dags/example_xcomargs.py for tasks to queue
[2023-06-28T14:39:46.007+0000] {logging_mixin.py:149} INFO - [2023-06-28T14:39:46.007+0000] {dagbag.py:541} INFO - Filling up the DagBag from /home/airflow/.local/lib/python3.7/site-packages/airflow/example_dags/example_xcomargs.py
[2023-06-28T14:39:46.022+0000] {processor.py:836} INFO - DAG(s) dict_keys(['example_xcom_args_with_operators', 'example_xcom_args']) retrieved from /home/airflow/.local/lib/python3.7/site-packages/airflow/example_dags/example_xcomargs.py
[2023-06-28T14:39:46.067+0000] {logging_mixin.py:149} INFO - [2023-06-28T14:39:46.067+0000] {dag.py:2726} INFO - Sync 2 DAGs
[2023-06-28T14:39:46.101+0000] {logging_mixin.py:149} INFO - [2023-06-28T14:39:46.101+0000] {dag.py:3490} INFO - Setting next_dagrun for example_xcom_args to None, run_after=None
[2023-06-28T14:39:46.106+0000] {logging_mixin.py:149} INFO - [2023-06-28T14:39:46.106+0000] {dag.py:3490} INFO - Setting next_dagrun for example_xcom_args_with_operators to None, run_after=None
[2023-06-28T14:39:46.135+0000] {processor.py:179} INFO - Processing /home/airflow/.local/lib/python3.7/site-packages/airflow/example_dags/example_xcomargs.py took 0.139 seconds
[2023-06-28T14:40:16.645+0000] {processor.py:157} INFO - Started process (PID=2809) to work on /home/airflow/.local/lib/python3.7/site-packages/airflow/example_dags/example_xcomargs.py
[2023-06-28T14:40:16.647+0000] {processor.py:826} INFO - Processing file /home/airflow/.local/lib/python3.7/site-packages/airflow/example_dags/example_xcomargs.py for tasks to queue
[2023-06-28T14:40:16.648+0000] {logging_mixin.py:149} INFO - [2023-06-28T14:40:16.648+0000] {dagbag.py:541} INFO - Filling up the DagBag from /home/airflow/.local/lib/python3.7/site-packages/airflow/example_dags/example_xcomargs.py
[2023-06-28T14:40:16.666+0000] {processor.py:836} INFO - DAG(s) dict_keys(['example_xcom_args_with_operators', 'example_xcom_args']) retrieved from /home/airflow/.local/lib/python3.7/site-packages/airflow/example_dags/example_xcomargs.py
[2023-06-28T14:40:16.738+0000] {logging_mixin.py:149} INFO - [2023-06-28T14:40:16.738+0000] {dag.py:2726} INFO - Sync 2 DAGs
[2023-06-28T14:40:16.808+0000] {logging_mixin.py:149} INFO - [2023-06-28T14:40:16.807+0000] {dag.py:3490} INFO - Setting next_dagrun for example_xcom_args to None, run_after=None
[2023-06-28T14:40:16.816+0000] {logging_mixin.py:149} INFO - [2023-06-28T14:40:16.816+0000] {dag.py:3490} INFO - Setting next_dagrun for example_xcom_args_with_operators to None, run_after=None
[2023-06-28T14:40:16.866+0000] {processor.py:179} INFO - Processing /home/airflow/.local/lib/python3.7/site-packages/airflow/example_dags/example_xcomargs.py took 0.227 seconds
[2023-06-28T14:40:47.085+0000] {processor.py:157} INFO - Started process (PID=2864) to work on /home/airflow/.local/lib/python3.7/site-packages/airflow/example_dags/example_xcomargs.py
[2023-06-28T14:40:47.087+0000] {processor.py:826} INFO - Processing file /home/airflow/.local/lib/python3.7/site-packages/airflow/example_dags/example_xcomargs.py for tasks to queue
[2023-06-28T14:40:47.088+0000] {logging_mixin.py:149} INFO - [2023-06-28T14:40:47.088+0000] {dagbag.py:541} INFO - Filling up the DagBag from /home/airflow/.local/lib/python3.7/site-packages/airflow/example_dags/example_xcomargs.py
[2023-06-28T14:40:47.100+0000] {processor.py:836} INFO - DAG(s) dict_keys(['example_xcom_args_with_operators', 'example_xcom_args']) retrieved from /home/airflow/.local/lib/python3.7/site-packages/airflow/example_dags/example_xcomargs.py
[2023-06-28T14:40:47.163+0000] {logging_mixin.py:149} INFO - [2023-06-28T14:40:47.162+0000] {dag.py:2726} INFO - Sync 2 DAGs
[2023-06-28T14:40:47.216+0000] {logging_mixin.py:149} INFO - [2023-06-28T14:40:47.216+0000] {dag.py:3490} INFO - Setting next_dagrun for example_xcom_args to None, run_after=None
[2023-06-28T14:40:47.221+0000] {logging_mixin.py:149} INFO - [2023-06-28T14:40:47.221+0000] {dag.py:3490} INFO - Setting next_dagrun for example_xcom_args_with_operators to None, run_after=None
[2023-06-28T14:40:47.253+0000] {processor.py:179} INFO - Processing /home/airflow/.local/lib/python3.7/site-packages/airflow/example_dags/example_xcomargs.py took 0.174 seconds
[2023-06-28T14:41:18.105+0000] {processor.py:157} INFO - Started process (PID=2923) to work on /home/airflow/.local/lib/python3.7/site-packages/airflow/example_dags/example_xcomargs.py
[2023-06-28T14:41:18.106+0000] {processor.py:826} INFO - Processing file /home/airflow/.local/lib/python3.7/site-packages/airflow/example_dags/example_xcomargs.py for tasks to queue
[2023-06-28T14:41:18.107+0000] {logging_mixin.py:149} INFO - [2023-06-28T14:41:18.107+0000] {dagbag.py:541} INFO - Filling up the DagBag from /home/airflow/.local/lib/python3.7/site-packages/airflow/example_dags/example_xcomargs.py
[2023-06-28T14:41:18.118+0000] {processor.py:836} INFO - DAG(s) dict_keys(['example_xcom_args_with_operators', 'example_xcom_args']) retrieved from /home/airflow/.local/lib/python3.7/site-packages/airflow/example_dags/example_xcomargs.py
[2023-06-28T14:41:18.181+0000] {logging_mixin.py:149} INFO - [2023-06-28T14:41:18.181+0000] {dag.py:2726} INFO - Sync 2 DAGs
[2023-06-28T14:41:18.243+0000] {logging_mixin.py:149} INFO - [2023-06-28T14:41:18.242+0000] {dag.py:3490} INFO - Setting next_dagrun for example_xcom_args to None, run_after=None
[2023-06-28T14:41:18.248+0000] {logging_mixin.py:149} INFO - [2023-06-28T14:41:18.248+0000] {dag.py:3490} INFO - Setting next_dagrun for example_xcom_args_with_operators to None, run_after=None
[2023-06-28T14:41:18.282+0000] {processor.py:179} INFO - Processing /home/airflow/.local/lib/python3.7/site-packages/airflow/example_dags/example_xcomargs.py took 0.182 seconds
[2023-06-28T14:41:48.751+0000] {processor.py:157} INFO - Started process (PID=2983) to work on /home/airflow/.local/lib/python3.7/site-packages/airflow/example_dags/example_xcomargs.py
[2023-06-28T14:41:48.753+0000] {processor.py:826} INFO - Processing file /home/airflow/.local/lib/python3.7/site-packages/airflow/example_dags/example_xcomargs.py for tasks to queue
[2023-06-28T14:41:48.754+0000] {logging_mixin.py:149} INFO - [2023-06-28T14:41:48.754+0000] {dagbag.py:541} INFO - Filling up the DagBag from /home/airflow/.local/lib/python3.7/site-packages/airflow/example_dags/example_xcomargs.py
[2023-06-28T14:41:48.766+0000] {processor.py:836} INFO - DAG(s) dict_keys(['example_xcom_args', 'example_xcom_args_with_operators']) retrieved from /home/airflow/.local/lib/python3.7/site-packages/airflow/example_dags/example_xcomargs.py
[2023-06-28T14:41:48.811+0000] {logging_mixin.py:149} INFO - [2023-06-28T14:41:48.811+0000] {dag.py:2726} INFO - Sync 2 DAGs
[2023-06-28T14:41:48.856+0000] {logging_mixin.py:149} INFO - [2023-06-28T14:41:48.855+0000] {dag.py:3490} INFO - Setting next_dagrun for example_xcom_args to None, run_after=None
[2023-06-28T14:41:48.860+0000] {logging_mixin.py:149} INFO - [2023-06-28T14:41:48.860+0000] {dag.py:3490} INFO - Setting next_dagrun for example_xcom_args_with_operators to None, run_after=None
[2023-06-28T14:41:48.891+0000] {processor.py:179} INFO - Processing /home/airflow/.local/lib/python3.7/site-packages/airflow/example_dags/example_xcomargs.py took 0.145 seconds
[2023-06-28T14:42:19.276+0000] {processor.py:157} INFO - Started process (PID=3042) to work on /home/airflow/.local/lib/python3.7/site-packages/airflow/example_dags/example_xcomargs.py
[2023-06-28T14:42:19.277+0000] {processor.py:826} INFO - Processing file /home/airflow/.local/lib/python3.7/site-packages/airflow/example_dags/example_xcomargs.py for tasks to queue
[2023-06-28T14:42:19.279+0000] {logging_mixin.py:149} INFO - [2023-06-28T14:42:19.279+0000] {dagbag.py:541} INFO - Filling up the DagBag from /home/airflow/.local/lib/python3.7/site-packages/airflow/example_dags/example_xcomargs.py
[2023-06-28T14:42:19.293+0000] {processor.py:836} INFO - DAG(s) dict_keys(['example_xcom_args_with_operators', 'example_xcom_args']) retrieved from /home/airflow/.local/lib/python3.7/site-packages/airflow/example_dags/example_xcomargs.py
[2023-06-28T14:42:19.362+0000] {logging_mixin.py:149} INFO - [2023-06-28T14:42:19.362+0000] {dag.py:2726} INFO - Sync 2 DAGs
[2023-06-28T14:42:19.443+0000] {logging_mixin.py:149} INFO - [2023-06-28T14:42:19.443+0000] {dag.py:3490} INFO - Setting next_dagrun for example_xcom_args to None, run_after=None
[2023-06-28T14:42:19.450+0000] {logging_mixin.py:149} INFO - [2023-06-28T14:42:19.450+0000] {dag.py:3490} INFO - Setting next_dagrun for example_xcom_args_with_operators to None, run_after=None
[2023-06-28T14:42:19.493+0000] {processor.py:179} INFO - Processing /home/airflow/.local/lib/python3.7/site-packages/airflow/example_dags/example_xcomargs.py took 0.222 seconds
[2023-06-28T14:42:49.664+0000] {processor.py:157} INFO - Started process (PID=3101) to work on /home/airflow/.local/lib/python3.7/site-packages/airflow/example_dags/example_xcomargs.py
[2023-06-28T14:42:49.665+0000] {processor.py:826} INFO - Processing file /home/airflow/.local/lib/python3.7/site-packages/airflow/example_dags/example_xcomargs.py for tasks to queue
[2023-06-28T14:42:49.667+0000] {logging_mixin.py:149} INFO - [2023-06-28T14:42:49.666+0000] {dagbag.py:541} INFO - Filling up the DagBag from /home/airflow/.local/lib/python3.7/site-packages/airflow/example_dags/example_xcomargs.py
[2023-06-28T14:42:49.679+0000] {processor.py:836} INFO - DAG(s) dict_keys(['example_xcom_args_with_operators', 'example_xcom_args']) retrieved from /home/airflow/.local/lib/python3.7/site-packages/airflow/example_dags/example_xcomargs.py
[2023-06-28T14:42:49.727+0000] {logging_mixin.py:149} INFO - [2023-06-28T14:42:49.727+0000] {dag.py:2726} INFO - Sync 2 DAGs
[2023-06-28T14:42:49.761+0000] {logging_mixin.py:149} INFO - [2023-06-28T14:42:49.761+0000] {dag.py:3490} INFO - Setting next_dagrun for example_xcom_args to None, run_after=None
[2023-06-28T14:42:49.766+0000] {logging_mixin.py:149} INFO - [2023-06-28T14:42:49.766+0000] {dag.py:3490} INFO - Setting next_dagrun for example_xcom_args_with_operators to None, run_after=None
[2023-06-28T14:42:49.797+0000] {processor.py:179} INFO - Processing /home/airflow/.local/lib/python3.7/site-packages/airflow/example_dags/example_xcomargs.py took 0.138 seconds
[2023-06-28T14:43:20.318+0000] {processor.py:157} INFO - Started process (PID=3161) to work on /home/airflow/.local/lib/python3.7/site-packages/airflow/example_dags/example_xcomargs.py
[2023-06-28T14:43:20.320+0000] {processor.py:826} INFO - Processing file /home/airflow/.local/lib/python3.7/site-packages/airflow/example_dags/example_xcomargs.py for tasks to queue
[2023-06-28T14:43:20.321+0000] {logging_mixin.py:149} INFO - [2023-06-28T14:43:20.321+0000] {dagbag.py:541} INFO - Filling up the DagBag from /home/airflow/.local/lib/python3.7/site-packages/airflow/example_dags/example_xcomargs.py
[2023-06-28T14:43:20.350+0000] {processor.py:836} INFO - DAG(s) dict_keys(['example_xcom_args', 'example_xcom_args_with_operators']) retrieved from /home/airflow/.local/lib/python3.7/site-packages/airflow/example_dags/example_xcomargs.py
[2023-06-28T14:43:20.438+0000] {logging_mixin.py:149} INFO - [2023-06-28T14:43:20.438+0000] {dag.py:2726} INFO - Sync 2 DAGs
[2023-06-28T14:43:20.498+0000] {logging_mixin.py:149} INFO - [2023-06-28T14:43:20.498+0000] {dag.py:3490} INFO - Setting next_dagrun for example_xcom_args to None, run_after=None
[2023-06-28T14:43:20.503+0000] {logging_mixin.py:149} INFO - [2023-06-28T14:43:20.503+0000] {dag.py:3490} INFO - Setting next_dagrun for example_xcom_args_with_operators to None, run_after=None
[2023-06-28T14:43:20.552+0000] {processor.py:179} INFO - Processing /home/airflow/.local/lib/python3.7/site-packages/airflow/example_dags/example_xcomargs.py took 0.250 seconds
[2023-06-28T14:43:51.100+0000] {processor.py:157} INFO - Started process (PID=3220) to work on /home/airflow/.local/lib/python3.7/site-packages/airflow/example_dags/example_xcomargs.py
[2023-06-28T14:43:51.114+0000] {processor.py:826} INFO - Processing file /home/airflow/.local/lib/python3.7/site-packages/airflow/example_dags/example_xcomargs.py for tasks to queue
[2023-06-28T14:43:51.116+0000] {logging_mixin.py:149} INFO - [2023-06-28T14:43:51.116+0000] {dagbag.py:541} INFO - Filling up the DagBag from /home/airflow/.local/lib/python3.7/site-packages/airflow/example_dags/example_xcomargs.py
[2023-06-28T14:43:51.157+0000] {processor.py:836} INFO - DAG(s) dict_keys(['example_xcom_args', 'example_xcom_args_with_operators']) retrieved from /home/airflow/.local/lib/python3.7/site-packages/airflow/example_dags/example_xcomargs.py
[2023-06-28T14:43:51.279+0000] {logging_mixin.py:149} INFO - [2023-06-28T14:43:51.279+0000] {dag.py:2726} INFO - Sync 2 DAGs
[2023-06-28T14:43:51.386+0000] {logging_mixin.py:149} INFO - [2023-06-28T14:43:51.386+0000] {dag.py:3490} INFO - Setting next_dagrun for example_xcom_args to None, run_after=None
[2023-06-28T14:43:51.405+0000] {logging_mixin.py:149} INFO - [2023-06-28T14:43:51.404+0000] {dag.py:3490} INFO - Setting next_dagrun for example_xcom_args_with_operators to None, run_after=None
[2023-06-28T14:43:51.597+0000] {processor.py:179} INFO - Processing /home/airflow/.local/lib/python3.7/site-packages/airflow/example_dags/example_xcomargs.py took 0.503 seconds
[2023-06-28T14:44:21.978+0000] {processor.py:157} INFO - Started process (PID=3280) to work on /home/airflow/.local/lib/python3.7/site-packages/airflow/example_dags/example_xcomargs.py
[2023-06-28T14:44:21.980+0000] {processor.py:826} INFO - Processing file /home/airflow/.local/lib/python3.7/site-packages/airflow/example_dags/example_xcomargs.py for tasks to queue
[2023-06-28T14:44:21.992+0000] {logging_mixin.py:149} INFO - [2023-06-28T14:44:21.991+0000] {dagbag.py:541} INFO - Filling up the DagBag from /home/airflow/.local/lib/python3.7/site-packages/airflow/example_dags/example_xcomargs.py
[2023-06-28T14:44:22.035+0000] {processor.py:836} INFO - DAG(s) dict_keys(['example_xcom_args_with_operators', 'example_xcom_args']) retrieved from /home/airflow/.local/lib/python3.7/site-packages/airflow/example_dags/example_xcomargs.py
[2023-06-28T14:44:22.245+0000] {logging_mixin.py:149} INFO - [2023-06-28T14:44:22.244+0000] {dag.py:2726} INFO - Sync 2 DAGs
[2023-06-28T14:44:22.422+0000] {logging_mixin.py:149} INFO - [2023-06-28T14:44:22.422+0000] {dag.py:3490} INFO - Setting next_dagrun for example_xcom_args to None, run_after=None
[2023-06-28T14:44:22.445+0000] {logging_mixin.py:149} INFO - [2023-06-28T14:44:22.445+0000] {dag.py:3490} INFO - Setting next_dagrun for example_xcom_args_with_operators to None, run_after=None
[2023-06-28T14:44:22.558+0000] {processor.py:179} INFO - Processing /home/airflow/.local/lib/python3.7/site-packages/airflow/example_dags/example_xcomargs.py took 0.597 seconds
[2023-06-28T14:44:53.331+0000] {processor.py:157} INFO - Started process (PID=3339) to work on /home/airflow/.local/lib/python3.7/site-packages/airflow/example_dags/example_xcomargs.py
[2023-06-28T14:44:53.333+0000] {processor.py:826} INFO - Processing file /home/airflow/.local/lib/python3.7/site-packages/airflow/example_dags/example_xcomargs.py for tasks to queue
[2023-06-28T14:44:53.334+0000] {logging_mixin.py:149} INFO - [2023-06-28T14:44:53.334+0000] {dagbag.py:541} INFO - Filling up the DagBag from /home/airflow/.local/lib/python3.7/site-packages/airflow/example_dags/example_xcomargs.py
[2023-06-28T14:44:53.348+0000] {processor.py:836} INFO - DAG(s) dict_keys(['example_xcom_args_with_operators', 'example_xcom_args']) retrieved from /home/airflow/.local/lib/python3.7/site-packages/airflow/example_dags/example_xcomargs.py
[2023-06-28T14:44:53.386+0000] {logging_mixin.py:149} INFO - [2023-06-28T14:44:53.386+0000] {dag.py:2726} INFO - Sync 2 DAGs
[2023-06-28T14:44:53.420+0000] {logging_mixin.py:149} INFO - [2023-06-28T14:44:53.420+0000] {dag.py:3490} INFO - Setting next_dagrun for example_xcom_args to None, run_after=None
[2023-06-28T14:44:53.425+0000] {logging_mixin.py:149} INFO - [2023-06-28T14:44:53.424+0000] {dag.py:3490} INFO - Setting next_dagrun for example_xcom_args_with_operators to None, run_after=None
[2023-06-28T14:44:53.466+0000] {processor.py:179} INFO - Processing /home/airflow/.local/lib/python3.7/site-packages/airflow/example_dags/example_xcomargs.py took 0.138 seconds
[2023-06-28T14:45:23.920+0000] {processor.py:157} INFO - Started process (PID=3398) to work on /home/airflow/.local/lib/python3.7/site-packages/airflow/example_dags/example_xcomargs.py
[2023-06-28T14:45:23.924+0000] {processor.py:826} INFO - Processing file /home/airflow/.local/lib/python3.7/site-packages/airflow/example_dags/example_xcomargs.py for tasks to queue
[2023-06-28T14:45:23.925+0000] {logging_mixin.py:149} INFO - [2023-06-28T14:45:23.925+0000] {dagbag.py:541} INFO - Filling up the DagBag from /home/airflow/.local/lib/python3.7/site-packages/airflow/example_dags/example_xcomargs.py
[2023-06-28T14:45:23.936+0000] {processor.py:836} INFO - DAG(s) dict_keys(['example_xcom_args', 'example_xcom_args_with_operators']) retrieved from /home/airflow/.local/lib/python3.7/site-packages/airflow/example_dags/example_xcomargs.py
[2023-06-28T14:45:23.981+0000] {logging_mixin.py:149} INFO - [2023-06-28T14:45:23.981+0000] {dag.py:2726} INFO - Sync 2 DAGs
[2023-06-28T14:45:24.029+0000] {logging_mixin.py:149} INFO - [2023-06-28T14:45:24.029+0000] {dag.py:3490} INFO - Setting next_dagrun for example_xcom_args to None, run_after=None
[2023-06-28T14:45:24.034+0000] {logging_mixin.py:149} INFO - [2023-06-28T14:45:24.034+0000] {dag.py:3490} INFO - Setting next_dagrun for example_xcom_args_with_operators to None, run_after=None
[2023-06-28T14:45:24.076+0000] {processor.py:179} INFO - Processing /home/airflow/.local/lib/python3.7/site-packages/airflow/example_dags/example_xcomargs.py took 0.160 seconds
[2023-06-28T14:45:54.431+0000] {processor.py:157} INFO - Started process (PID=3459) to work on /home/airflow/.local/lib/python3.7/site-packages/airflow/example_dags/example_xcomargs.py
[2023-06-28T14:45:54.433+0000] {processor.py:826} INFO - Processing file /home/airflow/.local/lib/python3.7/site-packages/airflow/example_dags/example_xcomargs.py for tasks to queue
[2023-06-28T14:45:54.434+0000] {logging_mixin.py:149} INFO - [2023-06-28T14:45:54.434+0000] {dagbag.py:541} INFO - Filling up the DagBag from /home/airflow/.local/lib/python3.7/site-packages/airflow/example_dags/example_xcomargs.py
[2023-06-28T14:45:54.447+0000] {processor.py:836} INFO - DAG(s) dict_keys(['example_xcom_args', 'example_xcom_args_with_operators']) retrieved from /home/airflow/.local/lib/python3.7/site-packages/airflow/example_dags/example_xcomargs.py
[2023-06-28T14:45:54.504+0000] {logging_mixin.py:149} INFO - [2023-06-28T14:45:54.503+0000] {dag.py:2726} INFO - Sync 2 DAGs
[2023-06-28T14:45:54.546+0000] {logging_mixin.py:149} INFO - [2023-06-28T14:45:54.545+0000] {dag.py:3490} INFO - Setting next_dagrun for example_xcom_args to None, run_after=None
[2023-06-28T14:45:54.553+0000] {logging_mixin.py:149} INFO - [2023-06-28T14:45:54.553+0000] {dag.py:3490} INFO - Setting next_dagrun for example_xcom_args_with_operators to None, run_after=None
[2023-06-28T14:45:54.616+0000] {processor.py:179} INFO - Processing /home/airflow/.local/lib/python3.7/site-packages/airflow/example_dags/example_xcomargs.py took 0.191 seconds
[2023-06-28T14:46:24.846+0000] {processor.py:157} INFO - Started process (PID=3518) to work on /home/airflow/.local/lib/python3.7/site-packages/airflow/example_dags/example_xcomargs.py
[2023-06-28T14:46:24.853+0000] {processor.py:826} INFO - Processing file /home/airflow/.local/lib/python3.7/site-packages/airflow/example_dags/example_xcomargs.py for tasks to queue
[2023-06-28T14:46:24.855+0000] {logging_mixin.py:149} INFO - [2023-06-28T14:46:24.855+0000] {dagbag.py:541} INFO - Filling up the DagBag from /home/airflow/.local/lib/python3.7/site-packages/airflow/example_dags/example_xcomargs.py
[2023-06-28T14:46:24.872+0000] {processor.py:836} INFO - DAG(s) dict_keys(['example_xcom_args', 'example_xcom_args_with_operators']) retrieved from /home/airflow/.local/lib/python3.7/site-packages/airflow/example_dags/example_xcomargs.py
[2023-06-28T14:46:24.928+0000] {logging_mixin.py:149} INFO - [2023-06-28T14:46:24.928+0000] {dag.py:2726} INFO - Sync 2 DAGs
[2023-06-28T14:46:24.989+0000] {logging_mixin.py:149} INFO - [2023-06-28T14:46:24.989+0000] {dag.py:3490} INFO - Setting next_dagrun for example_xcom_args to None, run_after=None
[2023-06-28T14:46:24.994+0000] {logging_mixin.py:149} INFO - [2023-06-28T14:46:24.994+0000] {dag.py:3490} INFO - Setting next_dagrun for example_xcom_args_with_operators to None, run_after=None
[2023-06-28T14:46:25.042+0000] {processor.py:179} INFO - Processing /home/airflow/.local/lib/python3.7/site-packages/airflow/example_dags/example_xcomargs.py took 0.200 seconds
[2023-06-28T14:46:55.162+0000] {processor.py:157} INFO - Started process (PID=3577) to work on /home/airflow/.local/lib/python3.7/site-packages/airflow/example_dags/example_xcomargs.py
[2023-06-28T14:46:55.170+0000] {processor.py:826} INFO - Processing file /home/airflow/.local/lib/python3.7/site-packages/airflow/example_dags/example_xcomargs.py for tasks to queue
[2023-06-28T14:46:55.173+0000] {logging_mixin.py:149} INFO - [2023-06-28T14:46:55.172+0000] {dagbag.py:541} INFO - Filling up the DagBag from /home/airflow/.local/lib/python3.7/site-packages/airflow/example_dags/example_xcomargs.py
[2023-06-28T14:46:55.237+0000] {processor.py:836} INFO - DAG(s) dict_keys(['example_xcom_args', 'example_xcom_args_with_operators']) retrieved from /home/airflow/.local/lib/python3.7/site-packages/airflow/example_dags/example_xcomargs.py
[2023-06-28T14:46:55.343+0000] {logging_mixin.py:149} INFO - [2023-06-28T14:46:55.342+0000] {dag.py:2726} INFO - Sync 2 DAGs
[2023-06-28T14:46:55.493+0000] {logging_mixin.py:149} INFO - [2023-06-28T14:46:55.493+0000] {dag.py:3490} INFO - Setting next_dagrun for example_xcom_args to None, run_after=None
[2023-06-28T14:46:55.526+0000] {logging_mixin.py:149} INFO - [2023-06-28T14:46:55.525+0000] {dag.py:3490} INFO - Setting next_dagrun for example_xcom_args_with_operators to None, run_after=None
[2023-06-28T14:46:55.612+0000] {processor.py:179} INFO - Processing /home/airflow/.local/lib/python3.7/site-packages/airflow/example_dags/example_xcomargs.py took 0.457 seconds
[2023-06-28T14:47:26.655+0000] {processor.py:157} INFO - Started process (PID=3635) to work on /home/airflow/.local/lib/python3.7/site-packages/airflow/example_dags/example_xcomargs.py
[2023-06-28T14:47:26.657+0000] {processor.py:826} INFO - Processing file /home/airflow/.local/lib/python3.7/site-packages/airflow/example_dags/example_xcomargs.py for tasks to queue
[2023-06-28T14:47:26.659+0000] {logging_mixin.py:149} INFO - [2023-06-28T14:47:26.658+0000] {dagbag.py:541} INFO - Filling up the DagBag from /home/airflow/.local/lib/python3.7/site-packages/airflow/example_dags/example_xcomargs.py
[2023-06-28T14:47:26.675+0000] {processor.py:836} INFO - DAG(s) dict_keys(['example_xcom_args', 'example_xcom_args_with_operators']) retrieved from /home/airflow/.local/lib/python3.7/site-packages/airflow/example_dags/example_xcomargs.py
[2023-06-28T14:47:26.732+0000] {logging_mixin.py:149} INFO - [2023-06-28T14:47:26.732+0000] {dag.py:2726} INFO - Sync 2 DAGs
[2023-06-28T14:47:26.811+0000] {logging_mixin.py:149} INFO - [2023-06-28T14:47:26.811+0000] {dag.py:3490} INFO - Setting next_dagrun for example_xcom_args to None, run_after=None
[2023-06-28T14:47:26.830+0000] {logging_mixin.py:149} INFO - [2023-06-28T14:47:26.830+0000] {dag.py:3490} INFO - Setting next_dagrun for example_xcom_args_with_operators to None, run_after=None
[2023-06-28T14:47:26.918+0000] {processor.py:179} INFO - Processing /home/airflow/.local/lib/python3.7/site-packages/airflow/example_dags/example_xcomargs.py took 0.269 seconds
[2023-06-28T14:47:57.565+0000] {processor.py:157} INFO - Started process (PID=3694) to work on /home/airflow/.local/lib/python3.7/site-packages/airflow/example_dags/example_xcomargs.py
[2023-06-28T14:47:57.567+0000] {processor.py:826} INFO - Processing file /home/airflow/.local/lib/python3.7/site-packages/airflow/example_dags/example_xcomargs.py for tasks to queue
[2023-06-28T14:47:57.568+0000] {logging_mixin.py:149} INFO - [2023-06-28T14:47:57.568+0000] {dagbag.py:541} INFO - Filling up the DagBag from /home/airflow/.local/lib/python3.7/site-packages/airflow/example_dags/example_xcomargs.py
[2023-06-28T14:47:57.578+0000] {processor.py:836} INFO - DAG(s) dict_keys(['example_xcom_args_with_operators', 'example_xcom_args']) retrieved from /home/airflow/.local/lib/python3.7/site-packages/airflow/example_dags/example_xcomargs.py
[2023-06-28T14:47:57.620+0000] {logging_mixin.py:149} INFO - [2023-06-28T14:47:57.620+0000] {dag.py:2726} INFO - Sync 2 DAGs
[2023-06-28T14:47:57.666+0000] {logging_mixin.py:149} INFO - [2023-06-28T14:47:57.666+0000] {dag.py:3490} INFO - Setting next_dagrun for example_xcom_args to None, run_after=None
[2023-06-28T14:47:57.674+0000] {logging_mixin.py:149} INFO - [2023-06-28T14:47:57.674+0000] {dag.py:3490} INFO - Setting next_dagrun for example_xcom_args_with_operators to None, run_after=None
[2023-06-28T14:47:57.728+0000] {processor.py:179} INFO - Processing /home/airflow/.local/lib/python3.7/site-packages/airflow/example_dags/example_xcomargs.py took 0.167 seconds
