[2023-06-28T14:16:38.693+0000] {processor.py:157} INFO - Started process (PID=67) to work on /home/airflow/.local/lib/python3.7/site-packages/airflow/example_dags/example_branch_operator.py
[2023-06-28T14:16:38.740+0000] {processor.py:826} INFO - Processing file /home/airflow/.local/lib/python3.7/site-packages/airflow/example_dags/example_branch_operator.py for tasks to queue
[2023-06-28T14:16:38.753+0000] {logging_mixin.py:149} INFO - [2023-06-28T14:16:38.753+0000] {dagbag.py:541} INFO - Filling up the DagBag from /home/airflow/.local/lib/python3.7/site-packages/airflow/example_dags/example_branch_operator.py
[2023-06-28T14:16:38.837+0000] {processor.py:836} INFO - DAG(s) dict_keys(['example_branch_operator']) retrieved from /home/airflow/.local/lib/python3.7/site-packages/airflow/example_dags/example_branch_operator.py
[2023-06-28T14:16:38.976+0000] {logging_mixin.py:149} INFO - [2023-06-28T14:16:38.975+0000] {dag.py:2726} INFO - Sync 1 DAGs
[2023-06-28T14:16:39.051+0000] {logging_mixin.py:149} INFO - [2023-06-28T14:16:39.050+0000] {dag.py:3490} INFO - Setting next_dagrun for example_branch_operator to 2023-06-27T00:00:00+00:00, run_after=2023-06-28T00:00:00+00:00
[2023-06-28T14:16:39.311+0000] {processor.py:179} INFO - Processing /home/airflow/.local/lib/python3.7/site-packages/airflow/example_dags/example_branch_operator.py took 0.633 seconds
[2023-06-28T14:17:12.192+0000] {processor.py:157} INFO - Started process (PID=126) to work on /home/airflow/.local/lib/python3.7/site-packages/airflow/example_dags/example_branch_operator.py
[2023-06-28T14:17:12.214+0000] {processor.py:826} INFO - Processing file /home/airflow/.local/lib/python3.7/site-packages/airflow/example_dags/example_branch_operator.py for tasks to queue
[2023-06-28T14:17:12.228+0000] {logging_mixin.py:149} INFO - [2023-06-28T14:17:12.228+0000] {dagbag.py:541} INFO - Filling up the DagBag from /home/airflow/.local/lib/python3.7/site-packages/airflow/example_dags/example_branch_operator.py
[2023-06-28T14:17:12.290+0000] {processor.py:836} INFO - DAG(s) dict_keys(['example_branch_operator']) retrieved from /home/airflow/.local/lib/python3.7/site-packages/airflow/example_dags/example_branch_operator.py
[2023-06-28T14:17:12.513+0000] {logging_mixin.py:149} INFO - [2023-06-28T14:17:12.513+0000] {dag.py:2726} INFO - Sync 1 DAGs
[2023-06-28T14:17:12.804+0000] {logging_mixin.py:149} INFO - [2023-06-28T14:17:12.803+0000] {dag.py:3490} INFO - Setting next_dagrun for example_branch_operator to 2023-06-27T00:00:00+00:00, run_after=2023-06-28T00:00:00+00:00
[2023-06-28T14:17:12.974+0000] {processor.py:179} INFO - Processing /home/airflow/.local/lib/python3.7/site-packages/airflow/example_dags/example_branch_operator.py took 0.801 seconds
[2023-06-28T14:17:43.134+0000] {processor.py:157} INFO - Started process (PID=184) to work on /home/airflow/.local/lib/python3.7/site-packages/airflow/example_dags/example_branch_operator.py
[2023-06-28T14:17:43.135+0000] {processor.py:826} INFO - Processing file /home/airflow/.local/lib/python3.7/site-packages/airflow/example_dags/example_branch_operator.py for tasks to queue
[2023-06-28T14:17:43.136+0000] {logging_mixin.py:149} INFO - [2023-06-28T14:17:43.136+0000] {dagbag.py:541} INFO - Filling up the DagBag from /home/airflow/.local/lib/python3.7/site-packages/airflow/example_dags/example_branch_operator.py
[2023-06-28T14:17:43.150+0000] {processor.py:836} INFO - DAG(s) dict_keys(['example_branch_operator']) retrieved from /home/airflow/.local/lib/python3.7/site-packages/airflow/example_dags/example_branch_operator.py
[2023-06-28T14:17:43.168+0000] {logging_mixin.py:149} INFO - [2023-06-28T14:17:43.168+0000] {dag.py:2726} INFO - Sync 1 DAGs
[2023-06-28T14:17:43.224+0000] {logging_mixin.py:149} INFO - [2023-06-28T14:17:43.223+0000] {dag.py:3490} INFO - Setting next_dagrun for example_branch_operator to 2023-06-27T00:00:00+00:00, run_after=2023-06-28T00:00:00+00:00
[2023-06-28T14:17:43.258+0000] {processor.py:179} INFO - Processing /home/airflow/.local/lib/python3.7/site-packages/airflow/example_dags/example_branch_operator.py took 0.129 seconds
[2023-06-28T14:18:13.646+0000] {processor.py:157} INFO - Started process (PID=243) to work on /home/airflow/.local/lib/python3.7/site-packages/airflow/example_dags/example_branch_operator.py
[2023-06-28T14:18:13.648+0000] {processor.py:826} INFO - Processing file /home/airflow/.local/lib/python3.7/site-packages/airflow/example_dags/example_branch_operator.py for tasks to queue
[2023-06-28T14:18:13.662+0000] {logging_mixin.py:149} INFO - [2023-06-28T14:18:13.661+0000] {dagbag.py:541} INFO - Filling up the DagBag from /home/airflow/.local/lib/python3.7/site-packages/airflow/example_dags/example_branch_operator.py
[2023-06-28T14:18:13.698+0000] {processor.py:836} INFO - DAG(s) dict_keys(['example_branch_operator']) retrieved from /home/airflow/.local/lib/python3.7/site-packages/airflow/example_dags/example_branch_operator.py
[2023-06-28T14:18:13.926+0000] {logging_mixin.py:149} INFO - [2023-06-28T14:18:13.926+0000] {dag.py:2726} INFO - Sync 1 DAGs
[2023-06-28T14:18:14.088+0000] {logging_mixin.py:149} INFO - [2023-06-28T14:18:14.087+0000] {dag.py:3490} INFO - Setting next_dagrun for example_branch_operator to 2023-06-27T00:00:00+00:00, run_after=2023-06-28T00:00:00+00:00
[2023-06-28T14:18:14.122+0000] {processor.py:179} INFO - Processing /home/airflow/.local/lib/python3.7/site-packages/airflow/example_dags/example_branch_operator.py took 0.495 seconds
[2023-06-28T14:18:44.624+0000] {processor.py:157} INFO - Started process (PID=302) to work on /home/airflow/.local/lib/python3.7/site-packages/airflow/example_dags/example_branch_operator.py
[2023-06-28T14:18:44.625+0000] {processor.py:826} INFO - Processing file /home/airflow/.local/lib/python3.7/site-packages/airflow/example_dags/example_branch_operator.py for tasks to queue
[2023-06-28T14:18:44.628+0000] {logging_mixin.py:149} INFO - [2023-06-28T14:18:44.628+0000] {dagbag.py:541} INFO - Filling up the DagBag from /home/airflow/.local/lib/python3.7/site-packages/airflow/example_dags/example_branch_operator.py
[2023-06-28T14:18:44.647+0000] {processor.py:836} INFO - DAG(s) dict_keys(['example_branch_operator']) retrieved from /home/airflow/.local/lib/python3.7/site-packages/airflow/example_dags/example_branch_operator.py
[2023-06-28T14:18:44.700+0000] {logging_mixin.py:149} INFO - [2023-06-28T14:18:44.699+0000] {dag.py:2726} INFO - Sync 1 DAGs
[2023-06-28T14:18:44.800+0000] {logging_mixin.py:149} INFO - [2023-06-28T14:18:44.800+0000] {dag.py:3490} INFO - Setting next_dagrun for example_branch_operator to 2023-06-27T00:00:00+00:00, run_after=2023-06-28T00:00:00+00:00
[2023-06-28T14:18:44.882+0000] {processor.py:179} INFO - Processing /home/airflow/.local/lib/python3.7/site-packages/airflow/example_dags/example_branch_operator.py took 0.265 seconds
[2023-06-28T14:19:15.267+0000] {processor.py:157} INFO - Started process (PID=360) to work on /home/airflow/.local/lib/python3.7/site-packages/airflow/example_dags/example_branch_operator.py
[2023-06-28T14:19:15.279+0000] {processor.py:826} INFO - Processing file /home/airflow/.local/lib/python3.7/site-packages/airflow/example_dags/example_branch_operator.py for tasks to queue
[2023-06-28T14:19:15.281+0000] {logging_mixin.py:149} INFO - [2023-06-28T14:19:15.281+0000] {dagbag.py:541} INFO - Filling up the DagBag from /home/airflow/.local/lib/python3.7/site-packages/airflow/example_dags/example_branch_operator.py
[2023-06-28T14:19:15.345+0000] {processor.py:836} INFO - DAG(s) dict_keys(['example_branch_operator']) retrieved from /home/airflow/.local/lib/python3.7/site-packages/airflow/example_dags/example_branch_operator.py
[2023-06-28T14:19:15.455+0000] {logging_mixin.py:149} INFO - [2023-06-28T14:19:15.455+0000] {dag.py:2726} INFO - Sync 1 DAGs
[2023-06-28T14:19:15.526+0000] {logging_mixin.py:149} INFO - [2023-06-28T14:19:15.526+0000] {dag.py:3490} INFO - Setting next_dagrun for example_branch_operator to 2023-06-27T00:00:00+00:00, run_after=2023-06-28T00:00:00+00:00
[2023-06-28T14:19:15.575+0000] {processor.py:179} INFO - Processing /home/airflow/.local/lib/python3.7/site-packages/airflow/example_dags/example_branch_operator.py took 0.314 seconds
[2023-06-28T14:19:46.020+0000] {processor.py:157} INFO - Started process (PID=419) to work on /home/airflow/.local/lib/python3.7/site-packages/airflow/example_dags/example_branch_operator.py
[2023-06-28T14:19:46.037+0000] {processor.py:826} INFO - Processing file /home/airflow/.local/lib/python3.7/site-packages/airflow/example_dags/example_branch_operator.py for tasks to queue
[2023-06-28T14:19:46.042+0000] {logging_mixin.py:149} INFO - [2023-06-28T14:19:46.041+0000] {dagbag.py:541} INFO - Filling up the DagBag from /home/airflow/.local/lib/python3.7/site-packages/airflow/example_dags/example_branch_operator.py
[2023-06-28T14:19:46.093+0000] {processor.py:836} INFO - DAG(s) dict_keys(['example_branch_operator']) retrieved from /home/airflow/.local/lib/python3.7/site-packages/airflow/example_dags/example_branch_operator.py
[2023-06-28T14:19:46.280+0000] {logging_mixin.py:149} INFO - [2023-06-28T14:19:46.279+0000] {dag.py:2726} INFO - Sync 1 DAGs
[2023-06-28T14:19:46.453+0000] {logging_mixin.py:149} INFO - [2023-06-28T14:19:46.453+0000] {dag.py:3490} INFO - Setting next_dagrun for example_branch_operator to 2023-06-27T00:00:00+00:00, run_after=2023-06-28T00:00:00+00:00
[2023-06-28T14:19:46.605+0000] {processor.py:179} INFO - Processing /home/airflow/.local/lib/python3.7/site-packages/airflow/example_dags/example_branch_operator.py took 0.602 seconds
[2023-06-28T14:20:17.345+0000] {processor.py:157} INFO - Started process (PID=478) to work on /home/airflow/.local/lib/python3.7/site-packages/airflow/example_dags/example_branch_operator.py
[2023-06-28T14:20:17.347+0000] {processor.py:826} INFO - Processing file /home/airflow/.local/lib/python3.7/site-packages/airflow/example_dags/example_branch_operator.py for tasks to queue
[2023-06-28T14:20:17.348+0000] {logging_mixin.py:149} INFO - [2023-06-28T14:20:17.348+0000] {dagbag.py:541} INFO - Filling up the DagBag from /home/airflow/.local/lib/python3.7/site-packages/airflow/example_dags/example_branch_operator.py
[2023-06-28T14:20:17.359+0000] {processor.py:836} INFO - DAG(s) dict_keys(['example_branch_operator']) retrieved from /home/airflow/.local/lib/python3.7/site-packages/airflow/example_dags/example_branch_operator.py
[2023-06-28T14:20:17.400+0000] {logging_mixin.py:149} INFO - [2023-06-28T14:20:17.400+0000] {dag.py:2726} INFO - Sync 1 DAGs
[2023-06-28T14:20:17.444+0000] {logging_mixin.py:149} INFO - [2023-06-28T14:20:17.444+0000] {dag.py:3490} INFO - Setting next_dagrun for example_branch_operator to 2023-06-27T00:00:00+00:00, run_after=2023-06-28T00:00:00+00:00
[2023-06-28T14:20:17.478+0000] {processor.py:179} INFO - Processing /home/airflow/.local/lib/python3.7/site-packages/airflow/example_dags/example_branch_operator.py took 0.136 seconds
[2023-06-28T14:20:47.671+0000] {processor.py:157} INFO - Started process (PID=537) to work on /home/airflow/.local/lib/python3.7/site-packages/airflow/example_dags/example_branch_operator.py
[2023-06-28T14:20:47.673+0000] {processor.py:826} INFO - Processing file /home/airflow/.local/lib/python3.7/site-packages/airflow/example_dags/example_branch_operator.py for tasks to queue
[2023-06-28T14:20:47.674+0000] {logging_mixin.py:149} INFO - [2023-06-28T14:20:47.674+0000] {dagbag.py:541} INFO - Filling up the DagBag from /home/airflow/.local/lib/python3.7/site-packages/airflow/example_dags/example_branch_operator.py
[2023-06-28T14:20:47.689+0000] {processor.py:836} INFO - DAG(s) dict_keys(['example_branch_operator']) retrieved from /home/airflow/.local/lib/python3.7/site-packages/airflow/example_dags/example_branch_operator.py
[2023-06-28T14:20:47.729+0000] {logging_mixin.py:149} INFO - [2023-06-28T14:20:47.729+0000] {dag.py:2726} INFO - Sync 1 DAGs
[2023-06-28T14:20:47.765+0000] {logging_mixin.py:149} INFO - [2023-06-28T14:20:47.765+0000] {dag.py:3490} INFO - Setting next_dagrun for example_branch_operator to 2023-06-27T00:00:00+00:00, run_after=2023-06-28T00:00:00+00:00
[2023-06-28T14:20:47.805+0000] {processor.py:179} INFO - Processing /home/airflow/.local/lib/python3.7/site-packages/airflow/example_dags/example_branch_operator.py took 0.139 seconds
[2023-06-28T14:21:18.567+0000] {processor.py:157} INFO - Started process (PID=596) to work on /home/airflow/.local/lib/python3.7/site-packages/airflow/example_dags/example_branch_operator.py
[2023-06-28T14:21:18.568+0000] {processor.py:826} INFO - Processing file /home/airflow/.local/lib/python3.7/site-packages/airflow/example_dags/example_branch_operator.py for tasks to queue
[2023-06-28T14:21:18.570+0000] {logging_mixin.py:149} INFO - [2023-06-28T14:21:18.569+0000] {dagbag.py:541} INFO - Filling up the DagBag from /home/airflow/.local/lib/python3.7/site-packages/airflow/example_dags/example_branch_operator.py
[2023-06-28T14:21:18.584+0000] {processor.py:836} INFO - DAG(s) dict_keys(['example_branch_operator']) retrieved from /home/airflow/.local/lib/python3.7/site-packages/airflow/example_dags/example_branch_operator.py
[2023-06-28T14:21:18.631+0000] {logging_mixin.py:149} INFO - [2023-06-28T14:21:18.631+0000] {dag.py:2726} INFO - Sync 1 DAGs
[2023-06-28T14:21:18.671+0000] {logging_mixin.py:149} INFO - [2023-06-28T14:21:18.671+0000] {dag.py:3490} INFO - Setting next_dagrun for example_branch_operator to 2023-06-27T00:00:00+00:00, run_after=2023-06-28T00:00:00+00:00
[2023-06-28T14:21:18.703+0000] {processor.py:179} INFO - Processing /home/airflow/.local/lib/python3.7/site-packages/airflow/example_dags/example_branch_operator.py took 0.142 seconds
[2023-06-28T14:21:48.783+0000] {processor.py:157} INFO - Started process (PID=656) to work on /home/airflow/.local/lib/python3.7/site-packages/airflow/example_dags/example_branch_operator.py
[2023-06-28T14:21:48.785+0000] {processor.py:826} INFO - Processing file /home/airflow/.local/lib/python3.7/site-packages/airflow/example_dags/example_branch_operator.py for tasks to queue
[2023-06-28T14:21:48.786+0000] {logging_mixin.py:149} INFO - [2023-06-28T14:21:48.786+0000] {dagbag.py:541} INFO - Filling up the DagBag from /home/airflow/.local/lib/python3.7/site-packages/airflow/example_dags/example_branch_operator.py
[2023-06-28T14:21:48.801+0000] {processor.py:836} INFO - DAG(s) dict_keys(['example_branch_operator']) retrieved from /home/airflow/.local/lib/python3.7/site-packages/airflow/example_dags/example_branch_operator.py
[2023-06-28T14:21:48.838+0000] {logging_mixin.py:149} INFO - [2023-06-28T14:21:48.838+0000] {dag.py:2726} INFO - Sync 1 DAGs
[2023-06-28T14:21:48.876+0000] {logging_mixin.py:149} INFO - [2023-06-28T14:21:48.876+0000] {dag.py:3490} INFO - Setting next_dagrun for example_branch_operator to 2023-06-27T00:00:00+00:00, run_after=2023-06-28T00:00:00+00:00
[2023-06-28T14:21:48.921+0000] {processor.py:179} INFO - Processing /home/airflow/.local/lib/python3.7/site-packages/airflow/example_dags/example_branch_operator.py took 0.143 seconds
[2023-06-28T14:22:19.760+0000] {processor.py:157} INFO - Started process (PID=723) to work on /home/airflow/.local/lib/python3.7/site-packages/airflow/example_dags/example_branch_operator.py
[2023-06-28T14:22:19.762+0000] {processor.py:826} INFO - Processing file /home/airflow/.local/lib/python3.7/site-packages/airflow/example_dags/example_branch_operator.py for tasks to queue
[2023-06-28T14:22:19.763+0000] {logging_mixin.py:149} INFO - [2023-06-28T14:22:19.763+0000] {dagbag.py:541} INFO - Filling up the DagBag from /home/airflow/.local/lib/python3.7/site-packages/airflow/example_dags/example_branch_operator.py
[2023-06-28T14:22:19.781+0000] {processor.py:836} INFO - DAG(s) dict_keys(['example_branch_operator']) retrieved from /home/airflow/.local/lib/python3.7/site-packages/airflow/example_dags/example_branch_operator.py
[2023-06-28T14:22:19.830+0000] {logging_mixin.py:149} INFO - [2023-06-28T14:22:19.829+0000] {dag.py:2726} INFO - Sync 1 DAGs
[2023-06-28T14:22:19.880+0000] {logging_mixin.py:149} INFO - [2023-06-28T14:22:19.880+0000] {dag.py:3490} INFO - Setting next_dagrun for example_branch_operator to 2023-06-27T00:00:00+00:00, run_after=2023-06-28T00:00:00+00:00
[2023-06-28T14:22:19.921+0000] {processor.py:179} INFO - Processing /home/airflow/.local/lib/python3.7/site-packages/airflow/example_dags/example_branch_operator.py took 0.166 seconds
[2023-06-28T14:22:50.306+0000] {processor.py:157} INFO - Started process (PID=782) to work on /home/airflow/.local/lib/python3.7/site-packages/airflow/example_dags/example_branch_operator.py
[2023-06-28T14:22:50.308+0000] {processor.py:826} INFO - Processing file /home/airflow/.local/lib/python3.7/site-packages/airflow/example_dags/example_branch_operator.py for tasks to queue
[2023-06-28T14:22:50.311+0000] {logging_mixin.py:149} INFO - [2023-06-28T14:22:50.310+0000] {dagbag.py:541} INFO - Filling up the DagBag from /home/airflow/.local/lib/python3.7/site-packages/airflow/example_dags/example_branch_operator.py
[2023-06-28T14:22:50.345+0000] {processor.py:836} INFO - DAG(s) dict_keys(['example_branch_operator']) retrieved from /home/airflow/.local/lib/python3.7/site-packages/airflow/example_dags/example_branch_operator.py
[2023-06-28T14:22:50.419+0000] {logging_mixin.py:149} INFO - [2023-06-28T14:22:50.418+0000] {dag.py:2726} INFO - Sync 1 DAGs
[2023-06-28T14:22:50.487+0000] {logging_mixin.py:149} INFO - [2023-06-28T14:22:50.486+0000] {dag.py:3490} INFO - Setting next_dagrun for example_branch_operator to 2023-06-27T00:00:00+00:00, run_after=2023-06-28T00:00:00+00:00
[2023-06-28T14:22:50.519+0000] {processor.py:179} INFO - Processing /home/airflow/.local/lib/python3.7/site-packages/airflow/example_dags/example_branch_operator.py took 0.220 seconds
[2023-06-28T14:23:21.511+0000] {processor.py:157} INFO - Started process (PID=842) to work on /home/airflow/.local/lib/python3.7/site-packages/airflow/example_dags/example_branch_operator.py
[2023-06-28T14:23:21.513+0000] {processor.py:826} INFO - Processing file /home/airflow/.local/lib/python3.7/site-packages/airflow/example_dags/example_branch_operator.py for tasks to queue
[2023-06-28T14:23:21.515+0000] {logging_mixin.py:149} INFO - [2023-06-28T14:23:21.515+0000] {dagbag.py:541} INFO - Filling up the DagBag from /home/airflow/.local/lib/python3.7/site-packages/airflow/example_dags/example_branch_operator.py
[2023-06-28T14:23:21.542+0000] {processor.py:836} INFO - DAG(s) dict_keys(['example_branch_operator']) retrieved from /home/airflow/.local/lib/python3.7/site-packages/airflow/example_dags/example_branch_operator.py
[2023-06-28T14:23:21.600+0000] {logging_mixin.py:149} INFO - [2023-06-28T14:23:21.599+0000] {dag.py:2726} INFO - Sync 1 DAGs
[2023-06-28T14:23:21.662+0000] {logging_mixin.py:149} INFO - [2023-06-28T14:23:21.662+0000] {dag.py:3490} INFO - Setting next_dagrun for example_branch_operator to 2023-06-27T00:00:00+00:00, run_after=2023-06-28T00:00:00+00:00
[2023-06-28T14:23:21.709+0000] {processor.py:179} INFO - Processing /home/airflow/.local/lib/python3.7/site-packages/airflow/example_dags/example_branch_operator.py took 0.205 seconds
[2023-06-28T14:23:52.130+0000] {processor.py:157} INFO - Started process (PID=901) to work on /home/airflow/.local/lib/python3.7/site-packages/airflow/example_dags/example_branch_operator.py
[2023-06-28T14:23:52.131+0000] {processor.py:826} INFO - Processing file /home/airflow/.local/lib/python3.7/site-packages/airflow/example_dags/example_branch_operator.py for tasks to queue
[2023-06-28T14:23:52.132+0000] {logging_mixin.py:149} INFO - [2023-06-28T14:23:52.132+0000] {dagbag.py:541} INFO - Filling up the DagBag from /home/airflow/.local/lib/python3.7/site-packages/airflow/example_dags/example_branch_operator.py
[2023-06-28T14:23:52.146+0000] {processor.py:836} INFO - DAG(s) dict_keys(['example_branch_operator']) retrieved from /home/airflow/.local/lib/python3.7/site-packages/airflow/example_dags/example_branch_operator.py
[2023-06-28T14:23:52.183+0000] {logging_mixin.py:149} INFO - [2023-06-28T14:23:52.183+0000] {dag.py:2726} INFO - Sync 1 DAGs
[2023-06-28T14:23:52.225+0000] {logging_mixin.py:149} INFO - [2023-06-28T14:23:52.225+0000] {dag.py:3490} INFO - Setting next_dagrun for example_branch_operator to 2023-06-27T00:00:00+00:00, run_after=2023-06-28T00:00:00+00:00
[2023-06-28T14:23:52.262+0000] {processor.py:179} INFO - Processing /home/airflow/.local/lib/python3.7/site-packages/airflow/example_dags/example_branch_operator.py took 0.137 seconds
[2023-06-28T14:24:23.163+0000] {processor.py:157} INFO - Started process (PID=959) to work on /home/airflow/.local/lib/python3.7/site-packages/airflow/example_dags/example_branch_operator.py
[2023-06-28T14:24:23.164+0000] {processor.py:826} INFO - Processing file /home/airflow/.local/lib/python3.7/site-packages/airflow/example_dags/example_branch_operator.py for tasks to queue
[2023-06-28T14:24:23.166+0000] {logging_mixin.py:149} INFO - [2023-06-28T14:24:23.166+0000] {dagbag.py:541} INFO - Filling up the DagBag from /home/airflow/.local/lib/python3.7/site-packages/airflow/example_dags/example_branch_operator.py
[2023-06-28T14:24:23.178+0000] {processor.py:836} INFO - DAG(s) dict_keys(['example_branch_operator']) retrieved from /home/airflow/.local/lib/python3.7/site-packages/airflow/example_dags/example_branch_operator.py
[2023-06-28T14:24:23.220+0000] {logging_mixin.py:149} INFO - [2023-06-28T14:24:23.219+0000] {dag.py:2726} INFO - Sync 1 DAGs
[2023-06-28T14:24:23.259+0000] {logging_mixin.py:149} INFO - [2023-06-28T14:24:23.259+0000] {dag.py:3490} INFO - Setting next_dagrun for example_branch_operator to 2023-06-27T00:00:00+00:00, run_after=2023-06-28T00:00:00+00:00
[2023-06-28T14:24:23.310+0000] {processor.py:179} INFO - Processing /home/airflow/.local/lib/python3.7/site-packages/airflow/example_dags/example_branch_operator.py took 0.152 seconds
[2023-06-28T14:24:53.384+0000] {processor.py:157} INFO - Started process (PID=1019) to work on /home/airflow/.local/lib/python3.7/site-packages/airflow/example_dags/example_branch_operator.py
[2023-06-28T14:24:53.385+0000] {processor.py:826} INFO - Processing file /home/airflow/.local/lib/python3.7/site-packages/airflow/example_dags/example_branch_operator.py for tasks to queue
[2023-06-28T14:24:53.387+0000] {logging_mixin.py:149} INFO - [2023-06-28T14:24:53.386+0000] {dagbag.py:541} INFO - Filling up the DagBag from /home/airflow/.local/lib/python3.7/site-packages/airflow/example_dags/example_branch_operator.py
[2023-06-28T14:24:53.401+0000] {processor.py:836} INFO - DAG(s) dict_keys(['example_branch_operator']) retrieved from /home/airflow/.local/lib/python3.7/site-packages/airflow/example_dags/example_branch_operator.py
[2023-06-28T14:24:53.440+0000] {logging_mixin.py:149} INFO - [2023-06-28T14:24:53.440+0000] {dag.py:2726} INFO - Sync 1 DAGs
[2023-06-28T14:24:53.484+0000] {logging_mixin.py:149} INFO - [2023-06-28T14:24:53.484+0000] {dag.py:3490} INFO - Setting next_dagrun for example_branch_operator to 2023-06-27T00:00:00+00:00, run_after=2023-06-28T00:00:00+00:00
[2023-06-28T14:24:53.521+0000] {processor.py:179} INFO - Processing /home/airflow/.local/lib/python3.7/site-packages/airflow/example_dags/example_branch_operator.py took 0.141 seconds
[2023-06-28T14:25:23.983+0000] {processor.py:157} INFO - Started process (PID=1077) to work on /home/airflow/.local/lib/python3.7/site-packages/airflow/example_dags/example_branch_operator.py
[2023-06-28T14:25:23.984+0000] {processor.py:826} INFO - Processing file /home/airflow/.local/lib/python3.7/site-packages/airflow/example_dags/example_branch_operator.py for tasks to queue
[2023-06-28T14:25:23.986+0000] {logging_mixin.py:149} INFO - [2023-06-28T14:25:23.985+0000] {dagbag.py:541} INFO - Filling up the DagBag from /home/airflow/.local/lib/python3.7/site-packages/airflow/example_dags/example_branch_operator.py
[2023-06-28T14:25:24.000+0000] {processor.py:836} INFO - DAG(s) dict_keys(['example_branch_operator']) retrieved from /home/airflow/.local/lib/python3.7/site-packages/airflow/example_dags/example_branch_operator.py
[2023-06-28T14:25:24.047+0000] {logging_mixin.py:149} INFO - [2023-06-28T14:25:24.047+0000] {dag.py:2726} INFO - Sync 1 DAGs
[2023-06-28T14:25:24.099+0000] {logging_mixin.py:149} INFO - [2023-06-28T14:25:24.099+0000] {dag.py:3490} INFO - Setting next_dagrun for example_branch_operator to 2023-06-27T00:00:00+00:00, run_after=2023-06-28T00:00:00+00:00
[2023-06-28T14:25:24.136+0000] {processor.py:179} INFO - Processing /home/airflow/.local/lib/python3.7/site-packages/airflow/example_dags/example_branch_operator.py took 0.159 seconds
[2023-06-28T14:25:54.285+0000] {processor.py:157} INFO - Started process (PID=1136) to work on /home/airflow/.local/lib/python3.7/site-packages/airflow/example_dags/example_branch_operator.py
[2023-06-28T14:25:54.287+0000] {processor.py:826} INFO - Processing file /home/airflow/.local/lib/python3.7/site-packages/airflow/example_dags/example_branch_operator.py for tasks to queue
[2023-06-28T14:25:54.288+0000] {logging_mixin.py:149} INFO - [2023-06-28T14:25:54.288+0000] {dagbag.py:541} INFO - Filling up the DagBag from /home/airflow/.local/lib/python3.7/site-packages/airflow/example_dags/example_branch_operator.py
[2023-06-28T14:25:54.300+0000] {processor.py:836} INFO - DAG(s) dict_keys(['example_branch_operator']) retrieved from /home/airflow/.local/lib/python3.7/site-packages/airflow/example_dags/example_branch_operator.py
[2023-06-28T14:25:54.342+0000] {logging_mixin.py:149} INFO - [2023-06-28T14:25:54.342+0000] {dag.py:2726} INFO - Sync 1 DAGs
[2023-06-28T14:25:54.378+0000] {logging_mixin.py:149} INFO - [2023-06-28T14:25:54.378+0000] {dag.py:3490} INFO - Setting next_dagrun for example_branch_operator to 2023-06-27T00:00:00+00:00, run_after=2023-06-28T00:00:00+00:00
[2023-06-28T14:25:54.414+0000] {processor.py:179} INFO - Processing /home/airflow/.local/lib/python3.7/site-packages/airflow/example_dags/example_branch_operator.py took 0.133 seconds
[2023-06-28T14:26:24.475+0000] {processor.py:157} INFO - Started process (PID=1196) to work on /home/airflow/.local/lib/python3.7/site-packages/airflow/example_dags/example_branch_operator.py
[2023-06-28T14:26:24.476+0000] {processor.py:826} INFO - Processing file /home/airflow/.local/lib/python3.7/site-packages/airflow/example_dags/example_branch_operator.py for tasks to queue
[2023-06-28T14:26:24.477+0000] {logging_mixin.py:149} INFO - [2023-06-28T14:26:24.477+0000] {dagbag.py:541} INFO - Filling up the DagBag from /home/airflow/.local/lib/python3.7/site-packages/airflow/example_dags/example_branch_operator.py
[2023-06-28T14:26:24.489+0000] {processor.py:836} INFO - DAG(s) dict_keys(['example_branch_operator']) retrieved from /home/airflow/.local/lib/python3.7/site-packages/airflow/example_dags/example_branch_operator.py
[2023-06-28T14:26:24.530+0000] {logging_mixin.py:149} INFO - [2023-06-28T14:26:24.530+0000] {dag.py:2726} INFO - Sync 1 DAGs
[2023-06-28T14:26:24.574+0000] {logging_mixin.py:149} INFO - [2023-06-28T14:26:24.574+0000] {dag.py:3490} INFO - Setting next_dagrun for example_branch_operator to 2023-06-27T00:00:00+00:00, run_after=2023-06-28T00:00:00+00:00
[2023-06-28T14:26:24.612+0000] {processor.py:179} INFO - Processing /home/airflow/.local/lib/python3.7/site-packages/airflow/example_dags/example_branch_operator.py took 0.141 seconds
[2023-06-28T14:26:54.880+0000] {processor.py:157} INFO - Started process (PID=1255) to work on /home/airflow/.local/lib/python3.7/site-packages/airflow/example_dags/example_branch_operator.py
[2023-06-28T14:26:54.881+0000] {processor.py:826} INFO - Processing file /home/airflow/.local/lib/python3.7/site-packages/airflow/example_dags/example_branch_operator.py for tasks to queue
[2023-06-28T14:26:54.883+0000] {logging_mixin.py:149} INFO - [2023-06-28T14:26:54.882+0000] {dagbag.py:541} INFO - Filling up the DagBag from /home/airflow/.local/lib/python3.7/site-packages/airflow/example_dags/example_branch_operator.py
[2023-06-28T14:26:54.896+0000] {processor.py:836} INFO - DAG(s) dict_keys(['example_branch_operator']) retrieved from /home/airflow/.local/lib/python3.7/site-packages/airflow/example_dags/example_branch_operator.py
[2023-06-28T14:26:54.938+0000] {logging_mixin.py:149} INFO - [2023-06-28T14:26:54.937+0000] {dag.py:2726} INFO - Sync 1 DAGs
[2023-06-28T14:26:54.980+0000] {logging_mixin.py:149} INFO - [2023-06-28T14:26:54.980+0000] {dag.py:3490} INFO - Setting next_dagrun for example_branch_operator to 2023-06-27T00:00:00+00:00, run_after=2023-06-28T00:00:00+00:00
[2023-06-28T14:26:55.021+0000] {processor.py:179} INFO - Processing /home/airflow/.local/lib/python3.7/site-packages/airflow/example_dags/example_branch_operator.py took 0.147 seconds
[2023-06-28T14:27:25.400+0000] {processor.py:157} INFO - Started process (PID=1314) to work on /home/airflow/.local/lib/python3.7/site-packages/airflow/example_dags/example_branch_operator.py
[2023-06-28T14:27:25.401+0000] {processor.py:826} INFO - Processing file /home/airflow/.local/lib/python3.7/site-packages/airflow/example_dags/example_branch_operator.py for tasks to queue
[2023-06-28T14:27:25.403+0000] {logging_mixin.py:149} INFO - [2023-06-28T14:27:25.403+0000] {dagbag.py:541} INFO - Filling up the DagBag from /home/airflow/.local/lib/python3.7/site-packages/airflow/example_dags/example_branch_operator.py
[2023-06-28T14:27:25.430+0000] {processor.py:836} INFO - DAG(s) dict_keys(['example_branch_operator']) retrieved from /home/airflow/.local/lib/python3.7/site-packages/airflow/example_dags/example_branch_operator.py
[2023-06-28T14:27:25.490+0000] {logging_mixin.py:149} INFO - [2023-06-28T14:27:25.490+0000] {dag.py:2726} INFO - Sync 1 DAGs
[2023-06-28T14:27:25.534+0000] {logging_mixin.py:149} INFO - [2023-06-28T14:27:25.534+0000] {dag.py:3490} INFO - Setting next_dagrun for example_branch_operator to 2023-06-27T00:00:00+00:00, run_after=2023-06-28T00:00:00+00:00
[2023-06-28T14:27:25.574+0000] {processor.py:179} INFO - Processing /home/airflow/.local/lib/python3.7/site-packages/airflow/example_dags/example_branch_operator.py took 0.182 seconds
[2023-06-28T14:27:55.824+0000] {processor.py:157} INFO - Started process (PID=1374) to work on /home/airflow/.local/lib/python3.7/site-packages/airflow/example_dags/example_branch_operator.py
[2023-06-28T14:27:55.826+0000] {processor.py:826} INFO - Processing file /home/airflow/.local/lib/python3.7/site-packages/airflow/example_dags/example_branch_operator.py for tasks to queue
[2023-06-28T14:27:55.827+0000] {logging_mixin.py:149} INFO - [2023-06-28T14:27:55.827+0000] {dagbag.py:541} INFO - Filling up the DagBag from /home/airflow/.local/lib/python3.7/site-packages/airflow/example_dags/example_branch_operator.py
[2023-06-28T14:27:55.839+0000] {processor.py:836} INFO - DAG(s) dict_keys(['example_branch_operator']) retrieved from /home/airflow/.local/lib/python3.7/site-packages/airflow/example_dags/example_branch_operator.py
[2023-06-28T14:27:55.882+0000] {logging_mixin.py:149} INFO - [2023-06-28T14:27:55.882+0000] {dag.py:2726} INFO - Sync 1 DAGs
[2023-06-28T14:27:55.917+0000] {logging_mixin.py:149} INFO - [2023-06-28T14:27:55.917+0000] {dag.py:3490} INFO - Setting next_dagrun for example_branch_operator to 2023-06-27T00:00:00+00:00, run_after=2023-06-28T00:00:00+00:00
[2023-06-28T14:27:55.955+0000] {processor.py:179} INFO - Processing /home/airflow/.local/lib/python3.7/site-packages/airflow/example_dags/example_branch_operator.py took 0.136 seconds
[2023-06-28T14:28:26.067+0000] {processor.py:157} INFO - Started process (PID=1432) to work on /home/airflow/.local/lib/python3.7/site-packages/airflow/example_dags/example_branch_operator.py
[2023-06-28T14:28:26.069+0000] {processor.py:826} INFO - Processing file /home/airflow/.local/lib/python3.7/site-packages/airflow/example_dags/example_branch_operator.py for tasks to queue
[2023-06-28T14:28:26.070+0000] {logging_mixin.py:149} INFO - [2023-06-28T14:28:26.070+0000] {dagbag.py:541} INFO - Filling up the DagBag from /home/airflow/.local/lib/python3.7/site-packages/airflow/example_dags/example_branch_operator.py
[2023-06-28T14:28:26.083+0000] {processor.py:836} INFO - DAG(s) dict_keys(['example_branch_operator']) retrieved from /home/airflow/.local/lib/python3.7/site-packages/airflow/example_dags/example_branch_operator.py
[2023-06-28T14:28:26.126+0000] {logging_mixin.py:149} INFO - [2023-06-28T14:28:26.126+0000] {dag.py:2726} INFO - Sync 1 DAGs
[2023-06-28T14:28:26.168+0000] {logging_mixin.py:149} INFO - [2023-06-28T14:28:26.168+0000] {dag.py:3490} INFO - Setting next_dagrun for example_branch_operator to 2023-06-27T00:00:00+00:00, run_after=2023-06-28T00:00:00+00:00
[2023-06-28T14:28:26.210+0000] {processor.py:179} INFO - Processing /home/airflow/.local/lib/python3.7/site-packages/airflow/example_dags/example_branch_operator.py took 0.148 seconds
[2023-06-28T14:28:56.886+0000] {processor.py:157} INFO - Started process (PID=1492) to work on /home/airflow/.local/lib/python3.7/site-packages/airflow/example_dags/example_branch_operator.py
[2023-06-28T14:28:56.888+0000] {processor.py:826} INFO - Processing file /home/airflow/.local/lib/python3.7/site-packages/airflow/example_dags/example_branch_operator.py for tasks to queue
[2023-06-28T14:28:56.889+0000] {logging_mixin.py:149} INFO - [2023-06-28T14:28:56.889+0000] {dagbag.py:541} INFO - Filling up the DagBag from /home/airflow/.local/lib/python3.7/site-packages/airflow/example_dags/example_branch_operator.py
[2023-06-28T14:28:56.905+0000] {processor.py:836} INFO - DAG(s) dict_keys(['example_branch_operator']) retrieved from /home/airflow/.local/lib/python3.7/site-packages/airflow/example_dags/example_branch_operator.py
[2023-06-28T14:28:56.949+0000] {logging_mixin.py:149} INFO - [2023-06-28T14:28:56.948+0000] {dag.py:2726} INFO - Sync 1 DAGs
[2023-06-28T14:28:56.995+0000] {logging_mixin.py:149} INFO - [2023-06-28T14:28:56.995+0000] {dag.py:3490} INFO - Setting next_dagrun for example_branch_operator to 2023-06-27T00:00:00+00:00, run_after=2023-06-28T00:00:00+00:00
[2023-06-28T14:28:57.046+0000] {processor.py:179} INFO - Processing /home/airflow/.local/lib/python3.7/site-packages/airflow/example_dags/example_branch_operator.py took 0.164 seconds
[2023-06-28T14:29:27.408+0000] {processor.py:157} INFO - Started process (PID=1552) to work on /home/airflow/.local/lib/python3.7/site-packages/airflow/example_dags/example_branch_operator.py
[2023-06-28T14:29:27.409+0000] {processor.py:826} INFO - Processing file /home/airflow/.local/lib/python3.7/site-packages/airflow/example_dags/example_branch_operator.py for tasks to queue
[2023-06-28T14:29:27.410+0000] {logging_mixin.py:149} INFO - [2023-06-28T14:29:27.410+0000] {dagbag.py:541} INFO - Filling up the DagBag from /home/airflow/.local/lib/python3.7/site-packages/airflow/example_dags/example_branch_operator.py
[2023-06-28T14:29:27.422+0000] {processor.py:836} INFO - DAG(s) dict_keys(['example_branch_operator']) retrieved from /home/airflow/.local/lib/python3.7/site-packages/airflow/example_dags/example_branch_operator.py
[2023-06-28T14:29:27.466+0000] {logging_mixin.py:149} INFO - [2023-06-28T14:29:27.466+0000] {dag.py:2726} INFO - Sync 1 DAGs
[2023-06-28T14:29:27.504+0000] {logging_mixin.py:149} INFO - [2023-06-28T14:29:27.504+0000] {dag.py:3490} INFO - Setting next_dagrun for example_branch_operator to 2023-06-27T00:00:00+00:00, run_after=2023-06-28T00:00:00+00:00
[2023-06-28T14:29:27.544+0000] {processor.py:179} INFO - Processing /home/airflow/.local/lib/python3.7/site-packages/airflow/example_dags/example_branch_operator.py took 0.141 seconds
[2023-06-28T14:29:57.977+0000] {processor.py:157} INFO - Started process (PID=1611) to work on /home/airflow/.local/lib/python3.7/site-packages/airflow/example_dags/example_branch_operator.py
[2023-06-28T14:29:57.978+0000] {processor.py:826} INFO - Processing file /home/airflow/.local/lib/python3.7/site-packages/airflow/example_dags/example_branch_operator.py for tasks to queue
[2023-06-28T14:29:57.980+0000] {logging_mixin.py:149} INFO - [2023-06-28T14:29:57.979+0000] {dagbag.py:541} INFO - Filling up the DagBag from /home/airflow/.local/lib/python3.7/site-packages/airflow/example_dags/example_branch_operator.py
[2023-06-28T14:29:57.996+0000] {processor.py:836} INFO - DAG(s) dict_keys(['example_branch_operator']) retrieved from /home/airflow/.local/lib/python3.7/site-packages/airflow/example_dags/example_branch_operator.py
[2023-06-28T14:29:58.035+0000] {logging_mixin.py:149} INFO - [2023-06-28T14:29:58.035+0000] {dag.py:2726} INFO - Sync 1 DAGs
[2023-06-28T14:29:58.080+0000] {logging_mixin.py:149} INFO - [2023-06-28T14:29:58.080+0000] {dag.py:3490} INFO - Setting next_dagrun for example_branch_operator to 2023-06-27T00:00:00+00:00, run_after=2023-06-28T00:00:00+00:00
[2023-06-28T14:29:58.115+0000] {processor.py:179} INFO - Processing /home/airflow/.local/lib/python3.7/site-packages/airflow/example_dags/example_branch_operator.py took 0.143 seconds
[2023-06-28T14:30:28.527+0000] {processor.py:157} INFO - Started process (PID=1670) to work on /home/airflow/.local/lib/python3.7/site-packages/airflow/example_dags/example_branch_operator.py
[2023-06-28T14:30:28.529+0000] {processor.py:826} INFO - Processing file /home/airflow/.local/lib/python3.7/site-packages/airflow/example_dags/example_branch_operator.py for tasks to queue
[2023-06-28T14:30:28.530+0000] {logging_mixin.py:149} INFO - [2023-06-28T14:30:28.530+0000] {dagbag.py:541} INFO - Filling up the DagBag from /home/airflow/.local/lib/python3.7/site-packages/airflow/example_dags/example_branch_operator.py
[2023-06-28T14:30:28.542+0000] {processor.py:836} INFO - DAG(s) dict_keys(['example_branch_operator']) retrieved from /home/airflow/.local/lib/python3.7/site-packages/airflow/example_dags/example_branch_operator.py
[2023-06-28T14:30:28.583+0000] {logging_mixin.py:149} INFO - [2023-06-28T14:30:28.582+0000] {dag.py:2726} INFO - Sync 1 DAGs
[2023-06-28T14:30:28.624+0000] {logging_mixin.py:149} INFO - [2023-06-28T14:30:28.624+0000] {dag.py:3490} INFO - Setting next_dagrun for example_branch_operator to 2023-06-27T00:00:00+00:00, run_after=2023-06-28T00:00:00+00:00
[2023-06-28T14:30:28.657+0000] {processor.py:179} INFO - Processing /home/airflow/.local/lib/python3.7/site-packages/airflow/example_dags/example_branch_operator.py took 0.136 seconds
[2023-06-28T14:30:59.217+0000] {processor.py:157} INFO - Started process (PID=1729) to work on /home/airflow/.local/lib/python3.7/site-packages/airflow/example_dags/example_branch_operator.py
[2023-06-28T14:30:59.218+0000] {processor.py:826} INFO - Processing file /home/airflow/.local/lib/python3.7/site-packages/airflow/example_dags/example_branch_operator.py for tasks to queue
[2023-06-28T14:30:59.220+0000] {logging_mixin.py:149} INFO - [2023-06-28T14:30:59.219+0000] {dagbag.py:541} INFO - Filling up the DagBag from /home/airflow/.local/lib/python3.7/site-packages/airflow/example_dags/example_branch_operator.py
[2023-06-28T14:30:59.231+0000] {processor.py:836} INFO - DAG(s) dict_keys(['example_branch_operator']) retrieved from /home/airflow/.local/lib/python3.7/site-packages/airflow/example_dags/example_branch_operator.py
[2023-06-28T14:30:59.271+0000] {logging_mixin.py:149} INFO - [2023-06-28T14:30:59.271+0000] {dag.py:2726} INFO - Sync 1 DAGs
[2023-06-28T14:30:59.313+0000] {logging_mixin.py:149} INFO - [2023-06-28T14:30:59.312+0000] {dag.py:3490} INFO - Setting next_dagrun for example_branch_operator to 2023-06-27T00:00:00+00:00, run_after=2023-06-28T00:00:00+00:00
[2023-06-28T14:30:59.347+0000] {processor.py:179} INFO - Processing /home/airflow/.local/lib/python3.7/site-packages/airflow/example_dags/example_branch_operator.py took 0.135 seconds
[2023-06-28T14:31:29.596+0000] {processor.py:157} INFO - Started process (PID=1789) to work on /home/airflow/.local/lib/python3.7/site-packages/airflow/example_dags/example_branch_operator.py
[2023-06-28T14:31:29.597+0000] {processor.py:826} INFO - Processing file /home/airflow/.local/lib/python3.7/site-packages/airflow/example_dags/example_branch_operator.py for tasks to queue
[2023-06-28T14:31:29.599+0000] {logging_mixin.py:149} INFO - [2023-06-28T14:31:29.599+0000] {dagbag.py:541} INFO - Filling up the DagBag from /home/airflow/.local/lib/python3.7/site-packages/airflow/example_dags/example_branch_operator.py
[2023-06-28T14:31:29.619+0000] {processor.py:836} INFO - DAG(s) dict_keys(['example_branch_operator']) retrieved from /home/airflow/.local/lib/python3.7/site-packages/airflow/example_dags/example_branch_operator.py
[2023-06-28T14:31:29.662+0000] {logging_mixin.py:149} INFO - [2023-06-28T14:31:29.662+0000] {dag.py:2726} INFO - Sync 1 DAGs
[2023-06-28T14:31:29.710+0000] {logging_mixin.py:149} INFO - [2023-06-28T14:31:29.709+0000] {dag.py:3490} INFO - Setting next_dagrun for example_branch_operator to 2023-06-27T00:00:00+00:00, run_after=2023-06-28T00:00:00+00:00
[2023-06-28T14:31:29.750+0000] {processor.py:179} INFO - Processing /home/airflow/.local/lib/python3.7/site-packages/airflow/example_dags/example_branch_operator.py took 0.162 seconds
[2023-06-28T14:31:59.846+0000] {processor.py:157} INFO - Started process (PID=1847) to work on /home/airflow/.local/lib/python3.7/site-packages/airflow/example_dags/example_branch_operator.py
[2023-06-28T14:31:59.847+0000] {processor.py:826} INFO - Processing file /home/airflow/.local/lib/python3.7/site-packages/airflow/example_dags/example_branch_operator.py for tasks to queue
[2023-06-28T14:31:59.848+0000] {logging_mixin.py:149} INFO - [2023-06-28T14:31:59.848+0000] {dagbag.py:541} INFO - Filling up the DagBag from /home/airflow/.local/lib/python3.7/site-packages/airflow/example_dags/example_branch_operator.py
[2023-06-28T14:31:59.860+0000] {processor.py:836} INFO - DAG(s) dict_keys(['example_branch_operator']) retrieved from /home/airflow/.local/lib/python3.7/site-packages/airflow/example_dags/example_branch_operator.py
[2023-06-28T14:31:59.905+0000] {logging_mixin.py:149} INFO - [2023-06-28T14:31:59.905+0000] {dag.py:2726} INFO - Sync 1 DAGs
[2023-06-28T14:31:59.942+0000] {logging_mixin.py:149} INFO - [2023-06-28T14:31:59.942+0000] {dag.py:3490} INFO - Setting next_dagrun for example_branch_operator to 2023-06-27T00:00:00+00:00, run_after=2023-06-28T00:00:00+00:00
[2023-06-28T14:31:59.973+0000] {processor.py:179} INFO - Processing /home/airflow/.local/lib/python3.7/site-packages/airflow/example_dags/example_branch_operator.py took 0.131 seconds
[2023-06-28T14:32:30.045+0000] {processor.py:157} INFO - Started process (PID=1905) to work on /home/airflow/.local/lib/python3.7/site-packages/airflow/example_dags/example_branch_operator.py
[2023-06-28T14:32:30.046+0000] {processor.py:826} INFO - Processing file /home/airflow/.local/lib/python3.7/site-packages/airflow/example_dags/example_branch_operator.py for tasks to queue
[2023-06-28T14:32:30.048+0000] {logging_mixin.py:149} INFO - [2023-06-28T14:32:30.048+0000] {dagbag.py:541} INFO - Filling up the DagBag from /home/airflow/.local/lib/python3.7/site-packages/airflow/example_dags/example_branch_operator.py
[2023-06-28T14:32:30.062+0000] {processor.py:836} INFO - DAG(s) dict_keys(['example_branch_operator']) retrieved from /home/airflow/.local/lib/python3.7/site-packages/airflow/example_dags/example_branch_operator.py
[2023-06-28T14:32:30.104+0000] {logging_mixin.py:149} INFO - [2023-06-28T14:32:30.104+0000] {dag.py:2726} INFO - Sync 1 DAGs
[2023-06-28T14:32:30.152+0000] {logging_mixin.py:149} INFO - [2023-06-28T14:32:30.152+0000] {dag.py:3490} INFO - Setting next_dagrun for example_branch_operator to 2023-06-27T00:00:00+00:00, run_after=2023-06-28T00:00:00+00:00
[2023-06-28T14:32:30.207+0000] {processor.py:179} INFO - Processing /home/airflow/.local/lib/python3.7/site-packages/airflow/example_dags/example_branch_operator.py took 0.167 seconds
[2023-06-28T14:33:01.088+0000] {processor.py:157} INFO - Started process (PID=1963) to work on /home/airflow/.local/lib/python3.7/site-packages/airflow/example_dags/example_branch_operator.py
[2023-06-28T14:33:01.090+0000] {processor.py:826} INFO - Processing file /home/airflow/.local/lib/python3.7/site-packages/airflow/example_dags/example_branch_operator.py for tasks to queue
[2023-06-28T14:33:01.093+0000] {logging_mixin.py:149} INFO - [2023-06-28T14:33:01.092+0000] {dagbag.py:541} INFO - Filling up the DagBag from /home/airflow/.local/lib/python3.7/site-packages/airflow/example_dags/example_branch_operator.py
[2023-06-28T14:33:01.111+0000] {processor.py:836} INFO - DAG(s) dict_keys(['example_branch_operator']) retrieved from /home/airflow/.local/lib/python3.7/site-packages/airflow/example_dags/example_branch_operator.py
[2023-06-28T14:33:01.163+0000] {logging_mixin.py:149} INFO - [2023-06-28T14:33:01.162+0000] {dag.py:2726} INFO - Sync 1 DAGs
[2023-06-28T14:33:01.217+0000] {logging_mixin.py:149} INFO - [2023-06-28T14:33:01.217+0000] {dag.py:3490} INFO - Setting next_dagrun for example_branch_operator to 2023-06-27T00:00:00+00:00, run_after=2023-06-28T00:00:00+00:00
[2023-06-28T14:33:01.265+0000] {processor.py:179} INFO - Processing /home/airflow/.local/lib/python3.7/site-packages/airflow/example_dags/example_branch_operator.py took 0.182 seconds
[2023-06-28T14:33:31.397+0000] {processor.py:157} INFO - Started process (PID=2022) to work on /home/airflow/.local/lib/python3.7/site-packages/airflow/example_dags/example_branch_operator.py
[2023-06-28T14:33:31.400+0000] {processor.py:826} INFO - Processing file /home/airflow/.local/lib/python3.7/site-packages/airflow/example_dags/example_branch_operator.py for tasks to queue
[2023-06-28T14:33:31.405+0000] {logging_mixin.py:149} INFO - [2023-06-28T14:33:31.404+0000] {dagbag.py:541} INFO - Filling up the DagBag from /home/airflow/.local/lib/python3.7/site-packages/airflow/example_dags/example_branch_operator.py
[2023-06-28T14:33:31.427+0000] {processor.py:836} INFO - DAG(s) dict_keys(['example_branch_operator']) retrieved from /home/airflow/.local/lib/python3.7/site-packages/airflow/example_dags/example_branch_operator.py
[2023-06-28T14:33:31.482+0000] {logging_mixin.py:149} INFO - [2023-06-28T14:33:31.481+0000] {dag.py:2726} INFO - Sync 1 DAGs
[2023-06-28T14:33:31.600+0000] {logging_mixin.py:149} INFO - [2023-06-28T14:33:31.599+0000] {dag.py:3490} INFO - Setting next_dagrun for example_branch_operator to 2023-06-27T00:00:00+00:00, run_after=2023-06-28T00:00:00+00:00
[2023-06-28T14:33:31.716+0000] {processor.py:179} INFO - Processing /home/airflow/.local/lib/python3.7/site-packages/airflow/example_dags/example_branch_operator.py took 0.324 seconds
[2023-06-28T14:34:01.899+0000] {processor.py:157} INFO - Started process (PID=2081) to work on /home/airflow/.local/lib/python3.7/site-packages/airflow/example_dags/example_branch_operator.py
[2023-06-28T14:34:01.900+0000] {processor.py:826} INFO - Processing file /home/airflow/.local/lib/python3.7/site-packages/airflow/example_dags/example_branch_operator.py for tasks to queue
[2023-06-28T14:34:01.902+0000] {logging_mixin.py:149} INFO - [2023-06-28T14:34:01.902+0000] {dagbag.py:541} INFO - Filling up the DagBag from /home/airflow/.local/lib/python3.7/site-packages/airflow/example_dags/example_branch_operator.py
[2023-06-28T14:34:01.918+0000] {processor.py:836} INFO - DAG(s) dict_keys(['example_branch_operator']) retrieved from /home/airflow/.local/lib/python3.7/site-packages/airflow/example_dags/example_branch_operator.py
[2023-06-28T14:34:01.955+0000] {logging_mixin.py:149} INFO - [2023-06-28T14:34:01.955+0000] {dag.py:2726} INFO - Sync 1 DAGs
[2023-06-28T14:34:01.993+0000] {logging_mixin.py:149} INFO - [2023-06-28T14:34:01.993+0000] {dag.py:3490} INFO - Setting next_dagrun for example_branch_operator to 2023-06-27T00:00:00+00:00, run_after=2023-06-28T00:00:00+00:00
[2023-06-28T14:34:02.040+0000] {processor.py:179} INFO - Processing /home/airflow/.local/lib/python3.7/site-packages/airflow/example_dags/example_branch_operator.py took 0.147 seconds
[2023-06-28T14:34:32.630+0000] {processor.py:157} INFO - Started process (PID=2140) to work on /home/airflow/.local/lib/python3.7/site-packages/airflow/example_dags/example_branch_operator.py
[2023-06-28T14:34:32.631+0000] {processor.py:826} INFO - Processing file /home/airflow/.local/lib/python3.7/site-packages/airflow/example_dags/example_branch_operator.py for tasks to queue
[2023-06-28T14:34:32.632+0000] {logging_mixin.py:149} INFO - [2023-06-28T14:34:32.632+0000] {dagbag.py:541} INFO - Filling up the DagBag from /home/airflow/.local/lib/python3.7/site-packages/airflow/example_dags/example_branch_operator.py
[2023-06-28T14:34:32.645+0000] {processor.py:836} INFO - DAG(s) dict_keys(['example_branch_operator']) retrieved from /home/airflow/.local/lib/python3.7/site-packages/airflow/example_dags/example_branch_operator.py
[2023-06-28T14:34:32.683+0000] {logging_mixin.py:149} INFO - [2023-06-28T14:34:32.683+0000] {dag.py:2726} INFO - Sync 1 DAGs
[2023-06-28T14:34:32.730+0000] {logging_mixin.py:149} INFO - [2023-06-28T14:34:32.730+0000] {dag.py:3490} INFO - Setting next_dagrun for example_branch_operator to 2023-06-27T00:00:00+00:00, run_after=2023-06-28T00:00:00+00:00
[2023-06-28T14:34:32.764+0000] {processor.py:179} INFO - Processing /home/airflow/.local/lib/python3.7/site-packages/airflow/example_dags/example_branch_operator.py took 0.138 seconds
[2023-06-28T14:35:02.828+0000] {processor.py:157} INFO - Started process (PID=2200) to work on /home/airflow/.local/lib/python3.7/site-packages/airflow/example_dags/example_branch_operator.py
[2023-06-28T14:35:02.829+0000] {processor.py:826} INFO - Processing file /home/airflow/.local/lib/python3.7/site-packages/airflow/example_dags/example_branch_operator.py for tasks to queue
[2023-06-28T14:35:02.831+0000] {logging_mixin.py:149} INFO - [2023-06-28T14:35:02.830+0000] {dagbag.py:541} INFO - Filling up the DagBag from /home/airflow/.local/lib/python3.7/site-packages/airflow/example_dags/example_branch_operator.py
[2023-06-28T14:35:02.846+0000] {processor.py:836} INFO - DAG(s) dict_keys(['example_branch_operator']) retrieved from /home/airflow/.local/lib/python3.7/site-packages/airflow/example_dags/example_branch_operator.py
[2023-06-28T14:35:02.887+0000] {logging_mixin.py:149} INFO - [2023-06-28T14:35:02.886+0000] {dag.py:2726} INFO - Sync 1 DAGs
[2023-06-28T14:35:02.926+0000] {logging_mixin.py:149} INFO - [2023-06-28T14:35:02.926+0000] {dag.py:3490} INFO - Setting next_dagrun for example_branch_operator to 2023-06-27T00:00:00+00:00, run_after=2023-06-28T00:00:00+00:00
[2023-06-28T14:35:02.960+0000] {processor.py:179} INFO - Processing /home/airflow/.local/lib/python3.7/site-packages/airflow/example_dags/example_branch_operator.py took 0.138 seconds
[2023-06-28T14:35:33.079+0000] {processor.py:157} INFO - Started process (PID=2254) to work on /home/airflow/.local/lib/python3.7/site-packages/airflow/example_dags/example_branch_operator.py
[2023-06-28T14:35:33.080+0000] {processor.py:826} INFO - Processing file /home/airflow/.local/lib/python3.7/site-packages/airflow/example_dags/example_branch_operator.py for tasks to queue
[2023-06-28T14:35:33.082+0000] {logging_mixin.py:149} INFO - [2023-06-28T14:35:33.081+0000] {dagbag.py:541} INFO - Filling up the DagBag from /home/airflow/.local/lib/python3.7/site-packages/airflow/example_dags/example_branch_operator.py
[2023-06-28T14:35:33.097+0000] {processor.py:836} INFO - DAG(s) dict_keys(['example_branch_operator']) retrieved from /home/airflow/.local/lib/python3.7/site-packages/airflow/example_dags/example_branch_operator.py
[2023-06-28T14:35:33.141+0000] {logging_mixin.py:149} INFO - [2023-06-28T14:35:33.141+0000] {dag.py:2726} INFO - Sync 1 DAGs
[2023-06-28T14:35:33.193+0000] {logging_mixin.py:149} INFO - [2023-06-28T14:35:33.193+0000] {dag.py:3490} INFO - Setting next_dagrun for example_branch_operator to 2023-06-27T00:00:00+00:00, run_after=2023-06-28T00:00:00+00:00
[2023-06-28T14:35:33.232+0000] {processor.py:179} INFO - Processing /home/airflow/.local/lib/python3.7/site-packages/airflow/example_dags/example_branch_operator.py took 0.158 seconds
[2023-06-28T14:36:03.412+0000] {processor.py:157} INFO - Started process (PID=2314) to work on /home/airflow/.local/lib/python3.7/site-packages/airflow/example_dags/example_branch_operator.py
[2023-06-28T14:36:03.413+0000] {processor.py:826} INFO - Processing file /home/airflow/.local/lib/python3.7/site-packages/airflow/example_dags/example_branch_operator.py for tasks to queue
[2023-06-28T14:36:03.415+0000] {logging_mixin.py:149} INFO - [2023-06-28T14:36:03.415+0000] {dagbag.py:541} INFO - Filling up the DagBag from /home/airflow/.local/lib/python3.7/site-packages/airflow/example_dags/example_branch_operator.py
[2023-06-28T14:36:03.427+0000] {processor.py:836} INFO - DAG(s) dict_keys(['example_branch_operator']) retrieved from /home/airflow/.local/lib/python3.7/site-packages/airflow/example_dags/example_branch_operator.py
[2023-06-28T14:36:03.466+0000] {logging_mixin.py:149} INFO - [2023-06-28T14:36:03.465+0000] {dag.py:2726} INFO - Sync 1 DAGs
[2023-06-28T14:36:03.508+0000] {logging_mixin.py:149} INFO - [2023-06-28T14:36:03.507+0000] {dag.py:3490} INFO - Setting next_dagrun for example_branch_operator to 2023-06-27T00:00:00+00:00, run_after=2023-06-28T00:00:00+00:00
[2023-06-28T14:36:03.542+0000] {processor.py:179} INFO - Processing /home/airflow/.local/lib/python3.7/site-packages/airflow/example_dags/example_branch_operator.py took 0.134 seconds
[2023-06-28T14:36:33.783+0000] {processor.py:157} INFO - Started process (PID=2373) to work on /home/airflow/.local/lib/python3.7/site-packages/airflow/example_dags/example_branch_operator.py
[2023-06-28T14:36:33.785+0000] {processor.py:826} INFO - Processing file /home/airflow/.local/lib/python3.7/site-packages/airflow/example_dags/example_branch_operator.py for tasks to queue
[2023-06-28T14:36:33.787+0000] {logging_mixin.py:149} INFO - [2023-06-28T14:36:33.786+0000] {dagbag.py:541} INFO - Filling up the DagBag from /home/airflow/.local/lib/python3.7/site-packages/airflow/example_dags/example_branch_operator.py
[2023-06-28T14:36:33.798+0000] {processor.py:836} INFO - DAG(s) dict_keys(['example_branch_operator']) retrieved from /home/airflow/.local/lib/python3.7/site-packages/airflow/example_dags/example_branch_operator.py
[2023-06-28T14:36:33.837+0000] {logging_mixin.py:149} INFO - [2023-06-28T14:36:33.837+0000] {dag.py:2726} INFO - Sync 1 DAGs
[2023-06-28T14:36:33.880+0000] {logging_mixin.py:149} INFO - [2023-06-28T14:36:33.880+0000] {dag.py:3490} INFO - Setting next_dagrun for example_branch_operator to 2023-06-27T00:00:00+00:00, run_after=2023-06-28T00:00:00+00:00
[2023-06-28T14:36:33.929+0000] {processor.py:179} INFO - Processing /home/airflow/.local/lib/python3.7/site-packages/airflow/example_dags/example_branch_operator.py took 0.150 seconds
[2023-06-28T14:37:04.227+0000] {processor.py:157} INFO - Started process (PID=2432) to work on /home/airflow/.local/lib/python3.7/site-packages/airflow/example_dags/example_branch_operator.py
[2023-06-28T14:37:04.228+0000] {processor.py:826} INFO - Processing file /home/airflow/.local/lib/python3.7/site-packages/airflow/example_dags/example_branch_operator.py for tasks to queue
[2023-06-28T14:37:04.230+0000] {logging_mixin.py:149} INFO - [2023-06-28T14:37:04.229+0000] {dagbag.py:541} INFO - Filling up the DagBag from /home/airflow/.local/lib/python3.7/site-packages/airflow/example_dags/example_branch_operator.py
[2023-06-28T14:37:04.243+0000] {processor.py:836} INFO - DAG(s) dict_keys(['example_branch_operator']) retrieved from /home/airflow/.local/lib/python3.7/site-packages/airflow/example_dags/example_branch_operator.py
[2023-06-28T14:37:04.281+0000] {logging_mixin.py:149} INFO - [2023-06-28T14:37:04.281+0000] {dag.py:2726} INFO - Sync 1 DAGs
[2023-06-28T14:37:04.328+0000] {logging_mixin.py:149} INFO - [2023-06-28T14:37:04.327+0000] {dag.py:3490} INFO - Setting next_dagrun for example_branch_operator to 2023-06-27T00:00:00+00:00, run_after=2023-06-28T00:00:00+00:00
[2023-06-28T14:37:04.375+0000] {processor.py:179} INFO - Processing /home/airflow/.local/lib/python3.7/site-packages/airflow/example_dags/example_branch_operator.py took 0.154 seconds
[2023-06-28T14:37:34.514+0000] {processor.py:157} INFO - Started process (PID=2491) to work on /home/airflow/.local/lib/python3.7/site-packages/airflow/example_dags/example_branch_operator.py
[2023-06-28T14:37:34.516+0000] {processor.py:826} INFO - Processing file /home/airflow/.local/lib/python3.7/site-packages/airflow/example_dags/example_branch_operator.py for tasks to queue
[2023-06-28T14:37:34.517+0000] {logging_mixin.py:149} INFO - [2023-06-28T14:37:34.517+0000] {dagbag.py:541} INFO - Filling up the DagBag from /home/airflow/.local/lib/python3.7/site-packages/airflow/example_dags/example_branch_operator.py
[2023-06-28T14:37:34.533+0000] {processor.py:836} INFO - DAG(s) dict_keys(['example_branch_operator']) retrieved from /home/airflow/.local/lib/python3.7/site-packages/airflow/example_dags/example_branch_operator.py
[2023-06-28T14:37:34.570+0000] {logging_mixin.py:149} INFO - [2023-06-28T14:37:34.569+0000] {dag.py:2726} INFO - Sync 1 DAGs
[2023-06-28T14:37:34.616+0000] {logging_mixin.py:149} INFO - [2023-06-28T14:37:34.615+0000] {dag.py:3490} INFO - Setting next_dagrun for example_branch_operator to 2023-06-27T00:00:00+00:00, run_after=2023-06-28T00:00:00+00:00
[2023-06-28T14:37:34.652+0000] {processor.py:179} INFO - Processing /home/airflow/.local/lib/python3.7/site-packages/airflow/example_dags/example_branch_operator.py took 0.143 seconds
[2023-06-28T14:38:04.869+0000] {processor.py:157} INFO - Started process (PID=2551) to work on /home/airflow/.local/lib/python3.7/site-packages/airflow/example_dags/example_branch_operator.py
[2023-06-28T14:38:04.871+0000] {processor.py:826} INFO - Processing file /home/airflow/.local/lib/python3.7/site-packages/airflow/example_dags/example_branch_operator.py for tasks to queue
[2023-06-28T14:38:04.872+0000] {logging_mixin.py:149} INFO - [2023-06-28T14:38:04.872+0000] {dagbag.py:541} INFO - Filling up the DagBag from /home/airflow/.local/lib/python3.7/site-packages/airflow/example_dags/example_branch_operator.py
[2023-06-28T14:38:04.887+0000] {processor.py:836} INFO - DAG(s) dict_keys(['example_branch_operator']) retrieved from /home/airflow/.local/lib/python3.7/site-packages/airflow/example_dags/example_branch_operator.py
[2023-06-28T14:38:04.926+0000] {logging_mixin.py:149} INFO - [2023-06-28T14:38:04.926+0000] {dag.py:2726} INFO - Sync 1 DAGs
[2023-06-28T14:38:04.969+0000] {logging_mixin.py:149} INFO - [2023-06-28T14:38:04.969+0000] {dag.py:3490} INFO - Setting next_dagrun for example_branch_operator to 2023-06-27T00:00:00+00:00, run_after=2023-06-28T00:00:00+00:00
[2023-06-28T14:38:05.006+0000] {processor.py:179} INFO - Processing /home/airflow/.local/lib/python3.7/site-packages/airflow/example_dags/example_branch_operator.py took 0.143 seconds
[2023-06-28T14:38:35.363+0000] {processor.py:157} INFO - Started process (PID=2610) to work on /home/airflow/.local/lib/python3.7/site-packages/airflow/example_dags/example_branch_operator.py
[2023-06-28T14:38:35.365+0000] {processor.py:826} INFO - Processing file /home/airflow/.local/lib/python3.7/site-packages/airflow/example_dags/example_branch_operator.py for tasks to queue
[2023-06-28T14:38:35.367+0000] {logging_mixin.py:149} INFO - [2023-06-28T14:38:35.366+0000] {dagbag.py:541} INFO - Filling up the DagBag from /home/airflow/.local/lib/python3.7/site-packages/airflow/example_dags/example_branch_operator.py
[2023-06-28T14:38:35.385+0000] {processor.py:836} INFO - DAG(s) dict_keys(['example_branch_operator']) retrieved from /home/airflow/.local/lib/python3.7/site-packages/airflow/example_dags/example_branch_operator.py
[2023-06-28T14:38:35.439+0000] {logging_mixin.py:149} INFO - [2023-06-28T14:38:35.439+0000] {dag.py:2726} INFO - Sync 1 DAGs
[2023-06-28T14:38:35.501+0000] {logging_mixin.py:149} INFO - [2023-06-28T14:38:35.501+0000] {dag.py:3490} INFO - Setting next_dagrun for example_branch_operator to 2023-06-27T00:00:00+00:00, run_after=2023-06-28T00:00:00+00:00
[2023-06-28T14:38:35.559+0000] {processor.py:179} INFO - Processing /home/airflow/.local/lib/python3.7/site-packages/airflow/example_dags/example_branch_operator.py took 0.201 seconds
[2023-06-28T14:39:05.861+0000] {processor.py:157} INFO - Started process (PID=2669) to work on /home/airflow/.local/lib/python3.7/site-packages/airflow/example_dags/example_branch_operator.py
[2023-06-28T14:39:05.863+0000] {processor.py:826} INFO - Processing file /home/airflow/.local/lib/python3.7/site-packages/airflow/example_dags/example_branch_operator.py for tasks to queue
[2023-06-28T14:39:05.865+0000] {logging_mixin.py:149} INFO - [2023-06-28T14:39:05.864+0000] {dagbag.py:541} INFO - Filling up the DagBag from /home/airflow/.local/lib/python3.7/site-packages/airflow/example_dags/example_branch_operator.py
[2023-06-28T14:39:05.881+0000] {processor.py:836} INFO - DAG(s) dict_keys(['example_branch_operator']) retrieved from /home/airflow/.local/lib/python3.7/site-packages/airflow/example_dags/example_branch_operator.py
[2023-06-28T14:39:05.921+0000] {logging_mixin.py:149} INFO - [2023-06-28T14:39:05.921+0000] {dag.py:2726} INFO - Sync 1 DAGs
[2023-06-28T14:39:05.961+0000] {logging_mixin.py:149} INFO - [2023-06-28T14:39:05.961+0000] {dag.py:3490} INFO - Setting next_dagrun for example_branch_operator to 2023-06-27T00:00:00+00:00, run_after=2023-06-28T00:00:00+00:00
[2023-06-28T14:39:06.007+0000] {processor.py:179} INFO - Processing /home/airflow/.local/lib/python3.7/site-packages/airflow/example_dags/example_branch_operator.py took 0.151 seconds
[2023-06-28T14:39:36.538+0000] {processor.py:157} INFO - Started process (PID=2728) to work on /home/airflow/.local/lib/python3.7/site-packages/airflow/example_dags/example_branch_operator.py
[2023-06-28T14:39:36.541+0000] {processor.py:826} INFO - Processing file /home/airflow/.local/lib/python3.7/site-packages/airflow/example_dags/example_branch_operator.py for tasks to queue
[2023-06-28T14:39:36.545+0000] {logging_mixin.py:149} INFO - [2023-06-28T14:39:36.545+0000] {dagbag.py:541} INFO - Filling up the DagBag from /home/airflow/.local/lib/python3.7/site-packages/airflow/example_dags/example_branch_operator.py
[2023-06-28T14:39:36.568+0000] {processor.py:836} INFO - DAG(s) dict_keys(['example_branch_operator']) retrieved from /home/airflow/.local/lib/python3.7/site-packages/airflow/example_dags/example_branch_operator.py
[2023-06-28T14:39:36.641+0000] {logging_mixin.py:149} INFO - [2023-06-28T14:39:36.640+0000] {dag.py:2726} INFO - Sync 1 DAGs
[2023-06-28T14:39:36.710+0000] {logging_mixin.py:149} INFO - [2023-06-28T14:39:36.710+0000] {dag.py:3490} INFO - Setting next_dagrun for example_branch_operator to 2023-06-27T00:00:00+00:00, run_after=2023-06-28T00:00:00+00:00
[2023-06-28T14:39:36.785+0000] {processor.py:179} INFO - Processing /home/airflow/.local/lib/python3.7/site-packages/airflow/example_dags/example_branch_operator.py took 0.254 seconds
[2023-06-28T14:40:07.024+0000] {processor.py:157} INFO - Started process (PID=2788) to work on /home/airflow/.local/lib/python3.7/site-packages/airflow/example_dags/example_branch_operator.py
[2023-06-28T14:40:07.027+0000] {processor.py:826} INFO - Processing file /home/airflow/.local/lib/python3.7/site-packages/airflow/example_dags/example_branch_operator.py for tasks to queue
[2023-06-28T14:40:07.029+0000] {logging_mixin.py:149} INFO - [2023-06-28T14:40:07.029+0000] {dagbag.py:541} INFO - Filling up the DagBag from /home/airflow/.local/lib/python3.7/site-packages/airflow/example_dags/example_branch_operator.py
[2023-06-28T14:40:07.048+0000] {processor.py:836} INFO - DAG(s) dict_keys(['example_branch_operator']) retrieved from /home/airflow/.local/lib/python3.7/site-packages/airflow/example_dags/example_branch_operator.py
[2023-06-28T14:40:07.096+0000] {logging_mixin.py:149} INFO - [2023-06-28T14:40:07.096+0000] {dag.py:2726} INFO - Sync 1 DAGs
[2023-06-28T14:40:07.180+0000] {logging_mixin.py:149} INFO - [2023-06-28T14:40:07.180+0000] {dag.py:3490} INFO - Setting next_dagrun for example_branch_operator to 2023-06-27T00:00:00+00:00, run_after=2023-06-28T00:00:00+00:00
[2023-06-28T14:40:07.218+0000] {processor.py:179} INFO - Processing /home/airflow/.local/lib/python3.7/site-packages/airflow/example_dags/example_branch_operator.py took 0.202 seconds
[2023-06-28T14:40:37.287+0000] {processor.py:157} INFO - Started process (PID=2848) to work on /home/airflow/.local/lib/python3.7/site-packages/airflow/example_dags/example_branch_operator.py
[2023-06-28T14:40:37.289+0000] {processor.py:826} INFO - Processing file /home/airflow/.local/lib/python3.7/site-packages/airflow/example_dags/example_branch_operator.py for tasks to queue
[2023-06-28T14:40:37.290+0000] {logging_mixin.py:149} INFO - [2023-06-28T14:40:37.290+0000] {dagbag.py:541} INFO - Filling up the DagBag from /home/airflow/.local/lib/python3.7/site-packages/airflow/example_dags/example_branch_operator.py
[2023-06-28T14:40:37.307+0000] {processor.py:836} INFO - DAG(s) dict_keys(['example_branch_operator']) retrieved from /home/airflow/.local/lib/python3.7/site-packages/airflow/example_dags/example_branch_operator.py
[2023-06-28T14:40:37.360+0000] {logging_mixin.py:149} INFO - [2023-06-28T14:40:37.359+0000] {dag.py:2726} INFO - Sync 1 DAGs
[2023-06-28T14:40:37.415+0000] {logging_mixin.py:149} INFO - [2023-06-28T14:40:37.415+0000] {dag.py:3490} INFO - Setting next_dagrun for example_branch_operator to 2023-06-27T00:00:00+00:00, run_after=2023-06-28T00:00:00+00:00
[2023-06-28T14:40:37.466+0000] {processor.py:179} INFO - Processing /home/airflow/.local/lib/python3.7/site-packages/airflow/example_dags/example_branch_operator.py took 0.185 seconds
[2023-06-28T14:41:07.743+0000] {processor.py:157} INFO - Started process (PID=2907) to work on /home/airflow/.local/lib/python3.7/site-packages/airflow/example_dags/example_branch_operator.py
[2023-06-28T14:41:07.744+0000] {processor.py:826} INFO - Processing file /home/airflow/.local/lib/python3.7/site-packages/airflow/example_dags/example_branch_operator.py for tasks to queue
[2023-06-28T14:41:07.746+0000] {logging_mixin.py:149} INFO - [2023-06-28T14:41:07.745+0000] {dagbag.py:541} INFO - Filling up the DagBag from /home/airflow/.local/lib/python3.7/site-packages/airflow/example_dags/example_branch_operator.py
[2023-06-28T14:41:07.760+0000] {processor.py:836} INFO - DAG(s) dict_keys(['example_branch_operator']) retrieved from /home/airflow/.local/lib/python3.7/site-packages/airflow/example_dags/example_branch_operator.py
[2023-06-28T14:41:07.810+0000] {logging_mixin.py:149} INFO - [2023-06-28T14:41:07.810+0000] {dag.py:2726} INFO - Sync 1 DAGs
[2023-06-28T14:41:07.868+0000] {logging_mixin.py:149} INFO - [2023-06-28T14:41:07.868+0000] {dag.py:3490} INFO - Setting next_dagrun for example_branch_operator to 2023-06-27T00:00:00+00:00, run_after=2023-06-28T00:00:00+00:00
[2023-06-28T14:41:07.911+0000] {processor.py:179} INFO - Processing /home/airflow/.local/lib/python3.7/site-packages/airflow/example_dags/example_branch_operator.py took 0.174 seconds
[2023-06-28T14:41:38.403+0000] {processor.py:157} INFO - Started process (PID=2967) to work on /home/airflow/.local/lib/python3.7/site-packages/airflow/example_dags/example_branch_operator.py
[2023-06-28T14:41:38.405+0000] {processor.py:826} INFO - Processing file /home/airflow/.local/lib/python3.7/site-packages/airflow/example_dags/example_branch_operator.py for tasks to queue
[2023-06-28T14:41:38.406+0000] {logging_mixin.py:149} INFO - [2023-06-28T14:41:38.406+0000] {dagbag.py:541} INFO - Filling up the DagBag from /home/airflow/.local/lib/python3.7/site-packages/airflow/example_dags/example_branch_operator.py
[2023-06-28T14:41:38.419+0000] {processor.py:836} INFO - DAG(s) dict_keys(['example_branch_operator']) retrieved from /home/airflow/.local/lib/python3.7/site-packages/airflow/example_dags/example_branch_operator.py
[2023-06-28T14:41:38.458+0000] {logging_mixin.py:149} INFO - [2023-06-28T14:41:38.458+0000] {dag.py:2726} INFO - Sync 1 DAGs
[2023-06-28T14:41:38.511+0000] {logging_mixin.py:149} INFO - [2023-06-28T14:41:38.511+0000] {dag.py:3490} INFO - Setting next_dagrun for example_branch_operator to 2023-06-27T00:00:00+00:00, run_after=2023-06-28T00:00:00+00:00
[2023-06-28T14:41:38.555+0000] {processor.py:179} INFO - Processing /home/airflow/.local/lib/python3.7/site-packages/airflow/example_dags/example_branch_operator.py took 0.157 seconds
[2023-06-28T14:42:08.633+0000] {processor.py:157} INFO - Started process (PID=3025) to work on /home/airflow/.local/lib/python3.7/site-packages/airflow/example_dags/example_branch_operator.py
[2023-06-28T14:42:08.635+0000] {processor.py:826} INFO - Processing file /home/airflow/.local/lib/python3.7/site-packages/airflow/example_dags/example_branch_operator.py for tasks to queue
[2023-06-28T14:42:08.636+0000] {logging_mixin.py:149} INFO - [2023-06-28T14:42:08.636+0000] {dagbag.py:541} INFO - Filling up the DagBag from /home/airflow/.local/lib/python3.7/site-packages/airflow/example_dags/example_branch_operator.py
[2023-06-28T14:42:08.648+0000] {processor.py:836} INFO - DAG(s) dict_keys(['example_branch_operator']) retrieved from /home/airflow/.local/lib/python3.7/site-packages/airflow/example_dags/example_branch_operator.py
[2023-06-28T14:42:08.694+0000] {logging_mixin.py:149} INFO - [2023-06-28T14:42:08.694+0000] {dag.py:2726} INFO - Sync 1 DAGs
[2023-06-28T14:42:08.733+0000] {logging_mixin.py:149} INFO - [2023-06-28T14:42:08.733+0000] {dag.py:3490} INFO - Setting next_dagrun for example_branch_operator to 2023-06-27T00:00:00+00:00, run_after=2023-06-28T00:00:00+00:00
[2023-06-28T14:42:08.770+0000] {processor.py:179} INFO - Processing /home/airflow/.local/lib/python3.7/site-packages/airflow/example_dags/example_branch_operator.py took 0.141 seconds
[2023-06-28T14:42:39.310+0000] {processor.py:157} INFO - Started process (PID=3084) to work on /home/airflow/.local/lib/python3.7/site-packages/airflow/example_dags/example_branch_operator.py
[2023-06-28T14:42:39.312+0000] {processor.py:826} INFO - Processing file /home/airflow/.local/lib/python3.7/site-packages/airflow/example_dags/example_branch_operator.py for tasks to queue
[2023-06-28T14:42:39.313+0000] {logging_mixin.py:149} INFO - [2023-06-28T14:42:39.313+0000] {dagbag.py:541} INFO - Filling up the DagBag from /home/airflow/.local/lib/python3.7/site-packages/airflow/example_dags/example_branch_operator.py
[2023-06-28T14:42:39.325+0000] {processor.py:836} INFO - DAG(s) dict_keys(['example_branch_operator']) retrieved from /home/airflow/.local/lib/python3.7/site-packages/airflow/example_dags/example_branch_operator.py
[2023-06-28T14:42:39.370+0000] {logging_mixin.py:149} INFO - [2023-06-28T14:42:39.370+0000] {dag.py:2726} INFO - Sync 1 DAGs
[2023-06-28T14:42:39.411+0000] {logging_mixin.py:149} INFO - [2023-06-28T14:42:39.411+0000] {dag.py:3490} INFO - Setting next_dagrun for example_branch_operator to 2023-06-27T00:00:00+00:00, run_after=2023-06-28T00:00:00+00:00
[2023-06-28T14:42:39.464+0000] {processor.py:179} INFO - Processing /home/airflow/.local/lib/python3.7/site-packages/airflow/example_dags/example_branch_operator.py took 0.158 seconds
[2023-06-28T14:43:09.592+0000] {processor.py:157} INFO - Started process (PID=3144) to work on /home/airflow/.local/lib/python3.7/site-packages/airflow/example_dags/example_branch_operator.py
[2023-06-28T14:43:09.594+0000] {processor.py:826} INFO - Processing file /home/airflow/.local/lib/python3.7/site-packages/airflow/example_dags/example_branch_operator.py for tasks to queue
[2023-06-28T14:43:09.595+0000] {logging_mixin.py:149} INFO - [2023-06-28T14:43:09.595+0000] {dagbag.py:541} INFO - Filling up the DagBag from /home/airflow/.local/lib/python3.7/site-packages/airflow/example_dags/example_branch_operator.py
[2023-06-28T14:43:09.612+0000] {processor.py:836} INFO - DAG(s) dict_keys(['example_branch_operator']) retrieved from /home/airflow/.local/lib/python3.7/site-packages/airflow/example_dags/example_branch_operator.py
[2023-06-28T14:43:09.654+0000] {logging_mixin.py:149} INFO - [2023-06-28T14:43:09.654+0000] {dag.py:2726} INFO - Sync 1 DAGs
[2023-06-28T14:43:09.703+0000] {logging_mixin.py:149} INFO - [2023-06-28T14:43:09.703+0000] {dag.py:3490} INFO - Setting next_dagrun for example_branch_operator to 2023-06-27T00:00:00+00:00, run_after=2023-06-28T00:00:00+00:00
[2023-06-28T14:43:09.738+0000] {processor.py:179} INFO - Processing /home/airflow/.local/lib/python3.7/site-packages/airflow/example_dags/example_branch_operator.py took 0.152 seconds
[2023-06-28T14:43:41.310+0000] {processor.py:157} INFO - Started process (PID=3203) to work on /home/airflow/.local/lib/python3.7/site-packages/airflow/example_dags/example_branch_operator.py
[2023-06-28T14:43:41.317+0000] {processor.py:826} INFO - Processing file /home/airflow/.local/lib/python3.7/site-packages/airflow/example_dags/example_branch_operator.py for tasks to queue
[2023-06-28T14:43:41.321+0000] {logging_mixin.py:149} INFO - [2023-06-28T14:43:41.321+0000] {dagbag.py:541} INFO - Filling up the DagBag from /home/airflow/.local/lib/python3.7/site-packages/airflow/example_dags/example_branch_operator.py
[2023-06-28T14:43:41.351+0000] {processor.py:836} INFO - DAG(s) dict_keys(['example_branch_operator']) retrieved from /home/airflow/.local/lib/python3.7/site-packages/airflow/example_dags/example_branch_operator.py
[2023-06-28T14:43:41.568+0000] {logging_mixin.py:149} INFO - [2023-06-28T14:43:41.566+0000] {dag.py:2726} INFO - Sync 1 DAGs
[2023-06-28T14:43:41.690+0000] {logging_mixin.py:149} INFO - [2023-06-28T14:43:41.690+0000] {dag.py:3490} INFO - Setting next_dagrun for example_branch_operator to 2023-06-27T00:00:00+00:00, run_after=2023-06-28T00:00:00+00:00
[2023-06-28T14:43:41.817+0000] {processor.py:179} INFO - Processing /home/airflow/.local/lib/python3.7/site-packages/airflow/example_dags/example_branch_operator.py took 0.517 seconds
[2023-06-28T14:44:13.059+0000] {processor.py:157} INFO - Started process (PID=3262) to work on /home/airflow/.local/lib/python3.7/site-packages/airflow/example_dags/example_branch_operator.py
[2023-06-28T14:44:13.082+0000] {processor.py:826} INFO - Processing file /home/airflow/.local/lib/python3.7/site-packages/airflow/example_dags/example_branch_operator.py for tasks to queue
[2023-06-28T14:44:13.098+0000] {logging_mixin.py:149} INFO - [2023-06-28T14:44:13.097+0000] {dagbag.py:541} INFO - Filling up the DagBag from /home/airflow/.local/lib/python3.7/site-packages/airflow/example_dags/example_branch_operator.py
[2023-06-28T14:44:13.190+0000] {processor.py:836} INFO - DAG(s) dict_keys(['example_branch_operator']) retrieved from /home/airflow/.local/lib/python3.7/site-packages/airflow/example_dags/example_branch_operator.py
[2023-06-28T14:44:13.451+0000] {logging_mixin.py:149} INFO - [2023-06-28T14:44:13.451+0000] {dag.py:2726} INFO - Sync 1 DAGs
[2023-06-28T14:44:13.668+0000] {logging_mixin.py:149} INFO - [2023-06-28T14:44:13.667+0000] {dag.py:3490} INFO - Setting next_dagrun for example_branch_operator to 2023-06-27T00:00:00+00:00, run_after=2023-06-28T00:00:00+00:00
[2023-06-28T14:44:13.850+0000] {processor.py:179} INFO - Processing /home/airflow/.local/lib/python3.7/site-packages/airflow/example_dags/example_branch_operator.py took 0.816 seconds
[2023-06-28T14:44:44.621+0000] {processor.py:157} INFO - Started process (PID=3321) to work on /home/airflow/.local/lib/python3.7/site-packages/airflow/example_dags/example_branch_operator.py
[2023-06-28T14:44:44.623+0000] {processor.py:826} INFO - Processing file /home/airflow/.local/lib/python3.7/site-packages/airflow/example_dags/example_branch_operator.py for tasks to queue
[2023-06-28T14:44:44.625+0000] {logging_mixin.py:149} INFO - [2023-06-28T14:44:44.624+0000] {dagbag.py:541} INFO - Filling up the DagBag from /home/airflow/.local/lib/python3.7/site-packages/airflow/example_dags/example_branch_operator.py
[2023-06-28T14:44:44.686+0000] {processor.py:836} INFO - DAG(s) dict_keys(['example_branch_operator']) retrieved from /home/airflow/.local/lib/python3.7/site-packages/airflow/example_dags/example_branch_operator.py
[2023-06-28T14:44:44.807+0000] {logging_mixin.py:149} INFO - [2023-06-28T14:44:44.807+0000] {dag.py:2726} INFO - Sync 1 DAGs
[2023-06-28T14:44:44.860+0000] {logging_mixin.py:149} INFO - [2023-06-28T14:44:44.860+0000] {dag.py:3490} INFO - Setting next_dagrun for example_branch_operator to 2023-06-27T00:00:00+00:00, run_after=2023-06-28T00:00:00+00:00
[2023-06-28T14:44:44.925+0000] {processor.py:179} INFO - Processing /home/airflow/.local/lib/python3.7/site-packages/airflow/example_dags/example_branch_operator.py took 0.320 seconds
[2023-06-28T14:45:15.368+0000] {processor.py:157} INFO - Started process (PID=3380) to work on /home/airflow/.local/lib/python3.7/site-packages/airflow/example_dags/example_branch_operator.py
[2023-06-28T14:45:15.370+0000] {processor.py:826} INFO - Processing file /home/airflow/.local/lib/python3.7/site-packages/airflow/example_dags/example_branch_operator.py for tasks to queue
[2023-06-28T14:45:15.372+0000] {logging_mixin.py:149} INFO - [2023-06-28T14:45:15.372+0000] {dagbag.py:541} INFO - Filling up the DagBag from /home/airflow/.local/lib/python3.7/site-packages/airflow/example_dags/example_branch_operator.py
[2023-06-28T14:45:15.404+0000] {processor.py:836} INFO - DAG(s) dict_keys(['example_branch_operator']) retrieved from /home/airflow/.local/lib/python3.7/site-packages/airflow/example_dags/example_branch_operator.py
[2023-06-28T14:45:15.575+0000] {logging_mixin.py:149} INFO - [2023-06-28T14:45:15.574+0000] {dag.py:2726} INFO - Sync 1 DAGs
[2023-06-28T14:45:15.670+0000] {logging_mixin.py:149} INFO - [2023-06-28T14:45:15.670+0000] {dag.py:3490} INFO - Setting next_dagrun for example_branch_operator to 2023-06-27T00:00:00+00:00, run_after=2023-06-28T00:00:00+00:00
[2023-06-28T14:45:15.752+0000] {processor.py:179} INFO - Processing /home/airflow/.local/lib/python3.7/site-packages/airflow/example_dags/example_branch_operator.py took 0.390 seconds
[2023-06-28T14:45:46.108+0000] {processor.py:157} INFO - Started process (PID=3441) to work on /home/airflow/.local/lib/python3.7/site-packages/airflow/example_dags/example_branch_operator.py
[2023-06-28T14:45:46.109+0000] {processor.py:826} INFO - Processing file /home/airflow/.local/lib/python3.7/site-packages/airflow/example_dags/example_branch_operator.py for tasks to queue
[2023-06-28T14:45:46.111+0000] {logging_mixin.py:149} INFO - [2023-06-28T14:45:46.111+0000] {dagbag.py:541} INFO - Filling up the DagBag from /home/airflow/.local/lib/python3.7/site-packages/airflow/example_dags/example_branch_operator.py
[2023-06-28T14:45:46.138+0000] {processor.py:836} INFO - DAG(s) dict_keys(['example_branch_operator']) retrieved from /home/airflow/.local/lib/python3.7/site-packages/airflow/example_dags/example_branch_operator.py
[2023-06-28T14:45:46.209+0000] {logging_mixin.py:149} INFO - [2023-06-28T14:45:46.209+0000] {dag.py:2726} INFO - Sync 1 DAGs
[2023-06-28T14:45:46.285+0000] {logging_mixin.py:149} INFO - [2023-06-28T14:45:46.284+0000] {dag.py:3490} INFO - Setting next_dagrun for example_branch_operator to 2023-06-27T00:00:00+00:00, run_after=2023-06-28T00:00:00+00:00
[2023-06-28T14:45:46.330+0000] {processor.py:179} INFO - Processing /home/airflow/.local/lib/python3.7/site-packages/airflow/example_dags/example_branch_operator.py took 0.230 seconds
[2023-06-28T14:46:16.909+0000] {processor.py:157} INFO - Started process (PID=3500) to work on /home/airflow/.local/lib/python3.7/site-packages/airflow/example_dags/example_branch_operator.py
[2023-06-28T14:46:16.911+0000] {processor.py:826} INFO - Processing file /home/airflow/.local/lib/python3.7/site-packages/airflow/example_dags/example_branch_operator.py for tasks to queue
[2023-06-28T14:46:16.913+0000] {logging_mixin.py:149} INFO - [2023-06-28T14:46:16.912+0000] {dagbag.py:541} INFO - Filling up the DagBag from /home/airflow/.local/lib/python3.7/site-packages/airflow/example_dags/example_branch_operator.py
[2023-06-28T14:46:16.980+0000] {processor.py:836} INFO - DAG(s) dict_keys(['example_branch_operator']) retrieved from /home/airflow/.local/lib/python3.7/site-packages/airflow/example_dags/example_branch_operator.py
[2023-06-28T14:46:17.213+0000] {logging_mixin.py:149} INFO - [2023-06-28T14:46:17.213+0000] {dag.py:2726} INFO - Sync 1 DAGs
[2023-06-28T14:46:17.430+0000] {logging_mixin.py:149} INFO - [2023-06-28T14:46:17.429+0000] {dag.py:3490} INFO - Setting next_dagrun for example_branch_operator to 2023-06-27T00:00:00+00:00, run_after=2023-06-28T00:00:00+00:00
[2023-06-28T14:46:17.512+0000] {processor.py:179} INFO - Processing /home/airflow/.local/lib/python3.7/site-packages/airflow/example_dags/example_branch_operator.py took 0.609 seconds
[2023-06-28T14:46:47.882+0000] {processor.py:157} INFO - Started process (PID=3559) to work on /home/airflow/.local/lib/python3.7/site-packages/airflow/example_dags/example_branch_operator.py
[2023-06-28T14:46:47.884+0000] {processor.py:826} INFO - Processing file /home/airflow/.local/lib/python3.7/site-packages/airflow/example_dags/example_branch_operator.py for tasks to queue
[2023-06-28T14:46:47.885+0000] {logging_mixin.py:149} INFO - [2023-06-28T14:46:47.885+0000] {dagbag.py:541} INFO - Filling up the DagBag from /home/airflow/.local/lib/python3.7/site-packages/airflow/example_dags/example_branch_operator.py
[2023-06-28T14:46:47.905+0000] {processor.py:836} INFO - DAG(s) dict_keys(['example_branch_operator']) retrieved from /home/airflow/.local/lib/python3.7/site-packages/airflow/example_dags/example_branch_operator.py
[2023-06-28T14:46:47.970+0000] {logging_mixin.py:149} INFO - [2023-06-28T14:46:47.970+0000] {dag.py:2726} INFO - Sync 1 DAGs
[2023-06-28T14:46:48.052+0000] {logging_mixin.py:149} INFO - [2023-06-28T14:46:48.052+0000] {dag.py:3490} INFO - Setting next_dagrun for example_branch_operator to 2023-06-27T00:00:00+00:00, run_after=2023-06-28T00:00:00+00:00
[2023-06-28T14:46:48.135+0000] {processor.py:179} INFO - Processing /home/airflow/.local/lib/python3.7/site-packages/airflow/example_dags/example_branch_operator.py took 0.261 seconds
[2023-06-28T14:47:18.520+0000] {processor.py:157} INFO - Started process (PID=3619) to work on /home/airflow/.local/lib/python3.7/site-packages/airflow/example_dags/example_branch_operator.py
[2023-06-28T14:47:18.522+0000] {processor.py:826} INFO - Processing file /home/airflow/.local/lib/python3.7/site-packages/airflow/example_dags/example_branch_operator.py for tasks to queue
[2023-06-28T14:47:18.523+0000] {logging_mixin.py:149} INFO - [2023-06-28T14:47:18.523+0000] {dagbag.py:541} INFO - Filling up the DagBag from /home/airflow/.local/lib/python3.7/site-packages/airflow/example_dags/example_branch_operator.py
[2023-06-28T14:47:18.536+0000] {processor.py:836} INFO - DAG(s) dict_keys(['example_branch_operator']) retrieved from /home/airflow/.local/lib/python3.7/site-packages/airflow/example_dags/example_branch_operator.py
[2023-06-28T14:47:18.574+0000] {logging_mixin.py:149} INFO - [2023-06-28T14:47:18.574+0000] {dag.py:2726} INFO - Sync 1 DAGs
[2023-06-28T14:47:18.622+0000] {logging_mixin.py:149} INFO - [2023-06-28T14:47:18.622+0000] {dag.py:3490} INFO - Setting next_dagrun for example_branch_operator to 2023-06-27T00:00:00+00:00, run_after=2023-06-28T00:00:00+00:00
[2023-06-28T14:47:18.674+0000] {processor.py:179} INFO - Processing /home/airflow/.local/lib/python3.7/site-packages/airflow/example_dags/example_branch_operator.py took 0.159 seconds
[2023-06-28T14:47:49.203+0000] {processor.py:157} INFO - Started process (PID=3678) to work on /home/airflow/.local/lib/python3.7/site-packages/airflow/example_dags/example_branch_operator.py
[2023-06-28T14:47:49.205+0000] {processor.py:826} INFO - Processing file /home/airflow/.local/lib/python3.7/site-packages/airflow/example_dags/example_branch_operator.py for tasks to queue
[2023-06-28T14:47:49.206+0000] {logging_mixin.py:149} INFO - [2023-06-28T14:47:49.206+0000] {dagbag.py:541} INFO - Filling up the DagBag from /home/airflow/.local/lib/python3.7/site-packages/airflow/example_dags/example_branch_operator.py
[2023-06-28T14:47:49.223+0000] {processor.py:836} INFO - DAG(s) dict_keys(['example_branch_operator']) retrieved from /home/airflow/.local/lib/python3.7/site-packages/airflow/example_dags/example_branch_operator.py
[2023-06-28T14:47:49.472+0000] {logging_mixin.py:149} INFO - [2023-06-28T14:47:49.472+0000] {dag.py:2726} INFO - Sync 1 DAGs
[2023-06-28T14:47:49.600+0000] {logging_mixin.py:149} INFO - [2023-06-28T14:47:49.599+0000] {dag.py:3490} INFO - Setting next_dagrun for example_branch_operator to 2023-06-27T00:00:00+00:00, run_after=2023-06-28T00:00:00+00:00
[2023-06-28T14:47:49.654+0000] {processor.py:179} INFO - Processing /home/airflow/.local/lib/python3.7/site-packages/airflow/example_dags/example_branch_operator.py took 0.456 seconds
