[2023-06-28T14:16:23.713+0000] {processor.py:157} INFO - Started process (PID=46) to work on /home/airflow/.local/lib/python3.7/site-packages/airflow/example_dags/example_branch_labels.py
[2023-06-28T14:16:23.719+0000] {processor.py:826} INFO - Processing file /home/airflow/.local/lib/python3.7/site-packages/airflow/example_dags/example_branch_labels.py for tasks to queue
[2023-06-28T14:16:23.731+0000] {logging_mixin.py:149} INFO - [2023-06-28T14:16:23.731+0000] {dagbag.py:541} INFO - Filling up the DagBag from /home/airflow/.local/lib/python3.7/site-packages/airflow/example_dags/example_branch_labels.py
[2023-06-28T14:16:23.768+0000] {processor.py:836} INFO - DAG(s) dict_keys(['example_branch_labels']) retrieved from /home/airflow/.local/lib/python3.7/site-packages/airflow/example_dags/example_branch_labels.py
[2023-06-28T14:16:23.932+0000] {logging_mixin.py:149} INFO - [2023-06-28T14:16:23.931+0000] {dag.py:2726} INFO - Sync 1 DAGs
[2023-06-28T14:16:24.227+0000] {logging_mixin.py:149} INFO - [2023-06-28T14:16:24.227+0000] {dag.py:3490} INFO - Setting next_dagrun for example_branch_labels to 2023-06-27T00:00:00+00:00, run_after=2023-06-28T00:00:00+00:00
[2023-06-28T14:16:24.371+0000] {processor.py:179} INFO - Processing /home/airflow/.local/lib/python3.7/site-packages/airflow/example_dags/example_branch_labels.py took 0.668 seconds
[2023-06-28T14:16:54.855+0000] {processor.py:157} INFO - Started process (PID=104) to work on /home/airflow/.local/lib/python3.7/site-packages/airflow/example_dags/example_branch_labels.py
[2023-06-28T14:16:54.874+0000] {processor.py:826} INFO - Processing file /home/airflow/.local/lib/python3.7/site-packages/airflow/example_dags/example_branch_labels.py for tasks to queue
[2023-06-28T14:16:54.876+0000] {logging_mixin.py:149} INFO - [2023-06-28T14:16:54.876+0000] {dagbag.py:541} INFO - Filling up the DagBag from /home/airflow/.local/lib/python3.7/site-packages/airflow/example_dags/example_branch_labels.py
[2023-06-28T14:16:54.899+0000] {processor.py:836} INFO - DAG(s) dict_keys(['example_branch_labels']) retrieved from /home/airflow/.local/lib/python3.7/site-packages/airflow/example_dags/example_branch_labels.py
[2023-06-28T14:16:55.178+0000] {logging_mixin.py:149} INFO - [2023-06-28T14:16:55.166+0000] {dag.py:2726} INFO - Sync 1 DAGs
[2023-06-28T14:16:55.533+0000] {logging_mixin.py:149} INFO - [2023-06-28T14:16:55.533+0000] {dag.py:3490} INFO - Setting next_dagrun for example_branch_labels to 2023-06-27T00:00:00+00:00, run_after=2023-06-28T00:00:00+00:00
[2023-06-28T14:16:56.015+0000] {processor.py:179} INFO - Processing /home/airflow/.local/lib/python3.7/site-packages/airflow/example_dags/example_branch_labels.py took 1.174 seconds
[2023-06-28T14:17:26.612+0000] {processor.py:157} INFO - Started process (PID=162) to work on /home/airflow/.local/lib/python3.7/site-packages/airflow/example_dags/example_branch_labels.py
[2023-06-28T14:17:26.614+0000] {processor.py:826} INFO - Processing file /home/airflow/.local/lib/python3.7/site-packages/airflow/example_dags/example_branch_labels.py for tasks to queue
[2023-06-28T14:17:26.616+0000] {logging_mixin.py:149} INFO - [2023-06-28T14:17:26.616+0000] {dagbag.py:541} INFO - Filling up the DagBag from /home/airflow/.local/lib/python3.7/site-packages/airflow/example_dags/example_branch_labels.py
[2023-06-28T14:17:26.664+0000] {processor.py:836} INFO - DAG(s) dict_keys(['example_branch_labels']) retrieved from /home/airflow/.local/lib/python3.7/site-packages/airflow/example_dags/example_branch_labels.py
[2023-06-28T14:17:26.744+0000] {logging_mixin.py:149} INFO - [2023-06-28T14:17:26.743+0000] {dag.py:2726} INFO - Sync 1 DAGs
[2023-06-28T14:17:26.928+0000] {logging_mixin.py:149} INFO - [2023-06-28T14:17:26.928+0000] {dag.py:3490} INFO - Setting next_dagrun for example_branch_labels to 2023-06-27T00:00:00+00:00, run_after=2023-06-28T00:00:00+00:00
[2023-06-28T14:17:27.218+0000] {processor.py:179} INFO - Processing /home/airflow/.local/lib/python3.7/site-packages/airflow/example_dags/example_branch_labels.py took 0.620 seconds
[2023-06-28T14:17:57.551+0000] {processor.py:157} INFO - Started process (PID=221) to work on /home/airflow/.local/lib/python3.7/site-packages/airflow/example_dags/example_branch_labels.py
[2023-06-28T14:17:57.553+0000] {processor.py:826} INFO - Processing file /home/airflow/.local/lib/python3.7/site-packages/airflow/example_dags/example_branch_labels.py for tasks to queue
[2023-06-28T14:17:57.555+0000] {logging_mixin.py:149} INFO - [2023-06-28T14:17:57.555+0000] {dagbag.py:541} INFO - Filling up the DagBag from /home/airflow/.local/lib/python3.7/site-packages/airflow/example_dags/example_branch_labels.py
[2023-06-28T14:17:57.603+0000] {processor.py:836} INFO - DAG(s) dict_keys(['example_branch_labels']) retrieved from /home/airflow/.local/lib/python3.7/site-packages/airflow/example_dags/example_branch_labels.py
[2023-06-28T14:17:57.770+0000] {logging_mixin.py:149} INFO - [2023-06-28T14:17:57.769+0000] {dag.py:2726} INFO - Sync 1 DAGs
[2023-06-28T14:17:57.981+0000] {logging_mixin.py:149} INFO - [2023-06-28T14:17:57.980+0000] {dag.py:3490} INFO - Setting next_dagrun for example_branch_labels to 2023-06-27T00:00:00+00:00, run_after=2023-06-28T00:00:00+00:00
[2023-06-28T14:17:58.472+0000] {processor.py:179} INFO - Processing /home/airflow/.local/lib/python3.7/site-packages/airflow/example_dags/example_branch_labels.py took 0.931 seconds
[2023-06-28T14:18:28.962+0000] {processor.py:157} INFO - Started process (PID=280) to work on /home/airflow/.local/lib/python3.7/site-packages/airflow/example_dags/example_branch_labels.py
[2023-06-28T14:18:28.964+0000] {processor.py:826} INFO - Processing file /home/airflow/.local/lib/python3.7/site-packages/airflow/example_dags/example_branch_labels.py for tasks to queue
[2023-06-28T14:18:28.965+0000] {logging_mixin.py:149} INFO - [2023-06-28T14:18:28.965+0000] {dagbag.py:541} INFO - Filling up the DagBag from /home/airflow/.local/lib/python3.7/site-packages/airflow/example_dags/example_branch_labels.py
[2023-06-28T14:18:28.975+0000] {processor.py:836} INFO - DAG(s) dict_keys(['example_branch_labels']) retrieved from /home/airflow/.local/lib/python3.7/site-packages/airflow/example_dags/example_branch_labels.py
[2023-06-28T14:18:29.034+0000] {logging_mixin.py:149} INFO - [2023-06-28T14:18:29.033+0000] {dag.py:2726} INFO - Sync 1 DAGs
[2023-06-28T14:18:29.091+0000] {logging_mixin.py:149} INFO - [2023-06-28T14:18:29.090+0000] {dag.py:3490} INFO - Setting next_dagrun for example_branch_labels to 2023-06-27T00:00:00+00:00, run_after=2023-06-28T00:00:00+00:00
[2023-06-28T14:18:29.180+0000] {processor.py:179} INFO - Processing /home/airflow/.local/lib/python3.7/site-packages/airflow/example_dags/example_branch_labels.py took 0.225 seconds
[2023-06-28T14:18:59.402+0000] {processor.py:157} INFO - Started process (PID=338) to work on /home/airflow/.local/lib/python3.7/site-packages/airflow/example_dags/example_branch_labels.py
[2023-06-28T14:18:59.404+0000] {processor.py:826} INFO - Processing file /home/airflow/.local/lib/python3.7/site-packages/airflow/example_dags/example_branch_labels.py for tasks to queue
[2023-06-28T14:18:59.405+0000] {logging_mixin.py:149} INFO - [2023-06-28T14:18:59.405+0000] {dagbag.py:541} INFO - Filling up the DagBag from /home/airflow/.local/lib/python3.7/site-packages/airflow/example_dags/example_branch_labels.py
[2023-06-28T14:18:59.418+0000] {processor.py:836} INFO - DAG(s) dict_keys(['example_branch_labels']) retrieved from /home/airflow/.local/lib/python3.7/site-packages/airflow/example_dags/example_branch_labels.py
[2023-06-28T14:18:59.493+0000] {logging_mixin.py:149} INFO - [2023-06-28T14:18:59.492+0000] {dag.py:2726} INFO - Sync 1 DAGs
[2023-06-28T14:18:59.571+0000] {logging_mixin.py:149} INFO - [2023-06-28T14:18:59.570+0000] {dag.py:3490} INFO - Setting next_dagrun for example_branch_labels to 2023-06-27T00:00:00+00:00, run_after=2023-06-28T00:00:00+00:00
[2023-06-28T14:18:59.650+0000] {processor.py:179} INFO - Processing /home/airflow/.local/lib/python3.7/site-packages/airflow/example_dags/example_branch_labels.py took 0.252 seconds
[2023-06-28T14:19:30.063+0000] {processor.py:157} INFO - Started process (PID=397) to work on /home/airflow/.local/lib/python3.7/site-packages/airflow/example_dags/example_branch_labels.py
[2023-06-28T14:19:30.065+0000] {processor.py:826} INFO - Processing file /home/airflow/.local/lib/python3.7/site-packages/airflow/example_dags/example_branch_labels.py for tasks to queue
[2023-06-28T14:19:30.070+0000] {logging_mixin.py:149} INFO - [2023-06-28T14:19:30.069+0000] {dagbag.py:541} INFO - Filling up the DagBag from /home/airflow/.local/lib/python3.7/site-packages/airflow/example_dags/example_branch_labels.py
[2023-06-28T14:19:30.084+0000] {processor.py:836} INFO - DAG(s) dict_keys(['example_branch_labels']) retrieved from /home/airflow/.local/lib/python3.7/site-packages/airflow/example_dags/example_branch_labels.py
[2023-06-28T14:19:30.138+0000] {logging_mixin.py:149} INFO - [2023-06-28T14:19:30.138+0000] {dag.py:2726} INFO - Sync 1 DAGs
[2023-06-28T14:19:30.246+0000] {logging_mixin.py:149} INFO - [2023-06-28T14:19:30.246+0000] {dag.py:3490} INFO - Setting next_dagrun for example_branch_labels to 2023-06-27T00:00:00+00:00, run_after=2023-06-28T00:00:00+00:00
[2023-06-28T14:19:30.306+0000] {processor.py:179} INFO - Processing /home/airflow/.local/lib/python3.7/site-packages/airflow/example_dags/example_branch_labels.py took 0.249 seconds
[2023-06-28T14:20:01.143+0000] {processor.py:157} INFO - Started process (PID=456) to work on /home/airflow/.local/lib/python3.7/site-packages/airflow/example_dags/example_branch_labels.py
[2023-06-28T14:20:01.145+0000] {processor.py:826} INFO - Processing file /home/airflow/.local/lib/python3.7/site-packages/airflow/example_dags/example_branch_labels.py for tasks to queue
[2023-06-28T14:20:01.147+0000] {logging_mixin.py:149} INFO - [2023-06-28T14:20:01.147+0000] {dagbag.py:541} INFO - Filling up the DagBag from /home/airflow/.local/lib/python3.7/site-packages/airflow/example_dags/example_branch_labels.py
[2023-06-28T14:20:01.183+0000] {processor.py:836} INFO - DAG(s) dict_keys(['example_branch_labels']) retrieved from /home/airflow/.local/lib/python3.7/site-packages/airflow/example_dags/example_branch_labels.py
[2023-06-28T14:20:01.252+0000] {logging_mixin.py:149} INFO - [2023-06-28T14:20:01.252+0000] {dag.py:2726} INFO - Sync 1 DAGs
[2023-06-28T14:20:01.328+0000] {logging_mixin.py:149} INFO - [2023-06-28T14:20:01.328+0000] {dag.py:3490} INFO - Setting next_dagrun for example_branch_labels to 2023-06-27T00:00:00+00:00, run_after=2023-06-28T00:00:00+00:00
[2023-06-28T14:20:01.391+0000] {processor.py:179} INFO - Processing /home/airflow/.local/lib/python3.7/site-packages/airflow/example_dags/example_branch_labels.py took 0.266 seconds
[2023-06-28T14:20:31.971+0000] {processor.py:157} INFO - Started process (PID=515) to work on /home/airflow/.local/lib/python3.7/site-packages/airflow/example_dags/example_branch_labels.py
[2023-06-28T14:20:31.972+0000] {processor.py:826} INFO - Processing file /home/airflow/.local/lib/python3.7/site-packages/airflow/example_dags/example_branch_labels.py for tasks to queue
[2023-06-28T14:20:31.974+0000] {logging_mixin.py:149} INFO - [2023-06-28T14:20:31.974+0000] {dagbag.py:541} INFO - Filling up the DagBag from /home/airflow/.local/lib/python3.7/site-packages/airflow/example_dags/example_branch_labels.py
[2023-06-28T14:20:31.987+0000] {processor.py:836} INFO - DAG(s) dict_keys(['example_branch_labels']) retrieved from /home/airflow/.local/lib/python3.7/site-packages/airflow/example_dags/example_branch_labels.py
[2023-06-28T14:20:32.031+0000] {logging_mixin.py:149} INFO - [2023-06-28T14:20:32.030+0000] {dag.py:2726} INFO - Sync 1 DAGs
[2023-06-28T14:20:32.086+0000] {logging_mixin.py:149} INFO - [2023-06-28T14:20:32.086+0000] {dag.py:3490} INFO - Setting next_dagrun for example_branch_labels to 2023-06-27T00:00:00+00:00, run_after=2023-06-28T00:00:00+00:00
[2023-06-28T14:20:32.129+0000] {processor.py:179} INFO - Processing /home/airflow/.local/lib/python3.7/site-packages/airflow/example_dags/example_branch_labels.py took 0.163 seconds
[2023-06-28T14:21:02.253+0000] {processor.py:157} INFO - Started process (PID=574) to work on /home/airflow/.local/lib/python3.7/site-packages/airflow/example_dags/example_branch_labels.py
[2023-06-28T14:21:02.256+0000] {processor.py:826} INFO - Processing file /home/airflow/.local/lib/python3.7/site-packages/airflow/example_dags/example_branch_labels.py for tasks to queue
[2023-06-28T14:21:02.257+0000] {logging_mixin.py:149} INFO - [2023-06-28T14:21:02.257+0000] {dagbag.py:541} INFO - Filling up the DagBag from /home/airflow/.local/lib/python3.7/site-packages/airflow/example_dags/example_branch_labels.py
[2023-06-28T14:21:02.273+0000] {processor.py:836} INFO - DAG(s) dict_keys(['example_branch_labels']) retrieved from /home/airflow/.local/lib/python3.7/site-packages/airflow/example_dags/example_branch_labels.py
[2023-06-28T14:21:02.318+0000] {logging_mixin.py:149} INFO - [2023-06-28T14:21:02.317+0000] {dag.py:2726} INFO - Sync 1 DAGs
[2023-06-28T14:21:02.365+0000] {logging_mixin.py:149} INFO - [2023-06-28T14:21:02.364+0000] {dag.py:3490} INFO - Setting next_dagrun for example_branch_labels to 2023-06-27T00:00:00+00:00, run_after=2023-06-28T00:00:00+00:00
[2023-06-28T14:21:02.400+0000] {processor.py:179} INFO - Processing /home/airflow/.local/lib/python3.7/site-packages/airflow/example_dags/example_branch_labels.py took 0.151 seconds
[2023-06-28T14:21:32.503+0000] {processor.py:157} INFO - Started process (PID=633) to work on /home/airflow/.local/lib/python3.7/site-packages/airflow/example_dags/example_branch_labels.py
[2023-06-28T14:21:32.505+0000] {processor.py:826} INFO - Processing file /home/airflow/.local/lib/python3.7/site-packages/airflow/example_dags/example_branch_labels.py for tasks to queue
[2023-06-28T14:21:32.506+0000] {logging_mixin.py:149} INFO - [2023-06-28T14:21:32.506+0000] {dagbag.py:541} INFO - Filling up the DagBag from /home/airflow/.local/lib/python3.7/site-packages/airflow/example_dags/example_branch_labels.py
[2023-06-28T14:21:32.517+0000] {processor.py:836} INFO - DAG(s) dict_keys(['example_branch_labels']) retrieved from /home/airflow/.local/lib/python3.7/site-packages/airflow/example_dags/example_branch_labels.py
[2023-06-28T14:21:32.552+0000] {logging_mixin.py:149} INFO - [2023-06-28T14:21:32.552+0000] {dag.py:2726} INFO - Sync 1 DAGs
[2023-06-28T14:21:32.590+0000] {logging_mixin.py:149} INFO - [2023-06-28T14:21:32.590+0000] {dag.py:3490} INFO - Setting next_dagrun for example_branch_labels to 2023-06-27T00:00:00+00:00, run_after=2023-06-28T00:00:00+00:00
[2023-06-28T14:21:32.622+0000] {processor.py:179} INFO - Processing /home/airflow/.local/lib/python3.7/site-packages/airflow/example_dags/example_branch_labels.py took 0.123 seconds
[2023-06-28T14:22:03.294+0000] {processor.py:157} INFO - Started process (PID=689) to work on /home/airflow/.local/lib/python3.7/site-packages/airflow/example_dags/example_branch_labels.py
[2023-06-28T14:22:03.296+0000] {processor.py:826} INFO - Processing file /home/airflow/.local/lib/python3.7/site-packages/airflow/example_dags/example_branch_labels.py for tasks to queue
[2023-06-28T14:22:03.297+0000] {logging_mixin.py:149} INFO - [2023-06-28T14:22:03.297+0000] {dagbag.py:541} INFO - Filling up the DagBag from /home/airflow/.local/lib/python3.7/site-packages/airflow/example_dags/example_branch_labels.py
[2023-06-28T14:22:03.308+0000] {processor.py:836} INFO - DAG(s) dict_keys(['example_branch_labels']) retrieved from /home/airflow/.local/lib/python3.7/site-packages/airflow/example_dags/example_branch_labels.py
[2023-06-28T14:22:03.342+0000] {logging_mixin.py:149} INFO - [2023-06-28T14:22:03.342+0000] {dag.py:2726} INFO - Sync 1 DAGs
[2023-06-28T14:22:03.383+0000] {logging_mixin.py:149} INFO - [2023-06-28T14:22:03.383+0000] {dag.py:3490} INFO - Setting next_dagrun for example_branch_labels to 2023-06-27T00:00:00+00:00, run_after=2023-06-28T00:00:00+00:00
[2023-06-28T14:22:03.423+0000] {processor.py:179} INFO - Processing /home/airflow/.local/lib/python3.7/site-packages/airflow/example_dags/example_branch_labels.py took 0.133 seconds
[2023-06-28T14:22:33.611+0000] {processor.py:157} INFO - Started process (PID=748) to work on /home/airflow/.local/lib/python3.7/site-packages/airflow/example_dags/example_branch_labels.py
[2023-06-28T14:22:33.612+0000] {processor.py:826} INFO - Processing file /home/airflow/.local/lib/python3.7/site-packages/airflow/example_dags/example_branch_labels.py for tasks to queue
[2023-06-28T14:22:33.614+0000] {logging_mixin.py:149} INFO - [2023-06-28T14:22:33.613+0000] {dagbag.py:541} INFO - Filling up the DagBag from /home/airflow/.local/lib/python3.7/site-packages/airflow/example_dags/example_branch_labels.py
[2023-06-28T14:22:33.623+0000] {processor.py:836} INFO - DAG(s) dict_keys(['example_branch_labels']) retrieved from /home/airflow/.local/lib/python3.7/site-packages/airflow/example_dags/example_branch_labels.py
[2023-06-28T14:22:33.661+0000] {logging_mixin.py:149} INFO - [2023-06-28T14:22:33.661+0000] {dag.py:2726} INFO - Sync 1 DAGs
[2023-06-28T14:22:33.699+0000] {logging_mixin.py:149} INFO - [2023-06-28T14:22:33.699+0000] {dag.py:3490} INFO - Setting next_dagrun for example_branch_labels to 2023-06-27T00:00:00+00:00, run_after=2023-06-28T00:00:00+00:00
[2023-06-28T14:22:33.735+0000] {processor.py:179} INFO - Processing /home/airflow/.local/lib/python3.7/site-packages/airflow/example_dags/example_branch_labels.py took 0.128 seconds
[2023-06-28T14:23:03.988+0000] {processor.py:157} INFO - Started process (PID=807) to work on /home/airflow/.local/lib/python3.7/site-packages/airflow/example_dags/example_branch_labels.py
[2023-06-28T14:23:03.990+0000] {processor.py:826} INFO - Processing file /home/airflow/.local/lib/python3.7/site-packages/airflow/example_dags/example_branch_labels.py for tasks to queue
[2023-06-28T14:23:03.991+0000] {logging_mixin.py:149} INFO - [2023-06-28T14:23:03.991+0000] {dagbag.py:541} INFO - Filling up the DagBag from /home/airflow/.local/lib/python3.7/site-packages/airflow/example_dags/example_branch_labels.py
[2023-06-28T14:23:04.002+0000] {processor.py:836} INFO - DAG(s) dict_keys(['example_branch_labels']) retrieved from /home/airflow/.local/lib/python3.7/site-packages/airflow/example_dags/example_branch_labels.py
[2023-06-28T14:23:04.040+0000] {logging_mixin.py:149} INFO - [2023-06-28T14:23:04.040+0000] {dag.py:2726} INFO - Sync 1 DAGs
[2023-06-28T14:23:04.084+0000] {logging_mixin.py:149} INFO - [2023-06-28T14:23:04.084+0000] {dag.py:3490} INFO - Setting next_dagrun for example_branch_labels to 2023-06-27T00:00:00+00:00, run_after=2023-06-28T00:00:00+00:00
[2023-06-28T14:23:04.125+0000] {processor.py:179} INFO - Processing /home/airflow/.local/lib/python3.7/site-packages/airflow/example_dags/example_branch_labels.py took 0.141 seconds
[2023-06-28T14:23:34.338+0000] {processor.py:157} INFO - Started process (PID=867) to work on /home/airflow/.local/lib/python3.7/site-packages/airflow/example_dags/example_branch_labels.py
[2023-06-28T14:23:34.339+0000] {processor.py:826} INFO - Processing file /home/airflow/.local/lib/python3.7/site-packages/airflow/example_dags/example_branch_labels.py for tasks to queue
[2023-06-28T14:23:34.340+0000] {logging_mixin.py:149} INFO - [2023-06-28T14:23:34.340+0000] {dagbag.py:541} INFO - Filling up the DagBag from /home/airflow/.local/lib/python3.7/site-packages/airflow/example_dags/example_branch_labels.py
[2023-06-28T14:23:34.350+0000] {processor.py:836} INFO - DAG(s) dict_keys(['example_branch_labels']) retrieved from /home/airflow/.local/lib/python3.7/site-packages/airflow/example_dags/example_branch_labels.py
[2023-06-28T14:23:34.384+0000] {logging_mixin.py:149} INFO - [2023-06-28T14:23:34.384+0000] {dag.py:2726} INFO - Sync 1 DAGs
[2023-06-28T14:23:34.426+0000] {logging_mixin.py:149} INFO - [2023-06-28T14:23:34.426+0000] {dag.py:3490} INFO - Setting next_dagrun for example_branch_labels to 2023-06-27T00:00:00+00:00, run_after=2023-06-28T00:00:00+00:00
[2023-06-28T14:23:34.462+0000] {processor.py:179} INFO - Processing /home/airflow/.local/lib/python3.7/site-packages/airflow/example_dags/example_branch_labels.py took 0.129 seconds
[2023-06-28T14:24:04.695+0000] {processor.py:157} INFO - Started process (PID=926) to work on /home/airflow/.local/lib/python3.7/site-packages/airflow/example_dags/example_branch_labels.py
[2023-06-28T14:24:04.696+0000] {processor.py:826} INFO - Processing file /home/airflow/.local/lib/python3.7/site-packages/airflow/example_dags/example_branch_labels.py for tasks to queue
[2023-06-28T14:24:04.697+0000] {logging_mixin.py:149} INFO - [2023-06-28T14:24:04.697+0000] {dagbag.py:541} INFO - Filling up the DagBag from /home/airflow/.local/lib/python3.7/site-packages/airflow/example_dags/example_branch_labels.py
[2023-06-28T14:24:04.710+0000] {processor.py:836} INFO - DAG(s) dict_keys(['example_branch_labels']) retrieved from /home/airflow/.local/lib/python3.7/site-packages/airflow/example_dags/example_branch_labels.py
[2023-06-28T14:24:04.750+0000] {logging_mixin.py:149} INFO - [2023-06-28T14:24:04.749+0000] {dag.py:2726} INFO - Sync 1 DAGs
[2023-06-28T14:24:04.795+0000] {logging_mixin.py:149} INFO - [2023-06-28T14:24:04.794+0000] {dag.py:3490} INFO - Setting next_dagrun for example_branch_labels to 2023-06-27T00:00:00+00:00, run_after=2023-06-28T00:00:00+00:00
[2023-06-28T14:24:04.826+0000] {processor.py:179} INFO - Processing /home/airflow/.local/lib/python3.7/site-packages/airflow/example_dags/example_branch_labels.py took 0.136 seconds
[2023-06-28T14:24:35.613+0000] {processor.py:157} INFO - Started process (PID=984) to work on /home/airflow/.local/lib/python3.7/site-packages/airflow/example_dags/example_branch_labels.py
[2023-06-28T14:24:35.614+0000] {processor.py:826} INFO - Processing file /home/airflow/.local/lib/python3.7/site-packages/airflow/example_dags/example_branch_labels.py for tasks to queue
[2023-06-28T14:24:35.616+0000] {logging_mixin.py:149} INFO - [2023-06-28T14:24:35.616+0000] {dagbag.py:541} INFO - Filling up the DagBag from /home/airflow/.local/lib/python3.7/site-packages/airflow/example_dags/example_branch_labels.py
[2023-06-28T14:24:35.629+0000] {processor.py:836} INFO - DAG(s) dict_keys(['example_branch_labels']) retrieved from /home/airflow/.local/lib/python3.7/site-packages/airflow/example_dags/example_branch_labels.py
[2023-06-28T14:24:35.674+0000] {logging_mixin.py:149} INFO - [2023-06-28T14:24:35.673+0000] {dag.py:2726} INFO - Sync 1 DAGs
[2023-06-28T14:24:35.725+0000] {logging_mixin.py:149} INFO - [2023-06-28T14:24:35.724+0000] {dag.py:3490} INFO - Setting next_dagrun for example_branch_labels to 2023-06-27T00:00:00+00:00, run_after=2023-06-28T00:00:00+00:00
[2023-06-28T14:24:35.766+0000] {processor.py:179} INFO - Processing /home/airflow/.local/lib/python3.7/site-packages/airflow/example_dags/example_branch_labels.py took 0.157 seconds
[2023-06-28T14:25:05.966+0000] {processor.py:157} INFO - Started process (PID=1044) to work on /home/airflow/.local/lib/python3.7/site-packages/airflow/example_dags/example_branch_labels.py
[2023-06-28T14:25:05.967+0000] {processor.py:826} INFO - Processing file /home/airflow/.local/lib/python3.7/site-packages/airflow/example_dags/example_branch_labels.py for tasks to queue
[2023-06-28T14:25:05.968+0000] {logging_mixin.py:149} INFO - [2023-06-28T14:25:05.968+0000] {dagbag.py:541} INFO - Filling up the DagBag from /home/airflow/.local/lib/python3.7/site-packages/airflow/example_dags/example_branch_labels.py
[2023-06-28T14:25:05.978+0000] {processor.py:836} INFO - DAG(s) dict_keys(['example_branch_labels']) retrieved from /home/airflow/.local/lib/python3.7/site-packages/airflow/example_dags/example_branch_labels.py
[2023-06-28T14:25:06.014+0000] {logging_mixin.py:149} INFO - [2023-06-28T14:25:06.014+0000] {dag.py:2726} INFO - Sync 1 DAGs
[2023-06-28T14:25:06.062+0000] {logging_mixin.py:149} INFO - [2023-06-28T14:25:06.062+0000] {dag.py:3490} INFO - Setting next_dagrun for example_branch_labels to 2023-06-27T00:00:00+00:00, run_after=2023-06-28T00:00:00+00:00
[2023-06-28T14:25:06.100+0000] {processor.py:179} INFO - Processing /home/airflow/.local/lib/python3.7/site-packages/airflow/example_dags/example_branch_labels.py took 0.138 seconds
[2023-06-28T14:25:36.486+0000] {processor.py:157} INFO - Started process (PID=1102) to work on /home/airflow/.local/lib/python3.7/site-packages/airflow/example_dags/example_branch_labels.py
[2023-06-28T14:25:36.487+0000] {processor.py:826} INFO - Processing file /home/airflow/.local/lib/python3.7/site-packages/airflow/example_dags/example_branch_labels.py for tasks to queue
[2023-06-28T14:25:36.489+0000] {logging_mixin.py:149} INFO - [2023-06-28T14:25:36.489+0000] {dagbag.py:541} INFO - Filling up the DagBag from /home/airflow/.local/lib/python3.7/site-packages/airflow/example_dags/example_branch_labels.py
[2023-06-28T14:25:36.509+0000] {processor.py:836} INFO - DAG(s) dict_keys(['example_branch_labels']) retrieved from /home/airflow/.local/lib/python3.7/site-packages/airflow/example_dags/example_branch_labels.py
[2023-06-28T14:25:36.566+0000] {logging_mixin.py:149} INFO - [2023-06-28T14:25:36.566+0000] {dag.py:2726} INFO - Sync 1 DAGs
[2023-06-28T14:25:36.622+0000] {logging_mixin.py:149} INFO - [2023-06-28T14:25:36.621+0000] {dag.py:3490} INFO - Setting next_dagrun for example_branch_labels to 2023-06-27T00:00:00+00:00, run_after=2023-06-28T00:00:00+00:00
[2023-06-28T14:25:36.679+0000] {processor.py:179} INFO - Processing /home/airflow/.local/lib/python3.7/site-packages/airflow/example_dags/example_branch_labels.py took 0.199 seconds
[2023-06-28T14:26:07.202+0000] {processor.py:157} INFO - Started process (PID=1161) to work on /home/airflow/.local/lib/python3.7/site-packages/airflow/example_dags/example_branch_labels.py
[2023-06-28T14:26:07.204+0000] {processor.py:826} INFO - Processing file /home/airflow/.local/lib/python3.7/site-packages/airflow/example_dags/example_branch_labels.py for tasks to queue
[2023-06-28T14:26:07.207+0000] {logging_mixin.py:149} INFO - [2023-06-28T14:26:07.206+0000] {dagbag.py:541} INFO - Filling up the DagBag from /home/airflow/.local/lib/python3.7/site-packages/airflow/example_dags/example_branch_labels.py
[2023-06-28T14:26:07.225+0000] {processor.py:836} INFO - DAG(s) dict_keys(['example_branch_labels']) retrieved from /home/airflow/.local/lib/python3.7/site-packages/airflow/example_dags/example_branch_labels.py
[2023-06-28T14:26:07.278+0000] {logging_mixin.py:149} INFO - [2023-06-28T14:26:07.278+0000] {dag.py:2726} INFO - Sync 1 DAGs
[2023-06-28T14:26:07.330+0000] {logging_mixin.py:149} INFO - [2023-06-28T14:26:07.329+0000] {dag.py:3490} INFO - Setting next_dagrun for example_branch_labels to 2023-06-27T00:00:00+00:00, run_after=2023-06-28T00:00:00+00:00
[2023-06-28T14:26:07.372+0000] {processor.py:179} INFO - Processing /home/airflow/.local/lib/python3.7/site-packages/airflow/example_dags/example_branch_labels.py took 0.174 seconds
[2023-06-28T14:26:37.628+0000] {processor.py:157} INFO - Started process (PID=1221) to work on /home/airflow/.local/lib/python3.7/site-packages/airflow/example_dags/example_branch_labels.py
[2023-06-28T14:26:37.630+0000] {processor.py:826} INFO - Processing file /home/airflow/.local/lib/python3.7/site-packages/airflow/example_dags/example_branch_labels.py for tasks to queue
[2023-06-28T14:26:37.631+0000] {logging_mixin.py:149} INFO - [2023-06-28T14:26:37.631+0000] {dagbag.py:541} INFO - Filling up the DagBag from /home/airflow/.local/lib/python3.7/site-packages/airflow/example_dags/example_branch_labels.py
[2023-06-28T14:26:37.641+0000] {processor.py:836} INFO - DAG(s) dict_keys(['example_branch_labels']) retrieved from /home/airflow/.local/lib/python3.7/site-packages/airflow/example_dags/example_branch_labels.py
[2023-06-28T14:26:37.681+0000] {logging_mixin.py:149} INFO - [2023-06-28T14:26:37.681+0000] {dag.py:2726} INFO - Sync 1 DAGs
[2023-06-28T14:26:37.728+0000] {logging_mixin.py:149} INFO - [2023-06-28T14:26:37.728+0000] {dag.py:3490} INFO - Setting next_dagrun for example_branch_labels to 2023-06-27T00:00:00+00:00, run_after=2023-06-28T00:00:00+00:00
[2023-06-28T14:26:37.770+0000] {processor.py:179} INFO - Processing /home/airflow/.local/lib/python3.7/site-packages/airflow/example_dags/example_branch_labels.py took 0.145 seconds
[2023-06-28T14:27:08.316+0000] {processor.py:157} INFO - Started process (PID=1280) to work on /home/airflow/.local/lib/python3.7/site-packages/airflow/example_dags/example_branch_labels.py
[2023-06-28T14:27:08.318+0000] {processor.py:826} INFO - Processing file /home/airflow/.local/lib/python3.7/site-packages/airflow/example_dags/example_branch_labels.py for tasks to queue
[2023-06-28T14:27:08.319+0000] {logging_mixin.py:149} INFO - [2023-06-28T14:27:08.319+0000] {dagbag.py:541} INFO - Filling up the DagBag from /home/airflow/.local/lib/python3.7/site-packages/airflow/example_dags/example_branch_labels.py
[2023-06-28T14:27:08.329+0000] {processor.py:836} INFO - DAG(s) dict_keys(['example_branch_labels']) retrieved from /home/airflow/.local/lib/python3.7/site-packages/airflow/example_dags/example_branch_labels.py
[2023-06-28T14:27:08.364+0000] {logging_mixin.py:149} INFO - [2023-06-28T14:27:08.363+0000] {dag.py:2726} INFO - Sync 1 DAGs
[2023-06-28T14:27:08.403+0000] {logging_mixin.py:149} INFO - [2023-06-28T14:27:08.402+0000] {dag.py:3490} INFO - Setting next_dagrun for example_branch_labels to 2023-06-27T00:00:00+00:00, run_after=2023-06-28T00:00:00+00:00
[2023-06-28T14:27:08.441+0000] {processor.py:179} INFO - Processing /home/airflow/.local/lib/python3.7/site-packages/airflow/example_dags/example_branch_labels.py took 0.129 seconds
[2023-06-28T14:27:38.951+0000] {processor.py:157} INFO - Started process (PID=1339) to work on /home/airflow/.local/lib/python3.7/site-packages/airflow/example_dags/example_branch_labels.py
[2023-06-28T14:27:38.952+0000] {processor.py:826} INFO - Processing file /home/airflow/.local/lib/python3.7/site-packages/airflow/example_dags/example_branch_labels.py for tasks to queue
[2023-06-28T14:27:38.953+0000] {logging_mixin.py:149} INFO - [2023-06-28T14:27:38.953+0000] {dagbag.py:541} INFO - Filling up the DagBag from /home/airflow/.local/lib/python3.7/site-packages/airflow/example_dags/example_branch_labels.py
[2023-06-28T14:27:38.964+0000] {processor.py:836} INFO - DAG(s) dict_keys(['example_branch_labels']) retrieved from /home/airflow/.local/lib/python3.7/site-packages/airflow/example_dags/example_branch_labels.py
[2023-06-28T14:27:38.999+0000] {logging_mixin.py:149} INFO - [2023-06-28T14:27:38.999+0000] {dag.py:2726} INFO - Sync 1 DAGs
[2023-06-28T14:27:39.037+0000] {logging_mixin.py:149} INFO - [2023-06-28T14:27:39.037+0000] {dag.py:3490} INFO - Setting next_dagrun for example_branch_labels to 2023-06-27T00:00:00+00:00, run_after=2023-06-28T00:00:00+00:00
[2023-06-28T14:27:39.077+0000] {processor.py:179} INFO - Processing /home/airflow/.local/lib/python3.7/site-packages/airflow/example_dags/example_branch_labels.py took 0.130 seconds
[2023-06-28T14:28:09.187+0000] {processor.py:157} INFO - Started process (PID=1399) to work on /home/airflow/.local/lib/python3.7/site-packages/airflow/example_dags/example_branch_labels.py
[2023-06-28T14:28:09.189+0000] {processor.py:826} INFO - Processing file /home/airflow/.local/lib/python3.7/site-packages/airflow/example_dags/example_branch_labels.py for tasks to queue
[2023-06-28T14:28:09.190+0000] {logging_mixin.py:149} INFO - [2023-06-28T14:28:09.190+0000] {dagbag.py:541} INFO - Filling up the DagBag from /home/airflow/.local/lib/python3.7/site-packages/airflow/example_dags/example_branch_labels.py
[2023-06-28T14:28:09.202+0000] {processor.py:836} INFO - DAG(s) dict_keys(['example_branch_labels']) retrieved from /home/airflow/.local/lib/python3.7/site-packages/airflow/example_dags/example_branch_labels.py
[2023-06-28T14:28:09.245+0000] {logging_mixin.py:149} INFO - [2023-06-28T14:28:09.245+0000] {dag.py:2726} INFO - Sync 1 DAGs
[2023-06-28T14:28:09.289+0000] {logging_mixin.py:149} INFO - [2023-06-28T14:28:09.289+0000] {dag.py:3490} INFO - Setting next_dagrun for example_branch_labels to 2023-06-27T00:00:00+00:00, run_after=2023-06-28T00:00:00+00:00
[2023-06-28T14:28:09.321+0000] {processor.py:179} INFO - Processing /home/airflow/.local/lib/python3.7/site-packages/airflow/example_dags/example_branch_labels.py took 0.138 seconds
[2023-06-28T14:28:39.445+0000] {processor.py:157} INFO - Started process (PID=1456) to work on /home/airflow/.local/lib/python3.7/site-packages/airflow/example_dags/example_branch_labels.py
[2023-06-28T14:28:39.447+0000] {processor.py:826} INFO - Processing file /home/airflow/.local/lib/python3.7/site-packages/airflow/example_dags/example_branch_labels.py for tasks to queue
[2023-06-28T14:28:39.448+0000] {logging_mixin.py:149} INFO - [2023-06-28T14:28:39.448+0000] {dagbag.py:541} INFO - Filling up the DagBag from /home/airflow/.local/lib/python3.7/site-packages/airflow/example_dags/example_branch_labels.py
[2023-06-28T14:28:39.464+0000] {processor.py:836} INFO - DAG(s) dict_keys(['example_branch_labels']) retrieved from /home/airflow/.local/lib/python3.7/site-packages/airflow/example_dags/example_branch_labels.py
[2023-06-28T14:28:39.503+0000] {logging_mixin.py:149} INFO - [2023-06-28T14:28:39.503+0000] {dag.py:2726} INFO - Sync 1 DAGs
[2023-06-28T14:28:39.552+0000] {logging_mixin.py:149} INFO - [2023-06-28T14:28:39.552+0000] {dag.py:3490} INFO - Setting next_dagrun for example_branch_labels to 2023-06-27T00:00:00+00:00, run_after=2023-06-28T00:00:00+00:00
[2023-06-28T14:28:39.585+0000] {processor.py:179} INFO - Processing /home/airflow/.local/lib/python3.7/site-packages/airflow/example_dags/example_branch_labels.py took 0.145 seconds
[2023-06-28T14:29:10.487+0000] {processor.py:157} INFO - Started process (PID=1516) to work on /home/airflow/.local/lib/python3.7/site-packages/airflow/example_dags/example_branch_labels.py
[2023-06-28T14:29:10.489+0000] {processor.py:826} INFO - Processing file /home/airflow/.local/lib/python3.7/site-packages/airflow/example_dags/example_branch_labels.py for tasks to queue
[2023-06-28T14:29:10.491+0000] {logging_mixin.py:149} INFO - [2023-06-28T14:29:10.490+0000] {dagbag.py:541} INFO - Filling up the DagBag from /home/airflow/.local/lib/python3.7/site-packages/airflow/example_dags/example_branch_labels.py
[2023-06-28T14:29:10.502+0000] {processor.py:836} INFO - DAG(s) dict_keys(['example_branch_labels']) retrieved from /home/airflow/.local/lib/python3.7/site-packages/airflow/example_dags/example_branch_labels.py
[2023-06-28T14:29:10.546+0000] {logging_mixin.py:149} INFO - [2023-06-28T14:29:10.545+0000] {dag.py:2726} INFO - Sync 1 DAGs
[2023-06-28T14:29:10.597+0000] {logging_mixin.py:149} INFO - [2023-06-28T14:29:10.597+0000] {dag.py:3490} INFO - Setting next_dagrun for example_branch_labels to 2023-06-27T00:00:00+00:00, run_after=2023-06-28T00:00:00+00:00
[2023-06-28T14:29:10.631+0000] {processor.py:179} INFO - Processing /home/airflow/.local/lib/python3.7/site-packages/airflow/example_dags/example_branch_labels.py took 0.149 seconds
[2023-06-28T14:29:41.040+0000] {processor.py:157} INFO - Started process (PID=1576) to work on /home/airflow/.local/lib/python3.7/site-packages/airflow/example_dags/example_branch_labels.py
[2023-06-28T14:29:41.041+0000] {processor.py:826} INFO - Processing file /home/airflow/.local/lib/python3.7/site-packages/airflow/example_dags/example_branch_labels.py for tasks to queue
[2023-06-28T14:29:41.043+0000] {logging_mixin.py:149} INFO - [2023-06-28T14:29:41.042+0000] {dagbag.py:541} INFO - Filling up the DagBag from /home/airflow/.local/lib/python3.7/site-packages/airflow/example_dags/example_branch_labels.py
[2023-06-28T14:29:41.052+0000] {processor.py:836} INFO - DAG(s) dict_keys(['example_branch_labels']) retrieved from /home/airflow/.local/lib/python3.7/site-packages/airflow/example_dags/example_branch_labels.py
[2023-06-28T14:29:41.092+0000] {logging_mixin.py:149} INFO - [2023-06-28T14:29:41.091+0000] {dag.py:2726} INFO - Sync 1 DAGs
[2023-06-28T14:29:41.132+0000] {logging_mixin.py:149} INFO - [2023-06-28T14:29:41.132+0000] {dag.py:3490} INFO - Setting next_dagrun for example_branch_labels to 2023-06-27T00:00:00+00:00, run_after=2023-06-28T00:00:00+00:00
[2023-06-28T14:29:41.162+0000] {processor.py:179} INFO - Processing /home/airflow/.local/lib/python3.7/site-packages/airflow/example_dags/example_branch_labels.py took 0.126 seconds
[2023-06-28T14:30:11.249+0000] {processor.py:157} INFO - Started process (PID=1634) to work on /home/airflow/.local/lib/python3.7/site-packages/airflow/example_dags/example_branch_labels.py
[2023-06-28T14:30:11.251+0000] {processor.py:826} INFO - Processing file /home/airflow/.local/lib/python3.7/site-packages/airflow/example_dags/example_branch_labels.py for tasks to queue
[2023-06-28T14:30:11.252+0000] {logging_mixin.py:149} INFO - [2023-06-28T14:30:11.252+0000] {dagbag.py:541} INFO - Filling up the DagBag from /home/airflow/.local/lib/python3.7/site-packages/airflow/example_dags/example_branch_labels.py
[2023-06-28T14:30:11.274+0000] {processor.py:836} INFO - DAG(s) dict_keys(['example_branch_labels']) retrieved from /home/airflow/.local/lib/python3.7/site-packages/airflow/example_dags/example_branch_labels.py
[2023-06-28T14:30:11.348+0000] {logging_mixin.py:149} INFO - [2023-06-28T14:30:11.347+0000] {dag.py:2726} INFO - Sync 1 DAGs
[2023-06-28T14:30:11.432+0000] {logging_mixin.py:149} INFO - [2023-06-28T14:30:11.432+0000] {dag.py:3490} INFO - Setting next_dagrun for example_branch_labels to 2023-06-27T00:00:00+00:00, run_after=2023-06-28T00:00:00+00:00
[2023-06-28T14:30:11.470+0000] {processor.py:179} INFO - Processing /home/airflow/.local/lib/python3.7/site-packages/airflow/example_dags/example_branch_labels.py took 0.226 seconds
[2023-06-28T14:30:41.878+0000] {processor.py:157} INFO - Started process (PID=1693) to work on /home/airflow/.local/lib/python3.7/site-packages/airflow/example_dags/example_branch_labels.py
[2023-06-28T14:30:41.879+0000] {processor.py:826} INFO - Processing file /home/airflow/.local/lib/python3.7/site-packages/airflow/example_dags/example_branch_labels.py for tasks to queue
[2023-06-28T14:30:41.881+0000] {logging_mixin.py:149} INFO - [2023-06-28T14:30:41.880+0000] {dagbag.py:541} INFO - Filling up the DagBag from /home/airflow/.local/lib/python3.7/site-packages/airflow/example_dags/example_branch_labels.py
[2023-06-28T14:30:41.894+0000] {processor.py:836} INFO - DAG(s) dict_keys(['example_branch_labels']) retrieved from /home/airflow/.local/lib/python3.7/site-packages/airflow/example_dags/example_branch_labels.py
[2023-06-28T14:30:41.937+0000] {logging_mixin.py:149} INFO - [2023-06-28T14:30:41.937+0000] {dag.py:2726} INFO - Sync 1 DAGs
[2023-06-28T14:30:41.977+0000] {logging_mixin.py:149} INFO - [2023-06-28T14:30:41.976+0000] {dag.py:3490} INFO - Setting next_dagrun for example_branch_labels to 2023-06-27T00:00:00+00:00, run_after=2023-06-28T00:00:00+00:00
[2023-06-28T14:30:42.010+0000] {processor.py:179} INFO - Processing /home/airflow/.local/lib/python3.7/site-packages/airflow/example_dags/example_branch_labels.py took 0.136 seconds
[2023-06-28T14:31:12.603+0000] {processor.py:157} INFO - Started process (PID=1753) to work on /home/airflow/.local/lib/python3.7/site-packages/airflow/example_dags/example_branch_labels.py
[2023-06-28T14:31:12.604+0000] {processor.py:826} INFO - Processing file /home/airflow/.local/lib/python3.7/site-packages/airflow/example_dags/example_branch_labels.py for tasks to queue
[2023-06-28T14:31:12.606+0000] {logging_mixin.py:149} INFO - [2023-06-28T14:31:12.606+0000] {dagbag.py:541} INFO - Filling up the DagBag from /home/airflow/.local/lib/python3.7/site-packages/airflow/example_dags/example_branch_labels.py
[2023-06-28T14:31:12.618+0000] {processor.py:836} INFO - DAG(s) dict_keys(['example_branch_labels']) retrieved from /home/airflow/.local/lib/python3.7/site-packages/airflow/example_dags/example_branch_labels.py
[2023-06-28T14:31:12.654+0000] {logging_mixin.py:149} INFO - [2023-06-28T14:31:12.653+0000] {dag.py:2726} INFO - Sync 1 DAGs
[2023-06-28T14:31:12.701+0000] {logging_mixin.py:149} INFO - [2023-06-28T14:31:12.700+0000] {dag.py:3490} INFO - Setting next_dagrun for example_branch_labels to 2023-06-27T00:00:00+00:00, run_after=2023-06-28T00:00:00+00:00
[2023-06-28T14:31:12.733+0000] {processor.py:179} INFO - Processing /home/airflow/.local/lib/python3.7/site-packages/airflow/example_dags/example_branch_labels.py took 0.138 seconds
[2023-06-28T14:31:42.883+0000] {processor.py:157} INFO - Started process (PID=1812) to work on /home/airflow/.local/lib/python3.7/site-packages/airflow/example_dags/example_branch_labels.py
[2023-06-28T14:31:42.885+0000] {processor.py:826} INFO - Processing file /home/airflow/.local/lib/python3.7/site-packages/airflow/example_dags/example_branch_labels.py for tasks to queue
[2023-06-28T14:31:42.886+0000] {logging_mixin.py:149} INFO - [2023-06-28T14:31:42.886+0000] {dagbag.py:541} INFO - Filling up the DagBag from /home/airflow/.local/lib/python3.7/site-packages/airflow/example_dags/example_branch_labels.py
[2023-06-28T14:31:42.896+0000] {processor.py:836} INFO - DAG(s) dict_keys(['example_branch_labels']) retrieved from /home/airflow/.local/lib/python3.7/site-packages/airflow/example_dags/example_branch_labels.py
[2023-06-28T14:31:42.929+0000] {logging_mixin.py:149} INFO - [2023-06-28T14:31:42.929+0000] {dag.py:2726} INFO - Sync 1 DAGs
[2023-06-28T14:31:42.965+0000] {logging_mixin.py:149} INFO - [2023-06-28T14:31:42.964+0000] {dag.py:3490} INFO - Setting next_dagrun for example_branch_labels to 2023-06-27T00:00:00+00:00, run_after=2023-06-28T00:00:00+00:00
[2023-06-28T14:31:42.996+0000] {processor.py:179} INFO - Processing /home/airflow/.local/lib/python3.7/site-packages/airflow/example_dags/example_branch_labels.py took 0.117 seconds
[2023-06-28T14:32:13.460+0000] {processor.py:157} INFO - Started process (PID=1872) to work on /home/airflow/.local/lib/python3.7/site-packages/airflow/example_dags/example_branch_labels.py
[2023-06-28T14:32:13.461+0000] {processor.py:826} INFO - Processing file /home/airflow/.local/lib/python3.7/site-packages/airflow/example_dags/example_branch_labels.py for tasks to queue
[2023-06-28T14:32:13.463+0000] {logging_mixin.py:149} INFO - [2023-06-28T14:32:13.463+0000] {dagbag.py:541} INFO - Filling up the DagBag from /home/airflow/.local/lib/python3.7/site-packages/airflow/example_dags/example_branch_labels.py
[2023-06-28T14:32:13.475+0000] {processor.py:836} INFO - DAG(s) dict_keys(['example_branch_labels']) retrieved from /home/airflow/.local/lib/python3.7/site-packages/airflow/example_dags/example_branch_labels.py
[2023-06-28T14:32:13.519+0000] {logging_mixin.py:149} INFO - [2023-06-28T14:32:13.518+0000] {dag.py:2726} INFO - Sync 1 DAGs
[2023-06-28T14:32:13.556+0000] {logging_mixin.py:149} INFO - [2023-06-28T14:32:13.555+0000] {dag.py:3490} INFO - Setting next_dagrun for example_branch_labels to 2023-06-27T00:00:00+00:00, run_after=2023-06-28T00:00:00+00:00
[2023-06-28T14:32:13.586+0000] {processor.py:179} INFO - Processing /home/airflow/.local/lib/python3.7/site-packages/airflow/example_dags/example_branch_labels.py took 0.132 seconds
[2023-06-28T14:32:43.754+0000] {processor.py:157} INFO - Started process (PID=1929) to work on /home/airflow/.local/lib/python3.7/site-packages/airflow/example_dags/example_branch_labels.py
[2023-06-28T14:32:43.756+0000] {processor.py:826} INFO - Processing file /home/airflow/.local/lib/python3.7/site-packages/airflow/example_dags/example_branch_labels.py for tasks to queue
[2023-06-28T14:32:43.757+0000] {logging_mixin.py:149} INFO - [2023-06-28T14:32:43.757+0000] {dagbag.py:541} INFO - Filling up the DagBag from /home/airflow/.local/lib/python3.7/site-packages/airflow/example_dags/example_branch_labels.py
[2023-06-28T14:32:43.769+0000] {processor.py:836} INFO - DAG(s) dict_keys(['example_branch_labels']) retrieved from /home/airflow/.local/lib/python3.7/site-packages/airflow/example_dags/example_branch_labels.py
[2023-06-28T14:32:43.804+0000] {logging_mixin.py:149} INFO - [2023-06-28T14:32:43.804+0000] {dag.py:2726} INFO - Sync 1 DAGs
[2023-06-28T14:32:43.843+0000] {logging_mixin.py:149} INFO - [2023-06-28T14:32:43.843+0000] {dag.py:3490} INFO - Setting next_dagrun for example_branch_labels to 2023-06-27T00:00:00+00:00, run_after=2023-06-28T00:00:00+00:00
[2023-06-28T14:32:43.876+0000] {processor.py:179} INFO - Processing /home/airflow/.local/lib/python3.7/site-packages/airflow/example_dags/example_branch_labels.py took 0.125 seconds
[2023-06-28T14:33:14.026+0000] {processor.py:157} INFO - Started process (PID=1987) to work on /home/airflow/.local/lib/python3.7/site-packages/airflow/example_dags/example_branch_labels.py
[2023-06-28T14:33:14.028+0000] {processor.py:826} INFO - Processing file /home/airflow/.local/lib/python3.7/site-packages/airflow/example_dags/example_branch_labels.py for tasks to queue
[2023-06-28T14:33:14.029+0000] {logging_mixin.py:149} INFO - [2023-06-28T14:33:14.029+0000] {dagbag.py:541} INFO - Filling up the DagBag from /home/airflow/.local/lib/python3.7/site-packages/airflow/example_dags/example_branch_labels.py
[2023-06-28T14:33:14.040+0000] {processor.py:836} INFO - DAG(s) dict_keys(['example_branch_labels']) retrieved from /home/airflow/.local/lib/python3.7/site-packages/airflow/example_dags/example_branch_labels.py
[2023-06-28T14:33:14.076+0000] {logging_mixin.py:149} INFO - [2023-06-28T14:33:14.076+0000] {dag.py:2726} INFO - Sync 1 DAGs
[2023-06-28T14:33:14.119+0000] {logging_mixin.py:149} INFO - [2023-06-28T14:33:14.119+0000] {dag.py:3490} INFO - Setting next_dagrun for example_branch_labels to 2023-06-27T00:00:00+00:00, run_after=2023-06-28T00:00:00+00:00
[2023-06-28T14:33:14.151+0000] {processor.py:179} INFO - Processing /home/airflow/.local/lib/python3.7/site-packages/airflow/example_dags/example_branch_labels.py took 0.129 seconds
[2023-06-28T14:33:44.643+0000] {processor.py:157} INFO - Started process (PID=2047) to work on /home/airflow/.local/lib/python3.7/site-packages/airflow/example_dags/example_branch_labels.py
[2023-06-28T14:33:44.644+0000] {processor.py:826} INFO - Processing file /home/airflow/.local/lib/python3.7/site-packages/airflow/example_dags/example_branch_labels.py for tasks to queue
[2023-06-28T14:33:44.646+0000] {logging_mixin.py:149} INFO - [2023-06-28T14:33:44.646+0000] {dagbag.py:541} INFO - Filling up the DagBag from /home/airflow/.local/lib/python3.7/site-packages/airflow/example_dags/example_branch_labels.py
[2023-06-28T14:33:44.656+0000] {processor.py:836} INFO - DAG(s) dict_keys(['example_branch_labels']) retrieved from /home/airflow/.local/lib/python3.7/site-packages/airflow/example_dags/example_branch_labels.py
[2023-06-28T14:33:44.696+0000] {logging_mixin.py:149} INFO - [2023-06-28T14:33:44.696+0000] {dag.py:2726} INFO - Sync 1 DAGs
[2023-06-28T14:33:44.739+0000] {logging_mixin.py:149} INFO - [2023-06-28T14:33:44.739+0000] {dag.py:3490} INFO - Setting next_dagrun for example_branch_labels to 2023-06-27T00:00:00+00:00, run_after=2023-06-28T00:00:00+00:00
[2023-06-28T14:33:44.772+0000] {processor.py:179} INFO - Processing /home/airflow/.local/lib/python3.7/site-packages/airflow/example_dags/example_branch_labels.py took 0.134 seconds
[2023-06-28T14:34:15.671+0000] {processor.py:157} INFO - Started process (PID=2106) to work on /home/airflow/.local/lib/python3.7/site-packages/airflow/example_dags/example_branch_labels.py
[2023-06-28T14:34:15.673+0000] {processor.py:826} INFO - Processing file /home/airflow/.local/lib/python3.7/site-packages/airflow/example_dags/example_branch_labels.py for tasks to queue
[2023-06-28T14:34:15.674+0000] {logging_mixin.py:149} INFO - [2023-06-28T14:34:15.674+0000] {dagbag.py:541} INFO - Filling up the DagBag from /home/airflow/.local/lib/python3.7/site-packages/airflow/example_dags/example_branch_labels.py
[2023-06-28T14:34:15.685+0000] {processor.py:836} INFO - DAG(s) dict_keys(['example_branch_labels']) retrieved from /home/airflow/.local/lib/python3.7/site-packages/airflow/example_dags/example_branch_labels.py
[2023-06-28T14:34:15.722+0000] {logging_mixin.py:149} INFO - [2023-06-28T14:34:15.722+0000] {dag.py:2726} INFO - Sync 1 DAGs
[2023-06-28T14:34:15.767+0000] {logging_mixin.py:149} INFO - [2023-06-28T14:34:15.767+0000] {dag.py:3490} INFO - Setting next_dagrun for example_branch_labels to 2023-06-27T00:00:00+00:00, run_after=2023-06-28T00:00:00+00:00
[2023-06-28T14:34:15.801+0000] {processor.py:179} INFO - Processing /home/airflow/.local/lib/python3.7/site-packages/airflow/example_dags/example_branch_labels.py took 0.138 seconds
[2023-06-28T14:34:45.898+0000] {processor.py:157} INFO - Started process (PID=2164) to work on /home/airflow/.local/lib/python3.7/site-packages/airflow/example_dags/example_branch_labels.py
[2023-06-28T14:34:45.899+0000] {processor.py:826} INFO - Processing file /home/airflow/.local/lib/python3.7/site-packages/airflow/example_dags/example_branch_labels.py for tasks to queue
[2023-06-28T14:34:45.901+0000] {logging_mixin.py:149} INFO - [2023-06-28T14:34:45.900+0000] {dagbag.py:541} INFO - Filling up the DagBag from /home/airflow/.local/lib/python3.7/site-packages/airflow/example_dags/example_branch_labels.py
[2023-06-28T14:34:45.912+0000] {processor.py:836} INFO - DAG(s) dict_keys(['example_branch_labels']) retrieved from /home/airflow/.local/lib/python3.7/site-packages/airflow/example_dags/example_branch_labels.py
[2023-06-28T14:34:45.946+0000] {logging_mixin.py:149} INFO - [2023-06-28T14:34:45.945+0000] {dag.py:2726} INFO - Sync 1 DAGs
[2023-06-28T14:34:45.981+0000] {logging_mixin.py:149} INFO - [2023-06-28T14:34:45.981+0000] {dag.py:3490} INFO - Setting next_dagrun for example_branch_labels to 2023-06-27T00:00:00+00:00, run_after=2023-06-28T00:00:00+00:00
[2023-06-28T14:34:46.015+0000] {processor.py:179} INFO - Processing /home/airflow/.local/lib/python3.7/site-packages/airflow/example_dags/example_branch_labels.py took 0.121 seconds
[2023-06-28T14:35:16.167+0000] {processor.py:157} INFO - Started process (PID=2224) to work on /home/airflow/.local/lib/python3.7/site-packages/airflow/example_dags/example_branch_labels.py
[2023-06-28T14:35:16.168+0000] {processor.py:826} INFO - Processing file /home/airflow/.local/lib/python3.7/site-packages/airflow/example_dags/example_branch_labels.py for tasks to queue
[2023-06-28T14:35:16.169+0000] {logging_mixin.py:149} INFO - [2023-06-28T14:35:16.169+0000] {dagbag.py:541} INFO - Filling up the DagBag from /home/airflow/.local/lib/python3.7/site-packages/airflow/example_dags/example_branch_labels.py
[2023-06-28T14:35:16.184+0000] {processor.py:836} INFO - DAG(s) dict_keys(['example_branch_labels']) retrieved from /home/airflow/.local/lib/python3.7/site-packages/airflow/example_dags/example_branch_labels.py
[2023-06-28T14:35:16.225+0000] {logging_mixin.py:149} INFO - [2023-06-28T14:35:16.225+0000] {dag.py:2726} INFO - Sync 1 DAGs
[2023-06-28T14:35:16.264+0000] {logging_mixin.py:149} INFO - [2023-06-28T14:35:16.264+0000] {dag.py:3490} INFO - Setting next_dagrun for example_branch_labels to 2023-06-27T00:00:00+00:00, run_after=2023-06-28T00:00:00+00:00
[2023-06-28T14:35:16.295+0000] {processor.py:179} INFO - Processing /home/airflow/.local/lib/python3.7/site-packages/airflow/example_dags/example_branch_labels.py took 0.134 seconds
[2023-06-28T14:35:46.923+0000] {processor.py:157} INFO - Started process (PID=2283) to work on /home/airflow/.local/lib/python3.7/site-packages/airflow/example_dags/example_branch_labels.py
[2023-06-28T14:35:46.925+0000] {processor.py:826} INFO - Processing file /home/airflow/.local/lib/python3.7/site-packages/airflow/example_dags/example_branch_labels.py for tasks to queue
[2023-06-28T14:35:46.927+0000] {logging_mixin.py:149} INFO - [2023-06-28T14:35:46.927+0000] {dagbag.py:541} INFO - Filling up the DagBag from /home/airflow/.local/lib/python3.7/site-packages/airflow/example_dags/example_branch_labels.py
[2023-06-28T14:35:46.949+0000] {processor.py:836} INFO - DAG(s) dict_keys(['example_branch_labels']) retrieved from /home/airflow/.local/lib/python3.7/site-packages/airflow/example_dags/example_branch_labels.py
[2023-06-28T14:35:47.019+0000] {logging_mixin.py:149} INFO - [2023-06-28T14:35:47.019+0000] {dag.py:2726} INFO - Sync 1 DAGs
[2023-06-28T14:35:47.089+0000] {logging_mixin.py:149} INFO - [2023-06-28T14:35:47.089+0000] {dag.py:3490} INFO - Setting next_dagrun for example_branch_labels to 2023-06-27T00:00:00+00:00, run_after=2023-06-28T00:00:00+00:00
[2023-06-28T14:35:47.147+0000] {processor.py:179} INFO - Processing /home/airflow/.local/lib/python3.7/site-packages/airflow/example_dags/example_branch_labels.py took 0.231 seconds
[2023-06-28T14:36:17.283+0000] {processor.py:157} INFO - Started process (PID=2343) to work on /home/airflow/.local/lib/python3.7/site-packages/airflow/example_dags/example_branch_labels.py
[2023-06-28T14:36:17.284+0000] {processor.py:826} INFO - Processing file /home/airflow/.local/lib/python3.7/site-packages/airflow/example_dags/example_branch_labels.py for tasks to queue
[2023-06-28T14:36:17.289+0000] {logging_mixin.py:149} INFO - [2023-06-28T14:36:17.286+0000] {dagbag.py:541} INFO - Filling up the DagBag from /home/airflow/.local/lib/python3.7/site-packages/airflow/example_dags/example_branch_labels.py
[2023-06-28T14:36:17.315+0000] {processor.py:836} INFO - DAG(s) dict_keys(['example_branch_labels']) retrieved from /home/airflow/.local/lib/python3.7/site-packages/airflow/example_dags/example_branch_labels.py
[2023-06-28T14:36:17.370+0000] {logging_mixin.py:149} INFO - [2023-06-28T14:36:17.369+0000] {dag.py:2726} INFO - Sync 1 DAGs
[2023-06-28T14:36:17.422+0000] {logging_mixin.py:149} INFO - [2023-06-28T14:36:17.422+0000] {dag.py:3490} INFO - Setting next_dagrun for example_branch_labels to 2023-06-27T00:00:00+00:00, run_after=2023-06-28T00:00:00+00:00
[2023-06-28T14:36:17.457+0000] {processor.py:179} INFO - Processing /home/airflow/.local/lib/python3.7/site-packages/airflow/example_dags/example_branch_labels.py took 0.180 seconds
[2023-06-28T14:36:47.747+0000] {processor.py:157} INFO - Started process (PID=2402) to work on /home/airflow/.local/lib/python3.7/site-packages/airflow/example_dags/example_branch_labels.py
[2023-06-28T14:36:47.749+0000] {processor.py:826} INFO - Processing file /home/airflow/.local/lib/python3.7/site-packages/airflow/example_dags/example_branch_labels.py for tasks to queue
[2023-06-28T14:36:47.750+0000] {logging_mixin.py:149} INFO - [2023-06-28T14:36:47.750+0000] {dagbag.py:541} INFO - Filling up the DagBag from /home/airflow/.local/lib/python3.7/site-packages/airflow/example_dags/example_branch_labels.py
[2023-06-28T14:36:47.761+0000] {processor.py:836} INFO - DAG(s) dict_keys(['example_branch_labels']) retrieved from /home/airflow/.local/lib/python3.7/site-packages/airflow/example_dags/example_branch_labels.py
[2023-06-28T14:36:47.835+0000] {logging_mixin.py:149} INFO - [2023-06-28T14:36:47.834+0000] {dag.py:2726} INFO - Sync 1 DAGs
[2023-06-28T14:36:47.938+0000] {logging_mixin.py:149} INFO - [2023-06-28T14:36:47.937+0000] {dag.py:3490} INFO - Setting next_dagrun for example_branch_labels to 2023-06-27T00:00:00+00:00, run_after=2023-06-28T00:00:00+00:00
[2023-06-28T14:36:47.985+0000] {processor.py:179} INFO - Processing /home/airflow/.local/lib/python3.7/site-packages/airflow/example_dags/example_branch_labels.py took 0.244 seconds
[2023-06-28T14:37:18.151+0000] {processor.py:157} INFO - Started process (PID=2461) to work on /home/airflow/.local/lib/python3.7/site-packages/airflow/example_dags/example_branch_labels.py
[2023-06-28T14:37:18.152+0000] {processor.py:826} INFO - Processing file /home/airflow/.local/lib/python3.7/site-packages/airflow/example_dags/example_branch_labels.py for tasks to queue
[2023-06-28T14:37:18.154+0000] {logging_mixin.py:149} INFO - [2023-06-28T14:37:18.154+0000] {dagbag.py:541} INFO - Filling up the DagBag from /home/airflow/.local/lib/python3.7/site-packages/airflow/example_dags/example_branch_labels.py
[2023-06-28T14:37:18.165+0000] {processor.py:836} INFO - DAG(s) dict_keys(['example_branch_labels']) retrieved from /home/airflow/.local/lib/python3.7/site-packages/airflow/example_dags/example_branch_labels.py
[2023-06-28T14:37:18.207+0000] {logging_mixin.py:149} INFO - [2023-06-28T14:37:18.207+0000] {dag.py:2726} INFO - Sync 1 DAGs
[2023-06-28T14:37:18.248+0000] {logging_mixin.py:149} INFO - [2023-06-28T14:37:18.248+0000] {dag.py:3490} INFO - Setting next_dagrun for example_branch_labels to 2023-06-27T00:00:00+00:00, run_after=2023-06-28T00:00:00+00:00
[2023-06-28T14:37:18.286+0000] {processor.py:179} INFO - Processing /home/airflow/.local/lib/python3.7/site-packages/airflow/example_dags/example_branch_labels.py took 0.140 seconds
[2023-06-28T14:37:49.328+0000] {processor.py:157} INFO - Started process (PID=2520) to work on /home/airflow/.local/lib/python3.7/site-packages/airflow/example_dags/example_branch_labels.py
[2023-06-28T14:37:49.330+0000] {processor.py:826} INFO - Processing file /home/airflow/.local/lib/python3.7/site-packages/airflow/example_dags/example_branch_labels.py for tasks to queue
[2023-06-28T14:37:49.331+0000] {logging_mixin.py:149} INFO - [2023-06-28T14:37:49.331+0000] {dagbag.py:541} INFO - Filling up the DagBag from /home/airflow/.local/lib/python3.7/site-packages/airflow/example_dags/example_branch_labels.py
[2023-06-28T14:37:49.346+0000] {processor.py:836} INFO - DAG(s) dict_keys(['example_branch_labels']) retrieved from /home/airflow/.local/lib/python3.7/site-packages/airflow/example_dags/example_branch_labels.py
[2023-06-28T14:37:49.385+0000] {logging_mixin.py:149} INFO - [2023-06-28T14:37:49.385+0000] {dag.py:2726} INFO - Sync 1 DAGs
[2023-06-28T14:37:49.426+0000] {logging_mixin.py:149} INFO - [2023-06-28T14:37:49.425+0000] {dag.py:3490} INFO - Setting next_dagrun for example_branch_labels to 2023-06-27T00:00:00+00:00, run_after=2023-06-28T00:00:00+00:00
[2023-06-28T14:37:49.459+0000] {processor.py:179} INFO - Processing /home/airflow/.local/lib/python3.7/site-packages/airflow/example_dags/example_branch_labels.py took 0.136 seconds
[2023-06-28T14:38:19.514+0000] {processor.py:157} INFO - Started process (PID=2580) to work on /home/airflow/.local/lib/python3.7/site-packages/airflow/example_dags/example_branch_labels.py
[2023-06-28T14:38:19.516+0000] {processor.py:826} INFO - Processing file /home/airflow/.local/lib/python3.7/site-packages/airflow/example_dags/example_branch_labels.py for tasks to queue
[2023-06-28T14:38:19.517+0000] {logging_mixin.py:149} INFO - [2023-06-28T14:38:19.517+0000] {dagbag.py:541} INFO - Filling up the DagBag from /home/airflow/.local/lib/python3.7/site-packages/airflow/example_dags/example_branch_labels.py
[2023-06-28T14:38:19.527+0000] {processor.py:836} INFO - DAG(s) dict_keys(['example_branch_labels']) retrieved from /home/airflow/.local/lib/python3.7/site-packages/airflow/example_dags/example_branch_labels.py
[2023-06-28T14:38:19.560+0000] {logging_mixin.py:149} INFO - [2023-06-28T14:38:19.560+0000] {dag.py:2726} INFO - Sync 1 DAGs
[2023-06-28T14:38:19.599+0000] {logging_mixin.py:149} INFO - [2023-06-28T14:38:19.599+0000] {dag.py:3490} INFO - Setting next_dagrun for example_branch_labels to 2023-06-27T00:00:00+00:00, run_after=2023-06-28T00:00:00+00:00
[2023-06-28T14:38:19.645+0000] {processor.py:179} INFO - Processing /home/airflow/.local/lib/python3.7/site-packages/airflow/example_dags/example_branch_labels.py took 0.135 seconds
[2023-06-28T14:38:49.823+0000] {processor.py:157} INFO - Started process (PID=2639) to work on /home/airflow/.local/lib/python3.7/site-packages/airflow/example_dags/example_branch_labels.py
[2023-06-28T14:38:49.825+0000] {processor.py:826} INFO - Processing file /home/airflow/.local/lib/python3.7/site-packages/airflow/example_dags/example_branch_labels.py for tasks to queue
[2023-06-28T14:38:49.826+0000] {logging_mixin.py:149} INFO - [2023-06-28T14:38:49.826+0000] {dagbag.py:541} INFO - Filling up the DagBag from /home/airflow/.local/lib/python3.7/site-packages/airflow/example_dags/example_branch_labels.py
[2023-06-28T14:38:49.836+0000] {processor.py:836} INFO - DAG(s) dict_keys(['example_branch_labels']) retrieved from /home/airflow/.local/lib/python3.7/site-packages/airflow/example_dags/example_branch_labels.py
[2023-06-28T14:38:49.869+0000] {logging_mixin.py:149} INFO - [2023-06-28T14:38:49.869+0000] {dag.py:2726} INFO - Sync 1 DAGs
[2023-06-28T14:38:49.905+0000] {logging_mixin.py:149} INFO - [2023-06-28T14:38:49.905+0000] {dag.py:3490} INFO - Setting next_dagrun for example_branch_labels to 2023-06-27T00:00:00+00:00, run_after=2023-06-28T00:00:00+00:00
[2023-06-28T14:38:49.938+0000] {processor.py:179} INFO - Processing /home/airflow/.local/lib/python3.7/site-packages/airflow/example_dags/example_branch_labels.py took 0.119 seconds
[2023-06-28T14:39:20.265+0000] {processor.py:157} INFO - Started process (PID=2698) to work on /home/airflow/.local/lib/python3.7/site-packages/airflow/example_dags/example_branch_labels.py
[2023-06-28T14:39:20.267+0000] {processor.py:826} INFO - Processing file /home/airflow/.local/lib/python3.7/site-packages/airflow/example_dags/example_branch_labels.py for tasks to queue
[2023-06-28T14:39:20.269+0000] {logging_mixin.py:149} INFO - [2023-06-28T14:39:20.269+0000] {dagbag.py:541} INFO - Filling up the DagBag from /home/airflow/.local/lib/python3.7/site-packages/airflow/example_dags/example_branch_labels.py
[2023-06-28T14:39:20.290+0000] {processor.py:836} INFO - DAG(s) dict_keys(['example_branch_labels']) retrieved from /home/airflow/.local/lib/python3.7/site-packages/airflow/example_dags/example_branch_labels.py
[2023-06-28T14:39:20.355+0000] {logging_mixin.py:149} INFO - [2023-06-28T14:39:20.355+0000] {dag.py:2726} INFO - Sync 1 DAGs
[2023-06-28T14:39:20.417+0000] {logging_mixin.py:149} INFO - [2023-06-28T14:39:20.417+0000] {dag.py:3490} INFO - Setting next_dagrun for example_branch_labels to 2023-06-27T00:00:00+00:00, run_after=2023-06-28T00:00:00+00:00
[2023-06-28T14:39:20.467+0000] {processor.py:179} INFO - Processing /home/airflow/.local/lib/python3.7/site-packages/airflow/example_dags/example_branch_labels.py took 0.207 seconds
[2023-06-28T14:39:50.963+0000] {processor.py:157} INFO - Started process (PID=2757) to work on /home/airflow/.local/lib/python3.7/site-packages/airflow/example_dags/example_branch_labels.py
[2023-06-28T14:39:50.964+0000] {processor.py:826} INFO - Processing file /home/airflow/.local/lib/python3.7/site-packages/airflow/example_dags/example_branch_labels.py for tasks to queue
[2023-06-28T14:39:50.965+0000] {logging_mixin.py:149} INFO - [2023-06-28T14:39:50.965+0000] {dagbag.py:541} INFO - Filling up the DagBag from /home/airflow/.local/lib/python3.7/site-packages/airflow/example_dags/example_branch_labels.py
[2023-06-28T14:39:50.979+0000] {processor.py:836} INFO - DAG(s) dict_keys(['example_branch_labels']) retrieved from /home/airflow/.local/lib/python3.7/site-packages/airflow/example_dags/example_branch_labels.py
[2023-06-28T14:39:51.018+0000] {logging_mixin.py:149} INFO - [2023-06-28T14:39:51.018+0000] {dag.py:2726} INFO - Sync 1 DAGs
[2023-06-28T14:39:51.059+0000] {logging_mixin.py:149} INFO - [2023-06-28T14:39:51.059+0000] {dag.py:3490} INFO - Setting next_dagrun for example_branch_labels to 2023-06-27T00:00:00+00:00, run_after=2023-06-28T00:00:00+00:00
[2023-06-28T14:39:51.093+0000] {processor.py:179} INFO - Processing /home/airflow/.local/lib/python3.7/site-packages/airflow/example_dags/example_branch_labels.py took 0.136 seconds
[2023-06-28T14:40:21.191+0000] {processor.py:157} INFO - Started process (PID=2817) to work on /home/airflow/.local/lib/python3.7/site-packages/airflow/example_dags/example_branch_labels.py
[2023-06-28T14:40:21.193+0000] {processor.py:826} INFO - Processing file /home/airflow/.local/lib/python3.7/site-packages/airflow/example_dags/example_branch_labels.py for tasks to queue
[2023-06-28T14:40:21.195+0000] {logging_mixin.py:149} INFO - [2023-06-28T14:40:21.194+0000] {dagbag.py:541} INFO - Filling up the DagBag from /home/airflow/.local/lib/python3.7/site-packages/airflow/example_dags/example_branch_labels.py
[2023-06-28T14:40:21.209+0000] {processor.py:836} INFO - DAG(s) dict_keys(['example_branch_labels']) retrieved from /home/airflow/.local/lib/python3.7/site-packages/airflow/example_dags/example_branch_labels.py
[2023-06-28T14:40:21.248+0000] {logging_mixin.py:149} INFO - [2023-06-28T14:40:21.248+0000] {dag.py:2726} INFO - Sync 1 DAGs
[2023-06-28T14:40:21.288+0000] {logging_mixin.py:149} INFO - [2023-06-28T14:40:21.287+0000] {dag.py:3490} INFO - Setting next_dagrun for example_branch_labels to 2023-06-27T00:00:00+00:00, run_after=2023-06-28T00:00:00+00:00
[2023-06-28T14:40:21.348+0000] {processor.py:179} INFO - Processing /home/airflow/.local/lib/python3.7/site-packages/airflow/example_dags/example_branch_labels.py took 0.162 seconds
[2023-06-28T14:40:51.405+0000] {processor.py:157} INFO - Started process (PID=2877) to work on /home/airflow/.local/lib/python3.7/site-packages/airflow/example_dags/example_branch_labels.py
[2023-06-28T14:40:51.406+0000] {processor.py:826} INFO - Processing file /home/airflow/.local/lib/python3.7/site-packages/airflow/example_dags/example_branch_labels.py for tasks to queue
[2023-06-28T14:40:51.408+0000] {logging_mixin.py:149} INFO - [2023-06-28T14:40:51.407+0000] {dagbag.py:541} INFO - Filling up the DagBag from /home/airflow/.local/lib/python3.7/site-packages/airflow/example_dags/example_branch_labels.py
[2023-06-28T14:40:51.420+0000] {processor.py:836} INFO - DAG(s) dict_keys(['example_branch_labels']) retrieved from /home/airflow/.local/lib/python3.7/site-packages/airflow/example_dags/example_branch_labels.py
[2023-06-28T14:40:51.463+0000] {logging_mixin.py:149} INFO - [2023-06-28T14:40:51.463+0000] {dag.py:2726} INFO - Sync 1 DAGs
[2023-06-28T14:40:51.519+0000] {logging_mixin.py:149} INFO - [2023-06-28T14:40:51.518+0000] {dag.py:3490} INFO - Setting next_dagrun for example_branch_labels to 2023-06-27T00:00:00+00:00, run_after=2023-06-28T00:00:00+00:00
[2023-06-28T14:40:51.580+0000] {processor.py:179} INFO - Processing /home/airflow/.local/lib/python3.7/site-packages/airflow/example_dags/example_branch_labels.py took 0.179 seconds
[2023-06-28T14:41:21.781+0000] {processor.py:157} INFO - Started process (PID=2936) to work on /home/airflow/.local/lib/python3.7/site-packages/airflow/example_dags/example_branch_labels.py
[2023-06-28T14:41:21.784+0000] {processor.py:826} INFO - Processing file /home/airflow/.local/lib/python3.7/site-packages/airflow/example_dags/example_branch_labels.py for tasks to queue
[2023-06-28T14:41:21.787+0000] {logging_mixin.py:149} INFO - [2023-06-28T14:41:21.786+0000] {dagbag.py:541} INFO - Filling up the DagBag from /home/airflow/.local/lib/python3.7/site-packages/airflow/example_dags/example_branch_labels.py
[2023-06-28T14:41:21.810+0000] {processor.py:836} INFO - DAG(s) dict_keys(['example_branch_labels']) retrieved from /home/airflow/.local/lib/python3.7/site-packages/airflow/example_dags/example_branch_labels.py
[2023-06-28T14:41:21.875+0000] {logging_mixin.py:149} INFO - [2023-06-28T14:41:21.875+0000] {dag.py:2726} INFO - Sync 1 DAGs
[2023-06-28T14:41:21.930+0000] {logging_mixin.py:149} INFO - [2023-06-28T14:41:21.930+0000] {dag.py:3490} INFO - Setting next_dagrun for example_branch_labels to 2023-06-27T00:00:00+00:00, run_after=2023-06-28T00:00:00+00:00
[2023-06-28T14:41:21.968+0000] {processor.py:179} INFO - Processing /home/airflow/.local/lib/python3.7/site-packages/airflow/example_dags/example_branch_labels.py took 0.194 seconds
[2023-06-28T14:41:52.032+0000] {processor.py:157} INFO - Started process (PID=2996) to work on /home/airflow/.local/lib/python3.7/site-packages/airflow/example_dags/example_branch_labels.py
[2023-06-28T14:41:52.034+0000] {processor.py:826} INFO - Processing file /home/airflow/.local/lib/python3.7/site-packages/airflow/example_dags/example_branch_labels.py for tasks to queue
[2023-06-28T14:41:52.037+0000] {logging_mixin.py:149} INFO - [2023-06-28T14:41:52.036+0000] {dagbag.py:541} INFO - Filling up the DagBag from /home/airflow/.local/lib/python3.7/site-packages/airflow/example_dags/example_branch_labels.py
[2023-06-28T14:41:52.049+0000] {processor.py:836} INFO - DAG(s) dict_keys(['example_branch_labels']) retrieved from /home/airflow/.local/lib/python3.7/site-packages/airflow/example_dags/example_branch_labels.py
[2023-06-28T14:41:52.085+0000] {logging_mixin.py:149} INFO - [2023-06-28T14:41:52.085+0000] {dag.py:2726} INFO - Sync 1 DAGs
[2023-06-28T14:41:52.130+0000] {logging_mixin.py:149} INFO - [2023-06-28T14:41:52.129+0000] {dag.py:3490} INFO - Setting next_dagrun for example_branch_labels to 2023-06-27T00:00:00+00:00, run_after=2023-06-28T00:00:00+00:00
[2023-06-28T14:41:52.164+0000] {processor.py:179} INFO - Processing /home/airflow/.local/lib/python3.7/site-packages/airflow/example_dags/example_branch_labels.py took 0.136 seconds
[2023-06-28T14:42:22.507+0000] {processor.py:157} INFO - Started process (PID=3054) to work on /home/airflow/.local/lib/python3.7/site-packages/airflow/example_dags/example_branch_labels.py
[2023-06-28T14:42:22.509+0000] {processor.py:826} INFO - Processing file /home/airflow/.local/lib/python3.7/site-packages/airflow/example_dags/example_branch_labels.py for tasks to queue
[2023-06-28T14:42:22.510+0000] {logging_mixin.py:149} INFO - [2023-06-28T14:42:22.510+0000] {dagbag.py:541} INFO - Filling up the DagBag from /home/airflow/.local/lib/python3.7/site-packages/airflow/example_dags/example_branch_labels.py
[2023-06-28T14:42:22.519+0000] {processor.py:836} INFO - DAG(s) dict_keys(['example_branch_labels']) retrieved from /home/airflow/.local/lib/python3.7/site-packages/airflow/example_dags/example_branch_labels.py
[2023-06-28T14:42:22.555+0000] {logging_mixin.py:149} INFO - [2023-06-28T14:42:22.554+0000] {dag.py:2726} INFO - Sync 1 DAGs
[2023-06-28T14:42:22.594+0000] {logging_mixin.py:149} INFO - [2023-06-28T14:42:22.594+0000] {dag.py:3490} INFO - Setting next_dagrun for example_branch_labels to 2023-06-27T00:00:00+00:00, run_after=2023-06-28T00:00:00+00:00
[2023-06-28T14:42:22.630+0000] {processor.py:179} INFO - Processing /home/airflow/.local/lib/python3.7/site-packages/airflow/example_dags/example_branch_labels.py took 0.127 seconds
[2023-06-28T14:42:52.876+0000] {processor.py:157} INFO - Started process (PID=3113) to work on /home/airflow/.local/lib/python3.7/site-packages/airflow/example_dags/example_branch_labels.py
[2023-06-28T14:42:52.877+0000] {processor.py:826} INFO - Processing file /home/airflow/.local/lib/python3.7/site-packages/airflow/example_dags/example_branch_labels.py for tasks to queue
[2023-06-28T14:42:52.878+0000] {logging_mixin.py:149} INFO - [2023-06-28T14:42:52.878+0000] {dagbag.py:541} INFO - Filling up the DagBag from /home/airflow/.local/lib/python3.7/site-packages/airflow/example_dags/example_branch_labels.py
[2023-06-28T14:42:52.888+0000] {processor.py:836} INFO - DAG(s) dict_keys(['example_branch_labels']) retrieved from /home/airflow/.local/lib/python3.7/site-packages/airflow/example_dags/example_branch_labels.py
[2023-06-28T14:42:52.922+0000] {logging_mixin.py:149} INFO - [2023-06-28T14:42:52.921+0000] {dag.py:2726} INFO - Sync 1 DAGs
[2023-06-28T14:42:52.957+0000] {logging_mixin.py:149} INFO - [2023-06-28T14:42:52.957+0000] {dag.py:3490} INFO - Setting next_dagrun for example_branch_labels to 2023-06-27T00:00:00+00:00, run_after=2023-06-28T00:00:00+00:00
[2023-06-28T14:42:52.988+0000] {processor.py:179} INFO - Processing /home/airflow/.local/lib/python3.7/site-packages/airflow/example_dags/example_branch_labels.py took 0.116 seconds
[2023-06-28T14:43:23.186+0000] {processor.py:157} INFO - Started process (PID=3168) to work on /home/airflow/.local/lib/python3.7/site-packages/airflow/example_dags/example_branch_labels.py
[2023-06-28T14:43:23.188+0000] {processor.py:826} INFO - Processing file /home/airflow/.local/lib/python3.7/site-packages/airflow/example_dags/example_branch_labels.py for tasks to queue
[2023-06-28T14:43:23.189+0000] {logging_mixin.py:149} INFO - [2023-06-28T14:43:23.189+0000] {dagbag.py:541} INFO - Filling up the DagBag from /home/airflow/.local/lib/python3.7/site-packages/airflow/example_dags/example_branch_labels.py
[2023-06-28T14:43:23.202+0000] {processor.py:836} INFO - DAG(s) dict_keys(['example_branch_labels']) retrieved from /home/airflow/.local/lib/python3.7/site-packages/airflow/example_dags/example_branch_labels.py
[2023-06-28T14:43:23.241+0000] {logging_mixin.py:149} INFO - [2023-06-28T14:43:23.241+0000] {dag.py:2726} INFO - Sync 1 DAGs
[2023-06-28T14:43:23.285+0000] {logging_mixin.py:149} INFO - [2023-06-28T14:43:23.285+0000] {dag.py:3490} INFO - Setting next_dagrun for example_branch_labels to 2023-06-27T00:00:00+00:00, run_after=2023-06-28T00:00:00+00:00
[2023-06-28T14:43:23.318+0000] {processor.py:179} INFO - Processing /home/airflow/.local/lib/python3.7/site-packages/airflow/example_dags/example_branch_labels.py took 0.136 seconds
[2023-06-28T14:43:54.409+0000] {processor.py:157} INFO - Started process (PID=3227) to work on /home/airflow/.local/lib/python3.7/site-packages/airflow/example_dags/example_branch_labels.py
[2023-06-28T14:43:54.411+0000] {processor.py:826} INFO - Processing file /home/airflow/.local/lib/python3.7/site-packages/airflow/example_dags/example_branch_labels.py for tasks to queue
[2023-06-28T14:43:54.422+0000] {logging_mixin.py:149} INFO - [2023-06-28T14:43:54.412+0000] {dagbag.py:541} INFO - Filling up the DagBag from /home/airflow/.local/lib/python3.7/site-packages/airflow/example_dags/example_branch_labels.py
[2023-06-28T14:43:54.519+0000] {processor.py:836} INFO - DAG(s) dict_keys(['example_branch_labels']) retrieved from /home/airflow/.local/lib/python3.7/site-packages/airflow/example_dags/example_branch_labels.py
[2023-06-28T14:43:54.684+0000] {logging_mixin.py:149} INFO - [2023-06-28T14:43:54.683+0000] {dag.py:2726} INFO - Sync 1 DAGs
[2023-06-28T14:43:54.828+0000] {logging_mixin.py:149} INFO - [2023-06-28T14:43:54.827+0000] {dag.py:3490} INFO - Setting next_dagrun for example_branch_labels to 2023-06-27T00:00:00+00:00, run_after=2023-06-28T00:00:00+00:00
[2023-06-28T14:43:55.017+0000] {processor.py:179} INFO - Processing /home/airflow/.local/lib/python3.7/site-packages/airflow/example_dags/example_branch_labels.py took 0.637 seconds
[2023-06-28T14:44:25.857+0000] {processor.py:157} INFO - Started process (PID=3286) to work on /home/airflow/.local/lib/python3.7/site-packages/airflow/example_dags/example_branch_labels.py
[2023-06-28T14:44:25.917+0000] {processor.py:826} INFO - Processing file /home/airflow/.local/lib/python3.7/site-packages/airflow/example_dags/example_branch_labels.py for tasks to queue
[2023-06-28T14:44:25.947+0000] {logging_mixin.py:149} INFO - [2023-06-28T14:44:25.946+0000] {dagbag.py:541} INFO - Filling up the DagBag from /home/airflow/.local/lib/python3.7/site-packages/airflow/example_dags/example_branch_labels.py
[2023-06-28T14:44:26.006+0000] {processor.py:836} INFO - DAG(s) dict_keys(['example_branch_labels']) retrieved from /home/airflow/.local/lib/python3.7/site-packages/airflow/example_dags/example_branch_labels.py
[2023-06-28T14:44:26.168+0000] {logging_mixin.py:149} INFO - [2023-06-28T14:44:26.167+0000] {dag.py:2726} INFO - Sync 1 DAGs
[2023-06-28T14:44:26.300+0000] {logging_mixin.py:149} INFO - [2023-06-28T14:44:26.300+0000] {dag.py:3490} INFO - Setting next_dagrun for example_branch_labels to 2023-06-27T00:00:00+00:00, run_after=2023-06-28T00:00:00+00:00
[2023-06-28T14:44:26.408+0000] {processor.py:179} INFO - Processing /home/airflow/.local/lib/python3.7/site-packages/airflow/example_dags/example_branch_labels.py took 0.584 seconds
[2023-06-28T14:44:56.944+0000] {processor.py:157} INFO - Started process (PID=3345) to work on /home/airflow/.local/lib/python3.7/site-packages/airflow/example_dags/example_branch_labels.py
[2023-06-28T14:44:56.945+0000] {processor.py:826} INFO - Processing file /home/airflow/.local/lib/python3.7/site-packages/airflow/example_dags/example_branch_labels.py for tasks to queue
[2023-06-28T14:44:56.947+0000] {logging_mixin.py:149} INFO - [2023-06-28T14:44:56.947+0000] {dagbag.py:541} INFO - Filling up the DagBag from /home/airflow/.local/lib/python3.7/site-packages/airflow/example_dags/example_branch_labels.py
[2023-06-28T14:44:56.966+0000] {processor.py:836} INFO - DAG(s) dict_keys(['example_branch_labels']) retrieved from /home/airflow/.local/lib/python3.7/site-packages/airflow/example_dags/example_branch_labels.py
[2023-06-28T14:44:57.009+0000] {logging_mixin.py:149} INFO - [2023-06-28T14:44:57.009+0000] {dag.py:2726} INFO - Sync 1 DAGs
[2023-06-28T14:44:57.058+0000] {logging_mixin.py:149} INFO - [2023-06-28T14:44:57.058+0000] {dag.py:3490} INFO - Setting next_dagrun for example_branch_labels to 2023-06-27T00:00:00+00:00, run_after=2023-06-28T00:00:00+00:00
[2023-06-28T14:44:57.124+0000] {processor.py:179} INFO - Processing /home/airflow/.local/lib/python3.7/site-packages/airflow/example_dags/example_branch_labels.py took 0.187 seconds
[2023-06-28T14:45:27.833+0000] {processor.py:157} INFO - Started process (PID=3404) to work on /home/airflow/.local/lib/python3.7/site-packages/airflow/example_dags/example_branch_labels.py
[2023-06-28T14:45:27.835+0000] {processor.py:826} INFO - Processing file /home/airflow/.local/lib/python3.7/site-packages/airflow/example_dags/example_branch_labels.py for tasks to queue
[2023-06-28T14:45:27.837+0000] {logging_mixin.py:149} INFO - [2023-06-28T14:45:27.836+0000] {dagbag.py:541} INFO - Filling up the DagBag from /home/airflow/.local/lib/python3.7/site-packages/airflow/example_dags/example_branch_labels.py
[2023-06-28T14:45:27.892+0000] {processor.py:836} INFO - DAG(s) dict_keys(['example_branch_labels']) retrieved from /home/airflow/.local/lib/python3.7/site-packages/airflow/example_dags/example_branch_labels.py
[2023-06-28T14:45:28.002+0000] {logging_mixin.py:149} INFO - [2023-06-28T14:45:28.002+0000] {dag.py:2726} INFO - Sync 1 DAGs
[2023-06-28T14:45:28.102+0000] {logging_mixin.py:149} INFO - [2023-06-28T14:45:28.102+0000] {dag.py:3490} INFO - Setting next_dagrun for example_branch_labels to 2023-06-27T00:00:00+00:00, run_after=2023-06-28T00:00:00+00:00
[2023-06-28T14:45:28.264+0000] {processor.py:179} INFO - Processing /home/airflow/.local/lib/python3.7/site-packages/airflow/example_dags/example_branch_labels.py took 0.443 seconds
[2023-06-28T14:45:58.513+0000] {processor.py:157} INFO - Started process (PID=3465) to work on /home/airflow/.local/lib/python3.7/site-packages/airflow/example_dags/example_branch_labels.py
[2023-06-28T14:45:58.514+0000] {processor.py:826} INFO - Processing file /home/airflow/.local/lib/python3.7/site-packages/airflow/example_dags/example_branch_labels.py for tasks to queue
[2023-06-28T14:45:58.516+0000] {logging_mixin.py:149} INFO - [2023-06-28T14:45:58.516+0000] {dagbag.py:541} INFO - Filling up the DagBag from /home/airflow/.local/lib/python3.7/site-packages/airflow/example_dags/example_branch_labels.py
[2023-06-28T14:45:58.528+0000] {processor.py:836} INFO - DAG(s) dict_keys(['example_branch_labels']) retrieved from /home/airflow/.local/lib/python3.7/site-packages/airflow/example_dags/example_branch_labels.py
[2023-06-28T14:45:58.581+0000] {logging_mixin.py:149} INFO - [2023-06-28T14:45:58.581+0000] {dag.py:2726} INFO - Sync 1 DAGs
[2023-06-28T14:45:58.623+0000] {logging_mixin.py:149} INFO - [2023-06-28T14:45:58.623+0000] {dag.py:3490} INFO - Setting next_dagrun for example_branch_labels to 2023-06-27T00:00:00+00:00, run_after=2023-06-28T00:00:00+00:00
[2023-06-28T14:45:58.660+0000] {processor.py:179} INFO - Processing /home/airflow/.local/lib/python3.7/site-packages/airflow/example_dags/example_branch_labels.py took 0.153 seconds
[2023-06-28T14:46:29.503+0000] {processor.py:157} INFO - Started process (PID=3524) to work on /home/airflow/.local/lib/python3.7/site-packages/airflow/example_dags/example_branch_labels.py
[2023-06-28T14:46:29.507+0000] {processor.py:826} INFO - Processing file /home/airflow/.local/lib/python3.7/site-packages/airflow/example_dags/example_branch_labels.py for tasks to queue
[2023-06-28T14:46:29.509+0000] {logging_mixin.py:149} INFO - [2023-06-28T14:46:29.508+0000] {dagbag.py:541} INFO - Filling up the DagBag from /home/airflow/.local/lib/python3.7/site-packages/airflow/example_dags/example_branch_labels.py
[2023-06-28T14:46:29.541+0000] {processor.py:836} INFO - DAG(s) dict_keys(['example_branch_labels']) retrieved from /home/airflow/.local/lib/python3.7/site-packages/airflow/example_dags/example_branch_labels.py
[2023-06-28T14:46:29.624+0000] {logging_mixin.py:149} INFO - [2023-06-28T14:46:29.623+0000] {dag.py:2726} INFO - Sync 1 DAGs
[2023-06-28T14:46:29.674+0000] {logging_mixin.py:149} INFO - [2023-06-28T14:46:29.674+0000] {dag.py:3490} INFO - Setting next_dagrun for example_branch_labels to 2023-06-27T00:00:00+00:00, run_after=2023-06-28T00:00:00+00:00
[2023-06-28T14:46:29.724+0000] {processor.py:179} INFO - Processing /home/airflow/.local/lib/python3.7/site-packages/airflow/example_dags/example_branch_labels.py took 0.235 seconds
[2023-06-28T14:46:59.943+0000] {processor.py:157} INFO - Started process (PID=3591) to work on /home/airflow/.local/lib/python3.7/site-packages/airflow/example_dags/example_branch_labels.py
[2023-06-28T14:46:59.945+0000] {processor.py:826} INFO - Processing file /home/airflow/.local/lib/python3.7/site-packages/airflow/example_dags/example_branch_labels.py for tasks to queue
[2023-06-28T14:46:59.949+0000] {logging_mixin.py:149} INFO - [2023-06-28T14:46:59.949+0000] {dagbag.py:541} INFO - Filling up the DagBag from /home/airflow/.local/lib/python3.7/site-packages/airflow/example_dags/example_branch_labels.py
[2023-06-28T14:46:59.961+0000] {processor.py:836} INFO - DAG(s) dict_keys(['example_branch_labels']) retrieved from /home/airflow/.local/lib/python3.7/site-packages/airflow/example_dags/example_branch_labels.py
[2023-06-28T14:47:00.022+0000] {logging_mixin.py:149} INFO - [2023-06-28T14:47:00.021+0000] {dag.py:2726} INFO - Sync 1 DAGs
[2023-06-28T14:47:00.103+0000] {logging_mixin.py:149} INFO - [2023-06-28T14:47:00.102+0000] {dag.py:3490} INFO - Setting next_dagrun for example_branch_labels to 2023-06-27T00:00:00+00:00, run_after=2023-06-28T00:00:00+00:00
[2023-06-28T14:47:00.151+0000] {processor.py:179} INFO - Processing /home/airflow/.local/lib/python3.7/site-packages/airflow/example_dags/example_branch_labels.py took 0.212 seconds
[2023-06-28T14:47:30.427+0000] {processor.py:157} INFO - Started process (PID=3651) to work on /home/airflow/.local/lib/python3.7/site-packages/airflow/example_dags/example_branch_labels.py
[2023-06-28T14:47:30.435+0000] {processor.py:826} INFO - Processing file /home/airflow/.local/lib/python3.7/site-packages/airflow/example_dags/example_branch_labels.py for tasks to queue
[2023-06-28T14:47:30.438+0000] {logging_mixin.py:149} INFO - [2023-06-28T14:47:30.437+0000] {dagbag.py:541} INFO - Filling up the DagBag from /home/airflow/.local/lib/python3.7/site-packages/airflow/example_dags/example_branch_labels.py
[2023-06-28T14:47:30.470+0000] {processor.py:836} INFO - DAG(s) dict_keys(['example_branch_labels']) retrieved from /home/airflow/.local/lib/python3.7/site-packages/airflow/example_dags/example_branch_labels.py
[2023-06-28T14:47:30.551+0000] {logging_mixin.py:149} INFO - [2023-06-28T14:47:30.551+0000] {dag.py:2726} INFO - Sync 1 DAGs
[2023-06-28T14:47:30.599+0000] {logging_mixin.py:149} INFO - [2023-06-28T14:47:30.599+0000] {dag.py:3490} INFO - Setting next_dagrun for example_branch_labels to 2023-06-27T00:00:00+00:00, run_after=2023-06-28T00:00:00+00:00
[2023-06-28T14:47:30.633+0000] {processor.py:179} INFO - Processing /home/airflow/.local/lib/python3.7/site-packages/airflow/example_dags/example_branch_labels.py took 0.217 seconds
[2023-06-28T14:48:00.870+0000] {processor.py:157} INFO - Started process (PID=3711) to work on /home/airflow/.local/lib/python3.7/site-packages/airflow/example_dags/example_branch_labels.py
[2023-06-28T14:48:00.872+0000] {processor.py:826} INFO - Processing file /home/airflow/.local/lib/python3.7/site-packages/airflow/example_dags/example_branch_labels.py for tasks to queue
[2023-06-28T14:48:00.874+0000] {logging_mixin.py:149} INFO - [2023-06-28T14:48:00.873+0000] {dagbag.py:541} INFO - Filling up the DagBag from /home/airflow/.local/lib/python3.7/site-packages/airflow/example_dags/example_branch_labels.py
[2023-06-28T14:48:00.885+0000] {processor.py:836} INFO - DAG(s) dict_keys(['example_branch_labels']) retrieved from /home/airflow/.local/lib/python3.7/site-packages/airflow/example_dags/example_branch_labels.py
[2023-06-28T14:48:00.928+0000] {logging_mixin.py:149} INFO - [2023-06-28T14:48:00.928+0000] {dag.py:2726} INFO - Sync 1 DAGs
[2023-06-28T14:48:00.988+0000] {logging_mixin.py:149} INFO - [2023-06-28T14:48:00.988+0000] {dag.py:3490} INFO - Setting next_dagrun for example_branch_labels to 2023-06-27T00:00:00+00:00, run_after=2023-06-28T00:00:00+00:00
[2023-06-28T14:48:01.084+0000] {processor.py:179} INFO - Processing /home/airflow/.local/lib/python3.7/site-packages/airflow/example_dags/example_branch_labels.py took 0.219 seconds
