[2023-06-28T14:16:22.755+0000] {processor.py:157} INFO - Started process (PID=44) to work on /home/airflow/.local/lib/python3.7/site-packages/airflow/example_dags/example_kubernetes_executor.py
[2023-06-28T14:16:22.777+0000] {processor.py:826} INFO - Processing file /home/airflow/.local/lib/python3.7/site-packages/airflow/example_dags/example_kubernetes_executor.py for tasks to queue
[2023-06-28T14:16:22.780+0000] {logging_mixin.py:149} INFO - [2023-06-28T14:16:22.779+0000] {dagbag.py:541} INFO - Filling up the DagBag from /home/airflow/.local/lib/python3.7/site-packages/airflow/example_dags/example_kubernetes_executor.py
[2023-06-28T14:16:28.825+0000] {processor.py:836} INFO - DAG(s) dict_keys(['example_kubernetes_executor']) retrieved from /home/airflow/.local/lib/python3.7/site-packages/airflow/example_dags/example_kubernetes_executor.py
[2023-06-28T14:16:29.552+0000] {logging_mixin.py:149} INFO - [2023-06-28T14:16:29.552+0000] {dag.py:2726} INFO - Sync 1 DAGs
[2023-06-28T14:16:29.794+0000] {logging_mixin.py:149} INFO - [2023-06-28T14:16:29.794+0000] {dag.py:3490} INFO - Setting next_dagrun for example_kubernetes_executor to None, run_after=None
[2023-06-28T14:16:29.920+0000] {processor.py:179} INFO - Processing /home/airflow/.local/lib/python3.7/site-packages/airflow/example_dags/example_kubernetes_executor.py took 7.188 seconds
[2023-06-28T14:17:00.726+0000] {processor.py:157} INFO - Started process (PID=108) to work on /home/airflow/.local/lib/python3.7/site-packages/airflow/example_dags/example_kubernetes_executor.py
[2023-06-28T14:17:00.784+0000] {processor.py:826} INFO - Processing file /home/airflow/.local/lib/python3.7/site-packages/airflow/example_dags/example_kubernetes_executor.py for tasks to queue
[2023-06-28T14:17:00.788+0000] {logging_mixin.py:149} INFO - [2023-06-28T14:17:00.788+0000] {dagbag.py:541} INFO - Filling up the DagBag from /home/airflow/.local/lib/python3.7/site-packages/airflow/example_dags/example_kubernetes_executor.py
[2023-06-28T14:17:03.386+0000] {processor.py:836} INFO - DAG(s) dict_keys(['example_kubernetes_executor']) retrieved from /home/airflow/.local/lib/python3.7/site-packages/airflow/example_dags/example_kubernetes_executor.py
[2023-06-28T14:17:04.037+0000] {logging_mixin.py:149} INFO - [2023-06-28T14:17:04.037+0000] {dag.py:2726} INFO - Sync 1 DAGs
[2023-06-28T14:17:04.651+0000] {logging_mixin.py:149} INFO - [2023-06-28T14:17:04.651+0000] {dag.py:3490} INFO - Setting next_dagrun for example_kubernetes_executor to None, run_after=None
[2023-06-28T14:17:04.934+0000] {processor.py:179} INFO - Processing /home/airflow/.local/lib/python3.7/site-packages/airflow/example_dags/example_kubernetes_executor.py took 4.273 seconds
[2023-06-28T14:17:35.104+0000] {processor.py:157} INFO - Started process (PID=167) to work on /home/airflow/.local/lib/python3.7/site-packages/airflow/example_dags/example_kubernetes_executor.py
[2023-06-28T14:17:35.105+0000] {processor.py:826} INFO - Processing file /home/airflow/.local/lib/python3.7/site-packages/airflow/example_dags/example_kubernetes_executor.py for tasks to queue
[2023-06-28T14:17:35.107+0000] {logging_mixin.py:149} INFO - [2023-06-28T14:17:35.106+0000] {dagbag.py:541} INFO - Filling up the DagBag from /home/airflow/.local/lib/python3.7/site-packages/airflow/example_dags/example_kubernetes_executor.py
[2023-06-28T14:17:35.900+0000] {processor.py:836} INFO - DAG(s) dict_keys(['example_kubernetes_executor']) retrieved from /home/airflow/.local/lib/python3.7/site-packages/airflow/example_dags/example_kubernetes_executor.py
[2023-06-28T14:17:35.925+0000] {logging_mixin.py:149} INFO - [2023-06-28T14:17:35.925+0000] {dag.py:2726} INFO - Sync 1 DAGs
[2023-06-28T14:17:36.014+0000] {logging_mixin.py:149} INFO - [2023-06-28T14:17:36.013+0000] {dag.py:3490} INFO - Setting next_dagrun for example_kubernetes_executor to None, run_after=None
[2023-06-28T14:17:36.106+0000] {processor.py:179} INFO - Processing /home/airflow/.local/lib/python3.7/site-packages/airflow/example_dags/example_kubernetes_executor.py took 1.007 seconds
[2023-06-28T14:18:06.632+0000] {processor.py:157} INFO - Started process (PID=226) to work on /home/airflow/.local/lib/python3.7/site-packages/airflow/example_dags/example_kubernetes_executor.py
[2023-06-28T14:18:06.634+0000] {processor.py:826} INFO - Processing file /home/airflow/.local/lib/python3.7/site-packages/airflow/example_dags/example_kubernetes_executor.py for tasks to queue
[2023-06-28T14:18:06.636+0000] {logging_mixin.py:149} INFO - [2023-06-28T14:18:06.635+0000] {dagbag.py:541} INFO - Filling up the DagBag from /home/airflow/.local/lib/python3.7/site-packages/airflow/example_dags/example_kubernetes_executor.py
[2023-06-28T14:18:07.468+0000] {processor.py:836} INFO - DAG(s) dict_keys(['example_kubernetes_executor']) retrieved from /home/airflow/.local/lib/python3.7/site-packages/airflow/example_dags/example_kubernetes_executor.py
[2023-06-28T14:18:07.586+0000] {logging_mixin.py:149} INFO - [2023-06-28T14:18:07.586+0000] {dag.py:2726} INFO - Sync 1 DAGs
[2023-06-28T14:18:07.627+0000] {logging_mixin.py:149} INFO - [2023-06-28T14:18:07.627+0000] {dag.py:3490} INFO - Setting next_dagrun for example_kubernetes_executor to None, run_after=None
[2023-06-28T14:18:07.665+0000] {processor.py:179} INFO - Processing /home/airflow/.local/lib/python3.7/site-packages/airflow/example_dags/example_kubernetes_executor.py took 1.043 seconds
[2023-06-28T14:18:38.024+0000] {processor.py:157} INFO - Started process (PID=285) to work on /home/airflow/.local/lib/python3.7/site-packages/airflow/example_dags/example_kubernetes_executor.py
[2023-06-28T14:18:38.026+0000] {processor.py:826} INFO - Processing file /home/airflow/.local/lib/python3.7/site-packages/airflow/example_dags/example_kubernetes_executor.py for tasks to queue
[2023-06-28T14:18:38.028+0000] {logging_mixin.py:149} INFO - [2023-06-28T14:18:38.027+0000] {dagbag.py:541} INFO - Filling up the DagBag from /home/airflow/.local/lib/python3.7/site-packages/airflow/example_dags/example_kubernetes_executor.py
[2023-06-28T14:18:38.502+0000] {processor.py:836} INFO - DAG(s) dict_keys(['example_kubernetes_executor']) retrieved from /home/airflow/.local/lib/python3.7/site-packages/airflow/example_dags/example_kubernetes_executor.py
[2023-06-28T14:18:38.604+0000] {logging_mixin.py:149} INFO - [2023-06-28T14:18:38.603+0000] {dag.py:2726} INFO - Sync 1 DAGs
[2023-06-28T14:18:38.674+0000] {logging_mixin.py:149} INFO - [2023-06-28T14:18:38.674+0000] {dag.py:3490} INFO - Setting next_dagrun for example_kubernetes_executor to None, run_after=None
[2023-06-28T14:18:38.710+0000] {processor.py:179} INFO - Processing /home/airflow/.local/lib/python3.7/site-packages/airflow/example_dags/example_kubernetes_executor.py took 0.693 seconds
[2023-06-28T14:19:08.823+0000] {processor.py:157} INFO - Started process (PID=344) to work on /home/airflow/.local/lib/python3.7/site-packages/airflow/example_dags/example_kubernetes_executor.py
[2023-06-28T14:19:08.824+0000] {processor.py:826} INFO - Processing file /home/airflow/.local/lib/python3.7/site-packages/airflow/example_dags/example_kubernetes_executor.py for tasks to queue
[2023-06-28T14:19:08.826+0000] {logging_mixin.py:149} INFO - [2023-06-28T14:19:08.825+0000] {dagbag.py:541} INFO - Filling up the DagBag from /home/airflow/.local/lib/python3.7/site-packages/airflow/example_dags/example_kubernetes_executor.py
[2023-06-28T14:19:09.118+0000] {processor.py:836} INFO - DAG(s) dict_keys(['example_kubernetes_executor']) retrieved from /home/airflow/.local/lib/python3.7/site-packages/airflow/example_dags/example_kubernetes_executor.py
[2023-06-28T14:19:09.169+0000] {logging_mixin.py:149} INFO - [2023-06-28T14:19:09.168+0000] {dag.py:2726} INFO - Sync 1 DAGs
[2023-06-28T14:19:09.202+0000] {logging_mixin.py:149} INFO - [2023-06-28T14:19:09.202+0000] {dag.py:3490} INFO - Setting next_dagrun for example_kubernetes_executor to None, run_after=None
[2023-06-28T14:19:09.238+0000] {processor.py:179} INFO - Processing /home/airflow/.local/lib/python3.7/site-packages/airflow/example_dags/example_kubernetes_executor.py took 0.421 seconds
[2023-06-28T14:19:39.405+0000] {processor.py:157} INFO - Started process (PID=404) to work on /home/airflow/.local/lib/python3.7/site-packages/airflow/example_dags/example_kubernetes_executor.py
[2023-06-28T14:19:39.407+0000] {processor.py:826} INFO - Processing file /home/airflow/.local/lib/python3.7/site-packages/airflow/example_dags/example_kubernetes_executor.py for tasks to queue
[2023-06-28T14:19:39.409+0000] {logging_mixin.py:149} INFO - [2023-06-28T14:19:39.409+0000] {dagbag.py:541} INFO - Filling up the DagBag from /home/airflow/.local/lib/python3.7/site-packages/airflow/example_dags/example_kubernetes_executor.py
[2023-06-28T14:19:39.886+0000] {processor.py:836} INFO - DAG(s) dict_keys(['example_kubernetes_executor']) retrieved from /home/airflow/.local/lib/python3.7/site-packages/airflow/example_dags/example_kubernetes_executor.py
[2023-06-28T14:19:39.977+0000] {logging_mixin.py:149} INFO - [2023-06-28T14:19:39.977+0000] {dag.py:2726} INFO - Sync 1 DAGs
[2023-06-28T14:19:40.024+0000] {logging_mixin.py:149} INFO - [2023-06-28T14:19:40.023+0000] {dag.py:3490} INFO - Setting next_dagrun for example_kubernetes_executor to None, run_after=None
[2023-06-28T14:19:40.095+0000] {processor.py:179} INFO - Processing /home/airflow/.local/lib/python3.7/site-packages/airflow/example_dags/example_kubernetes_executor.py took 0.698 seconds
[2023-06-28T14:20:10.811+0000] {processor.py:157} INFO - Started process (PID=463) to work on /home/airflow/.local/lib/python3.7/site-packages/airflow/example_dags/example_kubernetes_executor.py
[2023-06-28T14:20:10.813+0000] {processor.py:826} INFO - Processing file /home/airflow/.local/lib/python3.7/site-packages/airflow/example_dags/example_kubernetes_executor.py for tasks to queue
[2023-06-28T14:20:10.814+0000] {logging_mixin.py:149} INFO - [2023-06-28T14:20:10.814+0000] {dagbag.py:541} INFO - Filling up the DagBag from /home/airflow/.local/lib/python3.7/site-packages/airflow/example_dags/example_kubernetes_executor.py
[2023-06-28T14:20:11.145+0000] {processor.py:836} INFO - DAG(s) dict_keys(['example_kubernetes_executor']) retrieved from /home/airflow/.local/lib/python3.7/site-packages/airflow/example_dags/example_kubernetes_executor.py
[2023-06-28T14:20:11.254+0000] {logging_mixin.py:149} INFO - [2023-06-28T14:20:11.254+0000] {dag.py:2726} INFO - Sync 1 DAGs
[2023-06-28T14:20:11.341+0000] {logging_mixin.py:149} INFO - [2023-06-28T14:20:11.341+0000] {dag.py:3490} INFO - Setting next_dagrun for example_kubernetes_executor to None, run_after=None
[2023-06-28T14:20:11.370+0000] {processor.py:179} INFO - Processing /home/airflow/.local/lib/python3.7/site-packages/airflow/example_dags/example_kubernetes_executor.py took 0.565 seconds
[2023-06-28T14:20:41.490+0000] {processor.py:157} INFO - Started process (PID=525) to work on /home/airflow/.local/lib/python3.7/site-packages/airflow/example_dags/example_kubernetes_executor.py
[2023-06-28T14:20:41.492+0000] {processor.py:826} INFO - Processing file /home/airflow/.local/lib/python3.7/site-packages/airflow/example_dags/example_kubernetes_executor.py for tasks to queue
[2023-06-28T14:20:41.494+0000] {logging_mixin.py:149} INFO - [2023-06-28T14:20:41.494+0000] {dagbag.py:541} INFO - Filling up the DagBag from /home/airflow/.local/lib/python3.7/site-packages/airflow/example_dags/example_kubernetes_executor.py
[2023-06-28T14:20:42.026+0000] {processor.py:836} INFO - DAG(s) dict_keys(['example_kubernetes_executor']) retrieved from /home/airflow/.local/lib/python3.7/site-packages/airflow/example_dags/example_kubernetes_executor.py
[2023-06-28T14:20:42.074+0000] {logging_mixin.py:149} INFO - [2023-06-28T14:20:42.074+0000] {dag.py:2726} INFO - Sync 1 DAGs
[2023-06-28T14:20:42.109+0000] {logging_mixin.py:149} INFO - [2023-06-28T14:20:42.109+0000] {dag.py:3490} INFO - Setting next_dagrun for example_kubernetes_executor to None, run_after=None
[2023-06-28T14:20:42.150+0000] {processor.py:179} INFO - Processing /home/airflow/.local/lib/python3.7/site-packages/airflow/example_dags/example_kubernetes_executor.py took 0.667 seconds
[2023-06-28T14:21:12.250+0000] {processor.py:157} INFO - Started process (PID=586) to work on /home/airflow/.local/lib/python3.7/site-packages/airflow/example_dags/example_kubernetes_executor.py
[2023-06-28T14:21:12.251+0000] {processor.py:826} INFO - Processing file /home/airflow/.local/lib/python3.7/site-packages/airflow/example_dags/example_kubernetes_executor.py for tasks to queue
[2023-06-28T14:21:12.253+0000] {logging_mixin.py:149} INFO - [2023-06-28T14:21:12.252+0000] {dagbag.py:541} INFO - Filling up the DagBag from /home/airflow/.local/lib/python3.7/site-packages/airflow/example_dags/example_kubernetes_executor.py
[2023-06-28T14:21:12.561+0000] {processor.py:836} INFO - DAG(s) dict_keys(['example_kubernetes_executor']) retrieved from /home/airflow/.local/lib/python3.7/site-packages/airflow/example_dags/example_kubernetes_executor.py
[2023-06-28T14:21:12.617+0000] {logging_mixin.py:149} INFO - [2023-06-28T14:21:12.617+0000] {dag.py:2726} INFO - Sync 1 DAGs
[2023-06-28T14:21:12.661+0000] {logging_mixin.py:149} INFO - [2023-06-28T14:21:12.660+0000] {dag.py:3490} INFO - Setting next_dagrun for example_kubernetes_executor to None, run_after=None
[2023-06-28T14:21:12.693+0000] {processor.py:179} INFO - Processing /home/airflow/.local/lib/python3.7/site-packages/airflow/example_dags/example_kubernetes_executor.py took 0.447 seconds
[2023-06-28T14:21:43.650+0000] {processor.py:157} INFO - Started process (PID=646) to work on /home/airflow/.local/lib/python3.7/site-packages/airflow/example_dags/example_kubernetes_executor.py
[2023-06-28T14:21:43.652+0000] {processor.py:826} INFO - Processing file /home/airflow/.local/lib/python3.7/site-packages/airflow/example_dags/example_kubernetes_executor.py for tasks to queue
[2023-06-28T14:21:43.653+0000] {logging_mixin.py:149} INFO - [2023-06-28T14:21:43.653+0000] {dagbag.py:541} INFO - Filling up the DagBag from /home/airflow/.local/lib/python3.7/site-packages/airflow/example_dags/example_kubernetes_executor.py
[2023-06-28T14:21:44.040+0000] {processor.py:836} INFO - DAG(s) dict_keys(['example_kubernetes_executor']) retrieved from /home/airflow/.local/lib/python3.7/site-packages/airflow/example_dags/example_kubernetes_executor.py
[2023-06-28T14:21:44.107+0000] {logging_mixin.py:149} INFO - [2023-06-28T14:21:44.107+0000] {dag.py:2726} INFO - Sync 1 DAGs
[2023-06-28T14:21:44.147+0000] {logging_mixin.py:149} INFO - [2023-06-28T14:21:44.147+0000] {dag.py:3490} INFO - Setting next_dagrun for example_kubernetes_executor to None, run_after=None
[2023-06-28T14:21:44.179+0000] {processor.py:179} INFO - Processing /home/airflow/.local/lib/python3.7/site-packages/airflow/example_dags/example_kubernetes_executor.py took 0.538 seconds
[2023-06-28T14:22:14.703+0000] {processor.py:157} INFO - Started process (PID=706) to work on /home/airflow/.local/lib/python3.7/site-packages/airflow/example_dags/example_kubernetes_executor.py
[2023-06-28T14:22:14.704+0000] {processor.py:826} INFO - Processing file /home/airflow/.local/lib/python3.7/site-packages/airflow/example_dags/example_kubernetes_executor.py for tasks to queue
[2023-06-28T14:22:14.706+0000] {logging_mixin.py:149} INFO - [2023-06-28T14:22:14.705+0000] {dagbag.py:541} INFO - Filling up the DagBag from /home/airflow/.local/lib/python3.7/site-packages/airflow/example_dags/example_kubernetes_executor.py
[2023-06-28T14:22:15.056+0000] {processor.py:836} INFO - DAG(s) dict_keys(['example_kubernetes_executor']) retrieved from /home/airflow/.local/lib/python3.7/site-packages/airflow/example_dags/example_kubernetes_executor.py
[2023-06-28T14:22:15.115+0000] {logging_mixin.py:149} INFO - [2023-06-28T14:22:15.114+0000] {dag.py:2726} INFO - Sync 1 DAGs
[2023-06-28T14:22:15.158+0000] {logging_mixin.py:149} INFO - [2023-06-28T14:22:15.157+0000] {dag.py:3490} INFO - Setting next_dagrun for example_kubernetes_executor to None, run_after=None
[2023-06-28T14:22:15.211+0000] {processor.py:179} INFO - Processing /home/airflow/.local/lib/python3.7/site-packages/airflow/example_dags/example_kubernetes_executor.py took 0.513 seconds
[2023-06-28T14:22:45.494+0000] {processor.py:157} INFO - Started process (PID=767) to work on /home/airflow/.local/lib/python3.7/site-packages/airflow/example_dags/example_kubernetes_executor.py
[2023-06-28T14:22:45.495+0000] {processor.py:826} INFO - Processing file /home/airflow/.local/lib/python3.7/site-packages/airflow/example_dags/example_kubernetes_executor.py for tasks to queue
[2023-06-28T14:22:45.497+0000] {logging_mixin.py:149} INFO - [2023-06-28T14:22:45.496+0000] {dagbag.py:541} INFO - Filling up the DagBag from /home/airflow/.local/lib/python3.7/site-packages/airflow/example_dags/example_kubernetes_executor.py
[2023-06-28T14:22:45.855+0000] {processor.py:836} INFO - DAG(s) dict_keys(['example_kubernetes_executor']) retrieved from /home/airflow/.local/lib/python3.7/site-packages/airflow/example_dags/example_kubernetes_executor.py
[2023-06-28T14:22:45.926+0000] {logging_mixin.py:149} INFO - [2023-06-28T14:22:45.926+0000] {dag.py:2726} INFO - Sync 1 DAGs
[2023-06-28T14:22:45.968+0000] {logging_mixin.py:149} INFO - [2023-06-28T14:22:45.968+0000] {dag.py:3490} INFO - Setting next_dagrun for example_kubernetes_executor to None, run_after=None
[2023-06-28T14:22:46.002+0000] {processor.py:179} INFO - Processing /home/airflow/.local/lib/python3.7/site-packages/airflow/example_dags/example_kubernetes_executor.py took 0.512 seconds
[2023-06-28T14:23:16.288+0000] {processor.py:157} INFO - Started process (PID=824) to work on /home/airflow/.local/lib/python3.7/site-packages/airflow/example_dags/example_kubernetes_executor.py
[2023-06-28T14:23:16.289+0000] {processor.py:826} INFO - Processing file /home/airflow/.local/lib/python3.7/site-packages/airflow/example_dags/example_kubernetes_executor.py for tasks to queue
[2023-06-28T14:23:16.291+0000] {logging_mixin.py:149} INFO - [2023-06-28T14:23:16.290+0000] {dagbag.py:541} INFO - Filling up the DagBag from /home/airflow/.local/lib/python3.7/site-packages/airflow/example_dags/example_kubernetes_executor.py
[2023-06-28T14:23:16.834+0000] {processor.py:836} INFO - DAG(s) dict_keys(['example_kubernetes_executor']) retrieved from /home/airflow/.local/lib/python3.7/site-packages/airflow/example_dags/example_kubernetes_executor.py
[2023-06-28T14:23:16.942+0000] {logging_mixin.py:149} INFO - [2023-06-28T14:23:16.940+0000] {dag.py:2726} INFO - Sync 1 DAGs
[2023-06-28T14:23:17.011+0000] {logging_mixin.py:149} INFO - [2023-06-28T14:23:17.011+0000] {dag.py:3490} INFO - Setting next_dagrun for example_kubernetes_executor to None, run_after=None
[2023-06-28T14:23:17.050+0000] {processor.py:179} INFO - Processing /home/airflow/.local/lib/python3.7/site-packages/airflow/example_dags/example_kubernetes_executor.py took 0.767 seconds
[2023-06-28T14:23:47.211+0000] {processor.py:157} INFO - Started process (PID=885) to work on /home/airflow/.local/lib/python3.7/site-packages/airflow/example_dags/example_kubernetes_executor.py
[2023-06-28T14:23:47.212+0000] {processor.py:826} INFO - Processing file /home/airflow/.local/lib/python3.7/site-packages/airflow/example_dags/example_kubernetes_executor.py for tasks to queue
[2023-06-28T14:23:47.214+0000] {logging_mixin.py:149} INFO - [2023-06-28T14:23:47.213+0000] {dagbag.py:541} INFO - Filling up the DagBag from /home/airflow/.local/lib/python3.7/site-packages/airflow/example_dags/example_kubernetes_executor.py
[2023-06-28T14:23:47.645+0000] {processor.py:836} INFO - DAG(s) dict_keys(['example_kubernetes_executor']) retrieved from /home/airflow/.local/lib/python3.7/site-packages/airflow/example_dags/example_kubernetes_executor.py
[2023-06-28T14:23:47.723+0000] {logging_mixin.py:149} INFO - [2023-06-28T14:23:47.723+0000] {dag.py:2726} INFO - Sync 1 DAGs
[2023-06-28T14:23:47.777+0000] {logging_mixin.py:149} INFO - [2023-06-28T14:23:47.777+0000] {dag.py:3490} INFO - Setting next_dagrun for example_kubernetes_executor to None, run_after=None
[2023-06-28T14:23:47.849+0000] {processor.py:179} INFO - Processing /home/airflow/.local/lib/python3.7/site-packages/airflow/example_dags/example_kubernetes_executor.py took 0.643 seconds
[2023-06-28T14:24:18.248+0000] {processor.py:157} INFO - Started process (PID=947) to work on /home/airflow/.local/lib/python3.7/site-packages/airflow/example_dags/example_kubernetes_executor.py
[2023-06-28T14:24:18.250+0000] {processor.py:826} INFO - Processing file /home/airflow/.local/lib/python3.7/site-packages/airflow/example_dags/example_kubernetes_executor.py for tasks to queue
[2023-06-28T14:24:18.251+0000] {logging_mixin.py:149} INFO - [2023-06-28T14:24:18.251+0000] {dagbag.py:541} INFO - Filling up the DagBag from /home/airflow/.local/lib/python3.7/site-packages/airflow/example_dags/example_kubernetes_executor.py
[2023-06-28T14:24:18.746+0000] {processor.py:836} INFO - DAG(s) dict_keys(['example_kubernetes_executor']) retrieved from /home/airflow/.local/lib/python3.7/site-packages/airflow/example_dags/example_kubernetes_executor.py
[2023-06-28T14:24:18.814+0000] {logging_mixin.py:149} INFO - [2023-06-28T14:24:18.814+0000] {dag.py:2726} INFO - Sync 1 DAGs
[2023-06-28T14:24:18.863+0000] {logging_mixin.py:149} INFO - [2023-06-28T14:24:18.863+0000] {dag.py:3490} INFO - Setting next_dagrun for example_kubernetes_executor to None, run_after=None
[2023-06-28T14:24:18.895+0000] {processor.py:179} INFO - Processing /home/airflow/.local/lib/python3.7/site-packages/airflow/example_dags/example_kubernetes_executor.py took 0.651 seconds
[2023-06-28T14:24:49.618+0000] {processor.py:157} INFO - Started process (PID=1005) to work on /home/airflow/.local/lib/python3.7/site-packages/airflow/example_dags/example_kubernetes_executor.py
[2023-06-28T14:24:49.619+0000] {processor.py:826} INFO - Processing file /home/airflow/.local/lib/python3.7/site-packages/airflow/example_dags/example_kubernetes_executor.py for tasks to queue
[2023-06-28T14:24:49.621+0000] {logging_mixin.py:149} INFO - [2023-06-28T14:24:49.621+0000] {dagbag.py:541} INFO - Filling up the DagBag from /home/airflow/.local/lib/python3.7/site-packages/airflow/example_dags/example_kubernetes_executor.py
[2023-06-28T14:24:49.934+0000] {processor.py:836} INFO - DAG(s) dict_keys(['example_kubernetes_executor']) retrieved from /home/airflow/.local/lib/python3.7/site-packages/airflow/example_dags/example_kubernetes_executor.py
[2023-06-28T14:24:50.000+0000] {logging_mixin.py:149} INFO - [2023-06-28T14:24:50.000+0000] {dag.py:2726} INFO - Sync 1 DAGs
[2023-06-28T14:24:50.034+0000] {logging_mixin.py:149} INFO - [2023-06-28T14:24:50.034+0000] {dag.py:3490} INFO - Setting next_dagrun for example_kubernetes_executor to None, run_after=None
[2023-06-28T14:24:50.078+0000] {processor.py:179} INFO - Processing /home/airflow/.local/lib/python3.7/site-packages/airflow/example_dags/example_kubernetes_executor.py took 0.466 seconds
[2023-06-28T14:25:20.373+0000] {processor.py:157} INFO - Started process (PID=1065) to work on /home/airflow/.local/lib/python3.7/site-packages/airflow/example_dags/example_kubernetes_executor.py
[2023-06-28T14:25:20.376+0000] {processor.py:826} INFO - Processing file /home/airflow/.local/lib/python3.7/site-packages/airflow/example_dags/example_kubernetes_executor.py for tasks to queue
[2023-06-28T14:25:20.378+0000] {logging_mixin.py:149} INFO - [2023-06-28T14:25:20.377+0000] {dagbag.py:541} INFO - Filling up the DagBag from /home/airflow/.local/lib/python3.7/site-packages/airflow/example_dags/example_kubernetes_executor.py
[2023-06-28T14:25:20.768+0000] {processor.py:836} INFO - DAG(s) dict_keys(['example_kubernetes_executor']) retrieved from /home/airflow/.local/lib/python3.7/site-packages/airflow/example_dags/example_kubernetes_executor.py
[2023-06-28T14:25:20.817+0000] {logging_mixin.py:149} INFO - [2023-06-28T14:25:20.817+0000] {dag.py:2726} INFO - Sync 1 DAGs
[2023-06-28T14:25:20.852+0000] {logging_mixin.py:149} INFO - [2023-06-28T14:25:20.852+0000] {dag.py:3490} INFO - Setting next_dagrun for example_kubernetes_executor to None, run_after=None
[2023-06-28T14:25:20.883+0000] {processor.py:179} INFO - Processing /home/airflow/.local/lib/python3.7/site-packages/airflow/example_dags/example_kubernetes_executor.py took 0.518 seconds
[2023-06-28T14:25:51.011+0000] {processor.py:157} INFO - Started process (PID=1132) to work on /home/airflow/.local/lib/python3.7/site-packages/airflow/example_dags/example_kubernetes_executor.py
[2023-06-28T14:25:51.013+0000] {processor.py:826} INFO - Processing file /home/airflow/.local/lib/python3.7/site-packages/airflow/example_dags/example_kubernetes_executor.py for tasks to queue
[2023-06-28T14:25:51.015+0000] {logging_mixin.py:149} INFO - [2023-06-28T14:25:51.015+0000] {dagbag.py:541} INFO - Filling up the DagBag from /home/airflow/.local/lib/python3.7/site-packages/airflow/example_dags/example_kubernetes_executor.py
[2023-06-28T14:25:51.279+0000] {processor.py:836} INFO - DAG(s) dict_keys(['example_kubernetes_executor']) retrieved from /home/airflow/.local/lib/python3.7/site-packages/airflow/example_dags/example_kubernetes_executor.py
[2023-06-28T14:25:51.330+0000] {logging_mixin.py:149} INFO - [2023-06-28T14:25:51.330+0000] {dag.py:2726} INFO - Sync 1 DAGs
[2023-06-28T14:25:51.364+0000] {logging_mixin.py:149} INFO - [2023-06-28T14:25:51.363+0000] {dag.py:3490} INFO - Setting next_dagrun for example_kubernetes_executor to None, run_after=None
[2023-06-28T14:25:51.397+0000] {processor.py:179} INFO - Processing /home/airflow/.local/lib/python3.7/site-packages/airflow/example_dags/example_kubernetes_executor.py took 0.389 seconds
[2023-06-28T14:26:21.771+0000] {processor.py:157} INFO - Started process (PID=1190) to work on /home/airflow/.local/lib/python3.7/site-packages/airflow/example_dags/example_kubernetes_executor.py
[2023-06-28T14:26:21.773+0000] {processor.py:826} INFO - Processing file /home/airflow/.local/lib/python3.7/site-packages/airflow/example_dags/example_kubernetes_executor.py for tasks to queue
[2023-06-28T14:26:21.775+0000] {logging_mixin.py:149} INFO - [2023-06-28T14:26:21.775+0000] {dagbag.py:541} INFO - Filling up the DagBag from /home/airflow/.local/lib/python3.7/site-packages/airflow/example_dags/example_kubernetes_executor.py
[2023-06-28T14:26:22.117+0000] {processor.py:836} INFO - DAG(s) dict_keys(['example_kubernetes_executor']) retrieved from /home/airflow/.local/lib/python3.7/site-packages/airflow/example_dags/example_kubernetes_executor.py
[2023-06-28T14:26:22.165+0000] {logging_mixin.py:149} INFO - [2023-06-28T14:26:22.165+0000] {dag.py:2726} INFO - Sync 1 DAGs
[2023-06-28T14:26:22.197+0000] {logging_mixin.py:149} INFO - [2023-06-28T14:26:22.197+0000] {dag.py:3490} INFO - Setting next_dagrun for example_kubernetes_executor to None, run_after=None
[2023-06-28T14:26:22.229+0000] {processor.py:179} INFO - Processing /home/airflow/.local/lib/python3.7/site-packages/airflow/example_dags/example_kubernetes_executor.py took 0.474 seconds
[2023-06-28T14:26:52.413+0000] {processor.py:157} INFO - Started process (PID=1251) to work on /home/airflow/.local/lib/python3.7/site-packages/airflow/example_dags/example_kubernetes_executor.py
[2023-06-28T14:26:52.415+0000] {processor.py:826} INFO - Processing file /home/airflow/.local/lib/python3.7/site-packages/airflow/example_dags/example_kubernetes_executor.py for tasks to queue
[2023-06-28T14:26:52.416+0000] {logging_mixin.py:149} INFO - [2023-06-28T14:26:52.416+0000] {dagbag.py:541} INFO - Filling up the DagBag from /home/airflow/.local/lib/python3.7/site-packages/airflow/example_dags/example_kubernetes_executor.py
[2023-06-28T14:26:52.814+0000] {processor.py:836} INFO - DAG(s) dict_keys(['example_kubernetes_executor']) retrieved from /home/airflow/.local/lib/python3.7/site-packages/airflow/example_dags/example_kubernetes_executor.py
[2023-06-28T14:26:52.868+0000] {logging_mixin.py:149} INFO - [2023-06-28T14:26:52.868+0000] {dag.py:2726} INFO - Sync 1 DAGs
[2023-06-28T14:26:52.899+0000] {logging_mixin.py:149} INFO - [2023-06-28T14:26:52.899+0000] {dag.py:3490} INFO - Setting next_dagrun for example_kubernetes_executor to None, run_after=None
[2023-06-28T14:26:52.957+0000] {processor.py:179} INFO - Processing /home/airflow/.local/lib/python3.7/site-packages/airflow/example_dags/example_kubernetes_executor.py took 0.548 seconds
[2023-06-28T14:27:23.147+0000] {processor.py:157} INFO - Started process (PID=1311) to work on /home/airflow/.local/lib/python3.7/site-packages/airflow/example_dags/example_kubernetes_executor.py
[2023-06-28T14:27:23.149+0000] {processor.py:826} INFO - Processing file /home/airflow/.local/lib/python3.7/site-packages/airflow/example_dags/example_kubernetes_executor.py for tasks to queue
[2023-06-28T14:27:23.150+0000] {logging_mixin.py:149} INFO - [2023-06-28T14:27:23.150+0000] {dagbag.py:541} INFO - Filling up the DagBag from /home/airflow/.local/lib/python3.7/site-packages/airflow/example_dags/example_kubernetes_executor.py
[2023-06-28T14:27:23.498+0000] {processor.py:836} INFO - DAG(s) dict_keys(['example_kubernetes_executor']) retrieved from /home/airflow/.local/lib/python3.7/site-packages/airflow/example_dags/example_kubernetes_executor.py
[2023-06-28T14:27:23.553+0000] {logging_mixin.py:149} INFO - [2023-06-28T14:27:23.552+0000] {dag.py:2726} INFO - Sync 1 DAGs
[2023-06-28T14:27:23.595+0000] {logging_mixin.py:149} INFO - [2023-06-28T14:27:23.595+0000] {dag.py:3490} INFO - Setting next_dagrun for example_kubernetes_executor to None, run_after=None
[2023-06-28T14:27:23.627+0000] {processor.py:179} INFO - Processing /home/airflow/.local/lib/python3.7/site-packages/airflow/example_dags/example_kubernetes_executor.py took 0.485 seconds
[2023-06-28T14:27:53.794+0000] {processor.py:157} INFO - Started process (PID=1372) to work on /home/airflow/.local/lib/python3.7/site-packages/airflow/example_dags/example_kubernetes_executor.py
[2023-06-28T14:27:53.796+0000] {processor.py:826} INFO - Processing file /home/airflow/.local/lib/python3.7/site-packages/airflow/example_dags/example_kubernetes_executor.py for tasks to queue
[2023-06-28T14:27:53.797+0000] {logging_mixin.py:149} INFO - [2023-06-28T14:27:53.797+0000] {dagbag.py:541} INFO - Filling up the DagBag from /home/airflow/.local/lib/python3.7/site-packages/airflow/example_dags/example_kubernetes_executor.py
[2023-06-28T14:27:54.055+0000] {processor.py:836} INFO - DAG(s) dict_keys(['example_kubernetes_executor']) retrieved from /home/airflow/.local/lib/python3.7/site-packages/airflow/example_dags/example_kubernetes_executor.py
[2023-06-28T14:27:54.107+0000] {logging_mixin.py:149} INFO - [2023-06-28T14:27:54.106+0000] {dag.py:2726} INFO - Sync 1 DAGs
[2023-06-28T14:27:54.140+0000] {logging_mixin.py:149} INFO - [2023-06-28T14:27:54.140+0000] {dag.py:3490} INFO - Setting next_dagrun for example_kubernetes_executor to None, run_after=None
[2023-06-28T14:27:54.181+0000] {processor.py:179} INFO - Processing /home/airflow/.local/lib/python3.7/site-packages/airflow/example_dags/example_kubernetes_executor.py took 0.391 seconds
[2023-06-28T14:28:24.593+0000] {processor.py:157} INFO - Started process (PID=1430) to work on /home/airflow/.local/lib/python3.7/site-packages/airflow/example_dags/example_kubernetes_executor.py
[2023-06-28T14:28:24.595+0000] {processor.py:826} INFO - Processing file /home/airflow/.local/lib/python3.7/site-packages/airflow/example_dags/example_kubernetes_executor.py for tasks to queue
[2023-06-28T14:28:24.596+0000] {logging_mixin.py:149} INFO - [2023-06-28T14:28:24.596+0000] {dagbag.py:541} INFO - Filling up the DagBag from /home/airflow/.local/lib/python3.7/site-packages/airflow/example_dags/example_kubernetes_executor.py
[2023-06-28T14:28:24.865+0000] {processor.py:836} INFO - DAG(s) dict_keys(['example_kubernetes_executor']) retrieved from /home/airflow/.local/lib/python3.7/site-packages/airflow/example_dags/example_kubernetes_executor.py
[2023-06-28T14:28:24.918+0000] {logging_mixin.py:149} INFO - [2023-06-28T14:28:24.918+0000] {dag.py:2726} INFO - Sync 1 DAGs
[2023-06-28T14:28:24.953+0000] {logging_mixin.py:149} INFO - [2023-06-28T14:28:24.952+0000] {dag.py:3490} INFO - Setting next_dagrun for example_kubernetes_executor to None, run_after=None
[2023-06-28T14:28:24.986+0000] {processor.py:179} INFO - Processing /home/airflow/.local/lib/python3.7/site-packages/airflow/example_dags/example_kubernetes_executor.py took 0.397 seconds
[2023-06-28T14:28:55.725+0000] {processor.py:157} INFO - Started process (PID=1490) to work on /home/airflow/.local/lib/python3.7/site-packages/airflow/example_dags/example_kubernetes_executor.py
[2023-06-28T14:28:55.726+0000] {processor.py:826} INFO - Processing file /home/airflow/.local/lib/python3.7/site-packages/airflow/example_dags/example_kubernetes_executor.py for tasks to queue
[2023-06-28T14:28:55.728+0000] {logging_mixin.py:149} INFO - [2023-06-28T14:28:55.727+0000] {dagbag.py:541} INFO - Filling up the DagBag from /home/airflow/.local/lib/python3.7/site-packages/airflow/example_dags/example_kubernetes_executor.py
[2023-06-28T14:28:56.001+0000] {processor.py:836} INFO - DAG(s) dict_keys(['example_kubernetes_executor']) retrieved from /home/airflow/.local/lib/python3.7/site-packages/airflow/example_dags/example_kubernetes_executor.py
[2023-06-28T14:28:56.050+0000] {logging_mixin.py:149} INFO - [2023-06-28T14:28:56.050+0000] {dag.py:2726} INFO - Sync 1 DAGs
[2023-06-28T14:28:56.086+0000] {logging_mixin.py:149} INFO - [2023-06-28T14:28:56.086+0000] {dag.py:3490} INFO - Setting next_dagrun for example_kubernetes_executor to None, run_after=None
[2023-06-28T14:28:56.117+0000] {processor.py:179} INFO - Processing /home/airflow/.local/lib/python3.7/site-packages/airflow/example_dags/example_kubernetes_executor.py took 0.397 seconds
[2023-06-28T14:29:26.183+0000] {processor.py:157} INFO - Started process (PID=1550) to work on /home/airflow/.local/lib/python3.7/site-packages/airflow/example_dags/example_kubernetes_executor.py
[2023-06-28T14:29:26.184+0000] {processor.py:826} INFO - Processing file /home/airflow/.local/lib/python3.7/site-packages/airflow/example_dags/example_kubernetes_executor.py for tasks to queue
[2023-06-28T14:29:26.186+0000] {logging_mixin.py:149} INFO - [2023-06-28T14:29:26.185+0000] {dagbag.py:541} INFO - Filling up the DagBag from /home/airflow/.local/lib/python3.7/site-packages/airflow/example_dags/example_kubernetes_executor.py
[2023-06-28T14:29:26.481+0000] {processor.py:836} INFO - DAG(s) dict_keys(['example_kubernetes_executor']) retrieved from /home/airflow/.local/lib/python3.7/site-packages/airflow/example_dags/example_kubernetes_executor.py
[2023-06-28T14:29:26.563+0000] {logging_mixin.py:149} INFO - [2023-06-28T14:29:26.563+0000] {dag.py:2726} INFO - Sync 1 DAGs
[2023-06-28T14:29:26.609+0000] {logging_mixin.py:149} INFO - [2023-06-28T14:29:26.608+0000] {dag.py:3490} INFO - Setting next_dagrun for example_kubernetes_executor to None, run_after=None
[2023-06-28T14:29:26.647+0000] {processor.py:179} INFO - Processing /home/airflow/.local/lib/python3.7/site-packages/airflow/example_dags/example_kubernetes_executor.py took 0.468 seconds
[2023-06-28T14:29:56.821+0000] {processor.py:157} INFO - Started process (PID=1609) to work on /home/airflow/.local/lib/python3.7/site-packages/airflow/example_dags/example_kubernetes_executor.py
[2023-06-28T14:29:56.823+0000] {processor.py:826} INFO - Processing file /home/airflow/.local/lib/python3.7/site-packages/airflow/example_dags/example_kubernetes_executor.py for tasks to queue
[2023-06-28T14:29:56.824+0000] {logging_mixin.py:149} INFO - [2023-06-28T14:29:56.824+0000] {dagbag.py:541} INFO - Filling up the DagBag from /home/airflow/.local/lib/python3.7/site-packages/airflow/example_dags/example_kubernetes_executor.py
[2023-06-28T14:29:57.086+0000] {processor.py:836} INFO - DAG(s) dict_keys(['example_kubernetes_executor']) retrieved from /home/airflow/.local/lib/python3.7/site-packages/airflow/example_dags/example_kubernetes_executor.py
[2023-06-28T14:29:57.136+0000] {logging_mixin.py:149} INFO - [2023-06-28T14:29:57.136+0000] {dag.py:2726} INFO - Sync 1 DAGs
[2023-06-28T14:29:57.170+0000] {logging_mixin.py:149} INFO - [2023-06-28T14:29:57.170+0000] {dag.py:3490} INFO - Setting next_dagrun for example_kubernetes_executor to None, run_after=None
[2023-06-28T14:29:57.201+0000] {processor.py:179} INFO - Processing /home/airflow/.local/lib/python3.7/site-packages/airflow/example_dags/example_kubernetes_executor.py took 0.384 seconds
[2023-06-28T14:30:27.343+0000] {processor.py:157} INFO - Started process (PID=1668) to work on /home/airflow/.local/lib/python3.7/site-packages/airflow/example_dags/example_kubernetes_executor.py
[2023-06-28T14:30:27.345+0000] {processor.py:826} INFO - Processing file /home/airflow/.local/lib/python3.7/site-packages/airflow/example_dags/example_kubernetes_executor.py for tasks to queue
[2023-06-28T14:30:27.347+0000] {logging_mixin.py:149} INFO - [2023-06-28T14:30:27.346+0000] {dagbag.py:541} INFO - Filling up the DagBag from /home/airflow/.local/lib/python3.7/site-packages/airflow/example_dags/example_kubernetes_executor.py
[2023-06-28T14:30:27.631+0000] {processor.py:836} INFO - DAG(s) dict_keys(['example_kubernetes_executor']) retrieved from /home/airflow/.local/lib/python3.7/site-packages/airflow/example_dags/example_kubernetes_executor.py
[2023-06-28T14:30:27.682+0000] {logging_mixin.py:149} INFO - [2023-06-28T14:30:27.682+0000] {dag.py:2726} INFO - Sync 1 DAGs
[2023-06-28T14:30:27.715+0000] {logging_mixin.py:149} INFO - [2023-06-28T14:30:27.715+0000] {dag.py:3490} INFO - Setting next_dagrun for example_kubernetes_executor to None, run_after=None
[2023-06-28T14:30:27.747+0000] {processor.py:179} INFO - Processing /home/airflow/.local/lib/python3.7/site-packages/airflow/example_dags/example_kubernetes_executor.py took 0.407 seconds
[2023-06-28T14:30:58.050+0000] {processor.py:157} INFO - Started process (PID=1727) to work on /home/airflow/.local/lib/python3.7/site-packages/airflow/example_dags/example_kubernetes_executor.py
[2023-06-28T14:30:58.051+0000] {processor.py:826} INFO - Processing file /home/airflow/.local/lib/python3.7/site-packages/airflow/example_dags/example_kubernetes_executor.py for tasks to queue
[2023-06-28T14:30:58.052+0000] {logging_mixin.py:149} INFO - [2023-06-28T14:30:58.052+0000] {dagbag.py:541} INFO - Filling up the DagBag from /home/airflow/.local/lib/python3.7/site-packages/airflow/example_dags/example_kubernetes_executor.py
[2023-06-28T14:30:58.322+0000] {processor.py:836} INFO - DAG(s) dict_keys(['example_kubernetes_executor']) retrieved from /home/airflow/.local/lib/python3.7/site-packages/airflow/example_dags/example_kubernetes_executor.py
[2023-06-28T14:30:58.374+0000] {logging_mixin.py:149} INFO - [2023-06-28T14:30:58.374+0000] {dag.py:2726} INFO - Sync 1 DAGs
[2023-06-28T14:30:58.406+0000] {logging_mixin.py:149} INFO - [2023-06-28T14:30:58.406+0000] {dag.py:3490} INFO - Setting next_dagrun for example_kubernetes_executor to None, run_after=None
[2023-06-28T14:30:58.437+0000] {processor.py:179} INFO - Processing /home/airflow/.local/lib/python3.7/site-packages/airflow/example_dags/example_kubernetes_executor.py took 0.391 seconds
[2023-06-28T14:31:29.299+0000] {processor.py:157} INFO - Started process (PID=1787) to work on /home/airflow/.local/lib/python3.7/site-packages/airflow/example_dags/example_kubernetes_executor.py
[2023-06-28T14:31:29.301+0000] {processor.py:826} INFO - Processing file /home/airflow/.local/lib/python3.7/site-packages/airflow/example_dags/example_kubernetes_executor.py for tasks to queue
[2023-06-28T14:31:29.302+0000] {logging_mixin.py:149} INFO - [2023-06-28T14:31:29.302+0000] {dagbag.py:541} INFO - Filling up the DagBag from /home/airflow/.local/lib/python3.7/site-packages/airflow/example_dags/example_kubernetes_executor.py
[2023-06-28T14:31:29.631+0000] {processor.py:836} INFO - DAG(s) dict_keys(['example_kubernetes_executor']) retrieved from /home/airflow/.local/lib/python3.7/site-packages/airflow/example_dags/example_kubernetes_executor.py
[2023-06-28T14:31:29.692+0000] {logging_mixin.py:149} INFO - [2023-06-28T14:31:29.692+0000] {dag.py:2726} INFO - Sync 1 DAGs
[2023-06-28T14:31:29.735+0000] {logging_mixin.py:149} INFO - [2023-06-28T14:31:29.734+0000] {dag.py:3490} INFO - Setting next_dagrun for example_kubernetes_executor to None, run_after=None
[2023-06-28T14:31:29.903+0000] {processor.py:179} INFO - Processing /home/airflow/.local/lib/python3.7/site-packages/airflow/example_dags/example_kubernetes_executor.py took 0.608 seconds
[2023-06-28T14:32:00.020+0000] {processor.py:157} INFO - Started process (PID=1848) to work on /home/airflow/.local/lib/python3.7/site-packages/airflow/example_dags/example_kubernetes_executor.py
[2023-06-28T14:32:00.022+0000] {processor.py:826} INFO - Processing file /home/airflow/.local/lib/python3.7/site-packages/airflow/example_dags/example_kubernetes_executor.py for tasks to queue
[2023-06-28T14:32:00.023+0000] {logging_mixin.py:149} INFO - [2023-06-28T14:32:00.023+0000] {dagbag.py:541} INFO - Filling up the DagBag from /home/airflow/.local/lib/python3.7/site-packages/airflow/example_dags/example_kubernetes_executor.py
[2023-06-28T14:32:00.390+0000] {processor.py:836} INFO - DAG(s) dict_keys(['example_kubernetes_executor']) retrieved from /home/airflow/.local/lib/python3.7/site-packages/airflow/example_dags/example_kubernetes_executor.py
[2023-06-28T14:32:00.449+0000] {logging_mixin.py:149} INFO - [2023-06-28T14:32:00.448+0000] {dag.py:2726} INFO - Sync 1 DAGs
[2023-06-28T14:32:00.481+0000] {logging_mixin.py:149} INFO - [2023-06-28T14:32:00.481+0000] {dag.py:3490} INFO - Setting next_dagrun for example_kubernetes_executor to None, run_after=None
[2023-06-28T14:32:00.509+0000] {processor.py:179} INFO - Processing /home/airflow/.local/lib/python3.7/site-packages/airflow/example_dags/example_kubernetes_executor.py took 0.493 seconds
[2023-06-28T14:32:31.083+0000] {processor.py:157} INFO - Started process (PID=1906) to work on /home/airflow/.local/lib/python3.7/site-packages/airflow/example_dags/example_kubernetes_executor.py
[2023-06-28T14:32:31.085+0000] {processor.py:826} INFO - Processing file /home/airflow/.local/lib/python3.7/site-packages/airflow/example_dags/example_kubernetes_executor.py for tasks to queue
[2023-06-28T14:32:31.086+0000] {logging_mixin.py:149} INFO - [2023-06-28T14:32:31.086+0000] {dagbag.py:541} INFO - Filling up the DagBag from /home/airflow/.local/lib/python3.7/site-packages/airflow/example_dags/example_kubernetes_executor.py
[2023-06-28T14:32:31.383+0000] {processor.py:836} INFO - DAG(s) dict_keys(['example_kubernetes_executor']) retrieved from /home/airflow/.local/lib/python3.7/site-packages/airflow/example_dags/example_kubernetes_executor.py
[2023-06-28T14:32:31.451+0000] {logging_mixin.py:149} INFO - [2023-06-28T14:32:31.451+0000] {dag.py:2726} INFO - Sync 1 DAGs
[2023-06-28T14:32:31.494+0000] {logging_mixin.py:149} INFO - [2023-06-28T14:32:31.494+0000] {dag.py:3490} INFO - Setting next_dagrun for example_kubernetes_executor to None, run_after=None
[2023-06-28T14:32:31.532+0000] {processor.py:179} INFO - Processing /home/airflow/.local/lib/python3.7/site-packages/airflow/example_dags/example_kubernetes_executor.py took 0.453 seconds
[2023-06-28T14:33:02.300+0000] {processor.py:157} INFO - Started process (PID=1964) to work on /home/airflow/.local/lib/python3.7/site-packages/airflow/example_dags/example_kubernetes_executor.py
[2023-06-28T14:33:02.301+0000] {processor.py:826} INFO - Processing file /home/airflow/.local/lib/python3.7/site-packages/airflow/example_dags/example_kubernetes_executor.py for tasks to queue
[2023-06-28T14:33:02.302+0000] {logging_mixin.py:149} INFO - [2023-06-28T14:33:02.302+0000] {dagbag.py:541} INFO - Filling up the DagBag from /home/airflow/.local/lib/python3.7/site-packages/airflow/example_dags/example_kubernetes_executor.py
[2023-06-28T14:33:02.688+0000] {processor.py:836} INFO - DAG(s) dict_keys(['example_kubernetes_executor']) retrieved from /home/airflow/.local/lib/python3.7/site-packages/airflow/example_dags/example_kubernetes_executor.py
[2023-06-28T14:33:02.754+0000] {logging_mixin.py:149} INFO - [2023-06-28T14:33:02.753+0000] {dag.py:2726} INFO - Sync 1 DAGs
[2023-06-28T14:33:02.810+0000] {logging_mixin.py:149} INFO - [2023-06-28T14:33:02.810+0000] {dag.py:3490} INFO - Setting next_dagrun for example_kubernetes_executor to None, run_after=None
[2023-06-28T14:33:03.016+0000] {processor.py:179} INFO - Processing /home/airflow/.local/lib/python3.7/site-packages/airflow/example_dags/example_kubernetes_executor.py took 0.721 seconds
[2023-06-28T14:33:33.957+0000] {processor.py:157} INFO - Started process (PID=2025) to work on /home/airflow/.local/lib/python3.7/site-packages/airflow/example_dags/example_kubernetes_executor.py
[2023-06-28T14:33:33.959+0000] {processor.py:826} INFO - Processing file /home/airflow/.local/lib/python3.7/site-packages/airflow/example_dags/example_kubernetes_executor.py for tasks to queue
[2023-06-28T14:33:33.961+0000] {logging_mixin.py:149} INFO - [2023-06-28T14:33:33.961+0000] {dagbag.py:541} INFO - Filling up the DagBag from /home/airflow/.local/lib/python3.7/site-packages/airflow/example_dags/example_kubernetes_executor.py
[2023-06-28T14:33:34.264+0000] {processor.py:836} INFO - DAG(s) dict_keys(['example_kubernetes_executor']) retrieved from /home/airflow/.local/lib/python3.7/site-packages/airflow/example_dags/example_kubernetes_executor.py
[2023-06-28T14:33:34.328+0000] {logging_mixin.py:149} INFO - [2023-06-28T14:33:34.327+0000] {dag.py:2726} INFO - Sync 1 DAGs
[2023-06-28T14:33:34.364+0000] {logging_mixin.py:149} INFO - [2023-06-28T14:33:34.364+0000] {dag.py:3490} INFO - Setting next_dagrun for example_kubernetes_executor to None, run_after=None
[2023-06-28T14:33:34.397+0000] {processor.py:179} INFO - Processing /home/airflow/.local/lib/python3.7/site-packages/airflow/example_dags/example_kubernetes_executor.py took 0.445 seconds
[2023-06-28T14:34:05.296+0000] {processor.py:157} INFO - Started process (PID=2084) to work on /home/airflow/.local/lib/python3.7/site-packages/airflow/example_dags/example_kubernetes_executor.py
[2023-06-28T14:34:05.303+0000] {processor.py:826} INFO - Processing file /home/airflow/.local/lib/python3.7/site-packages/airflow/example_dags/example_kubernetes_executor.py for tasks to queue
[2023-06-28T14:34:05.304+0000] {logging_mixin.py:149} INFO - [2023-06-28T14:34:05.304+0000] {dagbag.py:541} INFO - Filling up the DagBag from /home/airflow/.local/lib/python3.7/site-packages/airflow/example_dags/example_kubernetes_executor.py
[2023-06-28T14:34:05.733+0000] {processor.py:836} INFO - DAG(s) dict_keys(['example_kubernetes_executor']) retrieved from /home/airflow/.local/lib/python3.7/site-packages/airflow/example_dags/example_kubernetes_executor.py
[2023-06-28T14:34:05.853+0000] {logging_mixin.py:149} INFO - [2023-06-28T14:34:05.853+0000] {dag.py:2726} INFO - Sync 1 DAGs
[2023-06-28T14:34:06.107+0000] {logging_mixin.py:149} INFO - [2023-06-28T14:34:06.107+0000] {dag.py:3490} INFO - Setting next_dagrun for example_kubernetes_executor to None, run_after=None
[2023-06-28T14:34:06.150+0000] {processor.py:179} INFO - Processing /home/airflow/.local/lib/python3.7/site-packages/airflow/example_dags/example_kubernetes_executor.py took 0.858 seconds
[2023-06-28T14:34:36.242+0000] {processor.py:157} INFO - Started process (PID=2145) to work on /home/airflow/.local/lib/python3.7/site-packages/airflow/example_dags/example_kubernetes_executor.py
[2023-06-28T14:34:36.243+0000] {processor.py:826} INFO - Processing file /home/airflow/.local/lib/python3.7/site-packages/airflow/example_dags/example_kubernetes_executor.py for tasks to queue
[2023-06-28T14:34:36.245+0000] {logging_mixin.py:149} INFO - [2023-06-28T14:34:36.245+0000] {dagbag.py:541} INFO - Filling up the DagBag from /home/airflow/.local/lib/python3.7/site-packages/airflow/example_dags/example_kubernetes_executor.py
[2023-06-28T14:34:36.739+0000] {processor.py:836} INFO - DAG(s) dict_keys(['example_kubernetes_executor']) retrieved from /home/airflow/.local/lib/python3.7/site-packages/airflow/example_dags/example_kubernetes_executor.py
[2023-06-28T14:34:36.817+0000] {logging_mixin.py:149} INFO - [2023-06-28T14:34:36.817+0000] {dag.py:2726} INFO - Sync 1 DAGs
[2023-06-28T14:34:36.882+0000] {logging_mixin.py:149} INFO - [2023-06-28T14:34:36.881+0000] {dag.py:3490} INFO - Setting next_dagrun for example_kubernetes_executor to None, run_after=None
[2023-06-28T14:34:36.969+0000] {processor.py:179} INFO - Processing /home/airflow/.local/lib/python3.7/site-packages/airflow/example_dags/example_kubernetes_executor.py took 0.734 seconds
[2023-06-28T14:35:07.305+0000] {processor.py:157} INFO - Started process (PID=2205) to work on /home/airflow/.local/lib/python3.7/site-packages/airflow/example_dags/example_kubernetes_executor.py
[2023-06-28T14:35:07.306+0000] {processor.py:826} INFO - Processing file /home/airflow/.local/lib/python3.7/site-packages/airflow/example_dags/example_kubernetes_executor.py for tasks to queue
[2023-06-28T14:35:07.307+0000] {logging_mixin.py:149} INFO - [2023-06-28T14:35:07.307+0000] {dagbag.py:541} INFO - Filling up the DagBag from /home/airflow/.local/lib/python3.7/site-packages/airflow/example_dags/example_kubernetes_executor.py
[2023-06-28T14:35:07.637+0000] {processor.py:836} INFO - DAG(s) dict_keys(['example_kubernetes_executor']) retrieved from /home/airflow/.local/lib/python3.7/site-packages/airflow/example_dags/example_kubernetes_executor.py
[2023-06-28T14:35:07.855+0000] {logging_mixin.py:149} INFO - [2023-06-28T14:35:07.855+0000] {dag.py:2726} INFO - Sync 1 DAGs
[2023-06-28T14:35:07.896+0000] {logging_mixin.py:149} INFO - [2023-06-28T14:35:07.896+0000] {dag.py:3490} INFO - Setting next_dagrun for example_kubernetes_executor to None, run_after=None
[2023-06-28T14:35:07.932+0000] {processor.py:179} INFO - Processing /home/airflow/.local/lib/python3.7/site-packages/airflow/example_dags/example_kubernetes_executor.py took 0.632 seconds
[2023-06-28T14:35:38.060+0000] {processor.py:157} INFO - Started process (PID=2267) to work on /home/airflow/.local/lib/python3.7/site-packages/airflow/example_dags/example_kubernetes_executor.py
[2023-06-28T14:35:38.062+0000] {processor.py:826} INFO - Processing file /home/airflow/.local/lib/python3.7/site-packages/airflow/example_dags/example_kubernetes_executor.py for tasks to queue
[2023-06-28T14:35:38.063+0000] {logging_mixin.py:149} INFO - [2023-06-28T14:35:38.063+0000] {dagbag.py:541} INFO - Filling up the DagBag from /home/airflow/.local/lib/python3.7/site-packages/airflow/example_dags/example_kubernetes_executor.py
[2023-06-28T14:35:38.404+0000] {processor.py:836} INFO - DAG(s) dict_keys(['example_kubernetes_executor']) retrieved from /home/airflow/.local/lib/python3.7/site-packages/airflow/example_dags/example_kubernetes_executor.py
[2023-06-28T14:35:38.464+0000] {logging_mixin.py:149} INFO - [2023-06-28T14:35:38.463+0000] {dag.py:2726} INFO - Sync 1 DAGs
[2023-06-28T14:35:38.637+0000] {logging_mixin.py:149} INFO - [2023-06-28T14:35:38.636+0000] {dag.py:3490} INFO - Setting next_dagrun for example_kubernetes_executor to None, run_after=None
[2023-06-28T14:35:38.668+0000] {processor.py:179} INFO - Processing /home/airflow/.local/lib/python3.7/site-packages/airflow/example_dags/example_kubernetes_executor.py took 0.613 seconds
[2023-06-28T14:36:08.850+0000] {processor.py:157} INFO - Started process (PID=2330) to work on /home/airflow/.local/lib/python3.7/site-packages/airflow/example_dags/example_kubernetes_executor.py
[2023-06-28T14:36:08.851+0000] {processor.py:826} INFO - Processing file /home/airflow/.local/lib/python3.7/site-packages/airflow/example_dags/example_kubernetes_executor.py for tasks to queue
[2023-06-28T14:36:08.852+0000] {logging_mixin.py:149} INFO - [2023-06-28T14:36:08.852+0000] {dagbag.py:541} INFO - Filling up the DagBag from /home/airflow/.local/lib/python3.7/site-packages/airflow/example_dags/example_kubernetes_executor.py
[2023-06-28T14:36:09.114+0000] {processor.py:836} INFO - DAG(s) dict_keys(['example_kubernetes_executor']) retrieved from /home/airflow/.local/lib/python3.7/site-packages/airflow/example_dags/example_kubernetes_executor.py
[2023-06-28T14:36:09.305+0000] {logging_mixin.py:149} INFO - [2023-06-28T14:36:09.305+0000] {dag.py:2726} INFO - Sync 1 DAGs
[2023-06-28T14:36:09.335+0000] {logging_mixin.py:149} INFO - [2023-06-28T14:36:09.335+0000] {dag.py:3490} INFO - Setting next_dagrun for example_kubernetes_executor to None, run_after=None
[2023-06-28T14:36:09.365+0000] {processor.py:179} INFO - Processing /home/airflow/.local/lib/python3.7/site-packages/airflow/example_dags/example_kubernetes_executor.py took 0.520 seconds
[2023-06-28T14:36:39.888+0000] {processor.py:157} INFO - Started process (PID=2389) to work on /home/airflow/.local/lib/python3.7/site-packages/airflow/example_dags/example_kubernetes_executor.py
[2023-06-28T14:36:39.890+0000] {processor.py:826} INFO - Processing file /home/airflow/.local/lib/python3.7/site-packages/airflow/example_dags/example_kubernetes_executor.py for tasks to queue
[2023-06-28T14:36:39.891+0000] {logging_mixin.py:149} INFO - [2023-06-28T14:36:39.891+0000] {dagbag.py:541} INFO - Filling up the DagBag from /home/airflow/.local/lib/python3.7/site-packages/airflow/example_dags/example_kubernetes_executor.py
[2023-06-28T14:36:40.156+0000] {processor.py:836} INFO - DAG(s) dict_keys(['example_kubernetes_executor']) retrieved from /home/airflow/.local/lib/python3.7/site-packages/airflow/example_dags/example_kubernetes_executor.py
[2023-06-28T14:36:40.357+0000] {logging_mixin.py:149} INFO - [2023-06-28T14:36:40.357+0000] {dag.py:2726} INFO - Sync 1 DAGs
[2023-06-28T14:36:40.393+0000] {logging_mixin.py:149} INFO - [2023-06-28T14:36:40.393+0000] {dag.py:3490} INFO - Setting next_dagrun for example_kubernetes_executor to None, run_after=None
[2023-06-28T14:36:40.423+0000] {processor.py:179} INFO - Processing /home/airflow/.local/lib/python3.7/site-packages/airflow/example_dags/example_kubernetes_executor.py took 0.539 seconds
[2023-06-28T14:37:11.187+0000] {processor.py:157} INFO - Started process (PID=2448) to work on /home/airflow/.local/lib/python3.7/site-packages/airflow/example_dags/example_kubernetes_executor.py
[2023-06-28T14:37:11.189+0000] {processor.py:826} INFO - Processing file /home/airflow/.local/lib/python3.7/site-packages/airflow/example_dags/example_kubernetes_executor.py for tasks to queue
[2023-06-28T14:37:11.190+0000] {logging_mixin.py:149} INFO - [2023-06-28T14:37:11.190+0000] {dagbag.py:541} INFO - Filling up the DagBag from /home/airflow/.local/lib/python3.7/site-packages/airflow/example_dags/example_kubernetes_executor.py
[2023-06-28T14:37:11.445+0000] {processor.py:836} INFO - DAG(s) dict_keys(['example_kubernetes_executor']) retrieved from /home/airflow/.local/lib/python3.7/site-packages/airflow/example_dags/example_kubernetes_executor.py
[2023-06-28T14:37:11.497+0000] {logging_mixin.py:149} INFO - [2023-06-28T14:37:11.496+0000] {dag.py:2726} INFO - Sync 1 DAGs
[2023-06-28T14:37:11.653+0000] {logging_mixin.py:149} INFO - [2023-06-28T14:37:11.653+0000] {dag.py:3490} INFO - Setting next_dagrun for example_kubernetes_executor to None, run_after=None
[2023-06-28T14:37:11.693+0000] {processor.py:179} INFO - Processing /home/airflow/.local/lib/python3.7/site-packages/airflow/example_dags/example_kubernetes_executor.py took 0.510 seconds
[2023-06-28T14:37:42.477+0000] {processor.py:157} INFO - Started process (PID=2507) to work on /home/airflow/.local/lib/python3.7/site-packages/airflow/example_dags/example_kubernetes_executor.py
[2023-06-28T14:37:42.478+0000] {processor.py:826} INFO - Processing file /home/airflow/.local/lib/python3.7/site-packages/airflow/example_dags/example_kubernetes_executor.py for tasks to queue
[2023-06-28T14:37:42.479+0000] {logging_mixin.py:149} INFO - [2023-06-28T14:37:42.479+0000] {dagbag.py:541} INFO - Filling up the DagBag from /home/airflow/.local/lib/python3.7/site-packages/airflow/example_dags/example_kubernetes_executor.py
[2023-06-28T14:37:42.737+0000] {processor.py:836} INFO - DAG(s) dict_keys(['example_kubernetes_executor']) retrieved from /home/airflow/.local/lib/python3.7/site-packages/airflow/example_dags/example_kubernetes_executor.py
[2023-06-28T14:37:42.908+0000] {logging_mixin.py:149} INFO - [2023-06-28T14:37:42.908+0000] {dag.py:2726} INFO - Sync 1 DAGs
[2023-06-28T14:37:42.939+0000] {logging_mixin.py:149} INFO - [2023-06-28T14:37:42.939+0000] {dag.py:3490} INFO - Setting next_dagrun for example_kubernetes_executor to None, run_after=None
[2023-06-28T14:37:42.979+0000] {processor.py:179} INFO - Processing /home/airflow/.local/lib/python3.7/site-packages/airflow/example_dags/example_kubernetes_executor.py took 0.506 seconds
[2023-06-28T14:38:13.268+0000] {processor.py:157} INFO - Started process (PID=2568) to work on /home/airflow/.local/lib/python3.7/site-packages/airflow/example_dags/example_kubernetes_executor.py
[2023-06-28T14:38:13.269+0000] {processor.py:826} INFO - Processing file /home/airflow/.local/lib/python3.7/site-packages/airflow/example_dags/example_kubernetes_executor.py for tasks to queue
[2023-06-28T14:38:13.271+0000] {logging_mixin.py:149} INFO - [2023-06-28T14:38:13.270+0000] {dagbag.py:541} INFO - Filling up the DagBag from /home/airflow/.local/lib/python3.7/site-packages/airflow/example_dags/example_kubernetes_executor.py
[2023-06-28T14:38:13.613+0000] {processor.py:836} INFO - DAG(s) dict_keys(['example_kubernetes_executor']) retrieved from /home/airflow/.local/lib/python3.7/site-packages/airflow/example_dags/example_kubernetes_executor.py
[2023-06-28T14:38:13.829+0000] {logging_mixin.py:149} INFO - [2023-06-28T14:38:13.828+0000] {dag.py:2726} INFO - Sync 1 DAGs
[2023-06-28T14:38:13.879+0000] {logging_mixin.py:149} INFO - [2023-06-28T14:38:13.878+0000] {dag.py:3490} INFO - Setting next_dagrun for example_kubernetes_executor to None, run_after=None
[2023-06-28T14:38:13.914+0000] {processor.py:179} INFO - Processing /home/airflow/.local/lib/python3.7/site-packages/airflow/example_dags/example_kubernetes_executor.py took 0.652 seconds
[2023-06-28T14:38:44.103+0000] {processor.py:157} INFO - Started process (PID=2630) to work on /home/airflow/.local/lib/python3.7/site-packages/airflow/example_dags/example_kubernetes_executor.py
[2023-06-28T14:38:44.105+0000] {processor.py:826} INFO - Processing file /home/airflow/.local/lib/python3.7/site-packages/airflow/example_dags/example_kubernetes_executor.py for tasks to queue
[2023-06-28T14:38:44.106+0000] {logging_mixin.py:149} INFO - [2023-06-28T14:38:44.106+0000] {dagbag.py:541} INFO - Filling up the DagBag from /home/airflow/.local/lib/python3.7/site-packages/airflow/example_dags/example_kubernetes_executor.py
[2023-06-28T14:38:44.390+0000] {processor.py:836} INFO - DAG(s) dict_keys(['example_kubernetes_executor']) retrieved from /home/airflow/.local/lib/python3.7/site-packages/airflow/example_dags/example_kubernetes_executor.py
[2023-06-28T14:38:44.442+0000] {logging_mixin.py:149} INFO - [2023-06-28T14:38:44.442+0000] {dag.py:2726} INFO - Sync 1 DAGs
[2023-06-28T14:38:44.600+0000] {logging_mixin.py:149} INFO - [2023-06-28T14:38:44.600+0000] {dag.py:3490} INFO - Setting next_dagrun for example_kubernetes_executor to None, run_after=None
[2023-06-28T14:38:44.630+0000] {processor.py:179} INFO - Processing /home/airflow/.local/lib/python3.7/site-packages/airflow/example_dags/example_kubernetes_executor.py took 0.531 seconds
[2023-06-28T14:39:15.615+0000] {processor.py:157} INFO - Started process (PID=2690) to work on /home/airflow/.local/lib/python3.7/site-packages/airflow/example_dags/example_kubernetes_executor.py
[2023-06-28T14:39:15.618+0000] {processor.py:826} INFO - Processing file /home/airflow/.local/lib/python3.7/site-packages/airflow/example_dags/example_kubernetes_executor.py for tasks to queue
[2023-06-28T14:39:15.619+0000] {logging_mixin.py:149} INFO - [2023-06-28T14:39:15.619+0000] {dagbag.py:541} INFO - Filling up the DagBag from /home/airflow/.local/lib/python3.7/site-packages/airflow/example_dags/example_kubernetes_executor.py
[2023-06-28T14:39:15.997+0000] {processor.py:836} INFO - DAG(s) dict_keys(['example_kubernetes_executor']) retrieved from /home/airflow/.local/lib/python3.7/site-packages/airflow/example_dags/example_kubernetes_executor.py
[2023-06-28T14:39:16.176+0000] {logging_mixin.py:149} INFO - [2023-06-28T14:39:16.176+0000] {dag.py:2726} INFO - Sync 1 DAGs
[2023-06-28T14:39:16.206+0000] {logging_mixin.py:149} INFO - [2023-06-28T14:39:16.205+0000] {dag.py:3490} INFO - Setting next_dagrun for example_kubernetes_executor to None, run_after=None
[2023-06-28T14:39:16.236+0000] {processor.py:179} INFO - Processing /home/airflow/.local/lib/python3.7/site-packages/airflow/example_dags/example_kubernetes_executor.py took 0.627 seconds
[2023-06-28T14:39:47.095+0000] {processor.py:157} INFO - Started process (PID=2751) to work on /home/airflow/.local/lib/python3.7/site-packages/airflow/example_dags/example_kubernetes_executor.py
[2023-06-28T14:39:47.097+0000] {processor.py:826} INFO - Processing file /home/airflow/.local/lib/python3.7/site-packages/airflow/example_dags/example_kubernetes_executor.py for tasks to queue
[2023-06-28T14:39:47.099+0000] {logging_mixin.py:149} INFO - [2023-06-28T14:39:47.098+0000] {dagbag.py:541} INFO - Filling up the DagBag from /home/airflow/.local/lib/python3.7/site-packages/airflow/example_dags/example_kubernetes_executor.py
[2023-06-28T14:39:47.420+0000] {processor.py:836} INFO - DAG(s) dict_keys(['example_kubernetes_executor']) retrieved from /home/airflow/.local/lib/python3.7/site-packages/airflow/example_dags/example_kubernetes_executor.py
[2023-06-28T14:39:47.628+0000] {logging_mixin.py:149} INFO - [2023-06-28T14:39:47.627+0000] {dag.py:2726} INFO - Sync 1 DAGs
[2023-06-28T14:39:47.659+0000] {logging_mixin.py:149} INFO - [2023-06-28T14:39:47.659+0000] {dag.py:3490} INFO - Setting next_dagrun for example_kubernetes_executor to None, run_after=None
[2023-06-28T14:39:47.690+0000] {processor.py:179} INFO - Processing /home/airflow/.local/lib/python3.7/site-packages/airflow/example_dags/example_kubernetes_executor.py took 0.600 seconds
[2023-06-28T14:40:18.147+0000] {processor.py:157} INFO - Started process (PID=2814) to work on /home/airflow/.local/lib/python3.7/site-packages/airflow/example_dags/example_kubernetes_executor.py
[2023-06-28T14:40:18.149+0000] {processor.py:826} INFO - Processing file /home/airflow/.local/lib/python3.7/site-packages/airflow/example_dags/example_kubernetes_executor.py for tasks to queue
[2023-06-28T14:40:18.150+0000] {logging_mixin.py:149} INFO - [2023-06-28T14:40:18.150+0000] {dagbag.py:541} INFO - Filling up the DagBag from /home/airflow/.local/lib/python3.7/site-packages/airflow/example_dags/example_kubernetes_executor.py
[2023-06-28T14:40:18.610+0000] {processor.py:836} INFO - DAG(s) dict_keys(['example_kubernetes_executor']) retrieved from /home/airflow/.local/lib/python3.7/site-packages/airflow/example_dags/example_kubernetes_executor.py
[2023-06-28T14:40:18.661+0000] {logging_mixin.py:149} INFO - [2023-06-28T14:40:18.661+0000] {dag.py:2726} INFO - Sync 1 DAGs
[2023-06-28T14:40:18.701+0000] {logging_mixin.py:149} INFO - [2023-06-28T14:40:18.701+0000] {dag.py:3490} INFO - Setting next_dagrun for example_kubernetes_executor to None, run_after=None
[2023-06-28T14:40:18.733+0000] {processor.py:179} INFO - Processing /home/airflow/.local/lib/python3.7/site-packages/airflow/example_dags/example_kubernetes_executor.py took 0.591 seconds
[2023-06-28T14:40:49.610+0000] {processor.py:157} INFO - Started process (PID=2875) to work on /home/airflow/.local/lib/python3.7/site-packages/airflow/example_dags/example_kubernetes_executor.py
[2023-06-28T14:40:49.612+0000] {processor.py:826} INFO - Processing file /home/airflow/.local/lib/python3.7/site-packages/airflow/example_dags/example_kubernetes_executor.py for tasks to queue
[2023-06-28T14:40:49.613+0000] {logging_mixin.py:149} INFO - [2023-06-28T14:40:49.613+0000] {dagbag.py:541} INFO - Filling up the DagBag from /home/airflow/.local/lib/python3.7/site-packages/airflow/example_dags/example_kubernetes_executor.py
[2023-06-28T14:40:49.999+0000] {processor.py:836} INFO - DAG(s) dict_keys(['example_kubernetes_executor']) retrieved from /home/airflow/.local/lib/python3.7/site-packages/airflow/example_dags/example_kubernetes_executor.py
[2023-06-28T14:40:50.207+0000] {logging_mixin.py:149} INFO - [2023-06-28T14:40:50.206+0000] {dag.py:2726} INFO - Sync 1 DAGs
[2023-06-28T14:40:50.268+0000] {logging_mixin.py:149} INFO - [2023-06-28T14:40:50.268+0000] {dag.py:3490} INFO - Setting next_dagrun for example_kubernetes_executor to None, run_after=None
[2023-06-28T14:40:50.322+0000] {processor.py:179} INFO - Processing /home/airflow/.local/lib/python3.7/site-packages/airflow/example_dags/example_kubernetes_executor.py took 0.716 seconds
[2023-06-28T14:41:21.196+0000] {processor.py:157} INFO - Started process (PID=2935) to work on /home/airflow/.local/lib/python3.7/site-packages/airflow/example_dags/example_kubernetes_executor.py
[2023-06-28T14:41:21.198+0000] {processor.py:826} INFO - Processing file /home/airflow/.local/lib/python3.7/site-packages/airflow/example_dags/example_kubernetes_executor.py for tasks to queue
[2023-06-28T14:41:21.199+0000] {logging_mixin.py:149} INFO - [2023-06-28T14:41:21.199+0000] {dagbag.py:541} INFO - Filling up the DagBag from /home/airflow/.local/lib/python3.7/site-packages/airflow/example_dags/example_kubernetes_executor.py
[2023-06-28T14:41:21.615+0000] {processor.py:836} INFO - DAG(s) dict_keys(['example_kubernetes_executor']) retrieved from /home/airflow/.local/lib/python3.7/site-packages/airflow/example_dags/example_kubernetes_executor.py
[2023-06-28T14:41:21.661+0000] {logging_mixin.py:149} INFO - [2023-06-28T14:41:21.661+0000] {dag.py:2726} INFO - Sync 1 DAGs
[2023-06-28T14:41:21.693+0000] {logging_mixin.py:149} INFO - [2023-06-28T14:41:21.693+0000] {dag.py:3490} INFO - Setting next_dagrun for example_kubernetes_executor to None, run_after=None
[2023-06-28T14:41:21.723+0000] {processor.py:179} INFO - Processing /home/airflow/.local/lib/python3.7/site-packages/airflow/example_dags/example_kubernetes_executor.py took 0.531 seconds
[2023-06-28T14:41:52.032+0000] {processor.py:157} INFO - Started process (PID=2995) to work on /home/airflow/.local/lib/python3.7/site-packages/airflow/example_dags/example_kubernetes_executor.py
[2023-06-28T14:41:52.034+0000] {processor.py:826} INFO - Processing file /home/airflow/.local/lib/python3.7/site-packages/airflow/example_dags/example_kubernetes_executor.py for tasks to queue
[2023-06-28T14:41:52.036+0000] {logging_mixin.py:149} INFO - [2023-06-28T14:41:52.035+0000] {dagbag.py:541} INFO - Filling up the DagBag from /home/airflow/.local/lib/python3.7/site-packages/airflow/example_dags/example_kubernetes_executor.py
[2023-06-28T14:41:52.459+0000] {processor.py:836} INFO - DAG(s) dict_keys(['example_kubernetes_executor']) retrieved from /home/airflow/.local/lib/python3.7/site-packages/airflow/example_dags/example_kubernetes_executor.py
[2023-06-28T14:41:52.513+0000] {logging_mixin.py:149} INFO - [2023-06-28T14:41:52.512+0000] {dag.py:2726} INFO - Sync 1 DAGs
[2023-06-28T14:41:52.545+0000] {logging_mixin.py:149} INFO - [2023-06-28T14:41:52.544+0000] {dag.py:3490} INFO - Setting next_dagrun for example_kubernetes_executor to None, run_after=None
[2023-06-28T14:41:52.574+0000] {processor.py:179} INFO - Processing /home/airflow/.local/lib/python3.7/site-packages/airflow/example_dags/example_kubernetes_executor.py took 0.547 seconds
[2023-06-28T14:42:22.670+0000] {processor.py:157} INFO - Started process (PID=3055) to work on /home/airflow/.local/lib/python3.7/site-packages/airflow/example_dags/example_kubernetes_executor.py
[2023-06-28T14:42:22.672+0000] {processor.py:826} INFO - Processing file /home/airflow/.local/lib/python3.7/site-packages/airflow/example_dags/example_kubernetes_executor.py for tasks to queue
[2023-06-28T14:42:22.673+0000] {logging_mixin.py:149} INFO - [2023-06-28T14:42:22.673+0000] {dagbag.py:541} INFO - Filling up the DagBag from /home/airflow/.local/lib/python3.7/site-packages/airflow/example_dags/example_kubernetes_executor.py
[2023-06-28T14:42:23.058+0000] {processor.py:836} INFO - DAG(s) dict_keys(['example_kubernetes_executor']) retrieved from /home/airflow/.local/lib/python3.7/site-packages/airflow/example_dags/example_kubernetes_executor.py
[2023-06-28T14:42:23.107+0000] {logging_mixin.py:149} INFO - [2023-06-28T14:42:23.107+0000] {dag.py:2726} INFO - Sync 1 DAGs
[2023-06-28T14:42:23.139+0000] {logging_mixin.py:149} INFO - [2023-06-28T14:42:23.138+0000] {dag.py:3490} INFO - Setting next_dagrun for example_kubernetes_executor to None, run_after=None
[2023-06-28T14:42:23.169+0000] {processor.py:179} INFO - Processing /home/airflow/.local/lib/python3.7/site-packages/airflow/example_dags/example_kubernetes_executor.py took 0.503 seconds
[2023-06-28T14:42:53.894+0000] {processor.py:157} INFO - Started process (PID=3114) to work on /home/airflow/.local/lib/python3.7/site-packages/airflow/example_dags/example_kubernetes_executor.py
[2023-06-28T14:42:53.896+0000] {processor.py:826} INFO - Processing file /home/airflow/.local/lib/python3.7/site-packages/airflow/example_dags/example_kubernetes_executor.py for tasks to queue
[2023-06-28T14:42:53.897+0000] {logging_mixin.py:149} INFO - [2023-06-28T14:42:53.897+0000] {dagbag.py:541} INFO - Filling up the DagBag from /home/airflow/.local/lib/python3.7/site-packages/airflow/example_dags/example_kubernetes_executor.py
[2023-06-28T14:42:54.351+0000] {processor.py:836} INFO - DAG(s) dict_keys(['example_kubernetes_executor']) retrieved from /home/airflow/.local/lib/python3.7/site-packages/airflow/example_dags/example_kubernetes_executor.py
[2023-06-28T14:42:54.398+0000] {logging_mixin.py:149} INFO - [2023-06-28T14:42:54.398+0000] {dag.py:2726} INFO - Sync 1 DAGs
[2023-06-28T14:42:54.428+0000] {logging_mixin.py:149} INFO - [2023-06-28T14:42:54.427+0000] {dag.py:3490} INFO - Setting next_dagrun for example_kubernetes_executor to None, run_after=None
[2023-06-28T14:42:54.457+0000] {processor.py:179} INFO - Processing /home/airflow/.local/lib/python3.7/site-packages/airflow/example_dags/example_kubernetes_executor.py took 0.569 seconds
[2023-06-28T14:43:24.757+0000] {processor.py:157} INFO - Started process (PID=3176) to work on /home/airflow/.local/lib/python3.7/site-packages/airflow/example_dags/example_kubernetes_executor.py
[2023-06-28T14:43:24.759+0000] {processor.py:826} INFO - Processing file /home/airflow/.local/lib/python3.7/site-packages/airflow/example_dags/example_kubernetes_executor.py for tasks to queue
[2023-06-28T14:43:24.760+0000] {logging_mixin.py:149} INFO - [2023-06-28T14:43:24.760+0000] {dagbag.py:541} INFO - Filling up the DagBag from /home/airflow/.local/lib/python3.7/site-packages/airflow/example_dags/example_kubernetes_executor.py
[2023-06-28T14:43:25.320+0000] {processor.py:836} INFO - DAG(s) dict_keys(['example_kubernetes_executor']) retrieved from /home/airflow/.local/lib/python3.7/site-packages/airflow/example_dags/example_kubernetes_executor.py
[2023-06-28T14:43:25.414+0000] {logging_mixin.py:149} INFO - [2023-06-28T14:43:25.414+0000] {dag.py:2726} INFO - Sync 1 DAGs
[2023-06-28T14:43:25.472+0000] {logging_mixin.py:149} INFO - [2023-06-28T14:43:25.472+0000] {dag.py:3490} INFO - Setting next_dagrun for example_kubernetes_executor to None, run_after=None
[2023-06-28T14:43:25.519+0000] {processor.py:179} INFO - Processing /home/airflow/.local/lib/python3.7/site-packages/airflow/example_dags/example_kubernetes_executor.py took 0.767 seconds
[2023-06-28T14:43:55.982+0000] {processor.py:157} INFO - Started process (PID=3234) to work on /home/airflow/.local/lib/python3.7/site-packages/airflow/example_dags/example_kubernetes_executor.py
[2023-06-28T14:43:55.988+0000] {processor.py:826} INFO - Processing file /home/airflow/.local/lib/python3.7/site-packages/airflow/example_dags/example_kubernetes_executor.py for tasks to queue
[2023-06-28T14:43:55.990+0000] {logging_mixin.py:149} INFO - [2023-06-28T14:43:55.989+0000] {dagbag.py:541} INFO - Filling up the DagBag from /home/airflow/.local/lib/python3.7/site-packages/airflow/example_dags/example_kubernetes_executor.py
[2023-06-28T14:43:57.455+0000] {processor.py:836} INFO - DAG(s) dict_keys(['example_kubernetes_executor']) retrieved from /home/airflow/.local/lib/python3.7/site-packages/airflow/example_dags/example_kubernetes_executor.py
[2023-06-28T14:43:57.538+0000] {logging_mixin.py:149} INFO - [2023-06-28T14:43:57.538+0000] {dag.py:2726} INFO - Sync 1 DAGs
[2023-06-28T14:43:57.593+0000] {logging_mixin.py:149} INFO - [2023-06-28T14:43:57.592+0000] {dag.py:3490} INFO - Setting next_dagrun for example_kubernetes_executor to None, run_after=None
[2023-06-28T14:43:57.685+0000] {processor.py:179} INFO - Processing /home/airflow/.local/lib/python3.7/site-packages/airflow/example_dags/example_kubernetes_executor.py took 1.714 seconds
[2023-06-28T14:44:28.316+0000] {processor.py:157} INFO - Started process (PID=3289) to work on /home/airflow/.local/lib/python3.7/site-packages/airflow/example_dags/example_kubernetes_executor.py
[2023-06-28T14:44:28.318+0000] {processor.py:826} INFO - Processing file /home/airflow/.local/lib/python3.7/site-packages/airflow/example_dags/example_kubernetes_executor.py for tasks to queue
[2023-06-28T14:44:28.323+0000] {logging_mixin.py:149} INFO - [2023-06-28T14:44:28.323+0000] {dagbag.py:541} INFO - Filling up the DagBag from /home/airflow/.local/lib/python3.7/site-packages/airflow/example_dags/example_kubernetes_executor.py
[2023-06-28T14:44:30.171+0000] {processor.py:836} INFO - DAG(s) dict_keys(['example_kubernetes_executor']) retrieved from /home/airflow/.local/lib/python3.7/site-packages/airflow/example_dags/example_kubernetes_executor.py
[2023-06-28T14:44:30.477+0000] {logging_mixin.py:149} INFO - [2023-06-28T14:44:30.477+0000] {dag.py:2726} INFO - Sync 1 DAGs
[2023-06-28T14:44:30.681+0000] {logging_mixin.py:149} INFO - [2023-06-28T14:44:30.680+0000] {dag.py:3490} INFO - Setting next_dagrun for example_kubernetes_executor to None, run_after=None
[2023-06-28T14:44:30.793+0000] {processor.py:179} INFO - Processing /home/airflow/.local/lib/python3.7/site-packages/airflow/example_dags/example_kubernetes_executor.py took 2.486 seconds
[2023-06-28T14:45:01.308+0000] {processor.py:157} INFO - Started process (PID=3355) to work on /home/airflow/.local/lib/python3.7/site-packages/airflow/example_dags/example_kubernetes_executor.py
[2023-06-28T14:45:01.315+0000] {processor.py:826} INFO - Processing file /home/airflow/.local/lib/python3.7/site-packages/airflow/example_dags/example_kubernetes_executor.py for tasks to queue
[2023-06-28T14:45:01.329+0000] {logging_mixin.py:149} INFO - [2023-06-28T14:45:01.326+0000] {dagbag.py:541} INFO - Filling up the DagBag from /home/airflow/.local/lib/python3.7/site-packages/airflow/example_dags/example_kubernetes_executor.py
[2023-06-28T14:45:02.612+0000] {processor.py:836} INFO - DAG(s) dict_keys(['example_kubernetes_executor']) retrieved from /home/airflow/.local/lib/python3.7/site-packages/airflow/example_dags/example_kubernetes_executor.py
[2023-06-28T14:45:02.700+0000] {logging_mixin.py:149} INFO - [2023-06-28T14:45:02.700+0000] {dag.py:2726} INFO - Sync 1 DAGs
[2023-06-28T14:45:02.764+0000] {logging_mixin.py:149} INFO - [2023-06-28T14:45:02.764+0000] {dag.py:3490} INFO - Setting next_dagrun for example_kubernetes_executor to None, run_after=None
[2023-06-28T14:45:02.798+0000] {processor.py:179} INFO - Processing /home/airflow/.local/lib/python3.7/site-packages/airflow/example_dags/example_kubernetes_executor.py took 1.496 seconds
[2023-06-28T14:45:32.882+0000] {processor.py:157} INFO - Started process (PID=3416) to work on /home/airflow/.local/lib/python3.7/site-packages/airflow/example_dags/example_kubernetes_executor.py
[2023-06-28T14:45:32.883+0000] {processor.py:826} INFO - Processing file /home/airflow/.local/lib/python3.7/site-packages/airflow/example_dags/example_kubernetes_executor.py for tasks to queue
[2023-06-28T14:45:32.885+0000] {logging_mixin.py:149} INFO - [2023-06-28T14:45:32.885+0000] {dagbag.py:541} INFO - Filling up the DagBag from /home/airflow/.local/lib/python3.7/site-packages/airflow/example_dags/example_kubernetes_executor.py
[2023-06-28T14:45:33.506+0000] {processor.py:836} INFO - DAG(s) dict_keys(['example_kubernetes_executor']) retrieved from /home/airflow/.local/lib/python3.7/site-packages/airflow/example_dags/example_kubernetes_executor.py
[2023-06-28T14:45:33.601+0000] {logging_mixin.py:149} INFO - [2023-06-28T14:45:33.601+0000] {dag.py:2726} INFO - Sync 1 DAGs
[2023-06-28T14:45:33.665+0000] {logging_mixin.py:149} INFO - [2023-06-28T14:45:33.665+0000] {dag.py:3490} INFO - Setting next_dagrun for example_kubernetes_executor to None, run_after=None
[2023-06-28T14:45:33.711+0000] {processor.py:179} INFO - Processing /home/airflow/.local/lib/python3.7/site-packages/airflow/example_dags/example_kubernetes_executor.py took 0.836 seconds
[2023-06-28T14:46:03.780+0000] {processor.py:157} INFO - Started process (PID=3475) to work on /home/airflow/.local/lib/python3.7/site-packages/airflow/example_dags/example_kubernetes_executor.py
[2023-06-28T14:46:03.781+0000] {processor.py:826} INFO - Processing file /home/airflow/.local/lib/python3.7/site-packages/airflow/example_dags/example_kubernetes_executor.py for tasks to queue
[2023-06-28T14:46:03.782+0000] {logging_mixin.py:149} INFO - [2023-06-28T14:46:03.782+0000] {dagbag.py:541} INFO - Filling up the DagBag from /home/airflow/.local/lib/python3.7/site-packages/airflow/example_dags/example_kubernetes_executor.py
[2023-06-28T14:46:04.154+0000] {processor.py:836} INFO - DAG(s) dict_keys(['example_kubernetes_executor']) retrieved from /home/airflow/.local/lib/python3.7/site-packages/airflow/example_dags/example_kubernetes_executor.py
[2023-06-28T14:46:04.200+0000] {logging_mixin.py:149} INFO - [2023-06-28T14:46:04.200+0000] {dag.py:2726} INFO - Sync 1 DAGs
[2023-06-28T14:46:04.234+0000] {logging_mixin.py:149} INFO - [2023-06-28T14:46:04.233+0000] {dag.py:3490} INFO - Setting next_dagrun for example_kubernetes_executor to None, run_after=None
[2023-06-28T14:46:04.264+0000] {processor.py:179} INFO - Processing /home/airflow/.local/lib/python3.7/site-packages/airflow/example_dags/example_kubernetes_executor.py took 0.488 seconds
[2023-06-28T14:46:34.897+0000] {processor.py:157} INFO - Started process (PID=3535) to work on /home/airflow/.local/lib/python3.7/site-packages/airflow/example_dags/example_kubernetes_executor.py
[2023-06-28T14:46:34.903+0000] {processor.py:826} INFO - Processing file /home/airflow/.local/lib/python3.7/site-packages/airflow/example_dags/example_kubernetes_executor.py for tasks to queue
[2023-06-28T14:46:34.906+0000] {logging_mixin.py:149} INFO - [2023-06-28T14:46:34.905+0000] {dagbag.py:541} INFO - Filling up the DagBag from /home/airflow/.local/lib/python3.7/site-packages/airflow/example_dags/example_kubernetes_executor.py
[2023-06-28T14:46:36.088+0000] {processor.py:836} INFO - DAG(s) dict_keys(['example_kubernetes_executor']) retrieved from /home/airflow/.local/lib/python3.7/site-packages/airflow/example_dags/example_kubernetes_executor.py
[2023-06-28T14:46:36.191+0000] {logging_mixin.py:149} INFO - [2023-06-28T14:46:36.191+0000] {dag.py:2726} INFO - Sync 1 DAGs
[2023-06-28T14:46:36.256+0000] {logging_mixin.py:149} INFO - [2023-06-28T14:46:36.256+0000] {dag.py:3490} INFO - Setting next_dagrun for example_kubernetes_executor to None, run_after=None
[2023-06-28T14:46:36.312+0000] {processor.py:179} INFO - Processing /home/airflow/.local/lib/python3.7/site-packages/airflow/example_dags/example_kubernetes_executor.py took 1.422 seconds
[2023-06-28T14:47:07.104+0000] {processor.py:157} INFO - Started process (PID=3596) to work on /home/airflow/.local/lib/python3.7/site-packages/airflow/example_dags/example_kubernetes_executor.py
[2023-06-28T14:47:07.107+0000] {processor.py:826} INFO - Processing file /home/airflow/.local/lib/python3.7/site-packages/airflow/example_dags/example_kubernetes_executor.py for tasks to queue
[2023-06-28T14:47:07.111+0000] {logging_mixin.py:149} INFO - [2023-06-28T14:47:07.111+0000] {dagbag.py:541} INFO - Filling up the DagBag from /home/airflow/.local/lib/python3.7/site-packages/airflow/example_dags/example_kubernetes_executor.py
[2023-06-28T14:47:08.425+0000] {processor.py:836} INFO - DAG(s) dict_keys(['example_kubernetes_executor']) retrieved from /home/airflow/.local/lib/python3.7/site-packages/airflow/example_dags/example_kubernetes_executor.py
[2023-06-28T14:47:08.535+0000] {logging_mixin.py:149} INFO - [2023-06-28T14:47:08.535+0000] {dag.py:2726} INFO - Sync 1 DAGs
[2023-06-28T14:47:08.676+0000] {logging_mixin.py:149} INFO - [2023-06-28T14:47:08.676+0000] {dag.py:3490} INFO - Setting next_dagrun for example_kubernetes_executor to None, run_after=None
[2023-06-28T14:47:08.804+0000] {processor.py:179} INFO - Processing /home/airflow/.local/lib/python3.7/site-packages/airflow/example_dags/example_kubernetes_executor.py took 1.733 seconds
[2023-06-28T14:47:39.070+0000] {processor.py:157} INFO - Started process (PID=3655) to work on /home/airflow/.local/lib/python3.7/site-packages/airflow/example_dags/example_kubernetes_executor.py
[2023-06-28T14:47:39.071+0000] {processor.py:826} INFO - Processing file /home/airflow/.local/lib/python3.7/site-packages/airflow/example_dags/example_kubernetes_executor.py for tasks to queue
[2023-06-28T14:47:39.072+0000] {logging_mixin.py:149} INFO - [2023-06-28T14:47:39.072+0000] {dagbag.py:541} INFO - Filling up the DagBag from /home/airflow/.local/lib/python3.7/site-packages/airflow/example_dags/example_kubernetes_executor.py
[2023-06-28T14:47:39.511+0000] {processor.py:836} INFO - DAG(s) dict_keys(['example_kubernetes_executor']) retrieved from /home/airflow/.local/lib/python3.7/site-packages/airflow/example_dags/example_kubernetes_executor.py
[2023-06-28T14:47:39.581+0000] {logging_mixin.py:149} INFO - [2023-06-28T14:47:39.580+0000] {dag.py:2726} INFO - Sync 1 DAGs
[2023-06-28T14:47:39.626+0000] {logging_mixin.py:149} INFO - [2023-06-28T14:47:39.625+0000] {dag.py:3490} INFO - Setting next_dagrun for example_kubernetes_executor to None, run_after=None
[2023-06-28T14:47:39.653+0000] {processor.py:179} INFO - Processing /home/airflow/.local/lib/python3.7/site-packages/airflow/example_dags/example_kubernetes_executor.py took 0.587 seconds
[2023-06-28T14:48:10.452+0000] {processor.py:157} INFO - Started process (PID=3715) to work on /home/airflow/.local/lib/python3.7/site-packages/airflow/example_dags/example_kubernetes_executor.py
[2023-06-28T14:48:10.454+0000] {processor.py:826} INFO - Processing file /home/airflow/.local/lib/python3.7/site-packages/airflow/example_dags/example_kubernetes_executor.py for tasks to queue
[2023-06-28T14:48:10.455+0000] {logging_mixin.py:149} INFO - [2023-06-28T14:48:10.455+0000] {dagbag.py:541} INFO - Filling up the DagBag from /home/airflow/.local/lib/python3.7/site-packages/airflow/example_dags/example_kubernetes_executor.py
[2023-06-28T14:48:10.878+0000] {processor.py:836} INFO - DAG(s) dict_keys(['example_kubernetes_executor']) retrieved from /home/airflow/.local/lib/python3.7/site-packages/airflow/example_dags/example_kubernetes_executor.py
[2023-06-28T14:48:10.929+0000] {logging_mixin.py:149} INFO - [2023-06-28T14:48:10.929+0000] {dag.py:2726} INFO - Sync 1 DAGs
[2023-06-28T14:48:10.960+0000] {logging_mixin.py:149} INFO - [2023-06-28T14:48:10.959+0000] {dag.py:3490} INFO - Setting next_dagrun for example_kubernetes_executor to None, run_after=None
[2023-06-28T14:48:10.990+0000] {processor.py:179} INFO - Processing /home/airflow/.local/lib/python3.7/site-packages/airflow/example_dags/example_kubernetes_executor.py took 0.543 seconds
