[2023-06-28T14:16:31.536+0000] {processor.py:157} INFO - Started process (PID=55) to work on /home/airflow/.local/lib/python3.7/site-packages/airflow/example_dags/example_params_trigger_ui.py
[2023-06-28T14:16:31.546+0000] {processor.py:826} INFO - Processing file /home/airflow/.local/lib/python3.7/site-packages/airflow/example_dags/example_params_trigger_ui.py for tasks to queue
[2023-06-28T14:16:31.551+0000] {logging_mixin.py:149} INFO - [2023-06-28T14:16:31.551+0000] {dagbag.py:541} INFO - Filling up the DagBag from /home/airflow/.local/lib/python3.7/site-packages/airflow/example_dags/example_params_trigger_ui.py
[2023-06-28T14:16:31.895+0000] {processor.py:836} INFO - DAG(s) dict_keys(['example_params_trigger_ui']) retrieved from /home/airflow/.local/lib/python3.7/site-packages/airflow/example_dags/example_params_trigger_ui.py
[2023-06-28T14:16:33.006+0000] {logging_mixin.py:149} INFO - [2023-06-28T14:16:33.006+0000] {dag.py:2726} INFO - Sync 1 DAGs
[2023-06-28T14:16:33.088+0000] {logging_mixin.py:149} INFO - [2023-06-28T14:16:33.087+0000] {dag.py:3490} INFO - Setting next_dagrun for example_params_trigger_ui to None, run_after=None
[2023-06-28T14:16:33.180+0000] {processor.py:179} INFO - Processing /home/airflow/.local/lib/python3.7/site-packages/airflow/example_dags/example_params_trigger_ui.py took 1.677 seconds
[2023-06-28T14:17:07.279+0000] {processor.py:157} INFO - Started process (PID=114) to work on /home/airflow/.local/lib/python3.7/site-packages/airflow/example_dags/example_params_trigger_ui.py
[2023-06-28T14:17:07.309+0000] {processor.py:826} INFO - Processing file /home/airflow/.local/lib/python3.7/site-packages/airflow/example_dags/example_params_trigger_ui.py for tasks to queue
[2023-06-28T14:17:07.312+0000] {logging_mixin.py:149} INFO - [2023-06-28T14:17:07.311+0000] {dagbag.py:541} INFO - Filling up the DagBag from /home/airflow/.local/lib/python3.7/site-packages/airflow/example_dags/example_params_trigger_ui.py
[2023-06-28T14:17:07.432+0000] {processor.py:836} INFO - DAG(s) dict_keys(['example_params_trigger_ui']) retrieved from /home/airflow/.local/lib/python3.7/site-packages/airflow/example_dags/example_params_trigger_ui.py
[2023-06-28T14:17:08.365+0000] {logging_mixin.py:149} INFO - [2023-06-28T14:17:08.365+0000] {dag.py:2726} INFO - Sync 1 DAGs
[2023-06-28T14:17:08.441+0000] {logging_mixin.py:149} INFO - [2023-06-28T14:17:08.441+0000] {dag.py:3490} INFO - Setting next_dagrun for example_params_trigger_ui to None, run_after=None
[2023-06-28T14:17:08.671+0000] {processor.py:179} INFO - Processing /home/airflow/.local/lib/python3.7/site-packages/airflow/example_dags/example_params_trigger_ui.py took 1.436 seconds
[2023-06-28T14:17:38.942+0000] {processor.py:157} INFO - Started process (PID=174) to work on /home/airflow/.local/lib/python3.7/site-packages/airflow/example_dags/example_params_trigger_ui.py
[2023-06-28T14:17:38.945+0000] {processor.py:826} INFO - Processing file /home/airflow/.local/lib/python3.7/site-packages/airflow/example_dags/example_params_trigger_ui.py for tasks to queue
[2023-06-28T14:17:38.947+0000] {logging_mixin.py:149} INFO - [2023-06-28T14:17:38.946+0000] {dagbag.py:541} INFO - Filling up the DagBag from /home/airflow/.local/lib/python3.7/site-packages/airflow/example_dags/example_params_trigger_ui.py
[2023-06-28T14:17:39.006+0000] {processor.py:836} INFO - DAG(s) dict_keys(['example_params_trigger_ui']) retrieved from /home/airflow/.local/lib/python3.7/site-packages/airflow/example_dags/example_params_trigger_ui.py
[2023-06-28T14:17:39.038+0000] {logging_mixin.py:149} INFO - [2023-06-28T14:17:39.037+0000] {dag.py:2726} INFO - Sync 1 DAGs
[2023-06-28T14:17:39.097+0000] {logging_mixin.py:149} INFO - [2023-06-28T14:17:39.096+0000] {dag.py:3490} INFO - Setting next_dagrun for example_params_trigger_ui to None, run_after=None
[2023-06-28T14:17:39.154+0000] {processor.py:179} INFO - Processing /home/airflow/.local/lib/python3.7/site-packages/airflow/example_dags/example_params_trigger_ui.py took 0.218 seconds
[2023-06-28T14:18:09.269+0000] {processor.py:157} INFO - Started process (PID=233) to work on /home/airflow/.local/lib/python3.7/site-packages/airflow/example_dags/example_params_trigger_ui.py
[2023-06-28T14:18:09.270+0000] {processor.py:826} INFO - Processing file /home/airflow/.local/lib/python3.7/site-packages/airflow/example_dags/example_params_trigger_ui.py for tasks to queue
[2023-06-28T14:18:09.271+0000] {logging_mixin.py:149} INFO - [2023-06-28T14:18:09.271+0000] {dagbag.py:541} INFO - Filling up the DagBag from /home/airflow/.local/lib/python3.7/site-packages/airflow/example_dags/example_params_trigger_ui.py
[2023-06-28T14:18:09.316+0000] {processor.py:836} INFO - DAG(s) dict_keys(['example_params_trigger_ui']) retrieved from /home/airflow/.local/lib/python3.7/site-packages/airflow/example_dags/example_params_trigger_ui.py
[2023-06-28T14:18:09.557+0000] {logging_mixin.py:149} INFO - [2023-06-28T14:18:09.556+0000] {dag.py:2726} INFO - Sync 1 DAGs
[2023-06-28T14:18:09.639+0000] {logging_mixin.py:149} INFO - [2023-06-28T14:18:09.639+0000] {dag.py:3490} INFO - Setting next_dagrun for example_params_trigger_ui to None, run_after=None
[2023-06-28T14:18:09.690+0000] {processor.py:179} INFO - Processing /home/airflow/.local/lib/python3.7/site-packages/airflow/example_dags/example_params_trigger_ui.py took 0.428 seconds
[2023-06-28T14:18:40.387+0000] {processor.py:157} INFO - Started process (PID=293) to work on /home/airflow/.local/lib/python3.7/site-packages/airflow/example_dags/example_params_trigger_ui.py
[2023-06-28T14:18:40.389+0000] {processor.py:826} INFO - Processing file /home/airflow/.local/lib/python3.7/site-packages/airflow/example_dags/example_params_trigger_ui.py for tasks to queue
[2023-06-28T14:18:40.391+0000] {logging_mixin.py:149} INFO - [2023-06-28T14:18:40.390+0000] {dagbag.py:541} INFO - Filling up the DagBag from /home/airflow/.local/lib/python3.7/site-packages/airflow/example_dags/example_params_trigger_ui.py
[2023-06-28T14:18:40.494+0000] {processor.py:836} INFO - DAG(s) dict_keys(['example_params_trigger_ui']) retrieved from /home/airflow/.local/lib/python3.7/site-packages/airflow/example_dags/example_params_trigger_ui.py
[2023-06-28T14:18:40.739+0000] {logging_mixin.py:149} INFO - [2023-06-28T14:18:40.739+0000] {dag.py:2726} INFO - Sync 1 DAGs
[2023-06-28T14:18:40.788+0000] {logging_mixin.py:149} INFO - [2023-06-28T14:18:40.787+0000] {dag.py:3490} INFO - Setting next_dagrun for example_params_trigger_ui to None, run_after=None
[2023-06-28T14:18:40.828+0000] {processor.py:179} INFO - Processing /home/airflow/.local/lib/python3.7/site-packages/airflow/example_dags/example_params_trigger_ui.py took 0.452 seconds
[2023-06-28T14:19:11.469+0000] {processor.py:157} INFO - Started process (PID=351) to work on /home/airflow/.local/lib/python3.7/site-packages/airflow/example_dags/example_params_trigger_ui.py
[2023-06-28T14:19:11.471+0000] {processor.py:826} INFO - Processing file /home/airflow/.local/lib/python3.7/site-packages/airflow/example_dags/example_params_trigger_ui.py for tasks to queue
[2023-06-28T14:19:11.472+0000] {logging_mixin.py:149} INFO - [2023-06-28T14:19:11.472+0000] {dagbag.py:541} INFO - Filling up the DagBag from /home/airflow/.local/lib/python3.7/site-packages/airflow/example_dags/example_params_trigger_ui.py
[2023-06-28T14:19:11.509+0000] {processor.py:836} INFO - DAG(s) dict_keys(['example_params_trigger_ui']) retrieved from /home/airflow/.local/lib/python3.7/site-packages/airflow/example_dags/example_params_trigger_ui.py
[2023-06-28T14:19:11.764+0000] {logging_mixin.py:149} INFO - [2023-06-28T14:19:11.763+0000] {dag.py:2726} INFO - Sync 1 DAGs
[2023-06-28T14:19:11.818+0000] {logging_mixin.py:149} INFO - [2023-06-28T14:19:11.818+0000] {dag.py:3490} INFO - Setting next_dagrun for example_params_trigger_ui to None, run_after=None
[2023-06-28T14:19:11.884+0000] {processor.py:179} INFO - Processing /home/airflow/.local/lib/python3.7/site-packages/airflow/example_dags/example_params_trigger_ui.py took 0.417 seconds
[2023-06-28T14:19:41.975+0000] {processor.py:157} INFO - Started process (PID=410) to work on /home/airflow/.local/lib/python3.7/site-packages/airflow/example_dags/example_params_trigger_ui.py
[2023-06-28T14:19:41.977+0000] {processor.py:826} INFO - Processing file /home/airflow/.local/lib/python3.7/site-packages/airflow/example_dags/example_params_trigger_ui.py for tasks to queue
[2023-06-28T14:19:41.979+0000] {logging_mixin.py:149} INFO - [2023-06-28T14:19:41.978+0000] {dagbag.py:541} INFO - Filling up the DagBag from /home/airflow/.local/lib/python3.7/site-packages/airflow/example_dags/example_params_trigger_ui.py
[2023-06-28T14:19:42.029+0000] {processor.py:836} INFO - DAG(s) dict_keys(['example_params_trigger_ui']) retrieved from /home/airflow/.local/lib/python3.7/site-packages/airflow/example_dags/example_params_trigger_ui.py
[2023-06-28T14:19:42.199+0000] {logging_mixin.py:149} INFO - [2023-06-28T14:19:42.199+0000] {dag.py:2726} INFO - Sync 1 DAGs
[2023-06-28T14:19:42.286+0000] {logging_mixin.py:149} INFO - [2023-06-28T14:19:42.286+0000] {dag.py:3490} INFO - Setting next_dagrun for example_params_trigger_ui to None, run_after=None
[2023-06-28T14:19:42.339+0000] {processor.py:179} INFO - Processing /home/airflow/.local/lib/python3.7/site-packages/airflow/example_dags/example_params_trigger_ui.py took 0.371 seconds
[2023-06-28T14:20:12.465+0000] {processor.py:157} INFO - Started process (PID=469) to work on /home/airflow/.local/lib/python3.7/site-packages/airflow/example_dags/example_params_trigger_ui.py
[2023-06-28T14:20:12.467+0000] {processor.py:826} INFO - Processing file /home/airflow/.local/lib/python3.7/site-packages/airflow/example_dags/example_params_trigger_ui.py for tasks to queue
[2023-06-28T14:20:12.468+0000] {logging_mixin.py:149} INFO - [2023-06-28T14:20:12.468+0000] {dagbag.py:541} INFO - Filling up the DagBag from /home/airflow/.local/lib/python3.7/site-packages/airflow/example_dags/example_params_trigger_ui.py
[2023-06-28T14:20:12.511+0000] {processor.py:836} INFO - DAG(s) dict_keys(['example_params_trigger_ui']) retrieved from /home/airflow/.local/lib/python3.7/site-packages/airflow/example_dags/example_params_trigger_ui.py
[2023-06-28T14:20:12.731+0000] {logging_mixin.py:149} INFO - [2023-06-28T14:20:12.730+0000] {dag.py:2726} INFO - Sync 1 DAGs
[2023-06-28T14:20:12.768+0000] {logging_mixin.py:149} INFO - [2023-06-28T14:20:12.768+0000] {dag.py:3490} INFO - Setting next_dagrun for example_params_trigger_ui to None, run_after=None
[2023-06-28T14:20:12.807+0000] {processor.py:179} INFO - Processing /home/airflow/.local/lib/python3.7/site-packages/airflow/example_dags/example_params_trigger_ui.py took 0.347 seconds
[2023-06-28T14:20:43.025+0000] {processor.py:157} INFO - Started process (PID=528) to work on /home/airflow/.local/lib/python3.7/site-packages/airflow/example_dags/example_params_trigger_ui.py
[2023-06-28T14:20:43.026+0000] {processor.py:826} INFO - Processing file /home/airflow/.local/lib/python3.7/site-packages/airflow/example_dags/example_params_trigger_ui.py for tasks to queue
[2023-06-28T14:20:43.028+0000] {logging_mixin.py:149} INFO - [2023-06-28T14:20:43.028+0000] {dagbag.py:541} INFO - Filling up the DagBag from /home/airflow/.local/lib/python3.7/site-packages/airflow/example_dags/example_params_trigger_ui.py
[2023-06-28T14:20:43.073+0000] {processor.py:836} INFO - DAG(s) dict_keys(['example_params_trigger_ui']) retrieved from /home/airflow/.local/lib/python3.7/site-packages/airflow/example_dags/example_params_trigger_ui.py
[2023-06-28T14:20:43.303+0000] {logging_mixin.py:149} INFO - [2023-06-28T14:20:43.303+0000] {dag.py:2726} INFO - Sync 1 DAGs
[2023-06-28T14:20:43.341+0000] {logging_mixin.py:149} INFO - [2023-06-28T14:20:43.341+0000] {dag.py:3490} INFO - Setting next_dagrun for example_params_trigger_ui to None, run_after=None
[2023-06-28T14:20:43.370+0000] {processor.py:179} INFO - Processing /home/airflow/.local/lib/python3.7/site-packages/airflow/example_dags/example_params_trigger_ui.py took 0.349 seconds
[2023-06-28T14:21:13.483+0000] {processor.py:157} INFO - Started process (PID=589) to work on /home/airflow/.local/lib/python3.7/site-packages/airflow/example_dags/example_params_trigger_ui.py
[2023-06-28T14:21:13.492+0000] {processor.py:826} INFO - Processing file /home/airflow/.local/lib/python3.7/site-packages/airflow/example_dags/example_params_trigger_ui.py for tasks to queue
[2023-06-28T14:21:13.494+0000] {logging_mixin.py:149} INFO - [2023-06-28T14:21:13.493+0000] {dagbag.py:541} INFO - Filling up the DagBag from /home/airflow/.local/lib/python3.7/site-packages/airflow/example_dags/example_params_trigger_ui.py
[2023-06-28T14:21:13.542+0000] {processor.py:836} INFO - DAG(s) dict_keys(['example_params_trigger_ui']) retrieved from /home/airflow/.local/lib/python3.7/site-packages/airflow/example_dags/example_params_trigger_ui.py
[2023-06-28T14:21:13.842+0000] {logging_mixin.py:149} INFO - [2023-06-28T14:21:13.842+0000] {dag.py:2726} INFO - Sync 1 DAGs
[2023-06-28T14:21:13.890+0000] {logging_mixin.py:149} INFO - [2023-06-28T14:21:13.890+0000] {dag.py:3490} INFO - Setting next_dagrun for example_params_trigger_ui to None, run_after=None
[2023-06-28T14:21:13.926+0000] {processor.py:179} INFO - Processing /home/airflow/.local/lib/python3.7/site-packages/airflow/example_dags/example_params_trigger_ui.py took 0.448 seconds
[2023-06-28T14:21:44.090+0000] {processor.py:157} INFO - Started process (PID=650) to work on /home/airflow/.local/lib/python3.7/site-packages/airflow/example_dags/example_params_trigger_ui.py
[2023-06-28T14:21:44.092+0000] {processor.py:826} INFO - Processing file /home/airflow/.local/lib/python3.7/site-packages/airflow/example_dags/example_params_trigger_ui.py for tasks to queue
[2023-06-28T14:21:44.094+0000] {logging_mixin.py:149} INFO - [2023-06-28T14:21:44.093+0000] {dagbag.py:541} INFO - Filling up the DagBag from /home/airflow/.local/lib/python3.7/site-packages/airflow/example_dags/example_params_trigger_ui.py
[2023-06-28T14:21:44.127+0000] {processor.py:836} INFO - DAG(s) dict_keys(['example_params_trigger_ui']) retrieved from /home/airflow/.local/lib/python3.7/site-packages/airflow/example_dags/example_params_trigger_ui.py
[2023-06-28T14:21:44.356+0000] {logging_mixin.py:149} INFO - [2023-06-28T14:21:44.355+0000] {dag.py:2726} INFO - Sync 1 DAGs
[2023-06-28T14:21:44.413+0000] {logging_mixin.py:149} INFO - [2023-06-28T14:21:44.413+0000] {dag.py:3490} INFO - Setting next_dagrun for example_params_trigger_ui to None, run_after=None
[2023-06-28T14:21:44.468+0000] {processor.py:179} INFO - Processing /home/airflow/.local/lib/python3.7/site-packages/airflow/example_dags/example_params_trigger_ui.py took 0.383 seconds
[2023-06-28T14:22:14.707+0000] {processor.py:157} INFO - Started process (PID=707) to work on /home/airflow/.local/lib/python3.7/site-packages/airflow/example_dags/example_params_trigger_ui.py
[2023-06-28T14:22:14.708+0000] {processor.py:826} INFO - Processing file /home/airflow/.local/lib/python3.7/site-packages/airflow/example_dags/example_params_trigger_ui.py for tasks to queue
[2023-06-28T14:22:14.709+0000] {logging_mixin.py:149} INFO - [2023-06-28T14:22:14.709+0000] {dagbag.py:541} INFO - Filling up the DagBag from /home/airflow/.local/lib/python3.7/site-packages/airflow/example_dags/example_params_trigger_ui.py
[2023-06-28T14:22:14.741+0000] {processor.py:836} INFO - DAG(s) dict_keys(['example_params_trigger_ui']) retrieved from /home/airflow/.local/lib/python3.7/site-packages/airflow/example_dags/example_params_trigger_ui.py
[2023-06-28T14:22:14.913+0000] {logging_mixin.py:149} INFO - [2023-06-28T14:22:14.913+0000] {dag.py:2726} INFO - Sync 1 DAGs
[2023-06-28T14:22:14.958+0000] {logging_mixin.py:149} INFO - [2023-06-28T14:22:14.957+0000] {dag.py:3490} INFO - Setting next_dagrun for example_params_trigger_ui to None, run_after=None
[2023-06-28T14:22:15.015+0000] {processor.py:179} INFO - Processing /home/airflow/.local/lib/python3.7/site-packages/airflow/example_dags/example_params_trigger_ui.py took 0.314 seconds
[2023-06-28T14:22:45.207+0000] {processor.py:157} INFO - Started process (PID=765) to work on /home/airflow/.local/lib/python3.7/site-packages/airflow/example_dags/example_params_trigger_ui.py
[2023-06-28T14:22:45.208+0000] {processor.py:826} INFO - Processing file /home/airflow/.local/lib/python3.7/site-packages/airflow/example_dags/example_params_trigger_ui.py for tasks to queue
[2023-06-28T14:22:45.210+0000] {logging_mixin.py:149} INFO - [2023-06-28T14:22:45.210+0000] {dagbag.py:541} INFO - Filling up the DagBag from /home/airflow/.local/lib/python3.7/site-packages/airflow/example_dags/example_params_trigger_ui.py
[2023-06-28T14:22:45.265+0000] {processor.py:836} INFO - DAG(s) dict_keys(['example_params_trigger_ui']) retrieved from /home/airflow/.local/lib/python3.7/site-packages/airflow/example_dags/example_params_trigger_ui.py
[2023-06-28T14:22:45.510+0000] {logging_mixin.py:149} INFO - [2023-06-28T14:22:45.510+0000] {dag.py:2726} INFO - Sync 1 DAGs
[2023-06-28T14:22:45.559+0000] {logging_mixin.py:149} INFO - [2023-06-28T14:22:45.559+0000] {dag.py:3490} INFO - Setting next_dagrun for example_params_trigger_ui to None, run_after=None
[2023-06-28T14:22:45.597+0000] {processor.py:179} INFO - Processing /home/airflow/.local/lib/python3.7/site-packages/airflow/example_dags/example_params_trigger_ui.py took 0.394 seconds
[2023-06-28T14:23:16.289+0000] {processor.py:157} INFO - Started process (PID=825) to work on /home/airflow/.local/lib/python3.7/site-packages/airflow/example_dags/example_params_trigger_ui.py
[2023-06-28T14:23:16.290+0000] {processor.py:826} INFO - Processing file /home/airflow/.local/lib/python3.7/site-packages/airflow/example_dags/example_params_trigger_ui.py for tasks to queue
[2023-06-28T14:23:16.292+0000] {logging_mixin.py:149} INFO - [2023-06-28T14:23:16.292+0000] {dagbag.py:541} INFO - Filling up the DagBag from /home/airflow/.local/lib/python3.7/site-packages/airflow/example_dags/example_params_trigger_ui.py
[2023-06-28T14:23:16.322+0000] {processor.py:836} INFO - DAG(s) dict_keys(['example_params_trigger_ui']) retrieved from /home/airflow/.local/lib/python3.7/site-packages/airflow/example_dags/example_params_trigger_ui.py
[2023-06-28T14:23:16.520+0000] {logging_mixin.py:149} INFO - [2023-06-28T14:23:16.519+0000] {dag.py:2726} INFO - Sync 1 DAGs
[2023-06-28T14:23:16.577+0000] {logging_mixin.py:149} INFO - [2023-06-28T14:23:16.577+0000] {dag.py:3490} INFO - Setting next_dagrun for example_params_trigger_ui to None, run_after=None
[2023-06-28T14:23:16.638+0000] {processor.py:179} INFO - Processing /home/airflow/.local/lib/python3.7/site-packages/airflow/example_dags/example_params_trigger_ui.py took 0.353 seconds
[2023-06-28T14:23:46.780+0000] {processor.py:157} INFO - Started process (PID=884) to work on /home/airflow/.local/lib/python3.7/site-packages/airflow/example_dags/example_params_trigger_ui.py
[2023-06-28T14:23:46.781+0000] {processor.py:826} INFO - Processing file /home/airflow/.local/lib/python3.7/site-packages/airflow/example_dags/example_params_trigger_ui.py for tasks to queue
[2023-06-28T14:23:46.783+0000] {logging_mixin.py:149} INFO - [2023-06-28T14:23:46.782+0000] {dagbag.py:541} INFO - Filling up the DagBag from /home/airflow/.local/lib/python3.7/site-packages/airflow/example_dags/example_params_trigger_ui.py
[2023-06-28T14:23:46.843+0000] {processor.py:836} INFO - DAG(s) dict_keys(['example_params_trigger_ui']) retrieved from /home/airflow/.local/lib/python3.7/site-packages/airflow/example_dags/example_params_trigger_ui.py
[2023-06-28T14:23:47.094+0000] {logging_mixin.py:149} INFO - [2023-06-28T14:23:47.094+0000] {dag.py:2726} INFO - Sync 1 DAGs
[2023-06-28T14:23:47.134+0000] {logging_mixin.py:149} INFO - [2023-06-28T14:23:47.134+0000] {dag.py:3490} INFO - Setting next_dagrun for example_params_trigger_ui to None, run_after=None
[2023-06-28T14:23:47.165+0000] {processor.py:179} INFO - Processing /home/airflow/.local/lib/python3.7/site-packages/airflow/example_dags/example_params_trigger_ui.py took 0.392 seconds
[2023-06-28T14:24:17.882+0000] {processor.py:157} INFO - Started process (PID=943) to work on /home/airflow/.local/lib/python3.7/site-packages/airflow/example_dags/example_params_trigger_ui.py
[2023-06-28T14:24:17.884+0000] {processor.py:826} INFO - Processing file /home/airflow/.local/lib/python3.7/site-packages/airflow/example_dags/example_params_trigger_ui.py for tasks to queue
[2023-06-28T14:24:17.887+0000] {logging_mixin.py:149} INFO - [2023-06-28T14:24:17.886+0000] {dagbag.py:541} INFO - Filling up the DagBag from /home/airflow/.local/lib/python3.7/site-packages/airflow/example_dags/example_params_trigger_ui.py
[2023-06-28T14:24:17.918+0000] {processor.py:836} INFO - DAG(s) dict_keys(['example_params_trigger_ui']) retrieved from /home/airflow/.local/lib/python3.7/site-packages/airflow/example_dags/example_params_trigger_ui.py
[2023-06-28T14:24:18.110+0000] {logging_mixin.py:149} INFO - [2023-06-28T14:24:18.110+0000] {dag.py:2726} INFO - Sync 1 DAGs
[2023-06-28T14:24:18.165+0000] {logging_mixin.py:149} INFO - [2023-06-28T14:24:18.165+0000] {dag.py:3490} INFO - Setting next_dagrun for example_params_trigger_ui to None, run_after=None
[2023-06-28T14:24:18.204+0000] {processor.py:179} INFO - Processing /home/airflow/.local/lib/python3.7/site-packages/airflow/example_dags/example_params_trigger_ui.py took 0.328 seconds
[2023-06-28T14:24:48.303+0000] {processor.py:157} INFO - Started process (PID=1003) to work on /home/airflow/.local/lib/python3.7/site-packages/airflow/example_dags/example_params_trigger_ui.py
[2023-06-28T14:24:48.305+0000] {processor.py:826} INFO - Processing file /home/airflow/.local/lib/python3.7/site-packages/airflow/example_dags/example_params_trigger_ui.py for tasks to queue
[2023-06-28T14:24:48.306+0000] {logging_mixin.py:149} INFO - [2023-06-28T14:24:48.306+0000] {dagbag.py:541} INFO - Filling up the DagBag from /home/airflow/.local/lib/python3.7/site-packages/airflow/example_dags/example_params_trigger_ui.py
[2023-06-28T14:24:48.344+0000] {processor.py:836} INFO - DAG(s) dict_keys(['example_params_trigger_ui']) retrieved from /home/airflow/.local/lib/python3.7/site-packages/airflow/example_dags/example_params_trigger_ui.py
[2023-06-28T14:24:48.500+0000] {logging_mixin.py:149} INFO - [2023-06-28T14:24:48.500+0000] {dag.py:2726} INFO - Sync 1 DAGs
[2023-06-28T14:24:48.541+0000] {logging_mixin.py:149} INFO - [2023-06-28T14:24:48.541+0000] {dag.py:3490} INFO - Setting next_dagrun for example_params_trigger_ui to None, run_after=None
[2023-06-28T14:24:48.588+0000] {processor.py:179} INFO - Processing /home/airflow/.local/lib/python3.7/site-packages/airflow/example_dags/example_params_trigger_ui.py took 0.291 seconds
[2023-06-28T14:25:18.961+0000] {processor.py:157} INFO - Started process (PID=1061) to work on /home/airflow/.local/lib/python3.7/site-packages/airflow/example_dags/example_params_trigger_ui.py
[2023-06-28T14:25:18.963+0000] {processor.py:826} INFO - Processing file /home/airflow/.local/lib/python3.7/site-packages/airflow/example_dags/example_params_trigger_ui.py for tasks to queue
[2023-06-28T14:25:18.964+0000] {logging_mixin.py:149} INFO - [2023-06-28T14:25:18.964+0000] {dagbag.py:541} INFO - Filling up the DagBag from /home/airflow/.local/lib/python3.7/site-packages/airflow/example_dags/example_params_trigger_ui.py
[2023-06-28T14:25:19.005+0000] {processor.py:836} INFO - DAG(s) dict_keys(['example_params_trigger_ui']) retrieved from /home/airflow/.local/lib/python3.7/site-packages/airflow/example_dags/example_params_trigger_ui.py
[2023-06-28T14:25:19.166+0000] {logging_mixin.py:149} INFO - [2023-06-28T14:25:19.166+0000] {dag.py:2726} INFO - Sync 1 DAGs
[2023-06-28T14:25:19.234+0000] {logging_mixin.py:149} INFO - [2023-06-28T14:25:19.234+0000] {dag.py:3490} INFO - Setting next_dagrun for example_params_trigger_ui to None, run_after=None
[2023-06-28T14:25:19.283+0000] {processor.py:179} INFO - Processing /home/airflow/.local/lib/python3.7/site-packages/airflow/example_dags/example_params_trigger_ui.py took 0.328 seconds
[2023-06-28T14:25:49.350+0000] {processor.py:157} INFO - Started process (PID=1120) to work on /home/airflow/.local/lib/python3.7/site-packages/airflow/example_dags/example_params_trigger_ui.py
[2023-06-28T14:25:49.351+0000] {processor.py:826} INFO - Processing file /home/airflow/.local/lib/python3.7/site-packages/airflow/example_dags/example_params_trigger_ui.py for tasks to queue
[2023-06-28T14:25:49.353+0000] {logging_mixin.py:149} INFO - [2023-06-28T14:25:49.353+0000] {dagbag.py:541} INFO - Filling up the DagBag from /home/airflow/.local/lib/python3.7/site-packages/airflow/example_dags/example_params_trigger_ui.py
[2023-06-28T14:25:49.390+0000] {processor.py:836} INFO - DAG(s) dict_keys(['example_params_trigger_ui']) retrieved from /home/airflow/.local/lib/python3.7/site-packages/airflow/example_dags/example_params_trigger_ui.py
[2023-06-28T14:25:49.516+0000] {logging_mixin.py:149} INFO - [2023-06-28T14:25:49.516+0000] {dag.py:2726} INFO - Sync 1 DAGs
[2023-06-28T14:25:49.569+0000] {logging_mixin.py:149} INFO - [2023-06-28T14:25:49.568+0000] {dag.py:3490} INFO - Setting next_dagrun for example_params_trigger_ui to None, run_after=None
[2023-06-28T14:25:49.608+0000] {processor.py:179} INFO - Processing /home/airflow/.local/lib/python3.7/site-packages/airflow/example_dags/example_params_trigger_ui.py took 0.263 seconds
[2023-06-28T14:26:20.539+0000] {processor.py:157} INFO - Started process (PID=1180) to work on /home/airflow/.local/lib/python3.7/site-packages/airflow/example_dags/example_params_trigger_ui.py
[2023-06-28T14:26:20.541+0000] {processor.py:826} INFO - Processing file /home/airflow/.local/lib/python3.7/site-packages/airflow/example_dags/example_params_trigger_ui.py for tasks to queue
[2023-06-28T14:26:20.542+0000] {logging_mixin.py:149} INFO - [2023-06-28T14:26:20.542+0000] {dagbag.py:541} INFO - Filling up the DagBag from /home/airflow/.local/lib/python3.7/site-packages/airflow/example_dags/example_params_trigger_ui.py
[2023-06-28T14:26:20.574+0000] {processor.py:836} INFO - DAG(s) dict_keys(['example_params_trigger_ui']) retrieved from /home/airflow/.local/lib/python3.7/site-packages/airflow/example_dags/example_params_trigger_ui.py
[2023-06-28T14:26:20.740+0000] {logging_mixin.py:149} INFO - [2023-06-28T14:26:20.740+0000] {dag.py:2726} INFO - Sync 1 DAGs
[2023-06-28T14:26:20.772+0000] {logging_mixin.py:149} INFO - [2023-06-28T14:26:20.772+0000] {dag.py:3490} INFO - Setting next_dagrun for example_params_trigger_ui to None, run_after=None
[2023-06-28T14:26:20.802+0000] {processor.py:179} INFO - Processing /home/airflow/.local/lib/python3.7/site-packages/airflow/example_dags/example_params_trigger_ui.py took 0.268 seconds
[2023-06-28T14:26:50.976+0000] {processor.py:157} INFO - Started process (PID=1240) to work on /home/airflow/.local/lib/python3.7/site-packages/airflow/example_dags/example_params_trigger_ui.py
[2023-06-28T14:26:50.977+0000] {processor.py:826} INFO - Processing file /home/airflow/.local/lib/python3.7/site-packages/airflow/example_dags/example_params_trigger_ui.py for tasks to queue
[2023-06-28T14:26:50.979+0000] {logging_mixin.py:149} INFO - [2023-06-28T14:26:50.978+0000] {dagbag.py:541} INFO - Filling up the DagBag from /home/airflow/.local/lib/python3.7/site-packages/airflow/example_dags/example_params_trigger_ui.py
[2023-06-28T14:26:51.014+0000] {processor.py:836} INFO - DAG(s) dict_keys(['example_params_trigger_ui']) retrieved from /home/airflow/.local/lib/python3.7/site-packages/airflow/example_dags/example_params_trigger_ui.py
[2023-06-28T14:26:51.211+0000] {logging_mixin.py:149} INFO - [2023-06-28T14:26:51.211+0000] {dag.py:2726} INFO - Sync 1 DAGs
[2023-06-28T14:26:51.267+0000] {logging_mixin.py:149} INFO - [2023-06-28T14:26:51.267+0000] {dag.py:3490} INFO - Setting next_dagrun for example_params_trigger_ui to None, run_after=None
[2023-06-28T14:26:51.298+0000] {processor.py:179} INFO - Processing /home/airflow/.local/lib/python3.7/site-packages/airflow/example_dags/example_params_trigger_ui.py took 0.327 seconds
[2023-06-28T14:27:21.471+0000] {processor.py:157} INFO - Started process (PID=1306) to work on /home/airflow/.local/lib/python3.7/site-packages/airflow/example_dags/example_params_trigger_ui.py
[2023-06-28T14:27:21.474+0000] {processor.py:826} INFO - Processing file /home/airflow/.local/lib/python3.7/site-packages/airflow/example_dags/example_params_trigger_ui.py for tasks to queue
[2023-06-28T14:27:21.477+0000] {logging_mixin.py:149} INFO - [2023-06-28T14:27:21.477+0000] {dagbag.py:541} INFO - Filling up the DagBag from /home/airflow/.local/lib/python3.7/site-packages/airflow/example_dags/example_params_trigger_ui.py
[2023-06-28T14:27:21.535+0000] {processor.py:836} INFO - DAG(s) dict_keys(['example_params_trigger_ui']) retrieved from /home/airflow/.local/lib/python3.7/site-packages/airflow/example_dags/example_params_trigger_ui.py
[2023-06-28T14:27:21.799+0000] {logging_mixin.py:149} INFO - [2023-06-28T14:27:21.799+0000] {dag.py:2726} INFO - Sync 1 DAGs
[2023-06-28T14:27:21.848+0000] {logging_mixin.py:149} INFO - [2023-06-28T14:27:21.848+0000] {dag.py:3490} INFO - Setting next_dagrun for example_params_trigger_ui to None, run_after=None
[2023-06-28T14:27:21.885+0000] {processor.py:179} INFO - Processing /home/airflow/.local/lib/python3.7/site-packages/airflow/example_dags/example_params_trigger_ui.py took 0.422 seconds
[2023-06-28T14:27:52.125+0000] {processor.py:157} INFO - Started process (PID=1366) to work on /home/airflow/.local/lib/python3.7/site-packages/airflow/example_dags/example_params_trigger_ui.py
[2023-06-28T14:27:52.127+0000] {processor.py:826} INFO - Processing file /home/airflow/.local/lib/python3.7/site-packages/airflow/example_dags/example_params_trigger_ui.py for tasks to queue
[2023-06-28T14:27:52.128+0000] {logging_mixin.py:149} INFO - [2023-06-28T14:27:52.128+0000] {dagbag.py:541} INFO - Filling up the DagBag from /home/airflow/.local/lib/python3.7/site-packages/airflow/example_dags/example_params_trigger_ui.py
[2023-06-28T14:27:52.162+0000] {processor.py:836} INFO - DAG(s) dict_keys(['example_params_trigger_ui']) retrieved from /home/airflow/.local/lib/python3.7/site-packages/airflow/example_dags/example_params_trigger_ui.py
[2023-06-28T14:27:52.305+0000] {logging_mixin.py:149} INFO - [2023-06-28T14:27:52.305+0000] {dag.py:2726} INFO - Sync 1 DAGs
[2023-06-28T14:27:52.337+0000] {logging_mixin.py:149} INFO - [2023-06-28T14:27:52.337+0000] {dag.py:3490} INFO - Setting next_dagrun for example_params_trigger_ui to None, run_after=None
[2023-06-28T14:27:52.378+0000] {processor.py:179} INFO - Processing /home/airflow/.local/lib/python3.7/site-packages/airflow/example_dags/example_params_trigger_ui.py took 0.259 seconds
[2023-06-28T14:28:22.878+0000] {processor.py:157} INFO - Started process (PID=1424) to work on /home/airflow/.local/lib/python3.7/site-packages/airflow/example_dags/example_params_trigger_ui.py
[2023-06-28T14:28:22.880+0000] {processor.py:826} INFO - Processing file /home/airflow/.local/lib/python3.7/site-packages/airflow/example_dags/example_params_trigger_ui.py for tasks to queue
[2023-06-28T14:28:22.881+0000] {logging_mixin.py:149} INFO - [2023-06-28T14:28:22.881+0000] {dagbag.py:541} INFO - Filling up the DagBag from /home/airflow/.local/lib/python3.7/site-packages/airflow/example_dags/example_params_trigger_ui.py
[2023-06-28T14:28:22.920+0000] {processor.py:836} INFO - DAG(s) dict_keys(['example_params_trigger_ui']) retrieved from /home/airflow/.local/lib/python3.7/site-packages/airflow/example_dags/example_params_trigger_ui.py
[2023-06-28T14:28:23.068+0000] {logging_mixin.py:149} INFO - [2023-06-28T14:28:23.068+0000] {dag.py:2726} INFO - Sync 1 DAGs
[2023-06-28T14:28:23.102+0000] {logging_mixin.py:149} INFO - [2023-06-28T14:28:23.102+0000] {dag.py:3490} INFO - Setting next_dagrun for example_params_trigger_ui to None, run_after=None
[2023-06-28T14:28:23.143+0000] {processor.py:179} INFO - Processing /home/airflow/.local/lib/python3.7/site-packages/airflow/example_dags/example_params_trigger_ui.py took 0.271 seconds
[2023-06-28T14:28:53.234+0000] {processor.py:157} INFO - Started process (PID=1485) to work on /home/airflow/.local/lib/python3.7/site-packages/airflow/example_dags/example_params_trigger_ui.py
[2023-06-28T14:28:53.235+0000] {processor.py:826} INFO - Processing file /home/airflow/.local/lib/python3.7/site-packages/airflow/example_dags/example_params_trigger_ui.py for tasks to queue
[2023-06-28T14:28:53.236+0000] {logging_mixin.py:149} INFO - [2023-06-28T14:28:53.236+0000] {dagbag.py:541} INFO - Filling up the DagBag from /home/airflow/.local/lib/python3.7/site-packages/airflow/example_dags/example_params_trigger_ui.py
[2023-06-28T14:28:53.267+0000] {processor.py:836} INFO - DAG(s) dict_keys(['example_params_trigger_ui']) retrieved from /home/airflow/.local/lib/python3.7/site-packages/airflow/example_dags/example_params_trigger_ui.py
[2023-06-28T14:28:53.401+0000] {logging_mixin.py:149} INFO - [2023-06-28T14:28:53.401+0000] {dag.py:2726} INFO - Sync 1 DAGs
[2023-06-28T14:28:53.433+0000] {logging_mixin.py:149} INFO - [2023-06-28T14:28:53.433+0000] {dag.py:3490} INFO - Setting next_dagrun for example_params_trigger_ui to None, run_after=None
[2023-06-28T14:28:53.466+0000] {processor.py:179} INFO - Processing /home/airflow/.local/lib/python3.7/site-packages/airflow/example_dags/example_params_trigger_ui.py took 0.236 seconds
[2023-06-28T14:29:23.602+0000] {processor.py:157} INFO - Started process (PID=1544) to work on /home/airflow/.local/lib/python3.7/site-packages/airflow/example_dags/example_params_trigger_ui.py
[2023-06-28T14:29:23.605+0000] {processor.py:826} INFO - Processing file /home/airflow/.local/lib/python3.7/site-packages/airflow/example_dags/example_params_trigger_ui.py for tasks to queue
[2023-06-28T14:29:23.606+0000] {logging_mixin.py:149} INFO - [2023-06-28T14:29:23.606+0000] {dagbag.py:541} INFO - Filling up the DagBag from /home/airflow/.local/lib/python3.7/site-packages/airflow/example_dags/example_params_trigger_ui.py
[2023-06-28T14:29:23.647+0000] {processor.py:836} INFO - DAG(s) dict_keys(['example_params_trigger_ui']) retrieved from /home/airflow/.local/lib/python3.7/site-packages/airflow/example_dags/example_params_trigger_ui.py
[2023-06-28T14:29:23.809+0000] {logging_mixin.py:149} INFO - [2023-06-28T14:29:23.809+0000] {dag.py:2726} INFO - Sync 1 DAGs
[2023-06-28T14:29:23.841+0000] {logging_mixin.py:149} INFO - [2023-06-28T14:29:23.841+0000] {dag.py:3490} INFO - Setting next_dagrun for example_params_trigger_ui to None, run_after=None
[2023-06-28T14:29:23.883+0000] {processor.py:179} INFO - Processing /home/airflow/.local/lib/python3.7/site-packages/airflow/example_dags/example_params_trigger_ui.py took 0.287 seconds
[2023-06-28T14:29:54.287+0000] {processor.py:157} INFO - Started process (PID=1603) to work on /home/airflow/.local/lib/python3.7/site-packages/airflow/example_dags/example_params_trigger_ui.py
[2023-06-28T14:29:54.289+0000] {processor.py:826} INFO - Processing file /home/airflow/.local/lib/python3.7/site-packages/airflow/example_dags/example_params_trigger_ui.py for tasks to queue
[2023-06-28T14:29:54.290+0000] {logging_mixin.py:149} INFO - [2023-06-28T14:29:54.290+0000] {dagbag.py:541} INFO - Filling up the DagBag from /home/airflow/.local/lib/python3.7/site-packages/airflow/example_dags/example_params_trigger_ui.py
[2023-06-28T14:29:54.325+0000] {processor.py:836} INFO - DAG(s) dict_keys(['example_params_trigger_ui']) retrieved from /home/airflow/.local/lib/python3.7/site-packages/airflow/example_dags/example_params_trigger_ui.py
[2023-06-28T14:29:54.472+0000] {logging_mixin.py:149} INFO - [2023-06-28T14:29:54.472+0000] {dag.py:2726} INFO - Sync 1 DAGs
[2023-06-28T14:29:54.503+0000] {logging_mixin.py:149} INFO - [2023-06-28T14:29:54.503+0000] {dag.py:3490} INFO - Setting next_dagrun for example_params_trigger_ui to None, run_after=None
[2023-06-28T14:29:54.544+0000] {processor.py:179} INFO - Processing /home/airflow/.local/lib/python3.7/site-packages/airflow/example_dags/example_params_trigger_ui.py took 0.262 seconds
[2023-06-28T14:30:24.766+0000] {processor.py:157} INFO - Started process (PID=1662) to work on /home/airflow/.local/lib/python3.7/site-packages/airflow/example_dags/example_params_trigger_ui.py
[2023-06-28T14:30:24.768+0000] {processor.py:826} INFO - Processing file /home/airflow/.local/lib/python3.7/site-packages/airflow/example_dags/example_params_trigger_ui.py for tasks to queue
[2023-06-28T14:30:24.770+0000] {logging_mixin.py:149} INFO - [2023-06-28T14:30:24.770+0000] {dagbag.py:541} INFO - Filling up the DagBag from /home/airflow/.local/lib/python3.7/site-packages/airflow/example_dags/example_params_trigger_ui.py
[2023-06-28T14:30:24.807+0000] {processor.py:836} INFO - DAG(s) dict_keys(['example_params_trigger_ui']) retrieved from /home/airflow/.local/lib/python3.7/site-packages/airflow/example_dags/example_params_trigger_ui.py
[2023-06-28T14:30:24.969+0000] {logging_mixin.py:149} INFO - [2023-06-28T14:30:24.968+0000] {dag.py:2726} INFO - Sync 1 DAGs
[2023-06-28T14:30:25.002+0000] {logging_mixin.py:149} INFO - [2023-06-28T14:30:25.002+0000] {dag.py:3490} INFO - Setting next_dagrun for example_params_trigger_ui to None, run_after=None
[2023-06-28T14:30:25.032+0000] {processor.py:179} INFO - Processing /home/airflow/.local/lib/python3.7/site-packages/airflow/example_dags/example_params_trigger_ui.py took 0.276 seconds
[2023-06-28T14:30:55.368+0000] {processor.py:157} INFO - Started process (PID=1721) to work on /home/airflow/.local/lib/python3.7/site-packages/airflow/example_dags/example_params_trigger_ui.py
[2023-06-28T14:30:55.370+0000] {processor.py:826} INFO - Processing file /home/airflow/.local/lib/python3.7/site-packages/airflow/example_dags/example_params_trigger_ui.py for tasks to queue
[2023-06-28T14:30:55.375+0000] {logging_mixin.py:149} INFO - [2023-06-28T14:30:55.374+0000] {dagbag.py:541} INFO - Filling up the DagBag from /home/airflow/.local/lib/python3.7/site-packages/airflow/example_dags/example_params_trigger_ui.py
[2023-06-28T14:30:55.446+0000] {processor.py:836} INFO - DAG(s) dict_keys(['example_params_trigger_ui']) retrieved from /home/airflow/.local/lib/python3.7/site-packages/airflow/example_dags/example_params_trigger_ui.py
[2023-06-28T14:30:55.606+0000] {logging_mixin.py:149} INFO - [2023-06-28T14:30:55.606+0000] {dag.py:2726} INFO - Sync 1 DAGs
[2023-06-28T14:30:55.639+0000] {logging_mixin.py:149} INFO - [2023-06-28T14:30:55.639+0000] {dag.py:3490} INFO - Setting next_dagrun for example_params_trigger_ui to None, run_after=None
[2023-06-28T14:30:55.670+0000] {processor.py:179} INFO - Processing /home/airflow/.local/lib/python3.7/site-packages/airflow/example_dags/example_params_trigger_ui.py took 0.309 seconds
[2023-06-28T14:31:25.727+0000] {processor.py:157} INFO - Started process (PID=1781) to work on /home/airflow/.local/lib/python3.7/site-packages/airflow/example_dags/example_params_trigger_ui.py
[2023-06-28T14:31:25.728+0000] {processor.py:826} INFO - Processing file /home/airflow/.local/lib/python3.7/site-packages/airflow/example_dags/example_params_trigger_ui.py for tasks to queue
[2023-06-28T14:31:25.730+0000] {logging_mixin.py:149} INFO - [2023-06-28T14:31:25.729+0000] {dagbag.py:541} INFO - Filling up the DagBag from /home/airflow/.local/lib/python3.7/site-packages/airflow/example_dags/example_params_trigger_ui.py
[2023-06-28T14:31:25.765+0000] {processor.py:836} INFO - DAG(s) dict_keys(['example_params_trigger_ui']) retrieved from /home/airflow/.local/lib/python3.7/site-packages/airflow/example_dags/example_params_trigger_ui.py
[2023-06-28T14:31:25.914+0000] {logging_mixin.py:149} INFO - [2023-06-28T14:31:25.913+0000] {dag.py:2726} INFO - Sync 1 DAGs
[2023-06-28T14:31:25.947+0000] {logging_mixin.py:149} INFO - [2023-06-28T14:31:25.946+0000] {dag.py:3490} INFO - Setting next_dagrun for example_params_trigger_ui to None, run_after=None
[2023-06-28T14:31:25.986+0000] {processor.py:179} INFO - Processing /home/airflow/.local/lib/python3.7/site-packages/airflow/example_dags/example_params_trigger_ui.py took 0.265 seconds
[2023-06-28T14:31:56.067+0000] {processor.py:157} INFO - Started process (PID=1840) to work on /home/airflow/.local/lib/python3.7/site-packages/airflow/example_dags/example_params_trigger_ui.py
[2023-06-28T14:31:56.068+0000] {processor.py:826} INFO - Processing file /home/airflow/.local/lib/python3.7/site-packages/airflow/example_dags/example_params_trigger_ui.py for tasks to queue
[2023-06-28T14:31:56.070+0000] {logging_mixin.py:149} INFO - [2023-06-28T14:31:56.070+0000] {dagbag.py:541} INFO - Filling up the DagBag from /home/airflow/.local/lib/python3.7/site-packages/airflow/example_dags/example_params_trigger_ui.py
[2023-06-28T14:31:56.105+0000] {processor.py:836} INFO - DAG(s) dict_keys(['example_params_trigger_ui']) retrieved from /home/airflow/.local/lib/python3.7/site-packages/airflow/example_dags/example_params_trigger_ui.py
[2023-06-28T14:31:56.270+0000] {logging_mixin.py:149} INFO - [2023-06-28T14:31:56.270+0000] {dag.py:2726} INFO - Sync 1 DAGs
[2023-06-28T14:31:56.304+0000] {logging_mixin.py:149} INFO - [2023-06-28T14:31:56.303+0000] {dag.py:3490} INFO - Setting next_dagrun for example_params_trigger_ui to None, run_after=None
[2023-06-28T14:31:56.337+0000] {processor.py:179} INFO - Processing /home/airflow/.local/lib/python3.7/site-packages/airflow/example_dags/example_params_trigger_ui.py took 0.276 seconds
[2023-06-28T14:32:26.529+0000] {processor.py:157} INFO - Started process (PID=1899) to work on /home/airflow/.local/lib/python3.7/site-packages/airflow/example_dags/example_params_trigger_ui.py
[2023-06-28T14:32:26.530+0000] {processor.py:826} INFO - Processing file /home/airflow/.local/lib/python3.7/site-packages/airflow/example_dags/example_params_trigger_ui.py for tasks to queue
[2023-06-28T14:32:26.534+0000] {logging_mixin.py:149} INFO - [2023-06-28T14:32:26.534+0000] {dagbag.py:541} INFO - Filling up the DagBag from /home/airflow/.local/lib/python3.7/site-packages/airflow/example_dags/example_params_trigger_ui.py
[2023-06-28T14:32:26.573+0000] {processor.py:836} INFO - DAG(s) dict_keys(['example_params_trigger_ui']) retrieved from /home/airflow/.local/lib/python3.7/site-packages/airflow/example_dags/example_params_trigger_ui.py
[2023-06-28T14:32:26.743+0000] {logging_mixin.py:149} INFO - [2023-06-28T14:32:26.742+0000] {dag.py:2726} INFO - Sync 1 DAGs
[2023-06-28T14:32:26.789+0000] {logging_mixin.py:149} INFO - [2023-06-28T14:32:26.788+0000] {dag.py:3490} INFO - Setting next_dagrun for example_params_trigger_ui to None, run_after=None
[2023-06-28T14:32:26.828+0000] {processor.py:179} INFO - Processing /home/airflow/.local/lib/python3.7/site-packages/airflow/example_dags/example_params_trigger_ui.py took 0.303 seconds
[2023-06-28T14:32:57.391+0000] {processor.py:157} INFO - Started process (PID=1955) to work on /home/airflow/.local/lib/python3.7/site-packages/airflow/example_dags/example_params_trigger_ui.py
[2023-06-28T14:32:57.393+0000] {processor.py:826} INFO - Processing file /home/airflow/.local/lib/python3.7/site-packages/airflow/example_dags/example_params_trigger_ui.py for tasks to queue
[2023-06-28T14:32:57.394+0000] {logging_mixin.py:149} INFO - [2023-06-28T14:32:57.394+0000] {dagbag.py:541} INFO - Filling up the DagBag from /home/airflow/.local/lib/python3.7/site-packages/airflow/example_dags/example_params_trigger_ui.py
[2023-06-28T14:32:57.434+0000] {processor.py:836} INFO - DAG(s) dict_keys(['example_params_trigger_ui']) retrieved from /home/airflow/.local/lib/python3.7/site-packages/airflow/example_dags/example_params_trigger_ui.py
[2023-06-28T14:32:57.602+0000] {logging_mixin.py:149} INFO - [2023-06-28T14:32:57.601+0000] {dag.py:2726} INFO - Sync 1 DAGs
[2023-06-28T14:32:57.672+0000] {logging_mixin.py:149} INFO - [2023-06-28T14:32:57.672+0000] {dag.py:3490} INFO - Setting next_dagrun for example_params_trigger_ui to None, run_after=None
[2023-06-28T14:32:57.731+0000] {processor.py:179} INFO - Processing /home/airflow/.local/lib/python3.7/site-packages/airflow/example_dags/example_params_trigger_ui.py took 0.345 seconds
[2023-06-28T14:33:27.915+0000] {processor.py:157} INFO - Started process (PID=2009) to work on /home/airflow/.local/lib/python3.7/site-packages/airflow/example_dags/example_params_trigger_ui.py
[2023-06-28T14:33:27.917+0000] {processor.py:826} INFO - Processing file /home/airflow/.local/lib/python3.7/site-packages/airflow/example_dags/example_params_trigger_ui.py for tasks to queue
[2023-06-28T14:33:27.918+0000] {logging_mixin.py:149} INFO - [2023-06-28T14:33:27.918+0000] {dagbag.py:541} INFO - Filling up the DagBag from /home/airflow/.local/lib/python3.7/site-packages/airflow/example_dags/example_params_trigger_ui.py
[2023-06-28T14:33:27.960+0000] {processor.py:836} INFO - DAG(s) dict_keys(['example_params_trigger_ui']) retrieved from /home/airflow/.local/lib/python3.7/site-packages/airflow/example_dags/example_params_trigger_ui.py
[2023-06-28T14:33:28.133+0000] {logging_mixin.py:149} INFO - [2023-06-28T14:33:28.132+0000] {dag.py:2726} INFO - Sync 1 DAGs
[2023-06-28T14:33:28.181+0000] {logging_mixin.py:149} INFO - [2023-06-28T14:33:28.181+0000] {dag.py:3490} INFO - Setting next_dagrun for example_params_trigger_ui to None, run_after=None
[2023-06-28T14:33:28.257+0000] {processor.py:179} INFO - Processing /home/airflow/.local/lib/python3.7/site-packages/airflow/example_dags/example_params_trigger_ui.py took 0.347 seconds
[2023-06-28T14:33:58.450+0000] {processor.py:157} INFO - Started process (PID=2068) to work on /home/airflow/.local/lib/python3.7/site-packages/airflow/example_dags/example_params_trigger_ui.py
[2023-06-28T14:33:58.452+0000] {processor.py:826} INFO - Processing file /home/airflow/.local/lib/python3.7/site-packages/airflow/example_dags/example_params_trigger_ui.py for tasks to queue
[2023-06-28T14:33:58.453+0000] {logging_mixin.py:149} INFO - [2023-06-28T14:33:58.453+0000] {dagbag.py:541} INFO - Filling up the DagBag from /home/airflow/.local/lib/python3.7/site-packages/airflow/example_dags/example_params_trigger_ui.py
[2023-06-28T14:33:58.491+0000] {processor.py:836} INFO - DAG(s) dict_keys(['example_params_trigger_ui']) retrieved from /home/airflow/.local/lib/python3.7/site-packages/airflow/example_dags/example_params_trigger_ui.py
[2023-06-28T14:33:58.656+0000] {logging_mixin.py:149} INFO - [2023-06-28T14:33:58.655+0000] {dag.py:2726} INFO - Sync 1 DAGs
[2023-06-28T14:33:58.696+0000] {logging_mixin.py:149} INFO - [2023-06-28T14:33:58.696+0000] {dag.py:3490} INFO - Setting next_dagrun for example_params_trigger_ui to None, run_after=None
[2023-06-28T14:33:58.736+0000] {processor.py:179} INFO - Processing /home/airflow/.local/lib/python3.7/site-packages/airflow/example_dags/example_params_trigger_ui.py took 0.292 seconds
[2023-06-28T14:34:29.280+0000] {processor.py:157} INFO - Started process (PID=2127) to work on /home/airflow/.local/lib/python3.7/site-packages/airflow/example_dags/example_params_trigger_ui.py
[2023-06-28T14:34:29.281+0000] {processor.py:826} INFO - Processing file /home/airflow/.local/lib/python3.7/site-packages/airflow/example_dags/example_params_trigger_ui.py for tasks to queue
[2023-06-28T14:34:29.283+0000] {logging_mixin.py:149} INFO - [2023-06-28T14:34:29.283+0000] {dagbag.py:541} INFO - Filling up the DagBag from /home/airflow/.local/lib/python3.7/site-packages/airflow/example_dags/example_params_trigger_ui.py
[2023-06-28T14:34:29.322+0000] {processor.py:836} INFO - DAG(s) dict_keys(['example_params_trigger_ui']) retrieved from /home/airflow/.local/lib/python3.7/site-packages/airflow/example_dags/example_params_trigger_ui.py
[2023-06-28T14:34:29.477+0000] {logging_mixin.py:149} INFO - [2023-06-28T14:34:29.477+0000] {dag.py:2726} INFO - Sync 1 DAGs
[2023-06-28T14:34:29.517+0000] {logging_mixin.py:149} INFO - [2023-06-28T14:34:29.517+0000] {dag.py:3490} INFO - Setting next_dagrun for example_params_trigger_ui to None, run_after=None
[2023-06-28T14:34:29.547+0000] {processor.py:179} INFO - Processing /home/airflow/.local/lib/python3.7/site-packages/airflow/example_dags/example_params_trigger_ui.py took 0.273 seconds
[2023-06-28T14:35:00.079+0000] {processor.py:157} INFO - Started process (PID=2187) to work on /home/airflow/.local/lib/python3.7/site-packages/airflow/example_dags/example_params_trigger_ui.py
[2023-06-28T14:35:00.081+0000] {processor.py:826} INFO - Processing file /home/airflow/.local/lib/python3.7/site-packages/airflow/example_dags/example_params_trigger_ui.py for tasks to queue
[2023-06-28T14:35:00.082+0000] {logging_mixin.py:149} INFO - [2023-06-28T14:35:00.082+0000] {dagbag.py:541} INFO - Filling up the DagBag from /home/airflow/.local/lib/python3.7/site-packages/airflow/example_dags/example_params_trigger_ui.py
[2023-06-28T14:35:00.130+0000] {processor.py:836} INFO - DAG(s) dict_keys(['example_params_trigger_ui']) retrieved from /home/airflow/.local/lib/python3.7/site-packages/airflow/example_dags/example_params_trigger_ui.py
[2023-06-28T14:35:00.392+0000] {logging_mixin.py:149} INFO - [2023-06-28T14:35:00.392+0000] {dag.py:2726} INFO - Sync 1 DAGs
[2023-06-28T14:35:00.442+0000] {logging_mixin.py:149} INFO - [2023-06-28T14:35:00.442+0000] {dag.py:3490} INFO - Setting next_dagrun for example_params_trigger_ui to None, run_after=None
[2023-06-28T14:35:00.487+0000] {processor.py:179} INFO - Processing /home/airflow/.local/lib/python3.7/site-packages/airflow/example_dags/example_params_trigger_ui.py took 0.413 seconds
[2023-06-28T14:35:30.557+0000] {processor.py:157} INFO - Started process (PID=2248) to work on /home/airflow/.local/lib/python3.7/site-packages/airflow/example_dags/example_params_trigger_ui.py
[2023-06-28T14:35:30.558+0000] {processor.py:826} INFO - Processing file /home/airflow/.local/lib/python3.7/site-packages/airflow/example_dags/example_params_trigger_ui.py for tasks to queue
[2023-06-28T14:35:30.560+0000] {logging_mixin.py:149} INFO - [2023-06-28T14:35:30.559+0000] {dagbag.py:541} INFO - Filling up the DagBag from /home/airflow/.local/lib/python3.7/site-packages/airflow/example_dags/example_params_trigger_ui.py
[2023-06-28T14:35:30.592+0000] {processor.py:836} INFO - DAG(s) dict_keys(['example_params_trigger_ui']) retrieved from /home/airflow/.local/lib/python3.7/site-packages/airflow/example_dags/example_params_trigger_ui.py
[2023-06-28T14:35:30.739+0000] {logging_mixin.py:149} INFO - [2023-06-28T14:35:30.739+0000] {dag.py:2726} INFO - Sync 1 DAGs
[2023-06-28T14:35:30.771+0000] {logging_mixin.py:149} INFO - [2023-06-28T14:35:30.771+0000] {dag.py:3490} INFO - Setting next_dagrun for example_params_trigger_ui to None, run_after=None
[2023-06-28T14:35:30.805+0000] {processor.py:179} INFO - Processing /home/airflow/.local/lib/python3.7/site-packages/airflow/example_dags/example_params_trigger_ui.py took 0.252 seconds
[2023-06-28T14:36:00.893+0000] {processor.py:157} INFO - Started process (PID=2308) to work on /home/airflow/.local/lib/python3.7/site-packages/airflow/example_dags/example_params_trigger_ui.py
[2023-06-28T14:36:00.895+0000] {processor.py:826} INFO - Processing file /home/airflow/.local/lib/python3.7/site-packages/airflow/example_dags/example_params_trigger_ui.py for tasks to queue
[2023-06-28T14:36:00.897+0000] {logging_mixin.py:149} INFO - [2023-06-28T14:36:00.896+0000] {dagbag.py:541} INFO - Filling up the DagBag from /home/airflow/.local/lib/python3.7/site-packages/airflow/example_dags/example_params_trigger_ui.py
[2023-06-28T14:36:00.933+0000] {processor.py:836} INFO - DAG(s) dict_keys(['example_params_trigger_ui']) retrieved from /home/airflow/.local/lib/python3.7/site-packages/airflow/example_dags/example_params_trigger_ui.py
[2023-06-28T14:36:01.080+0000] {logging_mixin.py:149} INFO - [2023-06-28T14:36:01.079+0000] {dag.py:2726} INFO - Sync 1 DAGs
[2023-06-28T14:36:01.114+0000] {logging_mixin.py:149} INFO - [2023-06-28T14:36:01.113+0000] {dag.py:3490} INFO - Setting next_dagrun for example_params_trigger_ui to None, run_after=None
[2023-06-28T14:36:01.153+0000] {processor.py:179} INFO - Processing /home/airflow/.local/lib/python3.7/site-packages/airflow/example_dags/example_params_trigger_ui.py took 0.266 seconds
[2023-06-28T14:36:31.263+0000] {processor.py:157} INFO - Started process (PID=2367) to work on /home/airflow/.local/lib/python3.7/site-packages/airflow/example_dags/example_params_trigger_ui.py
[2023-06-28T14:36:31.265+0000] {processor.py:826} INFO - Processing file /home/airflow/.local/lib/python3.7/site-packages/airflow/example_dags/example_params_trigger_ui.py for tasks to queue
[2023-06-28T14:36:31.267+0000] {logging_mixin.py:149} INFO - [2023-06-28T14:36:31.267+0000] {dagbag.py:541} INFO - Filling up the DagBag from /home/airflow/.local/lib/python3.7/site-packages/airflow/example_dags/example_params_trigger_ui.py
[2023-06-28T14:36:31.301+0000] {processor.py:836} INFO - DAG(s) dict_keys(['example_params_trigger_ui']) retrieved from /home/airflow/.local/lib/python3.7/site-packages/airflow/example_dags/example_params_trigger_ui.py
[2023-06-28T14:36:31.462+0000] {logging_mixin.py:149} INFO - [2023-06-28T14:36:31.461+0000] {dag.py:2726} INFO - Sync 1 DAGs
[2023-06-28T14:36:31.517+0000] {logging_mixin.py:149} INFO - [2023-06-28T14:36:31.517+0000] {dag.py:3490} INFO - Setting next_dagrun for example_params_trigger_ui to None, run_after=None
[2023-06-28T14:36:31.564+0000] {processor.py:179} INFO - Processing /home/airflow/.local/lib/python3.7/site-packages/airflow/example_dags/example_params_trigger_ui.py took 0.306 seconds
[2023-06-28T14:37:01.622+0000] {processor.py:157} INFO - Started process (PID=2426) to work on /home/airflow/.local/lib/python3.7/site-packages/airflow/example_dags/example_params_trigger_ui.py
[2023-06-28T14:37:01.623+0000] {processor.py:826} INFO - Processing file /home/airflow/.local/lib/python3.7/site-packages/airflow/example_dags/example_params_trigger_ui.py for tasks to queue
[2023-06-28T14:37:01.624+0000] {logging_mixin.py:149} INFO - [2023-06-28T14:37:01.624+0000] {dagbag.py:541} INFO - Filling up the DagBag from /home/airflow/.local/lib/python3.7/site-packages/airflow/example_dags/example_params_trigger_ui.py
[2023-06-28T14:37:01.659+0000] {processor.py:836} INFO - DAG(s) dict_keys(['example_params_trigger_ui']) retrieved from /home/airflow/.local/lib/python3.7/site-packages/airflow/example_dags/example_params_trigger_ui.py
[2023-06-28T14:37:01.866+0000] {logging_mixin.py:149} INFO - [2023-06-28T14:37:01.865+0000] {dag.py:2726} INFO - Sync 1 DAGs
[2023-06-28T14:37:01.946+0000] {logging_mixin.py:149} INFO - [2023-06-28T14:37:01.946+0000] {dag.py:3490} INFO - Setting next_dagrun for example_params_trigger_ui to None, run_after=None
[2023-06-28T14:37:01.983+0000] {processor.py:179} INFO - Processing /home/airflow/.local/lib/python3.7/site-packages/airflow/example_dags/example_params_trigger_ui.py took 0.366 seconds
[2023-06-28T14:37:32.888+0000] {processor.py:157} INFO - Started process (PID=2485) to work on /home/airflow/.local/lib/python3.7/site-packages/airflow/example_dags/example_params_trigger_ui.py
[2023-06-28T14:37:32.889+0000] {processor.py:826} INFO - Processing file /home/airflow/.local/lib/python3.7/site-packages/airflow/example_dags/example_params_trigger_ui.py for tasks to queue
[2023-06-28T14:37:32.890+0000] {logging_mixin.py:149} INFO - [2023-06-28T14:37:32.890+0000] {dagbag.py:541} INFO - Filling up the DagBag from /home/airflow/.local/lib/python3.7/site-packages/airflow/example_dags/example_params_trigger_ui.py
[2023-06-28T14:37:32.920+0000] {processor.py:836} INFO - DAG(s) dict_keys(['example_params_trigger_ui']) retrieved from /home/airflow/.local/lib/python3.7/site-packages/airflow/example_dags/example_params_trigger_ui.py
[2023-06-28T14:37:33.048+0000] {logging_mixin.py:149} INFO - [2023-06-28T14:37:33.048+0000] {dag.py:2726} INFO - Sync 1 DAGs
[2023-06-28T14:37:33.081+0000] {logging_mixin.py:149} INFO - [2023-06-28T14:37:33.081+0000] {dag.py:3490} INFO - Setting next_dagrun for example_params_trigger_ui to None, run_after=None
[2023-06-28T14:37:33.114+0000] {processor.py:179} INFO - Processing /home/airflow/.local/lib/python3.7/site-packages/airflow/example_dags/example_params_trigger_ui.py took 0.231 seconds
[2023-06-28T14:38:03.167+0000] {processor.py:157} INFO - Started process (PID=2545) to work on /home/airflow/.local/lib/python3.7/site-packages/airflow/example_dags/example_params_trigger_ui.py
[2023-06-28T14:38:03.169+0000] {processor.py:826} INFO - Processing file /home/airflow/.local/lib/python3.7/site-packages/airflow/example_dags/example_params_trigger_ui.py for tasks to queue
[2023-06-28T14:38:03.170+0000] {logging_mixin.py:149} INFO - [2023-06-28T14:38:03.170+0000] {dagbag.py:541} INFO - Filling up the DagBag from /home/airflow/.local/lib/python3.7/site-packages/airflow/example_dags/example_params_trigger_ui.py
[2023-06-28T14:38:03.203+0000] {processor.py:836} INFO - DAG(s) dict_keys(['example_params_trigger_ui']) retrieved from /home/airflow/.local/lib/python3.7/site-packages/airflow/example_dags/example_params_trigger_ui.py
[2023-06-28T14:38:03.357+0000] {logging_mixin.py:149} INFO - [2023-06-28T14:38:03.356+0000] {dag.py:2726} INFO - Sync 1 DAGs
[2023-06-28T14:38:03.395+0000] {logging_mixin.py:149} INFO - [2023-06-28T14:38:03.395+0000] {dag.py:3490} INFO - Setting next_dagrun for example_params_trigger_ui to None, run_after=None
[2023-06-28T14:38:03.426+0000] {processor.py:179} INFO - Processing /home/airflow/.local/lib/python3.7/site-packages/airflow/example_dags/example_params_trigger_ui.py took 0.263 seconds
[2023-06-28T14:38:33.841+0000] {processor.py:157} INFO - Started process (PID=2604) to work on /home/airflow/.local/lib/python3.7/site-packages/airflow/example_dags/example_params_trigger_ui.py
[2023-06-28T14:38:33.842+0000] {processor.py:826} INFO - Processing file /home/airflow/.local/lib/python3.7/site-packages/airflow/example_dags/example_params_trigger_ui.py for tasks to queue
[2023-06-28T14:38:33.843+0000] {logging_mixin.py:149} INFO - [2023-06-28T14:38:33.843+0000] {dagbag.py:541} INFO - Filling up the DagBag from /home/airflow/.local/lib/python3.7/site-packages/airflow/example_dags/example_params_trigger_ui.py
[2023-06-28T14:38:33.883+0000] {processor.py:836} INFO - DAG(s) dict_keys(['example_params_trigger_ui']) retrieved from /home/airflow/.local/lib/python3.7/site-packages/airflow/example_dags/example_params_trigger_ui.py
[2023-06-28T14:38:34.039+0000] {logging_mixin.py:149} INFO - [2023-06-28T14:38:34.039+0000] {dag.py:2726} INFO - Sync 1 DAGs
[2023-06-28T14:38:34.085+0000] {logging_mixin.py:149} INFO - [2023-06-28T14:38:34.085+0000] {dag.py:3490} INFO - Setting next_dagrun for example_params_trigger_ui to None, run_after=None
[2023-06-28T14:38:34.134+0000] {processor.py:179} INFO - Processing /home/airflow/.local/lib/python3.7/site-packages/airflow/example_dags/example_params_trigger_ui.py took 0.298 seconds
[2023-06-28T14:39:04.359+0000] {processor.py:157} INFO - Started process (PID=2663) to work on /home/airflow/.local/lib/python3.7/site-packages/airflow/example_dags/example_params_trigger_ui.py
[2023-06-28T14:39:04.361+0000] {processor.py:826} INFO - Processing file /home/airflow/.local/lib/python3.7/site-packages/airflow/example_dags/example_params_trigger_ui.py for tasks to queue
[2023-06-28T14:39:04.362+0000] {logging_mixin.py:149} INFO - [2023-06-28T14:39:04.362+0000] {dagbag.py:541} INFO - Filling up the DagBag from /home/airflow/.local/lib/python3.7/site-packages/airflow/example_dags/example_params_trigger_ui.py
[2023-06-28T14:39:04.398+0000] {processor.py:836} INFO - DAG(s) dict_keys(['example_params_trigger_ui']) retrieved from /home/airflow/.local/lib/python3.7/site-packages/airflow/example_dags/example_params_trigger_ui.py
[2023-06-28T14:39:04.563+0000] {logging_mixin.py:149} INFO - [2023-06-28T14:39:04.563+0000] {dag.py:2726} INFO - Sync 1 DAGs
[2023-06-28T14:39:04.598+0000] {logging_mixin.py:149} INFO - [2023-06-28T14:39:04.598+0000] {dag.py:3490} INFO - Setting next_dagrun for example_params_trigger_ui to None, run_after=None
[2023-06-28T14:39:04.633+0000] {processor.py:179} INFO - Processing /home/airflow/.local/lib/python3.7/site-packages/airflow/example_dags/example_params_trigger_ui.py took 0.279 seconds
[2023-06-28T14:39:34.865+0000] {processor.py:157} INFO - Started process (PID=2722) to work on /home/airflow/.local/lib/python3.7/site-packages/airflow/example_dags/example_params_trigger_ui.py
[2023-06-28T14:39:34.867+0000] {processor.py:826} INFO - Processing file /home/airflow/.local/lib/python3.7/site-packages/airflow/example_dags/example_params_trigger_ui.py for tasks to queue
[2023-06-28T14:39:34.868+0000] {logging_mixin.py:149} INFO - [2023-06-28T14:39:34.868+0000] {dagbag.py:541} INFO - Filling up the DagBag from /home/airflow/.local/lib/python3.7/site-packages/airflow/example_dags/example_params_trigger_ui.py
[2023-06-28T14:39:34.901+0000] {processor.py:836} INFO - DAG(s) dict_keys(['example_params_trigger_ui']) retrieved from /home/airflow/.local/lib/python3.7/site-packages/airflow/example_dags/example_params_trigger_ui.py
[2023-06-28T14:39:35.060+0000] {logging_mixin.py:149} INFO - [2023-06-28T14:39:35.060+0000] {dag.py:2726} INFO - Sync 1 DAGs
[2023-06-28T14:39:35.099+0000] {logging_mixin.py:149} INFO - [2023-06-28T14:39:35.099+0000] {dag.py:3490} INFO - Setting next_dagrun for example_params_trigger_ui to None, run_after=None
[2023-06-28T14:39:35.135+0000] {processor.py:179} INFO - Processing /home/airflow/.local/lib/python3.7/site-packages/airflow/example_dags/example_params_trigger_ui.py took 0.276 seconds
[2023-06-28T14:40:05.409+0000] {processor.py:157} INFO - Started process (PID=2782) to work on /home/airflow/.local/lib/python3.7/site-packages/airflow/example_dags/example_params_trigger_ui.py
[2023-06-28T14:40:05.411+0000] {processor.py:826} INFO - Processing file /home/airflow/.local/lib/python3.7/site-packages/airflow/example_dags/example_params_trigger_ui.py for tasks to queue
[2023-06-28T14:40:05.412+0000] {logging_mixin.py:149} INFO - [2023-06-28T14:40:05.412+0000] {dagbag.py:541} INFO - Filling up the DagBag from /home/airflow/.local/lib/python3.7/site-packages/airflow/example_dags/example_params_trigger_ui.py
[2023-06-28T14:40:05.466+0000] {processor.py:836} INFO - DAG(s) dict_keys(['example_params_trigger_ui']) retrieved from /home/airflow/.local/lib/python3.7/site-packages/airflow/example_dags/example_params_trigger_ui.py
[2023-06-28T14:40:05.643+0000] {logging_mixin.py:149} INFO - [2023-06-28T14:40:05.643+0000] {dag.py:2726} INFO - Sync 1 DAGs
[2023-06-28T14:40:05.688+0000] {logging_mixin.py:149} INFO - [2023-06-28T14:40:05.688+0000] {dag.py:3490} INFO - Setting next_dagrun for example_params_trigger_ui to None, run_after=None
[2023-06-28T14:40:05.719+0000] {processor.py:179} INFO - Processing /home/airflow/.local/lib/python3.7/site-packages/airflow/example_dags/example_params_trigger_ui.py took 0.316 seconds
[2023-06-28T14:40:35.803+0000] {processor.py:157} INFO - Started process (PID=2843) to work on /home/airflow/.local/lib/python3.7/site-packages/airflow/example_dags/example_params_trigger_ui.py
[2023-06-28T14:40:35.805+0000] {processor.py:826} INFO - Processing file /home/airflow/.local/lib/python3.7/site-packages/airflow/example_dags/example_params_trigger_ui.py for tasks to queue
[2023-06-28T14:40:35.806+0000] {logging_mixin.py:149} INFO - [2023-06-28T14:40:35.806+0000] {dagbag.py:541} INFO - Filling up the DagBag from /home/airflow/.local/lib/python3.7/site-packages/airflow/example_dags/example_params_trigger_ui.py
[2023-06-28T14:40:35.851+0000] {processor.py:836} INFO - DAG(s) dict_keys(['example_params_trigger_ui']) retrieved from /home/airflow/.local/lib/python3.7/site-packages/airflow/example_dags/example_params_trigger_ui.py
[2023-06-28T14:40:36.035+0000] {logging_mixin.py:149} INFO - [2023-06-28T14:40:36.034+0000] {dag.py:2726} INFO - Sync 1 DAGs
[2023-06-28T14:40:36.082+0000] {logging_mixin.py:149} INFO - [2023-06-28T14:40:36.082+0000] {dag.py:3490} INFO - Setting next_dagrun for example_params_trigger_ui to None, run_after=None
[2023-06-28T14:40:36.126+0000] {processor.py:179} INFO - Processing /home/airflow/.local/lib/python3.7/site-packages/airflow/example_dags/example_params_trigger_ui.py took 0.328 seconds
[2023-06-28T14:41:06.303+0000] {processor.py:157} INFO - Started process (PID=2903) to work on /home/airflow/.local/lib/python3.7/site-packages/airflow/example_dags/example_params_trigger_ui.py
[2023-06-28T14:41:06.304+0000] {processor.py:826} INFO - Processing file /home/airflow/.local/lib/python3.7/site-packages/airflow/example_dags/example_params_trigger_ui.py for tasks to queue
[2023-06-28T14:41:06.305+0000] {logging_mixin.py:149} INFO - [2023-06-28T14:41:06.305+0000] {dagbag.py:541} INFO - Filling up the DagBag from /home/airflow/.local/lib/python3.7/site-packages/airflow/example_dags/example_params_trigger_ui.py
[2023-06-28T14:41:06.342+0000] {processor.py:836} INFO - DAG(s) dict_keys(['example_params_trigger_ui']) retrieved from /home/airflow/.local/lib/python3.7/site-packages/airflow/example_dags/example_params_trigger_ui.py
[2023-06-28T14:41:06.508+0000] {logging_mixin.py:149} INFO - [2023-06-28T14:41:06.507+0000] {dag.py:2726} INFO - Sync 1 DAGs
[2023-06-28T14:41:06.546+0000] {logging_mixin.py:149} INFO - [2023-06-28T14:41:06.546+0000] {dag.py:3490} INFO - Setting next_dagrun for example_params_trigger_ui to None, run_after=None
[2023-06-28T14:41:06.614+0000] {processor.py:179} INFO - Processing /home/airflow/.local/lib/python3.7/site-packages/airflow/example_dags/example_params_trigger_ui.py took 0.316 seconds
[2023-06-28T14:41:36.700+0000] {processor.py:157} INFO - Started process (PID=2960) to work on /home/airflow/.local/lib/python3.7/site-packages/airflow/example_dags/example_params_trigger_ui.py
[2023-06-28T14:41:36.702+0000] {processor.py:826} INFO - Processing file /home/airflow/.local/lib/python3.7/site-packages/airflow/example_dags/example_params_trigger_ui.py for tasks to queue
[2023-06-28T14:41:36.704+0000] {logging_mixin.py:149} INFO - [2023-06-28T14:41:36.704+0000] {dagbag.py:541} INFO - Filling up the DagBag from /home/airflow/.local/lib/python3.7/site-packages/airflow/example_dags/example_params_trigger_ui.py
[2023-06-28T14:41:36.751+0000] {processor.py:836} INFO - DAG(s) dict_keys(['example_params_trigger_ui']) retrieved from /home/airflow/.local/lib/python3.7/site-packages/airflow/example_dags/example_params_trigger_ui.py
[2023-06-28T14:41:36.925+0000] {logging_mixin.py:149} INFO - [2023-06-28T14:41:36.925+0000] {dag.py:2726} INFO - Sync 1 DAGs
[2023-06-28T14:41:36.969+0000] {logging_mixin.py:149} INFO - [2023-06-28T14:41:36.969+0000] {dag.py:3490} INFO - Setting next_dagrun for example_params_trigger_ui to None, run_after=None
[2023-06-28T14:41:37.002+0000] {processor.py:179} INFO - Processing /home/airflow/.local/lib/python3.7/site-packages/airflow/example_dags/example_params_trigger_ui.py took 0.309 seconds
[2023-06-28T14:42:07.087+0000] {processor.py:157} INFO - Started process (PID=3020) to work on /home/airflow/.local/lib/python3.7/site-packages/airflow/example_dags/example_params_trigger_ui.py
[2023-06-28T14:42:07.090+0000] {processor.py:826} INFO - Processing file /home/airflow/.local/lib/python3.7/site-packages/airflow/example_dags/example_params_trigger_ui.py for tasks to queue
[2023-06-28T14:42:07.094+0000] {logging_mixin.py:149} INFO - [2023-06-28T14:42:07.093+0000] {dagbag.py:541} INFO - Filling up the DagBag from /home/airflow/.local/lib/python3.7/site-packages/airflow/example_dags/example_params_trigger_ui.py
[2023-06-28T14:42:07.153+0000] {processor.py:836} INFO - DAG(s) dict_keys(['example_params_trigger_ui']) retrieved from /home/airflow/.local/lib/python3.7/site-packages/airflow/example_dags/example_params_trigger_ui.py
[2023-06-28T14:42:07.365+0000] {logging_mixin.py:149} INFO - [2023-06-28T14:42:07.365+0000] {dag.py:2726} INFO - Sync 1 DAGs
[2023-06-28T14:42:07.409+0000] {logging_mixin.py:149} INFO - [2023-06-28T14:42:07.409+0000] {dag.py:3490} INFO - Setting next_dagrun for example_params_trigger_ui to None, run_after=None
[2023-06-28T14:42:07.442+0000] {processor.py:179} INFO - Processing /home/airflow/.local/lib/python3.7/site-packages/airflow/example_dags/example_params_trigger_ui.py took 0.363 seconds
[2023-06-28T14:42:37.776+0000] {processor.py:157} INFO - Started process (PID=3078) to work on /home/airflow/.local/lib/python3.7/site-packages/airflow/example_dags/example_params_trigger_ui.py
[2023-06-28T14:42:37.778+0000] {processor.py:826} INFO - Processing file /home/airflow/.local/lib/python3.7/site-packages/airflow/example_dags/example_params_trigger_ui.py for tasks to queue
[2023-06-28T14:42:37.779+0000] {logging_mixin.py:149} INFO - [2023-06-28T14:42:37.779+0000] {dagbag.py:541} INFO - Filling up the DagBag from /home/airflow/.local/lib/python3.7/site-packages/airflow/example_dags/example_params_trigger_ui.py
[2023-06-28T14:42:37.816+0000] {processor.py:836} INFO - DAG(s) dict_keys(['example_params_trigger_ui']) retrieved from /home/airflow/.local/lib/python3.7/site-packages/airflow/example_dags/example_params_trigger_ui.py
[2023-06-28T14:42:37.981+0000] {logging_mixin.py:149} INFO - [2023-06-28T14:42:37.981+0000] {dag.py:2726} INFO - Sync 1 DAGs
[2023-06-28T14:42:38.023+0000] {logging_mixin.py:149} INFO - [2023-06-28T14:42:38.022+0000] {dag.py:3490} INFO - Setting next_dagrun for example_params_trigger_ui to None, run_after=None
[2023-06-28T14:42:38.061+0000] {processor.py:179} INFO - Processing /home/airflow/.local/lib/python3.7/site-packages/airflow/example_dags/example_params_trigger_ui.py took 0.291 seconds
[2023-06-28T14:43:08.219+0000] {processor.py:157} INFO - Started process (PID=3139) to work on /home/airflow/.local/lib/python3.7/site-packages/airflow/example_dags/example_params_trigger_ui.py
[2023-06-28T14:43:08.220+0000] {processor.py:826} INFO - Processing file /home/airflow/.local/lib/python3.7/site-packages/airflow/example_dags/example_params_trigger_ui.py for tasks to queue
[2023-06-28T14:43:08.222+0000] {logging_mixin.py:149} INFO - [2023-06-28T14:43:08.222+0000] {dagbag.py:541} INFO - Filling up the DagBag from /home/airflow/.local/lib/python3.7/site-packages/airflow/example_dags/example_params_trigger_ui.py
[2023-06-28T14:43:08.257+0000] {processor.py:836} INFO - DAG(s) dict_keys(['example_params_trigger_ui']) retrieved from /home/airflow/.local/lib/python3.7/site-packages/airflow/example_dags/example_params_trigger_ui.py
[2023-06-28T14:43:08.423+0000] {logging_mixin.py:149} INFO - [2023-06-28T14:43:08.423+0000] {dag.py:2726} INFO - Sync 1 DAGs
[2023-06-28T14:43:08.461+0000] {logging_mixin.py:149} INFO - [2023-06-28T14:43:08.461+0000] {dag.py:3490} INFO - Setting next_dagrun for example_params_trigger_ui to None, run_after=None
[2023-06-28T14:43:08.493+0000] {processor.py:179} INFO - Processing /home/airflow/.local/lib/python3.7/site-packages/airflow/example_dags/example_params_trigger_ui.py took 0.280 seconds
[2023-06-28T14:43:39.399+0000] {processor.py:157} INFO - Started process (PID=3197) to work on /home/airflow/.local/lib/python3.7/site-packages/airflow/example_dags/example_params_trigger_ui.py
[2023-06-28T14:43:39.401+0000] {processor.py:826} INFO - Processing file /home/airflow/.local/lib/python3.7/site-packages/airflow/example_dags/example_params_trigger_ui.py for tasks to queue
[2023-06-28T14:43:39.402+0000] {logging_mixin.py:149} INFO - [2023-06-28T14:43:39.402+0000] {dagbag.py:541} INFO - Filling up the DagBag from /home/airflow/.local/lib/python3.7/site-packages/airflow/example_dags/example_params_trigger_ui.py
[2023-06-28T14:43:39.485+0000] {processor.py:836} INFO - DAG(s) dict_keys(['example_params_trigger_ui']) retrieved from /home/airflow/.local/lib/python3.7/site-packages/airflow/example_dags/example_params_trigger_ui.py
[2023-06-28T14:43:39.933+0000] {logging_mixin.py:149} INFO - [2023-06-28T14:43:39.932+0000] {dag.py:2726} INFO - Sync 1 DAGs
[2023-06-28T14:43:40.021+0000] {logging_mixin.py:149} INFO - [2023-06-28T14:43:40.021+0000] {dag.py:3490} INFO - Setting next_dagrun for example_params_trigger_ui to None, run_after=None
[2023-06-28T14:43:40.085+0000] {processor.py:179} INFO - Processing /home/airflow/.local/lib/python3.7/site-packages/airflow/example_dags/example_params_trigger_ui.py took 0.699 seconds
[2023-06-28T14:44:10.418+0000] {processor.py:157} INFO - Started process (PID=3257) to work on /home/airflow/.local/lib/python3.7/site-packages/airflow/example_dags/example_params_trigger_ui.py
[2023-06-28T14:44:10.420+0000] {processor.py:826} INFO - Processing file /home/airflow/.local/lib/python3.7/site-packages/airflow/example_dags/example_params_trigger_ui.py for tasks to queue
[2023-06-28T14:44:10.422+0000] {logging_mixin.py:149} INFO - [2023-06-28T14:44:10.422+0000] {dagbag.py:541} INFO - Filling up the DagBag from /home/airflow/.local/lib/python3.7/site-packages/airflow/example_dags/example_params_trigger_ui.py
[2023-06-28T14:44:10.589+0000] {processor.py:836} INFO - DAG(s) dict_keys(['example_params_trigger_ui']) retrieved from /home/airflow/.local/lib/python3.7/site-packages/airflow/example_dags/example_params_trigger_ui.py
[2023-06-28T14:44:11.118+0000] {logging_mixin.py:149} INFO - [2023-06-28T14:44:11.118+0000] {dag.py:2726} INFO - Sync 1 DAGs
[2023-06-28T14:44:11.283+0000] {logging_mixin.py:149} INFO - [2023-06-28T14:44:11.283+0000] {dag.py:3490} INFO - Setting next_dagrun for example_params_trigger_ui to None, run_after=None
[2023-06-28T14:44:11.416+0000] {processor.py:179} INFO - Processing /home/airflow/.local/lib/python3.7/site-packages/airflow/example_dags/example_params_trigger_ui.py took 1.012 seconds
[2023-06-28T14:44:41.971+0000] {processor.py:157} INFO - Started process (PID=3316) to work on /home/airflow/.local/lib/python3.7/site-packages/airflow/example_dags/example_params_trigger_ui.py
[2023-06-28T14:44:41.983+0000] {processor.py:826} INFO - Processing file /home/airflow/.local/lib/python3.7/site-packages/airflow/example_dags/example_params_trigger_ui.py for tasks to queue
[2023-06-28T14:44:41.985+0000] {logging_mixin.py:149} INFO - [2023-06-28T14:44:41.985+0000] {dagbag.py:541} INFO - Filling up the DagBag from /home/airflow/.local/lib/python3.7/site-packages/airflow/example_dags/example_params_trigger_ui.py
[2023-06-28T14:44:42.134+0000] {processor.py:836} INFO - DAG(s) dict_keys(['example_params_trigger_ui']) retrieved from /home/airflow/.local/lib/python3.7/site-packages/airflow/example_dags/example_params_trigger_ui.py
[2023-06-28T14:44:42.423+0000] {logging_mixin.py:149} INFO - [2023-06-28T14:44:42.422+0000] {dag.py:2726} INFO - Sync 1 DAGs
[2023-06-28T14:44:42.531+0000] {logging_mixin.py:149} INFO - [2023-06-28T14:44:42.531+0000] {dag.py:3490} INFO - Setting next_dagrun for example_params_trigger_ui to None, run_after=None
[2023-06-28T14:44:42.622+0000] {processor.py:179} INFO - Processing /home/airflow/.local/lib/python3.7/site-packages/airflow/example_dags/example_params_trigger_ui.py took 0.661 seconds
[2023-06-28T14:45:12.917+0000] {processor.py:157} INFO - Started process (PID=3375) to work on /home/airflow/.local/lib/python3.7/site-packages/airflow/example_dags/example_params_trigger_ui.py
[2023-06-28T14:45:12.919+0000] {processor.py:826} INFO - Processing file /home/airflow/.local/lib/python3.7/site-packages/airflow/example_dags/example_params_trigger_ui.py for tasks to queue
[2023-06-28T14:45:12.921+0000] {logging_mixin.py:149} INFO - [2023-06-28T14:45:12.921+0000] {dagbag.py:541} INFO - Filling up the DagBag from /home/airflow/.local/lib/python3.7/site-packages/airflow/example_dags/example_params_trigger_ui.py
[2023-06-28T14:45:12.988+0000] {processor.py:836} INFO - DAG(s) dict_keys(['example_params_trigger_ui']) retrieved from /home/airflow/.local/lib/python3.7/site-packages/airflow/example_dags/example_params_trigger_ui.py
[2023-06-28T14:45:13.183+0000] {logging_mixin.py:149} INFO - [2023-06-28T14:45:13.183+0000] {dag.py:2726} INFO - Sync 1 DAGs
[2023-06-28T14:45:13.232+0000] {logging_mixin.py:149} INFO - [2023-06-28T14:45:13.232+0000] {dag.py:3490} INFO - Setting next_dagrun for example_params_trigger_ui to None, run_after=None
[2023-06-28T14:45:13.273+0000] {processor.py:179} INFO - Processing /home/airflow/.local/lib/python3.7/site-packages/airflow/example_dags/example_params_trigger_ui.py took 0.362 seconds
[2023-06-28T14:45:43.842+0000] {processor.py:157} INFO - Started process (PID=3436) to work on /home/airflow/.local/lib/python3.7/site-packages/airflow/example_dags/example_params_trigger_ui.py
[2023-06-28T14:45:43.843+0000] {processor.py:826} INFO - Processing file /home/airflow/.local/lib/python3.7/site-packages/airflow/example_dags/example_params_trigger_ui.py for tasks to queue
[2023-06-28T14:45:43.845+0000] {logging_mixin.py:149} INFO - [2023-06-28T14:45:43.845+0000] {dagbag.py:541} INFO - Filling up the DagBag from /home/airflow/.local/lib/python3.7/site-packages/airflow/example_dags/example_params_trigger_ui.py
[2023-06-28T14:45:43.887+0000] {processor.py:836} INFO - DAG(s) dict_keys(['example_params_trigger_ui']) retrieved from /home/airflow/.local/lib/python3.7/site-packages/airflow/example_dags/example_params_trigger_ui.py
[2023-06-28T14:45:44.067+0000] {logging_mixin.py:149} INFO - [2023-06-28T14:45:44.067+0000] {dag.py:2726} INFO - Sync 1 DAGs
[2023-06-28T14:45:44.110+0000] {logging_mixin.py:149} INFO - [2023-06-28T14:45:44.110+0000] {dag.py:3490} INFO - Setting next_dagrun for example_params_trigger_ui to None, run_after=None
[2023-06-28T14:45:44.147+0000] {processor.py:179} INFO - Processing /home/airflow/.local/lib/python3.7/site-packages/airflow/example_dags/example_params_trigger_ui.py took 0.311 seconds
[2023-06-28T14:46:14.324+0000] {processor.py:157} INFO - Started process (PID=3495) to work on /home/airflow/.local/lib/python3.7/site-packages/airflow/example_dags/example_params_trigger_ui.py
[2023-06-28T14:46:14.326+0000] {processor.py:826} INFO - Processing file /home/airflow/.local/lib/python3.7/site-packages/airflow/example_dags/example_params_trigger_ui.py for tasks to queue
[2023-06-28T14:46:14.328+0000] {logging_mixin.py:149} INFO - [2023-06-28T14:46:14.328+0000] {dagbag.py:541} INFO - Filling up the DagBag from /home/airflow/.local/lib/python3.7/site-packages/airflow/example_dags/example_params_trigger_ui.py
[2023-06-28T14:46:14.412+0000] {processor.py:836} INFO - DAG(s) dict_keys(['example_params_trigger_ui']) retrieved from /home/airflow/.local/lib/python3.7/site-packages/airflow/example_dags/example_params_trigger_ui.py
[2023-06-28T14:46:14.891+0000] {logging_mixin.py:149} INFO - [2023-06-28T14:46:14.881+0000] {dag.py:2726} INFO - Sync 1 DAGs
[2023-06-28T14:46:14.992+0000] {logging_mixin.py:149} INFO - [2023-06-28T14:46:14.992+0000] {dag.py:3490} INFO - Setting next_dagrun for example_params_trigger_ui to None, run_after=None
[2023-06-28T14:46:15.063+0000] {processor.py:179} INFO - Processing /home/airflow/.local/lib/python3.7/site-packages/airflow/example_dags/example_params_trigger_ui.py took 0.750 seconds
[2023-06-28T14:46:45.482+0000] {processor.py:157} INFO - Started process (PID=3554) to work on /home/airflow/.local/lib/python3.7/site-packages/airflow/example_dags/example_params_trigger_ui.py
[2023-06-28T14:46:45.492+0000] {processor.py:826} INFO - Processing file /home/airflow/.local/lib/python3.7/site-packages/airflow/example_dags/example_params_trigger_ui.py for tasks to queue
[2023-06-28T14:46:45.494+0000] {logging_mixin.py:149} INFO - [2023-06-28T14:46:45.494+0000] {dagbag.py:541} INFO - Filling up the DagBag from /home/airflow/.local/lib/python3.7/site-packages/airflow/example_dags/example_params_trigger_ui.py
[2023-06-28T14:46:45.655+0000] {processor.py:836} INFO - DAG(s) dict_keys(['example_params_trigger_ui']) retrieved from /home/airflow/.local/lib/python3.7/site-packages/airflow/example_dags/example_params_trigger_ui.py
[2023-06-28T14:46:46.107+0000] {logging_mixin.py:149} INFO - [2023-06-28T14:46:46.107+0000] {dag.py:2726} INFO - Sync 1 DAGs
[2023-06-28T14:46:46.259+0000] {logging_mixin.py:149} INFO - [2023-06-28T14:46:46.259+0000] {dag.py:3490} INFO - Setting next_dagrun for example_params_trigger_ui to None, run_after=None
[2023-06-28T14:46:46.325+0000] {processor.py:179} INFO - Processing /home/airflow/.local/lib/python3.7/site-packages/airflow/example_dags/example_params_trigger_ui.py took 0.852 seconds
[2023-06-28T14:47:16.799+0000] {processor.py:157} INFO - Started process (PID=3614) to work on /home/airflow/.local/lib/python3.7/site-packages/airflow/example_dags/example_params_trigger_ui.py
[2023-06-28T14:47:16.803+0000] {processor.py:826} INFO - Processing file /home/airflow/.local/lib/python3.7/site-packages/airflow/example_dags/example_params_trigger_ui.py for tasks to queue
[2023-06-28T14:47:16.805+0000] {logging_mixin.py:149} INFO - [2023-06-28T14:47:16.804+0000] {dagbag.py:541} INFO - Filling up the DagBag from /home/airflow/.local/lib/python3.7/site-packages/airflow/example_dags/example_params_trigger_ui.py
[2023-06-28T14:47:16.869+0000] {processor.py:836} INFO - DAG(s) dict_keys(['example_params_trigger_ui']) retrieved from /home/airflow/.local/lib/python3.7/site-packages/airflow/example_dags/example_params_trigger_ui.py
[2023-06-28T14:47:17.204+0000] {logging_mixin.py:149} INFO - [2023-06-28T14:47:17.203+0000] {dag.py:2726} INFO - Sync 1 DAGs
[2023-06-28T14:47:17.344+0000] {logging_mixin.py:149} INFO - [2023-06-28T14:47:17.344+0000] {dag.py:3490} INFO - Setting next_dagrun for example_params_trigger_ui to None, run_after=None
[2023-06-28T14:47:17.438+0000] {processor.py:179} INFO - Processing /home/airflow/.local/lib/python3.7/site-packages/airflow/example_dags/example_params_trigger_ui.py took 0.646 seconds
[2023-06-28T14:47:47.645+0000] {processor.py:157} INFO - Started process (PID=3673) to work on /home/airflow/.local/lib/python3.7/site-packages/airflow/example_dags/example_params_trigger_ui.py
[2023-06-28T14:47:47.647+0000] {processor.py:826} INFO - Processing file /home/airflow/.local/lib/python3.7/site-packages/airflow/example_dags/example_params_trigger_ui.py for tasks to queue
[2023-06-28T14:47:47.650+0000] {logging_mixin.py:149} INFO - [2023-06-28T14:47:47.650+0000] {dagbag.py:541} INFO - Filling up the DagBag from /home/airflow/.local/lib/python3.7/site-packages/airflow/example_dags/example_params_trigger_ui.py
[2023-06-28T14:47:47.698+0000] {processor.py:836} INFO - DAG(s) dict_keys(['example_params_trigger_ui']) retrieved from /home/airflow/.local/lib/python3.7/site-packages/airflow/example_dags/example_params_trigger_ui.py
[2023-06-28T14:47:47.968+0000] {logging_mixin.py:149} INFO - [2023-06-28T14:47:47.965+0000] {dag.py:2726} INFO - Sync 1 DAGs
[2023-06-28T14:47:48.026+0000] {logging_mixin.py:149} INFO - [2023-06-28T14:47:48.025+0000] {dag.py:3490} INFO - Setting next_dagrun for example_params_trigger_ui to None, run_after=None
[2023-06-28T14:47:48.059+0000] {processor.py:179} INFO - Processing /home/airflow/.local/lib/python3.7/site-packages/airflow/example_dags/example_params_trigger_ui.py took 0.421 seconds
