[2023-06-28T14:16:38.706+0000] {processor.py:157} INFO - Started process (PID=68) to work on /home/airflow/.local/lib/python3.7/site-packages/airflow/example_dags/example_nested_branch_dag.py
[2023-06-28T14:16:38.740+0000] {processor.py:826} INFO - Processing file /home/airflow/.local/lib/python3.7/site-packages/airflow/example_dags/example_nested_branch_dag.py for tasks to queue
[2023-06-28T14:16:38.753+0000] {logging_mixin.py:149} INFO - [2023-06-28T14:16:38.753+0000] {dagbag.py:541} INFO - Filling up the DagBag from /home/airflow/.local/lib/python3.7/site-packages/airflow/example_dags/example_nested_branch_dag.py
[2023-06-28T14:16:38.844+0000] {processor.py:836} INFO - DAG(s) dict_keys(['example_nested_branch_dag']) retrieved from /home/airflow/.local/lib/python3.7/site-packages/airflow/example_dags/example_nested_branch_dag.py
[2023-06-28T14:16:38.971+0000] {logging_mixin.py:149} INFO - [2023-06-28T14:16:38.971+0000] {dag.py:2726} INFO - Sync 1 DAGs
[2023-06-28T14:16:39.046+0000] {logging_mixin.py:149} INFO - [2023-06-28T14:16:39.046+0000] {dag.py:3490} INFO - Setting next_dagrun for example_nested_branch_dag to 2023-06-27T00:00:00+00:00, run_after=2023-06-28T00:00:00+00:00
[2023-06-28T14:16:39.308+0000] {processor.py:179} INFO - Processing /home/airflow/.local/lib/python3.7/site-packages/airflow/example_dags/example_nested_branch_dag.py took 0.625 seconds
[2023-06-28T14:17:12.537+0000] {processor.py:157} INFO - Started process (PID=127) to work on /home/airflow/.local/lib/python3.7/site-packages/airflow/example_dags/example_nested_branch_dag.py
[2023-06-28T14:17:12.553+0000] {processor.py:826} INFO - Processing file /home/airflow/.local/lib/python3.7/site-packages/airflow/example_dags/example_nested_branch_dag.py for tasks to queue
[2023-06-28T14:17:12.570+0000] {logging_mixin.py:149} INFO - [2023-06-28T14:17:12.570+0000] {dagbag.py:541} INFO - Filling up the DagBag from /home/airflow/.local/lib/python3.7/site-packages/airflow/example_dags/example_nested_branch_dag.py
[2023-06-28T14:17:12.697+0000] {processor.py:836} INFO - DAG(s) dict_keys(['example_nested_branch_dag']) retrieved from /home/airflow/.local/lib/python3.7/site-packages/airflow/example_dags/example_nested_branch_dag.py
[2023-06-28T14:17:12.892+0000] {logging_mixin.py:149} INFO - [2023-06-28T14:17:12.891+0000] {dag.py:2726} INFO - Sync 1 DAGs
[2023-06-28T14:17:13.201+0000] {logging_mixin.py:149} INFO - [2023-06-28T14:17:13.200+0000] {dag.py:3490} INFO - Setting next_dagrun for example_nested_branch_dag to 2023-06-27T00:00:00+00:00, run_after=2023-06-28T00:00:00+00:00
[2023-06-28T14:17:13.332+0000] {processor.py:179} INFO - Processing /home/airflow/.local/lib/python3.7/site-packages/airflow/example_dags/example_nested_branch_dag.py took 0.815 seconds
[2023-06-28T14:17:44.201+0000] {processor.py:157} INFO - Started process (PID=185) to work on /home/airflow/.local/lib/python3.7/site-packages/airflow/example_dags/example_nested_branch_dag.py
[2023-06-28T14:17:44.203+0000] {processor.py:826} INFO - Processing file /home/airflow/.local/lib/python3.7/site-packages/airflow/example_dags/example_nested_branch_dag.py for tasks to queue
[2023-06-28T14:17:44.205+0000] {logging_mixin.py:149} INFO - [2023-06-28T14:17:44.204+0000] {dagbag.py:541} INFO - Filling up the DagBag from /home/airflow/.local/lib/python3.7/site-packages/airflow/example_dags/example_nested_branch_dag.py
[2023-06-28T14:17:44.226+0000] {processor.py:836} INFO - DAG(s) dict_keys(['example_nested_branch_dag']) retrieved from /home/airflow/.local/lib/python3.7/site-packages/airflow/example_dags/example_nested_branch_dag.py
[2023-06-28T14:17:44.251+0000] {logging_mixin.py:149} INFO - [2023-06-28T14:17:44.251+0000] {dag.py:2726} INFO - Sync 1 DAGs
[2023-06-28T14:17:44.300+0000] {logging_mixin.py:149} INFO - [2023-06-28T14:17:44.300+0000] {dag.py:3490} INFO - Setting next_dagrun for example_nested_branch_dag to 2023-06-27T00:00:00+00:00, run_after=2023-06-28T00:00:00+00:00
[2023-06-28T14:17:44.338+0000] {processor.py:179} INFO - Processing /home/airflow/.local/lib/python3.7/site-packages/airflow/example_dags/example_nested_branch_dag.py took 0.142 seconds
[2023-06-28T14:18:15.071+0000] {processor.py:157} INFO - Started process (PID=244) to work on /home/airflow/.local/lib/python3.7/site-packages/airflow/example_dags/example_nested_branch_dag.py
[2023-06-28T14:18:15.072+0000] {processor.py:826} INFO - Processing file /home/airflow/.local/lib/python3.7/site-packages/airflow/example_dags/example_nested_branch_dag.py for tasks to queue
[2023-06-28T14:18:15.074+0000] {logging_mixin.py:149} INFO - [2023-06-28T14:18:15.074+0000] {dagbag.py:541} INFO - Filling up the DagBag from /home/airflow/.local/lib/python3.7/site-packages/airflow/example_dags/example_nested_branch_dag.py
[2023-06-28T14:18:15.099+0000] {processor.py:836} INFO - DAG(s) dict_keys(['example_nested_branch_dag']) retrieved from /home/airflow/.local/lib/python3.7/site-packages/airflow/example_dags/example_nested_branch_dag.py
[2023-06-28T14:18:15.207+0000] {logging_mixin.py:149} INFO - [2023-06-28T14:18:15.207+0000] {dag.py:2726} INFO - Sync 1 DAGs
[2023-06-28T14:18:15.311+0000] {logging_mixin.py:149} INFO - [2023-06-28T14:18:15.310+0000] {dag.py:3490} INFO - Setting next_dagrun for example_nested_branch_dag to 2023-06-27T00:00:00+00:00, run_after=2023-06-28T00:00:00+00:00
[2023-06-28T14:18:15.390+0000] {processor.py:179} INFO - Processing /home/airflow/.local/lib/python3.7/site-packages/airflow/example_dags/example_nested_branch_dag.py took 0.325 seconds
[2023-06-28T14:18:45.918+0000] {processor.py:157} INFO - Started process (PID=303) to work on /home/airflow/.local/lib/python3.7/site-packages/airflow/example_dags/example_nested_branch_dag.py
[2023-06-28T14:18:45.919+0000] {processor.py:826} INFO - Processing file /home/airflow/.local/lib/python3.7/site-packages/airflow/example_dags/example_nested_branch_dag.py for tasks to queue
[2023-06-28T14:18:45.922+0000] {logging_mixin.py:149} INFO - [2023-06-28T14:18:45.921+0000] {dagbag.py:541} INFO - Filling up the DagBag from /home/airflow/.local/lib/python3.7/site-packages/airflow/example_dags/example_nested_branch_dag.py
[2023-06-28T14:18:45.948+0000] {processor.py:836} INFO - DAG(s) dict_keys(['example_nested_branch_dag']) retrieved from /home/airflow/.local/lib/python3.7/site-packages/airflow/example_dags/example_nested_branch_dag.py
[2023-06-28T14:18:46.040+0000] {logging_mixin.py:149} INFO - [2023-06-28T14:18:46.040+0000] {dag.py:2726} INFO - Sync 1 DAGs
[2023-06-28T14:18:46.133+0000] {logging_mixin.py:149} INFO - [2023-06-28T14:18:46.133+0000] {dag.py:3490} INFO - Setting next_dagrun for example_nested_branch_dag to 2023-06-27T00:00:00+00:00, run_after=2023-06-28T00:00:00+00:00
[2023-06-28T14:18:46.180+0000] {processor.py:179} INFO - Processing /home/airflow/.local/lib/python3.7/site-packages/airflow/example_dags/example_nested_branch_dag.py took 0.268 seconds
[2023-06-28T14:19:16.631+0000] {processor.py:157} INFO - Started process (PID=361) to work on /home/airflow/.local/lib/python3.7/site-packages/airflow/example_dags/example_nested_branch_dag.py
[2023-06-28T14:19:16.633+0000] {processor.py:826} INFO - Processing file /home/airflow/.local/lib/python3.7/site-packages/airflow/example_dags/example_nested_branch_dag.py for tasks to queue
[2023-06-28T14:19:16.634+0000] {logging_mixin.py:149} INFO - [2023-06-28T14:19:16.634+0000] {dagbag.py:541} INFO - Filling up the DagBag from /home/airflow/.local/lib/python3.7/site-packages/airflow/example_dags/example_nested_branch_dag.py
[2023-06-28T14:19:16.657+0000] {processor.py:836} INFO - DAG(s) dict_keys(['example_nested_branch_dag']) retrieved from /home/airflow/.local/lib/python3.7/site-packages/airflow/example_dags/example_nested_branch_dag.py
[2023-06-28T14:19:16.709+0000] {logging_mixin.py:149} INFO - [2023-06-28T14:19:16.708+0000] {dag.py:2726} INFO - Sync 1 DAGs
[2023-06-28T14:19:16.766+0000] {logging_mixin.py:149} INFO - [2023-06-28T14:19:16.765+0000] {dag.py:3490} INFO - Setting next_dagrun for example_nested_branch_dag to 2023-06-27T00:00:00+00:00, run_after=2023-06-28T00:00:00+00:00
[2023-06-28T14:19:16.837+0000] {processor.py:179} INFO - Processing /home/airflow/.local/lib/python3.7/site-packages/airflow/example_dags/example_nested_branch_dag.py took 0.213 seconds
[2023-06-28T14:19:47.614+0000] {processor.py:157} INFO - Started process (PID=420) to work on /home/airflow/.local/lib/python3.7/site-packages/airflow/example_dags/example_nested_branch_dag.py
[2023-06-28T14:19:47.617+0000] {processor.py:826} INFO - Processing file /home/airflow/.local/lib/python3.7/site-packages/airflow/example_dags/example_nested_branch_dag.py for tasks to queue
[2023-06-28T14:19:47.619+0000] {logging_mixin.py:149} INFO - [2023-06-28T14:19:47.618+0000] {dagbag.py:541} INFO - Filling up the DagBag from /home/airflow/.local/lib/python3.7/site-packages/airflow/example_dags/example_nested_branch_dag.py
[2023-06-28T14:19:47.640+0000] {processor.py:836} INFO - DAG(s) dict_keys(['example_nested_branch_dag']) retrieved from /home/airflow/.local/lib/python3.7/site-packages/airflow/example_dags/example_nested_branch_dag.py
[2023-06-28T14:19:47.747+0000] {logging_mixin.py:149} INFO - [2023-06-28T14:19:47.747+0000] {dag.py:2726} INFO - Sync 1 DAGs
[2023-06-28T14:19:48.025+0000] {logging_mixin.py:149} INFO - [2023-06-28T14:19:48.025+0000] {dag.py:3490} INFO - Setting next_dagrun for example_nested_branch_dag to 2023-06-27T00:00:00+00:00, run_after=2023-06-28T00:00:00+00:00
[2023-06-28T14:19:48.176+0000] {processor.py:179} INFO - Processing /home/airflow/.local/lib/python3.7/site-packages/airflow/example_dags/example_nested_branch_dag.py took 0.567 seconds
[2023-06-28T14:20:18.406+0000] {processor.py:157} INFO - Started process (PID=479) to work on /home/airflow/.local/lib/python3.7/site-packages/airflow/example_dags/example_nested_branch_dag.py
[2023-06-28T14:20:18.407+0000] {processor.py:826} INFO - Processing file /home/airflow/.local/lib/python3.7/site-packages/airflow/example_dags/example_nested_branch_dag.py for tasks to queue
[2023-06-28T14:20:18.409+0000] {logging_mixin.py:149} INFO - [2023-06-28T14:20:18.408+0000] {dagbag.py:541} INFO - Filling up the DagBag from /home/airflow/.local/lib/python3.7/site-packages/airflow/example_dags/example_nested_branch_dag.py
[2023-06-28T14:20:18.424+0000] {processor.py:836} INFO - DAG(s) dict_keys(['example_nested_branch_dag']) retrieved from /home/airflow/.local/lib/python3.7/site-packages/airflow/example_dags/example_nested_branch_dag.py
[2023-06-28T14:20:18.487+0000] {logging_mixin.py:149} INFO - [2023-06-28T14:20:18.487+0000] {dag.py:2726} INFO - Sync 1 DAGs
[2023-06-28T14:20:18.534+0000] {logging_mixin.py:149} INFO - [2023-06-28T14:20:18.534+0000] {dag.py:3490} INFO - Setting next_dagrun for example_nested_branch_dag to 2023-06-27T00:00:00+00:00, run_after=2023-06-28T00:00:00+00:00
[2023-06-28T14:20:18.577+0000] {processor.py:179} INFO - Processing /home/airflow/.local/lib/python3.7/site-packages/airflow/example_dags/example_nested_branch_dag.py took 0.175 seconds
[2023-06-28T14:20:48.818+0000] {processor.py:157} INFO - Started process (PID=538) to work on /home/airflow/.local/lib/python3.7/site-packages/airflow/example_dags/example_nested_branch_dag.py
[2023-06-28T14:20:48.820+0000] {processor.py:826} INFO - Processing file /home/airflow/.local/lib/python3.7/site-packages/airflow/example_dags/example_nested_branch_dag.py for tasks to queue
[2023-06-28T14:20:48.822+0000] {logging_mixin.py:149} INFO - [2023-06-28T14:20:48.821+0000] {dagbag.py:541} INFO - Filling up the DagBag from /home/airflow/.local/lib/python3.7/site-packages/airflow/example_dags/example_nested_branch_dag.py
[2023-06-28T14:20:48.839+0000] {processor.py:836} INFO - DAG(s) dict_keys(['example_nested_branch_dag']) retrieved from /home/airflow/.local/lib/python3.7/site-packages/airflow/example_dags/example_nested_branch_dag.py
[2023-06-28T14:20:48.874+0000] {logging_mixin.py:149} INFO - [2023-06-28T14:20:48.873+0000] {dag.py:2726} INFO - Sync 1 DAGs
[2023-06-28T14:20:48.912+0000] {logging_mixin.py:149} INFO - [2023-06-28T14:20:48.912+0000] {dag.py:3490} INFO - Setting next_dagrun for example_nested_branch_dag to 2023-06-27T00:00:00+00:00, run_after=2023-06-28T00:00:00+00:00
[2023-06-28T14:20:48.958+0000] {processor.py:179} INFO - Processing /home/airflow/.local/lib/python3.7/site-packages/airflow/example_dags/example_nested_branch_dag.py took 0.146 seconds
[2023-06-28T14:21:19.783+0000] {processor.py:157} INFO - Started process (PID=605) to work on /home/airflow/.local/lib/python3.7/site-packages/airflow/example_dags/example_nested_branch_dag.py
[2023-06-28T14:21:19.784+0000] {processor.py:826} INFO - Processing file /home/airflow/.local/lib/python3.7/site-packages/airflow/example_dags/example_nested_branch_dag.py for tasks to queue
[2023-06-28T14:21:19.786+0000] {logging_mixin.py:149} INFO - [2023-06-28T14:21:19.785+0000] {dagbag.py:541} INFO - Filling up the DagBag from /home/airflow/.local/lib/python3.7/site-packages/airflow/example_dags/example_nested_branch_dag.py
[2023-06-28T14:21:19.799+0000] {processor.py:836} INFO - DAG(s) dict_keys(['example_nested_branch_dag']) retrieved from /home/airflow/.local/lib/python3.7/site-packages/airflow/example_dags/example_nested_branch_dag.py
[2023-06-28T14:21:19.857+0000] {logging_mixin.py:149} INFO - [2023-06-28T14:21:19.857+0000] {dag.py:2726} INFO - Sync 1 DAGs
[2023-06-28T14:21:19.958+0000] {logging_mixin.py:149} INFO - [2023-06-28T14:21:19.958+0000] {dag.py:3490} INFO - Setting next_dagrun for example_nested_branch_dag to 2023-06-27T00:00:00+00:00, run_after=2023-06-28T00:00:00+00:00
[2023-06-28T14:21:20.006+0000] {processor.py:179} INFO - Processing /home/airflow/.local/lib/python3.7/site-packages/airflow/example_dags/example_nested_branch_dag.py took 0.228 seconds
[2023-06-28T14:21:51.014+0000] {processor.py:157} INFO - Started process (PID=665) to work on /home/airflow/.local/lib/python3.7/site-packages/airflow/example_dags/example_nested_branch_dag.py
[2023-06-28T14:21:51.016+0000] {processor.py:826} INFO - Processing file /home/airflow/.local/lib/python3.7/site-packages/airflow/example_dags/example_nested_branch_dag.py for tasks to queue
[2023-06-28T14:21:51.017+0000] {logging_mixin.py:149} INFO - [2023-06-28T14:21:51.017+0000] {dagbag.py:541} INFO - Filling up the DagBag from /home/airflow/.local/lib/python3.7/site-packages/airflow/example_dags/example_nested_branch_dag.py
[2023-06-28T14:21:51.036+0000] {processor.py:836} INFO - DAG(s) dict_keys(['example_nested_branch_dag']) retrieved from /home/airflow/.local/lib/python3.7/site-packages/airflow/example_dags/example_nested_branch_dag.py
[2023-06-28T14:21:51.076+0000] {logging_mixin.py:149} INFO - [2023-06-28T14:21:51.075+0000] {dag.py:2726} INFO - Sync 1 DAGs
[2023-06-28T14:21:51.118+0000] {logging_mixin.py:149} INFO - [2023-06-28T14:21:51.118+0000] {dag.py:3490} INFO - Setting next_dagrun for example_nested_branch_dag to 2023-06-27T00:00:00+00:00, run_after=2023-06-28T00:00:00+00:00
[2023-06-28T14:21:51.158+0000] {processor.py:179} INFO - Processing /home/airflow/.local/lib/python3.7/site-packages/airflow/example_dags/example_nested_branch_dag.py took 0.151 seconds
[2023-06-28T14:22:21.991+0000] {processor.py:157} INFO - Started process (PID=724) to work on /home/airflow/.local/lib/python3.7/site-packages/airflow/example_dags/example_nested_branch_dag.py
[2023-06-28T14:22:21.993+0000] {processor.py:826} INFO - Processing file /home/airflow/.local/lib/python3.7/site-packages/airflow/example_dags/example_nested_branch_dag.py for tasks to queue
[2023-06-28T14:22:21.994+0000] {logging_mixin.py:149} INFO - [2023-06-28T14:22:21.994+0000] {dagbag.py:541} INFO - Filling up the DagBag from /home/airflow/.local/lib/python3.7/site-packages/airflow/example_dags/example_nested_branch_dag.py
[2023-06-28T14:22:22.008+0000] {processor.py:836} INFO - DAG(s) dict_keys(['example_nested_branch_dag']) retrieved from /home/airflow/.local/lib/python3.7/site-packages/airflow/example_dags/example_nested_branch_dag.py
[2023-06-28T14:22:22.042+0000] {logging_mixin.py:149} INFO - [2023-06-28T14:22:22.042+0000] {dag.py:2726} INFO - Sync 1 DAGs
[2023-06-28T14:22:22.086+0000] {logging_mixin.py:149} INFO - [2023-06-28T14:22:22.086+0000] {dag.py:3490} INFO - Setting next_dagrun for example_nested_branch_dag to 2023-06-27T00:00:00+00:00, run_after=2023-06-28T00:00:00+00:00
[2023-06-28T14:22:22.123+0000] {processor.py:179} INFO - Processing /home/airflow/.local/lib/python3.7/site-packages/airflow/example_dags/example_nested_branch_dag.py took 0.136 seconds
[2023-06-28T14:22:52.350+0000] {processor.py:157} INFO - Started process (PID=783) to work on /home/airflow/.local/lib/python3.7/site-packages/airflow/example_dags/example_nested_branch_dag.py
[2023-06-28T14:22:52.352+0000] {processor.py:826} INFO - Processing file /home/airflow/.local/lib/python3.7/site-packages/airflow/example_dags/example_nested_branch_dag.py for tasks to queue
[2023-06-28T14:22:52.353+0000] {logging_mixin.py:149} INFO - [2023-06-28T14:22:52.353+0000] {dagbag.py:541} INFO - Filling up the DagBag from /home/airflow/.local/lib/python3.7/site-packages/airflow/example_dags/example_nested_branch_dag.py
[2023-06-28T14:22:52.369+0000] {processor.py:836} INFO - DAG(s) dict_keys(['example_nested_branch_dag']) retrieved from /home/airflow/.local/lib/python3.7/site-packages/airflow/example_dags/example_nested_branch_dag.py
[2023-06-28T14:22:52.425+0000] {logging_mixin.py:149} INFO - [2023-06-28T14:22:52.425+0000] {dag.py:2726} INFO - Sync 1 DAGs
[2023-06-28T14:22:52.479+0000] {logging_mixin.py:149} INFO - [2023-06-28T14:22:52.479+0000] {dag.py:3490} INFO - Setting next_dagrun for example_nested_branch_dag to 2023-06-27T00:00:00+00:00, run_after=2023-06-28T00:00:00+00:00
[2023-06-28T14:22:52.527+0000] {processor.py:179} INFO - Processing /home/airflow/.local/lib/python3.7/site-packages/airflow/example_dags/example_nested_branch_dag.py took 0.183 seconds
[2023-06-28T14:23:22.711+0000] {processor.py:157} INFO - Started process (PID=844) to work on /home/airflow/.local/lib/python3.7/site-packages/airflow/example_dags/example_nested_branch_dag.py
[2023-06-28T14:23:22.712+0000] {processor.py:826} INFO - Processing file /home/airflow/.local/lib/python3.7/site-packages/airflow/example_dags/example_nested_branch_dag.py for tasks to queue
[2023-06-28T14:23:22.713+0000] {logging_mixin.py:149} INFO - [2023-06-28T14:23:22.713+0000] {dagbag.py:541} INFO - Filling up the DagBag from /home/airflow/.local/lib/python3.7/site-packages/airflow/example_dags/example_nested_branch_dag.py
[2023-06-28T14:23:22.726+0000] {processor.py:836} INFO - DAG(s) dict_keys(['example_nested_branch_dag']) retrieved from /home/airflow/.local/lib/python3.7/site-packages/airflow/example_dags/example_nested_branch_dag.py
[2023-06-28T14:23:22.762+0000] {logging_mixin.py:149} INFO - [2023-06-28T14:23:22.762+0000] {dag.py:2726} INFO - Sync 1 DAGs
[2023-06-28T14:23:22.798+0000] {logging_mixin.py:149} INFO - [2023-06-28T14:23:22.798+0000] {dag.py:3490} INFO - Setting next_dagrun for example_nested_branch_dag to 2023-06-27T00:00:00+00:00, run_after=2023-06-28T00:00:00+00:00
[2023-06-28T14:23:22.830+0000] {processor.py:179} INFO - Processing /home/airflow/.local/lib/python3.7/site-packages/airflow/example_dags/example_nested_branch_dag.py took 0.123 seconds
[2023-06-28T14:23:53.208+0000] {processor.py:157} INFO - Started process (PID=902) to work on /home/airflow/.local/lib/python3.7/site-packages/airflow/example_dags/example_nested_branch_dag.py
[2023-06-28T14:23:53.209+0000] {processor.py:826} INFO - Processing file /home/airflow/.local/lib/python3.7/site-packages/airflow/example_dags/example_nested_branch_dag.py for tasks to queue
[2023-06-28T14:23:53.211+0000] {logging_mixin.py:149} INFO - [2023-06-28T14:23:53.210+0000] {dagbag.py:541} INFO - Filling up the DagBag from /home/airflow/.local/lib/python3.7/site-packages/airflow/example_dags/example_nested_branch_dag.py
[2023-06-28T14:23:53.226+0000] {processor.py:836} INFO - DAG(s) dict_keys(['example_nested_branch_dag']) retrieved from /home/airflow/.local/lib/python3.7/site-packages/airflow/example_dags/example_nested_branch_dag.py
[2023-06-28T14:23:53.260+0000] {logging_mixin.py:149} INFO - [2023-06-28T14:23:53.260+0000] {dag.py:2726} INFO - Sync 1 DAGs
[2023-06-28T14:23:53.303+0000] {logging_mixin.py:149} INFO - [2023-06-28T14:23:53.303+0000] {dag.py:3490} INFO - Setting next_dagrun for example_nested_branch_dag to 2023-06-27T00:00:00+00:00, run_after=2023-06-28T00:00:00+00:00
[2023-06-28T14:23:53.340+0000] {processor.py:179} INFO - Processing /home/airflow/.local/lib/python3.7/site-packages/airflow/example_dags/example_nested_branch_dag.py took 0.137 seconds
[2023-06-28T14:24:24.225+0000] {processor.py:157} INFO - Started process (PID=960) to work on /home/airflow/.local/lib/python3.7/site-packages/airflow/example_dags/example_nested_branch_dag.py
[2023-06-28T14:24:24.226+0000] {processor.py:826} INFO - Processing file /home/airflow/.local/lib/python3.7/site-packages/airflow/example_dags/example_nested_branch_dag.py for tasks to queue
[2023-06-28T14:24:24.228+0000] {logging_mixin.py:149} INFO - [2023-06-28T14:24:24.227+0000] {dagbag.py:541} INFO - Filling up the DagBag from /home/airflow/.local/lib/python3.7/site-packages/airflow/example_dags/example_nested_branch_dag.py
[2023-06-28T14:24:24.244+0000] {processor.py:836} INFO - DAG(s) dict_keys(['example_nested_branch_dag']) retrieved from /home/airflow/.local/lib/python3.7/site-packages/airflow/example_dags/example_nested_branch_dag.py
[2023-06-28T14:24:24.282+0000] {logging_mixin.py:149} INFO - [2023-06-28T14:24:24.282+0000] {dag.py:2726} INFO - Sync 1 DAGs
[2023-06-28T14:24:24.323+0000] {logging_mixin.py:149} INFO - [2023-06-28T14:24:24.323+0000] {dag.py:3490} INFO - Setting next_dagrun for example_nested_branch_dag to 2023-06-27T00:00:00+00:00, run_after=2023-06-28T00:00:00+00:00
[2023-06-28T14:24:24.358+0000] {processor.py:179} INFO - Processing /home/airflow/.local/lib/python3.7/site-packages/airflow/example_dags/example_nested_branch_dag.py took 0.138 seconds
[2023-06-28T14:24:54.569+0000] {processor.py:157} INFO - Started process (PID=1020) to work on /home/airflow/.local/lib/python3.7/site-packages/airflow/example_dags/example_nested_branch_dag.py
[2023-06-28T14:24:54.571+0000] {processor.py:826} INFO - Processing file /home/airflow/.local/lib/python3.7/site-packages/airflow/example_dags/example_nested_branch_dag.py for tasks to queue
[2023-06-28T14:24:54.572+0000] {logging_mixin.py:149} INFO - [2023-06-28T14:24:54.572+0000] {dagbag.py:541} INFO - Filling up the DagBag from /home/airflow/.local/lib/python3.7/site-packages/airflow/example_dags/example_nested_branch_dag.py
[2023-06-28T14:24:54.585+0000] {processor.py:836} INFO - DAG(s) dict_keys(['example_nested_branch_dag']) retrieved from /home/airflow/.local/lib/python3.7/site-packages/airflow/example_dags/example_nested_branch_dag.py
[2023-06-28T14:24:54.625+0000] {logging_mixin.py:149} INFO - [2023-06-28T14:24:54.625+0000] {dag.py:2726} INFO - Sync 1 DAGs
[2023-06-28T14:24:54.670+0000] {logging_mixin.py:149} INFO - [2023-06-28T14:24:54.670+0000] {dag.py:3490} INFO - Setting next_dagrun for example_nested_branch_dag to 2023-06-27T00:00:00+00:00, run_after=2023-06-28T00:00:00+00:00
[2023-06-28T14:24:54.706+0000] {processor.py:179} INFO - Processing /home/airflow/.local/lib/python3.7/site-packages/airflow/example_dags/example_nested_branch_dag.py took 0.142 seconds
[2023-06-28T14:25:25.033+0000] {processor.py:157} INFO - Started process (PID=1078) to work on /home/airflow/.local/lib/python3.7/site-packages/airflow/example_dags/example_nested_branch_dag.py
[2023-06-28T14:25:25.034+0000] {processor.py:826} INFO - Processing file /home/airflow/.local/lib/python3.7/site-packages/airflow/example_dags/example_nested_branch_dag.py for tasks to queue
[2023-06-28T14:25:25.035+0000] {logging_mixin.py:149} INFO - [2023-06-28T14:25:25.035+0000] {dagbag.py:541} INFO - Filling up the DagBag from /home/airflow/.local/lib/python3.7/site-packages/airflow/example_dags/example_nested_branch_dag.py
[2023-06-28T14:25:25.051+0000] {processor.py:836} INFO - DAG(s) dict_keys(['example_nested_branch_dag']) retrieved from /home/airflow/.local/lib/python3.7/site-packages/airflow/example_dags/example_nested_branch_dag.py
[2023-06-28T14:25:25.094+0000] {logging_mixin.py:149} INFO - [2023-06-28T14:25:25.094+0000] {dag.py:2726} INFO - Sync 1 DAGs
[2023-06-28T14:25:25.136+0000] {logging_mixin.py:149} INFO - [2023-06-28T14:25:25.135+0000] {dag.py:3490} INFO - Setting next_dagrun for example_nested_branch_dag to 2023-06-27T00:00:00+00:00, run_after=2023-06-28T00:00:00+00:00
[2023-06-28T14:25:25.189+0000] {processor.py:179} INFO - Processing /home/airflow/.local/lib/python3.7/site-packages/airflow/example_dags/example_nested_branch_dag.py took 0.160 seconds
[2023-06-28T14:25:55.334+0000] {processor.py:157} INFO - Started process (PID=1137) to work on /home/airflow/.local/lib/python3.7/site-packages/airflow/example_dags/example_nested_branch_dag.py
[2023-06-28T14:25:55.338+0000] {processor.py:826} INFO - Processing file /home/airflow/.local/lib/python3.7/site-packages/airflow/example_dags/example_nested_branch_dag.py for tasks to queue
[2023-06-28T14:25:55.340+0000] {logging_mixin.py:149} INFO - [2023-06-28T14:25:55.339+0000] {dagbag.py:541} INFO - Filling up the DagBag from /home/airflow/.local/lib/python3.7/site-packages/airflow/example_dags/example_nested_branch_dag.py
[2023-06-28T14:25:55.370+0000] {processor.py:836} INFO - DAG(s) dict_keys(['example_nested_branch_dag']) retrieved from /home/airflow/.local/lib/python3.7/site-packages/airflow/example_dags/example_nested_branch_dag.py
[2023-06-28T14:25:55.442+0000] {logging_mixin.py:149} INFO - [2023-06-28T14:25:55.442+0000] {dag.py:2726} INFO - Sync 1 DAGs
[2023-06-28T14:25:55.498+0000] {logging_mixin.py:149} INFO - [2023-06-28T14:25:55.497+0000] {dag.py:3490} INFO - Setting next_dagrun for example_nested_branch_dag to 2023-06-27T00:00:00+00:00, run_after=2023-06-28T00:00:00+00:00
[2023-06-28T14:25:55.537+0000] {processor.py:179} INFO - Processing /home/airflow/.local/lib/python3.7/site-packages/airflow/example_dags/example_nested_branch_dag.py took 0.214 seconds
[2023-06-28T14:26:25.687+0000] {processor.py:157} INFO - Started process (PID=1197) to work on /home/airflow/.local/lib/python3.7/site-packages/airflow/example_dags/example_nested_branch_dag.py
[2023-06-28T14:26:25.689+0000] {processor.py:826} INFO - Processing file /home/airflow/.local/lib/python3.7/site-packages/airflow/example_dags/example_nested_branch_dag.py for tasks to queue
[2023-06-28T14:26:25.690+0000] {logging_mixin.py:149} INFO - [2023-06-28T14:26:25.690+0000] {dagbag.py:541} INFO - Filling up the DagBag from /home/airflow/.local/lib/python3.7/site-packages/airflow/example_dags/example_nested_branch_dag.py
[2023-06-28T14:26:25.708+0000] {processor.py:836} INFO - DAG(s) dict_keys(['example_nested_branch_dag']) retrieved from /home/airflow/.local/lib/python3.7/site-packages/airflow/example_dags/example_nested_branch_dag.py
[2023-06-28T14:26:25.748+0000] {logging_mixin.py:149} INFO - [2023-06-28T14:26:25.748+0000] {dag.py:2726} INFO - Sync 1 DAGs
[2023-06-28T14:26:25.795+0000] {logging_mixin.py:149} INFO - [2023-06-28T14:26:25.794+0000] {dag.py:3490} INFO - Setting next_dagrun for example_nested_branch_dag to 2023-06-27T00:00:00+00:00, run_after=2023-06-28T00:00:00+00:00
[2023-06-28T14:26:25.835+0000] {processor.py:179} INFO - Processing /home/airflow/.local/lib/python3.7/site-packages/airflow/example_dags/example_nested_branch_dag.py took 0.154 seconds
[2023-06-28T14:26:56.062+0000] {processor.py:157} INFO - Started process (PID=1256) to work on /home/airflow/.local/lib/python3.7/site-packages/airflow/example_dags/example_nested_branch_dag.py
[2023-06-28T14:26:56.064+0000] {processor.py:826} INFO - Processing file /home/airflow/.local/lib/python3.7/site-packages/airflow/example_dags/example_nested_branch_dag.py for tasks to queue
[2023-06-28T14:26:56.065+0000] {logging_mixin.py:149} INFO - [2023-06-28T14:26:56.065+0000] {dagbag.py:541} INFO - Filling up the DagBag from /home/airflow/.local/lib/python3.7/site-packages/airflow/example_dags/example_nested_branch_dag.py
[2023-06-28T14:26:56.080+0000] {processor.py:836} INFO - DAG(s) dict_keys(['example_nested_branch_dag']) retrieved from /home/airflow/.local/lib/python3.7/site-packages/airflow/example_dags/example_nested_branch_dag.py
[2023-06-28T14:26:56.116+0000] {logging_mixin.py:149} INFO - [2023-06-28T14:26:56.115+0000] {dag.py:2726} INFO - Sync 1 DAGs
[2023-06-28T14:26:56.155+0000] {logging_mixin.py:149} INFO - [2023-06-28T14:26:56.155+0000] {dag.py:3490} INFO - Setting next_dagrun for example_nested_branch_dag to 2023-06-27T00:00:00+00:00, run_after=2023-06-28T00:00:00+00:00
[2023-06-28T14:26:56.193+0000] {processor.py:179} INFO - Processing /home/airflow/.local/lib/python3.7/site-packages/airflow/example_dags/example_nested_branch_dag.py took 0.136 seconds
[2023-06-28T14:27:26.422+0000] {processor.py:157} INFO - Started process (PID=1315) to work on /home/airflow/.local/lib/python3.7/site-packages/airflow/example_dags/example_nested_branch_dag.py
[2023-06-28T14:27:26.424+0000] {processor.py:826} INFO - Processing file /home/airflow/.local/lib/python3.7/site-packages/airflow/example_dags/example_nested_branch_dag.py for tasks to queue
[2023-06-28T14:27:26.425+0000] {logging_mixin.py:149} INFO - [2023-06-28T14:27:26.425+0000] {dagbag.py:541} INFO - Filling up the DagBag from /home/airflow/.local/lib/python3.7/site-packages/airflow/example_dags/example_nested_branch_dag.py
[2023-06-28T14:27:26.441+0000] {processor.py:836} INFO - DAG(s) dict_keys(['example_nested_branch_dag']) retrieved from /home/airflow/.local/lib/python3.7/site-packages/airflow/example_dags/example_nested_branch_dag.py
[2023-06-28T14:27:26.494+0000] {logging_mixin.py:149} INFO - [2023-06-28T14:27:26.493+0000] {dag.py:2726} INFO - Sync 1 DAGs
[2023-06-28T14:27:26.561+0000] {logging_mixin.py:149} INFO - [2023-06-28T14:27:26.561+0000] {dag.py:3490} INFO - Setting next_dagrun for example_nested_branch_dag to 2023-06-27T00:00:00+00:00, run_after=2023-06-28T00:00:00+00:00
[2023-06-28T14:27:26.624+0000] {processor.py:179} INFO - Processing /home/airflow/.local/lib/python3.7/site-packages/airflow/example_dags/example_nested_branch_dag.py took 0.208 seconds
[2023-06-28T14:27:56.866+0000] {processor.py:157} INFO - Started process (PID=1375) to work on /home/airflow/.local/lib/python3.7/site-packages/airflow/example_dags/example_nested_branch_dag.py
[2023-06-28T14:27:56.871+0000] {processor.py:826} INFO - Processing file /home/airflow/.local/lib/python3.7/site-packages/airflow/example_dags/example_nested_branch_dag.py for tasks to queue
[2023-06-28T14:27:56.875+0000] {logging_mixin.py:149} INFO - [2023-06-28T14:27:56.875+0000] {dagbag.py:541} INFO - Filling up the DagBag from /home/airflow/.local/lib/python3.7/site-packages/airflow/example_dags/example_nested_branch_dag.py
[2023-06-28T14:27:56.894+0000] {processor.py:836} INFO - DAG(s) dict_keys(['example_nested_branch_dag']) retrieved from /home/airflow/.local/lib/python3.7/site-packages/airflow/example_dags/example_nested_branch_dag.py
[2023-06-28T14:27:56.935+0000] {logging_mixin.py:149} INFO - [2023-06-28T14:27:56.935+0000] {dag.py:2726} INFO - Sync 1 DAGs
[2023-06-28T14:27:56.984+0000] {logging_mixin.py:149} INFO - [2023-06-28T14:27:56.984+0000] {dag.py:3490} INFO - Setting next_dagrun for example_nested_branch_dag to 2023-06-27T00:00:00+00:00, run_after=2023-06-28T00:00:00+00:00
[2023-06-28T14:27:57.024+0000] {processor.py:179} INFO - Processing /home/airflow/.local/lib/python3.7/site-packages/airflow/example_dags/example_nested_branch_dag.py took 0.164 seconds
[2023-06-28T14:28:27.107+0000] {processor.py:157} INFO - Started process (PID=1433) to work on /home/airflow/.local/lib/python3.7/site-packages/airflow/example_dags/example_nested_branch_dag.py
[2023-06-28T14:28:27.109+0000] {processor.py:826} INFO - Processing file /home/airflow/.local/lib/python3.7/site-packages/airflow/example_dags/example_nested_branch_dag.py for tasks to queue
[2023-06-28T14:28:27.110+0000] {logging_mixin.py:149} INFO - [2023-06-28T14:28:27.110+0000] {dagbag.py:541} INFO - Filling up the DagBag from /home/airflow/.local/lib/python3.7/site-packages/airflow/example_dags/example_nested_branch_dag.py
[2023-06-28T14:28:27.128+0000] {processor.py:836} INFO - DAG(s) dict_keys(['example_nested_branch_dag']) retrieved from /home/airflow/.local/lib/python3.7/site-packages/airflow/example_dags/example_nested_branch_dag.py
[2023-06-28T14:28:27.173+0000] {logging_mixin.py:149} INFO - [2023-06-28T14:28:27.172+0000] {dag.py:2726} INFO - Sync 1 DAGs
[2023-06-28T14:28:27.221+0000] {logging_mixin.py:149} INFO - [2023-06-28T14:28:27.220+0000] {dag.py:3490} INFO - Setting next_dagrun for example_nested_branch_dag to 2023-06-27T00:00:00+00:00, run_after=2023-06-28T00:00:00+00:00
[2023-06-28T14:28:27.259+0000] {processor.py:179} INFO - Processing /home/airflow/.local/lib/python3.7/site-packages/airflow/example_dags/example_nested_branch_dag.py took 0.155 seconds
[2023-06-28T14:28:57.945+0000] {processor.py:157} INFO - Started process (PID=1493) to work on /home/airflow/.local/lib/python3.7/site-packages/airflow/example_dags/example_nested_branch_dag.py
[2023-06-28T14:28:57.947+0000] {processor.py:826} INFO - Processing file /home/airflow/.local/lib/python3.7/site-packages/airflow/example_dags/example_nested_branch_dag.py for tasks to queue
[2023-06-28T14:28:57.948+0000] {logging_mixin.py:149} INFO - [2023-06-28T14:28:57.948+0000] {dagbag.py:541} INFO - Filling up the DagBag from /home/airflow/.local/lib/python3.7/site-packages/airflow/example_dags/example_nested_branch_dag.py
[2023-06-28T14:28:57.967+0000] {processor.py:836} INFO - DAG(s) dict_keys(['example_nested_branch_dag']) retrieved from /home/airflow/.local/lib/python3.7/site-packages/airflow/example_dags/example_nested_branch_dag.py
[2023-06-28T14:28:58.010+0000] {logging_mixin.py:149} INFO - [2023-06-28T14:28:58.010+0000] {dag.py:2726} INFO - Sync 1 DAGs
[2023-06-28T14:28:58.054+0000] {logging_mixin.py:149} INFO - [2023-06-28T14:28:58.054+0000] {dag.py:3490} INFO - Setting next_dagrun for example_nested_branch_dag to 2023-06-27T00:00:00+00:00, run_after=2023-06-28T00:00:00+00:00
[2023-06-28T14:28:58.088+0000] {processor.py:179} INFO - Processing /home/airflow/.local/lib/python3.7/site-packages/airflow/example_dags/example_nested_branch_dag.py took 0.148 seconds
[2023-06-28T14:29:28.433+0000] {processor.py:157} INFO - Started process (PID=1553) to work on /home/airflow/.local/lib/python3.7/site-packages/airflow/example_dags/example_nested_branch_dag.py
[2023-06-28T14:29:28.435+0000] {processor.py:826} INFO - Processing file /home/airflow/.local/lib/python3.7/site-packages/airflow/example_dags/example_nested_branch_dag.py for tasks to queue
[2023-06-28T14:29:28.437+0000] {logging_mixin.py:149} INFO - [2023-06-28T14:29:28.437+0000] {dagbag.py:541} INFO - Filling up the DagBag from /home/airflow/.local/lib/python3.7/site-packages/airflow/example_dags/example_nested_branch_dag.py
[2023-06-28T14:29:28.459+0000] {processor.py:836} INFO - DAG(s) dict_keys(['example_nested_branch_dag']) retrieved from /home/airflow/.local/lib/python3.7/site-packages/airflow/example_dags/example_nested_branch_dag.py
[2023-06-28T14:29:28.509+0000] {logging_mixin.py:149} INFO - [2023-06-28T14:29:28.509+0000] {dag.py:2726} INFO - Sync 1 DAGs
[2023-06-28T14:29:28.548+0000] {logging_mixin.py:149} INFO - [2023-06-28T14:29:28.548+0000] {dag.py:3490} INFO - Setting next_dagrun for example_nested_branch_dag to 2023-06-27T00:00:00+00:00, run_after=2023-06-28T00:00:00+00:00
[2023-06-28T14:29:28.587+0000] {processor.py:179} INFO - Processing /home/airflow/.local/lib/python3.7/site-packages/airflow/example_dags/example_nested_branch_dag.py took 0.160 seconds
[2023-06-28T14:29:59.017+0000] {processor.py:157} INFO - Started process (PID=1612) to work on /home/airflow/.local/lib/python3.7/site-packages/airflow/example_dags/example_nested_branch_dag.py
[2023-06-28T14:29:59.019+0000] {processor.py:826} INFO - Processing file /home/airflow/.local/lib/python3.7/site-packages/airflow/example_dags/example_nested_branch_dag.py for tasks to queue
[2023-06-28T14:29:59.020+0000] {logging_mixin.py:149} INFO - [2023-06-28T14:29:59.020+0000] {dagbag.py:541} INFO - Filling up the DagBag from /home/airflow/.local/lib/python3.7/site-packages/airflow/example_dags/example_nested_branch_dag.py
[2023-06-28T14:29:59.035+0000] {processor.py:836} INFO - DAG(s) dict_keys(['example_nested_branch_dag']) retrieved from /home/airflow/.local/lib/python3.7/site-packages/airflow/example_dags/example_nested_branch_dag.py
[2023-06-28T14:29:59.076+0000] {logging_mixin.py:149} INFO - [2023-06-28T14:29:59.076+0000] {dag.py:2726} INFO - Sync 1 DAGs
[2023-06-28T14:29:59.114+0000] {logging_mixin.py:149} INFO - [2023-06-28T14:29:59.114+0000] {dag.py:3490} INFO - Setting next_dagrun for example_nested_branch_dag to 2023-06-27T00:00:00+00:00, run_after=2023-06-28T00:00:00+00:00
[2023-06-28T14:29:59.151+0000] {processor.py:179} INFO - Processing /home/airflow/.local/lib/python3.7/site-packages/airflow/example_dags/example_nested_branch_dag.py took 0.137 seconds
[2023-06-28T14:30:29.571+0000] {processor.py:157} INFO - Started process (PID=1671) to work on /home/airflow/.local/lib/python3.7/site-packages/airflow/example_dags/example_nested_branch_dag.py
[2023-06-28T14:30:29.573+0000] {processor.py:826} INFO - Processing file /home/airflow/.local/lib/python3.7/site-packages/airflow/example_dags/example_nested_branch_dag.py for tasks to queue
[2023-06-28T14:30:29.574+0000] {logging_mixin.py:149} INFO - [2023-06-28T14:30:29.574+0000] {dagbag.py:541} INFO - Filling up the DagBag from /home/airflow/.local/lib/python3.7/site-packages/airflow/example_dags/example_nested_branch_dag.py
[2023-06-28T14:30:29.592+0000] {processor.py:836} INFO - DAG(s) dict_keys(['example_nested_branch_dag']) retrieved from /home/airflow/.local/lib/python3.7/site-packages/airflow/example_dags/example_nested_branch_dag.py
[2023-06-28T14:30:29.631+0000] {logging_mixin.py:149} INFO - [2023-06-28T14:30:29.630+0000] {dag.py:2726} INFO - Sync 1 DAGs
[2023-06-28T14:30:29.673+0000] {logging_mixin.py:149} INFO - [2023-06-28T14:30:29.673+0000] {dag.py:3490} INFO - Setting next_dagrun for example_nested_branch_dag to 2023-06-27T00:00:00+00:00, run_after=2023-06-28T00:00:00+00:00
[2023-06-28T14:30:29.712+0000] {processor.py:179} INFO - Processing /home/airflow/.local/lib/python3.7/site-packages/airflow/example_dags/example_nested_branch_dag.py took 0.147 seconds
[2023-06-28T14:31:00.249+0000] {processor.py:157} INFO - Started process (PID=1730) to work on /home/airflow/.local/lib/python3.7/site-packages/airflow/example_dags/example_nested_branch_dag.py
[2023-06-28T14:31:00.251+0000] {processor.py:826} INFO - Processing file /home/airflow/.local/lib/python3.7/site-packages/airflow/example_dags/example_nested_branch_dag.py for tasks to queue
[2023-06-28T14:31:00.253+0000] {logging_mixin.py:149} INFO - [2023-06-28T14:31:00.252+0000] {dagbag.py:541} INFO - Filling up the DagBag from /home/airflow/.local/lib/python3.7/site-packages/airflow/example_dags/example_nested_branch_dag.py
[2023-06-28T14:31:00.270+0000] {processor.py:836} INFO - DAG(s) dict_keys(['example_nested_branch_dag']) retrieved from /home/airflow/.local/lib/python3.7/site-packages/airflow/example_dags/example_nested_branch_dag.py
[2023-06-28T14:31:00.309+0000] {logging_mixin.py:149} INFO - [2023-06-28T14:31:00.308+0000] {dag.py:2726} INFO - Sync 1 DAGs
[2023-06-28T14:31:00.351+0000] {logging_mixin.py:149} INFO - [2023-06-28T14:31:00.350+0000] {dag.py:3490} INFO - Setting next_dagrun for example_nested_branch_dag to 2023-06-27T00:00:00+00:00, run_after=2023-06-28T00:00:00+00:00
[2023-06-28T14:31:00.387+0000] {processor.py:179} INFO - Processing /home/airflow/.local/lib/python3.7/site-packages/airflow/example_dags/example_nested_branch_dag.py took 0.144 seconds
[2023-06-28T14:31:30.813+0000] {processor.py:157} INFO - Started process (PID=1790) to work on /home/airflow/.local/lib/python3.7/site-packages/airflow/example_dags/example_nested_branch_dag.py
[2023-06-28T14:31:30.814+0000] {processor.py:826} INFO - Processing file /home/airflow/.local/lib/python3.7/site-packages/airflow/example_dags/example_nested_branch_dag.py for tasks to queue
[2023-06-28T14:31:30.816+0000] {logging_mixin.py:149} INFO - [2023-06-28T14:31:30.815+0000] {dagbag.py:541} INFO - Filling up the DagBag from /home/airflow/.local/lib/python3.7/site-packages/airflow/example_dags/example_nested_branch_dag.py
[2023-06-28T14:31:30.830+0000] {processor.py:836} INFO - DAG(s) dict_keys(['example_nested_branch_dag']) retrieved from /home/airflow/.local/lib/python3.7/site-packages/airflow/example_dags/example_nested_branch_dag.py
[2023-06-28T14:31:30.866+0000] {logging_mixin.py:149} INFO - [2023-06-28T14:31:30.866+0000] {dag.py:2726} INFO - Sync 1 DAGs
[2023-06-28T14:31:30.906+0000] {logging_mixin.py:149} INFO - [2023-06-28T14:31:30.905+0000] {dag.py:3490} INFO - Setting next_dagrun for example_nested_branch_dag to 2023-06-27T00:00:00+00:00, run_after=2023-06-28T00:00:00+00:00
[2023-06-28T14:31:30.945+0000] {processor.py:179} INFO - Processing /home/airflow/.local/lib/python3.7/site-packages/airflow/example_dags/example_nested_branch_dag.py took 0.137 seconds
[2023-06-28T14:32:01.031+0000] {processor.py:157} INFO - Started process (PID=1849) to work on /home/airflow/.local/lib/python3.7/site-packages/airflow/example_dags/example_nested_branch_dag.py
[2023-06-28T14:32:01.033+0000] {processor.py:826} INFO - Processing file /home/airflow/.local/lib/python3.7/site-packages/airflow/example_dags/example_nested_branch_dag.py for tasks to queue
[2023-06-28T14:32:01.034+0000] {logging_mixin.py:149} INFO - [2023-06-28T14:32:01.034+0000] {dagbag.py:541} INFO - Filling up the DagBag from /home/airflow/.local/lib/python3.7/site-packages/airflow/example_dags/example_nested_branch_dag.py
[2023-06-28T14:32:01.047+0000] {processor.py:836} INFO - DAG(s) dict_keys(['example_nested_branch_dag']) retrieved from /home/airflow/.local/lib/python3.7/site-packages/airflow/example_dags/example_nested_branch_dag.py
[2023-06-28T14:32:01.086+0000] {logging_mixin.py:149} INFO - [2023-06-28T14:32:01.086+0000] {dag.py:2726} INFO - Sync 1 DAGs
[2023-06-28T14:32:01.132+0000] {logging_mixin.py:149} INFO - [2023-06-28T14:32:01.132+0000] {dag.py:3490} INFO - Setting next_dagrun for example_nested_branch_dag to 2023-06-27T00:00:00+00:00, run_after=2023-06-28T00:00:00+00:00
[2023-06-28T14:32:01.172+0000] {processor.py:179} INFO - Processing /home/airflow/.local/lib/python3.7/site-packages/airflow/example_dags/example_nested_branch_dag.py took 0.145 seconds
[2023-06-28T14:32:31.273+0000] {processor.py:157} INFO - Started process (PID=1907) to work on /home/airflow/.local/lib/python3.7/site-packages/airflow/example_dags/example_nested_branch_dag.py
[2023-06-28T14:32:31.274+0000] {processor.py:826} INFO - Processing file /home/airflow/.local/lib/python3.7/site-packages/airflow/example_dags/example_nested_branch_dag.py for tasks to queue
[2023-06-28T14:32:31.276+0000] {logging_mixin.py:149} INFO - [2023-06-28T14:32:31.275+0000] {dagbag.py:541} INFO - Filling up the DagBag from /home/airflow/.local/lib/python3.7/site-packages/airflow/example_dags/example_nested_branch_dag.py
[2023-06-28T14:32:31.291+0000] {processor.py:836} INFO - DAG(s) dict_keys(['example_nested_branch_dag']) retrieved from /home/airflow/.local/lib/python3.7/site-packages/airflow/example_dags/example_nested_branch_dag.py
[2023-06-28T14:32:31.338+0000] {logging_mixin.py:149} INFO - [2023-06-28T14:32:31.338+0000] {dag.py:2726} INFO - Sync 1 DAGs
[2023-06-28T14:32:31.382+0000] {logging_mixin.py:149} INFO - [2023-06-28T14:32:31.382+0000] {dag.py:3490} INFO - Setting next_dagrun for example_nested_branch_dag to 2023-06-27T00:00:00+00:00, run_after=2023-06-28T00:00:00+00:00
[2023-06-28T14:32:31.419+0000] {processor.py:179} INFO - Processing /home/airflow/.local/lib/python3.7/site-packages/airflow/example_dags/example_nested_branch_dag.py took 0.151 seconds
[2023-06-28T14:33:02.299+0000] {processor.py:157} INFO - Started process (PID=1965) to work on /home/airflow/.local/lib/python3.7/site-packages/airflow/example_dags/example_nested_branch_dag.py
[2023-06-28T14:33:02.301+0000] {processor.py:826} INFO - Processing file /home/airflow/.local/lib/python3.7/site-packages/airflow/example_dags/example_nested_branch_dag.py for tasks to queue
[2023-06-28T14:33:02.302+0000] {logging_mixin.py:149} INFO - [2023-06-28T14:33:02.302+0000] {dagbag.py:541} INFO - Filling up the DagBag from /home/airflow/.local/lib/python3.7/site-packages/airflow/example_dags/example_nested_branch_dag.py
[2023-06-28T14:33:02.322+0000] {processor.py:836} INFO - DAG(s) dict_keys(['example_nested_branch_dag']) retrieved from /home/airflow/.local/lib/python3.7/site-packages/airflow/example_dags/example_nested_branch_dag.py
[2023-06-28T14:33:02.369+0000] {logging_mixin.py:149} INFO - [2023-06-28T14:33:02.368+0000] {dag.py:2726} INFO - Sync 1 DAGs
[2023-06-28T14:33:02.417+0000] {logging_mixin.py:149} INFO - [2023-06-28T14:33:02.417+0000] {dag.py:3490} INFO - Setting next_dagrun for example_nested_branch_dag to 2023-06-27T00:00:00+00:00, run_after=2023-06-28T00:00:00+00:00
[2023-06-28T14:33:02.454+0000] {processor.py:179} INFO - Processing /home/airflow/.local/lib/python3.7/site-packages/airflow/example_dags/example_nested_branch_dag.py took 0.159 seconds
[2023-06-28T14:33:32.770+0000] {processor.py:157} INFO - Started process (PID=2023) to work on /home/airflow/.local/lib/python3.7/site-packages/airflow/example_dags/example_nested_branch_dag.py
[2023-06-28T14:33:32.772+0000] {processor.py:826} INFO - Processing file /home/airflow/.local/lib/python3.7/site-packages/airflow/example_dags/example_nested_branch_dag.py for tasks to queue
[2023-06-28T14:33:32.774+0000] {logging_mixin.py:149} INFO - [2023-06-28T14:33:32.773+0000] {dagbag.py:541} INFO - Filling up the DagBag from /home/airflow/.local/lib/python3.7/site-packages/airflow/example_dags/example_nested_branch_dag.py
[2023-06-28T14:33:32.794+0000] {processor.py:836} INFO - DAG(s) dict_keys(['example_nested_branch_dag']) retrieved from /home/airflow/.local/lib/python3.7/site-packages/airflow/example_dags/example_nested_branch_dag.py
[2023-06-28T14:33:32.840+0000] {logging_mixin.py:149} INFO - [2023-06-28T14:33:32.840+0000] {dag.py:2726} INFO - Sync 1 DAGs
[2023-06-28T14:33:32.889+0000] {logging_mixin.py:149} INFO - [2023-06-28T14:33:32.889+0000] {dag.py:3490} INFO - Setting next_dagrun for example_nested_branch_dag to 2023-06-27T00:00:00+00:00, run_after=2023-06-28T00:00:00+00:00
[2023-06-28T14:33:32.932+0000] {processor.py:179} INFO - Processing /home/airflow/.local/lib/python3.7/site-packages/airflow/example_dags/example_nested_branch_dag.py took 0.167 seconds
[2023-06-28T14:34:03.110+0000] {processor.py:157} INFO - Started process (PID=2082) to work on /home/airflow/.local/lib/python3.7/site-packages/airflow/example_dags/example_nested_branch_dag.py
[2023-06-28T14:34:03.111+0000] {processor.py:826} INFO - Processing file /home/airflow/.local/lib/python3.7/site-packages/airflow/example_dags/example_nested_branch_dag.py for tasks to queue
[2023-06-28T14:34:03.113+0000] {logging_mixin.py:149} INFO - [2023-06-28T14:34:03.112+0000] {dagbag.py:541} INFO - Filling up the DagBag from /home/airflow/.local/lib/python3.7/site-packages/airflow/example_dags/example_nested_branch_dag.py
[2023-06-28T14:34:03.126+0000] {processor.py:836} INFO - DAG(s) dict_keys(['example_nested_branch_dag']) retrieved from /home/airflow/.local/lib/python3.7/site-packages/airflow/example_dags/example_nested_branch_dag.py
[2023-06-28T14:34:03.168+0000] {logging_mixin.py:149} INFO - [2023-06-28T14:34:03.167+0000] {dag.py:2726} INFO - Sync 1 DAGs
[2023-06-28T14:34:03.209+0000] {logging_mixin.py:149} INFO - [2023-06-28T14:34:03.209+0000] {dag.py:3490} INFO - Setting next_dagrun for example_nested_branch_dag to 2023-06-27T00:00:00+00:00, run_after=2023-06-28T00:00:00+00:00
[2023-06-28T14:34:03.247+0000] {processor.py:179} INFO - Processing /home/airflow/.local/lib/python3.7/site-packages/airflow/example_dags/example_nested_branch_dag.py took 0.143 seconds
[2023-06-28T14:34:33.652+0000] {processor.py:157} INFO - Started process (PID=2141) to work on /home/airflow/.local/lib/python3.7/site-packages/airflow/example_dags/example_nested_branch_dag.py
[2023-06-28T14:34:33.655+0000] {processor.py:826} INFO - Processing file /home/airflow/.local/lib/python3.7/site-packages/airflow/example_dags/example_nested_branch_dag.py for tasks to queue
[2023-06-28T14:34:33.656+0000] {logging_mixin.py:149} INFO - [2023-06-28T14:34:33.656+0000] {dagbag.py:541} INFO - Filling up the DagBag from /home/airflow/.local/lib/python3.7/site-packages/airflow/example_dags/example_nested_branch_dag.py
[2023-06-28T14:34:33.672+0000] {processor.py:836} INFO - DAG(s) dict_keys(['example_nested_branch_dag']) retrieved from /home/airflow/.local/lib/python3.7/site-packages/airflow/example_dags/example_nested_branch_dag.py
[2023-06-28T14:34:33.717+0000] {logging_mixin.py:149} INFO - [2023-06-28T14:34:33.716+0000] {dag.py:2726} INFO - Sync 1 DAGs
[2023-06-28T14:34:33.762+0000] {logging_mixin.py:149} INFO - [2023-06-28T14:34:33.762+0000] {dag.py:3490} INFO - Setting next_dagrun for example_nested_branch_dag to 2023-06-27T00:00:00+00:00, run_after=2023-06-28T00:00:00+00:00
[2023-06-28T14:34:33.800+0000] {processor.py:179} INFO - Processing /home/airflow/.local/lib/python3.7/site-packages/airflow/example_dags/example_nested_branch_dag.py took 0.154 seconds
[2023-06-28T14:35:03.847+0000] {processor.py:157} INFO - Started process (PID=2201) to work on /home/airflow/.local/lib/python3.7/site-packages/airflow/example_dags/example_nested_branch_dag.py
[2023-06-28T14:35:03.849+0000] {processor.py:826} INFO - Processing file /home/airflow/.local/lib/python3.7/site-packages/airflow/example_dags/example_nested_branch_dag.py for tasks to queue
[2023-06-28T14:35:03.851+0000] {logging_mixin.py:149} INFO - [2023-06-28T14:35:03.851+0000] {dagbag.py:541} INFO - Filling up the DagBag from /home/airflow/.local/lib/python3.7/site-packages/airflow/example_dags/example_nested_branch_dag.py
[2023-06-28T14:35:03.866+0000] {processor.py:836} INFO - DAG(s) dict_keys(['example_nested_branch_dag']) retrieved from /home/airflow/.local/lib/python3.7/site-packages/airflow/example_dags/example_nested_branch_dag.py
[2023-06-28T14:35:03.908+0000] {logging_mixin.py:149} INFO - [2023-06-28T14:35:03.908+0000] {dag.py:2726} INFO - Sync 1 DAGs
[2023-06-28T14:35:03.953+0000] {logging_mixin.py:149} INFO - [2023-06-28T14:35:03.953+0000] {dag.py:3490} INFO - Setting next_dagrun for example_nested_branch_dag to 2023-06-27T00:00:00+00:00, run_after=2023-06-28T00:00:00+00:00
[2023-06-28T14:35:03.992+0000] {processor.py:179} INFO - Processing /home/airflow/.local/lib/python3.7/site-packages/airflow/example_dags/example_nested_branch_dag.py took 0.151 seconds
[2023-06-28T14:35:34.298+0000] {processor.py:157} INFO - Started process (PID=2260) to work on /home/airflow/.local/lib/python3.7/site-packages/airflow/example_dags/example_nested_branch_dag.py
[2023-06-28T14:35:34.302+0000] {processor.py:826} INFO - Processing file /home/airflow/.local/lib/python3.7/site-packages/airflow/example_dags/example_nested_branch_dag.py for tasks to queue
[2023-06-28T14:35:34.304+0000] {logging_mixin.py:149} INFO - [2023-06-28T14:35:34.304+0000] {dagbag.py:541} INFO - Filling up the DagBag from /home/airflow/.local/lib/python3.7/site-packages/airflow/example_dags/example_nested_branch_dag.py
[2023-06-28T14:35:34.318+0000] {processor.py:836} INFO - DAG(s) dict_keys(['example_nested_branch_dag']) retrieved from /home/airflow/.local/lib/python3.7/site-packages/airflow/example_dags/example_nested_branch_dag.py
[2023-06-28T14:35:34.355+0000] {logging_mixin.py:149} INFO - [2023-06-28T14:35:34.354+0000] {dag.py:2726} INFO - Sync 1 DAGs
[2023-06-28T14:35:34.399+0000] {logging_mixin.py:149} INFO - [2023-06-28T14:35:34.398+0000] {dag.py:3490} INFO - Setting next_dagrun for example_nested_branch_dag to 2023-06-27T00:00:00+00:00, run_after=2023-06-28T00:00:00+00:00
[2023-06-28T14:35:34.439+0000] {processor.py:179} INFO - Processing /home/airflow/.local/lib/python3.7/site-packages/airflow/example_dags/example_nested_branch_dag.py took 0.146 seconds
[2023-06-28T14:36:04.597+0000] {processor.py:157} INFO - Started process (PID=2315) to work on /home/airflow/.local/lib/python3.7/site-packages/airflow/example_dags/example_nested_branch_dag.py
[2023-06-28T14:36:04.598+0000] {processor.py:826} INFO - Processing file /home/airflow/.local/lib/python3.7/site-packages/airflow/example_dags/example_nested_branch_dag.py for tasks to queue
[2023-06-28T14:36:04.600+0000] {logging_mixin.py:149} INFO - [2023-06-28T14:36:04.600+0000] {dagbag.py:541} INFO - Filling up the DagBag from /home/airflow/.local/lib/python3.7/site-packages/airflow/example_dags/example_nested_branch_dag.py
[2023-06-28T14:36:04.615+0000] {processor.py:836} INFO - DAG(s) dict_keys(['example_nested_branch_dag']) retrieved from /home/airflow/.local/lib/python3.7/site-packages/airflow/example_dags/example_nested_branch_dag.py
[2023-06-28T14:36:04.659+0000] {logging_mixin.py:149} INFO - [2023-06-28T14:36:04.659+0000] {dag.py:2726} INFO - Sync 1 DAGs
[2023-06-28T14:36:04.707+0000] {logging_mixin.py:149} INFO - [2023-06-28T14:36:04.707+0000] {dag.py:3490} INFO - Setting next_dagrun for example_nested_branch_dag to 2023-06-27T00:00:00+00:00, run_after=2023-06-28T00:00:00+00:00
[2023-06-28T14:36:04.746+0000] {processor.py:179} INFO - Processing /home/airflow/.local/lib/python3.7/site-packages/airflow/example_dags/example_nested_branch_dag.py took 0.154 seconds
[2023-06-28T14:36:34.955+0000] {processor.py:157} INFO - Started process (PID=2374) to work on /home/airflow/.local/lib/python3.7/site-packages/airflow/example_dags/example_nested_branch_dag.py
[2023-06-28T14:36:34.956+0000] {processor.py:826} INFO - Processing file /home/airflow/.local/lib/python3.7/site-packages/airflow/example_dags/example_nested_branch_dag.py for tasks to queue
[2023-06-28T14:36:34.958+0000] {logging_mixin.py:149} INFO - [2023-06-28T14:36:34.957+0000] {dagbag.py:541} INFO - Filling up the DagBag from /home/airflow/.local/lib/python3.7/site-packages/airflow/example_dags/example_nested_branch_dag.py
[2023-06-28T14:36:34.976+0000] {processor.py:836} INFO - DAG(s) dict_keys(['example_nested_branch_dag']) retrieved from /home/airflow/.local/lib/python3.7/site-packages/airflow/example_dags/example_nested_branch_dag.py
[2023-06-28T14:36:35.011+0000] {logging_mixin.py:149} INFO - [2023-06-28T14:36:35.011+0000] {dag.py:2726} INFO - Sync 1 DAGs
[2023-06-28T14:36:35.048+0000] {logging_mixin.py:149} INFO - [2023-06-28T14:36:35.048+0000] {dag.py:3490} INFO - Setting next_dagrun for example_nested_branch_dag to 2023-06-27T00:00:00+00:00, run_after=2023-06-28T00:00:00+00:00
[2023-06-28T14:36:35.082+0000] {processor.py:179} INFO - Processing /home/airflow/.local/lib/python3.7/site-packages/airflow/example_dags/example_nested_branch_dag.py took 0.133 seconds
[2023-06-28T14:37:05.379+0000] {processor.py:157} INFO - Started process (PID=2433) to work on /home/airflow/.local/lib/python3.7/site-packages/airflow/example_dags/example_nested_branch_dag.py
[2023-06-28T14:37:05.384+0000] {processor.py:826} INFO - Processing file /home/airflow/.local/lib/python3.7/site-packages/airflow/example_dags/example_nested_branch_dag.py for tasks to queue
[2023-06-28T14:37:05.385+0000] {logging_mixin.py:149} INFO - [2023-06-28T14:37:05.385+0000] {dagbag.py:541} INFO - Filling up the DagBag from /home/airflow/.local/lib/python3.7/site-packages/airflow/example_dags/example_nested_branch_dag.py
[2023-06-28T14:37:05.414+0000] {processor.py:836} INFO - DAG(s) dict_keys(['example_nested_branch_dag']) retrieved from /home/airflow/.local/lib/python3.7/site-packages/airflow/example_dags/example_nested_branch_dag.py
[2023-06-28T14:37:05.460+0000] {logging_mixin.py:149} INFO - [2023-06-28T14:37:05.460+0000] {dag.py:2726} INFO - Sync 1 DAGs
[2023-06-28T14:37:05.505+0000] {logging_mixin.py:149} INFO - [2023-06-28T14:37:05.505+0000] {dag.py:3490} INFO - Setting next_dagrun for example_nested_branch_dag to 2023-06-27T00:00:00+00:00, run_after=2023-06-28T00:00:00+00:00
[2023-06-28T14:37:05.546+0000] {processor.py:179} INFO - Processing /home/airflow/.local/lib/python3.7/site-packages/airflow/example_dags/example_nested_branch_dag.py took 0.173 seconds
[2023-06-28T14:37:35.732+0000] {processor.py:157} INFO - Started process (PID=2492) to work on /home/airflow/.local/lib/python3.7/site-packages/airflow/example_dags/example_nested_branch_dag.py
[2023-06-28T14:37:35.734+0000] {processor.py:826} INFO - Processing file /home/airflow/.local/lib/python3.7/site-packages/airflow/example_dags/example_nested_branch_dag.py for tasks to queue
[2023-06-28T14:37:35.735+0000] {logging_mixin.py:149} INFO - [2023-06-28T14:37:35.735+0000] {dagbag.py:541} INFO - Filling up the DagBag from /home/airflow/.local/lib/python3.7/site-packages/airflow/example_dags/example_nested_branch_dag.py
[2023-06-28T14:37:35.753+0000] {processor.py:836} INFO - DAG(s) dict_keys(['example_nested_branch_dag']) retrieved from /home/airflow/.local/lib/python3.7/site-packages/airflow/example_dags/example_nested_branch_dag.py
[2023-06-28T14:37:35.801+0000] {logging_mixin.py:149} INFO - [2023-06-28T14:37:35.800+0000] {dag.py:2726} INFO - Sync 1 DAGs
[2023-06-28T14:37:35.847+0000] {logging_mixin.py:149} INFO - [2023-06-28T14:37:35.846+0000] {dag.py:3490} INFO - Setting next_dagrun for example_nested_branch_dag to 2023-06-27T00:00:00+00:00, run_after=2023-06-28T00:00:00+00:00
[2023-06-28T14:37:35.886+0000] {processor.py:179} INFO - Processing /home/airflow/.local/lib/python3.7/site-packages/airflow/example_dags/example_nested_branch_dag.py took 0.160 seconds
[2023-06-28T14:38:06.054+0000] {processor.py:157} INFO - Started process (PID=2552) to work on /home/airflow/.local/lib/python3.7/site-packages/airflow/example_dags/example_nested_branch_dag.py
[2023-06-28T14:38:06.055+0000] {processor.py:826} INFO - Processing file /home/airflow/.local/lib/python3.7/site-packages/airflow/example_dags/example_nested_branch_dag.py for tasks to queue
[2023-06-28T14:38:06.057+0000] {logging_mixin.py:149} INFO - [2023-06-28T14:38:06.057+0000] {dagbag.py:541} INFO - Filling up the DagBag from /home/airflow/.local/lib/python3.7/site-packages/airflow/example_dags/example_nested_branch_dag.py
[2023-06-28T14:38:06.072+0000] {processor.py:836} INFO - DAG(s) dict_keys(['example_nested_branch_dag']) retrieved from /home/airflow/.local/lib/python3.7/site-packages/airflow/example_dags/example_nested_branch_dag.py
[2023-06-28T14:38:06.111+0000] {logging_mixin.py:149} INFO - [2023-06-28T14:38:06.110+0000] {dag.py:2726} INFO - Sync 1 DAGs
[2023-06-28T14:38:06.151+0000] {logging_mixin.py:149} INFO - [2023-06-28T14:38:06.151+0000] {dag.py:3490} INFO - Setting next_dagrun for example_nested_branch_dag to 2023-06-27T00:00:00+00:00, run_after=2023-06-28T00:00:00+00:00
[2023-06-28T14:38:06.187+0000] {processor.py:179} INFO - Processing /home/airflow/.local/lib/python3.7/site-packages/airflow/example_dags/example_nested_branch_dag.py took 0.138 seconds
[2023-06-28T14:38:36.529+0000] {processor.py:157} INFO - Started process (PID=2611) to work on /home/airflow/.local/lib/python3.7/site-packages/airflow/example_dags/example_nested_branch_dag.py
[2023-06-28T14:38:36.536+0000] {processor.py:826} INFO - Processing file /home/airflow/.local/lib/python3.7/site-packages/airflow/example_dags/example_nested_branch_dag.py for tasks to queue
[2023-06-28T14:38:36.538+0000] {logging_mixin.py:149} INFO - [2023-06-28T14:38:36.538+0000] {dagbag.py:541} INFO - Filling up the DagBag from /home/airflow/.local/lib/python3.7/site-packages/airflow/example_dags/example_nested_branch_dag.py
[2023-06-28T14:38:36.557+0000] {processor.py:836} INFO - DAG(s) dict_keys(['example_nested_branch_dag']) retrieved from /home/airflow/.local/lib/python3.7/site-packages/airflow/example_dags/example_nested_branch_dag.py
[2023-06-28T14:38:36.607+0000] {logging_mixin.py:149} INFO - [2023-06-28T14:38:36.607+0000] {dag.py:2726} INFO - Sync 1 DAGs
[2023-06-28T14:38:36.658+0000] {logging_mixin.py:149} INFO - [2023-06-28T14:38:36.658+0000] {dag.py:3490} INFO - Setting next_dagrun for example_nested_branch_dag to 2023-06-27T00:00:00+00:00, run_after=2023-06-28T00:00:00+00:00
[2023-06-28T14:38:36.706+0000] {processor.py:179} INFO - Processing /home/airflow/.local/lib/python3.7/site-packages/airflow/example_dags/example_nested_branch_dag.py took 0.183 seconds
[2023-06-28T14:39:06.918+0000] {processor.py:157} INFO - Started process (PID=2670) to work on /home/airflow/.local/lib/python3.7/site-packages/airflow/example_dags/example_nested_branch_dag.py
[2023-06-28T14:39:06.920+0000] {processor.py:826} INFO - Processing file /home/airflow/.local/lib/python3.7/site-packages/airflow/example_dags/example_nested_branch_dag.py for tasks to queue
[2023-06-28T14:39:06.922+0000] {logging_mixin.py:149} INFO - [2023-06-28T14:39:06.922+0000] {dagbag.py:541} INFO - Filling up the DagBag from /home/airflow/.local/lib/python3.7/site-packages/airflow/example_dags/example_nested_branch_dag.py
[2023-06-28T14:39:06.950+0000] {processor.py:836} INFO - DAG(s) dict_keys(['example_nested_branch_dag']) retrieved from /home/airflow/.local/lib/python3.7/site-packages/airflow/example_dags/example_nested_branch_dag.py
[2023-06-28T14:39:07.009+0000] {logging_mixin.py:149} INFO - [2023-06-28T14:39:07.008+0000] {dag.py:2726} INFO - Sync 1 DAGs
[2023-06-28T14:39:07.083+0000] {logging_mixin.py:149} INFO - [2023-06-28T14:39:07.082+0000] {dag.py:3490} INFO - Setting next_dagrun for example_nested_branch_dag to 2023-06-27T00:00:00+00:00, run_after=2023-06-28T00:00:00+00:00
[2023-06-28T14:39:07.159+0000] {processor.py:179} INFO - Processing /home/airflow/.local/lib/python3.7/site-packages/airflow/example_dags/example_nested_branch_dag.py took 0.248 seconds
[2023-06-28T14:39:37.602+0000] {processor.py:157} INFO - Started process (PID=2729) to work on /home/airflow/.local/lib/python3.7/site-packages/airflow/example_dags/example_nested_branch_dag.py
[2023-06-28T14:39:37.604+0000] {processor.py:826} INFO - Processing file /home/airflow/.local/lib/python3.7/site-packages/airflow/example_dags/example_nested_branch_dag.py for tasks to queue
[2023-06-28T14:39:37.605+0000] {logging_mixin.py:149} INFO - [2023-06-28T14:39:37.605+0000] {dagbag.py:541} INFO - Filling up the DagBag from /home/airflow/.local/lib/python3.7/site-packages/airflow/example_dags/example_nested_branch_dag.py
[2023-06-28T14:39:37.621+0000] {processor.py:836} INFO - DAG(s) dict_keys(['example_nested_branch_dag']) retrieved from /home/airflow/.local/lib/python3.7/site-packages/airflow/example_dags/example_nested_branch_dag.py
[2023-06-28T14:39:37.663+0000] {logging_mixin.py:149} INFO - [2023-06-28T14:39:37.663+0000] {dag.py:2726} INFO - Sync 1 DAGs
[2023-06-28T14:39:37.707+0000] {logging_mixin.py:149} INFO - [2023-06-28T14:39:37.707+0000] {dag.py:3490} INFO - Setting next_dagrun for example_nested_branch_dag to 2023-06-27T00:00:00+00:00, run_after=2023-06-28T00:00:00+00:00
[2023-06-28T14:39:37.754+0000] {processor.py:179} INFO - Processing /home/airflow/.local/lib/python3.7/site-packages/airflow/example_dags/example_nested_branch_dag.py took 0.157 seconds
[2023-06-28T14:40:08.096+0000] {processor.py:157} INFO - Started process (PID=2789) to work on /home/airflow/.local/lib/python3.7/site-packages/airflow/example_dags/example_nested_branch_dag.py
[2023-06-28T14:40:08.097+0000] {processor.py:826} INFO - Processing file /home/airflow/.local/lib/python3.7/site-packages/airflow/example_dags/example_nested_branch_dag.py for tasks to queue
[2023-06-28T14:40:08.099+0000] {logging_mixin.py:149} INFO - [2023-06-28T14:40:08.099+0000] {dagbag.py:541} INFO - Filling up the DagBag from /home/airflow/.local/lib/python3.7/site-packages/airflow/example_dags/example_nested_branch_dag.py
[2023-06-28T14:40:08.115+0000] {processor.py:836} INFO - DAG(s) dict_keys(['example_nested_branch_dag']) retrieved from /home/airflow/.local/lib/python3.7/site-packages/airflow/example_dags/example_nested_branch_dag.py
[2023-06-28T14:40:08.157+0000] {logging_mixin.py:149} INFO - [2023-06-28T14:40:08.157+0000] {dag.py:2726} INFO - Sync 1 DAGs
[2023-06-28T14:40:08.202+0000] {logging_mixin.py:149} INFO - [2023-06-28T14:40:08.201+0000] {dag.py:3490} INFO - Setting next_dagrun for example_nested_branch_dag to 2023-06-27T00:00:00+00:00, run_after=2023-06-28T00:00:00+00:00
[2023-06-28T14:40:08.245+0000] {processor.py:179} INFO - Processing /home/airflow/.local/lib/python3.7/site-packages/airflow/example_dags/example_nested_branch_dag.py took 0.155 seconds
[2023-06-28T14:40:38.532+0000] {processor.py:157} INFO - Started process (PID=2849) to work on /home/airflow/.local/lib/python3.7/site-packages/airflow/example_dags/example_nested_branch_dag.py
[2023-06-28T14:40:38.534+0000] {processor.py:826} INFO - Processing file /home/airflow/.local/lib/python3.7/site-packages/airflow/example_dags/example_nested_branch_dag.py for tasks to queue
[2023-06-28T14:40:38.535+0000] {logging_mixin.py:149} INFO - [2023-06-28T14:40:38.535+0000] {dagbag.py:541} INFO - Filling up the DagBag from /home/airflow/.local/lib/python3.7/site-packages/airflow/example_dags/example_nested_branch_dag.py
[2023-06-28T14:40:38.552+0000] {processor.py:836} INFO - DAG(s) dict_keys(['example_nested_branch_dag']) retrieved from /home/airflow/.local/lib/python3.7/site-packages/airflow/example_dags/example_nested_branch_dag.py
[2023-06-28T14:40:38.591+0000] {logging_mixin.py:149} INFO - [2023-06-28T14:40:38.590+0000] {dag.py:2726} INFO - Sync 1 DAGs
[2023-06-28T14:40:38.634+0000] {logging_mixin.py:149} INFO - [2023-06-28T14:40:38.634+0000] {dag.py:3490} INFO - Setting next_dagrun for example_nested_branch_dag to 2023-06-27T00:00:00+00:00, run_after=2023-06-28T00:00:00+00:00
[2023-06-28T14:40:38.668+0000] {processor.py:179} INFO - Processing /home/airflow/.local/lib/python3.7/site-packages/airflow/example_dags/example_nested_branch_dag.py took 0.139 seconds
[2023-06-28T14:41:08.951+0000] {processor.py:157} INFO - Started process (PID=2908) to work on /home/airflow/.local/lib/python3.7/site-packages/airflow/example_dags/example_nested_branch_dag.py
[2023-06-28T14:41:08.954+0000] {processor.py:826} INFO - Processing file /home/airflow/.local/lib/python3.7/site-packages/airflow/example_dags/example_nested_branch_dag.py for tasks to queue
[2023-06-28T14:41:08.955+0000] {logging_mixin.py:149} INFO - [2023-06-28T14:41:08.955+0000] {dagbag.py:541} INFO - Filling up the DagBag from /home/airflow/.local/lib/python3.7/site-packages/airflow/example_dags/example_nested_branch_dag.py
[2023-06-28T14:41:08.976+0000] {processor.py:836} INFO - DAG(s) dict_keys(['example_nested_branch_dag']) retrieved from /home/airflow/.local/lib/python3.7/site-packages/airflow/example_dags/example_nested_branch_dag.py
[2023-06-28T14:41:09.023+0000] {logging_mixin.py:149} INFO - [2023-06-28T14:41:09.022+0000] {dag.py:2726} INFO - Sync 1 DAGs
[2023-06-28T14:41:09.072+0000] {logging_mixin.py:149} INFO - [2023-06-28T14:41:09.072+0000] {dag.py:3490} INFO - Setting next_dagrun for example_nested_branch_dag to 2023-06-27T00:00:00+00:00, run_after=2023-06-28T00:00:00+00:00
[2023-06-28T14:41:09.121+0000] {processor.py:179} INFO - Processing /home/airflow/.local/lib/python3.7/site-packages/airflow/example_dags/example_nested_branch_dag.py took 0.175 seconds
[2023-06-28T14:41:39.453+0000] {processor.py:157} INFO - Started process (PID=2968) to work on /home/airflow/.local/lib/python3.7/site-packages/airflow/example_dags/example_nested_branch_dag.py
[2023-06-28T14:41:39.455+0000] {processor.py:826} INFO - Processing file /home/airflow/.local/lib/python3.7/site-packages/airflow/example_dags/example_nested_branch_dag.py for tasks to queue
[2023-06-28T14:41:39.457+0000] {logging_mixin.py:149} INFO - [2023-06-28T14:41:39.456+0000] {dagbag.py:541} INFO - Filling up the DagBag from /home/airflow/.local/lib/python3.7/site-packages/airflow/example_dags/example_nested_branch_dag.py
[2023-06-28T14:41:39.471+0000] {processor.py:836} INFO - DAG(s) dict_keys(['example_nested_branch_dag']) retrieved from /home/airflow/.local/lib/python3.7/site-packages/airflow/example_dags/example_nested_branch_dag.py
[2023-06-28T14:41:39.512+0000] {logging_mixin.py:149} INFO - [2023-06-28T14:41:39.511+0000] {dag.py:2726} INFO - Sync 1 DAGs
[2023-06-28T14:41:39.558+0000] {logging_mixin.py:149} INFO - [2023-06-28T14:41:39.558+0000] {dag.py:3490} INFO - Setting next_dagrun for example_nested_branch_dag to 2023-06-27T00:00:00+00:00, run_after=2023-06-28T00:00:00+00:00
[2023-06-28T14:41:39.595+0000] {processor.py:179} INFO - Processing /home/airflow/.local/lib/python3.7/site-packages/airflow/example_dags/example_nested_branch_dag.py took 0.146 seconds
[2023-06-28T14:42:09.826+0000] {processor.py:157} INFO - Started process (PID=3027) to work on /home/airflow/.local/lib/python3.7/site-packages/airflow/example_dags/example_nested_branch_dag.py
[2023-06-28T14:42:09.827+0000] {processor.py:826} INFO - Processing file /home/airflow/.local/lib/python3.7/site-packages/airflow/example_dags/example_nested_branch_dag.py for tasks to queue
[2023-06-28T14:42:09.829+0000] {logging_mixin.py:149} INFO - [2023-06-28T14:42:09.829+0000] {dagbag.py:541} INFO - Filling up the DagBag from /home/airflow/.local/lib/python3.7/site-packages/airflow/example_dags/example_nested_branch_dag.py
[2023-06-28T14:42:09.845+0000] {processor.py:836} INFO - DAG(s) dict_keys(['example_nested_branch_dag']) retrieved from /home/airflow/.local/lib/python3.7/site-packages/airflow/example_dags/example_nested_branch_dag.py
[2023-06-28T14:42:09.890+0000] {logging_mixin.py:149} INFO - [2023-06-28T14:42:09.890+0000] {dag.py:2726} INFO - Sync 1 DAGs
[2023-06-28T14:42:09.930+0000] {logging_mixin.py:149} INFO - [2023-06-28T14:42:09.930+0000] {dag.py:3490} INFO - Setting next_dagrun for example_nested_branch_dag to 2023-06-27T00:00:00+00:00, run_after=2023-06-28T00:00:00+00:00
[2023-06-28T14:42:09.969+0000] {processor.py:179} INFO - Processing /home/airflow/.local/lib/python3.7/site-packages/airflow/example_dags/example_nested_branch_dag.py took 0.148 seconds
[2023-06-28T14:42:40.065+0000] {processor.py:157} INFO - Started process (PID=3086) to work on /home/airflow/.local/lib/python3.7/site-packages/airflow/example_dags/example_nested_branch_dag.py
[2023-06-28T14:42:40.067+0000] {processor.py:826} INFO - Processing file /home/airflow/.local/lib/python3.7/site-packages/airflow/example_dags/example_nested_branch_dag.py for tasks to queue
[2023-06-28T14:42:40.068+0000] {logging_mixin.py:149} INFO - [2023-06-28T14:42:40.068+0000] {dagbag.py:541} INFO - Filling up the DagBag from /home/airflow/.local/lib/python3.7/site-packages/airflow/example_dags/example_nested_branch_dag.py
[2023-06-28T14:42:40.082+0000] {processor.py:836} INFO - DAG(s) dict_keys(['example_nested_branch_dag']) retrieved from /home/airflow/.local/lib/python3.7/site-packages/airflow/example_dags/example_nested_branch_dag.py
[2023-06-28T14:42:40.125+0000] {logging_mixin.py:149} INFO - [2023-06-28T14:42:40.125+0000] {dag.py:2726} INFO - Sync 1 DAGs
[2023-06-28T14:42:40.184+0000] {logging_mixin.py:149} INFO - [2023-06-28T14:42:40.184+0000] {dag.py:3490} INFO - Setting next_dagrun for example_nested_branch_dag to 2023-06-27T00:00:00+00:00, run_after=2023-06-28T00:00:00+00:00
[2023-06-28T14:42:40.245+0000] {processor.py:179} INFO - Processing /home/airflow/.local/lib/python3.7/site-packages/airflow/example_dags/example_nested_branch_dag.py took 0.186 seconds
[2023-06-28T14:43:10.777+0000] {processor.py:157} INFO - Started process (PID=3145) to work on /home/airflow/.local/lib/python3.7/site-packages/airflow/example_dags/example_nested_branch_dag.py
[2023-06-28T14:43:10.778+0000] {processor.py:826} INFO - Processing file /home/airflow/.local/lib/python3.7/site-packages/airflow/example_dags/example_nested_branch_dag.py for tasks to queue
[2023-06-28T14:43:10.780+0000] {logging_mixin.py:149} INFO - [2023-06-28T14:43:10.779+0000] {dagbag.py:541} INFO - Filling up the DagBag from /home/airflow/.local/lib/python3.7/site-packages/airflow/example_dags/example_nested_branch_dag.py
[2023-06-28T14:43:10.798+0000] {processor.py:836} INFO - DAG(s) dict_keys(['example_nested_branch_dag']) retrieved from /home/airflow/.local/lib/python3.7/site-packages/airflow/example_dags/example_nested_branch_dag.py
[2023-06-28T14:43:10.840+0000] {logging_mixin.py:149} INFO - [2023-06-28T14:43:10.839+0000] {dag.py:2726} INFO - Sync 1 DAGs
[2023-06-28T14:43:10.887+0000] {logging_mixin.py:149} INFO - [2023-06-28T14:43:10.887+0000] {dag.py:3490} INFO - Setting next_dagrun for example_nested_branch_dag to 2023-06-27T00:00:00+00:00, run_after=2023-06-28T00:00:00+00:00
[2023-06-28T14:43:10.936+0000] {processor.py:179} INFO - Processing /home/airflow/.local/lib/python3.7/site-packages/airflow/example_dags/example_nested_branch_dag.py took 0.167 seconds
[2023-06-28T14:43:41.694+0000] {processor.py:157} INFO - Started process (PID=3204) to work on /home/airflow/.local/lib/python3.7/site-packages/airflow/example_dags/example_nested_branch_dag.py
[2023-06-28T14:43:41.696+0000] {processor.py:826} INFO - Processing file /home/airflow/.local/lib/python3.7/site-packages/airflow/example_dags/example_nested_branch_dag.py for tasks to queue
[2023-06-28T14:43:41.698+0000] {logging_mixin.py:149} INFO - [2023-06-28T14:43:41.697+0000] {dagbag.py:541} INFO - Filling up the DagBag from /home/airflow/.local/lib/python3.7/site-packages/airflow/example_dags/example_nested_branch_dag.py
[2023-06-28T14:43:41.743+0000] {processor.py:836} INFO - DAG(s) dict_keys(['example_nested_branch_dag']) retrieved from /home/airflow/.local/lib/python3.7/site-packages/airflow/example_dags/example_nested_branch_dag.py
[2023-06-28T14:43:41.915+0000] {logging_mixin.py:149} INFO - [2023-06-28T14:43:41.914+0000] {dag.py:2726} INFO - Sync 1 DAGs
[2023-06-28T14:43:42.134+0000] {logging_mixin.py:149} INFO - [2023-06-28T14:43:42.133+0000] {dag.py:3490} INFO - Setting next_dagrun for example_nested_branch_dag to 2023-06-27T00:00:00+00:00, run_after=2023-06-28T00:00:00+00:00
[2023-06-28T14:43:42.278+0000] {processor.py:179} INFO - Processing /home/airflow/.local/lib/python3.7/site-packages/airflow/example_dags/example_nested_branch_dag.py took 0.594 seconds
[2023-06-28T14:44:13.823+0000] {processor.py:157} INFO - Started process (PID=3263) to work on /home/airflow/.local/lib/python3.7/site-packages/airflow/example_dags/example_nested_branch_dag.py
[2023-06-28T14:44:13.838+0000] {processor.py:826} INFO - Processing file /home/airflow/.local/lib/python3.7/site-packages/airflow/example_dags/example_nested_branch_dag.py for tasks to queue
[2023-06-28T14:44:13.841+0000] {logging_mixin.py:149} INFO - [2023-06-28T14:44:13.840+0000] {dagbag.py:541} INFO - Filling up the DagBag from /home/airflow/.local/lib/python3.7/site-packages/airflow/example_dags/example_nested_branch_dag.py
[2023-06-28T14:44:13.943+0000] {processor.py:836} INFO - DAG(s) dict_keys(['example_nested_branch_dag']) retrieved from /home/airflow/.local/lib/python3.7/site-packages/airflow/example_dags/example_nested_branch_dag.py
[2023-06-28T14:44:14.186+0000] {logging_mixin.py:149} INFO - [2023-06-28T14:44:14.185+0000] {dag.py:2726} INFO - Sync 1 DAGs
[2023-06-28T14:44:14.362+0000] {logging_mixin.py:149} INFO - [2023-06-28T14:44:14.362+0000] {dag.py:3490} INFO - Setting next_dagrun for example_nested_branch_dag to 2023-06-27T00:00:00+00:00, run_after=2023-06-28T00:00:00+00:00
[2023-06-28T14:44:14.565+0000] {processor.py:179} INFO - Processing /home/airflow/.local/lib/python3.7/site-packages/airflow/example_dags/example_nested_branch_dag.py took 0.758 seconds
[2023-06-28T14:44:44.982+0000] {processor.py:157} INFO - Started process (PID=3322) to work on /home/airflow/.local/lib/python3.7/site-packages/airflow/example_dags/example_nested_branch_dag.py
[2023-06-28T14:44:44.984+0000] {processor.py:826} INFO - Processing file /home/airflow/.local/lib/python3.7/site-packages/airflow/example_dags/example_nested_branch_dag.py for tasks to queue
[2023-06-28T14:44:44.988+0000] {logging_mixin.py:149} INFO - [2023-06-28T14:44:44.986+0000] {dagbag.py:541} INFO - Filling up the DagBag from /home/airflow/.local/lib/python3.7/site-packages/airflow/example_dags/example_nested_branch_dag.py
[2023-06-28T14:44:45.010+0000] {processor.py:836} INFO - DAG(s) dict_keys(['example_nested_branch_dag']) retrieved from /home/airflow/.local/lib/python3.7/site-packages/airflow/example_dags/example_nested_branch_dag.py
[2023-06-28T14:44:45.062+0000] {logging_mixin.py:149} INFO - [2023-06-28T14:44:45.062+0000] {dag.py:2726} INFO - Sync 1 DAGs
[2023-06-28T14:44:45.116+0000] {logging_mixin.py:149} INFO - [2023-06-28T14:44:45.116+0000] {dag.py:3490} INFO - Setting next_dagrun for example_nested_branch_dag to 2023-06-27T00:00:00+00:00, run_after=2023-06-28T00:00:00+00:00
[2023-06-28T14:44:45.183+0000] {processor.py:179} INFO - Processing /home/airflow/.local/lib/python3.7/site-packages/airflow/example_dags/example_nested_branch_dag.py took 0.209 seconds
[2023-06-28T14:45:15.813+0000] {processor.py:157} INFO - Started process (PID=3381) to work on /home/airflow/.local/lib/python3.7/site-packages/airflow/example_dags/example_nested_branch_dag.py
[2023-06-28T14:45:15.816+0000] {processor.py:826} INFO - Processing file /home/airflow/.local/lib/python3.7/site-packages/airflow/example_dags/example_nested_branch_dag.py for tasks to queue
[2023-06-28T14:45:15.817+0000] {logging_mixin.py:149} INFO - [2023-06-28T14:45:15.817+0000] {dagbag.py:541} INFO - Filling up the DagBag from /home/airflow/.local/lib/python3.7/site-packages/airflow/example_dags/example_nested_branch_dag.py
[2023-06-28T14:45:15.869+0000] {processor.py:836} INFO - DAG(s) dict_keys(['example_nested_branch_dag']) retrieved from /home/airflow/.local/lib/python3.7/site-packages/airflow/example_dags/example_nested_branch_dag.py
[2023-06-28T14:45:15.994+0000] {logging_mixin.py:149} INFO - [2023-06-28T14:45:15.994+0000] {dag.py:2726} INFO - Sync 1 DAGs
[2023-06-28T14:45:16.081+0000] {logging_mixin.py:149} INFO - [2023-06-28T14:45:16.081+0000] {dag.py:3490} INFO - Setting next_dagrun for example_nested_branch_dag to 2023-06-27T00:00:00+00:00, run_after=2023-06-28T00:00:00+00:00
[2023-06-28T14:45:16.147+0000] {processor.py:179} INFO - Processing /home/airflow/.local/lib/python3.7/site-packages/airflow/example_dags/example_nested_branch_dag.py took 0.345 seconds
[2023-06-28T14:45:46.371+0000] {processor.py:157} INFO - Started process (PID=3442) to work on /home/airflow/.local/lib/python3.7/site-packages/airflow/example_dags/example_nested_branch_dag.py
[2023-06-28T14:45:46.373+0000] {processor.py:826} INFO - Processing file /home/airflow/.local/lib/python3.7/site-packages/airflow/example_dags/example_nested_branch_dag.py for tasks to queue
[2023-06-28T14:45:46.374+0000] {logging_mixin.py:149} INFO - [2023-06-28T14:45:46.374+0000] {dagbag.py:541} INFO - Filling up the DagBag from /home/airflow/.local/lib/python3.7/site-packages/airflow/example_dags/example_nested_branch_dag.py
[2023-06-28T14:45:46.387+0000] {processor.py:836} INFO - DAG(s) dict_keys(['example_nested_branch_dag']) retrieved from /home/airflow/.local/lib/python3.7/site-packages/airflow/example_dags/example_nested_branch_dag.py
[2023-06-28T14:45:46.431+0000] {logging_mixin.py:149} INFO - [2023-06-28T14:45:46.431+0000] {dag.py:2726} INFO - Sync 1 DAGs
[2023-06-28T14:45:46.490+0000] {logging_mixin.py:149} INFO - [2023-06-28T14:45:46.490+0000] {dag.py:3490} INFO - Setting next_dagrun for example_nested_branch_dag to 2023-06-27T00:00:00+00:00, run_after=2023-06-28T00:00:00+00:00
[2023-06-28T14:45:46.551+0000] {processor.py:179} INFO - Processing /home/airflow/.local/lib/python3.7/site-packages/airflow/example_dags/example_nested_branch_dag.py took 0.183 seconds
[2023-06-28T14:46:17.567+0000] {processor.py:157} INFO - Started process (PID=3501) to work on /home/airflow/.local/lib/python3.7/site-packages/airflow/example_dags/example_nested_branch_dag.py
[2023-06-28T14:46:17.569+0000] {processor.py:826} INFO - Processing file /home/airflow/.local/lib/python3.7/site-packages/airflow/example_dags/example_nested_branch_dag.py for tasks to queue
[2023-06-28T14:46:17.570+0000] {logging_mixin.py:149} INFO - [2023-06-28T14:46:17.570+0000] {dagbag.py:541} INFO - Filling up the DagBag from /home/airflow/.local/lib/python3.7/site-packages/airflow/example_dags/example_nested_branch_dag.py
[2023-06-28T14:46:17.587+0000] {processor.py:836} INFO - DAG(s) dict_keys(['example_nested_branch_dag']) retrieved from /home/airflow/.local/lib/python3.7/site-packages/airflow/example_dags/example_nested_branch_dag.py
[2023-06-28T14:46:17.637+0000] {logging_mixin.py:149} INFO - [2023-06-28T14:46:17.637+0000] {dag.py:2726} INFO - Sync 1 DAGs
[2023-06-28T14:46:17.690+0000] {logging_mixin.py:149} INFO - [2023-06-28T14:46:17.689+0000] {dag.py:3490} INFO - Setting next_dagrun for example_nested_branch_dag to 2023-06-27T00:00:00+00:00, run_after=2023-06-28T00:00:00+00:00
[2023-06-28T14:46:17.737+0000] {processor.py:179} INFO - Processing /home/airflow/.local/lib/python3.7/site-packages/airflow/example_dags/example_nested_branch_dag.py took 0.178 seconds
[2023-06-28T14:46:48.310+0000] {processor.py:157} INFO - Started process (PID=3560) to work on /home/airflow/.local/lib/python3.7/site-packages/airflow/example_dags/example_nested_branch_dag.py
[2023-06-28T14:46:48.317+0000] {processor.py:826} INFO - Processing file /home/airflow/.local/lib/python3.7/site-packages/airflow/example_dags/example_nested_branch_dag.py for tasks to queue
[2023-06-28T14:46:48.319+0000] {logging_mixin.py:149} INFO - [2023-06-28T14:46:48.318+0000] {dagbag.py:541} INFO - Filling up the DagBag from /home/airflow/.local/lib/python3.7/site-packages/airflow/example_dags/example_nested_branch_dag.py
[2023-06-28T14:46:48.355+0000] {processor.py:836} INFO - DAG(s) dict_keys(['example_nested_branch_dag']) retrieved from /home/airflow/.local/lib/python3.7/site-packages/airflow/example_dags/example_nested_branch_dag.py
[2023-06-28T14:46:48.485+0000] {logging_mixin.py:149} INFO - [2023-06-28T14:46:48.484+0000] {dag.py:2726} INFO - Sync 1 DAGs
[2023-06-28T14:46:48.604+0000] {logging_mixin.py:149} INFO - [2023-06-28T14:46:48.604+0000] {dag.py:3490} INFO - Setting next_dagrun for example_nested_branch_dag to 2023-06-27T00:00:00+00:00, run_after=2023-06-28T00:00:00+00:00
[2023-06-28T14:46:48.664+0000] {processor.py:179} INFO - Processing /home/airflow/.local/lib/python3.7/site-packages/airflow/example_dags/example_nested_branch_dag.py took 0.361 seconds
[2023-06-28T14:47:18.722+0000] {processor.py:157} INFO - Started process (PID=3620) to work on /home/airflow/.local/lib/python3.7/site-packages/airflow/example_dags/example_nested_branch_dag.py
[2023-06-28T14:47:18.723+0000] {processor.py:826} INFO - Processing file /home/airflow/.local/lib/python3.7/site-packages/airflow/example_dags/example_nested_branch_dag.py for tasks to queue
[2023-06-28T14:47:18.724+0000] {logging_mixin.py:149} INFO - [2023-06-28T14:47:18.724+0000] {dagbag.py:541} INFO - Filling up the DagBag from /home/airflow/.local/lib/python3.7/site-packages/airflow/example_dags/example_nested_branch_dag.py
[2023-06-28T14:47:18.737+0000] {processor.py:836} INFO - DAG(s) dict_keys(['example_nested_branch_dag']) retrieved from /home/airflow/.local/lib/python3.7/site-packages/airflow/example_dags/example_nested_branch_dag.py
[2023-06-28T14:47:18.775+0000] {logging_mixin.py:149} INFO - [2023-06-28T14:47:18.775+0000] {dag.py:2726} INFO - Sync 1 DAGs
[2023-06-28T14:47:18.825+0000] {logging_mixin.py:149} INFO - [2023-06-28T14:47:18.825+0000] {dag.py:3490} INFO - Setting next_dagrun for example_nested_branch_dag to 2023-06-27T00:00:00+00:00, run_after=2023-06-28T00:00:00+00:00
[2023-06-28T14:47:18.891+0000] {processor.py:179} INFO - Processing /home/airflow/.local/lib/python3.7/site-packages/airflow/example_dags/example_nested_branch_dag.py took 0.173 seconds
[2023-06-28T14:47:49.746+0000] {processor.py:157} INFO - Started process (PID=3679) to work on /home/airflow/.local/lib/python3.7/site-packages/airflow/example_dags/example_nested_branch_dag.py
[2023-06-28T14:47:49.748+0000] {processor.py:826} INFO - Processing file /home/airflow/.local/lib/python3.7/site-packages/airflow/example_dags/example_nested_branch_dag.py for tasks to queue
[2023-06-28T14:47:49.751+0000] {logging_mixin.py:149} INFO - [2023-06-28T14:47:49.750+0000] {dagbag.py:541} INFO - Filling up the DagBag from /home/airflow/.local/lib/python3.7/site-packages/airflow/example_dags/example_nested_branch_dag.py
[2023-06-28T14:47:49.800+0000] {processor.py:836} INFO - DAG(s) dict_keys(['example_nested_branch_dag']) retrieved from /home/airflow/.local/lib/python3.7/site-packages/airflow/example_dags/example_nested_branch_dag.py
[2023-06-28T14:47:49.903+0000] {logging_mixin.py:149} INFO - [2023-06-28T14:47:49.903+0000] {dag.py:2726} INFO - Sync 1 DAGs
[2023-06-28T14:47:49.948+0000] {logging_mixin.py:149} INFO - [2023-06-28T14:47:49.948+0000] {dag.py:3490} INFO - Setting next_dagrun for example_nested_branch_dag to 2023-06-27T00:00:00+00:00, run_after=2023-06-28T00:00:00+00:00
[2023-06-28T14:47:49.977+0000] {processor.py:179} INFO - Processing /home/airflow/.local/lib/python3.7/site-packages/airflow/example_dags/example_nested_branch_dag.py took 0.241 seconds
