[2023-06-28T14:16:39.710+0000] {processor.py:157} INFO - Started process (PID=70) to work on /home/airflow/.local/lib/python3.7/site-packages/airflow/example_dags/example_bash_operator.py
[2023-06-28T14:16:39.721+0000] {processor.py:826} INFO - Processing file /home/airflow/.local/lib/python3.7/site-packages/airflow/example_dags/example_bash_operator.py for tasks to queue
[2023-06-28T14:16:39.736+0000] {logging_mixin.py:149} INFO - [2023-06-28T14:16:39.736+0000] {dagbag.py:541} INFO - Filling up the DagBag from /home/airflow/.local/lib/python3.7/site-packages/airflow/example_dags/example_bash_operator.py
[2023-06-28T14:16:39.807+0000] {processor.py:836} INFO - DAG(s) dict_keys(['example_bash_operator']) retrieved from /home/airflow/.local/lib/python3.7/site-packages/airflow/example_dags/example_bash_operator.py
[2023-06-28T14:16:40.008+0000] {logging_mixin.py:149} INFO - [2023-06-28T14:16:40.008+0000] {dag.py:2726} INFO - Sync 1 DAGs
[2023-06-28T14:16:40.143+0000] {logging_mixin.py:149} INFO - [2023-06-28T14:16:40.143+0000] {dag.py:3490} INFO - Setting next_dagrun for example_bash_operator to 2023-06-27T00:00:00+00:00, run_after=2023-06-28T00:00:00+00:00
[2023-06-28T14:16:40.252+0000] {processor.py:179} INFO - Processing /home/airflow/.local/lib/python3.7/site-packages/airflow/example_dags/example_bash_operator.py took 0.558 seconds
[2023-06-28T14:17:13.564+0000] {processor.py:157} INFO - Started process (PID=129) to work on /home/airflow/.local/lib/python3.7/site-packages/airflow/example_dags/example_bash_operator.py
[2023-06-28T14:17:13.573+0000] {processor.py:826} INFO - Processing file /home/airflow/.local/lib/python3.7/site-packages/airflow/example_dags/example_bash_operator.py for tasks to queue
[2023-06-28T14:17:13.576+0000] {logging_mixin.py:149} INFO - [2023-06-28T14:17:13.576+0000] {dagbag.py:541} INFO - Filling up the DagBag from /home/airflow/.local/lib/python3.7/site-packages/airflow/example_dags/example_bash_operator.py
[2023-06-28T14:17:13.640+0000] {processor.py:836} INFO - DAG(s) dict_keys(['example_bash_operator']) retrieved from /home/airflow/.local/lib/python3.7/site-packages/airflow/example_dags/example_bash_operator.py
[2023-06-28T14:17:13.782+0000] {logging_mixin.py:149} INFO - [2023-06-28T14:17:13.782+0000] {dag.py:2726} INFO - Sync 1 DAGs
[2023-06-28T14:17:13.869+0000] {logging_mixin.py:149} INFO - [2023-06-28T14:17:13.869+0000] {dag.py:3490} INFO - Setting next_dagrun for example_bash_operator to 2023-06-27T00:00:00+00:00, run_after=2023-06-28T00:00:00+00:00
[2023-06-28T14:17:13.971+0000] {processor.py:179} INFO - Processing /home/airflow/.local/lib/python3.7/site-packages/airflow/example_dags/example_bash_operator.py took 0.430 seconds
[2023-06-28T14:17:44.374+0000] {processor.py:157} INFO - Started process (PID=187) to work on /home/airflow/.local/lib/python3.7/site-packages/airflow/example_dags/example_bash_operator.py
[2023-06-28T14:17:44.377+0000] {processor.py:826} INFO - Processing file /home/airflow/.local/lib/python3.7/site-packages/airflow/example_dags/example_bash_operator.py for tasks to queue
[2023-06-28T14:17:44.378+0000] {logging_mixin.py:149} INFO - [2023-06-28T14:17:44.378+0000] {dagbag.py:541} INFO - Filling up the DagBag from /home/airflow/.local/lib/python3.7/site-packages/airflow/example_dags/example_bash_operator.py
[2023-06-28T14:17:44.408+0000] {processor.py:836} INFO - DAG(s) dict_keys(['example_bash_operator']) retrieved from /home/airflow/.local/lib/python3.7/site-packages/airflow/example_dags/example_bash_operator.py
[2023-06-28T14:17:44.431+0000] {logging_mixin.py:149} INFO - [2023-06-28T14:17:44.431+0000] {dag.py:2726} INFO - Sync 1 DAGs
[2023-06-28T14:17:44.499+0000] {logging_mixin.py:149} INFO - [2023-06-28T14:17:44.499+0000] {dag.py:3490} INFO - Setting next_dagrun for example_bash_operator to 2023-06-27T00:00:00+00:00, run_after=2023-06-28T00:00:00+00:00
[2023-06-28T14:17:44.535+0000] {processor.py:179} INFO - Processing /home/airflow/.local/lib/python3.7/site-packages/airflow/example_dags/example_bash_operator.py took 0.166 seconds
[2023-06-28T14:18:15.394+0000] {processor.py:157} INFO - Started process (PID=246) to work on /home/airflow/.local/lib/python3.7/site-packages/airflow/example_dags/example_bash_operator.py
[2023-06-28T14:18:15.402+0000] {processor.py:826} INFO - Processing file /home/airflow/.local/lib/python3.7/site-packages/airflow/example_dags/example_bash_operator.py for tasks to queue
[2023-06-28T14:18:15.406+0000] {logging_mixin.py:149} INFO - [2023-06-28T14:18:15.406+0000] {dagbag.py:541} INFO - Filling up the DagBag from /home/airflow/.local/lib/python3.7/site-packages/airflow/example_dags/example_bash_operator.py
[2023-06-28T14:18:15.461+0000] {processor.py:836} INFO - DAG(s) dict_keys(['example_bash_operator']) retrieved from /home/airflow/.local/lib/python3.7/site-packages/airflow/example_dags/example_bash_operator.py
[2023-06-28T14:18:15.586+0000] {logging_mixin.py:149} INFO - [2023-06-28T14:18:15.585+0000] {dag.py:2726} INFO - Sync 1 DAGs
[2023-06-28T14:18:15.642+0000] {logging_mixin.py:149} INFO - [2023-06-28T14:18:15.642+0000] {dag.py:3490} INFO - Setting next_dagrun for example_bash_operator to 2023-06-27T00:00:00+00:00, run_after=2023-06-28T00:00:00+00:00
[2023-06-28T14:18:15.879+0000] {processor.py:179} INFO - Processing /home/airflow/.local/lib/python3.7/site-packages/airflow/example_dags/example_bash_operator.py took 0.495 seconds
[2023-06-28T14:18:46.217+0000] {processor.py:157} INFO - Started process (PID=305) to work on /home/airflow/.local/lib/python3.7/site-packages/airflow/example_dags/example_bash_operator.py
[2023-06-28T14:18:46.219+0000] {processor.py:826} INFO - Processing file /home/airflow/.local/lib/python3.7/site-packages/airflow/example_dags/example_bash_operator.py for tasks to queue
[2023-06-28T14:18:46.220+0000] {logging_mixin.py:149} INFO - [2023-06-28T14:18:46.220+0000] {dagbag.py:541} INFO - Filling up the DagBag from /home/airflow/.local/lib/python3.7/site-packages/airflow/example_dags/example_bash_operator.py
[2023-06-28T14:18:46.247+0000] {processor.py:836} INFO - DAG(s) dict_keys(['example_bash_operator']) retrieved from /home/airflow/.local/lib/python3.7/site-packages/airflow/example_dags/example_bash_operator.py
[2023-06-28T14:18:46.331+0000] {logging_mixin.py:149} INFO - [2023-06-28T14:18:46.330+0000] {dag.py:2726} INFO - Sync 1 DAGs
[2023-06-28T14:18:46.387+0000] {logging_mixin.py:149} INFO - [2023-06-28T14:18:46.387+0000] {dag.py:3490} INFO - Setting next_dagrun for example_bash_operator to 2023-06-27T00:00:00+00:00, run_after=2023-06-28T00:00:00+00:00
[2023-06-28T14:18:46.432+0000] {processor.py:179} INFO - Processing /home/airflow/.local/lib/python3.7/site-packages/airflow/example_dags/example_bash_operator.py took 0.223 seconds
[2023-06-28T14:19:16.912+0000] {processor.py:157} INFO - Started process (PID=363) to work on /home/airflow/.local/lib/python3.7/site-packages/airflow/example_dags/example_bash_operator.py
[2023-06-28T14:19:16.914+0000] {processor.py:826} INFO - Processing file /home/airflow/.local/lib/python3.7/site-packages/airflow/example_dags/example_bash_operator.py for tasks to queue
[2023-06-28T14:19:16.917+0000] {logging_mixin.py:149} INFO - [2023-06-28T14:19:16.916+0000] {dagbag.py:541} INFO - Filling up the DagBag from /home/airflow/.local/lib/python3.7/site-packages/airflow/example_dags/example_bash_operator.py
[2023-06-28T14:19:16.942+0000] {processor.py:836} INFO - DAG(s) dict_keys(['example_bash_operator']) retrieved from /home/airflow/.local/lib/python3.7/site-packages/airflow/example_dags/example_bash_operator.py
[2023-06-28T14:19:17.000+0000] {logging_mixin.py:149} INFO - [2023-06-28T14:19:16.999+0000] {dag.py:2726} INFO - Sync 1 DAGs
[2023-06-28T14:19:17.048+0000] {logging_mixin.py:149} INFO - [2023-06-28T14:19:17.048+0000] {dag.py:3490} INFO - Setting next_dagrun for example_bash_operator to 2023-06-27T00:00:00+00:00, run_after=2023-06-28T00:00:00+00:00
[2023-06-28T14:19:17.106+0000] {processor.py:179} INFO - Processing /home/airflow/.local/lib/python3.7/site-packages/airflow/example_dags/example_bash_operator.py took 0.200 seconds
[2023-06-28T14:19:48.166+0000] {processor.py:157} INFO - Started process (PID=422) to work on /home/airflow/.local/lib/python3.7/site-packages/airflow/example_dags/example_bash_operator.py
[2023-06-28T14:19:48.168+0000] {processor.py:826} INFO - Processing file /home/airflow/.local/lib/python3.7/site-packages/airflow/example_dags/example_bash_operator.py for tasks to queue
[2023-06-28T14:19:48.170+0000] {logging_mixin.py:149} INFO - [2023-06-28T14:19:48.169+0000] {dagbag.py:541} INFO - Filling up the DagBag from /home/airflow/.local/lib/python3.7/site-packages/airflow/example_dags/example_bash_operator.py
[2023-06-28T14:19:48.219+0000] {processor.py:836} INFO - DAG(s) dict_keys(['example_bash_operator']) retrieved from /home/airflow/.local/lib/python3.7/site-packages/airflow/example_dags/example_bash_operator.py
[2023-06-28T14:19:48.478+0000] {logging_mixin.py:149} INFO - [2023-06-28T14:19:48.477+0000] {dag.py:2726} INFO - Sync 1 DAGs
[2023-06-28T14:19:48.605+0000] {logging_mixin.py:149} INFO - [2023-06-28T14:19:48.604+0000] {dag.py:3490} INFO - Setting next_dagrun for example_bash_operator to 2023-06-27T00:00:00+00:00, run_after=2023-06-28T00:00:00+00:00
[2023-06-28T14:19:48.762+0000] {processor.py:179} INFO - Processing /home/airflow/.local/lib/python3.7/site-packages/airflow/example_dags/example_bash_operator.py took 0.617 seconds
[2023-06-28T14:20:19.615+0000] {processor.py:157} INFO - Started process (PID=488) to work on /home/airflow/.local/lib/python3.7/site-packages/airflow/example_dags/example_bash_operator.py
[2023-06-28T14:20:19.616+0000] {processor.py:826} INFO - Processing file /home/airflow/.local/lib/python3.7/site-packages/airflow/example_dags/example_bash_operator.py for tasks to queue
[2023-06-28T14:20:19.618+0000] {logging_mixin.py:149} INFO - [2023-06-28T14:20:19.617+0000] {dagbag.py:541} INFO - Filling up the DagBag from /home/airflow/.local/lib/python3.7/site-packages/airflow/example_dags/example_bash_operator.py
[2023-06-28T14:20:19.638+0000] {processor.py:836} INFO - DAG(s) dict_keys(['example_bash_operator']) retrieved from /home/airflow/.local/lib/python3.7/site-packages/airflow/example_dags/example_bash_operator.py
[2023-06-28T14:20:19.700+0000] {logging_mixin.py:149} INFO - [2023-06-28T14:20:19.700+0000] {dag.py:2726} INFO - Sync 1 DAGs
[2023-06-28T14:20:19.741+0000] {logging_mixin.py:149} INFO - [2023-06-28T14:20:19.740+0000] {dag.py:3490} INFO - Setting next_dagrun for example_bash_operator to 2023-06-27T00:00:00+00:00, run_after=2023-06-28T00:00:00+00:00
[2023-06-28T14:20:19.772+0000] {processor.py:179} INFO - Processing /home/airflow/.local/lib/python3.7/site-packages/airflow/example_dags/example_bash_operator.py took 0.162 seconds
[2023-06-28T14:20:50.014+0000] {processor.py:157} INFO - Started process (PID=547) to work on /home/airflow/.local/lib/python3.7/site-packages/airflow/example_dags/example_bash_operator.py
[2023-06-28T14:20:50.016+0000] {processor.py:826} INFO - Processing file /home/airflow/.local/lib/python3.7/site-packages/airflow/example_dags/example_bash_operator.py for tasks to queue
[2023-06-28T14:20:50.017+0000] {logging_mixin.py:149} INFO - [2023-06-28T14:20:50.017+0000] {dagbag.py:541} INFO - Filling up the DagBag from /home/airflow/.local/lib/python3.7/site-packages/airflow/example_dags/example_bash_operator.py
[2023-06-28T14:20:50.036+0000] {processor.py:836} INFO - DAG(s) dict_keys(['example_bash_operator']) retrieved from /home/airflow/.local/lib/python3.7/site-packages/airflow/example_dags/example_bash_operator.py
[2023-06-28T14:20:50.097+0000] {logging_mixin.py:149} INFO - [2023-06-28T14:20:50.097+0000] {dag.py:2726} INFO - Sync 1 DAGs
[2023-06-28T14:20:50.143+0000] {logging_mixin.py:149} INFO - [2023-06-28T14:20:50.143+0000] {dag.py:3490} INFO - Setting next_dagrun for example_bash_operator to 2023-06-27T00:00:00+00:00, run_after=2023-06-28T00:00:00+00:00
[2023-06-28T14:20:50.194+0000] {processor.py:179} INFO - Processing /home/airflow/.local/lib/python3.7/site-packages/airflow/example_dags/example_bash_operator.py took 0.184 seconds
[2023-06-28T14:21:21.037+0000] {processor.py:157} INFO - Started process (PID=607) to work on /home/airflow/.local/lib/python3.7/site-packages/airflow/example_dags/example_bash_operator.py
[2023-06-28T14:21:21.038+0000] {processor.py:826} INFO - Processing file /home/airflow/.local/lib/python3.7/site-packages/airflow/example_dags/example_bash_operator.py for tasks to queue
[2023-06-28T14:21:21.039+0000] {logging_mixin.py:149} INFO - [2023-06-28T14:21:21.039+0000] {dagbag.py:541} INFO - Filling up the DagBag from /home/airflow/.local/lib/python3.7/site-packages/airflow/example_dags/example_bash_operator.py
[2023-06-28T14:21:21.062+0000] {processor.py:836} INFO - DAG(s) dict_keys(['example_bash_operator']) retrieved from /home/airflow/.local/lib/python3.7/site-packages/airflow/example_dags/example_bash_operator.py
[2023-06-28T14:21:21.118+0000] {logging_mixin.py:149} INFO - [2023-06-28T14:21:21.118+0000] {dag.py:2726} INFO - Sync 1 DAGs
[2023-06-28T14:21:21.155+0000] {logging_mixin.py:149} INFO - [2023-06-28T14:21:21.155+0000] {dag.py:3490} INFO - Setting next_dagrun for example_bash_operator to 2023-06-27T00:00:00+00:00, run_after=2023-06-28T00:00:00+00:00
[2023-06-28T14:21:21.208+0000] {processor.py:179} INFO - Processing /home/airflow/.local/lib/python3.7/site-packages/airflow/example_dags/example_bash_operator.py took 0.177 seconds
[2023-06-28T14:21:52.194+0000] {processor.py:157} INFO - Started process (PID=667) to work on /home/airflow/.local/lib/python3.7/site-packages/airflow/example_dags/example_bash_operator.py
[2023-06-28T14:21:52.195+0000] {processor.py:826} INFO - Processing file /home/airflow/.local/lib/python3.7/site-packages/airflow/example_dags/example_bash_operator.py for tasks to queue
[2023-06-28T14:21:52.197+0000] {logging_mixin.py:149} INFO - [2023-06-28T14:21:52.197+0000] {dagbag.py:541} INFO - Filling up the DagBag from /home/airflow/.local/lib/python3.7/site-packages/airflow/example_dags/example_bash_operator.py
[2023-06-28T14:21:52.218+0000] {processor.py:836} INFO - DAG(s) dict_keys(['example_bash_operator']) retrieved from /home/airflow/.local/lib/python3.7/site-packages/airflow/example_dags/example_bash_operator.py
[2023-06-28T14:21:52.289+0000] {logging_mixin.py:149} INFO - [2023-06-28T14:21:52.289+0000] {dag.py:2726} INFO - Sync 1 DAGs
[2023-06-28T14:21:52.337+0000] {logging_mixin.py:149} INFO - [2023-06-28T14:21:52.337+0000] {dag.py:3490} INFO - Setting next_dagrun for example_bash_operator to 2023-06-27T00:00:00+00:00, run_after=2023-06-28T00:00:00+00:00
[2023-06-28T14:21:52.370+0000] {processor.py:179} INFO - Processing /home/airflow/.local/lib/python3.7/site-packages/airflow/example_dags/example_bash_operator.py took 0.181 seconds
[2023-06-28T14:22:23.182+0000] {processor.py:157} INFO - Started process (PID=726) to work on /home/airflow/.local/lib/python3.7/site-packages/airflow/example_dags/example_bash_operator.py
[2023-06-28T14:22:23.184+0000] {processor.py:826} INFO - Processing file /home/airflow/.local/lib/python3.7/site-packages/airflow/example_dags/example_bash_operator.py for tasks to queue
[2023-06-28T14:22:23.185+0000] {logging_mixin.py:149} INFO - [2023-06-28T14:22:23.185+0000] {dagbag.py:541} INFO - Filling up the DagBag from /home/airflow/.local/lib/python3.7/site-packages/airflow/example_dags/example_bash_operator.py
[2023-06-28T14:22:23.208+0000] {processor.py:836} INFO - DAG(s) dict_keys(['example_bash_operator']) retrieved from /home/airflow/.local/lib/python3.7/site-packages/airflow/example_dags/example_bash_operator.py
[2023-06-28T14:22:23.277+0000] {logging_mixin.py:149} INFO - [2023-06-28T14:22:23.277+0000] {dag.py:2726} INFO - Sync 1 DAGs
[2023-06-28T14:22:23.314+0000] {logging_mixin.py:149} INFO - [2023-06-28T14:22:23.314+0000] {dag.py:3490} INFO - Setting next_dagrun for example_bash_operator to 2023-06-27T00:00:00+00:00, run_after=2023-06-28T00:00:00+00:00
[2023-06-28T14:22:23.344+0000] {processor.py:179} INFO - Processing /home/airflow/.local/lib/python3.7/site-packages/airflow/example_dags/example_bash_operator.py took 0.166 seconds
[2023-06-28T14:22:53.550+0000] {processor.py:157} INFO - Started process (PID=785) to work on /home/airflow/.local/lib/python3.7/site-packages/airflow/example_dags/example_bash_operator.py
[2023-06-28T14:22:53.552+0000] {processor.py:826} INFO - Processing file /home/airflow/.local/lib/python3.7/site-packages/airflow/example_dags/example_bash_operator.py for tasks to queue
[2023-06-28T14:22:53.554+0000] {logging_mixin.py:149} INFO - [2023-06-28T14:22:53.553+0000] {dagbag.py:541} INFO - Filling up the DagBag from /home/airflow/.local/lib/python3.7/site-packages/airflow/example_dags/example_bash_operator.py
[2023-06-28T14:22:53.583+0000] {processor.py:836} INFO - DAG(s) dict_keys(['example_bash_operator']) retrieved from /home/airflow/.local/lib/python3.7/site-packages/airflow/example_dags/example_bash_operator.py
[2023-06-28T14:22:53.660+0000] {logging_mixin.py:149} INFO - [2023-06-28T14:22:53.659+0000] {dag.py:2726} INFO - Sync 1 DAGs
[2023-06-28T14:22:53.707+0000] {logging_mixin.py:149} INFO - [2023-06-28T14:22:53.706+0000] {dag.py:3490} INFO - Setting next_dagrun for example_bash_operator to 2023-06-27T00:00:00+00:00, run_after=2023-06-28T00:00:00+00:00
[2023-06-28T14:22:53.750+0000] {processor.py:179} INFO - Processing /home/airflow/.local/lib/python3.7/site-packages/airflow/example_dags/example_bash_operator.py took 0.208 seconds
[2023-06-28T14:23:23.899+0000] {processor.py:157} INFO - Started process (PID=845) to work on /home/airflow/.local/lib/python3.7/site-packages/airflow/example_dags/example_bash_operator.py
[2023-06-28T14:23:23.901+0000] {processor.py:826} INFO - Processing file /home/airflow/.local/lib/python3.7/site-packages/airflow/example_dags/example_bash_operator.py for tasks to queue
[2023-06-28T14:23:23.902+0000] {logging_mixin.py:149} INFO - [2023-06-28T14:23:23.902+0000] {dagbag.py:541} INFO - Filling up the DagBag from /home/airflow/.local/lib/python3.7/site-packages/airflow/example_dags/example_bash_operator.py
[2023-06-28T14:23:23.926+0000] {processor.py:836} INFO - DAG(s) dict_keys(['example_bash_operator']) retrieved from /home/airflow/.local/lib/python3.7/site-packages/airflow/example_dags/example_bash_operator.py
[2023-06-28T14:23:23.990+0000] {logging_mixin.py:149} INFO - [2023-06-28T14:23:23.990+0000] {dag.py:2726} INFO - Sync 1 DAGs
[2023-06-28T14:23:24.036+0000] {logging_mixin.py:149} INFO - [2023-06-28T14:23:24.036+0000] {dag.py:3490} INFO - Setting next_dagrun for example_bash_operator to 2023-06-27T00:00:00+00:00, run_after=2023-06-28T00:00:00+00:00
[2023-06-28T14:23:24.070+0000] {processor.py:179} INFO - Processing /home/airflow/.local/lib/python3.7/site-packages/airflow/example_dags/example_bash_operator.py took 0.175 seconds
[2023-06-28T14:23:54.422+0000] {processor.py:157} INFO - Started process (PID=904) to work on /home/airflow/.local/lib/python3.7/site-packages/airflow/example_dags/example_bash_operator.py
[2023-06-28T14:23:54.423+0000] {processor.py:826} INFO - Processing file /home/airflow/.local/lib/python3.7/site-packages/airflow/example_dags/example_bash_operator.py for tasks to queue
[2023-06-28T14:23:54.425+0000] {logging_mixin.py:149} INFO - [2023-06-28T14:23:54.425+0000] {dagbag.py:541} INFO - Filling up the DagBag from /home/airflow/.local/lib/python3.7/site-packages/airflow/example_dags/example_bash_operator.py
[2023-06-28T14:23:54.447+0000] {processor.py:836} INFO - DAG(s) dict_keys(['example_bash_operator']) retrieved from /home/airflow/.local/lib/python3.7/site-packages/airflow/example_dags/example_bash_operator.py
[2023-06-28T14:23:54.512+0000] {logging_mixin.py:149} INFO - [2023-06-28T14:23:54.512+0000] {dag.py:2726} INFO - Sync 1 DAGs
[2023-06-28T14:23:54.563+0000] {logging_mixin.py:149} INFO - [2023-06-28T14:23:54.563+0000] {dag.py:3490} INFO - Setting next_dagrun for example_bash_operator to 2023-06-27T00:00:00+00:00, run_after=2023-06-28T00:00:00+00:00
[2023-06-28T14:23:54.596+0000] {processor.py:179} INFO - Processing /home/airflow/.local/lib/python3.7/site-packages/airflow/example_dags/example_bash_operator.py took 0.179 seconds
[2023-06-28T14:24:25.410+0000] {processor.py:157} INFO - Started process (PID=962) to work on /home/airflow/.local/lib/python3.7/site-packages/airflow/example_dags/example_bash_operator.py
[2023-06-28T14:24:25.412+0000] {processor.py:826} INFO - Processing file /home/airflow/.local/lib/python3.7/site-packages/airflow/example_dags/example_bash_operator.py for tasks to queue
[2023-06-28T14:24:25.414+0000] {logging_mixin.py:149} INFO - [2023-06-28T14:24:25.414+0000] {dagbag.py:541} INFO - Filling up the DagBag from /home/airflow/.local/lib/python3.7/site-packages/airflow/example_dags/example_bash_operator.py
[2023-06-28T14:24:25.446+0000] {processor.py:836} INFO - DAG(s) dict_keys(['example_bash_operator']) retrieved from /home/airflow/.local/lib/python3.7/site-packages/airflow/example_dags/example_bash_operator.py
[2023-06-28T14:24:25.533+0000] {logging_mixin.py:149} INFO - [2023-06-28T14:24:25.533+0000] {dag.py:2726} INFO - Sync 1 DAGs
[2023-06-28T14:24:25.594+0000] {logging_mixin.py:149} INFO - [2023-06-28T14:24:25.594+0000] {dag.py:3490} INFO - Setting next_dagrun for example_bash_operator to 2023-06-27T00:00:00+00:00, run_after=2023-06-28T00:00:00+00:00
[2023-06-28T14:24:25.644+0000] {processor.py:179} INFO - Processing /home/airflow/.local/lib/python3.7/site-packages/airflow/example_dags/example_bash_operator.py took 0.240 seconds
[2023-06-28T14:24:55.784+0000] {processor.py:157} INFO - Started process (PID=1022) to work on /home/airflow/.local/lib/python3.7/site-packages/airflow/example_dags/example_bash_operator.py
[2023-06-28T14:24:55.786+0000] {processor.py:826} INFO - Processing file /home/airflow/.local/lib/python3.7/site-packages/airflow/example_dags/example_bash_operator.py for tasks to queue
[2023-06-28T14:24:55.788+0000] {logging_mixin.py:149} INFO - [2023-06-28T14:24:55.787+0000] {dagbag.py:541} INFO - Filling up the DagBag from /home/airflow/.local/lib/python3.7/site-packages/airflow/example_dags/example_bash_operator.py
[2023-06-28T14:24:55.809+0000] {processor.py:836} INFO - DAG(s) dict_keys(['example_bash_operator']) retrieved from /home/airflow/.local/lib/python3.7/site-packages/airflow/example_dags/example_bash_operator.py
[2023-06-28T14:24:55.874+0000] {logging_mixin.py:149} INFO - [2023-06-28T14:24:55.874+0000] {dag.py:2726} INFO - Sync 1 DAGs
[2023-06-28T14:24:55.912+0000] {logging_mixin.py:149} INFO - [2023-06-28T14:24:55.911+0000] {dag.py:3490} INFO - Setting next_dagrun for example_bash_operator to 2023-06-27T00:00:00+00:00, run_after=2023-06-28T00:00:00+00:00
[2023-06-28T14:24:55.948+0000] {processor.py:179} INFO - Processing /home/airflow/.local/lib/python3.7/site-packages/airflow/example_dags/example_bash_operator.py took 0.169 seconds
[2023-06-28T14:25:26.232+0000] {processor.py:157} INFO - Started process (PID=1080) to work on /home/airflow/.local/lib/python3.7/site-packages/airflow/example_dags/example_bash_operator.py
[2023-06-28T14:25:26.234+0000] {processor.py:826} INFO - Processing file /home/airflow/.local/lib/python3.7/site-packages/airflow/example_dags/example_bash_operator.py for tasks to queue
[2023-06-28T14:25:26.235+0000] {logging_mixin.py:149} INFO - [2023-06-28T14:25:26.235+0000] {dagbag.py:541} INFO - Filling up the DagBag from /home/airflow/.local/lib/python3.7/site-packages/airflow/example_dags/example_bash_operator.py
[2023-06-28T14:25:26.258+0000] {processor.py:836} INFO - DAG(s) dict_keys(['example_bash_operator']) retrieved from /home/airflow/.local/lib/python3.7/site-packages/airflow/example_dags/example_bash_operator.py
[2023-06-28T14:25:26.319+0000] {logging_mixin.py:149} INFO - [2023-06-28T14:25:26.319+0000] {dag.py:2726} INFO - Sync 1 DAGs
[2023-06-28T14:25:26.357+0000] {logging_mixin.py:149} INFO - [2023-06-28T14:25:26.356+0000] {dag.py:3490} INFO - Setting next_dagrun for example_bash_operator to 2023-06-27T00:00:00+00:00, run_after=2023-06-28T00:00:00+00:00
[2023-06-28T14:25:26.390+0000] {processor.py:179} INFO - Processing /home/airflow/.local/lib/python3.7/site-packages/airflow/example_dags/example_bash_operator.py took 0.164 seconds
[2023-06-28T14:25:56.503+0000] {processor.py:157} INFO - Started process (PID=1139) to work on /home/airflow/.local/lib/python3.7/site-packages/airflow/example_dags/example_bash_operator.py
[2023-06-28T14:25:56.506+0000] {processor.py:826} INFO - Processing file /home/airflow/.local/lib/python3.7/site-packages/airflow/example_dags/example_bash_operator.py for tasks to queue
[2023-06-28T14:25:56.518+0000] {logging_mixin.py:149} INFO - [2023-06-28T14:25:56.518+0000] {dagbag.py:541} INFO - Filling up the DagBag from /home/airflow/.local/lib/python3.7/site-packages/airflow/example_dags/example_bash_operator.py
[2023-06-28T14:25:56.569+0000] {processor.py:836} INFO - DAG(s) dict_keys(['example_bash_operator']) retrieved from /home/airflow/.local/lib/python3.7/site-packages/airflow/example_dags/example_bash_operator.py
[2023-06-28T14:25:56.724+0000] {logging_mixin.py:149} INFO - [2023-06-28T14:25:56.724+0000] {dag.py:2726} INFO - Sync 1 DAGs
[2023-06-28T14:25:56.850+0000] {logging_mixin.py:149} INFO - [2023-06-28T14:25:56.849+0000] {dag.py:3490} INFO - Setting next_dagrun for example_bash_operator to 2023-06-27T00:00:00+00:00, run_after=2023-06-28T00:00:00+00:00
[2023-06-28T14:25:56.954+0000] {processor.py:179} INFO - Processing /home/airflow/.local/lib/python3.7/site-packages/airflow/example_dags/example_bash_operator.py took 0.459 seconds
[2023-06-28T14:26:27.909+0000] {processor.py:157} INFO - Started process (PID=1199) to work on /home/airflow/.local/lib/python3.7/site-packages/airflow/example_dags/example_bash_operator.py
[2023-06-28T14:26:27.911+0000] {processor.py:826} INFO - Processing file /home/airflow/.local/lib/python3.7/site-packages/airflow/example_dags/example_bash_operator.py for tasks to queue
[2023-06-28T14:26:27.912+0000] {logging_mixin.py:149} INFO - [2023-06-28T14:26:27.912+0000] {dagbag.py:541} INFO - Filling up the DagBag from /home/airflow/.local/lib/python3.7/site-packages/airflow/example_dags/example_bash_operator.py
[2023-06-28T14:26:27.935+0000] {processor.py:836} INFO - DAG(s) dict_keys(['example_bash_operator']) retrieved from /home/airflow/.local/lib/python3.7/site-packages/airflow/example_dags/example_bash_operator.py
[2023-06-28T14:26:27.993+0000] {logging_mixin.py:149} INFO - [2023-06-28T14:26:27.993+0000] {dag.py:2726} INFO - Sync 1 DAGs
[2023-06-28T14:26:28.033+0000] {logging_mixin.py:149} INFO - [2023-06-28T14:26:28.033+0000] {dag.py:3490} INFO - Setting next_dagrun for example_bash_operator to 2023-06-27T00:00:00+00:00, run_after=2023-06-28T00:00:00+00:00
[2023-06-28T14:26:28.069+0000] {processor.py:179} INFO - Processing /home/airflow/.local/lib/python3.7/site-packages/airflow/example_dags/example_bash_operator.py took 0.165 seconds
[2023-06-28T14:26:58.262+0000] {processor.py:157} INFO - Started process (PID=1258) to work on /home/airflow/.local/lib/python3.7/site-packages/airflow/example_dags/example_bash_operator.py
[2023-06-28T14:26:58.264+0000] {processor.py:826} INFO - Processing file /home/airflow/.local/lib/python3.7/site-packages/airflow/example_dags/example_bash_operator.py for tasks to queue
[2023-06-28T14:26:58.265+0000] {logging_mixin.py:149} INFO - [2023-06-28T14:26:58.265+0000] {dagbag.py:541} INFO - Filling up the DagBag from /home/airflow/.local/lib/python3.7/site-packages/airflow/example_dags/example_bash_operator.py
[2023-06-28T14:26:58.284+0000] {processor.py:836} INFO - DAG(s) dict_keys(['example_bash_operator']) retrieved from /home/airflow/.local/lib/python3.7/site-packages/airflow/example_dags/example_bash_operator.py
[2023-06-28T14:26:58.343+0000] {logging_mixin.py:149} INFO - [2023-06-28T14:26:58.343+0000] {dag.py:2726} INFO - Sync 1 DAGs
[2023-06-28T14:26:58.389+0000] {logging_mixin.py:149} INFO - [2023-06-28T14:26:58.389+0000] {dag.py:3490} INFO - Setting next_dagrun for example_bash_operator to 2023-06-27T00:00:00+00:00, run_after=2023-06-28T00:00:00+00:00
[2023-06-28T14:26:58.426+0000] {processor.py:179} INFO - Processing /home/airflow/.local/lib/python3.7/site-packages/airflow/example_dags/example_bash_operator.py took 0.169 seconds
[2023-06-28T14:27:28.724+0000] {processor.py:157} INFO - Started process (PID=1317) to work on /home/airflow/.local/lib/python3.7/site-packages/airflow/example_dags/example_bash_operator.py
[2023-06-28T14:27:28.726+0000] {processor.py:826} INFO - Processing file /home/airflow/.local/lib/python3.7/site-packages/airflow/example_dags/example_bash_operator.py for tasks to queue
[2023-06-28T14:27:28.727+0000] {logging_mixin.py:149} INFO - [2023-06-28T14:27:28.727+0000] {dagbag.py:541} INFO - Filling up the DagBag from /home/airflow/.local/lib/python3.7/site-packages/airflow/example_dags/example_bash_operator.py
[2023-06-28T14:27:28.746+0000] {processor.py:836} INFO - DAG(s) dict_keys(['example_bash_operator']) retrieved from /home/airflow/.local/lib/python3.7/site-packages/airflow/example_dags/example_bash_operator.py
[2023-06-28T14:27:28.805+0000] {logging_mixin.py:149} INFO - [2023-06-28T14:27:28.805+0000] {dag.py:2726} INFO - Sync 1 DAGs
[2023-06-28T14:27:28.846+0000] {logging_mixin.py:149} INFO - [2023-06-28T14:27:28.845+0000] {dag.py:3490} INFO - Setting next_dagrun for example_bash_operator to 2023-06-27T00:00:00+00:00, run_after=2023-06-28T00:00:00+00:00
[2023-06-28T14:27:28.880+0000] {processor.py:179} INFO - Processing /home/airflow/.local/lib/python3.7/site-packages/airflow/example_dags/example_bash_operator.py took 0.160 seconds
[2023-06-28T14:27:59.052+0000] {processor.py:157} INFO - Started process (PID=1377) to work on /home/airflow/.local/lib/python3.7/site-packages/airflow/example_dags/example_bash_operator.py
[2023-06-28T14:27:59.055+0000] {processor.py:826} INFO - Processing file /home/airflow/.local/lib/python3.7/site-packages/airflow/example_dags/example_bash_operator.py for tasks to queue
[2023-06-28T14:27:59.057+0000] {logging_mixin.py:149} INFO - [2023-06-28T14:27:59.056+0000] {dagbag.py:541} INFO - Filling up the DagBag from /home/airflow/.local/lib/python3.7/site-packages/airflow/example_dags/example_bash_operator.py
[2023-06-28T14:27:59.081+0000] {processor.py:836} INFO - DAG(s) dict_keys(['example_bash_operator']) retrieved from /home/airflow/.local/lib/python3.7/site-packages/airflow/example_dags/example_bash_operator.py
[2023-06-28T14:27:59.155+0000] {logging_mixin.py:149} INFO - [2023-06-28T14:27:59.155+0000] {dag.py:2726} INFO - Sync 1 DAGs
[2023-06-28T14:27:59.246+0000] {logging_mixin.py:149} INFO - [2023-06-28T14:27:59.246+0000] {dag.py:3490} INFO - Setting next_dagrun for example_bash_operator to 2023-06-27T00:00:00+00:00, run_after=2023-06-28T00:00:00+00:00
[2023-06-28T14:27:59.327+0000] {processor.py:179} INFO - Processing /home/airflow/.local/lib/python3.7/site-packages/airflow/example_dags/example_bash_operator.py took 0.281 seconds
[2023-06-28T14:28:29.548+0000] {processor.py:157} INFO - Started process (PID=1436) to work on /home/airflow/.local/lib/python3.7/site-packages/airflow/example_dags/example_bash_operator.py
[2023-06-28T14:28:29.549+0000] {processor.py:826} INFO - Processing file /home/airflow/.local/lib/python3.7/site-packages/airflow/example_dags/example_bash_operator.py for tasks to queue
[2023-06-28T14:28:29.550+0000] {logging_mixin.py:149} INFO - [2023-06-28T14:28:29.550+0000] {dagbag.py:541} INFO - Filling up the DagBag from /home/airflow/.local/lib/python3.7/site-packages/airflow/example_dags/example_bash_operator.py
[2023-06-28T14:28:29.568+0000] {processor.py:836} INFO - DAG(s) dict_keys(['example_bash_operator']) retrieved from /home/airflow/.local/lib/python3.7/site-packages/airflow/example_dags/example_bash_operator.py
[2023-06-28T14:28:29.621+0000] {logging_mixin.py:149} INFO - [2023-06-28T14:28:29.620+0000] {dag.py:2726} INFO - Sync 1 DAGs
[2023-06-28T14:28:29.655+0000] {logging_mixin.py:149} INFO - [2023-06-28T14:28:29.655+0000] {dag.py:3490} INFO - Setting next_dagrun for example_bash_operator to 2023-06-27T00:00:00+00:00, run_after=2023-06-28T00:00:00+00:00
[2023-06-28T14:28:29.689+0000] {processor.py:179} INFO - Processing /home/airflow/.local/lib/python3.7/site-packages/airflow/example_dags/example_bash_operator.py took 0.145 seconds
[2023-06-28T14:29:00.205+0000] {processor.py:157} INFO - Started process (PID=1495) to work on /home/airflow/.local/lib/python3.7/site-packages/airflow/example_dags/example_bash_operator.py
[2023-06-28T14:29:00.207+0000] {processor.py:826} INFO - Processing file /home/airflow/.local/lib/python3.7/site-packages/airflow/example_dags/example_bash_operator.py for tasks to queue
[2023-06-28T14:29:00.209+0000] {logging_mixin.py:149} INFO - [2023-06-28T14:29:00.208+0000] {dagbag.py:541} INFO - Filling up the DagBag from /home/airflow/.local/lib/python3.7/site-packages/airflow/example_dags/example_bash_operator.py
[2023-06-28T14:29:00.260+0000] {processor.py:836} INFO - DAG(s) dict_keys(['example_bash_operator']) retrieved from /home/airflow/.local/lib/python3.7/site-packages/airflow/example_dags/example_bash_operator.py
[2023-06-28T14:29:00.403+0000] {logging_mixin.py:149} INFO - [2023-06-28T14:29:00.402+0000] {dag.py:2726} INFO - Sync 1 DAGs
[2023-06-28T14:29:00.477+0000] {logging_mixin.py:149} INFO - [2023-06-28T14:29:00.477+0000] {dag.py:3490} INFO - Setting next_dagrun for example_bash_operator to 2023-06-27T00:00:00+00:00, run_after=2023-06-28T00:00:00+00:00
[2023-06-28T14:29:00.535+0000] {processor.py:179} INFO - Processing /home/airflow/.local/lib/python3.7/site-packages/airflow/example_dags/example_bash_operator.py took 0.343 seconds
[2023-06-28T14:29:30.712+0000] {processor.py:157} INFO - Started process (PID=1555) to work on /home/airflow/.local/lib/python3.7/site-packages/airflow/example_dags/example_bash_operator.py
[2023-06-28T14:29:30.714+0000] {processor.py:826} INFO - Processing file /home/airflow/.local/lib/python3.7/site-packages/airflow/example_dags/example_bash_operator.py for tasks to queue
[2023-06-28T14:29:30.715+0000] {logging_mixin.py:149} INFO - [2023-06-28T14:29:30.715+0000] {dagbag.py:541} INFO - Filling up the DagBag from /home/airflow/.local/lib/python3.7/site-packages/airflow/example_dags/example_bash_operator.py
[2023-06-28T14:29:30.735+0000] {processor.py:836} INFO - DAG(s) dict_keys(['example_bash_operator']) retrieved from /home/airflow/.local/lib/python3.7/site-packages/airflow/example_dags/example_bash_operator.py
[2023-06-28T14:29:30.794+0000] {logging_mixin.py:149} INFO - [2023-06-28T14:29:30.794+0000] {dag.py:2726} INFO - Sync 1 DAGs
[2023-06-28T14:29:30.833+0000] {logging_mixin.py:149} INFO - [2023-06-28T14:29:30.833+0000] {dag.py:3490} INFO - Setting next_dagrun for example_bash_operator to 2023-06-27T00:00:00+00:00, run_after=2023-06-28T00:00:00+00:00
[2023-06-28T14:29:30.875+0000] {processor.py:179} INFO - Processing /home/airflow/.local/lib/python3.7/site-packages/airflow/example_dags/example_bash_operator.py took 0.169 seconds
[2023-06-28T14:30:01.235+0000] {processor.py:157} INFO - Started process (PID=1614) to work on /home/airflow/.local/lib/python3.7/site-packages/airflow/example_dags/example_bash_operator.py
[2023-06-28T14:30:01.236+0000] {processor.py:826} INFO - Processing file /home/airflow/.local/lib/python3.7/site-packages/airflow/example_dags/example_bash_operator.py for tasks to queue
[2023-06-28T14:30:01.237+0000] {logging_mixin.py:149} INFO - [2023-06-28T14:30:01.237+0000] {dagbag.py:541} INFO - Filling up the DagBag from /home/airflow/.local/lib/python3.7/site-packages/airflow/example_dags/example_bash_operator.py
[2023-06-28T14:30:01.261+0000] {processor.py:836} INFO - DAG(s) dict_keys(['example_bash_operator']) retrieved from /home/airflow/.local/lib/python3.7/site-packages/airflow/example_dags/example_bash_operator.py
[2023-06-28T14:30:01.327+0000] {logging_mixin.py:149} INFO - [2023-06-28T14:30:01.327+0000] {dag.py:2726} INFO - Sync 1 DAGs
[2023-06-28T14:30:01.371+0000] {logging_mixin.py:149} INFO - [2023-06-28T14:30:01.371+0000] {dag.py:3490} INFO - Setting next_dagrun for example_bash_operator to 2023-06-27T00:00:00+00:00, run_after=2023-06-28T00:00:00+00:00
[2023-06-28T14:30:01.405+0000] {processor.py:179} INFO - Processing /home/airflow/.local/lib/python3.7/site-packages/airflow/example_dags/example_bash_operator.py took 0.176 seconds
[2023-06-28T14:30:31.764+0000] {processor.py:157} INFO - Started process (PID=1673) to work on /home/airflow/.local/lib/python3.7/site-packages/airflow/example_dags/example_bash_operator.py
[2023-06-28T14:30:31.766+0000] {processor.py:826} INFO - Processing file /home/airflow/.local/lib/python3.7/site-packages/airflow/example_dags/example_bash_operator.py for tasks to queue
[2023-06-28T14:30:31.767+0000] {logging_mixin.py:149} INFO - [2023-06-28T14:30:31.767+0000] {dagbag.py:541} INFO - Filling up the DagBag from /home/airflow/.local/lib/python3.7/site-packages/airflow/example_dags/example_bash_operator.py
[2023-06-28T14:30:31.786+0000] {processor.py:836} INFO - DAG(s) dict_keys(['example_bash_operator']) retrieved from /home/airflow/.local/lib/python3.7/site-packages/airflow/example_dags/example_bash_operator.py
[2023-06-28T14:30:31.886+0000] {logging_mixin.py:149} INFO - [2023-06-28T14:30:31.885+0000] {dag.py:2726} INFO - Sync 1 DAGs
[2023-06-28T14:30:31.943+0000] {logging_mixin.py:149} INFO - [2023-06-28T14:30:31.943+0000] {dag.py:3490} INFO - Setting next_dagrun for example_bash_operator to 2023-06-27T00:00:00+00:00, run_after=2023-06-28T00:00:00+00:00
[2023-06-28T14:30:32.007+0000] {processor.py:179} INFO - Processing /home/airflow/.local/lib/python3.7/site-packages/airflow/example_dags/example_bash_operator.py took 0.248 seconds
[2023-06-28T14:31:02.480+0000] {processor.py:157} INFO - Started process (PID=1732) to work on /home/airflow/.local/lib/python3.7/site-packages/airflow/example_dags/example_bash_operator.py
[2023-06-28T14:31:02.481+0000] {processor.py:826} INFO - Processing file /home/airflow/.local/lib/python3.7/site-packages/airflow/example_dags/example_bash_operator.py for tasks to queue
[2023-06-28T14:31:02.482+0000] {logging_mixin.py:149} INFO - [2023-06-28T14:31:02.482+0000] {dagbag.py:541} INFO - Filling up the DagBag from /home/airflow/.local/lib/python3.7/site-packages/airflow/example_dags/example_bash_operator.py
[2023-06-28T14:31:02.502+0000] {processor.py:836} INFO - DAG(s) dict_keys(['example_bash_operator']) retrieved from /home/airflow/.local/lib/python3.7/site-packages/airflow/example_dags/example_bash_operator.py
[2023-06-28T14:31:02.561+0000] {logging_mixin.py:149} INFO - [2023-06-28T14:31:02.561+0000] {dag.py:2726} INFO - Sync 1 DAGs
[2023-06-28T14:31:02.600+0000] {logging_mixin.py:149} INFO - [2023-06-28T14:31:02.599+0000] {dag.py:3490} INFO - Setting next_dagrun for example_bash_operator to 2023-06-27T00:00:00+00:00, run_after=2023-06-28T00:00:00+00:00
[2023-06-28T14:31:02.636+0000] {processor.py:179} INFO - Processing /home/airflow/.local/lib/python3.7/site-packages/airflow/example_dags/example_bash_operator.py took 0.160 seconds
[2023-06-28T14:31:33.036+0000] {processor.py:157} INFO - Started process (PID=1792) to work on /home/airflow/.local/lib/python3.7/site-packages/airflow/example_dags/example_bash_operator.py
[2023-06-28T14:31:33.037+0000] {processor.py:826} INFO - Processing file /home/airflow/.local/lib/python3.7/site-packages/airflow/example_dags/example_bash_operator.py for tasks to queue
[2023-06-28T14:31:33.039+0000] {logging_mixin.py:149} INFO - [2023-06-28T14:31:33.039+0000] {dagbag.py:541} INFO - Filling up the DagBag from /home/airflow/.local/lib/python3.7/site-packages/airflow/example_dags/example_bash_operator.py
[2023-06-28T14:31:33.061+0000] {processor.py:836} INFO - DAG(s) dict_keys(['example_bash_operator']) retrieved from /home/airflow/.local/lib/python3.7/site-packages/airflow/example_dags/example_bash_operator.py
[2023-06-28T14:31:33.123+0000] {logging_mixin.py:149} INFO - [2023-06-28T14:31:33.122+0000] {dag.py:2726} INFO - Sync 1 DAGs
[2023-06-28T14:31:33.172+0000] {logging_mixin.py:149} INFO - [2023-06-28T14:31:33.172+0000] {dag.py:3490} INFO - Setting next_dagrun for example_bash_operator to 2023-06-27T00:00:00+00:00, run_after=2023-06-28T00:00:00+00:00
[2023-06-28T14:31:33.210+0000] {processor.py:179} INFO - Processing /home/airflow/.local/lib/python3.7/site-packages/airflow/example_dags/example_bash_operator.py took 0.179 seconds
[2023-06-28T14:32:03.255+0000] {processor.py:157} INFO - Started process (PID=1852) to work on /home/airflow/.local/lib/python3.7/site-packages/airflow/example_dags/example_bash_operator.py
[2023-06-28T14:32:03.257+0000] {processor.py:826} INFO - Processing file /home/airflow/.local/lib/python3.7/site-packages/airflow/example_dags/example_bash_operator.py for tasks to queue
[2023-06-28T14:32:03.258+0000] {logging_mixin.py:149} INFO - [2023-06-28T14:32:03.258+0000] {dagbag.py:541} INFO - Filling up the DagBag from /home/airflow/.local/lib/python3.7/site-packages/airflow/example_dags/example_bash_operator.py
[2023-06-28T14:32:03.279+0000] {processor.py:836} INFO - DAG(s) dict_keys(['example_bash_operator']) retrieved from /home/airflow/.local/lib/python3.7/site-packages/airflow/example_dags/example_bash_operator.py
[2023-06-28T14:32:03.343+0000] {logging_mixin.py:149} INFO - [2023-06-28T14:32:03.342+0000] {dag.py:2726} INFO - Sync 1 DAGs
[2023-06-28T14:32:03.387+0000] {logging_mixin.py:149} INFO - [2023-06-28T14:32:03.387+0000] {dag.py:3490} INFO - Setting next_dagrun for example_bash_operator to 2023-06-27T00:00:00+00:00, run_after=2023-06-28T00:00:00+00:00
[2023-06-28T14:32:03.432+0000] {processor.py:179} INFO - Processing /home/airflow/.local/lib/python3.7/site-packages/airflow/example_dags/example_bash_operator.py took 0.181 seconds
[2023-06-28T14:32:33.630+0000] {processor.py:157} INFO - Started process (PID=1909) to work on /home/airflow/.local/lib/python3.7/site-packages/airflow/example_dags/example_bash_operator.py
[2023-06-28T14:32:33.632+0000] {processor.py:826} INFO - Processing file /home/airflow/.local/lib/python3.7/site-packages/airflow/example_dags/example_bash_operator.py for tasks to queue
[2023-06-28T14:32:33.633+0000] {logging_mixin.py:149} INFO - [2023-06-28T14:32:33.633+0000] {dagbag.py:541} INFO - Filling up the DagBag from /home/airflow/.local/lib/python3.7/site-packages/airflow/example_dags/example_bash_operator.py
[2023-06-28T14:32:33.660+0000] {processor.py:836} INFO - DAG(s) dict_keys(['example_bash_operator']) retrieved from /home/airflow/.local/lib/python3.7/site-packages/airflow/example_dags/example_bash_operator.py
[2023-06-28T14:32:33.726+0000] {logging_mixin.py:149} INFO - [2023-06-28T14:32:33.726+0000] {dag.py:2726} INFO - Sync 1 DAGs
[2023-06-28T14:32:33.767+0000] {logging_mixin.py:149} INFO - [2023-06-28T14:32:33.767+0000] {dag.py:3490} INFO - Setting next_dagrun for example_bash_operator to 2023-06-27T00:00:00+00:00, run_after=2023-06-28T00:00:00+00:00
[2023-06-28T14:32:33.798+0000] {processor.py:179} INFO - Processing /home/airflow/.local/lib/python3.7/site-packages/airflow/example_dags/example_bash_operator.py took 0.172 seconds
[2023-06-28T14:33:04.097+0000] {processor.py:157} INFO - Started process (PID=1967) to work on /home/airflow/.local/lib/python3.7/site-packages/airflow/example_dags/example_bash_operator.py
[2023-06-28T14:33:04.098+0000] {processor.py:826} INFO - Processing file /home/airflow/.local/lib/python3.7/site-packages/airflow/example_dags/example_bash_operator.py for tasks to queue
[2023-06-28T14:33:04.100+0000] {logging_mixin.py:149} INFO - [2023-06-28T14:33:04.099+0000] {dagbag.py:541} INFO - Filling up the DagBag from /home/airflow/.local/lib/python3.7/site-packages/airflow/example_dags/example_bash_operator.py
[2023-06-28T14:33:04.122+0000] {processor.py:836} INFO - DAG(s) dict_keys(['example_bash_operator']) retrieved from /home/airflow/.local/lib/python3.7/site-packages/airflow/example_dags/example_bash_operator.py
[2023-06-28T14:33:04.184+0000] {logging_mixin.py:149} INFO - [2023-06-28T14:33:04.184+0000] {dag.py:2726} INFO - Sync 1 DAGs
[2023-06-28T14:33:04.231+0000] {logging_mixin.py:149} INFO - [2023-06-28T14:33:04.231+0000] {dag.py:3490} INFO - Setting next_dagrun for example_bash_operator to 2023-06-27T00:00:00+00:00, run_after=2023-06-28T00:00:00+00:00
[2023-06-28T14:33:04.267+0000] {processor.py:179} INFO - Processing /home/airflow/.local/lib/python3.7/site-packages/airflow/example_dags/example_bash_operator.py took 0.174 seconds
[2023-06-28T14:33:34.446+0000] {processor.py:157} INFO - Started process (PID=2026) to work on /home/airflow/.local/lib/python3.7/site-packages/airflow/example_dags/example_bash_operator.py
[2023-06-28T14:33:34.448+0000] {processor.py:826} INFO - Processing file /home/airflow/.local/lib/python3.7/site-packages/airflow/example_dags/example_bash_operator.py for tasks to queue
[2023-06-28T14:33:34.450+0000] {logging_mixin.py:149} INFO - [2023-06-28T14:33:34.449+0000] {dagbag.py:541} INFO - Filling up the DagBag from /home/airflow/.local/lib/python3.7/site-packages/airflow/example_dags/example_bash_operator.py
[2023-06-28T14:33:34.476+0000] {processor.py:836} INFO - DAG(s) dict_keys(['example_bash_operator']) retrieved from /home/airflow/.local/lib/python3.7/site-packages/airflow/example_dags/example_bash_operator.py
[2023-06-28T14:33:34.552+0000] {logging_mixin.py:149} INFO - [2023-06-28T14:33:34.552+0000] {dag.py:2726} INFO - Sync 1 DAGs
[2023-06-28T14:33:34.600+0000] {logging_mixin.py:149} INFO - [2023-06-28T14:33:34.599+0000] {dag.py:3490} INFO - Setting next_dagrun for example_bash_operator to 2023-06-27T00:00:00+00:00, run_after=2023-06-28T00:00:00+00:00
[2023-06-28T14:33:34.638+0000] {processor.py:179} INFO - Processing /home/airflow/.local/lib/python3.7/site-packages/airflow/example_dags/example_bash_operator.py took 0.198 seconds
[2023-06-28T14:34:05.313+0000] {processor.py:157} INFO - Started process (PID=2085) to work on /home/airflow/.local/lib/python3.7/site-packages/airflow/example_dags/example_bash_operator.py
[2023-06-28T14:34:05.315+0000] {processor.py:826} INFO - Processing file /home/airflow/.local/lib/python3.7/site-packages/airflow/example_dags/example_bash_operator.py for tasks to queue
[2023-06-28T14:34:05.318+0000] {logging_mixin.py:149} INFO - [2023-06-28T14:34:05.317+0000] {dagbag.py:541} INFO - Filling up the DagBag from /home/airflow/.local/lib/python3.7/site-packages/airflow/example_dags/example_bash_operator.py
[2023-06-28T14:34:05.342+0000] {processor.py:836} INFO - DAG(s) dict_keys(['example_bash_operator']) retrieved from /home/airflow/.local/lib/python3.7/site-packages/airflow/example_dags/example_bash_operator.py
[2023-06-28T14:34:05.413+0000] {logging_mixin.py:149} INFO - [2023-06-28T14:34:05.413+0000] {dag.py:2726} INFO - Sync 1 DAGs
[2023-06-28T14:34:05.467+0000] {logging_mixin.py:149} INFO - [2023-06-28T14:34:05.466+0000] {dag.py:3490} INFO - Setting next_dagrun for example_bash_operator to 2023-06-27T00:00:00+00:00, run_after=2023-06-28T00:00:00+00:00
[2023-06-28T14:34:05.518+0000] {processor.py:179} INFO - Processing /home/airflow/.local/lib/python3.7/site-packages/airflow/example_dags/example_bash_operator.py took 0.209 seconds
[2023-06-28T14:34:35.859+0000] {processor.py:157} INFO - Started process (PID=2143) to work on /home/airflow/.local/lib/python3.7/site-packages/airflow/example_dags/example_bash_operator.py
[2023-06-28T14:34:35.861+0000] {processor.py:826} INFO - Processing file /home/airflow/.local/lib/python3.7/site-packages/airflow/example_dags/example_bash_operator.py for tasks to queue
[2023-06-28T14:34:35.862+0000] {logging_mixin.py:149} INFO - [2023-06-28T14:34:35.862+0000] {dagbag.py:541} INFO - Filling up the DagBag from /home/airflow/.local/lib/python3.7/site-packages/airflow/example_dags/example_bash_operator.py
[2023-06-28T14:34:35.880+0000] {processor.py:836} INFO - DAG(s) dict_keys(['example_bash_operator']) retrieved from /home/airflow/.local/lib/python3.7/site-packages/airflow/example_dags/example_bash_operator.py
[2023-06-28T14:34:35.931+0000] {logging_mixin.py:149} INFO - [2023-06-28T14:34:35.931+0000] {dag.py:2726} INFO - Sync 1 DAGs
[2023-06-28T14:34:35.973+0000] {logging_mixin.py:149} INFO - [2023-06-28T14:34:35.973+0000] {dag.py:3490} INFO - Setting next_dagrun for example_bash_operator to 2023-06-27T00:00:00+00:00, run_after=2023-06-28T00:00:00+00:00
[2023-06-28T14:34:36.003+0000] {processor.py:179} INFO - Processing /home/airflow/.local/lib/python3.7/site-packages/airflow/example_dags/example_bash_operator.py took 0.147 seconds
[2023-06-28T14:35:06.071+0000] {processor.py:157} INFO - Started process (PID=2203) to work on /home/airflow/.local/lib/python3.7/site-packages/airflow/example_dags/example_bash_operator.py
[2023-06-28T14:35:06.072+0000] {processor.py:826} INFO - Processing file /home/airflow/.local/lib/python3.7/site-packages/airflow/example_dags/example_bash_operator.py for tasks to queue
[2023-06-28T14:35:06.073+0000] {logging_mixin.py:149} INFO - [2023-06-28T14:35:06.073+0000] {dagbag.py:541} INFO - Filling up the DagBag from /home/airflow/.local/lib/python3.7/site-packages/airflow/example_dags/example_bash_operator.py
[2023-06-28T14:35:06.091+0000] {processor.py:836} INFO - DAG(s) dict_keys(['example_bash_operator']) retrieved from /home/airflow/.local/lib/python3.7/site-packages/airflow/example_dags/example_bash_operator.py
[2023-06-28T14:35:06.144+0000] {logging_mixin.py:149} INFO - [2023-06-28T14:35:06.144+0000] {dag.py:2726} INFO - Sync 1 DAGs
[2023-06-28T14:35:06.179+0000] {logging_mixin.py:149} INFO - [2023-06-28T14:35:06.179+0000] {dag.py:3490} INFO - Setting next_dagrun for example_bash_operator to 2023-06-27T00:00:00+00:00, run_after=2023-06-28T00:00:00+00:00
[2023-06-28T14:35:06.215+0000] {processor.py:179} INFO - Processing /home/airflow/.local/lib/python3.7/site-packages/airflow/example_dags/example_bash_operator.py took 0.148 seconds
[2023-06-28T14:35:36.519+0000] {processor.py:157} INFO - Started process (PID=2262) to work on /home/airflow/.local/lib/python3.7/site-packages/airflow/example_dags/example_bash_operator.py
[2023-06-28T14:35:36.521+0000] {processor.py:826} INFO - Processing file /home/airflow/.local/lib/python3.7/site-packages/airflow/example_dags/example_bash_operator.py for tasks to queue
[2023-06-28T14:35:36.523+0000] {logging_mixin.py:149} INFO - [2023-06-28T14:35:36.522+0000] {dagbag.py:541} INFO - Filling up the DagBag from /home/airflow/.local/lib/python3.7/site-packages/airflow/example_dags/example_bash_operator.py
[2023-06-28T14:35:36.548+0000] {processor.py:836} INFO - DAG(s) dict_keys(['example_bash_operator']) retrieved from /home/airflow/.local/lib/python3.7/site-packages/airflow/example_dags/example_bash_operator.py
[2023-06-28T14:35:36.609+0000] {logging_mixin.py:149} INFO - [2023-06-28T14:35:36.609+0000] {dag.py:2726} INFO - Sync 1 DAGs
[2023-06-28T14:35:36.662+0000] {logging_mixin.py:149} INFO - [2023-06-28T14:35:36.662+0000] {dag.py:3490} INFO - Setting next_dagrun for example_bash_operator to 2023-06-27T00:00:00+00:00, run_after=2023-06-28T00:00:00+00:00
[2023-06-28T14:35:36.733+0000] {processor.py:179} INFO - Processing /home/airflow/.local/lib/python3.7/site-packages/airflow/example_dags/example_bash_operator.py took 0.219 seconds
[2023-06-28T14:36:06.828+0000] {processor.py:157} INFO - Started process (PID=2322) to work on /home/airflow/.local/lib/python3.7/site-packages/airflow/example_dags/example_bash_operator.py
[2023-06-28T14:36:06.832+0000] {processor.py:826} INFO - Processing file /home/airflow/.local/lib/python3.7/site-packages/airflow/example_dags/example_bash_operator.py for tasks to queue
[2023-06-28T14:36:06.834+0000] {logging_mixin.py:149} INFO - [2023-06-28T14:36:06.834+0000] {dagbag.py:541} INFO - Filling up the DagBag from /home/airflow/.local/lib/python3.7/site-packages/airflow/example_dags/example_bash_operator.py
[2023-06-28T14:36:06.861+0000] {processor.py:836} INFO - DAG(s) dict_keys(['example_bash_operator']) retrieved from /home/airflow/.local/lib/python3.7/site-packages/airflow/example_dags/example_bash_operator.py
[2023-06-28T14:36:06.966+0000] {logging_mixin.py:149} INFO - [2023-06-28T14:36:06.965+0000] {dag.py:2726} INFO - Sync 1 DAGs
[2023-06-28T14:36:07.052+0000] {logging_mixin.py:149} INFO - [2023-06-28T14:36:07.051+0000] {dag.py:3490} INFO - Setting next_dagrun for example_bash_operator to 2023-06-27T00:00:00+00:00, run_after=2023-06-28T00:00:00+00:00
[2023-06-28T14:36:07.128+0000] {processor.py:179} INFO - Processing /home/airflow/.local/lib/python3.7/site-packages/airflow/example_dags/example_bash_operator.py took 0.306 seconds
[2023-06-28T14:36:37.992+0000] {processor.py:157} INFO - Started process (PID=2381) to work on /home/airflow/.local/lib/python3.7/site-packages/airflow/example_dags/example_bash_operator.py
[2023-06-28T14:36:37.993+0000] {processor.py:826} INFO - Processing file /home/airflow/.local/lib/python3.7/site-packages/airflow/example_dags/example_bash_operator.py for tasks to queue
[2023-06-28T14:36:37.995+0000] {logging_mixin.py:149} INFO - [2023-06-28T14:36:37.995+0000] {dagbag.py:541} INFO - Filling up the DagBag from /home/airflow/.local/lib/python3.7/site-packages/airflow/example_dags/example_bash_operator.py
[2023-06-28T14:36:38.020+0000] {processor.py:836} INFO - DAG(s) dict_keys(['example_bash_operator']) retrieved from /home/airflow/.local/lib/python3.7/site-packages/airflow/example_dags/example_bash_operator.py
[2023-06-28T14:36:38.090+0000] {logging_mixin.py:149} INFO - [2023-06-28T14:36:38.090+0000] {dag.py:2726} INFO - Sync 1 DAGs
[2023-06-28T14:36:38.129+0000] {logging_mixin.py:149} INFO - [2023-06-28T14:36:38.129+0000] {dag.py:3490} INFO - Setting next_dagrun for example_bash_operator to 2023-06-27T00:00:00+00:00, run_after=2023-06-28T00:00:00+00:00
[2023-06-28T14:36:38.170+0000] {processor.py:179} INFO - Processing /home/airflow/.local/lib/python3.7/site-packages/airflow/example_dags/example_bash_operator.py took 0.183 seconds
[2023-06-28T14:37:08.244+0000] {processor.py:157} INFO - Started process (PID=2440) to work on /home/airflow/.local/lib/python3.7/site-packages/airflow/example_dags/example_bash_operator.py
[2023-06-28T14:37:08.246+0000] {processor.py:826} INFO - Processing file /home/airflow/.local/lib/python3.7/site-packages/airflow/example_dags/example_bash_operator.py for tasks to queue
[2023-06-28T14:37:08.247+0000] {logging_mixin.py:149} INFO - [2023-06-28T14:37:08.247+0000] {dagbag.py:541} INFO - Filling up the DagBag from /home/airflow/.local/lib/python3.7/site-packages/airflow/example_dags/example_bash_operator.py
[2023-06-28T14:37:08.270+0000] {processor.py:836} INFO - DAG(s) dict_keys(['example_bash_operator']) retrieved from /home/airflow/.local/lib/python3.7/site-packages/airflow/example_dags/example_bash_operator.py
[2023-06-28T14:37:08.335+0000] {logging_mixin.py:149} INFO - [2023-06-28T14:37:08.335+0000] {dag.py:2726} INFO - Sync 1 DAGs
[2023-06-28T14:37:08.376+0000] {logging_mixin.py:149} INFO - [2023-06-28T14:37:08.376+0000] {dag.py:3490} INFO - Setting next_dagrun for example_bash_operator to 2023-06-27T00:00:00+00:00, run_after=2023-06-28T00:00:00+00:00
[2023-06-28T14:37:08.416+0000] {processor.py:179} INFO - Processing /home/airflow/.local/lib/python3.7/site-packages/airflow/example_dags/example_bash_operator.py took 0.177 seconds
[2023-06-28T14:37:38.968+0000] {processor.py:157} INFO - Started process (PID=2494) to work on /home/airflow/.local/lib/python3.7/site-packages/airflow/example_dags/example_bash_operator.py
[2023-06-28T14:37:38.969+0000] {processor.py:826} INFO - Processing file /home/airflow/.local/lib/python3.7/site-packages/airflow/example_dags/example_bash_operator.py for tasks to queue
[2023-06-28T14:37:38.971+0000] {logging_mixin.py:149} INFO - [2023-06-28T14:37:38.971+0000] {dagbag.py:541} INFO - Filling up the DagBag from /home/airflow/.local/lib/python3.7/site-packages/airflow/example_dags/example_bash_operator.py
[2023-06-28T14:37:38.998+0000] {processor.py:836} INFO - DAG(s) dict_keys(['example_bash_operator']) retrieved from /home/airflow/.local/lib/python3.7/site-packages/airflow/example_dags/example_bash_operator.py
[2023-06-28T14:37:39.066+0000] {logging_mixin.py:149} INFO - [2023-06-28T14:37:39.065+0000] {dag.py:2726} INFO - Sync 1 DAGs
[2023-06-28T14:37:39.112+0000] {logging_mixin.py:149} INFO - [2023-06-28T14:37:39.111+0000] {dag.py:3490} INFO - Setting next_dagrun for example_bash_operator to 2023-06-27T00:00:00+00:00, run_after=2023-06-28T00:00:00+00:00
[2023-06-28T14:37:39.151+0000] {processor.py:179} INFO - Processing /home/airflow/.local/lib/python3.7/site-packages/airflow/example_dags/example_bash_operator.py took 0.189 seconds
[2023-06-28T14:38:09.272+0000] {processor.py:157} INFO - Started process (PID=2554) to work on /home/airflow/.local/lib/python3.7/site-packages/airflow/example_dags/example_bash_operator.py
[2023-06-28T14:38:09.273+0000] {processor.py:826} INFO - Processing file /home/airflow/.local/lib/python3.7/site-packages/airflow/example_dags/example_bash_operator.py for tasks to queue
[2023-06-28T14:38:09.275+0000] {logging_mixin.py:149} INFO - [2023-06-28T14:38:09.275+0000] {dagbag.py:541} INFO - Filling up the DagBag from /home/airflow/.local/lib/python3.7/site-packages/airflow/example_dags/example_bash_operator.py
[2023-06-28T14:38:09.297+0000] {processor.py:836} INFO - DAG(s) dict_keys(['example_bash_operator']) retrieved from /home/airflow/.local/lib/python3.7/site-packages/airflow/example_dags/example_bash_operator.py
[2023-06-28T14:38:09.366+0000] {logging_mixin.py:149} INFO - [2023-06-28T14:38:09.366+0000] {dag.py:2726} INFO - Sync 1 DAGs
[2023-06-28T14:38:09.410+0000] {logging_mixin.py:149} INFO - [2023-06-28T14:38:09.410+0000] {dag.py:3490} INFO - Setting next_dagrun for example_bash_operator to 2023-06-27T00:00:00+00:00, run_after=2023-06-28T00:00:00+00:00
[2023-06-28T14:38:09.444+0000] {processor.py:179} INFO - Processing /home/airflow/.local/lib/python3.7/site-packages/airflow/example_dags/example_bash_operator.py took 0.177 seconds
[2023-06-28T14:38:39.784+0000] {processor.py:157} INFO - Started process (PID=2613) to work on /home/airflow/.local/lib/python3.7/site-packages/airflow/example_dags/example_bash_operator.py
[2023-06-28T14:38:39.785+0000] {processor.py:826} INFO - Processing file /home/airflow/.local/lib/python3.7/site-packages/airflow/example_dags/example_bash_operator.py for tasks to queue
[2023-06-28T14:38:39.787+0000] {logging_mixin.py:149} INFO - [2023-06-28T14:38:39.787+0000] {dagbag.py:541} INFO - Filling up the DagBag from /home/airflow/.local/lib/python3.7/site-packages/airflow/example_dags/example_bash_operator.py
[2023-06-28T14:38:39.815+0000] {processor.py:836} INFO - DAG(s) dict_keys(['example_bash_operator']) retrieved from /home/airflow/.local/lib/python3.7/site-packages/airflow/example_dags/example_bash_operator.py
[2023-06-28T14:38:39.881+0000] {logging_mixin.py:149} INFO - [2023-06-28T14:38:39.881+0000] {dag.py:2726} INFO - Sync 1 DAGs
[2023-06-28T14:38:39.924+0000] {logging_mixin.py:149} INFO - [2023-06-28T14:38:39.924+0000] {dag.py:3490} INFO - Setting next_dagrun for example_bash_operator to 2023-06-27T00:00:00+00:00, run_after=2023-06-28T00:00:00+00:00
[2023-06-28T14:38:39.958+0000] {processor.py:179} INFO - Processing /home/airflow/.local/lib/python3.7/site-packages/airflow/example_dags/example_bash_operator.py took 0.182 seconds
[2023-06-28T14:39:10.223+0000] {processor.py:157} INFO - Started process (PID=2672) to work on /home/airflow/.local/lib/python3.7/site-packages/airflow/example_dags/example_bash_operator.py
[2023-06-28T14:39:10.236+0000] {processor.py:826} INFO - Processing file /home/airflow/.local/lib/python3.7/site-packages/airflow/example_dags/example_bash_operator.py for tasks to queue
[2023-06-28T14:39:10.238+0000] {logging_mixin.py:149} INFO - [2023-06-28T14:39:10.238+0000] {dagbag.py:541} INFO - Filling up the DagBag from /home/airflow/.local/lib/python3.7/site-packages/airflow/example_dags/example_bash_operator.py
[2023-06-28T14:39:10.277+0000] {processor.py:836} INFO - DAG(s) dict_keys(['example_bash_operator']) retrieved from /home/airflow/.local/lib/python3.7/site-packages/airflow/example_dags/example_bash_operator.py
[2023-06-28T14:39:10.404+0000] {logging_mixin.py:149} INFO - [2023-06-28T14:39:10.402+0000] {dag.py:2726} INFO - Sync 1 DAGs
[2023-06-28T14:39:10.481+0000] {logging_mixin.py:149} INFO - [2023-06-28T14:39:10.480+0000] {dag.py:3490} INFO - Setting next_dagrun for example_bash_operator to 2023-06-27T00:00:00+00:00, run_after=2023-06-28T00:00:00+00:00
[2023-06-28T14:39:10.523+0000] {processor.py:179} INFO - Processing /home/airflow/.local/lib/python3.7/site-packages/airflow/example_dags/example_bash_operator.py took 0.306 seconds
[2023-06-28T14:39:40.854+0000] {processor.py:157} INFO - Started process (PID=2731) to work on /home/airflow/.local/lib/python3.7/site-packages/airflow/example_dags/example_bash_operator.py
[2023-06-28T14:39:40.855+0000] {processor.py:826} INFO - Processing file /home/airflow/.local/lib/python3.7/site-packages/airflow/example_dags/example_bash_operator.py for tasks to queue
[2023-06-28T14:39:40.857+0000] {logging_mixin.py:149} INFO - [2023-06-28T14:39:40.856+0000] {dagbag.py:541} INFO - Filling up the DagBag from /home/airflow/.local/lib/python3.7/site-packages/airflow/example_dags/example_bash_operator.py
[2023-06-28T14:39:40.877+0000] {processor.py:836} INFO - DAG(s) dict_keys(['example_bash_operator']) retrieved from /home/airflow/.local/lib/python3.7/site-packages/airflow/example_dags/example_bash_operator.py
[2023-06-28T14:39:40.944+0000] {logging_mixin.py:149} INFO - [2023-06-28T14:39:40.944+0000] {dag.py:2726} INFO - Sync 1 DAGs
[2023-06-28T14:39:40.987+0000] {logging_mixin.py:149} INFO - [2023-06-28T14:39:40.987+0000] {dag.py:3490} INFO - Setting next_dagrun for example_bash_operator to 2023-06-27T00:00:00+00:00, run_after=2023-06-28T00:00:00+00:00
[2023-06-28T14:39:41.023+0000] {processor.py:179} INFO - Processing /home/airflow/.local/lib/python3.7/site-packages/airflow/example_dags/example_bash_operator.py took 0.174 seconds
[2023-06-28T14:40:11.323+0000] {processor.py:157} INFO - Started process (PID=2791) to work on /home/airflow/.local/lib/python3.7/site-packages/airflow/example_dags/example_bash_operator.py
[2023-06-28T14:40:11.325+0000] {processor.py:826} INFO - Processing file /home/airflow/.local/lib/python3.7/site-packages/airflow/example_dags/example_bash_operator.py for tasks to queue
[2023-06-28T14:40:11.327+0000] {logging_mixin.py:149} INFO - [2023-06-28T14:40:11.326+0000] {dagbag.py:541} INFO - Filling up the DagBag from /home/airflow/.local/lib/python3.7/site-packages/airflow/example_dags/example_bash_operator.py
[2023-06-28T14:40:11.351+0000] {processor.py:836} INFO - DAG(s) dict_keys(['example_bash_operator']) retrieved from /home/airflow/.local/lib/python3.7/site-packages/airflow/example_dags/example_bash_operator.py
[2023-06-28T14:40:11.445+0000] {logging_mixin.py:149} INFO - [2023-06-28T14:40:11.445+0000] {dag.py:2726} INFO - Sync 1 DAGs
[2023-06-28T14:40:11.511+0000] {logging_mixin.py:149} INFO - [2023-06-28T14:40:11.510+0000] {dag.py:3490} INFO - Setting next_dagrun for example_bash_operator to 2023-06-27T00:00:00+00:00, run_after=2023-06-28T00:00:00+00:00
[2023-06-28T14:40:11.556+0000] {processor.py:179} INFO - Processing /home/airflow/.local/lib/python3.7/site-packages/airflow/example_dags/example_bash_operator.py took 0.240 seconds
[2023-06-28T14:40:41.760+0000] {processor.py:157} INFO - Started process (PID=2851) to work on /home/airflow/.local/lib/python3.7/site-packages/airflow/example_dags/example_bash_operator.py
[2023-06-28T14:40:41.761+0000] {processor.py:826} INFO - Processing file /home/airflow/.local/lib/python3.7/site-packages/airflow/example_dags/example_bash_operator.py for tasks to queue
[2023-06-28T14:40:41.763+0000] {logging_mixin.py:149} INFO - [2023-06-28T14:40:41.763+0000] {dagbag.py:541} INFO - Filling up the DagBag from /home/airflow/.local/lib/python3.7/site-packages/airflow/example_dags/example_bash_operator.py
[2023-06-28T14:40:41.784+0000] {processor.py:836} INFO - DAG(s) dict_keys(['example_bash_operator']) retrieved from /home/airflow/.local/lib/python3.7/site-packages/airflow/example_dags/example_bash_operator.py
[2023-06-28T14:40:41.840+0000] {logging_mixin.py:149} INFO - [2023-06-28T14:40:41.840+0000] {dag.py:2726} INFO - Sync 1 DAGs
[2023-06-28T14:40:41.880+0000] {logging_mixin.py:149} INFO - [2023-06-28T14:40:41.879+0000] {dag.py:3490} INFO - Setting next_dagrun for example_bash_operator to 2023-06-27T00:00:00+00:00, run_after=2023-06-28T00:00:00+00:00
[2023-06-28T14:40:41.915+0000] {processor.py:179} INFO - Processing /home/airflow/.local/lib/python3.7/site-packages/airflow/example_dags/example_bash_operator.py took 0.161 seconds
[2023-06-28T14:41:12.246+0000] {processor.py:157} INFO - Started process (PID=2910) to work on /home/airflow/.local/lib/python3.7/site-packages/airflow/example_dags/example_bash_operator.py
[2023-06-28T14:41:12.248+0000] {processor.py:826} INFO - Processing file /home/airflow/.local/lib/python3.7/site-packages/airflow/example_dags/example_bash_operator.py for tasks to queue
[2023-06-28T14:41:12.249+0000] {logging_mixin.py:149} INFO - [2023-06-28T14:41:12.249+0000] {dagbag.py:541} INFO - Filling up the DagBag from /home/airflow/.local/lib/python3.7/site-packages/airflow/example_dags/example_bash_operator.py
[2023-06-28T14:41:12.286+0000] {processor.py:836} INFO - DAG(s) dict_keys(['example_bash_operator']) retrieved from /home/airflow/.local/lib/python3.7/site-packages/airflow/example_dags/example_bash_operator.py
[2023-06-28T14:41:12.355+0000] {logging_mixin.py:149} INFO - [2023-06-28T14:41:12.355+0000] {dag.py:2726} INFO - Sync 1 DAGs
[2023-06-28T14:41:12.394+0000] {logging_mixin.py:149} INFO - [2023-06-28T14:41:12.394+0000] {dag.py:3490} INFO - Setting next_dagrun for example_bash_operator to 2023-06-27T00:00:00+00:00, run_after=2023-06-28T00:00:00+00:00
[2023-06-28T14:41:12.425+0000] {processor.py:179} INFO - Processing /home/airflow/.local/lib/python3.7/site-packages/airflow/example_dags/example_bash_operator.py took 0.185 seconds
[2023-06-28T14:41:42.661+0000] {processor.py:157} INFO - Started process (PID=2970) to work on /home/airflow/.local/lib/python3.7/site-packages/airflow/example_dags/example_bash_operator.py
[2023-06-28T14:41:42.663+0000] {processor.py:826} INFO - Processing file /home/airflow/.local/lib/python3.7/site-packages/airflow/example_dags/example_bash_operator.py for tasks to queue
[2023-06-28T14:41:42.664+0000] {logging_mixin.py:149} INFO - [2023-06-28T14:41:42.664+0000] {dagbag.py:541} INFO - Filling up the DagBag from /home/airflow/.local/lib/python3.7/site-packages/airflow/example_dags/example_bash_operator.py
[2023-06-28T14:41:42.686+0000] {processor.py:836} INFO - DAG(s) dict_keys(['example_bash_operator']) retrieved from /home/airflow/.local/lib/python3.7/site-packages/airflow/example_dags/example_bash_operator.py
[2023-06-28T14:41:42.748+0000] {logging_mixin.py:149} INFO - [2023-06-28T14:41:42.748+0000] {dag.py:2726} INFO - Sync 1 DAGs
[2023-06-28T14:41:42.791+0000] {logging_mixin.py:149} INFO - [2023-06-28T14:41:42.791+0000] {dag.py:3490} INFO - Setting next_dagrun for example_bash_operator to 2023-06-27T00:00:00+00:00, run_after=2023-06-28T00:00:00+00:00
[2023-06-28T14:41:42.830+0000] {processor.py:179} INFO - Processing /home/airflow/.local/lib/python3.7/site-packages/airflow/example_dags/example_bash_operator.py took 0.175 seconds
[2023-06-28T14:42:13.051+0000] {processor.py:157} INFO - Started process (PID=3029) to work on /home/airflow/.local/lib/python3.7/site-packages/airflow/example_dags/example_bash_operator.py
[2023-06-28T14:42:13.053+0000] {processor.py:826} INFO - Processing file /home/airflow/.local/lib/python3.7/site-packages/airflow/example_dags/example_bash_operator.py for tasks to queue
[2023-06-28T14:42:13.055+0000] {logging_mixin.py:149} INFO - [2023-06-28T14:42:13.054+0000] {dagbag.py:541} INFO - Filling up the DagBag from /home/airflow/.local/lib/python3.7/site-packages/airflow/example_dags/example_bash_operator.py
[2023-06-28T14:42:13.083+0000] {processor.py:836} INFO - DAG(s) dict_keys(['example_bash_operator']) retrieved from /home/airflow/.local/lib/python3.7/site-packages/airflow/example_dags/example_bash_operator.py
[2023-06-28T14:42:13.152+0000] {logging_mixin.py:149} INFO - [2023-06-28T14:42:13.152+0000] {dag.py:2726} INFO - Sync 1 DAGs
[2023-06-28T14:42:13.203+0000] {logging_mixin.py:149} INFO - [2023-06-28T14:42:13.202+0000] {dag.py:3490} INFO - Setting next_dagrun for example_bash_operator to 2023-06-27T00:00:00+00:00, run_after=2023-06-28T00:00:00+00:00
[2023-06-28T14:42:13.243+0000] {processor.py:179} INFO - Processing /home/airflow/.local/lib/python3.7/site-packages/airflow/example_dags/example_bash_operator.py took 0.198 seconds
[2023-06-28T14:42:43.311+0000] {processor.py:157} INFO - Started process (PID=3088) to work on /home/airflow/.local/lib/python3.7/site-packages/airflow/example_dags/example_bash_operator.py
[2023-06-28T14:42:43.313+0000] {processor.py:826} INFO - Processing file /home/airflow/.local/lib/python3.7/site-packages/airflow/example_dags/example_bash_operator.py for tasks to queue
[2023-06-28T14:42:43.316+0000] {logging_mixin.py:149} INFO - [2023-06-28T14:42:43.315+0000] {dagbag.py:541} INFO - Filling up the DagBag from /home/airflow/.local/lib/python3.7/site-packages/airflow/example_dags/example_bash_operator.py
[2023-06-28T14:42:43.349+0000] {processor.py:836} INFO - DAG(s) dict_keys(['example_bash_operator']) retrieved from /home/airflow/.local/lib/python3.7/site-packages/airflow/example_dags/example_bash_operator.py
[2023-06-28T14:42:43.417+0000] {logging_mixin.py:149} INFO - [2023-06-28T14:42:43.417+0000] {dag.py:2726} INFO - Sync 1 DAGs
[2023-06-28T14:42:43.461+0000] {logging_mixin.py:149} INFO - [2023-06-28T14:42:43.461+0000] {dag.py:3490} INFO - Setting next_dagrun for example_bash_operator to 2023-06-27T00:00:00+00:00, run_after=2023-06-28T00:00:00+00:00
[2023-06-28T14:42:43.514+0000] {processor.py:179} INFO - Processing /home/airflow/.local/lib/python3.7/site-packages/airflow/example_dags/example_bash_operator.py took 0.210 seconds
[2023-06-28T14:43:13.989+0000] {processor.py:157} INFO - Started process (PID=3148) to work on /home/airflow/.local/lib/python3.7/site-packages/airflow/example_dags/example_bash_operator.py
[2023-06-28T14:43:13.990+0000] {processor.py:826} INFO - Processing file /home/airflow/.local/lib/python3.7/site-packages/airflow/example_dags/example_bash_operator.py for tasks to queue
[2023-06-28T14:43:13.992+0000] {logging_mixin.py:149} INFO - [2023-06-28T14:43:13.991+0000] {dagbag.py:541} INFO - Filling up the DagBag from /home/airflow/.local/lib/python3.7/site-packages/airflow/example_dags/example_bash_operator.py
[2023-06-28T14:43:14.011+0000] {processor.py:836} INFO - DAG(s) dict_keys(['example_bash_operator']) retrieved from /home/airflow/.local/lib/python3.7/site-packages/airflow/example_dags/example_bash_operator.py
[2023-06-28T14:43:14.085+0000] {logging_mixin.py:149} INFO - [2023-06-28T14:43:14.085+0000] {dag.py:2726} INFO - Sync 1 DAGs
[2023-06-28T14:43:14.142+0000] {logging_mixin.py:149} INFO - [2023-06-28T14:43:14.142+0000] {dag.py:3490} INFO - Setting next_dagrun for example_bash_operator to 2023-06-27T00:00:00+00:00, run_after=2023-06-28T00:00:00+00:00
[2023-06-28T14:43:14.178+0000] {processor.py:179} INFO - Processing /home/airflow/.local/lib/python3.7/site-packages/airflow/example_dags/example_bash_operator.py took 0.193 seconds
[2023-06-28T14:43:44.421+0000] {processor.py:157} INFO - Started process (PID=3207) to work on /home/airflow/.local/lib/python3.7/site-packages/airflow/example_dags/example_bash_operator.py
[2023-06-28T14:43:44.434+0000] {processor.py:826} INFO - Processing file /home/airflow/.local/lib/python3.7/site-packages/airflow/example_dags/example_bash_operator.py for tasks to queue
[2023-06-28T14:43:44.450+0000] {logging_mixin.py:149} INFO - [2023-06-28T14:43:44.450+0000] {dagbag.py:541} INFO - Filling up the DagBag from /home/airflow/.local/lib/python3.7/site-packages/airflow/example_dags/example_bash_operator.py
[2023-06-28T14:43:44.501+0000] {processor.py:836} INFO - DAG(s) dict_keys(['example_bash_operator']) retrieved from /home/airflow/.local/lib/python3.7/site-packages/airflow/example_dags/example_bash_operator.py
[2023-06-28T14:43:44.663+0000] {logging_mixin.py:149} INFO - [2023-06-28T14:43:44.662+0000] {dag.py:2726} INFO - Sync 1 DAGs
[2023-06-28T14:43:44.779+0000] {logging_mixin.py:149} INFO - [2023-06-28T14:43:44.778+0000] {dag.py:3490} INFO - Setting next_dagrun for example_bash_operator to 2023-06-27T00:00:00+00:00, run_after=2023-06-28T00:00:00+00:00
[2023-06-28T14:43:44.879+0000] {processor.py:179} INFO - Processing /home/airflow/.local/lib/python3.7/site-packages/airflow/example_dags/example_bash_operator.py took 0.465 seconds
[2023-06-28T14:44:15.735+0000] {processor.py:157} INFO - Started process (PID=3266) to work on /home/airflow/.local/lib/python3.7/site-packages/airflow/example_dags/example_bash_operator.py
[2023-06-28T14:44:15.747+0000] {processor.py:826} INFO - Processing file /home/airflow/.local/lib/python3.7/site-packages/airflow/example_dags/example_bash_operator.py for tasks to queue
[2023-06-28T14:44:15.764+0000] {logging_mixin.py:149} INFO - [2023-06-28T14:44:15.764+0000] {dagbag.py:541} INFO - Filling up the DagBag from /home/airflow/.local/lib/python3.7/site-packages/airflow/example_dags/example_bash_operator.py
[2023-06-28T14:44:15.836+0000] {processor.py:836} INFO - DAG(s) dict_keys(['example_bash_operator']) retrieved from /home/airflow/.local/lib/python3.7/site-packages/airflow/example_dags/example_bash_operator.py
[2023-06-28T14:44:16.010+0000] {logging_mixin.py:149} INFO - [2023-06-28T14:44:16.008+0000] {dag.py:2726} INFO - Sync 1 DAGs
[2023-06-28T14:44:16.141+0000] {logging_mixin.py:149} INFO - [2023-06-28T14:44:16.140+0000] {dag.py:3490} INFO - Setting next_dagrun for example_bash_operator to 2023-06-27T00:00:00+00:00, run_after=2023-06-28T00:00:00+00:00
[2023-06-28T14:44:16.296+0000] {processor.py:179} INFO - Processing /home/airflow/.local/lib/python3.7/site-packages/airflow/example_dags/example_bash_operator.py took 0.573 seconds
[2023-06-28T14:44:47.238+0000] {processor.py:157} INFO - Started process (PID=3324) to work on /home/airflow/.local/lib/python3.7/site-packages/airflow/example_dags/example_bash_operator.py
[2023-06-28T14:44:47.240+0000] {processor.py:826} INFO - Processing file /home/airflow/.local/lib/python3.7/site-packages/airflow/example_dags/example_bash_operator.py for tasks to queue
[2023-06-28T14:44:47.242+0000] {logging_mixin.py:149} INFO - [2023-06-28T14:44:47.242+0000] {dagbag.py:541} INFO - Filling up the DagBag from /home/airflow/.local/lib/python3.7/site-packages/airflow/example_dags/example_bash_operator.py
[2023-06-28T14:44:47.286+0000] {processor.py:836} INFO - DAG(s) dict_keys(['example_bash_operator']) retrieved from /home/airflow/.local/lib/python3.7/site-packages/airflow/example_dags/example_bash_operator.py
[2023-06-28T14:44:47.365+0000] {logging_mixin.py:149} INFO - [2023-06-28T14:44:47.365+0000] {dag.py:2726} INFO - Sync 1 DAGs
[2023-06-28T14:44:47.443+0000] {logging_mixin.py:149} INFO - [2023-06-28T14:44:47.443+0000] {dag.py:3490} INFO - Setting next_dagrun for example_bash_operator to 2023-06-27T00:00:00+00:00, run_after=2023-06-28T00:00:00+00:00
[2023-06-28T14:44:47.480+0000] {processor.py:179} INFO - Processing /home/airflow/.local/lib/python3.7/site-packages/airflow/example_dags/example_bash_operator.py took 0.249 seconds
[2023-06-28T14:45:17.949+0000] {processor.py:157} INFO - Started process (PID=3383) to work on /home/airflow/.local/lib/python3.7/site-packages/airflow/example_dags/example_bash_operator.py
[2023-06-28T14:45:17.952+0000] {processor.py:826} INFO - Processing file /home/airflow/.local/lib/python3.7/site-packages/airflow/example_dags/example_bash_operator.py for tasks to queue
[2023-06-28T14:45:17.954+0000] {logging_mixin.py:149} INFO - [2023-06-28T14:45:17.954+0000] {dagbag.py:541} INFO - Filling up the DagBag from /home/airflow/.local/lib/python3.7/site-packages/airflow/example_dags/example_bash_operator.py
[2023-06-28T14:45:18.047+0000] {processor.py:836} INFO - DAG(s) dict_keys(['example_bash_operator']) retrieved from /home/airflow/.local/lib/python3.7/site-packages/airflow/example_dags/example_bash_operator.py
[2023-06-28T14:45:18.247+0000] {logging_mixin.py:149} INFO - [2023-06-28T14:45:18.247+0000] {dag.py:2726} INFO - Sync 1 DAGs
[2023-06-28T14:45:18.379+0000] {logging_mixin.py:149} INFO - [2023-06-28T14:45:18.378+0000] {dag.py:3490} INFO - Setting next_dagrun for example_bash_operator to 2023-06-27T00:00:00+00:00, run_after=2023-06-28T00:00:00+00:00
[2023-06-28T14:45:18.463+0000] {processor.py:179} INFO - Processing /home/airflow/.local/lib/python3.7/site-packages/airflow/example_dags/example_bash_operator.py took 0.528 seconds
[2023-06-28T14:45:48.672+0000] {processor.py:157} INFO - Started process (PID=3444) to work on /home/airflow/.local/lib/python3.7/site-packages/airflow/example_dags/example_bash_operator.py
[2023-06-28T14:45:48.673+0000] {processor.py:826} INFO - Processing file /home/airflow/.local/lib/python3.7/site-packages/airflow/example_dags/example_bash_operator.py for tasks to queue
[2023-06-28T14:45:48.674+0000] {logging_mixin.py:149} INFO - [2023-06-28T14:45:48.674+0000] {dagbag.py:541} INFO - Filling up the DagBag from /home/airflow/.local/lib/python3.7/site-packages/airflow/example_dags/example_bash_operator.py
[2023-06-28T14:45:48.696+0000] {processor.py:836} INFO - DAG(s) dict_keys(['example_bash_operator']) retrieved from /home/airflow/.local/lib/python3.7/site-packages/airflow/example_dags/example_bash_operator.py
[2023-06-28T14:45:48.763+0000] {logging_mixin.py:149} INFO - [2023-06-28T14:45:48.762+0000] {dag.py:2726} INFO - Sync 1 DAGs
[2023-06-28T14:45:48.806+0000] {logging_mixin.py:149} INFO - [2023-06-28T14:45:48.805+0000] {dag.py:3490} INFO - Setting next_dagrun for example_bash_operator to 2023-06-27T00:00:00+00:00, run_after=2023-06-28T00:00:00+00:00
[2023-06-28T14:45:48.846+0000] {processor.py:179} INFO - Processing /home/airflow/.local/lib/python3.7/site-packages/airflow/example_dags/example_bash_operator.py took 0.179 seconds
[2023-06-28T14:46:19.173+0000] {processor.py:157} INFO - Started process (PID=3503) to work on /home/airflow/.local/lib/python3.7/site-packages/airflow/example_dags/example_bash_operator.py
[2023-06-28T14:46:19.175+0000] {processor.py:826} INFO - Processing file /home/airflow/.local/lib/python3.7/site-packages/airflow/example_dags/example_bash_operator.py for tasks to queue
[2023-06-28T14:46:19.176+0000] {logging_mixin.py:149} INFO - [2023-06-28T14:46:19.176+0000] {dagbag.py:541} INFO - Filling up the DagBag from /home/airflow/.local/lib/python3.7/site-packages/airflow/example_dags/example_bash_operator.py
[2023-06-28T14:46:19.204+0000] {processor.py:836} INFO - DAG(s) dict_keys(['example_bash_operator']) retrieved from /home/airflow/.local/lib/python3.7/site-packages/airflow/example_dags/example_bash_operator.py
[2023-06-28T14:46:19.294+0000] {logging_mixin.py:149} INFO - [2023-06-28T14:46:19.293+0000] {dag.py:2726} INFO - Sync 1 DAGs
[2023-06-28T14:46:19.368+0000] {logging_mixin.py:149} INFO - [2023-06-28T14:46:19.368+0000] {dag.py:3490} INFO - Setting next_dagrun for example_bash_operator to 2023-06-27T00:00:00+00:00, run_after=2023-06-28T00:00:00+00:00
[2023-06-28T14:46:19.412+0000] {processor.py:179} INFO - Processing /home/airflow/.local/lib/python3.7/site-packages/airflow/example_dags/example_bash_operator.py took 0.243 seconds
[2023-06-28T14:46:49.756+0000] {processor.py:157} INFO - Started process (PID=3562) to work on /home/airflow/.local/lib/python3.7/site-packages/airflow/example_dags/example_bash_operator.py
[2023-06-28T14:46:49.758+0000] {processor.py:826} INFO - Processing file /home/airflow/.local/lib/python3.7/site-packages/airflow/example_dags/example_bash_operator.py for tasks to queue
[2023-06-28T14:46:49.760+0000] {logging_mixin.py:149} INFO - [2023-06-28T14:46:49.760+0000] {dagbag.py:541} INFO - Filling up the DagBag from /home/airflow/.local/lib/python3.7/site-packages/airflow/example_dags/example_bash_operator.py
[2023-06-28T14:46:49.800+0000] {processor.py:836} INFO - DAG(s) dict_keys(['example_bash_operator']) retrieved from /home/airflow/.local/lib/python3.7/site-packages/airflow/example_dags/example_bash_operator.py
[2023-06-28T14:46:49.968+0000] {logging_mixin.py:149} INFO - [2023-06-28T14:46:49.968+0000] {dag.py:2726} INFO - Sync 1 DAGs
[2023-06-28T14:46:50.237+0000] {logging_mixin.py:149} INFO - [2023-06-28T14:46:50.236+0000] {dag.py:3490} INFO - Setting next_dagrun for example_bash_operator to 2023-06-27T00:00:00+00:00, run_after=2023-06-28T00:00:00+00:00
[2023-06-28T14:46:50.388+0000] {processor.py:179} INFO - Processing /home/airflow/.local/lib/python3.7/site-packages/airflow/example_dags/example_bash_operator.py took 0.638 seconds
[2023-06-28T14:47:20.775+0000] {processor.py:157} INFO - Started process (PID=3622) to work on /home/airflow/.local/lib/python3.7/site-packages/airflow/example_dags/example_bash_operator.py
[2023-06-28T14:47:20.777+0000] {processor.py:826} INFO - Processing file /home/airflow/.local/lib/python3.7/site-packages/airflow/example_dags/example_bash_operator.py for tasks to queue
[2023-06-28T14:47:20.779+0000] {logging_mixin.py:149} INFO - [2023-06-28T14:47:20.778+0000] {dagbag.py:541} INFO - Filling up the DagBag from /home/airflow/.local/lib/python3.7/site-packages/airflow/example_dags/example_bash_operator.py
[2023-06-28T14:47:20.805+0000] {processor.py:836} INFO - DAG(s) dict_keys(['example_bash_operator']) retrieved from /home/airflow/.local/lib/python3.7/site-packages/airflow/example_dags/example_bash_operator.py
[2023-06-28T14:47:20.874+0000] {logging_mixin.py:149} INFO - [2023-06-28T14:47:20.874+0000] {dag.py:2726} INFO - Sync 1 DAGs
[2023-06-28T14:47:20.916+0000] {logging_mixin.py:149} INFO - [2023-06-28T14:47:20.915+0000] {dag.py:3490} INFO - Setting next_dagrun for example_bash_operator to 2023-06-27T00:00:00+00:00, run_after=2023-06-28T00:00:00+00:00
[2023-06-28T14:47:20.954+0000] {processor.py:179} INFO - Processing /home/airflow/.local/lib/python3.7/site-packages/airflow/example_dags/example_bash_operator.py took 0.185 seconds
[2023-06-28T14:47:51.064+0000] {processor.py:157} INFO - Started process (PID=3681) to work on /home/airflow/.local/lib/python3.7/site-packages/airflow/example_dags/example_bash_operator.py
[2023-06-28T14:47:51.065+0000] {processor.py:826} INFO - Processing file /home/airflow/.local/lib/python3.7/site-packages/airflow/example_dags/example_bash_operator.py for tasks to queue
[2023-06-28T14:47:51.068+0000] {logging_mixin.py:149} INFO - [2023-06-28T14:47:51.067+0000] {dagbag.py:541} INFO - Filling up the DagBag from /home/airflow/.local/lib/python3.7/site-packages/airflow/example_dags/example_bash_operator.py
[2023-06-28T14:47:51.094+0000] {processor.py:836} INFO - DAG(s) dict_keys(['example_bash_operator']) retrieved from /home/airflow/.local/lib/python3.7/site-packages/airflow/example_dags/example_bash_operator.py
[2023-06-28T14:47:51.161+0000] {logging_mixin.py:149} INFO - [2023-06-28T14:47:51.161+0000] {dag.py:2726} INFO - Sync 1 DAGs
[2023-06-28T14:47:51.202+0000] {logging_mixin.py:149} INFO - [2023-06-28T14:47:51.202+0000] {dag.py:3490} INFO - Setting next_dagrun for example_bash_operator to 2023-06-27T00:00:00+00:00, run_after=2023-06-28T00:00:00+00:00
[2023-06-28T14:47:51.240+0000] {processor.py:179} INFO - Processing /home/airflow/.local/lib/python3.7/site-packages/airflow/example_dags/example_bash_operator.py took 0.185 seconds
