[2023-06-28T14:16:41.427+0000] {processor.py:157} INFO - Started process (PID=73) to work on /home/airflow/.local/lib/python3.7/site-packages/airflow/example_dags/example_branch_python_dop_operator_3.py
[2023-06-28T14:16:41.448+0000] {processor.py:826} INFO - Processing file /home/airflow/.local/lib/python3.7/site-packages/airflow/example_dags/example_branch_python_dop_operator_3.py for tasks to queue
[2023-06-28T14:16:41.465+0000] {logging_mixin.py:149} INFO - [2023-06-28T14:16:41.464+0000] {dagbag.py:541} INFO - Filling up the DagBag from /home/airflow/.local/lib/python3.7/site-packages/airflow/example_dags/example_branch_python_dop_operator_3.py
[2023-06-28T14:16:41.593+0000] {processor.py:836} INFO - DAG(s) dict_keys(['example_branch_dop_operator_v3']) retrieved from /home/airflow/.local/lib/python3.7/site-packages/airflow/example_dags/example_branch_python_dop_operator_3.py
[2023-06-28T14:16:41.790+0000] {logging_mixin.py:149} INFO - [2023-06-28T14:16:41.790+0000] {dag.py:2726} INFO - Sync 1 DAGs
[2023-06-28T14:16:42.138+0000] {logging_mixin.py:149} INFO - [2023-06-28T14:16:42.126+0000] {dag.py:3490} INFO - Setting next_dagrun for example_branch_dop_operator_v3 to 2023-06-28T14:15:00+00:00, run_after=2023-06-28T14:16:00+00:00
[2023-06-28T14:16:42.319+0000] {processor.py:179} INFO - Processing /home/airflow/.local/lib/python3.7/site-packages/airflow/example_dags/example_branch_python_dop_operator_3.py took 0.862 seconds
[2023-06-28T14:17:14.385+0000] {processor.py:157} INFO - Started process (PID=132) to work on /home/airflow/.local/lib/python3.7/site-packages/airflow/example_dags/example_branch_python_dop_operator_3.py
[2023-06-28T14:17:14.387+0000] {processor.py:826} INFO - Processing file /home/airflow/.local/lib/python3.7/site-packages/airflow/example_dags/example_branch_python_dop_operator_3.py for tasks to queue
[2023-06-28T14:17:14.390+0000] {logging_mixin.py:149} INFO - [2023-06-28T14:17:14.389+0000] {dagbag.py:541} INFO - Filling up the DagBag from /home/airflow/.local/lib/python3.7/site-packages/airflow/example_dags/example_branch_python_dop_operator_3.py
[2023-06-28T14:17:14.412+0000] {processor.py:836} INFO - DAG(s) dict_keys(['example_branch_dop_operator_v3']) retrieved from /home/airflow/.local/lib/python3.7/site-packages/airflow/example_dags/example_branch_python_dop_operator_3.py
[2023-06-28T14:17:14.466+0000] {logging_mixin.py:149} INFO - [2023-06-28T14:17:14.465+0000] {dag.py:2726} INFO - Sync 1 DAGs
[2023-06-28T14:17:14.549+0000] {logging_mixin.py:149} INFO - [2023-06-28T14:17:14.549+0000] {dag.py:3490} INFO - Setting next_dagrun for example_branch_dop_operator_v3 to 2023-06-28T14:16:00+00:00, run_after=2023-06-28T14:17:00+00:00
[2023-06-28T14:17:14.688+0000] {processor.py:179} INFO - Processing /home/airflow/.local/lib/python3.7/site-packages/airflow/example_dags/example_branch_python_dop_operator_3.py took 0.308 seconds
[2023-06-28T14:17:45.629+0000] {processor.py:157} INFO - Started process (PID=190) to work on /home/airflow/.local/lib/python3.7/site-packages/airflow/example_dags/example_branch_python_dop_operator_3.py
[2023-06-28T14:17:45.631+0000] {processor.py:826} INFO - Processing file /home/airflow/.local/lib/python3.7/site-packages/airflow/example_dags/example_branch_python_dop_operator_3.py for tasks to queue
[2023-06-28T14:17:45.632+0000] {logging_mixin.py:149} INFO - [2023-06-28T14:17:45.632+0000] {dagbag.py:541} INFO - Filling up the DagBag from /home/airflow/.local/lib/python3.7/site-packages/airflow/example_dags/example_branch_python_dop_operator_3.py
[2023-06-28T14:17:45.644+0000] {processor.py:836} INFO - DAG(s) dict_keys(['example_branch_dop_operator_v3']) retrieved from /home/airflow/.local/lib/python3.7/site-packages/airflow/example_dags/example_branch_python_dop_operator_3.py
[2023-06-28T14:17:45.664+0000] {logging_mixin.py:149} INFO - [2023-06-28T14:17:45.664+0000] {dag.py:2726} INFO - Sync 1 DAGs
[2023-06-28T14:17:45.719+0000] {logging_mixin.py:149} INFO - [2023-06-28T14:17:45.719+0000] {dag.py:3490} INFO - Setting next_dagrun for example_branch_dop_operator_v3 to 2023-06-28T14:16:00+00:00, run_after=2023-06-28T14:17:00+00:00
[2023-06-28T14:17:45.762+0000] {processor.py:179} INFO - Processing /home/airflow/.local/lib/python3.7/site-packages/airflow/example_dags/example_branch_python_dop_operator_3.py took 0.139 seconds
[2023-06-28T14:18:16.348+0000] {processor.py:157} INFO - Started process (PID=249) to work on /home/airflow/.local/lib/python3.7/site-packages/airflow/example_dags/example_branch_python_dop_operator_3.py
[2023-06-28T14:18:16.350+0000] {processor.py:826} INFO - Processing file /home/airflow/.local/lib/python3.7/site-packages/airflow/example_dags/example_branch_python_dop_operator_3.py for tasks to queue
[2023-06-28T14:18:16.352+0000] {logging_mixin.py:149} INFO - [2023-06-28T14:18:16.352+0000] {dagbag.py:541} INFO - Filling up the DagBag from /home/airflow/.local/lib/python3.7/site-packages/airflow/example_dags/example_branch_python_dop_operator_3.py
[2023-06-28T14:18:16.368+0000] {processor.py:836} INFO - DAG(s) dict_keys(['example_branch_dop_operator_v3']) retrieved from /home/airflow/.local/lib/python3.7/site-packages/airflow/example_dags/example_branch_python_dop_operator_3.py
[2023-06-28T14:18:16.404+0000] {logging_mixin.py:149} INFO - [2023-06-28T14:18:16.403+0000] {dag.py:2726} INFO - Sync 1 DAGs
[2023-06-28T14:18:16.455+0000] {logging_mixin.py:149} INFO - [2023-06-28T14:18:16.455+0000] {dag.py:3490} INFO - Setting next_dagrun for example_branch_dop_operator_v3 to 2023-06-28T14:17:00+00:00, run_after=2023-06-28T14:18:00+00:00
[2023-06-28T14:18:16.791+0000] {processor.py:179} INFO - Processing /home/airflow/.local/lib/python3.7/site-packages/airflow/example_dags/example_branch_python_dop_operator_3.py took 0.451 seconds
[2023-06-28T14:18:47.119+0000] {processor.py:157} INFO - Started process (PID=308) to work on /home/airflow/.local/lib/python3.7/site-packages/airflow/example_dags/example_branch_python_dop_operator_3.py
[2023-06-28T14:18:47.125+0000] {processor.py:826} INFO - Processing file /home/airflow/.local/lib/python3.7/site-packages/airflow/example_dags/example_branch_python_dop_operator_3.py for tasks to queue
[2023-06-28T14:18:47.127+0000] {logging_mixin.py:149} INFO - [2023-06-28T14:18:47.127+0000] {dagbag.py:541} INFO - Filling up the DagBag from /home/airflow/.local/lib/python3.7/site-packages/airflow/example_dags/example_branch_python_dop_operator_3.py
[2023-06-28T14:18:47.179+0000] {processor.py:836} INFO - DAG(s) dict_keys(['example_branch_dop_operator_v3']) retrieved from /home/airflow/.local/lib/python3.7/site-packages/airflow/example_dags/example_branch_python_dop_operator_3.py
[2023-06-28T14:18:47.347+0000] {logging_mixin.py:149} INFO - [2023-06-28T14:18:47.347+0000] {dag.py:2726} INFO - Sync 1 DAGs
[2023-06-28T14:18:47.488+0000] {logging_mixin.py:149} INFO - [2023-06-28T14:18:47.487+0000] {dag.py:3490} INFO - Setting next_dagrun for example_branch_dop_operator_v3 to 2023-06-28T14:17:00+00:00, run_after=2023-06-28T14:18:00+00:00
[2023-06-28T14:18:47.538+0000] {processor.py:179} INFO - Processing /home/airflow/.local/lib/python3.7/site-packages/airflow/example_dags/example_branch_python_dop_operator_3.py took 0.425 seconds
[2023-06-28T14:19:18.220+0000] {processor.py:157} INFO - Started process (PID=366) to work on /home/airflow/.local/lib/python3.7/site-packages/airflow/example_dags/example_branch_python_dop_operator_3.py
[2023-06-28T14:19:18.222+0000] {processor.py:826} INFO - Processing file /home/airflow/.local/lib/python3.7/site-packages/airflow/example_dags/example_branch_python_dop_operator_3.py for tasks to queue
[2023-06-28T14:19:18.223+0000] {logging_mixin.py:149} INFO - [2023-06-28T14:19:18.223+0000] {dagbag.py:541} INFO - Filling up the DagBag from /home/airflow/.local/lib/python3.7/site-packages/airflow/example_dags/example_branch_python_dop_operator_3.py
[2023-06-28T14:19:18.245+0000] {processor.py:836} INFO - DAG(s) dict_keys(['example_branch_dop_operator_v3']) retrieved from /home/airflow/.local/lib/python3.7/site-packages/airflow/example_dags/example_branch_python_dop_operator_3.py
[2023-06-28T14:19:18.336+0000] {logging_mixin.py:149} INFO - [2023-06-28T14:19:18.335+0000] {dag.py:2726} INFO - Sync 1 DAGs
[2023-06-28T14:19:18.417+0000] {logging_mixin.py:149} INFO - [2023-06-28T14:19:18.417+0000] {dag.py:3490} INFO - Setting next_dagrun for example_branch_dop_operator_v3 to 2023-06-28T14:18:00+00:00, run_after=2023-06-28T14:19:00+00:00
[2023-06-28T14:19:18.467+0000] {processor.py:179} INFO - Processing /home/airflow/.local/lib/python3.7/site-packages/airflow/example_dags/example_branch_python_dop_operator_3.py took 0.253 seconds
[2023-06-28T14:19:48.974+0000] {processor.py:157} INFO - Started process (PID=432) to work on /home/airflow/.local/lib/python3.7/site-packages/airflow/example_dags/example_branch_python_dop_operator_3.py
[2023-06-28T14:19:48.976+0000] {processor.py:826} INFO - Processing file /home/airflow/.local/lib/python3.7/site-packages/airflow/example_dags/example_branch_python_dop_operator_3.py for tasks to queue
[2023-06-28T14:19:48.985+0000] {logging_mixin.py:149} INFO - [2023-06-28T14:19:48.985+0000] {dagbag.py:541} INFO - Filling up the DagBag from /home/airflow/.local/lib/python3.7/site-packages/airflow/example_dags/example_branch_python_dop_operator_3.py
[2023-06-28T14:19:49.005+0000] {processor.py:836} INFO - DAG(s) dict_keys(['example_branch_dop_operator_v3']) retrieved from /home/airflow/.local/lib/python3.7/site-packages/airflow/example_dags/example_branch_python_dop_operator_3.py
[2023-06-28T14:19:49.061+0000] {logging_mixin.py:149} INFO - [2023-06-28T14:19:49.061+0000] {dag.py:2726} INFO - Sync 1 DAGs
[2023-06-28T14:19:49.155+0000] {logging_mixin.py:149} INFO - [2023-06-28T14:19:49.154+0000] {dag.py:3490} INFO - Setting next_dagrun for example_branch_dop_operator_v3 to 2023-06-28T14:18:00+00:00, run_after=2023-06-28T14:19:00+00:00
[2023-06-28T14:19:49.262+0000] {processor.py:179} INFO - Processing /home/airflow/.local/lib/python3.7/site-packages/airflow/example_dags/example_branch_python_dop_operator_3.py took 0.293 seconds
[2023-06-28T14:20:19.963+0000] {processor.py:157} INFO - Started process (PID=491) to work on /home/airflow/.local/lib/python3.7/site-packages/airflow/example_dags/example_branch_python_dop_operator_3.py
[2023-06-28T14:20:19.965+0000] {processor.py:826} INFO - Processing file /home/airflow/.local/lib/python3.7/site-packages/airflow/example_dags/example_branch_python_dop_operator_3.py for tasks to queue
[2023-06-28T14:20:19.966+0000] {logging_mixin.py:149} INFO - [2023-06-28T14:20:19.966+0000] {dagbag.py:541} INFO - Filling up the DagBag from /home/airflow/.local/lib/python3.7/site-packages/airflow/example_dags/example_branch_python_dop_operator_3.py
[2023-06-28T14:20:19.976+0000] {processor.py:836} INFO - DAG(s) dict_keys(['example_branch_dop_operator_v3']) retrieved from /home/airflow/.local/lib/python3.7/site-packages/airflow/example_dags/example_branch_python_dop_operator_3.py
[2023-06-28T14:20:20.007+0000] {logging_mixin.py:149} INFO - [2023-06-28T14:20:20.007+0000] {dag.py:2726} INFO - Sync 1 DAGs
[2023-06-28T14:20:20.048+0000] {logging_mixin.py:149} INFO - [2023-06-28T14:20:20.047+0000] {dag.py:3490} INFO - Setting next_dagrun for example_branch_dop_operator_v3 to 2023-06-28T14:19:00+00:00, run_after=2023-06-28T14:20:00+00:00
[2023-06-28T14:20:20.077+0000] {processor.py:179} INFO - Processing /home/airflow/.local/lib/python3.7/site-packages/airflow/example_dags/example_branch_python_dop_operator_3.py took 0.120 seconds
[2023-06-28T14:20:50.272+0000] {processor.py:157} INFO - Started process (PID=550) to work on /home/airflow/.local/lib/python3.7/site-packages/airflow/example_dags/example_branch_python_dop_operator_3.py
[2023-06-28T14:20:50.274+0000] {processor.py:826} INFO - Processing file /home/airflow/.local/lib/python3.7/site-packages/airflow/example_dags/example_branch_python_dop_operator_3.py for tasks to queue
[2023-06-28T14:20:50.276+0000] {logging_mixin.py:149} INFO - [2023-06-28T14:20:50.275+0000] {dagbag.py:541} INFO - Filling up the DagBag from /home/airflow/.local/lib/python3.7/site-packages/airflow/example_dags/example_branch_python_dop_operator_3.py
[2023-06-28T14:20:50.304+0000] {processor.py:836} INFO - DAG(s) dict_keys(['example_branch_dop_operator_v3']) retrieved from /home/airflow/.local/lib/python3.7/site-packages/airflow/example_dags/example_branch_python_dop_operator_3.py
[2023-06-28T14:20:50.366+0000] {logging_mixin.py:149} INFO - [2023-06-28T14:20:50.366+0000] {dag.py:2726} INFO - Sync 1 DAGs
[2023-06-28T14:20:50.440+0000] {logging_mixin.py:149} INFO - [2023-06-28T14:20:50.440+0000] {dag.py:3490} INFO - Setting next_dagrun for example_branch_dop_operator_v3 to 2023-06-28T14:19:00+00:00, run_after=2023-06-28T14:20:00+00:00
[2023-06-28T14:20:50.491+0000] {processor.py:179} INFO - Processing /home/airflow/.local/lib/python3.7/site-packages/airflow/example_dags/example_branch_python_dop_operator_3.py took 0.225 seconds
[2023-06-28T14:21:21.529+0000] {processor.py:157} INFO - Started process (PID=610) to work on /home/airflow/.local/lib/python3.7/site-packages/airflow/example_dags/example_branch_python_dop_operator_3.py
[2023-06-28T14:21:21.530+0000] {processor.py:826} INFO - Processing file /home/airflow/.local/lib/python3.7/site-packages/airflow/example_dags/example_branch_python_dop_operator_3.py for tasks to queue
[2023-06-28T14:21:21.532+0000] {logging_mixin.py:149} INFO - [2023-06-28T14:21:21.532+0000] {dagbag.py:541} INFO - Filling up the DagBag from /home/airflow/.local/lib/python3.7/site-packages/airflow/example_dags/example_branch_python_dop_operator_3.py
[2023-06-28T14:21:21.549+0000] {processor.py:836} INFO - DAG(s) dict_keys(['example_branch_dop_operator_v3']) retrieved from /home/airflow/.local/lib/python3.7/site-packages/airflow/example_dags/example_branch_python_dop_operator_3.py
[2023-06-28T14:21:21.605+0000] {logging_mixin.py:149} INFO - [2023-06-28T14:21:21.605+0000] {dag.py:2726} INFO - Sync 1 DAGs
[2023-06-28T14:21:21.678+0000] {logging_mixin.py:149} INFO - [2023-06-28T14:21:21.677+0000] {dag.py:3490} INFO - Setting next_dagrun for example_branch_dop_operator_v3 to 2023-06-28T14:20:00+00:00, run_after=2023-06-28T14:21:00+00:00
[2023-06-28T14:21:21.732+0000] {processor.py:179} INFO - Processing /home/airflow/.local/lib/python3.7/site-packages/airflow/example_dags/example_branch_python_dop_operator_3.py took 0.213 seconds
[2023-06-28T14:21:52.578+0000] {processor.py:157} INFO - Started process (PID=670) to work on /home/airflow/.local/lib/python3.7/site-packages/airflow/example_dags/example_branch_python_dop_operator_3.py
[2023-06-28T14:21:52.579+0000] {processor.py:826} INFO - Processing file /home/airflow/.local/lib/python3.7/site-packages/airflow/example_dags/example_branch_python_dop_operator_3.py for tasks to queue
[2023-06-28T14:21:52.580+0000] {logging_mixin.py:149} INFO - [2023-06-28T14:21:52.580+0000] {dagbag.py:541} INFO - Filling up the DagBag from /home/airflow/.local/lib/python3.7/site-packages/airflow/example_dags/example_branch_python_dop_operator_3.py
[2023-06-28T14:21:52.592+0000] {processor.py:836} INFO - DAG(s) dict_keys(['example_branch_dop_operator_v3']) retrieved from /home/airflow/.local/lib/python3.7/site-packages/airflow/example_dags/example_branch_python_dop_operator_3.py
[2023-06-28T14:21:52.632+0000] {logging_mixin.py:149} INFO - [2023-06-28T14:21:52.631+0000] {dag.py:2726} INFO - Sync 1 DAGs
[2023-06-28T14:21:52.684+0000] {logging_mixin.py:149} INFO - [2023-06-28T14:21:52.684+0000] {dag.py:3490} INFO - Setting next_dagrun for example_branch_dop_operator_v3 to 2023-06-28T14:20:00+00:00, run_after=2023-06-28T14:21:00+00:00
[2023-06-28T14:21:52.719+0000] {processor.py:179} INFO - Processing /home/airflow/.local/lib/python3.7/site-packages/airflow/example_dags/example_branch_python_dop_operator_3.py took 0.147 seconds
[2023-06-28T14:22:23.597+0000] {processor.py:157} INFO - Started process (PID=729) to work on /home/airflow/.local/lib/python3.7/site-packages/airflow/example_dags/example_branch_python_dop_operator_3.py
[2023-06-28T14:22:23.599+0000] {processor.py:826} INFO - Processing file /home/airflow/.local/lib/python3.7/site-packages/airflow/example_dags/example_branch_python_dop_operator_3.py for tasks to queue
[2023-06-28T14:22:23.603+0000] {logging_mixin.py:149} INFO - [2023-06-28T14:22:23.603+0000] {dagbag.py:541} INFO - Filling up the DagBag from /home/airflow/.local/lib/python3.7/site-packages/airflow/example_dags/example_branch_python_dop_operator_3.py
[2023-06-28T14:22:23.626+0000] {processor.py:836} INFO - DAG(s) dict_keys(['example_branch_dop_operator_v3']) retrieved from /home/airflow/.local/lib/python3.7/site-packages/airflow/example_dags/example_branch_python_dop_operator_3.py
[2023-06-28T14:22:23.662+0000] {logging_mixin.py:149} INFO - [2023-06-28T14:22:23.662+0000] {dag.py:2726} INFO - Sync 1 DAGs
[2023-06-28T14:22:23.714+0000] {logging_mixin.py:149} INFO - [2023-06-28T14:22:23.714+0000] {dag.py:3490} INFO - Setting next_dagrun for example_branch_dop_operator_v3 to 2023-06-28T14:21:00+00:00, run_after=2023-06-28T14:22:00+00:00
[2023-06-28T14:22:23.755+0000] {processor.py:179} INFO - Processing /home/airflow/.local/lib/python3.7/site-packages/airflow/example_dags/example_branch_python_dop_operator_3.py took 0.163 seconds
[2023-06-28T14:22:53.808+0000] {processor.py:157} INFO - Started process (PID=788) to work on /home/airflow/.local/lib/python3.7/site-packages/airflow/example_dags/example_branch_python_dop_operator_3.py
[2023-06-28T14:22:53.809+0000] {processor.py:826} INFO - Processing file /home/airflow/.local/lib/python3.7/site-packages/airflow/example_dags/example_branch_python_dop_operator_3.py for tasks to queue
[2023-06-28T14:22:53.811+0000] {logging_mixin.py:149} INFO - [2023-06-28T14:22:53.810+0000] {dagbag.py:541} INFO - Filling up the DagBag from /home/airflow/.local/lib/python3.7/site-packages/airflow/example_dags/example_branch_python_dop_operator_3.py
[2023-06-28T14:22:53.824+0000] {processor.py:836} INFO - DAG(s) dict_keys(['example_branch_dop_operator_v3']) retrieved from /home/airflow/.local/lib/python3.7/site-packages/airflow/example_dags/example_branch_python_dop_operator_3.py
[2023-06-28T14:22:53.893+0000] {logging_mixin.py:149} INFO - [2023-06-28T14:22:53.893+0000] {dag.py:2726} INFO - Sync 1 DAGs
[2023-06-28T14:22:53.975+0000] {logging_mixin.py:149} INFO - [2023-06-28T14:22:53.975+0000] {dag.py:3490} INFO - Setting next_dagrun for example_branch_dop_operator_v3 to 2023-06-28T14:21:00+00:00, run_after=2023-06-28T14:22:00+00:00
[2023-06-28T14:22:54.025+0000] {processor.py:179} INFO - Processing /home/airflow/.local/lib/python3.7/site-packages/airflow/example_dags/example_branch_python_dop_operator_3.py took 0.223 seconds
[2023-06-28T14:23:24.272+0000] {processor.py:157} INFO - Started process (PID=848) to work on /home/airflow/.local/lib/python3.7/site-packages/airflow/example_dags/example_branch_python_dop_operator_3.py
[2023-06-28T14:23:24.273+0000] {processor.py:826} INFO - Processing file /home/airflow/.local/lib/python3.7/site-packages/airflow/example_dags/example_branch_python_dop_operator_3.py for tasks to queue
[2023-06-28T14:23:24.275+0000] {logging_mixin.py:149} INFO - [2023-06-28T14:23:24.274+0000] {dagbag.py:541} INFO - Filling up the DagBag from /home/airflow/.local/lib/python3.7/site-packages/airflow/example_dags/example_branch_python_dop_operator_3.py
[2023-06-28T14:23:24.288+0000] {processor.py:836} INFO - DAG(s) dict_keys(['example_branch_dop_operator_v3']) retrieved from /home/airflow/.local/lib/python3.7/site-packages/airflow/example_dags/example_branch_python_dop_operator_3.py
[2023-06-28T14:23:24.320+0000] {logging_mixin.py:149} INFO - [2023-06-28T14:23:24.320+0000] {dag.py:2726} INFO - Sync 1 DAGs
[2023-06-28T14:23:24.361+0000] {logging_mixin.py:149} INFO - [2023-06-28T14:23:24.361+0000] {dag.py:3490} INFO - Setting next_dagrun for example_branch_dop_operator_v3 to 2023-06-28T14:22:00+00:00, run_after=2023-06-28T14:23:00+00:00
[2023-06-28T14:23:24.392+0000] {processor.py:179} INFO - Processing /home/airflow/.local/lib/python3.7/site-packages/airflow/example_dags/example_branch_python_dop_operator_3.py took 0.125 seconds
[2023-06-28T14:23:54.795+0000] {processor.py:157} INFO - Started process (PID=907) to work on /home/airflow/.local/lib/python3.7/site-packages/airflow/example_dags/example_branch_python_dop_operator_3.py
[2023-06-28T14:23:54.797+0000] {processor.py:826} INFO - Processing file /home/airflow/.local/lib/python3.7/site-packages/airflow/example_dags/example_branch_python_dop_operator_3.py for tasks to queue
[2023-06-28T14:23:54.798+0000] {logging_mixin.py:149} INFO - [2023-06-28T14:23:54.798+0000] {dagbag.py:541} INFO - Filling up the DagBag from /home/airflow/.local/lib/python3.7/site-packages/airflow/example_dags/example_branch_python_dop_operator_3.py
[2023-06-28T14:23:54.811+0000] {processor.py:836} INFO - DAG(s) dict_keys(['example_branch_dop_operator_v3']) retrieved from /home/airflow/.local/lib/python3.7/site-packages/airflow/example_dags/example_branch_python_dop_operator_3.py
[2023-06-28T14:23:54.848+0000] {logging_mixin.py:149} INFO - [2023-06-28T14:23:54.848+0000] {dag.py:2726} INFO - Sync 1 DAGs
[2023-06-28T14:23:54.896+0000] {logging_mixin.py:149} INFO - [2023-06-28T14:23:54.896+0000] {dag.py:3490} INFO - Setting next_dagrun for example_branch_dop_operator_v3 to 2023-06-28T14:22:00+00:00, run_after=2023-06-28T14:23:00+00:00
[2023-06-28T14:23:54.937+0000] {processor.py:179} INFO - Processing /home/airflow/.local/lib/python3.7/site-packages/airflow/example_dags/example_branch_python_dop_operator_3.py took 0.147 seconds
[2023-06-28T14:24:25.698+0000] {processor.py:157} INFO - Started process (PID=965) to work on /home/airflow/.local/lib/python3.7/site-packages/airflow/example_dags/example_branch_python_dop_operator_3.py
[2023-06-28T14:24:25.700+0000] {processor.py:826} INFO - Processing file /home/airflow/.local/lib/python3.7/site-packages/airflow/example_dags/example_branch_python_dop_operator_3.py for tasks to queue
[2023-06-28T14:24:25.701+0000] {logging_mixin.py:149} INFO - [2023-06-28T14:24:25.701+0000] {dagbag.py:541} INFO - Filling up the DagBag from /home/airflow/.local/lib/python3.7/site-packages/airflow/example_dags/example_branch_python_dop_operator_3.py
[2023-06-28T14:24:25.717+0000] {processor.py:836} INFO - DAG(s) dict_keys(['example_branch_dop_operator_v3']) retrieved from /home/airflow/.local/lib/python3.7/site-packages/airflow/example_dags/example_branch_python_dop_operator_3.py
[2023-06-28T14:24:25.763+0000] {logging_mixin.py:149} INFO - [2023-06-28T14:24:25.762+0000] {dag.py:2726} INFO - Sync 1 DAGs
[2023-06-28T14:24:25.825+0000] {logging_mixin.py:149} INFO - [2023-06-28T14:24:25.825+0000] {dag.py:3490} INFO - Setting next_dagrun for example_branch_dop_operator_v3 to 2023-06-28T14:23:00+00:00, run_after=2023-06-28T14:24:00+00:00
[2023-06-28T14:24:25.871+0000] {processor.py:179} INFO - Processing /home/airflow/.local/lib/python3.7/site-packages/airflow/example_dags/example_branch_python_dop_operator_3.py took 0.177 seconds
[2023-06-28T14:24:56.147+0000] {processor.py:157} INFO - Started process (PID=1025) to work on /home/airflow/.local/lib/python3.7/site-packages/airflow/example_dags/example_branch_python_dop_operator_3.py
[2023-06-28T14:24:56.149+0000] {processor.py:826} INFO - Processing file /home/airflow/.local/lib/python3.7/site-packages/airflow/example_dags/example_branch_python_dop_operator_3.py for tasks to queue
[2023-06-28T14:24:56.150+0000] {logging_mixin.py:149} INFO - [2023-06-28T14:24:56.150+0000] {dagbag.py:541} INFO - Filling up the DagBag from /home/airflow/.local/lib/python3.7/site-packages/airflow/example_dags/example_branch_python_dop_operator_3.py
[2023-06-28T14:24:56.160+0000] {processor.py:836} INFO - DAG(s) dict_keys(['example_branch_dop_operator_v3']) retrieved from /home/airflow/.local/lib/python3.7/site-packages/airflow/example_dags/example_branch_python_dop_operator_3.py
[2023-06-28T14:24:56.192+0000] {logging_mixin.py:149} INFO - [2023-06-28T14:24:56.192+0000] {dag.py:2726} INFO - Sync 1 DAGs
[2023-06-28T14:24:56.232+0000] {logging_mixin.py:149} INFO - [2023-06-28T14:24:56.232+0000] {dag.py:3490} INFO - Setting next_dagrun for example_branch_dop_operator_v3 to 2023-06-28T14:23:00+00:00, run_after=2023-06-28T14:24:00+00:00
[2023-06-28T14:24:56.265+0000] {processor.py:179} INFO - Processing /home/airflow/.local/lib/python3.7/site-packages/airflow/example_dags/example_branch_python_dop_operator_3.py took 0.121 seconds
[2023-06-28T14:25:26.700+0000] {processor.py:157} INFO - Started process (PID=1083) to work on /home/airflow/.local/lib/python3.7/site-packages/airflow/example_dags/example_branch_python_dop_operator_3.py
[2023-06-28T14:25:26.707+0000] {processor.py:826} INFO - Processing file /home/airflow/.local/lib/python3.7/site-packages/airflow/example_dags/example_branch_python_dop_operator_3.py for tasks to queue
[2023-06-28T14:25:26.709+0000] {logging_mixin.py:149} INFO - [2023-06-28T14:25:26.709+0000] {dagbag.py:541} INFO - Filling up the DagBag from /home/airflow/.local/lib/python3.7/site-packages/airflow/example_dags/example_branch_python_dop_operator_3.py
[2023-06-28T14:25:26.733+0000] {processor.py:836} INFO - DAG(s) dict_keys(['example_branch_dop_operator_v3']) retrieved from /home/airflow/.local/lib/python3.7/site-packages/airflow/example_dags/example_branch_python_dop_operator_3.py
[2023-06-28T14:25:26.777+0000] {logging_mixin.py:149} INFO - [2023-06-28T14:25:26.777+0000] {dag.py:2726} INFO - Sync 1 DAGs
[2023-06-28T14:25:26.840+0000] {logging_mixin.py:149} INFO - [2023-06-28T14:25:26.839+0000] {dag.py:3490} INFO - Setting next_dagrun for example_branch_dop_operator_v3 to 2023-06-28T14:24:00+00:00, run_after=2023-06-28T14:25:00+00:00
[2023-06-28T14:25:26.874+0000] {processor.py:179} INFO - Processing /home/airflow/.local/lib/python3.7/site-packages/airflow/example_dags/example_branch_python_dop_operator_3.py took 0.186 seconds
[2023-06-28T14:25:57.055+0000] {processor.py:157} INFO - Started process (PID=1142) to work on /home/airflow/.local/lib/python3.7/site-packages/airflow/example_dags/example_branch_python_dop_operator_3.py
[2023-06-28T14:25:57.062+0000] {processor.py:826} INFO - Processing file /home/airflow/.local/lib/python3.7/site-packages/airflow/example_dags/example_branch_python_dop_operator_3.py for tasks to queue
[2023-06-28T14:25:57.066+0000] {logging_mixin.py:149} INFO - [2023-06-28T14:25:57.065+0000] {dagbag.py:541} INFO - Filling up the DagBag from /home/airflow/.local/lib/python3.7/site-packages/airflow/example_dags/example_branch_python_dop_operator_3.py
[2023-06-28T14:25:57.089+0000] {processor.py:836} INFO - DAG(s) dict_keys(['example_branch_dop_operator_v3']) retrieved from /home/airflow/.local/lib/python3.7/site-packages/airflow/example_dags/example_branch_python_dop_operator_3.py
[2023-06-28T14:25:57.157+0000] {logging_mixin.py:149} INFO - [2023-06-28T14:25:57.157+0000] {dag.py:2726} INFO - Sync 1 DAGs
[2023-06-28T14:25:57.237+0000] {logging_mixin.py:149} INFO - [2023-06-28T14:25:57.237+0000] {dag.py:3490} INFO - Setting next_dagrun for example_branch_dop_operator_v3 to 2023-06-28T14:24:00+00:00, run_after=2023-06-28T14:25:00+00:00
[2023-06-28T14:25:57.317+0000] {processor.py:179} INFO - Processing /home/airflow/.local/lib/python3.7/site-packages/airflow/example_dags/example_branch_python_dop_operator_3.py took 0.268 seconds
[2023-06-28T14:26:28.361+0000] {processor.py:157} INFO - Started process (PID=1202) to work on /home/airflow/.local/lib/python3.7/site-packages/airflow/example_dags/example_branch_python_dop_operator_3.py
[2023-06-28T14:26:28.363+0000] {processor.py:826} INFO - Processing file /home/airflow/.local/lib/python3.7/site-packages/airflow/example_dags/example_branch_python_dop_operator_3.py for tasks to queue
[2023-06-28T14:26:28.364+0000] {logging_mixin.py:149} INFO - [2023-06-28T14:26:28.364+0000] {dagbag.py:541} INFO - Filling up the DagBag from /home/airflow/.local/lib/python3.7/site-packages/airflow/example_dags/example_branch_python_dop_operator_3.py
[2023-06-28T14:26:28.381+0000] {processor.py:836} INFO - DAG(s) dict_keys(['example_branch_dop_operator_v3']) retrieved from /home/airflow/.local/lib/python3.7/site-packages/airflow/example_dags/example_branch_python_dop_operator_3.py
[2023-06-28T14:26:28.427+0000] {logging_mixin.py:149} INFO - [2023-06-28T14:26:28.427+0000] {dag.py:2726} INFO - Sync 1 DAGs
[2023-06-28T14:26:28.486+0000] {logging_mixin.py:149} INFO - [2023-06-28T14:26:28.486+0000] {dag.py:3490} INFO - Setting next_dagrun for example_branch_dop_operator_v3 to 2023-06-28T14:25:00+00:00, run_after=2023-06-28T14:26:00+00:00
[2023-06-28T14:26:28.530+0000] {processor.py:179} INFO - Processing /home/airflow/.local/lib/python3.7/site-packages/airflow/example_dags/example_branch_python_dop_operator_3.py took 0.176 seconds
[2023-06-28T14:26:58.629+0000] {processor.py:157} INFO - Started process (PID=1261) to work on /home/airflow/.local/lib/python3.7/site-packages/airflow/example_dags/example_branch_python_dop_operator_3.py
[2023-06-28T14:26:58.630+0000] {processor.py:826} INFO - Processing file /home/airflow/.local/lib/python3.7/site-packages/airflow/example_dags/example_branch_python_dop_operator_3.py for tasks to queue
[2023-06-28T14:26:58.631+0000] {logging_mixin.py:149} INFO - [2023-06-28T14:26:58.631+0000] {dagbag.py:541} INFO - Filling up the DagBag from /home/airflow/.local/lib/python3.7/site-packages/airflow/example_dags/example_branch_python_dop_operator_3.py
[2023-06-28T14:26:58.643+0000] {processor.py:836} INFO - DAG(s) dict_keys(['example_branch_dop_operator_v3']) retrieved from /home/airflow/.local/lib/python3.7/site-packages/airflow/example_dags/example_branch_python_dop_operator_3.py
[2023-06-28T14:26:58.677+0000] {logging_mixin.py:149} INFO - [2023-06-28T14:26:58.677+0000] {dag.py:2726} INFO - Sync 1 DAGs
[2023-06-28T14:26:58.725+0000] {logging_mixin.py:149} INFO - [2023-06-28T14:26:58.725+0000] {dag.py:3490} INFO - Setting next_dagrun for example_branch_dop_operator_v3 to 2023-06-28T14:25:00+00:00, run_after=2023-06-28T14:26:00+00:00
[2023-06-28T14:26:58.761+0000] {processor.py:179} INFO - Processing /home/airflow/.local/lib/python3.7/site-packages/airflow/example_dags/example_branch_python_dop_operator_3.py took 0.137 seconds
[2023-06-28T14:27:29.088+0000] {processor.py:157} INFO - Started process (PID=1320) to work on /home/airflow/.local/lib/python3.7/site-packages/airflow/example_dags/example_branch_python_dop_operator_3.py
[2023-06-28T14:27:29.089+0000] {processor.py:826} INFO - Processing file /home/airflow/.local/lib/python3.7/site-packages/airflow/example_dags/example_branch_python_dop_operator_3.py for tasks to queue
[2023-06-28T14:27:29.091+0000] {logging_mixin.py:149} INFO - [2023-06-28T14:27:29.091+0000] {dagbag.py:541} INFO - Filling up the DagBag from /home/airflow/.local/lib/python3.7/site-packages/airflow/example_dags/example_branch_python_dop_operator_3.py
[2023-06-28T14:27:29.102+0000] {processor.py:836} INFO - DAG(s) dict_keys(['example_branch_dop_operator_v3']) retrieved from /home/airflow/.local/lib/python3.7/site-packages/airflow/example_dags/example_branch_python_dop_operator_3.py
[2023-06-28T14:27:29.142+0000] {logging_mixin.py:149} INFO - [2023-06-28T14:27:29.142+0000] {dag.py:2726} INFO - Sync 1 DAGs
[2023-06-28T14:27:29.192+0000] {logging_mixin.py:149} INFO - [2023-06-28T14:27:29.191+0000] {dag.py:3490} INFO - Setting next_dagrun for example_branch_dop_operator_v3 to 2023-06-28T14:26:00+00:00, run_after=2023-06-28T14:27:00+00:00
[2023-06-28T14:27:29.227+0000] {processor.py:179} INFO - Processing /home/airflow/.local/lib/python3.7/site-packages/airflow/example_dags/example_branch_python_dop_operator_3.py took 0.143 seconds
[2023-06-28T14:27:59.380+0000] {processor.py:157} INFO - Started process (PID=1380) to work on /home/airflow/.local/lib/python3.7/site-packages/airflow/example_dags/example_branch_python_dop_operator_3.py
[2023-06-28T14:27:59.382+0000] {processor.py:826} INFO - Processing file /home/airflow/.local/lib/python3.7/site-packages/airflow/example_dags/example_branch_python_dop_operator_3.py for tasks to queue
[2023-06-28T14:27:59.383+0000] {logging_mixin.py:149} INFO - [2023-06-28T14:27:59.383+0000] {dagbag.py:541} INFO - Filling up the DagBag from /home/airflow/.local/lib/python3.7/site-packages/airflow/example_dags/example_branch_python_dop_operator_3.py
[2023-06-28T14:27:59.398+0000] {processor.py:836} INFO - DAG(s) dict_keys(['example_branch_dop_operator_v3']) retrieved from /home/airflow/.local/lib/python3.7/site-packages/airflow/example_dags/example_branch_python_dop_operator_3.py
[2023-06-28T14:27:59.442+0000] {logging_mixin.py:149} INFO - [2023-06-28T14:27:59.442+0000] {dag.py:2726} INFO - Sync 1 DAGs
[2023-06-28T14:27:59.494+0000] {logging_mixin.py:149} INFO - [2023-06-28T14:27:59.494+0000] {dag.py:3490} INFO - Setting next_dagrun for example_branch_dop_operator_v3 to 2023-06-28T14:26:00+00:00, run_after=2023-06-28T14:27:00+00:00
[2023-06-28T14:27:59.538+0000] {processor.py:179} INFO - Processing /home/airflow/.local/lib/python3.7/site-packages/airflow/example_dags/example_branch_python_dop_operator_3.py took 0.163 seconds
[2023-06-28T14:28:29.732+0000] {processor.py:157} INFO - Started process (PID=1438) to work on /home/airflow/.local/lib/python3.7/site-packages/airflow/example_dags/example_branch_python_dop_operator_3.py
[2023-06-28T14:28:29.733+0000] {processor.py:826} INFO - Processing file /home/airflow/.local/lib/python3.7/site-packages/airflow/example_dags/example_branch_python_dop_operator_3.py for tasks to queue
[2023-06-28T14:28:29.735+0000] {logging_mixin.py:149} INFO - [2023-06-28T14:28:29.734+0000] {dagbag.py:541} INFO - Filling up the DagBag from /home/airflow/.local/lib/python3.7/site-packages/airflow/example_dags/example_branch_python_dop_operator_3.py
[2023-06-28T14:28:29.746+0000] {processor.py:836} INFO - DAG(s) dict_keys(['example_branch_dop_operator_v3']) retrieved from /home/airflow/.local/lib/python3.7/site-packages/airflow/example_dags/example_branch_python_dop_operator_3.py
[2023-06-28T14:28:29.782+0000] {logging_mixin.py:149} INFO - [2023-06-28T14:28:29.782+0000] {dag.py:2726} INFO - Sync 1 DAGs
[2023-06-28T14:28:29.830+0000] {logging_mixin.py:149} INFO - [2023-06-28T14:28:29.830+0000] {dag.py:3490} INFO - Setting next_dagrun for example_branch_dop_operator_v3 to 2023-06-28T14:27:00+00:00, run_after=2023-06-28T14:28:00+00:00
[2023-06-28T14:28:29.864+0000] {processor.py:179} INFO - Processing /home/airflow/.local/lib/python3.7/site-packages/airflow/example_dags/example_branch_python_dop_operator_3.py took 0.137 seconds
[2023-06-28T14:29:00.595+0000] {processor.py:157} INFO - Started process (PID=1498) to work on /home/airflow/.local/lib/python3.7/site-packages/airflow/example_dags/example_branch_python_dop_operator_3.py
[2023-06-28T14:29:00.596+0000] {processor.py:826} INFO - Processing file /home/airflow/.local/lib/python3.7/site-packages/airflow/example_dags/example_branch_python_dop_operator_3.py for tasks to queue
[2023-06-28T14:29:00.598+0000] {logging_mixin.py:149} INFO - [2023-06-28T14:29:00.597+0000] {dagbag.py:541} INFO - Filling up the DagBag from /home/airflow/.local/lib/python3.7/site-packages/airflow/example_dags/example_branch_python_dop_operator_3.py
[2023-06-28T14:29:00.626+0000] {processor.py:836} INFO - DAG(s) dict_keys(['example_branch_dop_operator_v3']) retrieved from /home/airflow/.local/lib/python3.7/site-packages/airflow/example_dags/example_branch_python_dop_operator_3.py
[2023-06-28T14:29:00.670+0000] {logging_mixin.py:149} INFO - [2023-06-28T14:29:00.670+0000] {dag.py:2726} INFO - Sync 1 DAGs
[2023-06-28T14:29:00.721+0000] {logging_mixin.py:149} INFO - [2023-06-28T14:29:00.721+0000] {dag.py:3490} INFO - Setting next_dagrun for example_branch_dop_operator_v3 to 2023-06-28T14:28:00+00:00, run_after=2023-06-28T14:29:00+00:00
[2023-06-28T14:29:00.771+0000] {processor.py:179} INFO - Processing /home/airflow/.local/lib/python3.7/site-packages/airflow/example_dags/example_branch_python_dop_operator_3.py took 0.187 seconds
[2023-06-28T14:29:31.085+0000] {processor.py:157} INFO - Started process (PID=1558) to work on /home/airflow/.local/lib/python3.7/site-packages/airflow/example_dags/example_branch_python_dop_operator_3.py
[2023-06-28T14:29:31.087+0000] {processor.py:826} INFO - Processing file /home/airflow/.local/lib/python3.7/site-packages/airflow/example_dags/example_branch_python_dop_operator_3.py for tasks to queue
[2023-06-28T14:29:31.088+0000] {logging_mixin.py:149} INFO - [2023-06-28T14:29:31.088+0000] {dagbag.py:541} INFO - Filling up the DagBag from /home/airflow/.local/lib/python3.7/site-packages/airflow/example_dags/example_branch_python_dop_operator_3.py
[2023-06-28T14:29:31.099+0000] {processor.py:836} INFO - DAG(s) dict_keys(['example_branch_dop_operator_v3']) retrieved from /home/airflow/.local/lib/python3.7/site-packages/airflow/example_dags/example_branch_python_dop_operator_3.py
[2023-06-28T14:29:31.130+0000] {logging_mixin.py:149} INFO - [2023-06-28T14:29:31.130+0000] {dag.py:2726} INFO - Sync 1 DAGs
[2023-06-28T14:29:31.169+0000] {logging_mixin.py:149} INFO - [2023-06-28T14:29:31.169+0000] {dag.py:3490} INFO - Setting next_dagrun for example_branch_dop_operator_v3 to 2023-06-28T14:28:00+00:00, run_after=2023-06-28T14:29:00+00:00
[2023-06-28T14:29:31.202+0000] {processor.py:179} INFO - Processing /home/airflow/.local/lib/python3.7/site-packages/airflow/example_dags/example_branch_python_dop_operator_3.py took 0.121 seconds
[2023-06-28T14:30:01.631+0000] {processor.py:157} INFO - Started process (PID=1617) to work on /home/airflow/.local/lib/python3.7/site-packages/airflow/example_dags/example_branch_python_dop_operator_3.py
[2023-06-28T14:30:01.634+0000] {processor.py:826} INFO - Processing file /home/airflow/.local/lib/python3.7/site-packages/airflow/example_dags/example_branch_python_dop_operator_3.py for tasks to queue
[2023-06-28T14:30:01.636+0000] {logging_mixin.py:149} INFO - [2023-06-28T14:30:01.636+0000] {dagbag.py:541} INFO - Filling up the DagBag from /home/airflow/.local/lib/python3.7/site-packages/airflow/example_dags/example_branch_python_dop_operator_3.py
[2023-06-28T14:30:01.663+0000] {processor.py:836} INFO - DAG(s) dict_keys(['example_branch_dop_operator_v3']) retrieved from /home/airflow/.local/lib/python3.7/site-packages/airflow/example_dags/example_branch_python_dop_operator_3.py
[2023-06-28T14:30:01.719+0000] {logging_mixin.py:149} INFO - [2023-06-28T14:30:01.719+0000] {dag.py:2726} INFO - Sync 1 DAGs
[2023-06-28T14:30:01.830+0000] {logging_mixin.py:149} INFO - [2023-06-28T14:30:01.829+0000] {dag.py:3490} INFO - Setting next_dagrun for example_branch_dop_operator_v3 to 2023-06-28T14:29:00+00:00, run_after=2023-06-28T14:30:00+00:00
[2023-06-28T14:30:01.935+0000] {processor.py:179} INFO - Processing /home/airflow/.local/lib/python3.7/site-packages/airflow/example_dags/example_branch_python_dop_operator_3.py took 0.311 seconds
[2023-06-28T14:30:32.074+0000] {processor.py:157} INFO - Started process (PID=1676) to work on /home/airflow/.local/lib/python3.7/site-packages/airflow/example_dags/example_branch_python_dop_operator_3.py
[2023-06-28T14:30:32.076+0000] {processor.py:826} INFO - Processing file /home/airflow/.local/lib/python3.7/site-packages/airflow/example_dags/example_branch_python_dop_operator_3.py for tasks to queue
[2023-06-28T14:30:32.078+0000] {logging_mixin.py:149} INFO - [2023-06-28T14:30:32.078+0000] {dagbag.py:541} INFO - Filling up the DagBag from /home/airflow/.local/lib/python3.7/site-packages/airflow/example_dags/example_branch_python_dop_operator_3.py
[2023-06-28T14:30:32.104+0000] {processor.py:836} INFO - DAG(s) dict_keys(['example_branch_dop_operator_v3']) retrieved from /home/airflow/.local/lib/python3.7/site-packages/airflow/example_dags/example_branch_python_dop_operator_3.py
[2023-06-28T14:30:32.167+0000] {logging_mixin.py:149} INFO - [2023-06-28T14:30:32.166+0000] {dag.py:2726} INFO - Sync 1 DAGs
[2023-06-28T14:30:32.221+0000] {logging_mixin.py:149} INFO - [2023-06-28T14:30:32.221+0000] {dag.py:3490} INFO - Setting next_dagrun for example_branch_dop_operator_v3 to 2023-06-28T14:29:00+00:00, run_after=2023-06-28T14:30:00+00:00
[2023-06-28T14:30:32.262+0000] {processor.py:179} INFO - Processing /home/airflow/.local/lib/python3.7/site-packages/airflow/example_dags/example_branch_python_dop_operator_3.py took 0.202 seconds
[2023-06-28T14:31:02.837+0000] {processor.py:157} INFO - Started process (PID=1735) to work on /home/airflow/.local/lib/python3.7/site-packages/airflow/example_dags/example_branch_python_dop_operator_3.py
[2023-06-28T14:31:02.839+0000] {processor.py:826} INFO - Processing file /home/airflow/.local/lib/python3.7/site-packages/airflow/example_dags/example_branch_python_dop_operator_3.py for tasks to queue
[2023-06-28T14:31:02.840+0000] {logging_mixin.py:149} INFO - [2023-06-28T14:31:02.840+0000] {dagbag.py:541} INFO - Filling up the DagBag from /home/airflow/.local/lib/python3.7/site-packages/airflow/example_dags/example_branch_python_dop_operator_3.py
[2023-06-28T14:31:02.855+0000] {processor.py:836} INFO - DAG(s) dict_keys(['example_branch_dop_operator_v3']) retrieved from /home/airflow/.local/lib/python3.7/site-packages/airflow/example_dags/example_branch_python_dop_operator_3.py
[2023-06-28T14:31:02.894+0000] {logging_mixin.py:149} INFO - [2023-06-28T14:31:02.894+0000] {dag.py:2726} INFO - Sync 1 DAGs
[2023-06-28T14:31:02.946+0000] {logging_mixin.py:149} INFO - [2023-06-28T14:31:02.946+0000] {dag.py:3490} INFO - Setting next_dagrun for example_branch_dop_operator_v3 to 2023-06-28T14:30:00+00:00, run_after=2023-06-28T14:31:00+00:00
[2023-06-28T14:31:02.986+0000] {processor.py:179} INFO - Processing /home/airflow/.local/lib/python3.7/site-packages/airflow/example_dags/example_branch_python_dop_operator_3.py took 0.154 seconds
[2023-06-28T14:31:33.429+0000] {processor.py:157} INFO - Started process (PID=1796) to work on /home/airflow/.local/lib/python3.7/site-packages/airflow/example_dags/example_branch_python_dop_operator_3.py
[2023-06-28T14:31:33.431+0000] {processor.py:826} INFO - Processing file /home/airflow/.local/lib/python3.7/site-packages/airflow/example_dags/example_branch_python_dop_operator_3.py for tasks to queue
[2023-06-28T14:31:33.432+0000] {logging_mixin.py:149} INFO - [2023-06-28T14:31:33.432+0000] {dagbag.py:541} INFO - Filling up the DagBag from /home/airflow/.local/lib/python3.7/site-packages/airflow/example_dags/example_branch_python_dop_operator_3.py
[2023-06-28T14:31:33.446+0000] {processor.py:836} INFO - DAG(s) dict_keys(['example_branch_dop_operator_v3']) retrieved from /home/airflow/.local/lib/python3.7/site-packages/airflow/example_dags/example_branch_python_dop_operator_3.py
[2023-06-28T14:31:33.479+0000] {logging_mixin.py:149} INFO - [2023-06-28T14:31:33.479+0000] {dag.py:2726} INFO - Sync 1 DAGs
[2023-06-28T14:31:33.519+0000] {logging_mixin.py:149} INFO - [2023-06-28T14:31:33.518+0000] {dag.py:3490} INFO - Setting next_dagrun for example_branch_dop_operator_v3 to 2023-06-28T14:30:00+00:00, run_after=2023-06-28T14:31:00+00:00
[2023-06-28T14:31:33.565+0000] {processor.py:179} INFO - Processing /home/airflow/.local/lib/python3.7/site-packages/airflow/example_dags/example_branch_python_dop_operator_3.py took 0.140 seconds
[2023-06-28T14:32:03.626+0000] {processor.py:157} INFO - Started process (PID=1855) to work on /home/airflow/.local/lib/python3.7/site-packages/airflow/example_dags/example_branch_python_dop_operator_3.py
[2023-06-28T14:32:03.627+0000] {processor.py:826} INFO - Processing file /home/airflow/.local/lib/python3.7/site-packages/airflow/example_dags/example_branch_python_dop_operator_3.py for tasks to queue
[2023-06-28T14:32:03.628+0000] {logging_mixin.py:149} INFO - [2023-06-28T14:32:03.628+0000] {dagbag.py:541} INFO - Filling up the DagBag from /home/airflow/.local/lib/python3.7/site-packages/airflow/example_dags/example_branch_python_dop_operator_3.py
[2023-06-28T14:32:03.639+0000] {processor.py:836} INFO - DAG(s) dict_keys(['example_branch_dop_operator_v3']) retrieved from /home/airflow/.local/lib/python3.7/site-packages/airflow/example_dags/example_branch_python_dop_operator_3.py
[2023-06-28T14:32:03.669+0000] {logging_mixin.py:149} INFO - [2023-06-28T14:32:03.668+0000] {dag.py:2726} INFO - Sync 1 DAGs
[2023-06-28T14:32:03.710+0000] {logging_mixin.py:149} INFO - [2023-06-28T14:32:03.710+0000] {dag.py:3490} INFO - Setting next_dagrun for example_branch_dop_operator_v3 to 2023-06-28T14:31:00+00:00, run_after=2023-06-28T14:32:00+00:00
[2023-06-28T14:32:03.743+0000] {processor.py:179} INFO - Processing /home/airflow/.local/lib/python3.7/site-packages/airflow/example_dags/example_branch_python_dop_operator_3.py took 0.121 seconds
[2023-06-28T14:32:33.986+0000] {processor.py:157} INFO - Started process (PID=1913) to work on /home/airflow/.local/lib/python3.7/site-packages/airflow/example_dags/example_branch_python_dop_operator_3.py
[2023-06-28T14:32:33.988+0000] {processor.py:826} INFO - Processing file /home/airflow/.local/lib/python3.7/site-packages/airflow/example_dags/example_branch_python_dop_operator_3.py for tasks to queue
[2023-06-28T14:32:33.989+0000] {logging_mixin.py:149} INFO - [2023-06-28T14:32:33.989+0000] {dagbag.py:541} INFO - Filling up the DagBag from /home/airflow/.local/lib/python3.7/site-packages/airflow/example_dags/example_branch_python_dop_operator_3.py
[2023-06-28T14:32:34.002+0000] {processor.py:836} INFO - DAG(s) dict_keys(['example_branch_dop_operator_v3']) retrieved from /home/airflow/.local/lib/python3.7/site-packages/airflow/example_dags/example_branch_python_dop_operator_3.py
[2023-06-28T14:32:34.037+0000] {logging_mixin.py:149} INFO - [2023-06-28T14:32:34.037+0000] {dag.py:2726} INFO - Sync 1 DAGs
[2023-06-28T14:32:34.083+0000] {logging_mixin.py:149} INFO - [2023-06-28T14:32:34.083+0000] {dag.py:3490} INFO - Setting next_dagrun for example_branch_dop_operator_v3 to 2023-06-28T14:31:00+00:00, run_after=2023-06-28T14:32:00+00:00
[2023-06-28T14:32:34.119+0000] {processor.py:179} INFO - Processing /home/airflow/.local/lib/python3.7/site-packages/airflow/example_dags/example_branch_python_dop_operator_3.py took 0.137 seconds
[2023-06-28T14:33:04.457+0000] {processor.py:157} INFO - Started process (PID=1971) to work on /home/airflow/.local/lib/python3.7/site-packages/airflow/example_dags/example_branch_python_dop_operator_3.py
[2023-06-28T14:33:04.458+0000] {processor.py:826} INFO - Processing file /home/airflow/.local/lib/python3.7/site-packages/airflow/example_dags/example_branch_python_dop_operator_3.py for tasks to queue
[2023-06-28T14:33:04.459+0000] {logging_mixin.py:149} INFO - [2023-06-28T14:33:04.459+0000] {dagbag.py:541} INFO - Filling up the DagBag from /home/airflow/.local/lib/python3.7/site-packages/airflow/example_dags/example_branch_python_dop_operator_3.py
[2023-06-28T14:33:04.472+0000] {processor.py:836} INFO - DAG(s) dict_keys(['example_branch_dop_operator_v3']) retrieved from /home/airflow/.local/lib/python3.7/site-packages/airflow/example_dags/example_branch_python_dop_operator_3.py
[2023-06-28T14:33:04.516+0000] {logging_mixin.py:149} INFO - [2023-06-28T14:33:04.516+0000] {dag.py:2726} INFO - Sync 1 DAGs
[2023-06-28T14:33:04.566+0000] {logging_mixin.py:149} INFO - [2023-06-28T14:33:04.566+0000] {dag.py:3490} INFO - Setting next_dagrun for example_branch_dop_operator_v3 to 2023-06-28T14:32:00+00:00, run_after=2023-06-28T14:33:00+00:00
[2023-06-28T14:33:04.598+0000] {processor.py:179} INFO - Processing /home/airflow/.local/lib/python3.7/site-packages/airflow/example_dags/example_branch_python_dop_operator_3.py took 0.146 seconds
[2023-06-28T14:33:34.865+0000] {processor.py:157} INFO - Started process (PID=2029) to work on /home/airflow/.local/lib/python3.7/site-packages/airflow/example_dags/example_branch_python_dop_operator_3.py
[2023-06-28T14:33:34.866+0000] {processor.py:826} INFO - Processing file /home/airflow/.local/lib/python3.7/site-packages/airflow/example_dags/example_branch_python_dop_operator_3.py for tasks to queue
[2023-06-28T14:33:34.869+0000] {logging_mixin.py:149} INFO - [2023-06-28T14:33:34.868+0000] {dagbag.py:541} INFO - Filling up the DagBag from /home/airflow/.local/lib/python3.7/site-packages/airflow/example_dags/example_branch_python_dop_operator_3.py
[2023-06-28T14:33:34.885+0000] {processor.py:836} INFO - DAG(s) dict_keys(['example_branch_dop_operator_v3']) retrieved from /home/airflow/.local/lib/python3.7/site-packages/airflow/example_dags/example_branch_python_dop_operator_3.py
[2023-06-28T14:33:34.926+0000] {logging_mixin.py:149} INFO - [2023-06-28T14:33:34.925+0000] {dag.py:2726} INFO - Sync 1 DAGs
[2023-06-28T14:33:34.971+0000] {logging_mixin.py:149} INFO - [2023-06-28T14:33:34.971+0000] {dag.py:3490} INFO - Setting next_dagrun for example_branch_dop_operator_v3 to 2023-06-28T14:32:00+00:00, run_after=2023-06-28T14:33:00+00:00
[2023-06-28T14:33:35.017+0000] {processor.py:179} INFO - Processing /home/airflow/.local/lib/python3.7/site-packages/airflow/example_dags/example_branch_python_dop_operator_3.py took 0.157 seconds
[2023-06-28T14:34:06.154+0000] {processor.py:157} INFO - Started process (PID=2088) to work on /home/airflow/.local/lib/python3.7/site-packages/airflow/example_dags/example_branch_python_dop_operator_3.py
[2023-06-28T14:34:06.156+0000] {processor.py:826} INFO - Processing file /home/airflow/.local/lib/python3.7/site-packages/airflow/example_dags/example_branch_python_dop_operator_3.py for tasks to queue
[2023-06-28T14:34:06.157+0000] {logging_mixin.py:149} INFO - [2023-06-28T14:34:06.157+0000] {dagbag.py:541} INFO - Filling up the DagBag from /home/airflow/.local/lib/python3.7/site-packages/airflow/example_dags/example_branch_python_dop_operator_3.py
[2023-06-28T14:34:06.174+0000] {processor.py:836} INFO - DAG(s) dict_keys(['example_branch_dop_operator_v3']) retrieved from /home/airflow/.local/lib/python3.7/site-packages/airflow/example_dags/example_branch_python_dop_operator_3.py
[2023-06-28T14:34:06.223+0000] {logging_mixin.py:149} INFO - [2023-06-28T14:34:06.223+0000] {dag.py:2726} INFO - Sync 1 DAGs
[2023-06-28T14:34:06.277+0000] {logging_mixin.py:149} INFO - [2023-06-28T14:34:06.277+0000] {dag.py:3490} INFO - Setting next_dagrun for example_branch_dop_operator_v3 to 2023-06-28T14:33:00+00:00, run_after=2023-06-28T14:34:00+00:00
[2023-06-28T14:34:06.312+0000] {processor.py:179} INFO - Processing /home/airflow/.local/lib/python3.7/site-packages/airflow/example_dags/example_branch_python_dop_operator_3.py took 0.164 seconds
[2023-06-28T14:34:36.571+0000] {processor.py:157} INFO - Started process (PID=2147) to work on /home/airflow/.local/lib/python3.7/site-packages/airflow/example_dags/example_branch_python_dop_operator_3.py
[2023-06-28T14:34:36.572+0000] {processor.py:826} INFO - Processing file /home/airflow/.local/lib/python3.7/site-packages/airflow/example_dags/example_branch_python_dop_operator_3.py for tasks to queue
[2023-06-28T14:34:36.574+0000] {logging_mixin.py:149} INFO - [2023-06-28T14:34:36.574+0000] {dagbag.py:541} INFO - Filling up the DagBag from /home/airflow/.local/lib/python3.7/site-packages/airflow/example_dags/example_branch_python_dop_operator_3.py
[2023-06-28T14:34:36.590+0000] {processor.py:836} INFO - DAG(s) dict_keys(['example_branch_dop_operator_v3']) retrieved from /home/airflow/.local/lib/python3.7/site-packages/airflow/example_dags/example_branch_python_dop_operator_3.py
[2023-06-28T14:34:36.630+0000] {logging_mixin.py:149} INFO - [2023-06-28T14:34:36.630+0000] {dag.py:2726} INFO - Sync 1 DAGs
[2023-06-28T14:34:36.690+0000] {logging_mixin.py:149} INFO - [2023-06-28T14:34:36.689+0000] {dag.py:3490} INFO - Setting next_dagrun for example_branch_dop_operator_v3 to 2023-06-28T14:33:00+00:00, run_after=2023-06-28T14:34:00+00:00
[2023-06-28T14:34:36.731+0000] {processor.py:179} INFO - Processing /home/airflow/.local/lib/python3.7/site-packages/airflow/example_dags/example_branch_python_dop_operator_3.py took 0.165 seconds
[2023-06-28T14:35:07.484+0000] {processor.py:157} INFO - Started process (PID=2207) to work on /home/airflow/.local/lib/python3.7/site-packages/airflow/example_dags/example_branch_python_dop_operator_3.py
[2023-06-28T14:35:07.486+0000] {processor.py:826} INFO - Processing file /home/airflow/.local/lib/python3.7/site-packages/airflow/example_dags/example_branch_python_dop_operator_3.py for tasks to queue
[2023-06-28T14:35:07.487+0000] {logging_mixin.py:149} INFO - [2023-06-28T14:35:07.487+0000] {dagbag.py:541} INFO - Filling up the DagBag from /home/airflow/.local/lib/python3.7/site-packages/airflow/example_dags/example_branch_python_dop_operator_3.py
[2023-06-28T14:35:07.499+0000] {processor.py:836} INFO - DAG(s) dict_keys(['example_branch_dop_operator_v3']) retrieved from /home/airflow/.local/lib/python3.7/site-packages/airflow/example_dags/example_branch_python_dop_operator_3.py
[2023-06-28T14:35:07.539+0000] {logging_mixin.py:149} INFO - [2023-06-28T14:35:07.538+0000] {dag.py:2726} INFO - Sync 1 DAGs
[2023-06-28T14:35:07.591+0000] {logging_mixin.py:149} INFO - [2023-06-28T14:35:07.590+0000] {dag.py:3490} INFO - Setting next_dagrun for example_branch_dop_operator_v3 to 2023-06-28T14:34:00+00:00, run_after=2023-06-28T14:35:00+00:00
[2023-06-28T14:35:07.627+0000] {processor.py:179} INFO - Processing /home/airflow/.local/lib/python3.7/site-packages/airflow/example_dags/example_branch_python_dop_operator_3.py took 0.147 seconds
[2023-06-28T14:35:37.753+0000] {processor.py:157} INFO - Started process (PID=2265) to work on /home/airflow/.local/lib/python3.7/site-packages/airflow/example_dags/example_branch_python_dop_operator_3.py
[2023-06-28T14:35:37.755+0000] {processor.py:826} INFO - Processing file /home/airflow/.local/lib/python3.7/site-packages/airflow/example_dags/example_branch_python_dop_operator_3.py for tasks to queue
[2023-06-28T14:35:37.756+0000] {logging_mixin.py:149} INFO - [2023-06-28T14:35:37.756+0000] {dagbag.py:541} INFO - Filling up the DagBag from /home/airflow/.local/lib/python3.7/site-packages/airflow/example_dags/example_branch_python_dop_operator_3.py
[2023-06-28T14:35:37.768+0000] {processor.py:836} INFO - DAG(s) dict_keys(['example_branch_dop_operator_v3']) retrieved from /home/airflow/.local/lib/python3.7/site-packages/airflow/example_dags/example_branch_python_dop_operator_3.py
[2023-06-28T14:35:37.801+0000] {logging_mixin.py:149} INFO - [2023-06-28T14:35:37.800+0000] {dag.py:2726} INFO - Sync 1 DAGs
[2023-06-28T14:35:37.841+0000] {logging_mixin.py:149} INFO - [2023-06-28T14:35:37.841+0000] {dag.py:3490} INFO - Setting next_dagrun for example_branch_dop_operator_v3 to 2023-06-28T14:34:00+00:00, run_after=2023-06-28T14:35:00+00:00
[2023-06-28T14:35:37.873+0000] {processor.py:179} INFO - Processing /home/airflow/.local/lib/python3.7/site-packages/airflow/example_dags/example_branch_python_dop_operator_3.py took 0.125 seconds
[2023-06-28T14:36:08.034+0000] {processor.py:157} INFO - Started process (PID=2325) to work on /home/airflow/.local/lib/python3.7/site-packages/airflow/example_dags/example_branch_python_dop_operator_3.py
[2023-06-28T14:36:08.036+0000] {processor.py:826} INFO - Processing file /home/airflow/.local/lib/python3.7/site-packages/airflow/example_dags/example_branch_python_dop_operator_3.py for tasks to queue
[2023-06-28T14:36:08.037+0000] {logging_mixin.py:149} INFO - [2023-06-28T14:36:08.037+0000] {dagbag.py:541} INFO - Filling up the DagBag from /home/airflow/.local/lib/python3.7/site-packages/airflow/example_dags/example_branch_python_dop_operator_3.py
[2023-06-28T14:36:08.047+0000] {processor.py:836} INFO - DAG(s) dict_keys(['example_branch_dop_operator_v3']) retrieved from /home/airflow/.local/lib/python3.7/site-packages/airflow/example_dags/example_branch_python_dop_operator_3.py
[2023-06-28T14:36:08.080+0000] {logging_mixin.py:149} INFO - [2023-06-28T14:36:08.079+0000] {dag.py:2726} INFO - Sync 1 DAGs
[2023-06-28T14:36:08.120+0000] {logging_mixin.py:149} INFO - [2023-06-28T14:36:08.120+0000] {dag.py:3490} INFO - Setting next_dagrun for example_branch_dop_operator_v3 to 2023-06-28T14:35:00+00:00, run_after=2023-06-28T14:36:00+00:00
[2023-06-28T14:36:08.152+0000] {processor.py:179} INFO - Processing /home/airflow/.local/lib/python3.7/site-packages/airflow/example_dags/example_branch_python_dop_operator_3.py took 0.122 seconds
[2023-06-28T14:36:38.374+0000] {processor.py:157} INFO - Started process (PID=2384) to work on /home/airflow/.local/lib/python3.7/site-packages/airflow/example_dags/example_branch_python_dop_operator_3.py
[2023-06-28T14:36:38.376+0000] {processor.py:826} INFO - Processing file /home/airflow/.local/lib/python3.7/site-packages/airflow/example_dags/example_branch_python_dop_operator_3.py for tasks to queue
[2023-06-28T14:36:38.377+0000] {logging_mixin.py:149} INFO - [2023-06-28T14:36:38.377+0000] {dagbag.py:541} INFO - Filling up the DagBag from /home/airflow/.local/lib/python3.7/site-packages/airflow/example_dags/example_branch_python_dop_operator_3.py
[2023-06-28T14:36:38.389+0000] {processor.py:836} INFO - DAG(s) dict_keys(['example_branch_dop_operator_v3']) retrieved from /home/airflow/.local/lib/python3.7/site-packages/airflow/example_dags/example_branch_python_dop_operator_3.py
[2023-06-28T14:36:38.427+0000] {logging_mixin.py:149} INFO - [2023-06-28T14:36:38.426+0000] {dag.py:2726} INFO - Sync 1 DAGs
[2023-06-28T14:36:38.475+0000] {logging_mixin.py:149} INFO - [2023-06-28T14:36:38.475+0000] {dag.py:3490} INFO - Setting next_dagrun for example_branch_dop_operator_v3 to 2023-06-28T14:35:00+00:00, run_after=2023-06-28T14:36:00+00:00
[2023-06-28T14:36:38.514+0000] {processor.py:179} INFO - Processing /home/airflow/.local/lib/python3.7/site-packages/airflow/example_dags/example_branch_python_dop_operator_3.py took 0.144 seconds
[2023-06-28T14:37:08.642+0000] {processor.py:157} INFO - Started process (PID=2443) to work on /home/airflow/.local/lib/python3.7/site-packages/airflow/example_dags/example_branch_python_dop_operator_3.py
[2023-06-28T14:37:08.644+0000] {processor.py:826} INFO - Processing file /home/airflow/.local/lib/python3.7/site-packages/airflow/example_dags/example_branch_python_dop_operator_3.py for tasks to queue
[2023-06-28T14:37:08.646+0000] {logging_mixin.py:149} INFO - [2023-06-28T14:37:08.645+0000] {dagbag.py:541} INFO - Filling up the DagBag from /home/airflow/.local/lib/python3.7/site-packages/airflow/example_dags/example_branch_python_dop_operator_3.py
[2023-06-28T14:37:08.660+0000] {processor.py:836} INFO - DAG(s) dict_keys(['example_branch_dop_operator_v3']) retrieved from /home/airflow/.local/lib/python3.7/site-packages/airflow/example_dags/example_branch_python_dop_operator_3.py
[2023-06-28T14:37:08.701+0000] {logging_mixin.py:149} INFO - [2023-06-28T14:37:08.701+0000] {dag.py:2726} INFO - Sync 1 DAGs
[2023-06-28T14:37:08.758+0000] {logging_mixin.py:149} INFO - [2023-06-28T14:37:08.758+0000] {dag.py:3490} INFO - Setting next_dagrun for example_branch_dop_operator_v3 to 2023-06-28T14:36:00+00:00, run_after=2023-06-28T14:37:00+00:00
[2023-06-28T14:37:08.798+0000] {processor.py:179} INFO - Processing /home/airflow/.local/lib/python3.7/site-packages/airflow/example_dags/example_branch_python_dop_operator_3.py took 0.167 seconds
[2023-06-28T14:37:39.196+0000] {processor.py:157} INFO - Started process (PID=2497) to work on /home/airflow/.local/lib/python3.7/site-packages/airflow/example_dags/example_branch_python_dop_operator_3.py
[2023-06-28T14:37:39.198+0000] {processor.py:826} INFO - Processing file /home/airflow/.local/lib/python3.7/site-packages/airflow/example_dags/example_branch_python_dop_operator_3.py for tasks to queue
[2023-06-28T14:37:39.199+0000] {logging_mixin.py:149} INFO - [2023-06-28T14:37:39.199+0000] {dagbag.py:541} INFO - Filling up the DagBag from /home/airflow/.local/lib/python3.7/site-packages/airflow/example_dags/example_branch_python_dop_operator_3.py
[2023-06-28T14:37:39.214+0000] {processor.py:836} INFO - DAG(s) dict_keys(['example_branch_dop_operator_v3']) retrieved from /home/airflow/.local/lib/python3.7/site-packages/airflow/example_dags/example_branch_python_dop_operator_3.py
[2023-06-28T14:37:39.252+0000] {logging_mixin.py:149} INFO - [2023-06-28T14:37:39.252+0000] {dag.py:2726} INFO - Sync 1 DAGs
[2023-06-28T14:37:39.296+0000] {logging_mixin.py:149} INFO - [2023-06-28T14:37:39.296+0000] {dag.py:3490} INFO - Setting next_dagrun for example_branch_dop_operator_v3 to 2023-06-28T14:36:00+00:00, run_after=2023-06-28T14:37:00+00:00
[2023-06-28T14:37:39.328+0000] {processor.py:179} INFO - Processing /home/airflow/.local/lib/python3.7/site-packages/airflow/example_dags/example_branch_python_dop_operator_3.py took 0.138 seconds
[2023-06-28T14:38:09.649+0000] {processor.py:157} INFO - Started process (PID=2557) to work on /home/airflow/.local/lib/python3.7/site-packages/airflow/example_dags/example_branch_python_dop_operator_3.py
[2023-06-28T14:38:09.650+0000] {processor.py:826} INFO - Processing file /home/airflow/.local/lib/python3.7/site-packages/airflow/example_dags/example_branch_python_dop_operator_3.py for tasks to queue
[2023-06-28T14:38:09.651+0000] {logging_mixin.py:149} INFO - [2023-06-28T14:38:09.651+0000] {dagbag.py:541} INFO - Filling up the DagBag from /home/airflow/.local/lib/python3.7/site-packages/airflow/example_dags/example_branch_python_dop_operator_3.py
[2023-06-28T14:38:09.662+0000] {processor.py:836} INFO - DAG(s) dict_keys(['example_branch_dop_operator_v3']) retrieved from /home/airflow/.local/lib/python3.7/site-packages/airflow/example_dags/example_branch_python_dop_operator_3.py
[2023-06-28T14:38:09.694+0000] {logging_mixin.py:149} INFO - [2023-06-28T14:38:09.694+0000] {dag.py:2726} INFO - Sync 1 DAGs
[2023-06-28T14:38:09.736+0000] {logging_mixin.py:149} INFO - [2023-06-28T14:38:09.735+0000] {dag.py:3490} INFO - Setting next_dagrun for example_branch_dop_operator_v3 to 2023-06-28T14:37:00+00:00, run_after=2023-06-28T14:38:00+00:00
[2023-06-28T14:38:09.771+0000] {processor.py:179} INFO - Processing /home/airflow/.local/lib/python3.7/site-packages/airflow/example_dags/example_branch_python_dop_operator_3.py took 0.126 seconds
[2023-06-28T14:38:40.187+0000] {processor.py:157} INFO - Started process (PID=2616) to work on /home/airflow/.local/lib/python3.7/site-packages/airflow/example_dags/example_branch_python_dop_operator_3.py
[2023-06-28T14:38:40.188+0000] {processor.py:826} INFO - Processing file /home/airflow/.local/lib/python3.7/site-packages/airflow/example_dags/example_branch_python_dop_operator_3.py for tasks to queue
[2023-06-28T14:38:40.190+0000] {logging_mixin.py:149} INFO - [2023-06-28T14:38:40.190+0000] {dagbag.py:541} INFO - Filling up the DagBag from /home/airflow/.local/lib/python3.7/site-packages/airflow/example_dags/example_branch_python_dop_operator_3.py
[2023-06-28T14:38:40.208+0000] {processor.py:836} INFO - DAG(s) dict_keys(['example_branch_dop_operator_v3']) retrieved from /home/airflow/.local/lib/python3.7/site-packages/airflow/example_dags/example_branch_python_dop_operator_3.py
[2023-06-28T14:38:40.268+0000] {logging_mixin.py:149} INFO - [2023-06-28T14:38:40.268+0000] {dag.py:2726} INFO - Sync 1 DAGs
[2023-06-28T14:38:40.358+0000] {logging_mixin.py:149} INFO - [2023-06-28T14:38:40.357+0000] {dag.py:3490} INFO - Setting next_dagrun for example_branch_dop_operator_v3 to 2023-06-28T14:37:00+00:00, run_after=2023-06-28T14:38:00+00:00
[2023-06-28T14:38:40.415+0000] {processor.py:179} INFO - Processing /home/airflow/.local/lib/python3.7/site-packages/airflow/example_dags/example_branch_python_dop_operator_3.py took 0.238 seconds
[2023-06-28T14:39:10.602+0000] {processor.py:157} INFO - Started process (PID=2675) to work on /home/airflow/.local/lib/python3.7/site-packages/airflow/example_dags/example_branch_python_dop_operator_3.py
[2023-06-28T14:39:10.607+0000] {processor.py:826} INFO - Processing file /home/airflow/.local/lib/python3.7/site-packages/airflow/example_dags/example_branch_python_dop_operator_3.py for tasks to queue
[2023-06-28T14:39:10.610+0000] {logging_mixin.py:149} INFO - [2023-06-28T14:39:10.610+0000] {dagbag.py:541} INFO - Filling up the DagBag from /home/airflow/.local/lib/python3.7/site-packages/airflow/example_dags/example_branch_python_dop_operator_3.py
[2023-06-28T14:39:10.631+0000] {processor.py:836} INFO - DAG(s) dict_keys(['example_branch_dop_operator_v3']) retrieved from /home/airflow/.local/lib/python3.7/site-packages/airflow/example_dags/example_branch_python_dop_operator_3.py
[2023-06-28T14:39:10.680+0000] {logging_mixin.py:149} INFO - [2023-06-28T14:39:10.679+0000] {dag.py:2726} INFO - Sync 1 DAGs
[2023-06-28T14:39:10.744+0000] {logging_mixin.py:149} INFO - [2023-06-28T14:39:10.744+0000] {dag.py:3490} INFO - Setting next_dagrun for example_branch_dop_operator_v3 to 2023-06-28T14:38:00+00:00, run_after=2023-06-28T14:39:00+00:00
[2023-06-28T14:39:10.793+0000] {processor.py:179} INFO - Processing /home/airflow/.local/lib/python3.7/site-packages/airflow/example_dags/example_branch_python_dop_operator_3.py took 0.197 seconds
[2023-06-28T14:39:41.246+0000] {processor.py:157} INFO - Started process (PID=2734) to work on /home/airflow/.local/lib/python3.7/site-packages/airflow/example_dags/example_branch_python_dop_operator_3.py
[2023-06-28T14:39:41.247+0000] {processor.py:826} INFO - Processing file /home/airflow/.local/lib/python3.7/site-packages/airflow/example_dags/example_branch_python_dop_operator_3.py for tasks to queue
[2023-06-28T14:39:41.249+0000] {logging_mixin.py:149} INFO - [2023-06-28T14:39:41.248+0000] {dagbag.py:541} INFO - Filling up the DagBag from /home/airflow/.local/lib/python3.7/site-packages/airflow/example_dags/example_branch_python_dop_operator_3.py
[2023-06-28T14:39:41.260+0000] {processor.py:836} INFO - DAG(s) dict_keys(['example_branch_dop_operator_v3']) retrieved from /home/airflow/.local/lib/python3.7/site-packages/airflow/example_dags/example_branch_python_dop_operator_3.py
[2023-06-28T14:39:41.291+0000] {logging_mixin.py:149} INFO - [2023-06-28T14:39:41.290+0000] {dag.py:2726} INFO - Sync 1 DAGs
[2023-06-28T14:39:41.332+0000] {logging_mixin.py:149} INFO - [2023-06-28T14:39:41.332+0000] {dag.py:3490} INFO - Setting next_dagrun for example_branch_dop_operator_v3 to 2023-06-28T14:38:00+00:00, run_after=2023-06-28T14:39:00+00:00
[2023-06-28T14:39:41.364+0000] {processor.py:179} INFO - Processing /home/airflow/.local/lib/python3.7/site-packages/airflow/example_dags/example_branch_python_dop_operator_3.py took 0.122 seconds
[2023-06-28T14:40:11.863+0000] {processor.py:157} INFO - Started process (PID=2794) to work on /home/airflow/.local/lib/python3.7/site-packages/airflow/example_dags/example_branch_python_dop_operator_3.py
[2023-06-28T14:40:11.865+0000] {processor.py:826} INFO - Processing file /home/airflow/.local/lib/python3.7/site-packages/airflow/example_dags/example_branch_python_dop_operator_3.py for tasks to queue
[2023-06-28T14:40:11.866+0000] {logging_mixin.py:149} INFO - [2023-06-28T14:40:11.866+0000] {dagbag.py:541} INFO - Filling up the DagBag from /home/airflow/.local/lib/python3.7/site-packages/airflow/example_dags/example_branch_python_dop_operator_3.py
[2023-06-28T14:40:11.878+0000] {processor.py:836} INFO - DAG(s) dict_keys(['example_branch_dop_operator_v3']) retrieved from /home/airflow/.local/lib/python3.7/site-packages/airflow/example_dags/example_branch_python_dop_operator_3.py
[2023-06-28T14:40:11.918+0000] {logging_mixin.py:149} INFO - [2023-06-28T14:40:11.918+0000] {dag.py:2726} INFO - Sync 1 DAGs
[2023-06-28T14:40:11.970+0000] {logging_mixin.py:149} INFO - [2023-06-28T14:40:11.970+0000] {dag.py:3490} INFO - Setting next_dagrun for example_branch_dop_operator_v3 to 2023-06-28T14:39:00+00:00, run_after=2023-06-28T14:40:00+00:00
[2023-06-28T14:40:12.005+0000] {processor.py:179} INFO - Processing /home/airflow/.local/lib/python3.7/site-packages/airflow/example_dags/example_branch_python_dop_operator_3.py took 0.147 seconds
[2023-06-28T14:40:42.129+0000] {processor.py:157} INFO - Started process (PID=2854) to work on /home/airflow/.local/lib/python3.7/site-packages/airflow/example_dags/example_branch_python_dop_operator_3.py
[2023-06-28T14:40:42.130+0000] {processor.py:826} INFO - Processing file /home/airflow/.local/lib/python3.7/site-packages/airflow/example_dags/example_branch_python_dop_operator_3.py for tasks to queue
[2023-06-28T14:40:42.132+0000] {logging_mixin.py:149} INFO - [2023-06-28T14:40:42.132+0000] {dagbag.py:541} INFO - Filling up the DagBag from /home/airflow/.local/lib/python3.7/site-packages/airflow/example_dags/example_branch_python_dop_operator_3.py
[2023-06-28T14:40:42.153+0000] {processor.py:836} INFO - DAG(s) dict_keys(['example_branch_dop_operator_v3']) retrieved from /home/airflow/.local/lib/python3.7/site-packages/airflow/example_dags/example_branch_python_dop_operator_3.py
[2023-06-28T14:40:42.197+0000] {logging_mixin.py:149} INFO - [2023-06-28T14:40:42.197+0000] {dag.py:2726} INFO - Sync 1 DAGs
[2023-06-28T14:40:42.252+0000] {logging_mixin.py:149} INFO - [2023-06-28T14:40:42.252+0000] {dag.py:3490} INFO - Setting next_dagrun for example_branch_dop_operator_v3 to 2023-06-28T14:39:00+00:00, run_after=2023-06-28T14:40:00+00:00
[2023-06-28T14:40:42.289+0000] {processor.py:179} INFO - Processing /home/airflow/.local/lib/python3.7/site-packages/airflow/example_dags/example_branch_python_dop_operator_3.py took 0.168 seconds
[2023-06-28T14:41:12.653+0000] {processor.py:157} INFO - Started process (PID=2913) to work on /home/airflow/.local/lib/python3.7/site-packages/airflow/example_dags/example_branch_python_dop_operator_3.py
[2023-06-28T14:41:12.655+0000] {processor.py:826} INFO - Processing file /home/airflow/.local/lib/python3.7/site-packages/airflow/example_dags/example_branch_python_dop_operator_3.py for tasks to queue
[2023-06-28T14:41:12.657+0000] {logging_mixin.py:149} INFO - [2023-06-28T14:41:12.656+0000] {dagbag.py:541} INFO - Filling up the DagBag from /home/airflow/.local/lib/python3.7/site-packages/airflow/example_dags/example_branch_python_dop_operator_3.py
[2023-06-28T14:41:12.669+0000] {processor.py:836} INFO - DAG(s) dict_keys(['example_branch_dop_operator_v3']) retrieved from /home/airflow/.local/lib/python3.7/site-packages/airflow/example_dags/example_branch_python_dop_operator_3.py
[2023-06-28T14:41:12.705+0000] {logging_mixin.py:149} INFO - [2023-06-28T14:41:12.705+0000] {dag.py:2726} INFO - Sync 1 DAGs
[2023-06-28T14:41:12.753+0000] {logging_mixin.py:149} INFO - [2023-06-28T14:41:12.753+0000] {dag.py:3490} INFO - Setting next_dagrun for example_branch_dop_operator_v3 to 2023-06-28T14:40:00+00:00, run_after=2023-06-28T14:41:00+00:00
[2023-06-28T14:41:12.792+0000] {processor.py:179} INFO - Processing /home/airflow/.local/lib/python3.7/site-packages/airflow/example_dags/example_branch_python_dop_operator_3.py took 0.144 seconds
[2023-06-28T14:41:42.875+0000] {processor.py:157} INFO - Started process (PID=2973) to work on /home/airflow/.local/lib/python3.7/site-packages/airflow/example_dags/example_branch_python_dop_operator_3.py
[2023-06-28T14:41:42.877+0000] {processor.py:826} INFO - Processing file /home/airflow/.local/lib/python3.7/site-packages/airflow/example_dags/example_branch_python_dop_operator_3.py for tasks to queue
[2023-06-28T14:41:42.878+0000] {logging_mixin.py:149} INFO - [2023-06-28T14:41:42.878+0000] {dagbag.py:541} INFO - Filling up the DagBag from /home/airflow/.local/lib/python3.7/site-packages/airflow/example_dags/example_branch_python_dop_operator_3.py
[2023-06-28T14:41:42.892+0000] {processor.py:836} INFO - DAG(s) dict_keys(['example_branch_dop_operator_v3']) retrieved from /home/airflow/.local/lib/python3.7/site-packages/airflow/example_dags/example_branch_python_dop_operator_3.py
[2023-06-28T14:41:42.938+0000] {logging_mixin.py:149} INFO - [2023-06-28T14:41:42.938+0000] {dag.py:2726} INFO - Sync 1 DAGs
[2023-06-28T14:41:42.985+0000] {logging_mixin.py:149} INFO - [2023-06-28T14:41:42.985+0000] {dag.py:3490} INFO - Setting next_dagrun for example_branch_dop_operator_v3 to 2023-06-28T14:40:00+00:00, run_after=2023-06-28T14:41:00+00:00
[2023-06-28T14:41:43.019+0000] {processor.py:179} INFO - Processing /home/airflow/.local/lib/python3.7/site-packages/airflow/example_dags/example_branch_python_dop_operator_3.py took 0.149 seconds
[2023-06-28T14:42:13.301+0000] {processor.py:157} INFO - Started process (PID=3032) to work on /home/airflow/.local/lib/python3.7/site-packages/airflow/example_dags/example_branch_python_dop_operator_3.py
[2023-06-28T14:42:13.303+0000] {processor.py:826} INFO - Processing file /home/airflow/.local/lib/python3.7/site-packages/airflow/example_dags/example_branch_python_dop_operator_3.py for tasks to queue
[2023-06-28T14:42:13.305+0000] {logging_mixin.py:149} INFO - [2023-06-28T14:42:13.304+0000] {dagbag.py:541} INFO - Filling up the DagBag from /home/airflow/.local/lib/python3.7/site-packages/airflow/example_dags/example_branch_python_dop_operator_3.py
[2023-06-28T14:42:13.320+0000] {processor.py:836} INFO - DAG(s) dict_keys(['example_branch_dop_operator_v3']) retrieved from /home/airflow/.local/lib/python3.7/site-packages/airflow/example_dags/example_branch_python_dop_operator_3.py
[2023-06-28T14:42:13.357+0000] {logging_mixin.py:149} INFO - [2023-06-28T14:42:13.357+0000] {dag.py:2726} INFO - Sync 1 DAGs
[2023-06-28T14:42:13.417+0000] {logging_mixin.py:149} INFO - [2023-06-28T14:42:13.417+0000] {dag.py:3490} INFO - Setting next_dagrun for example_branch_dop_operator_v3 to 2023-06-28T14:41:00+00:00, run_after=2023-06-28T14:42:00+00:00
[2023-06-28T14:42:13.454+0000] {processor.py:179} INFO - Processing /home/airflow/.local/lib/python3.7/site-packages/airflow/example_dags/example_branch_python_dop_operator_3.py took 0.159 seconds
[2023-06-28T14:42:43.726+0000] {processor.py:157} INFO - Started process (PID=3091) to work on /home/airflow/.local/lib/python3.7/site-packages/airflow/example_dags/example_branch_python_dop_operator_3.py
[2023-06-28T14:42:43.727+0000] {processor.py:826} INFO - Processing file /home/airflow/.local/lib/python3.7/site-packages/airflow/example_dags/example_branch_python_dop_operator_3.py for tasks to queue
[2023-06-28T14:42:43.728+0000] {logging_mixin.py:149} INFO - [2023-06-28T14:42:43.728+0000] {dagbag.py:541} INFO - Filling up the DagBag from /home/airflow/.local/lib/python3.7/site-packages/airflow/example_dags/example_branch_python_dop_operator_3.py
[2023-06-28T14:42:43.740+0000] {processor.py:836} INFO - DAG(s) dict_keys(['example_branch_dop_operator_v3']) retrieved from /home/airflow/.local/lib/python3.7/site-packages/airflow/example_dags/example_branch_python_dop_operator_3.py
[2023-06-28T14:42:43.774+0000] {logging_mixin.py:149} INFO - [2023-06-28T14:42:43.773+0000] {dag.py:2726} INFO - Sync 1 DAGs
[2023-06-28T14:42:43.815+0000] {logging_mixin.py:149} INFO - [2023-06-28T14:42:43.815+0000] {dag.py:3490} INFO - Setting next_dagrun for example_branch_dop_operator_v3 to 2023-06-28T14:41:00+00:00, run_after=2023-06-28T14:42:00+00:00
[2023-06-28T14:42:43.862+0000] {processor.py:179} INFO - Processing /home/airflow/.local/lib/python3.7/site-packages/airflow/example_dags/example_branch_python_dop_operator_3.py took 0.140 seconds
[2023-06-28T14:43:14.375+0000] {processor.py:157} INFO - Started process (PID=3151) to work on /home/airflow/.local/lib/python3.7/site-packages/airflow/example_dags/example_branch_python_dop_operator_3.py
[2023-06-28T14:43:14.376+0000] {processor.py:826} INFO - Processing file /home/airflow/.local/lib/python3.7/site-packages/airflow/example_dags/example_branch_python_dop_operator_3.py for tasks to queue
[2023-06-28T14:43:14.377+0000] {logging_mixin.py:149} INFO - [2023-06-28T14:43:14.377+0000] {dagbag.py:541} INFO - Filling up the DagBag from /home/airflow/.local/lib/python3.7/site-packages/airflow/example_dags/example_branch_python_dop_operator_3.py
[2023-06-28T14:43:14.387+0000] {processor.py:836} INFO - DAG(s) dict_keys(['example_branch_dop_operator_v3']) retrieved from /home/airflow/.local/lib/python3.7/site-packages/airflow/example_dags/example_branch_python_dop_operator_3.py
[2023-06-28T14:43:14.418+0000] {logging_mixin.py:149} INFO - [2023-06-28T14:43:14.418+0000] {dag.py:2726} INFO - Sync 1 DAGs
[2023-06-28T14:43:14.461+0000] {logging_mixin.py:149} INFO - [2023-06-28T14:43:14.461+0000] {dag.py:3490} INFO - Setting next_dagrun for example_branch_dop_operator_v3 to 2023-06-28T14:42:00+00:00, run_after=2023-06-28T14:43:00+00:00
[2023-06-28T14:43:14.501+0000] {processor.py:179} INFO - Processing /home/airflow/.local/lib/python3.7/site-packages/airflow/example_dags/example_branch_python_dop_operator_3.py took 0.130 seconds
[2023-06-28T14:43:45.096+0000] {processor.py:157} INFO - Started process (PID=3210) to work on /home/airflow/.local/lib/python3.7/site-packages/airflow/example_dags/example_branch_python_dop_operator_3.py
[2023-06-28T14:43:45.099+0000] {processor.py:826} INFO - Processing file /home/airflow/.local/lib/python3.7/site-packages/airflow/example_dags/example_branch_python_dop_operator_3.py for tasks to queue
[2023-06-28T14:43:45.101+0000] {logging_mixin.py:149} INFO - [2023-06-28T14:43:45.101+0000] {dagbag.py:541} INFO - Filling up the DagBag from /home/airflow/.local/lib/python3.7/site-packages/airflow/example_dags/example_branch_python_dop_operator_3.py
[2023-06-28T14:43:45.152+0000] {processor.py:836} INFO - DAG(s) dict_keys(['example_branch_dop_operator_v3']) retrieved from /home/airflow/.local/lib/python3.7/site-packages/airflow/example_dags/example_branch_python_dop_operator_3.py
[2023-06-28T14:43:45.312+0000] {logging_mixin.py:149} INFO - [2023-06-28T14:43:45.312+0000] {dag.py:2726} INFO - Sync 1 DAGs
[2023-06-28T14:43:45.560+0000] {logging_mixin.py:149} INFO - [2023-06-28T14:43:45.560+0000] {dag.py:3490} INFO - Setting next_dagrun for example_branch_dop_operator_v3 to 2023-06-28T14:42:00+00:00, run_after=2023-06-28T14:43:00+00:00
[2023-06-28T14:43:45.747+0000] {processor.py:179} INFO - Processing /home/airflow/.local/lib/python3.7/site-packages/airflow/example_dags/example_branch_python_dop_operator_3.py took 0.677 seconds
[2023-06-28T14:44:17.120+0000] {processor.py:157} INFO - Started process (PID=3269) to work on /home/airflow/.local/lib/python3.7/site-packages/airflow/example_dags/example_branch_python_dop_operator_3.py
[2023-06-28T14:44:17.122+0000] {processor.py:826} INFO - Processing file /home/airflow/.local/lib/python3.7/site-packages/airflow/example_dags/example_branch_python_dop_operator_3.py for tasks to queue
[2023-06-28T14:44:17.123+0000] {logging_mixin.py:149} INFO - [2023-06-28T14:44:17.123+0000] {dagbag.py:541} INFO - Filling up the DagBag from /home/airflow/.local/lib/python3.7/site-packages/airflow/example_dags/example_branch_python_dop_operator_3.py
[2023-06-28T14:44:17.170+0000] {processor.py:836} INFO - DAG(s) dict_keys(['example_branch_dop_operator_v3']) retrieved from /home/airflow/.local/lib/python3.7/site-packages/airflow/example_dags/example_branch_python_dop_operator_3.py
[2023-06-28T14:44:17.302+0000] {logging_mixin.py:149} INFO - [2023-06-28T14:44:17.302+0000] {dag.py:2726} INFO - Sync 1 DAGs
[2023-06-28T14:44:17.504+0000] {logging_mixin.py:149} INFO - [2023-06-28T14:44:17.504+0000] {dag.py:3490} INFO - Setting next_dagrun for example_branch_dop_operator_v3 to 2023-06-28T14:43:00+00:00, run_after=2023-06-28T14:44:00+00:00
[2023-06-28T14:44:17.658+0000] {processor.py:179} INFO - Processing /home/airflow/.local/lib/python3.7/site-packages/airflow/example_dags/example_branch_python_dop_operator_3.py took 0.557 seconds
[2023-06-28T14:44:48.228+0000] {processor.py:157} INFO - Started process (PID=3328) to work on /home/airflow/.local/lib/python3.7/site-packages/airflow/example_dags/example_branch_python_dop_operator_3.py
[2023-06-28T14:44:48.229+0000] {processor.py:826} INFO - Processing file /home/airflow/.local/lib/python3.7/site-packages/airflow/example_dags/example_branch_python_dop_operator_3.py for tasks to queue
[2023-06-28T14:44:48.231+0000] {logging_mixin.py:149} INFO - [2023-06-28T14:44:48.230+0000] {dagbag.py:541} INFO - Filling up the DagBag from /home/airflow/.local/lib/python3.7/site-packages/airflow/example_dags/example_branch_python_dop_operator_3.py
[2023-06-28T14:44:48.246+0000] {processor.py:836} INFO - DAG(s) dict_keys(['example_branch_dop_operator_v3']) retrieved from /home/airflow/.local/lib/python3.7/site-packages/airflow/example_dags/example_branch_python_dop_operator_3.py
[2023-06-28T14:44:48.319+0000] {logging_mixin.py:149} INFO - [2023-06-28T14:44:48.319+0000] {dag.py:2726} INFO - Sync 1 DAGs
[2023-06-28T14:44:48.387+0000] {logging_mixin.py:149} INFO - [2023-06-28T14:44:48.387+0000] {dag.py:3490} INFO - Setting next_dagrun for example_branch_dop_operator_v3 to 2023-06-28T14:43:00+00:00, run_after=2023-06-28T14:44:00+00:00
[2023-06-28T14:44:48.445+0000] {processor.py:179} INFO - Processing /home/airflow/.local/lib/python3.7/site-packages/airflow/example_dags/example_branch_python_dop_operator_3.py took 0.225 seconds
[2023-06-28T14:45:18.549+0000] {processor.py:157} INFO - Started process (PID=3386) to work on /home/airflow/.local/lib/python3.7/site-packages/airflow/example_dags/example_branch_python_dop_operator_3.py
[2023-06-28T14:45:18.551+0000] {processor.py:826} INFO - Processing file /home/airflow/.local/lib/python3.7/site-packages/airflow/example_dags/example_branch_python_dop_operator_3.py for tasks to queue
[2023-06-28T14:45:18.553+0000] {logging_mixin.py:149} INFO - [2023-06-28T14:45:18.553+0000] {dagbag.py:541} INFO - Filling up the DagBag from /home/airflow/.local/lib/python3.7/site-packages/airflow/example_dags/example_branch_python_dop_operator_3.py
[2023-06-28T14:45:18.581+0000] {processor.py:836} INFO - DAG(s) dict_keys(['example_branch_dop_operator_v3']) retrieved from /home/airflow/.local/lib/python3.7/site-packages/airflow/example_dags/example_branch_python_dop_operator_3.py
[2023-06-28T14:45:18.662+0000] {logging_mixin.py:149} INFO - [2023-06-28T14:45:18.661+0000] {dag.py:2726} INFO - Sync 1 DAGs
[2023-06-28T14:45:18.786+0000] {logging_mixin.py:149} INFO - [2023-06-28T14:45:18.786+0000] {dag.py:3490} INFO - Setting next_dagrun for example_branch_dop_operator_v3 to 2023-06-28T14:44:00+00:00, run_after=2023-06-28T14:45:00+00:00
[2023-06-28T14:45:18.847+0000] {processor.py:179} INFO - Processing /home/airflow/.local/lib/python3.7/site-packages/airflow/example_dags/example_branch_python_dop_operator_3.py took 0.304 seconds
[2023-06-28T14:45:48.884+0000] {processor.py:157} INFO - Started process (PID=3446) to work on /home/airflow/.local/lib/python3.7/site-packages/airflow/example_dags/example_branch_python_dop_operator_3.py
[2023-06-28T14:45:48.886+0000] {processor.py:826} INFO - Processing file /home/airflow/.local/lib/python3.7/site-packages/airflow/example_dags/example_branch_python_dop_operator_3.py for tasks to queue
[2023-06-28T14:45:48.887+0000] {logging_mixin.py:149} INFO - [2023-06-28T14:45:48.887+0000] {dagbag.py:541} INFO - Filling up the DagBag from /home/airflow/.local/lib/python3.7/site-packages/airflow/example_dags/example_branch_python_dop_operator_3.py
[2023-06-28T14:45:48.897+0000] {processor.py:836} INFO - DAG(s) dict_keys(['example_branch_dop_operator_v3']) retrieved from /home/airflow/.local/lib/python3.7/site-packages/airflow/example_dags/example_branch_python_dop_operator_3.py
[2023-06-28T14:45:48.929+0000] {logging_mixin.py:149} INFO - [2023-06-28T14:45:48.929+0000] {dag.py:2726} INFO - Sync 1 DAGs
[2023-06-28T14:45:48.981+0000] {logging_mixin.py:149} INFO - [2023-06-28T14:45:48.981+0000] {dag.py:3490} INFO - Setting next_dagrun for example_branch_dop_operator_v3 to 2023-06-28T14:44:00+00:00, run_after=2023-06-28T14:45:00+00:00
[2023-06-28T14:45:49.013+0000] {processor.py:179} INFO - Processing /home/airflow/.local/lib/python3.7/site-packages/airflow/example_dags/example_branch_python_dop_operator_3.py took 0.132 seconds
[2023-06-28T14:46:19.493+0000] {processor.py:157} INFO - Started process (PID=3505) to work on /home/airflow/.local/lib/python3.7/site-packages/airflow/example_dags/example_branch_python_dop_operator_3.py
[2023-06-28T14:46:19.495+0000] {processor.py:826} INFO - Processing file /home/airflow/.local/lib/python3.7/site-packages/airflow/example_dags/example_branch_python_dop_operator_3.py for tasks to queue
[2023-06-28T14:46:19.500+0000] {logging_mixin.py:149} INFO - [2023-06-28T14:46:19.500+0000] {dagbag.py:541} INFO - Filling up the DagBag from /home/airflow/.local/lib/python3.7/site-packages/airflow/example_dags/example_branch_python_dop_operator_3.py
[2023-06-28T14:46:19.522+0000] {processor.py:836} INFO - DAG(s) dict_keys(['example_branch_dop_operator_v3']) retrieved from /home/airflow/.local/lib/python3.7/site-packages/airflow/example_dags/example_branch_python_dop_operator_3.py
[2023-06-28T14:46:19.600+0000] {logging_mixin.py:149} INFO - [2023-06-28T14:46:19.600+0000] {dag.py:2726} INFO - Sync 1 DAGs
[2023-06-28T14:46:19.662+0000] {logging_mixin.py:149} INFO - [2023-06-28T14:46:19.662+0000] {dag.py:3490} INFO - Setting next_dagrun for example_branch_dop_operator_v3 to 2023-06-28T14:45:00+00:00, run_after=2023-06-28T14:46:00+00:00
[2023-06-28T14:46:19.709+0000] {processor.py:179} INFO - Processing /home/airflow/.local/lib/python3.7/site-packages/airflow/example_dags/example_branch_python_dop_operator_3.py took 0.224 seconds
[2023-06-28T14:46:50.532+0000] {processor.py:157} INFO - Started process (PID=3564) to work on /home/airflow/.local/lib/python3.7/site-packages/airflow/example_dags/example_branch_python_dop_operator_3.py
[2023-06-28T14:46:50.540+0000] {processor.py:826} INFO - Processing file /home/airflow/.local/lib/python3.7/site-packages/airflow/example_dags/example_branch_python_dop_operator_3.py for tasks to queue
[2023-06-28T14:46:50.543+0000] {logging_mixin.py:149} INFO - [2023-06-28T14:46:50.543+0000] {dagbag.py:541} INFO - Filling up the DagBag from /home/airflow/.local/lib/python3.7/site-packages/airflow/example_dags/example_branch_python_dop_operator_3.py
[2023-06-28T14:46:50.599+0000] {processor.py:836} INFO - DAG(s) dict_keys(['example_branch_dop_operator_v3']) retrieved from /home/airflow/.local/lib/python3.7/site-packages/airflow/example_dags/example_branch_python_dop_operator_3.py
[2023-06-28T14:46:50.707+0000] {logging_mixin.py:149} INFO - [2023-06-28T14:46:50.706+0000] {dag.py:2726} INFO - Sync 1 DAGs
[2023-06-28T14:46:50.794+0000] {logging_mixin.py:149} INFO - [2023-06-28T14:46:50.794+0000] {dag.py:3490} INFO - Setting next_dagrun for example_branch_dop_operator_v3 to 2023-06-28T14:45:00+00:00, run_after=2023-06-28T14:46:00+00:00
[2023-06-28T14:46:50.844+0000] {processor.py:179} INFO - Processing /home/airflow/.local/lib/python3.7/site-packages/airflow/example_dags/example_branch_python_dop_operator_3.py took 0.335 seconds
[2023-06-28T14:47:20.986+0000] {processor.py:157} INFO - Started process (PID=3624) to work on /home/airflow/.local/lib/python3.7/site-packages/airflow/example_dags/example_branch_python_dop_operator_3.py
[2023-06-28T14:47:20.987+0000] {processor.py:826} INFO - Processing file /home/airflow/.local/lib/python3.7/site-packages/airflow/example_dags/example_branch_python_dop_operator_3.py for tasks to queue
[2023-06-28T14:47:20.988+0000] {logging_mixin.py:149} INFO - [2023-06-28T14:47:20.988+0000] {dagbag.py:541} INFO - Filling up the DagBag from /home/airflow/.local/lib/python3.7/site-packages/airflow/example_dags/example_branch_python_dop_operator_3.py
[2023-06-28T14:47:21.015+0000] {processor.py:836} INFO - DAG(s) dict_keys(['example_branch_dop_operator_v3']) retrieved from /home/airflow/.local/lib/python3.7/site-packages/airflow/example_dags/example_branch_python_dop_operator_3.py
[2023-06-28T14:47:21.156+0000] {logging_mixin.py:149} INFO - [2023-06-28T14:47:21.155+0000] {dag.py:2726} INFO - Sync 1 DAGs
[2023-06-28T14:47:21.315+0000] {logging_mixin.py:149} INFO - [2023-06-28T14:47:21.314+0000] {dag.py:3490} INFO - Setting next_dagrun for example_branch_dop_operator_v3 to 2023-06-28T14:46:00+00:00, run_after=2023-06-28T14:47:00+00:00
[2023-06-28T14:47:21.507+0000] {processor.py:179} INFO - Processing /home/airflow/.local/lib/python3.7/site-packages/airflow/example_dags/example_branch_python_dop_operator_3.py took 0.525 seconds
[2023-06-28T14:47:52.305+0000] {processor.py:157} INFO - Started process (PID=3684) to work on /home/airflow/.local/lib/python3.7/site-packages/airflow/example_dags/example_branch_python_dop_operator_3.py
[2023-06-28T14:47:52.307+0000] {processor.py:826} INFO - Processing file /home/airflow/.local/lib/python3.7/site-packages/airflow/example_dags/example_branch_python_dop_operator_3.py for tasks to queue
[2023-06-28T14:47:52.308+0000] {logging_mixin.py:149} INFO - [2023-06-28T14:47:52.308+0000] {dagbag.py:541} INFO - Filling up the DagBag from /home/airflow/.local/lib/python3.7/site-packages/airflow/example_dags/example_branch_python_dop_operator_3.py
[2023-06-28T14:47:52.319+0000] {processor.py:836} INFO - DAG(s) dict_keys(['example_branch_dop_operator_v3']) retrieved from /home/airflow/.local/lib/python3.7/site-packages/airflow/example_dags/example_branch_python_dop_operator_3.py
[2023-06-28T14:47:52.352+0000] {logging_mixin.py:149} INFO - [2023-06-28T14:47:52.352+0000] {dag.py:2726} INFO - Sync 1 DAGs
[2023-06-28T14:47:52.402+0000] {logging_mixin.py:149} INFO - [2023-06-28T14:47:52.402+0000] {dag.py:3490} INFO - Setting next_dagrun for example_branch_dop_operator_v3 to 2023-06-28T14:46:00+00:00, run_after=2023-06-28T14:47:00+00:00
[2023-06-28T14:47:52.438+0000] {processor.py:179} INFO - Processing /home/airflow/.local/lib/python3.7/site-packages/airflow/example_dags/example_branch_python_dop_operator_3.py took 0.137 seconds
