[2023-06-28T14:16:20.126+0000] {processor.py:157} INFO - Started process (PID=42) to work on /home/airflow/.local/lib/python3.7/site-packages/airflow/example_dags/example_short_circuit_operator.py
[2023-06-28T14:16:20.147+0000] {processor.py:826} INFO - Processing file /home/airflow/.local/lib/python3.7/site-packages/airflow/example_dags/example_short_circuit_operator.py for tasks to queue
[2023-06-28T14:16:20.164+0000] {logging_mixin.py:149} INFO - [2023-06-28T14:16:20.163+0000] {dagbag.py:541} INFO - Filling up the DagBag from /home/airflow/.local/lib/python3.7/site-packages/airflow/example_dags/example_short_circuit_operator.py
[2023-06-28T14:16:20.263+0000] {processor.py:836} INFO - DAG(s) dict_keys(['example_short_circuit_operator']) retrieved from /home/airflow/.local/lib/python3.7/site-packages/airflow/example_dags/example_short_circuit_operator.py
[2023-06-28T14:16:20.906+0000] {logging_mixin.py:149} INFO - [2023-06-28T14:16:20.906+0000] {dag.py:2726} INFO - Sync 1 DAGs
[2023-06-28T14:16:21.698+0000] {logging_mixin.py:149} INFO - [2023-06-28T14:16:21.698+0000] {dag.py:3490} INFO - Setting next_dagrun for example_short_circuit_operator to 2023-06-27T14:16:21.697786+00:00, run_after=2023-06-28T14:16:21.697786+00:00
[2023-06-28T14:16:22.213+0000] {processor.py:179} INFO - Processing /home/airflow/.local/lib/python3.7/site-packages/airflow/example_dags/example_short_circuit_operator.py took 2.101 seconds
[2023-06-28T14:16:52.716+0000] {processor.py:157} INFO - Started process (PID=100) to work on /home/airflow/.local/lib/python3.7/site-packages/airflow/example_dags/example_short_circuit_operator.py
[2023-06-28T14:16:52.728+0000] {processor.py:826} INFO - Processing file /home/airflow/.local/lib/python3.7/site-packages/airflow/example_dags/example_short_circuit_operator.py for tasks to queue
[2023-06-28T14:16:52.732+0000] {logging_mixin.py:149} INFO - [2023-06-28T14:16:52.732+0000] {dagbag.py:541} INFO - Filling up the DagBag from /home/airflow/.local/lib/python3.7/site-packages/airflow/example_dags/example_short_circuit_operator.py
[2023-06-28T14:16:52.800+0000] {processor.py:836} INFO - DAG(s) dict_keys(['example_short_circuit_operator']) retrieved from /home/airflow/.local/lib/python3.7/site-packages/airflow/example_dags/example_short_circuit_operator.py
[2023-06-28T14:16:53.092+0000] {logging_mixin.py:149} INFO - [2023-06-28T14:16:53.091+0000] {dag.py:2726} INFO - Sync 1 DAGs
[2023-06-28T14:16:53.362+0000] {logging_mixin.py:149} INFO - [2023-06-28T14:16:53.362+0000] {dag.py:3490} INFO - Setting next_dagrun for example_short_circuit_operator to 2023-06-27T14:16:53.362136+00:00, run_after=2023-06-28T14:16:53.362136+00:00
[2023-06-28T14:16:53.466+0000] {processor.py:179} INFO - Processing /home/airflow/.local/lib/python3.7/site-packages/airflow/example_dags/example_short_circuit_operator.py took 0.773 seconds
[2023-06-28T14:17:23.921+0000] {processor.py:157} INFO - Started process (PID=158) to work on /home/airflow/.local/lib/python3.7/site-packages/airflow/example_dags/example_short_circuit_operator.py
[2023-06-28T14:17:23.923+0000] {processor.py:826} INFO - Processing file /home/airflow/.local/lib/python3.7/site-packages/airflow/example_dags/example_short_circuit_operator.py for tasks to queue
[2023-06-28T14:17:23.925+0000] {logging_mixin.py:149} INFO - [2023-06-28T14:17:23.925+0000] {dagbag.py:541} INFO - Filling up the DagBag from /home/airflow/.local/lib/python3.7/site-packages/airflow/example_dags/example_short_circuit_operator.py
[2023-06-28T14:17:23.944+0000] {processor.py:836} INFO - DAG(s) dict_keys(['example_short_circuit_operator']) retrieved from /home/airflow/.local/lib/python3.7/site-packages/airflow/example_dags/example_short_circuit_operator.py
[2023-06-28T14:17:24.001+0000] {logging_mixin.py:149} INFO - [2023-06-28T14:17:24.001+0000] {dag.py:2726} INFO - Sync 1 DAGs
[2023-06-28T14:17:24.089+0000] {logging_mixin.py:149} INFO - [2023-06-28T14:17:24.089+0000] {dag.py:3490} INFO - Setting next_dagrun for example_short_circuit_operator to 2023-06-27T14:17:24.088751+00:00, run_after=2023-06-28T14:17:24.088751+00:00
[2023-06-28T14:17:24.173+0000] {processor.py:179} INFO - Processing /home/airflow/.local/lib/python3.7/site-packages/airflow/example_dags/example_short_circuit_operator.py took 0.258 seconds
[2023-06-28T14:17:54.731+0000] {processor.py:157} INFO - Started process (PID=217) to work on /home/airflow/.local/lib/python3.7/site-packages/airflow/example_dags/example_short_circuit_operator.py
[2023-06-28T14:17:54.739+0000] {processor.py:826} INFO - Processing file /home/airflow/.local/lib/python3.7/site-packages/airflow/example_dags/example_short_circuit_operator.py for tasks to queue
[2023-06-28T14:17:54.746+0000] {logging_mixin.py:149} INFO - [2023-06-28T14:17:54.746+0000] {dagbag.py:541} INFO - Filling up the DagBag from /home/airflow/.local/lib/python3.7/site-packages/airflow/example_dags/example_short_circuit_operator.py
[2023-06-28T14:17:54.810+0000] {processor.py:836} INFO - DAG(s) dict_keys(['example_short_circuit_operator']) retrieved from /home/airflow/.local/lib/python3.7/site-packages/airflow/example_dags/example_short_circuit_operator.py
[2023-06-28T14:17:55.003+0000] {logging_mixin.py:149} INFO - [2023-06-28T14:17:55.003+0000] {dag.py:2726} INFO - Sync 1 DAGs
[2023-06-28T14:17:55.209+0000] {logging_mixin.py:149} INFO - [2023-06-28T14:17:55.208+0000] {dag.py:3490} INFO - Setting next_dagrun for example_short_circuit_operator to 2023-06-27T14:17:55.208201+00:00, run_after=2023-06-28T14:17:55.208201+00:00
[2023-06-28T14:17:55.333+0000] {processor.py:179} INFO - Processing /home/airflow/.local/lib/python3.7/site-packages/airflow/example_dags/example_short_circuit_operator.py took 0.611 seconds
[2023-06-28T14:18:25.632+0000] {processor.py:157} INFO - Started process (PID=276) to work on /home/airflow/.local/lib/python3.7/site-packages/airflow/example_dags/example_short_circuit_operator.py
[2023-06-28T14:18:25.633+0000] {processor.py:826} INFO - Processing file /home/airflow/.local/lib/python3.7/site-packages/airflow/example_dags/example_short_circuit_operator.py for tasks to queue
[2023-06-28T14:18:25.635+0000] {logging_mixin.py:149} INFO - [2023-06-28T14:18:25.634+0000] {dagbag.py:541} INFO - Filling up the DagBag from /home/airflow/.local/lib/python3.7/site-packages/airflow/example_dags/example_short_circuit_operator.py
[2023-06-28T14:18:25.645+0000] {processor.py:836} INFO - DAG(s) dict_keys(['example_short_circuit_operator']) retrieved from /home/airflow/.local/lib/python3.7/site-packages/airflow/example_dags/example_short_circuit_operator.py
[2023-06-28T14:18:25.681+0000] {logging_mixin.py:149} INFO - [2023-06-28T14:18:25.681+0000] {dag.py:2726} INFO - Sync 1 DAGs
[2023-06-28T14:18:25.713+0000] {logging_mixin.py:149} INFO - [2023-06-28T14:18:25.713+0000] {dag.py:3490} INFO - Setting next_dagrun for example_short_circuit_operator to 2023-06-27T14:18:25.713374+00:00, run_after=2023-06-28T14:18:25.713374+00:00
[2023-06-28T14:18:25.748+0000] {processor.py:179} INFO - Processing /home/airflow/.local/lib/python3.7/site-packages/airflow/example_dags/example_short_circuit_operator.py took 0.120 seconds
[2023-06-28T14:18:55.919+0000] {processor.py:157} INFO - Started process (PID=334) to work on /home/airflow/.local/lib/python3.7/site-packages/airflow/example_dags/example_short_circuit_operator.py
[2023-06-28T14:18:55.921+0000] {processor.py:826} INFO - Processing file /home/airflow/.local/lib/python3.7/site-packages/airflow/example_dags/example_short_circuit_operator.py for tasks to queue
[2023-06-28T14:18:55.922+0000] {logging_mixin.py:149} INFO - [2023-06-28T14:18:55.922+0000] {dagbag.py:541} INFO - Filling up the DagBag from /home/airflow/.local/lib/python3.7/site-packages/airflow/example_dags/example_short_circuit_operator.py
[2023-06-28T14:18:55.934+0000] {processor.py:836} INFO - DAG(s) dict_keys(['example_short_circuit_operator']) retrieved from /home/airflow/.local/lib/python3.7/site-packages/airflow/example_dags/example_short_circuit_operator.py
[2023-06-28T14:18:55.972+0000] {logging_mixin.py:149} INFO - [2023-06-28T14:18:55.972+0000] {dag.py:2726} INFO - Sync 1 DAGs
[2023-06-28T14:18:56.005+0000] {logging_mixin.py:149} INFO - [2023-06-28T14:18:56.005+0000] {dag.py:3490} INFO - Setting next_dagrun for example_short_circuit_operator to 2023-06-27T14:18:56.005450+00:00, run_after=2023-06-28T14:18:56.005450+00:00
[2023-06-28T14:18:56.041+0000] {processor.py:179} INFO - Processing /home/airflow/.local/lib/python3.7/site-packages/airflow/example_dags/example_short_circuit_operator.py took 0.127 seconds
[2023-06-28T14:19:26.310+0000] {processor.py:157} INFO - Started process (PID=393) to work on /home/airflow/.local/lib/python3.7/site-packages/airflow/example_dags/example_short_circuit_operator.py
[2023-06-28T14:19:26.315+0000] {processor.py:826} INFO - Processing file /home/airflow/.local/lib/python3.7/site-packages/airflow/example_dags/example_short_circuit_operator.py for tasks to queue
[2023-06-28T14:19:26.324+0000] {logging_mixin.py:149} INFO - [2023-06-28T14:19:26.323+0000] {dagbag.py:541} INFO - Filling up the DagBag from /home/airflow/.local/lib/python3.7/site-packages/airflow/example_dags/example_short_circuit_operator.py
[2023-06-28T14:19:26.346+0000] {processor.py:836} INFO - DAG(s) dict_keys(['example_short_circuit_operator']) retrieved from /home/airflow/.local/lib/python3.7/site-packages/airflow/example_dags/example_short_circuit_operator.py
[2023-06-28T14:19:26.423+0000] {logging_mixin.py:149} INFO - [2023-06-28T14:19:26.422+0000] {dag.py:2726} INFO - Sync 1 DAGs
[2023-06-28T14:19:26.484+0000] {logging_mixin.py:149} INFO - [2023-06-28T14:19:26.484+0000] {dag.py:3490} INFO - Setting next_dagrun for example_short_circuit_operator to 2023-06-27T14:19:26.483687+00:00, run_after=2023-06-28T14:19:26.483687+00:00
[2023-06-28T14:19:26.534+0000] {processor.py:179} INFO - Processing /home/airflow/.local/lib/python3.7/site-packages/airflow/example_dags/example_short_circuit_operator.py took 0.232 seconds
[2023-06-28T14:19:56.679+0000] {processor.py:157} INFO - Started process (PID=447) to work on /home/airflow/.local/lib/python3.7/site-packages/airflow/example_dags/example_short_circuit_operator.py
[2023-06-28T14:19:56.690+0000] {processor.py:826} INFO - Processing file /home/airflow/.local/lib/python3.7/site-packages/airflow/example_dags/example_short_circuit_operator.py for tasks to queue
[2023-06-28T14:19:56.693+0000] {logging_mixin.py:149} INFO - [2023-06-28T14:19:56.693+0000] {dagbag.py:541} INFO - Filling up the DagBag from /home/airflow/.local/lib/python3.7/site-packages/airflow/example_dags/example_short_circuit_operator.py
[2023-06-28T14:19:56.727+0000] {processor.py:836} INFO - DAG(s) dict_keys(['example_short_circuit_operator']) retrieved from /home/airflow/.local/lib/python3.7/site-packages/airflow/example_dags/example_short_circuit_operator.py
[2023-06-28T14:19:56.900+0000] {logging_mixin.py:149} INFO - [2023-06-28T14:19:56.900+0000] {dag.py:2726} INFO - Sync 1 DAGs
[2023-06-28T14:19:57.092+0000] {logging_mixin.py:149} INFO - [2023-06-28T14:19:57.080+0000] {dag.py:3490} INFO - Setting next_dagrun for example_short_circuit_operator to 2023-06-27T14:19:57.079525+00:00, run_after=2023-06-28T14:19:57.079525+00:00
[2023-06-28T14:19:57.280+0000] {processor.py:179} INFO - Processing /home/airflow/.local/lib/python3.7/site-packages/airflow/example_dags/example_short_circuit_operator.py took 0.606 seconds
[2023-06-28T14:20:27.407+0000] {processor.py:157} INFO - Started process (PID=506) to work on /home/airflow/.local/lib/python3.7/site-packages/airflow/example_dags/example_short_circuit_operator.py
[2023-06-28T14:20:27.409+0000] {processor.py:826} INFO - Processing file /home/airflow/.local/lib/python3.7/site-packages/airflow/example_dags/example_short_circuit_operator.py for tasks to queue
[2023-06-28T14:20:27.410+0000] {logging_mixin.py:149} INFO - [2023-06-28T14:20:27.410+0000] {dagbag.py:541} INFO - Filling up the DagBag from /home/airflow/.local/lib/python3.7/site-packages/airflow/example_dags/example_short_circuit_operator.py
[2023-06-28T14:20:27.420+0000] {processor.py:836} INFO - DAG(s) dict_keys(['example_short_circuit_operator']) retrieved from /home/airflow/.local/lib/python3.7/site-packages/airflow/example_dags/example_short_circuit_operator.py
[2023-06-28T14:20:27.456+0000] {logging_mixin.py:149} INFO - [2023-06-28T14:20:27.456+0000] {dag.py:2726} INFO - Sync 1 DAGs
[2023-06-28T14:20:27.490+0000] {logging_mixin.py:149} INFO - [2023-06-28T14:20:27.490+0000] {dag.py:3490} INFO - Setting next_dagrun for example_short_circuit_operator to 2023-06-27T14:20:27.490180+00:00, run_after=2023-06-28T14:20:27.490180+00:00
[2023-06-28T14:20:27.519+0000] {processor.py:179} INFO - Processing /home/airflow/.local/lib/python3.7/site-packages/airflow/example_dags/example_short_circuit_operator.py took 0.116 seconds
[2023-06-28T14:20:57.868+0000] {processor.py:157} INFO - Started process (PID=565) to work on /home/airflow/.local/lib/python3.7/site-packages/airflow/example_dags/example_short_circuit_operator.py
[2023-06-28T14:20:57.869+0000] {processor.py:826} INFO - Processing file /home/airflow/.local/lib/python3.7/site-packages/airflow/example_dags/example_short_circuit_operator.py for tasks to queue
[2023-06-28T14:20:57.870+0000] {logging_mixin.py:149} INFO - [2023-06-28T14:20:57.870+0000] {dagbag.py:541} INFO - Filling up the DagBag from /home/airflow/.local/lib/python3.7/site-packages/airflow/example_dags/example_short_circuit_operator.py
[2023-06-28T14:20:57.880+0000] {processor.py:836} INFO - DAG(s) dict_keys(['example_short_circuit_operator']) retrieved from /home/airflow/.local/lib/python3.7/site-packages/airflow/example_dags/example_short_circuit_operator.py
[2023-06-28T14:20:57.916+0000] {logging_mixin.py:149} INFO - [2023-06-28T14:20:57.916+0000] {dag.py:2726} INFO - Sync 1 DAGs
[2023-06-28T14:20:57.950+0000] {logging_mixin.py:149} INFO - [2023-06-28T14:20:57.950+0000] {dag.py:3490} INFO - Setting next_dagrun for example_short_circuit_operator to 2023-06-27T14:20:57.949903+00:00, run_after=2023-06-28T14:20:57.949903+00:00
[2023-06-28T14:20:57.977+0000] {processor.py:179} INFO - Processing /home/airflow/.local/lib/python3.7/site-packages/airflow/example_dags/example_short_circuit_operator.py took 0.113 seconds
[2023-06-28T14:21:28.163+0000] {processor.py:157} INFO - Started process (PID=625) to work on /home/airflow/.local/lib/python3.7/site-packages/airflow/example_dags/example_short_circuit_operator.py
[2023-06-28T14:21:28.164+0000] {processor.py:826} INFO - Processing file /home/airflow/.local/lib/python3.7/site-packages/airflow/example_dags/example_short_circuit_operator.py for tasks to queue
[2023-06-28T14:21:28.165+0000] {logging_mixin.py:149} INFO - [2023-06-28T14:21:28.165+0000] {dagbag.py:541} INFO - Filling up the DagBag from /home/airflow/.local/lib/python3.7/site-packages/airflow/example_dags/example_short_circuit_operator.py
[2023-06-28T14:21:28.175+0000] {processor.py:836} INFO - DAG(s) dict_keys(['example_short_circuit_operator']) retrieved from /home/airflow/.local/lib/python3.7/site-packages/airflow/example_dags/example_short_circuit_operator.py
[2023-06-28T14:21:28.210+0000] {logging_mixin.py:149} INFO - [2023-06-28T14:21:28.209+0000] {dag.py:2726} INFO - Sync 1 DAGs
[2023-06-28T14:21:28.244+0000] {logging_mixin.py:149} INFO - [2023-06-28T14:21:28.244+0000] {dag.py:3490} INFO - Setting next_dagrun for example_short_circuit_operator to 2023-06-27T14:21:28.243681+00:00, run_after=2023-06-28T14:21:28.243681+00:00
[2023-06-28T14:21:28.274+0000] {processor.py:179} INFO - Processing /home/airflow/.local/lib/python3.7/site-packages/airflow/example_dags/example_short_circuit_operator.py took 0.115 seconds
[2023-06-28T14:21:58.942+0000] {processor.py:157} INFO - Started process (PID=685) to work on /home/airflow/.local/lib/python3.7/site-packages/airflow/example_dags/example_short_circuit_operator.py
[2023-06-28T14:21:58.943+0000] {processor.py:826} INFO - Processing file /home/airflow/.local/lib/python3.7/site-packages/airflow/example_dags/example_short_circuit_operator.py for tasks to queue
[2023-06-28T14:21:58.944+0000] {logging_mixin.py:149} INFO - [2023-06-28T14:21:58.944+0000] {dagbag.py:541} INFO - Filling up the DagBag from /home/airflow/.local/lib/python3.7/site-packages/airflow/example_dags/example_short_circuit_operator.py
[2023-06-28T14:21:58.955+0000] {processor.py:836} INFO - DAG(s) dict_keys(['example_short_circuit_operator']) retrieved from /home/airflow/.local/lib/python3.7/site-packages/airflow/example_dags/example_short_circuit_operator.py
[2023-06-28T14:21:58.991+0000] {logging_mixin.py:149} INFO - [2023-06-28T14:21:58.991+0000] {dag.py:2726} INFO - Sync 1 DAGs
[2023-06-28T14:21:59.024+0000] {logging_mixin.py:149} INFO - [2023-06-28T14:21:59.024+0000] {dag.py:3490} INFO - Setting next_dagrun for example_short_circuit_operator to 2023-06-27T14:21:59.024180+00:00, run_after=2023-06-28T14:21:59.024180+00:00
[2023-06-28T14:21:59.055+0000] {processor.py:179} INFO - Processing /home/airflow/.local/lib/python3.7/site-packages/airflow/example_dags/example_short_circuit_operator.py took 0.117 seconds
[2023-06-28T14:22:29.236+0000] {processor.py:157} INFO - Started process (PID=744) to work on /home/airflow/.local/lib/python3.7/site-packages/airflow/example_dags/example_short_circuit_operator.py
[2023-06-28T14:22:29.237+0000] {processor.py:826} INFO - Processing file /home/airflow/.local/lib/python3.7/site-packages/airflow/example_dags/example_short_circuit_operator.py for tasks to queue
[2023-06-28T14:22:29.238+0000] {logging_mixin.py:149} INFO - [2023-06-28T14:22:29.238+0000] {dagbag.py:541} INFO - Filling up the DagBag from /home/airflow/.local/lib/python3.7/site-packages/airflow/example_dags/example_short_circuit_operator.py
[2023-06-28T14:22:29.248+0000] {processor.py:836} INFO - DAG(s) dict_keys(['example_short_circuit_operator']) retrieved from /home/airflow/.local/lib/python3.7/site-packages/airflow/example_dags/example_short_circuit_operator.py
[2023-06-28T14:22:29.287+0000] {logging_mixin.py:149} INFO - [2023-06-28T14:22:29.287+0000] {dag.py:2726} INFO - Sync 1 DAGs
[2023-06-28T14:22:29.329+0000] {logging_mixin.py:149} INFO - [2023-06-28T14:22:29.329+0000] {dag.py:3490} INFO - Setting next_dagrun for example_short_circuit_operator to 2023-06-27T14:22:29.329290+00:00, run_after=2023-06-28T14:22:29.329290+00:00
[2023-06-28T14:22:29.362+0000] {processor.py:179} INFO - Processing /home/airflow/.local/lib/python3.7/site-packages/airflow/example_dags/example_short_circuit_operator.py took 0.130 seconds
[2023-06-28T14:22:59.741+0000] {processor.py:157} INFO - Started process (PID=803) to work on /home/airflow/.local/lib/python3.7/site-packages/airflow/example_dags/example_short_circuit_operator.py
[2023-06-28T14:22:59.743+0000] {processor.py:826} INFO - Processing file /home/airflow/.local/lib/python3.7/site-packages/airflow/example_dags/example_short_circuit_operator.py for tasks to queue
[2023-06-28T14:22:59.744+0000] {logging_mixin.py:149} INFO - [2023-06-28T14:22:59.744+0000] {dagbag.py:541} INFO - Filling up the DagBag from /home/airflow/.local/lib/python3.7/site-packages/airflow/example_dags/example_short_circuit_operator.py
[2023-06-28T14:22:59.757+0000] {processor.py:836} INFO - DAG(s) dict_keys(['example_short_circuit_operator']) retrieved from /home/airflow/.local/lib/python3.7/site-packages/airflow/example_dags/example_short_circuit_operator.py
[2023-06-28T14:22:59.790+0000] {logging_mixin.py:149} INFO - [2023-06-28T14:22:59.790+0000] {dag.py:2726} INFO - Sync 1 DAGs
[2023-06-28T14:22:59.824+0000] {logging_mixin.py:149} INFO - [2023-06-28T14:22:59.824+0000] {dag.py:3490} INFO - Setting next_dagrun for example_short_circuit_operator to 2023-06-27T14:22:59.823793+00:00, run_after=2023-06-28T14:22:59.823793+00:00
[2023-06-28T14:22:59.865+0000] {processor.py:179} INFO - Processing /home/airflow/.local/lib/python3.7/site-packages/airflow/example_dags/example_short_circuit_operator.py took 0.129 seconds
[2023-06-28T14:23:30.869+0000] {processor.py:157} INFO - Started process (PID=863) to work on /home/airflow/.local/lib/python3.7/site-packages/airflow/example_dags/example_short_circuit_operator.py
[2023-06-28T14:23:30.870+0000] {processor.py:826} INFO - Processing file /home/airflow/.local/lib/python3.7/site-packages/airflow/example_dags/example_short_circuit_operator.py for tasks to queue
[2023-06-28T14:23:30.872+0000] {logging_mixin.py:149} INFO - [2023-06-28T14:23:30.872+0000] {dagbag.py:541} INFO - Filling up the DagBag from /home/airflow/.local/lib/python3.7/site-packages/airflow/example_dags/example_short_circuit_operator.py
[2023-06-28T14:23:30.884+0000] {processor.py:836} INFO - DAG(s) dict_keys(['example_short_circuit_operator']) retrieved from /home/airflow/.local/lib/python3.7/site-packages/airflow/example_dags/example_short_circuit_operator.py
[2023-06-28T14:23:30.938+0000] {logging_mixin.py:149} INFO - [2023-06-28T14:23:30.937+0000] {dag.py:2726} INFO - Sync 1 DAGs
[2023-06-28T14:23:31.019+0000] {logging_mixin.py:149} INFO - [2023-06-28T14:23:31.018+0000] {dag.py:3490} INFO - Setting next_dagrun for example_short_circuit_operator to 2023-06-27T14:23:31.018148+00:00, run_after=2023-06-28T14:23:31.018148+00:00
[2023-06-28T14:23:31.075+0000] {processor.py:179} INFO - Processing /home/airflow/.local/lib/python3.7/site-packages/airflow/example_dags/example_short_circuit_operator.py took 0.214 seconds
[2023-06-28T14:24:01.496+0000] {processor.py:157} INFO - Started process (PID=922) to work on /home/airflow/.local/lib/python3.7/site-packages/airflow/example_dags/example_short_circuit_operator.py
[2023-06-28T14:24:01.497+0000] {processor.py:826} INFO - Processing file /home/airflow/.local/lib/python3.7/site-packages/airflow/example_dags/example_short_circuit_operator.py for tasks to queue
[2023-06-28T14:24:01.498+0000] {logging_mixin.py:149} INFO - [2023-06-28T14:24:01.498+0000] {dagbag.py:541} INFO - Filling up the DagBag from /home/airflow/.local/lib/python3.7/site-packages/airflow/example_dags/example_short_circuit_operator.py
[2023-06-28T14:24:01.512+0000] {processor.py:836} INFO - DAG(s) dict_keys(['example_short_circuit_operator']) retrieved from /home/airflow/.local/lib/python3.7/site-packages/airflow/example_dags/example_short_circuit_operator.py
[2023-06-28T14:24:01.573+0000] {logging_mixin.py:149} INFO - [2023-06-28T14:24:01.572+0000] {dag.py:2726} INFO - Sync 1 DAGs
[2023-06-28T14:24:01.627+0000] {logging_mixin.py:149} INFO - [2023-06-28T14:24:01.627+0000] {dag.py:3490} INFO - Setting next_dagrun for example_short_circuit_operator to 2023-06-27T14:24:01.626730+00:00, run_after=2023-06-28T14:24:01.626730+00:00
[2023-06-28T14:24:01.674+0000] {processor.py:179} INFO - Processing /home/airflow/.local/lib/python3.7/site-packages/airflow/example_dags/example_short_circuit_operator.py took 0.184 seconds
[2023-06-28T14:24:31.996+0000] {processor.py:157} INFO - Started process (PID=979) to work on /home/airflow/.local/lib/python3.7/site-packages/airflow/example_dags/example_short_circuit_operator.py
[2023-06-28T14:24:31.997+0000] {processor.py:826} INFO - Processing file /home/airflow/.local/lib/python3.7/site-packages/airflow/example_dags/example_short_circuit_operator.py for tasks to queue
[2023-06-28T14:24:31.999+0000] {logging_mixin.py:149} INFO - [2023-06-28T14:24:31.999+0000] {dagbag.py:541} INFO - Filling up the DagBag from /home/airflow/.local/lib/python3.7/site-packages/airflow/example_dags/example_short_circuit_operator.py
[2023-06-28T14:24:32.013+0000] {processor.py:836} INFO - DAG(s) dict_keys(['example_short_circuit_operator']) retrieved from /home/airflow/.local/lib/python3.7/site-packages/airflow/example_dags/example_short_circuit_operator.py
[2023-06-28T14:24:32.057+0000] {logging_mixin.py:149} INFO - [2023-06-28T14:24:32.057+0000] {dag.py:2726} INFO - Sync 1 DAGs
[2023-06-28T14:24:32.093+0000] {logging_mixin.py:149} INFO - [2023-06-28T14:24:32.093+0000] {dag.py:3490} INFO - Setting next_dagrun for example_short_circuit_operator to 2023-06-27T14:24:32.093275+00:00, run_after=2023-06-28T14:24:32.093275+00:00
[2023-06-28T14:24:32.134+0000] {processor.py:179} INFO - Processing /home/airflow/.local/lib/python3.7/site-packages/airflow/example_dags/example_short_circuit_operator.py took 0.143 seconds
[2023-06-28T14:25:02.570+0000] {processor.py:157} INFO - Started process (PID=1039) to work on /home/airflow/.local/lib/python3.7/site-packages/airflow/example_dags/example_short_circuit_operator.py
[2023-06-28T14:25:02.572+0000] {processor.py:826} INFO - Processing file /home/airflow/.local/lib/python3.7/site-packages/airflow/example_dags/example_short_circuit_operator.py for tasks to queue
[2023-06-28T14:25:02.574+0000] {logging_mixin.py:149} INFO - [2023-06-28T14:25:02.573+0000] {dagbag.py:541} INFO - Filling up the DagBag from /home/airflow/.local/lib/python3.7/site-packages/airflow/example_dags/example_short_circuit_operator.py
[2023-06-28T14:25:02.590+0000] {processor.py:836} INFO - DAG(s) dict_keys(['example_short_circuit_operator']) retrieved from /home/airflow/.local/lib/python3.7/site-packages/airflow/example_dags/example_short_circuit_operator.py
[2023-06-28T14:25:02.628+0000] {logging_mixin.py:149} INFO - [2023-06-28T14:25:02.628+0000] {dag.py:2726} INFO - Sync 1 DAGs
[2023-06-28T14:25:02.672+0000] {logging_mixin.py:149} INFO - [2023-06-28T14:25:02.672+0000] {dag.py:3490} INFO - Setting next_dagrun for example_short_circuit_operator to 2023-06-27T14:25:02.672250+00:00, run_after=2023-06-28T14:25:02.672250+00:00
[2023-06-28T14:25:02.705+0000] {processor.py:179} INFO - Processing /home/airflow/.local/lib/python3.7/site-packages/airflow/example_dags/example_short_circuit_operator.py took 0.138 seconds
[2023-06-28T14:25:33.051+0000] {processor.py:157} INFO - Started process (PID=1097) to work on /home/airflow/.local/lib/python3.7/site-packages/airflow/example_dags/example_short_circuit_operator.py
[2023-06-28T14:25:33.053+0000] {processor.py:826} INFO - Processing file /home/airflow/.local/lib/python3.7/site-packages/airflow/example_dags/example_short_circuit_operator.py for tasks to queue
[2023-06-28T14:25:33.054+0000] {logging_mixin.py:149} INFO - [2023-06-28T14:25:33.054+0000] {dagbag.py:541} INFO - Filling up the DagBag from /home/airflow/.local/lib/python3.7/site-packages/airflow/example_dags/example_short_circuit_operator.py
[2023-06-28T14:25:33.066+0000] {processor.py:836} INFO - DAG(s) dict_keys(['example_short_circuit_operator']) retrieved from /home/airflow/.local/lib/python3.7/site-packages/airflow/example_dags/example_short_circuit_operator.py
[2023-06-28T14:25:33.103+0000] {logging_mixin.py:149} INFO - [2023-06-28T14:25:33.103+0000] {dag.py:2726} INFO - Sync 1 DAGs
[2023-06-28T14:25:33.145+0000] {logging_mixin.py:149} INFO - [2023-06-28T14:25:33.145+0000] {dag.py:3490} INFO - Setting next_dagrun for example_short_circuit_operator to 2023-06-27T14:25:33.145309+00:00, run_after=2023-06-28T14:25:33.145309+00:00
[2023-06-28T14:25:33.181+0000] {processor.py:179} INFO - Processing /home/airflow/.local/lib/python3.7/site-packages/airflow/example_dags/example_short_circuit_operator.py took 0.133 seconds
[2023-06-28T14:26:03.710+0000] {processor.py:157} INFO - Started process (PID=1156) to work on /home/airflow/.local/lib/python3.7/site-packages/airflow/example_dags/example_short_circuit_operator.py
[2023-06-28T14:26:03.712+0000] {processor.py:826} INFO - Processing file /home/airflow/.local/lib/python3.7/site-packages/airflow/example_dags/example_short_circuit_operator.py for tasks to queue
[2023-06-28T14:26:03.713+0000] {logging_mixin.py:149} INFO - [2023-06-28T14:26:03.713+0000] {dagbag.py:541} INFO - Filling up the DagBag from /home/airflow/.local/lib/python3.7/site-packages/airflow/example_dags/example_short_circuit_operator.py
[2023-06-28T14:26:03.723+0000] {processor.py:836} INFO - DAG(s) dict_keys(['example_short_circuit_operator']) retrieved from /home/airflow/.local/lib/python3.7/site-packages/airflow/example_dags/example_short_circuit_operator.py
[2023-06-28T14:26:03.760+0000] {logging_mixin.py:149} INFO - [2023-06-28T14:26:03.759+0000] {dag.py:2726} INFO - Sync 1 DAGs
[2023-06-28T14:26:03.794+0000] {logging_mixin.py:149} INFO - [2023-06-28T14:26:03.793+0000] {dag.py:3490} INFO - Setting next_dagrun for example_short_circuit_operator to 2023-06-27T14:26:03.793616+00:00, run_after=2023-06-28T14:26:03.793616+00:00
[2023-06-28T14:26:03.826+0000] {processor.py:179} INFO - Processing /home/airflow/.local/lib/python3.7/site-packages/airflow/example_dags/example_short_circuit_operator.py took 0.120 seconds
[2023-06-28T14:26:34.543+0000] {processor.py:157} INFO - Started process (PID=1216) to work on /home/airflow/.local/lib/python3.7/site-packages/airflow/example_dags/example_short_circuit_operator.py
[2023-06-28T14:26:34.545+0000] {processor.py:826} INFO - Processing file /home/airflow/.local/lib/python3.7/site-packages/airflow/example_dags/example_short_circuit_operator.py for tasks to queue
[2023-06-28T14:26:34.546+0000] {logging_mixin.py:149} INFO - [2023-06-28T14:26:34.546+0000] {dagbag.py:541} INFO - Filling up the DagBag from /home/airflow/.local/lib/python3.7/site-packages/airflow/example_dags/example_short_circuit_operator.py
[2023-06-28T14:26:34.558+0000] {processor.py:836} INFO - DAG(s) dict_keys(['example_short_circuit_operator']) retrieved from /home/airflow/.local/lib/python3.7/site-packages/airflow/example_dags/example_short_circuit_operator.py
[2023-06-28T14:26:34.593+0000] {logging_mixin.py:149} INFO - [2023-06-28T14:26:34.592+0000] {dag.py:2726} INFO - Sync 1 DAGs
[2023-06-28T14:26:34.626+0000] {logging_mixin.py:149} INFO - [2023-06-28T14:26:34.625+0000] {dag.py:3490} INFO - Setting next_dagrun for example_short_circuit_operator to 2023-06-27T14:26:34.625630+00:00, run_after=2023-06-28T14:26:34.625630+00:00
[2023-06-28T14:26:34.665+0000] {processor.py:179} INFO - Processing /home/airflow/.local/lib/python3.7/site-packages/airflow/example_dags/example_short_circuit_operator.py took 0.127 seconds
[2023-06-28T14:27:04.910+0000] {processor.py:157} INFO - Started process (PID=1275) to work on /home/airflow/.local/lib/python3.7/site-packages/airflow/example_dags/example_short_circuit_operator.py
[2023-06-28T14:27:04.911+0000] {processor.py:826} INFO - Processing file /home/airflow/.local/lib/python3.7/site-packages/airflow/example_dags/example_short_circuit_operator.py for tasks to queue
[2023-06-28T14:27:04.912+0000] {logging_mixin.py:149} INFO - [2023-06-28T14:27:04.912+0000] {dagbag.py:541} INFO - Filling up the DagBag from /home/airflow/.local/lib/python3.7/site-packages/airflow/example_dags/example_short_circuit_operator.py
[2023-06-28T14:27:04.922+0000] {processor.py:836} INFO - DAG(s) dict_keys(['example_short_circuit_operator']) retrieved from /home/airflow/.local/lib/python3.7/site-packages/airflow/example_dags/example_short_circuit_operator.py
[2023-06-28T14:27:04.956+0000] {logging_mixin.py:149} INFO - [2023-06-28T14:27:04.956+0000] {dag.py:2726} INFO - Sync 1 DAGs
[2023-06-28T14:27:04.991+0000] {logging_mixin.py:149} INFO - [2023-06-28T14:27:04.991+0000] {dag.py:3490} INFO - Setting next_dagrun for example_short_circuit_operator to 2023-06-27T14:27:04.990680+00:00, run_after=2023-06-28T14:27:04.990680+00:00
[2023-06-28T14:27:05.026+0000] {processor.py:179} INFO - Processing /home/airflow/.local/lib/python3.7/site-packages/airflow/example_dags/example_short_circuit_operator.py took 0.119 seconds
[2023-06-28T14:27:35.472+0000] {processor.py:157} INFO - Started process (PID=1334) to work on /home/airflow/.local/lib/python3.7/site-packages/airflow/example_dags/example_short_circuit_operator.py
[2023-06-28T14:27:35.473+0000] {processor.py:826} INFO - Processing file /home/airflow/.local/lib/python3.7/site-packages/airflow/example_dags/example_short_circuit_operator.py for tasks to queue
[2023-06-28T14:27:35.475+0000] {logging_mixin.py:149} INFO - [2023-06-28T14:27:35.474+0000] {dagbag.py:541} INFO - Filling up the DagBag from /home/airflow/.local/lib/python3.7/site-packages/airflow/example_dags/example_short_circuit_operator.py
[2023-06-28T14:27:35.489+0000] {processor.py:836} INFO - DAG(s) dict_keys(['example_short_circuit_operator']) retrieved from /home/airflow/.local/lib/python3.7/site-packages/airflow/example_dags/example_short_circuit_operator.py
[2023-06-28T14:27:35.523+0000] {logging_mixin.py:149} INFO - [2023-06-28T14:27:35.523+0000] {dag.py:2726} INFO - Sync 1 DAGs
[2023-06-28T14:27:35.557+0000] {logging_mixin.py:149} INFO - [2023-06-28T14:27:35.556+0000] {dag.py:3490} INFO - Setting next_dagrun for example_short_circuit_operator to 2023-06-27T14:27:35.556712+00:00, run_after=2023-06-28T14:27:35.556712+00:00
[2023-06-28T14:27:35.614+0000] {processor.py:179} INFO - Processing /home/airflow/.local/lib/python3.7/site-packages/airflow/example_dags/example_short_circuit_operator.py took 0.148 seconds
[2023-06-28T14:28:05.726+0000] {processor.py:157} INFO - Started process (PID=1394) to work on /home/airflow/.local/lib/python3.7/site-packages/airflow/example_dags/example_short_circuit_operator.py
[2023-06-28T14:28:05.734+0000] {processor.py:826} INFO - Processing file /home/airflow/.local/lib/python3.7/site-packages/airflow/example_dags/example_short_circuit_operator.py for tasks to queue
[2023-06-28T14:28:05.735+0000] {logging_mixin.py:149} INFO - [2023-06-28T14:28:05.735+0000] {dagbag.py:541} INFO - Filling up the DagBag from /home/airflow/.local/lib/python3.7/site-packages/airflow/example_dags/example_short_circuit_operator.py
[2023-06-28T14:28:05.750+0000] {processor.py:836} INFO - DAG(s) dict_keys(['example_short_circuit_operator']) retrieved from /home/airflow/.local/lib/python3.7/site-packages/airflow/example_dags/example_short_circuit_operator.py
[2023-06-28T14:28:05.793+0000] {logging_mixin.py:149} INFO - [2023-06-28T14:28:05.793+0000] {dag.py:2726} INFO - Sync 1 DAGs
[2023-06-28T14:28:05.833+0000] {logging_mixin.py:149} INFO - [2023-06-28T14:28:05.832+0000] {dag.py:3490} INFO - Setting next_dagrun for example_short_circuit_operator to 2023-06-27T14:28:05.832604+00:00, run_after=2023-06-28T14:28:05.832604+00:00
[2023-06-28T14:28:05.872+0000] {processor.py:179} INFO - Processing /home/airflow/.local/lib/python3.7/site-packages/airflow/example_dags/example_short_circuit_operator.py took 0.152 seconds
[2023-06-28T14:28:36.080+0000] {processor.py:157} INFO - Started process (PID=1452) to work on /home/airflow/.local/lib/python3.7/site-packages/airflow/example_dags/example_short_circuit_operator.py
[2023-06-28T14:28:36.082+0000] {processor.py:826} INFO - Processing file /home/airflow/.local/lib/python3.7/site-packages/airflow/example_dags/example_short_circuit_operator.py for tasks to queue
[2023-06-28T14:28:36.083+0000] {logging_mixin.py:149} INFO - [2023-06-28T14:28:36.082+0000] {dagbag.py:541} INFO - Filling up the DagBag from /home/airflow/.local/lib/python3.7/site-packages/airflow/example_dags/example_short_circuit_operator.py
[2023-06-28T14:28:36.092+0000] {processor.py:836} INFO - DAG(s) dict_keys(['example_short_circuit_operator']) retrieved from /home/airflow/.local/lib/python3.7/site-packages/airflow/example_dags/example_short_circuit_operator.py
[2023-06-28T14:28:36.125+0000] {logging_mixin.py:149} INFO - [2023-06-28T14:28:36.125+0000] {dag.py:2726} INFO - Sync 1 DAGs
[2023-06-28T14:28:36.162+0000] {logging_mixin.py:149} INFO - [2023-06-28T14:28:36.162+0000] {dag.py:3490} INFO - Setting next_dagrun for example_short_circuit_operator to 2023-06-27T14:28:36.162021+00:00, run_after=2023-06-28T14:28:36.162021+00:00
[2023-06-28T14:28:36.192+0000] {processor.py:179} INFO - Processing /home/airflow/.local/lib/python3.7/site-packages/airflow/example_dags/example_short_circuit_operator.py took 0.117 seconds
[2023-06-28T14:29:07.180+0000] {processor.py:157} INFO - Started process (PID=1512) to work on /home/airflow/.local/lib/python3.7/site-packages/airflow/example_dags/example_short_circuit_operator.py
[2023-06-28T14:29:07.196+0000] {processor.py:826} INFO - Processing file /home/airflow/.local/lib/python3.7/site-packages/airflow/example_dags/example_short_circuit_operator.py for tasks to queue
[2023-06-28T14:29:07.204+0000] {logging_mixin.py:149} INFO - [2023-06-28T14:29:07.203+0000] {dagbag.py:541} INFO - Filling up the DagBag from /home/airflow/.local/lib/python3.7/site-packages/airflow/example_dags/example_short_circuit_operator.py
[2023-06-28T14:29:07.235+0000] {processor.py:836} INFO - DAG(s) dict_keys(['example_short_circuit_operator']) retrieved from /home/airflow/.local/lib/python3.7/site-packages/airflow/example_dags/example_short_circuit_operator.py
[2023-06-28T14:29:07.280+0000] {logging_mixin.py:149} INFO - [2023-06-28T14:29:07.280+0000] {dag.py:2726} INFO - Sync 1 DAGs
[2023-06-28T14:29:07.327+0000] {logging_mixin.py:149} INFO - [2023-06-28T14:29:07.327+0000] {dag.py:3490} INFO - Setting next_dagrun for example_short_circuit_operator to 2023-06-27T14:29:07.326604+00:00, run_after=2023-06-28T14:29:07.326604+00:00
[2023-06-28T14:29:07.366+0000] {processor.py:179} INFO - Processing /home/airflow/.local/lib/python3.7/site-packages/airflow/example_dags/example_short_circuit_operator.py took 0.191 seconds
[2023-06-28T14:29:37.751+0000] {processor.py:157} INFO - Started process (PID=1572) to work on /home/airflow/.local/lib/python3.7/site-packages/airflow/example_dags/example_short_circuit_operator.py
[2023-06-28T14:29:37.753+0000] {processor.py:826} INFO - Processing file /home/airflow/.local/lib/python3.7/site-packages/airflow/example_dags/example_short_circuit_operator.py for tasks to queue
[2023-06-28T14:29:37.756+0000] {logging_mixin.py:149} INFO - [2023-06-28T14:29:37.755+0000] {dagbag.py:541} INFO - Filling up the DagBag from /home/airflow/.local/lib/python3.7/site-packages/airflow/example_dags/example_short_circuit_operator.py
[2023-06-28T14:29:37.774+0000] {processor.py:836} INFO - DAG(s) dict_keys(['example_short_circuit_operator']) retrieved from /home/airflow/.local/lib/python3.7/site-packages/airflow/example_dags/example_short_circuit_operator.py
[2023-06-28T14:29:37.824+0000] {logging_mixin.py:149} INFO - [2023-06-28T14:29:37.824+0000] {dag.py:2726} INFO - Sync 1 DAGs
[2023-06-28T14:29:37.872+0000] {logging_mixin.py:149} INFO - [2023-06-28T14:29:37.871+0000] {dag.py:3490} INFO - Setting next_dagrun for example_short_circuit_operator to 2023-06-27T14:29:37.871266+00:00, run_after=2023-06-28T14:29:37.871266+00:00
[2023-06-28T14:29:37.912+0000] {processor.py:179} INFO - Processing /home/airflow/.local/lib/python3.7/site-packages/airflow/example_dags/example_short_circuit_operator.py took 0.171 seconds
[2023-06-28T14:30:08.112+0000] {processor.py:157} INFO - Started process (PID=1631) to work on /home/airflow/.local/lib/python3.7/site-packages/airflow/example_dags/example_short_circuit_operator.py
[2023-06-28T14:30:08.116+0000] {processor.py:826} INFO - Processing file /home/airflow/.local/lib/python3.7/site-packages/airflow/example_dags/example_short_circuit_operator.py for tasks to queue
[2023-06-28T14:30:08.133+0000] {logging_mixin.py:149} INFO - [2023-06-28T14:30:08.133+0000] {dagbag.py:541} INFO - Filling up the DagBag from /home/airflow/.local/lib/python3.7/site-packages/airflow/example_dags/example_short_circuit_operator.py
[2023-06-28T14:30:08.173+0000] {processor.py:836} INFO - DAG(s) dict_keys(['example_short_circuit_operator']) retrieved from /home/airflow/.local/lib/python3.7/site-packages/airflow/example_dags/example_short_circuit_operator.py
[2023-06-28T14:30:08.266+0000] {logging_mixin.py:149} INFO - [2023-06-28T14:30:08.266+0000] {dag.py:2726} INFO - Sync 1 DAGs
[2023-06-28T14:30:08.307+0000] {logging_mixin.py:149} INFO - [2023-06-28T14:30:08.307+0000] {dag.py:3490} INFO - Setting next_dagrun for example_short_circuit_operator to 2023-06-27T14:30:08.306596+00:00, run_after=2023-06-28T14:30:08.306596+00:00
[2023-06-28T14:30:08.361+0000] {processor.py:179} INFO - Processing /home/airflow/.local/lib/python3.7/site-packages/airflow/example_dags/example_short_circuit_operator.py took 0.261 seconds
[2023-06-28T14:30:38.517+0000] {processor.py:157} INFO - Started process (PID=1690) to work on /home/airflow/.local/lib/python3.7/site-packages/airflow/example_dags/example_short_circuit_operator.py
[2023-06-28T14:30:38.518+0000] {processor.py:826} INFO - Processing file /home/airflow/.local/lib/python3.7/site-packages/airflow/example_dags/example_short_circuit_operator.py for tasks to queue
[2023-06-28T14:30:38.520+0000] {logging_mixin.py:149} INFO - [2023-06-28T14:30:38.519+0000] {dagbag.py:541} INFO - Filling up the DagBag from /home/airflow/.local/lib/python3.7/site-packages/airflow/example_dags/example_short_circuit_operator.py
[2023-06-28T14:30:38.530+0000] {processor.py:836} INFO - DAG(s) dict_keys(['example_short_circuit_operator']) retrieved from /home/airflow/.local/lib/python3.7/site-packages/airflow/example_dags/example_short_circuit_operator.py
[2023-06-28T14:30:38.568+0000] {logging_mixin.py:149} INFO - [2023-06-28T14:30:38.568+0000] {dag.py:2726} INFO - Sync 1 DAGs
[2023-06-28T14:30:38.602+0000] {logging_mixin.py:149} INFO - [2023-06-28T14:30:38.602+0000] {dag.py:3490} INFO - Setting next_dagrun for example_short_circuit_operator to 2023-06-27T14:30:38.601828+00:00, run_after=2023-06-28T14:30:38.601828+00:00
[2023-06-28T14:30:38.640+0000] {processor.py:179} INFO - Processing /home/airflow/.local/lib/python3.7/site-packages/airflow/example_dags/example_short_circuit_operator.py took 0.127 seconds
[2023-06-28T14:31:09.282+0000] {processor.py:157} INFO - Started process (PID=1749) to work on /home/airflow/.local/lib/python3.7/site-packages/airflow/example_dags/example_short_circuit_operator.py
[2023-06-28T14:31:09.284+0000] {processor.py:826} INFO - Processing file /home/airflow/.local/lib/python3.7/site-packages/airflow/example_dags/example_short_circuit_operator.py for tasks to queue
[2023-06-28T14:31:09.286+0000] {logging_mixin.py:149} INFO - [2023-06-28T14:31:09.286+0000] {dagbag.py:541} INFO - Filling up the DagBag from /home/airflow/.local/lib/python3.7/site-packages/airflow/example_dags/example_short_circuit_operator.py
[2023-06-28T14:31:09.300+0000] {processor.py:836} INFO - DAG(s) dict_keys(['example_short_circuit_operator']) retrieved from /home/airflow/.local/lib/python3.7/site-packages/airflow/example_dags/example_short_circuit_operator.py
[2023-06-28T14:31:09.351+0000] {logging_mixin.py:149} INFO - [2023-06-28T14:31:09.350+0000] {dag.py:2726} INFO - Sync 1 DAGs
[2023-06-28T14:31:09.393+0000] {logging_mixin.py:149} INFO - [2023-06-28T14:31:09.393+0000] {dag.py:3490} INFO - Setting next_dagrun for example_short_circuit_operator to 2023-06-27T14:31:09.393322+00:00, run_after=2023-06-28T14:31:09.393322+00:00
[2023-06-28T14:31:09.427+0000] {processor.py:179} INFO - Processing /home/airflow/.local/lib/python3.7/site-packages/airflow/example_dags/example_short_circuit_operator.py took 0.150 seconds
[2023-06-28T14:31:39.690+0000] {processor.py:157} INFO - Started process (PID=1809) to work on /home/airflow/.local/lib/python3.7/site-packages/airflow/example_dags/example_short_circuit_operator.py
[2023-06-28T14:31:39.692+0000] {processor.py:826} INFO - Processing file /home/airflow/.local/lib/python3.7/site-packages/airflow/example_dags/example_short_circuit_operator.py for tasks to queue
[2023-06-28T14:31:39.693+0000] {logging_mixin.py:149} INFO - [2023-06-28T14:31:39.692+0000] {dagbag.py:541} INFO - Filling up the DagBag from /home/airflow/.local/lib/python3.7/site-packages/airflow/example_dags/example_short_circuit_operator.py
[2023-06-28T14:31:39.703+0000] {processor.py:836} INFO - DAG(s) dict_keys(['example_short_circuit_operator']) retrieved from /home/airflow/.local/lib/python3.7/site-packages/airflow/example_dags/example_short_circuit_operator.py
[2023-06-28T14:31:39.738+0000] {logging_mixin.py:149} INFO - [2023-06-28T14:31:39.738+0000] {dag.py:2726} INFO - Sync 1 DAGs
[2023-06-28T14:31:39.772+0000] {logging_mixin.py:149} INFO - [2023-06-28T14:31:39.772+0000] {dag.py:3490} INFO - Setting next_dagrun for example_short_circuit_operator to 2023-06-27T14:31:39.771741+00:00, run_after=2023-06-28T14:31:39.771741+00:00
[2023-06-28T14:31:39.805+0000] {processor.py:179} INFO - Processing /home/airflow/.local/lib/python3.7/site-packages/airflow/example_dags/example_short_circuit_operator.py took 0.119 seconds
[2023-06-28T14:32:10.004+0000] {processor.py:157} INFO - Started process (PID=1868) to work on /home/airflow/.local/lib/python3.7/site-packages/airflow/example_dags/example_short_circuit_operator.py
[2023-06-28T14:32:10.006+0000] {processor.py:826} INFO - Processing file /home/airflow/.local/lib/python3.7/site-packages/airflow/example_dags/example_short_circuit_operator.py for tasks to queue
[2023-06-28T14:32:10.007+0000] {logging_mixin.py:149} INFO - [2023-06-28T14:32:10.007+0000] {dagbag.py:541} INFO - Filling up the DagBag from /home/airflow/.local/lib/python3.7/site-packages/airflow/example_dags/example_short_circuit_operator.py
[2023-06-28T14:32:10.025+0000] {processor.py:836} INFO - DAG(s) dict_keys(['example_short_circuit_operator']) retrieved from /home/airflow/.local/lib/python3.7/site-packages/airflow/example_dags/example_short_circuit_operator.py
[2023-06-28T14:32:10.085+0000] {logging_mixin.py:149} INFO - [2023-06-28T14:32:10.085+0000] {dag.py:2726} INFO - Sync 1 DAGs
[2023-06-28T14:32:10.126+0000] {logging_mixin.py:149} INFO - [2023-06-28T14:32:10.126+0000] {dag.py:3490} INFO - Setting next_dagrun for example_short_circuit_operator to 2023-06-27T14:32:10.126460+00:00, run_after=2023-06-28T14:32:10.126460+00:00
[2023-06-28T14:32:10.161+0000] {processor.py:179} INFO - Processing /home/airflow/.local/lib/python3.7/site-packages/airflow/example_dags/example_short_circuit_operator.py took 0.161 seconds
[2023-06-28T14:32:40.399+0000] {processor.py:157} INFO - Started process (PID=1926) to work on /home/airflow/.local/lib/python3.7/site-packages/airflow/example_dags/example_short_circuit_operator.py
[2023-06-28T14:32:40.400+0000] {processor.py:826} INFO - Processing file /home/airflow/.local/lib/python3.7/site-packages/airflow/example_dags/example_short_circuit_operator.py for tasks to queue
[2023-06-28T14:32:40.403+0000] {logging_mixin.py:149} INFO - [2023-06-28T14:32:40.403+0000] {dagbag.py:541} INFO - Filling up the DagBag from /home/airflow/.local/lib/python3.7/site-packages/airflow/example_dags/example_short_circuit_operator.py
[2023-06-28T14:32:40.417+0000] {processor.py:836} INFO - DAG(s) dict_keys(['example_short_circuit_operator']) retrieved from /home/airflow/.local/lib/python3.7/site-packages/airflow/example_dags/example_short_circuit_operator.py
[2023-06-28T14:32:40.453+0000] {logging_mixin.py:149} INFO - [2023-06-28T14:32:40.453+0000] {dag.py:2726} INFO - Sync 1 DAGs
[2023-06-28T14:32:40.487+0000] {logging_mixin.py:149} INFO - [2023-06-28T14:32:40.487+0000] {dag.py:3490} INFO - Setting next_dagrun for example_short_circuit_operator to 2023-06-27T14:32:40.486779+00:00, run_after=2023-06-28T14:32:40.486779+00:00
[2023-06-28T14:32:40.523+0000] {processor.py:179} INFO - Processing /home/airflow/.local/lib/python3.7/site-packages/airflow/example_dags/example_short_circuit_operator.py took 0.130 seconds
[2023-06-28T14:33:10.686+0000] {processor.py:157} INFO - Started process (PID=1984) to work on /home/airflow/.local/lib/python3.7/site-packages/airflow/example_dags/example_short_circuit_operator.py
[2023-06-28T14:33:10.688+0000] {processor.py:826} INFO - Processing file /home/airflow/.local/lib/python3.7/site-packages/airflow/example_dags/example_short_circuit_operator.py for tasks to queue
[2023-06-28T14:33:10.689+0000] {logging_mixin.py:149} INFO - [2023-06-28T14:33:10.689+0000] {dagbag.py:541} INFO - Filling up the DagBag from /home/airflow/.local/lib/python3.7/site-packages/airflow/example_dags/example_short_circuit_operator.py
[2023-06-28T14:33:10.699+0000] {processor.py:836} INFO - DAG(s) dict_keys(['example_short_circuit_operator']) retrieved from /home/airflow/.local/lib/python3.7/site-packages/airflow/example_dags/example_short_circuit_operator.py
[2023-06-28T14:33:10.738+0000] {logging_mixin.py:149} INFO - [2023-06-28T14:33:10.737+0000] {dag.py:2726} INFO - Sync 1 DAGs
[2023-06-28T14:33:10.772+0000] {logging_mixin.py:149} INFO - [2023-06-28T14:33:10.772+0000] {dag.py:3490} INFO - Setting next_dagrun for example_short_circuit_operator to 2023-06-27T14:33:10.772234+00:00, run_after=2023-06-28T14:33:10.772234+00:00
[2023-06-28T14:33:10.803+0000] {processor.py:179} INFO - Processing /home/airflow/.local/lib/python3.7/site-packages/airflow/example_dags/example_short_circuit_operator.py took 0.121 seconds
[2023-06-28T14:33:41.375+0000] {processor.py:157} INFO - Started process (PID=2043) to work on /home/airflow/.local/lib/python3.7/site-packages/airflow/example_dags/example_short_circuit_operator.py
[2023-06-28T14:33:41.377+0000] {processor.py:826} INFO - Processing file /home/airflow/.local/lib/python3.7/site-packages/airflow/example_dags/example_short_circuit_operator.py for tasks to queue
[2023-06-28T14:33:41.379+0000] {logging_mixin.py:149} INFO - [2023-06-28T14:33:41.378+0000] {dagbag.py:541} INFO - Filling up the DagBag from /home/airflow/.local/lib/python3.7/site-packages/airflow/example_dags/example_short_circuit_operator.py
[2023-06-28T14:33:41.396+0000] {processor.py:836} INFO - DAG(s) dict_keys(['example_short_circuit_operator']) retrieved from /home/airflow/.local/lib/python3.7/site-packages/airflow/example_dags/example_short_circuit_operator.py
[2023-06-28T14:33:41.473+0000] {logging_mixin.py:149} INFO - [2023-06-28T14:33:41.472+0000] {dag.py:2726} INFO - Sync 1 DAGs
[2023-06-28T14:33:41.523+0000] {logging_mixin.py:149} INFO - [2023-06-28T14:33:41.523+0000] {dag.py:3490} INFO - Setting next_dagrun for example_short_circuit_operator to 2023-06-27T14:33:41.523008+00:00, run_after=2023-06-28T14:33:41.523008+00:00
[2023-06-28T14:33:41.558+0000] {processor.py:179} INFO - Processing /home/airflow/.local/lib/python3.7/site-packages/airflow/example_dags/example_short_circuit_operator.py took 0.188 seconds
[2023-06-28T14:34:12.397+0000] {processor.py:157} INFO - Started process (PID=2102) to work on /home/airflow/.local/lib/python3.7/site-packages/airflow/example_dags/example_short_circuit_operator.py
[2023-06-28T14:34:12.399+0000] {processor.py:826} INFO - Processing file /home/airflow/.local/lib/python3.7/site-packages/airflow/example_dags/example_short_circuit_operator.py for tasks to queue
[2023-06-28T14:34:12.400+0000] {logging_mixin.py:149} INFO - [2023-06-28T14:34:12.400+0000] {dagbag.py:541} INFO - Filling up the DagBag from /home/airflow/.local/lib/python3.7/site-packages/airflow/example_dags/example_short_circuit_operator.py
[2023-06-28T14:34:12.412+0000] {processor.py:836} INFO - DAG(s) dict_keys(['example_short_circuit_operator']) retrieved from /home/airflow/.local/lib/python3.7/site-packages/airflow/example_dags/example_short_circuit_operator.py
[2023-06-28T14:34:12.457+0000] {logging_mixin.py:149} INFO - [2023-06-28T14:34:12.457+0000] {dag.py:2726} INFO - Sync 1 DAGs
[2023-06-28T14:34:12.497+0000] {logging_mixin.py:149} INFO - [2023-06-28T14:34:12.496+0000] {dag.py:3490} INFO - Setting next_dagrun for example_short_circuit_operator to 2023-06-27T14:34:12.496300+00:00, run_after=2023-06-28T14:34:12.496300+00:00
[2023-06-28T14:34:12.534+0000] {processor.py:179} INFO - Processing /home/airflow/.local/lib/python3.7/site-packages/airflow/example_dags/example_short_circuit_operator.py took 0.142 seconds
[2023-06-28T14:34:43.486+0000] {processor.py:157} INFO - Started process (PID=2161) to work on /home/airflow/.local/lib/python3.7/site-packages/airflow/example_dags/example_short_circuit_operator.py
[2023-06-28T14:34:43.487+0000] {processor.py:826} INFO - Processing file /home/airflow/.local/lib/python3.7/site-packages/airflow/example_dags/example_short_circuit_operator.py for tasks to queue
[2023-06-28T14:34:43.489+0000] {logging_mixin.py:149} INFO - [2023-06-28T14:34:43.488+0000] {dagbag.py:541} INFO - Filling up the DagBag from /home/airflow/.local/lib/python3.7/site-packages/airflow/example_dags/example_short_circuit_operator.py
[2023-06-28T14:34:43.499+0000] {processor.py:836} INFO - DAG(s) dict_keys(['example_short_circuit_operator']) retrieved from /home/airflow/.local/lib/python3.7/site-packages/airflow/example_dags/example_short_circuit_operator.py
[2023-06-28T14:34:43.541+0000] {logging_mixin.py:149} INFO - [2023-06-28T14:34:43.541+0000] {dag.py:2726} INFO - Sync 1 DAGs
[2023-06-28T14:34:43.580+0000] {logging_mixin.py:149} INFO - [2023-06-28T14:34:43.580+0000] {dag.py:3490} INFO - Setting next_dagrun for example_short_circuit_operator to 2023-06-27T14:34:43.579811+00:00, run_after=2023-06-28T14:34:43.579811+00:00
[2023-06-28T14:34:43.618+0000] {processor.py:179} INFO - Processing /home/airflow/.local/lib/python3.7/site-packages/airflow/example_dags/example_short_circuit_operator.py took 0.136 seconds
[2023-06-28T14:35:13.947+0000] {processor.py:157} INFO - Started process (PID=2221) to work on /home/airflow/.local/lib/python3.7/site-packages/airflow/example_dags/example_short_circuit_operator.py
[2023-06-28T14:35:13.948+0000] {processor.py:826} INFO - Processing file /home/airflow/.local/lib/python3.7/site-packages/airflow/example_dags/example_short_circuit_operator.py for tasks to queue
[2023-06-28T14:35:13.950+0000] {logging_mixin.py:149} INFO - [2023-06-28T14:35:13.950+0000] {dagbag.py:541} INFO - Filling up the DagBag from /home/airflow/.local/lib/python3.7/site-packages/airflow/example_dags/example_short_circuit_operator.py
[2023-06-28T14:35:13.966+0000] {processor.py:836} INFO - DAG(s) dict_keys(['example_short_circuit_operator']) retrieved from /home/airflow/.local/lib/python3.7/site-packages/airflow/example_dags/example_short_circuit_operator.py
[2023-06-28T14:35:14.008+0000] {logging_mixin.py:149} INFO - [2023-06-28T14:35:14.008+0000] {dag.py:2726} INFO - Sync 1 DAGs
[2023-06-28T14:35:14.047+0000] {logging_mixin.py:149} INFO - [2023-06-28T14:35:14.047+0000] {dag.py:3490} INFO - Setting next_dagrun for example_short_circuit_operator to 2023-06-27T14:35:14.046908+00:00, run_after=2023-06-28T14:35:14.046908+00:00
[2023-06-28T14:35:14.081+0000] {processor.py:179} INFO - Processing /home/airflow/.local/lib/python3.7/site-packages/airflow/example_dags/example_short_circuit_operator.py took 0.140 seconds
[2023-06-28T14:35:44.614+0000] {processor.py:157} INFO - Started process (PID=2280) to work on /home/airflow/.local/lib/python3.7/site-packages/airflow/example_dags/example_short_circuit_operator.py
[2023-06-28T14:35:44.615+0000] {processor.py:826} INFO - Processing file /home/airflow/.local/lib/python3.7/site-packages/airflow/example_dags/example_short_circuit_operator.py for tasks to queue
[2023-06-28T14:35:44.617+0000] {logging_mixin.py:149} INFO - [2023-06-28T14:35:44.616+0000] {dagbag.py:541} INFO - Filling up the DagBag from /home/airflow/.local/lib/python3.7/site-packages/airflow/example_dags/example_short_circuit_operator.py
[2023-06-28T14:35:44.631+0000] {processor.py:836} INFO - DAG(s) dict_keys(['example_short_circuit_operator']) retrieved from /home/airflow/.local/lib/python3.7/site-packages/airflow/example_dags/example_short_circuit_operator.py
[2023-06-28T14:35:44.699+0000] {logging_mixin.py:149} INFO - [2023-06-28T14:35:44.699+0000] {dag.py:2726} INFO - Sync 1 DAGs
[2023-06-28T14:35:44.775+0000] {logging_mixin.py:149} INFO - [2023-06-28T14:35:44.775+0000] {dag.py:3490} INFO - Setting next_dagrun for example_short_circuit_operator to 2023-06-27T14:35:44.774606+00:00, run_after=2023-06-28T14:35:44.774606+00:00
[2023-06-28T14:35:44.813+0000] {processor.py:179} INFO - Processing /home/airflow/.local/lib/python3.7/site-packages/airflow/example_dags/example_short_circuit_operator.py took 0.204 seconds
[2023-06-28T14:36:14.904+0000] {processor.py:157} INFO - Started process (PID=2340) to work on /home/airflow/.local/lib/python3.7/site-packages/airflow/example_dags/example_short_circuit_operator.py
[2023-06-28T14:36:14.905+0000] {processor.py:826} INFO - Processing file /home/airflow/.local/lib/python3.7/site-packages/airflow/example_dags/example_short_circuit_operator.py for tasks to queue
[2023-06-28T14:36:14.907+0000] {logging_mixin.py:149} INFO - [2023-06-28T14:36:14.907+0000] {dagbag.py:541} INFO - Filling up the DagBag from /home/airflow/.local/lib/python3.7/site-packages/airflow/example_dags/example_short_circuit_operator.py
[2023-06-28T14:36:14.919+0000] {processor.py:836} INFO - DAG(s) dict_keys(['example_short_circuit_operator']) retrieved from /home/airflow/.local/lib/python3.7/site-packages/airflow/example_dags/example_short_circuit_operator.py
[2023-06-28T14:36:14.960+0000] {logging_mixin.py:149} INFO - [2023-06-28T14:36:14.960+0000] {dag.py:2726} INFO - Sync 1 DAGs
[2023-06-28T14:36:15.003+0000] {logging_mixin.py:149} INFO - [2023-06-28T14:36:15.003+0000] {dag.py:3490} INFO - Setting next_dagrun for example_short_circuit_operator to 2023-06-27T14:36:15.003063+00:00, run_after=2023-06-28T14:36:15.003063+00:00
[2023-06-28T14:36:15.042+0000] {processor.py:179} INFO - Processing /home/airflow/.local/lib/python3.7/site-packages/airflow/example_dags/example_short_circuit_operator.py took 0.143 seconds
[2023-06-28T14:36:45.266+0000] {processor.py:157} INFO - Started process (PID=2399) to work on /home/airflow/.local/lib/python3.7/site-packages/airflow/example_dags/example_short_circuit_operator.py
[2023-06-28T14:36:45.267+0000] {processor.py:826} INFO - Processing file /home/airflow/.local/lib/python3.7/site-packages/airflow/example_dags/example_short_circuit_operator.py for tasks to queue
[2023-06-28T14:36:45.269+0000] {logging_mixin.py:149} INFO - [2023-06-28T14:36:45.269+0000] {dagbag.py:541} INFO - Filling up the DagBag from /home/airflow/.local/lib/python3.7/site-packages/airflow/example_dags/example_short_circuit_operator.py
[2023-06-28T14:36:45.290+0000] {processor.py:836} INFO - DAG(s) dict_keys(['example_short_circuit_operator']) retrieved from /home/airflow/.local/lib/python3.7/site-packages/airflow/example_dags/example_short_circuit_operator.py
[2023-06-28T14:36:45.359+0000] {logging_mixin.py:149} INFO - [2023-06-28T14:36:45.359+0000] {dag.py:2726} INFO - Sync 1 DAGs
[2023-06-28T14:36:45.423+0000] {logging_mixin.py:149} INFO - [2023-06-28T14:36:45.423+0000] {dag.py:3490} INFO - Setting next_dagrun for example_short_circuit_operator to 2023-06-27T14:36:45.422763+00:00, run_after=2023-06-28T14:36:45.422763+00:00
[2023-06-28T14:36:45.480+0000] {processor.py:179} INFO - Processing /home/airflow/.local/lib/python3.7/site-packages/airflow/example_dags/example_short_circuit_operator.py took 0.218 seconds
[2023-06-28T14:37:15.611+0000] {processor.py:157} INFO - Started process (PID=2458) to work on /home/airflow/.local/lib/python3.7/site-packages/airflow/example_dags/example_short_circuit_operator.py
[2023-06-28T14:37:15.612+0000] {processor.py:826} INFO - Processing file /home/airflow/.local/lib/python3.7/site-packages/airflow/example_dags/example_short_circuit_operator.py for tasks to queue
[2023-06-28T14:37:15.614+0000] {logging_mixin.py:149} INFO - [2023-06-28T14:37:15.614+0000] {dagbag.py:541} INFO - Filling up the DagBag from /home/airflow/.local/lib/python3.7/site-packages/airflow/example_dags/example_short_circuit_operator.py
[2023-06-28T14:37:15.627+0000] {processor.py:836} INFO - DAG(s) dict_keys(['example_short_circuit_operator']) retrieved from /home/airflow/.local/lib/python3.7/site-packages/airflow/example_dags/example_short_circuit_operator.py
[2023-06-28T14:37:15.664+0000] {logging_mixin.py:149} INFO - [2023-06-28T14:37:15.664+0000] {dag.py:2726} INFO - Sync 1 DAGs
[2023-06-28T14:37:15.713+0000] {logging_mixin.py:149} INFO - [2023-06-28T14:37:15.713+0000] {dag.py:3490} INFO - Setting next_dagrun for example_short_circuit_operator to 2023-06-27T14:37:15.713450+00:00, run_after=2023-06-28T14:37:15.713450+00:00
[2023-06-28T14:37:15.752+0000] {processor.py:179} INFO - Processing /home/airflow/.local/lib/python3.7/site-packages/airflow/example_dags/example_short_circuit_operator.py took 0.145 seconds
[2023-06-28T14:37:45.967+0000] {processor.py:157} INFO - Started process (PID=2517) to work on /home/airflow/.local/lib/python3.7/site-packages/airflow/example_dags/example_short_circuit_operator.py
[2023-06-28T14:37:45.968+0000] {processor.py:826} INFO - Processing file /home/airflow/.local/lib/python3.7/site-packages/airflow/example_dags/example_short_circuit_operator.py for tasks to queue
[2023-06-28T14:37:45.970+0000] {logging_mixin.py:149} INFO - [2023-06-28T14:37:45.969+0000] {dagbag.py:541} INFO - Filling up the DagBag from /home/airflow/.local/lib/python3.7/site-packages/airflow/example_dags/example_short_circuit_operator.py
[2023-06-28T14:37:45.980+0000] {processor.py:836} INFO - DAG(s) dict_keys(['example_short_circuit_operator']) retrieved from /home/airflow/.local/lib/python3.7/site-packages/airflow/example_dags/example_short_circuit_operator.py
[2023-06-28T14:37:46.018+0000] {logging_mixin.py:149} INFO - [2023-06-28T14:37:46.018+0000] {dag.py:2726} INFO - Sync 1 DAGs
[2023-06-28T14:37:46.051+0000] {logging_mixin.py:149} INFO - [2023-06-28T14:37:46.051+0000] {dag.py:3490} INFO - Setting next_dagrun for example_short_circuit_operator to 2023-06-27T14:37:46.051343+00:00, run_after=2023-06-28T14:37:46.051343+00:00
[2023-06-28T14:37:46.086+0000] {processor.py:179} INFO - Processing /home/airflow/.local/lib/python3.7/site-packages/airflow/example_dags/example_short_circuit_operator.py took 0.122 seconds
[2023-06-28T14:38:16.247+0000] {processor.py:157} INFO - Started process (PID=2577) to work on /home/airflow/.local/lib/python3.7/site-packages/airflow/example_dags/example_short_circuit_operator.py
[2023-06-28T14:38:16.249+0000] {processor.py:826} INFO - Processing file /home/airflow/.local/lib/python3.7/site-packages/airflow/example_dags/example_short_circuit_operator.py for tasks to queue
[2023-06-28T14:38:16.250+0000] {logging_mixin.py:149} INFO - [2023-06-28T14:38:16.250+0000] {dagbag.py:541} INFO - Filling up the DagBag from /home/airflow/.local/lib/python3.7/site-packages/airflow/example_dags/example_short_circuit_operator.py
[2023-06-28T14:38:16.263+0000] {processor.py:836} INFO - DAG(s) dict_keys(['example_short_circuit_operator']) retrieved from /home/airflow/.local/lib/python3.7/site-packages/airflow/example_dags/example_short_circuit_operator.py
[2023-06-28T14:38:16.308+0000] {logging_mixin.py:149} INFO - [2023-06-28T14:38:16.308+0000] {dag.py:2726} INFO - Sync 1 DAGs
[2023-06-28T14:38:16.349+0000] {logging_mixin.py:149} INFO - [2023-06-28T14:38:16.349+0000] {dag.py:3490} INFO - Setting next_dagrun for example_short_circuit_operator to 2023-06-27T14:38:16.348712+00:00, run_after=2023-06-28T14:38:16.348712+00:00
[2023-06-28T14:38:16.394+0000] {processor.py:179} INFO - Processing /home/airflow/.local/lib/python3.7/site-packages/airflow/example_dags/example_short_circuit_operator.py took 0.151 seconds
[2023-06-28T14:38:46.510+0000] {processor.py:157} INFO - Started process (PID=2636) to work on /home/airflow/.local/lib/python3.7/site-packages/airflow/example_dags/example_short_circuit_operator.py
[2023-06-28T14:38:46.511+0000] {processor.py:826} INFO - Processing file /home/airflow/.local/lib/python3.7/site-packages/airflow/example_dags/example_short_circuit_operator.py for tasks to queue
[2023-06-28T14:38:46.512+0000] {logging_mixin.py:149} INFO - [2023-06-28T14:38:46.512+0000] {dagbag.py:541} INFO - Filling up the DagBag from /home/airflow/.local/lib/python3.7/site-packages/airflow/example_dags/example_short_circuit_operator.py
[2023-06-28T14:38:46.525+0000] {processor.py:836} INFO - DAG(s) dict_keys(['example_short_circuit_operator']) retrieved from /home/airflow/.local/lib/python3.7/site-packages/airflow/example_dags/example_short_circuit_operator.py
[2023-06-28T14:38:46.570+0000] {logging_mixin.py:149} INFO - [2023-06-28T14:38:46.570+0000] {dag.py:2726} INFO - Sync 1 DAGs
[2023-06-28T14:38:46.636+0000] {logging_mixin.py:149} INFO - [2023-06-28T14:38:46.636+0000] {dag.py:3490} INFO - Setting next_dagrun for example_short_circuit_operator to 2023-06-27T14:38:46.636029+00:00, run_after=2023-06-28T14:38:46.636029+00:00
[2023-06-28T14:38:46.691+0000] {processor.py:179} INFO - Processing /home/airflow/.local/lib/python3.7/site-packages/airflow/example_dags/example_short_circuit_operator.py took 0.184 seconds
[2023-06-28T14:39:17.168+0000] {processor.py:157} INFO - Started process (PID=2695) to work on /home/airflow/.local/lib/python3.7/site-packages/airflow/example_dags/example_short_circuit_operator.py
[2023-06-28T14:39:17.170+0000] {processor.py:826} INFO - Processing file /home/airflow/.local/lib/python3.7/site-packages/airflow/example_dags/example_short_circuit_operator.py for tasks to queue
[2023-06-28T14:39:17.172+0000] {logging_mixin.py:149} INFO - [2023-06-28T14:39:17.172+0000] {dagbag.py:541} INFO - Filling up the DagBag from /home/airflow/.local/lib/python3.7/site-packages/airflow/example_dags/example_short_circuit_operator.py
[2023-06-28T14:39:17.191+0000] {processor.py:836} INFO - DAG(s) dict_keys(['example_short_circuit_operator']) retrieved from /home/airflow/.local/lib/python3.7/site-packages/airflow/example_dags/example_short_circuit_operator.py
[2023-06-28T14:39:17.234+0000] {logging_mixin.py:149} INFO - [2023-06-28T14:39:17.234+0000] {dag.py:2726} INFO - Sync 1 DAGs
[2023-06-28T14:39:17.273+0000] {logging_mixin.py:149} INFO - [2023-06-28T14:39:17.273+0000] {dag.py:3490} INFO - Setting next_dagrun for example_short_circuit_operator to 2023-06-27T14:39:17.273302+00:00, run_after=2023-06-28T14:39:17.273302+00:00
[2023-06-28T14:39:17.306+0000] {processor.py:179} INFO - Processing /home/airflow/.local/lib/python3.7/site-packages/airflow/example_dags/example_short_circuit_operator.py took 0.145 seconds
[2023-06-28T14:39:47.580+0000] {processor.py:157} INFO - Started process (PID=2754) to work on /home/airflow/.local/lib/python3.7/site-packages/airflow/example_dags/example_short_circuit_operator.py
[2023-06-28T14:39:47.581+0000] {processor.py:826} INFO - Processing file /home/airflow/.local/lib/python3.7/site-packages/airflow/example_dags/example_short_circuit_operator.py for tasks to queue
[2023-06-28T14:39:47.583+0000] {logging_mixin.py:149} INFO - [2023-06-28T14:39:47.582+0000] {dagbag.py:541} INFO - Filling up the DagBag from /home/airflow/.local/lib/python3.7/site-packages/airflow/example_dags/example_short_circuit_operator.py
[2023-06-28T14:39:47.595+0000] {processor.py:836} INFO - DAG(s) dict_keys(['example_short_circuit_operator']) retrieved from /home/airflow/.local/lib/python3.7/site-packages/airflow/example_dags/example_short_circuit_operator.py
[2023-06-28T14:39:47.635+0000] {logging_mixin.py:149} INFO - [2023-06-28T14:39:47.635+0000] {dag.py:2726} INFO - Sync 1 DAGs
[2023-06-28T14:39:47.670+0000] {logging_mixin.py:149} INFO - [2023-06-28T14:39:47.670+0000] {dag.py:3490} INFO - Setting next_dagrun for example_short_circuit_operator to 2023-06-27T14:39:47.670256+00:00, run_after=2023-06-28T14:39:47.670256+00:00
[2023-06-28T14:39:47.703+0000] {processor.py:179} INFO - Processing /home/airflow/.local/lib/python3.7/site-packages/airflow/example_dags/example_short_circuit_operator.py took 0.127 seconds
[2023-06-28T14:40:17.970+0000] {processor.py:157} INFO - Started process (PID=2813) to work on /home/airflow/.local/lib/python3.7/site-packages/airflow/example_dags/example_short_circuit_operator.py
[2023-06-28T14:40:17.971+0000] {processor.py:826} INFO - Processing file /home/airflow/.local/lib/python3.7/site-packages/airflow/example_dags/example_short_circuit_operator.py for tasks to queue
[2023-06-28T14:40:17.972+0000] {logging_mixin.py:149} INFO - [2023-06-28T14:40:17.972+0000] {dagbag.py:541} INFO - Filling up the DagBag from /home/airflow/.local/lib/python3.7/site-packages/airflow/example_dags/example_short_circuit_operator.py
[2023-06-28T14:40:17.984+0000] {processor.py:836} INFO - DAG(s) dict_keys(['example_short_circuit_operator']) retrieved from /home/airflow/.local/lib/python3.7/site-packages/airflow/example_dags/example_short_circuit_operator.py
[2023-06-28T14:40:18.033+0000] {logging_mixin.py:149} INFO - [2023-06-28T14:40:18.033+0000] {dag.py:2726} INFO - Sync 1 DAGs
[2023-06-28T14:40:18.070+0000] {logging_mixin.py:149} INFO - [2023-06-28T14:40:18.070+0000] {dag.py:3490} INFO - Setting next_dagrun for example_short_circuit_operator to 2023-06-27T14:40:18.070375+00:00, run_after=2023-06-28T14:40:18.070375+00:00
[2023-06-28T14:40:18.107+0000] {processor.py:179} INFO - Processing /home/airflow/.local/lib/python3.7/site-packages/airflow/example_dags/example_short_circuit_operator.py took 0.141 seconds
[2023-06-28T14:40:48.578+0000] {processor.py:157} INFO - Started process (PID=2873) to work on /home/airflow/.local/lib/python3.7/site-packages/airflow/example_dags/example_short_circuit_operator.py
[2023-06-28T14:40:48.579+0000] {processor.py:826} INFO - Processing file /home/airflow/.local/lib/python3.7/site-packages/airflow/example_dags/example_short_circuit_operator.py for tasks to queue
[2023-06-28T14:40:48.581+0000] {logging_mixin.py:149} INFO - [2023-06-28T14:40:48.581+0000] {dagbag.py:541} INFO - Filling up the DagBag from /home/airflow/.local/lib/python3.7/site-packages/airflow/example_dags/example_short_circuit_operator.py
[2023-06-28T14:40:48.592+0000] {processor.py:836} INFO - DAG(s) dict_keys(['example_short_circuit_operator']) retrieved from /home/airflow/.local/lib/python3.7/site-packages/airflow/example_dags/example_short_circuit_operator.py
[2023-06-28T14:40:48.625+0000] {logging_mixin.py:149} INFO - [2023-06-28T14:40:48.625+0000] {dag.py:2726} INFO - Sync 1 DAGs
[2023-06-28T14:40:48.660+0000] {logging_mixin.py:149} INFO - [2023-06-28T14:40:48.660+0000] {dag.py:3490} INFO - Setting next_dagrun for example_short_circuit_operator to 2023-06-27T14:40:48.660280+00:00, run_after=2023-06-28T14:40:48.660280+00:00
[2023-06-28T14:40:48.693+0000] {processor.py:179} INFO - Processing /home/airflow/.local/lib/python3.7/site-packages/airflow/example_dags/example_short_circuit_operator.py took 0.119 seconds
[2023-06-28T14:41:19.013+0000] {processor.py:157} INFO - Started process (PID=2932) to work on /home/airflow/.local/lib/python3.7/site-packages/airflow/example_dags/example_short_circuit_operator.py
[2023-06-28T14:41:19.014+0000] {processor.py:826} INFO - Processing file /home/airflow/.local/lib/python3.7/site-packages/airflow/example_dags/example_short_circuit_operator.py for tasks to queue
[2023-06-28T14:41:19.015+0000] {logging_mixin.py:149} INFO - [2023-06-28T14:41:19.015+0000] {dagbag.py:541} INFO - Filling up the DagBag from /home/airflow/.local/lib/python3.7/site-packages/airflow/example_dags/example_short_circuit_operator.py
[2023-06-28T14:41:19.026+0000] {processor.py:836} INFO - DAG(s) dict_keys(['example_short_circuit_operator']) retrieved from /home/airflow/.local/lib/python3.7/site-packages/airflow/example_dags/example_short_circuit_operator.py
[2023-06-28T14:41:19.061+0000] {logging_mixin.py:149} INFO - [2023-06-28T14:41:19.060+0000] {dag.py:2726} INFO - Sync 1 DAGs
[2023-06-28T14:41:19.094+0000] {logging_mixin.py:149} INFO - [2023-06-28T14:41:19.094+0000] {dag.py:3490} INFO - Setting next_dagrun for example_short_circuit_operator to 2023-06-27T14:41:19.094301+00:00, run_after=2023-06-28T14:41:19.094301+00:00
[2023-06-28T14:41:19.134+0000] {processor.py:179} INFO - Processing /home/airflow/.local/lib/python3.7/site-packages/airflow/example_dags/example_short_circuit_operator.py took 0.126 seconds
[2023-06-28T14:41:49.823+0000] {processor.py:157} INFO - Started process (PID=2992) to work on /home/airflow/.local/lib/python3.7/site-packages/airflow/example_dags/example_short_circuit_operator.py
[2023-06-28T14:41:49.825+0000] {processor.py:826} INFO - Processing file /home/airflow/.local/lib/python3.7/site-packages/airflow/example_dags/example_short_circuit_operator.py for tasks to queue
[2023-06-28T14:41:49.826+0000] {logging_mixin.py:149} INFO - [2023-06-28T14:41:49.825+0000] {dagbag.py:541} INFO - Filling up the DagBag from /home/airflow/.local/lib/python3.7/site-packages/airflow/example_dags/example_short_circuit_operator.py
[2023-06-28T14:41:49.836+0000] {processor.py:836} INFO - DAG(s) dict_keys(['example_short_circuit_operator']) retrieved from /home/airflow/.local/lib/python3.7/site-packages/airflow/example_dags/example_short_circuit_operator.py
[2023-06-28T14:41:49.870+0000] {logging_mixin.py:149} INFO - [2023-06-28T14:41:49.869+0000] {dag.py:2726} INFO - Sync 1 DAGs
[2023-06-28T14:41:49.905+0000] {logging_mixin.py:149} INFO - [2023-06-28T14:41:49.905+0000] {dag.py:3490} INFO - Setting next_dagrun for example_short_circuit_operator to 2023-06-27T14:41:49.905449+00:00, run_after=2023-06-28T14:41:49.905449+00:00
[2023-06-28T14:41:49.939+0000] {processor.py:179} INFO - Processing /home/airflow/.local/lib/python3.7/site-packages/airflow/example_dags/example_short_circuit_operator.py took 0.120 seconds
[2023-06-28T14:42:20.655+0000] {processor.py:157} INFO - Started process (PID=3046) to work on /home/airflow/.local/lib/python3.7/site-packages/airflow/example_dags/example_short_circuit_operator.py
[2023-06-28T14:42:20.658+0000] {processor.py:826} INFO - Processing file /home/airflow/.local/lib/python3.7/site-packages/airflow/example_dags/example_short_circuit_operator.py for tasks to queue
[2023-06-28T14:42:20.660+0000] {logging_mixin.py:149} INFO - [2023-06-28T14:42:20.659+0000] {dagbag.py:541} INFO - Filling up the DagBag from /home/airflow/.local/lib/python3.7/site-packages/airflow/example_dags/example_short_circuit_operator.py
[2023-06-28T14:42:20.682+0000] {processor.py:836} INFO - DAG(s) dict_keys(['example_short_circuit_operator']) retrieved from /home/airflow/.local/lib/python3.7/site-packages/airflow/example_dags/example_short_circuit_operator.py
[2023-06-28T14:42:20.816+0000] {logging_mixin.py:149} INFO - [2023-06-28T14:42:20.815+0000] {dag.py:2726} INFO - Sync 1 DAGs
[2023-06-28T14:42:20.858+0000] {logging_mixin.py:149} INFO - [2023-06-28T14:42:20.858+0000] {dag.py:3490} INFO - Setting next_dagrun for example_short_circuit_operator to 2023-06-27T14:42:20.858319+00:00, run_after=2023-06-28T14:42:20.858319+00:00
[2023-06-28T14:42:20.894+0000] {processor.py:179} INFO - Processing /home/airflow/.local/lib/python3.7/site-packages/airflow/example_dags/example_short_circuit_operator.py took 0.248 seconds
[2023-06-28T14:42:50.932+0000] {processor.py:157} INFO - Started process (PID=3105) to work on /home/airflow/.local/lib/python3.7/site-packages/airflow/example_dags/example_short_circuit_operator.py
[2023-06-28T14:42:50.934+0000] {processor.py:826} INFO - Processing file /home/airflow/.local/lib/python3.7/site-packages/airflow/example_dags/example_short_circuit_operator.py for tasks to queue
[2023-06-28T14:42:50.935+0000] {logging_mixin.py:149} INFO - [2023-06-28T14:42:50.934+0000] {dagbag.py:541} INFO - Filling up the DagBag from /home/airflow/.local/lib/python3.7/site-packages/airflow/example_dags/example_short_circuit_operator.py
[2023-06-28T14:42:50.946+0000] {processor.py:836} INFO - DAG(s) dict_keys(['example_short_circuit_operator']) retrieved from /home/airflow/.local/lib/python3.7/site-packages/airflow/example_dags/example_short_circuit_operator.py
[2023-06-28T14:42:50.980+0000] {logging_mixin.py:149} INFO - [2023-06-28T14:42:50.980+0000] {dag.py:2726} INFO - Sync 1 DAGs
[2023-06-28T14:42:51.014+0000] {logging_mixin.py:149} INFO - [2023-06-28T14:42:51.014+0000] {dag.py:3490} INFO - Setting next_dagrun for example_short_circuit_operator to 2023-06-27T14:42:51.013893+00:00, run_after=2023-06-28T14:42:51.013893+00:00
[2023-06-28T14:42:51.052+0000] {processor.py:179} INFO - Processing /home/airflow/.local/lib/python3.7/site-packages/airflow/example_dags/example_short_circuit_operator.py took 0.123 seconds
[2023-06-28T14:43:21.838+0000] {processor.py:157} INFO - Started process (PID=3165) to work on /home/airflow/.local/lib/python3.7/site-packages/airflow/example_dags/example_short_circuit_operator.py
[2023-06-28T14:43:21.840+0000] {processor.py:826} INFO - Processing file /home/airflow/.local/lib/python3.7/site-packages/airflow/example_dags/example_short_circuit_operator.py for tasks to queue
[2023-06-28T14:43:21.844+0000] {logging_mixin.py:149} INFO - [2023-06-28T14:43:21.844+0000] {dagbag.py:541} INFO - Filling up the DagBag from /home/airflow/.local/lib/python3.7/site-packages/airflow/example_dags/example_short_circuit_operator.py
[2023-06-28T14:43:21.882+0000] {processor.py:836} INFO - DAG(s) dict_keys(['example_short_circuit_operator']) retrieved from /home/airflow/.local/lib/python3.7/site-packages/airflow/example_dags/example_short_circuit_operator.py
[2023-06-28T14:43:21.967+0000] {logging_mixin.py:149} INFO - [2023-06-28T14:43:21.966+0000] {dag.py:2726} INFO - Sync 1 DAGs
[2023-06-28T14:43:22.037+0000] {logging_mixin.py:149} INFO - [2023-06-28T14:43:22.036+0000] {dag.py:3490} INFO - Setting next_dagrun for example_short_circuit_operator to 2023-06-27T14:43:22.036427+00:00, run_after=2023-06-28T14:43:22.036427+00:00
[2023-06-28T14:43:22.075+0000] {processor.py:179} INFO - Processing /home/airflow/.local/lib/python3.7/site-packages/airflow/example_dags/example_short_circuit_operator.py took 0.243 seconds
[2023-06-28T14:43:52.982+0000] {processor.py:157} INFO - Started process (PID=3224) to work on /home/airflow/.local/lib/python3.7/site-packages/airflow/example_dags/example_short_circuit_operator.py
[2023-06-28T14:43:52.983+0000] {processor.py:826} INFO - Processing file /home/airflow/.local/lib/python3.7/site-packages/airflow/example_dags/example_short_circuit_operator.py for tasks to queue
[2023-06-28T14:43:52.985+0000] {logging_mixin.py:149} INFO - [2023-06-28T14:43:52.985+0000] {dagbag.py:541} INFO - Filling up the DagBag from /home/airflow/.local/lib/python3.7/site-packages/airflow/example_dags/example_short_circuit_operator.py
[2023-06-28T14:43:53.023+0000] {processor.py:836} INFO - DAG(s) dict_keys(['example_short_circuit_operator']) retrieved from /home/airflow/.local/lib/python3.7/site-packages/airflow/example_dags/example_short_circuit_operator.py
[2023-06-28T14:43:53.095+0000] {logging_mixin.py:149} INFO - [2023-06-28T14:43:53.095+0000] {dag.py:2726} INFO - Sync 1 DAGs
[2023-06-28T14:43:53.199+0000] {logging_mixin.py:149} INFO - [2023-06-28T14:43:53.199+0000] {dag.py:3490} INFO - Setting next_dagrun for example_short_circuit_operator to 2023-06-27T14:43:53.198505+00:00, run_after=2023-06-28T14:43:53.198505+00:00
[2023-06-28T14:43:53.368+0000] {processor.py:179} INFO - Processing /home/airflow/.local/lib/python3.7/site-packages/airflow/example_dags/example_short_circuit_operator.py took 0.403 seconds
[2023-06-28T14:44:23.917+0000] {processor.py:157} INFO - Started process (PID=3283) to work on /home/airflow/.local/lib/python3.7/site-packages/airflow/example_dags/example_short_circuit_operator.py
[2023-06-28T14:44:23.927+0000] {processor.py:826} INFO - Processing file /home/airflow/.local/lib/python3.7/site-packages/airflow/example_dags/example_short_circuit_operator.py for tasks to queue
[2023-06-28T14:44:23.931+0000] {logging_mixin.py:149} INFO - [2023-06-28T14:44:23.931+0000] {dagbag.py:541} INFO - Filling up the DagBag from /home/airflow/.local/lib/python3.7/site-packages/airflow/example_dags/example_short_circuit_operator.py
[2023-06-28T14:44:23.969+0000] {processor.py:836} INFO - DAG(s) dict_keys(['example_short_circuit_operator']) retrieved from /home/airflow/.local/lib/python3.7/site-packages/airflow/example_dags/example_short_circuit_operator.py
[2023-06-28T14:44:24.110+0000] {logging_mixin.py:149} INFO - [2023-06-28T14:44:24.110+0000] {dag.py:2726} INFO - Sync 1 DAGs
[2023-06-28T14:44:24.234+0000] {logging_mixin.py:149} INFO - [2023-06-28T14:44:24.234+0000] {dag.py:3490} INFO - Setting next_dagrun for example_short_circuit_operator to 2023-06-27T14:44:24.234315+00:00, run_after=2023-06-28T14:44:24.234315+00:00
[2023-06-28T14:44:24.297+0000] {processor.py:179} INFO - Processing /home/airflow/.local/lib/python3.7/site-packages/airflow/example_dags/example_short_circuit_operator.py took 0.396 seconds
[2023-06-28T14:44:54.701+0000] {processor.py:157} INFO - Started process (PID=3342) to work on /home/airflow/.local/lib/python3.7/site-packages/airflow/example_dags/example_short_circuit_operator.py
[2023-06-28T14:44:54.703+0000] {processor.py:826} INFO - Processing file /home/airflow/.local/lib/python3.7/site-packages/airflow/example_dags/example_short_circuit_operator.py for tasks to queue
[2023-06-28T14:44:54.705+0000] {logging_mixin.py:149} INFO - [2023-06-28T14:44:54.704+0000] {dagbag.py:541} INFO - Filling up the DagBag from /home/airflow/.local/lib/python3.7/site-packages/airflow/example_dags/example_short_circuit_operator.py
[2023-06-28T14:44:54.719+0000] {processor.py:836} INFO - DAG(s) dict_keys(['example_short_circuit_operator']) retrieved from /home/airflow/.local/lib/python3.7/site-packages/airflow/example_dags/example_short_circuit_operator.py
[2023-06-28T14:44:54.752+0000] {logging_mixin.py:149} INFO - [2023-06-28T14:44:54.752+0000] {dag.py:2726} INFO - Sync 1 DAGs
[2023-06-28T14:44:54.787+0000] {logging_mixin.py:149} INFO - [2023-06-28T14:44:54.787+0000] {dag.py:3490} INFO - Setting next_dagrun for example_short_circuit_operator to 2023-06-27T14:44:54.787512+00:00, run_after=2023-06-28T14:44:54.787512+00:00
[2023-06-28T14:44:54.841+0000] {processor.py:179} INFO - Processing /home/airflow/.local/lib/python3.7/site-packages/airflow/example_dags/example_short_circuit_operator.py took 0.145 seconds
[2023-06-28T14:45:25.746+0000] {processor.py:157} INFO - Started process (PID=3401) to work on /home/airflow/.local/lib/python3.7/site-packages/airflow/example_dags/example_short_circuit_operator.py
[2023-06-28T14:45:25.750+0000] {processor.py:826} INFO - Processing file /home/airflow/.local/lib/python3.7/site-packages/airflow/example_dags/example_short_circuit_operator.py for tasks to queue
[2023-06-28T14:45:25.752+0000] {logging_mixin.py:149} INFO - [2023-06-28T14:45:25.752+0000] {dagbag.py:541} INFO - Filling up the DagBag from /home/airflow/.local/lib/python3.7/site-packages/airflow/example_dags/example_short_circuit_operator.py
[2023-06-28T14:45:25.814+0000] {processor.py:836} INFO - DAG(s) dict_keys(['example_short_circuit_operator']) retrieved from /home/airflow/.local/lib/python3.7/site-packages/airflow/example_dags/example_short_circuit_operator.py
[2023-06-28T14:45:26.007+0000] {logging_mixin.py:149} INFO - [2023-06-28T14:45:26.003+0000] {dag.py:2726} INFO - Sync 1 DAGs
[2023-06-28T14:45:26.086+0000] {logging_mixin.py:149} INFO - [2023-06-28T14:45:26.086+0000] {dag.py:3490} INFO - Setting next_dagrun for example_short_circuit_operator to 2023-06-27T14:45:26.085662+00:00, run_after=2023-06-28T14:45:26.085662+00:00
[2023-06-28T14:45:26.176+0000] {processor.py:179} INFO - Processing /home/airflow/.local/lib/python3.7/site-packages/airflow/example_dags/example_short_circuit_operator.py took 0.447 seconds
[2023-06-28T14:45:56.932+0000] {processor.py:157} INFO - Started process (PID=3462) to work on /home/airflow/.local/lib/python3.7/site-packages/airflow/example_dags/example_short_circuit_operator.py
[2023-06-28T14:45:56.933+0000] {processor.py:826} INFO - Processing file /home/airflow/.local/lib/python3.7/site-packages/airflow/example_dags/example_short_circuit_operator.py for tasks to queue
[2023-06-28T14:45:56.939+0000] {logging_mixin.py:149} INFO - [2023-06-28T14:45:56.938+0000] {dagbag.py:541} INFO - Filling up the DagBag from /home/airflow/.local/lib/python3.7/site-packages/airflow/example_dags/example_short_circuit_operator.py
[2023-06-28T14:45:56.956+0000] {processor.py:836} INFO - DAG(s) dict_keys(['example_short_circuit_operator']) retrieved from /home/airflow/.local/lib/python3.7/site-packages/airflow/example_dags/example_short_circuit_operator.py
[2023-06-28T14:45:57.013+0000] {logging_mixin.py:149} INFO - [2023-06-28T14:45:57.013+0000] {dag.py:2726} INFO - Sync 1 DAGs
[2023-06-28T14:45:57.076+0000] {logging_mixin.py:149} INFO - [2023-06-28T14:45:57.076+0000] {dag.py:3490} INFO - Setting next_dagrun for example_short_circuit_operator to 2023-06-27T14:45:57.076265+00:00, run_after=2023-06-28T14:45:57.076265+00:00
[2023-06-28T14:45:57.129+0000] {processor.py:179} INFO - Processing /home/airflow/.local/lib/python3.7/site-packages/airflow/example_dags/example_short_circuit_operator.py took 0.205 seconds
[2023-06-28T14:46:27.193+0000] {processor.py:157} INFO - Started process (PID=3521) to work on /home/airflow/.local/lib/python3.7/site-packages/airflow/example_dags/example_short_circuit_operator.py
[2023-06-28T14:46:27.194+0000] {processor.py:826} INFO - Processing file /home/airflow/.local/lib/python3.7/site-packages/airflow/example_dags/example_short_circuit_operator.py for tasks to queue
[2023-06-28T14:46:27.201+0000] {logging_mixin.py:149} INFO - [2023-06-28T14:46:27.196+0000] {dagbag.py:541} INFO - Filling up the DagBag from /home/airflow/.local/lib/python3.7/site-packages/airflow/example_dags/example_short_circuit_operator.py
[2023-06-28T14:46:27.224+0000] {processor.py:836} INFO - DAG(s) dict_keys(['example_short_circuit_operator']) retrieved from /home/airflow/.local/lib/python3.7/site-packages/airflow/example_dags/example_short_circuit_operator.py
[2023-06-28T14:46:27.282+0000] {logging_mixin.py:149} INFO - [2023-06-28T14:46:27.282+0000] {dag.py:2726} INFO - Sync 1 DAGs
[2023-06-28T14:46:27.333+0000] {logging_mixin.py:149} INFO - [2023-06-28T14:46:27.333+0000] {dag.py:3490} INFO - Setting next_dagrun for example_short_circuit_operator to 2023-06-27T14:46:27.333289+00:00, run_after=2023-06-28T14:46:27.333289+00:00
[2023-06-28T14:46:27.386+0000] {processor.py:179} INFO - Processing /home/airflow/.local/lib/python3.7/site-packages/airflow/example_dags/example_short_circuit_operator.py took 0.200 seconds
[2023-06-28T14:46:57.862+0000] {processor.py:157} INFO - Started process (PID=3580) to work on /home/airflow/.local/lib/python3.7/site-packages/airflow/example_dags/example_short_circuit_operator.py
[2023-06-28T14:46:57.868+0000] {processor.py:826} INFO - Processing file /home/airflow/.local/lib/python3.7/site-packages/airflow/example_dags/example_short_circuit_operator.py for tasks to queue
[2023-06-28T14:46:57.875+0000] {logging_mixin.py:149} INFO - [2023-06-28T14:46:57.875+0000] {dagbag.py:541} INFO - Filling up the DagBag from /home/airflow/.local/lib/python3.7/site-packages/airflow/example_dags/example_short_circuit_operator.py
[2023-06-28T14:46:57.900+0000] {processor.py:836} INFO - DAG(s) dict_keys(['example_short_circuit_operator']) retrieved from /home/airflow/.local/lib/python3.7/site-packages/airflow/example_dags/example_short_circuit_operator.py
[2023-06-28T14:46:57.983+0000] {logging_mixin.py:149} INFO - [2023-06-28T14:46:57.983+0000] {dag.py:2726} INFO - Sync 1 DAGs
[2023-06-28T14:46:58.043+0000] {logging_mixin.py:149} INFO - [2023-06-28T14:46:58.042+0000] {dag.py:3490} INFO - Setting next_dagrun for example_short_circuit_operator to 2023-06-27T14:46:58.042461+00:00, run_after=2023-06-28T14:46:58.042461+00:00
[2023-06-28T14:46:58.107+0000] {processor.py:179} INFO - Processing /home/airflow/.local/lib/python3.7/site-packages/airflow/example_dags/example_short_circuit_operator.py took 0.251 seconds
[2023-06-28T14:47:28.888+0000] {processor.py:157} INFO - Started process (PID=3640) to work on /home/airflow/.local/lib/python3.7/site-packages/airflow/example_dags/example_short_circuit_operator.py
[2023-06-28T14:47:28.889+0000] {processor.py:826} INFO - Processing file /home/airflow/.local/lib/python3.7/site-packages/airflow/example_dags/example_short_circuit_operator.py for tasks to queue
[2023-06-28T14:47:28.891+0000] {logging_mixin.py:149} INFO - [2023-06-28T14:47:28.891+0000] {dagbag.py:541} INFO - Filling up the DagBag from /home/airflow/.local/lib/python3.7/site-packages/airflow/example_dags/example_short_circuit_operator.py
[2023-06-28T14:47:28.915+0000] {processor.py:836} INFO - DAG(s) dict_keys(['example_short_circuit_operator']) retrieved from /home/airflow/.local/lib/python3.7/site-packages/airflow/example_dags/example_short_circuit_operator.py
[2023-06-28T14:47:28.972+0000] {logging_mixin.py:149} INFO - [2023-06-28T14:47:28.971+0000] {dag.py:2726} INFO - Sync 1 DAGs
[2023-06-28T14:47:29.033+0000] {logging_mixin.py:149} INFO - [2023-06-28T14:47:29.033+0000] {dag.py:3490} INFO - Setting next_dagrun for example_short_circuit_operator to 2023-06-27T14:47:29.032909+00:00, run_after=2023-06-28T14:47:29.032909+00:00
[2023-06-28T14:47:29.088+0000] {processor.py:179} INFO - Processing /home/airflow/.local/lib/python3.7/site-packages/airflow/example_dags/example_short_circuit_operator.py took 0.206 seconds
[2023-06-28T14:47:59.232+0000] {processor.py:157} INFO - Started process (PID=3699) to work on /home/airflow/.local/lib/python3.7/site-packages/airflow/example_dags/example_short_circuit_operator.py
[2023-06-28T14:47:59.234+0000] {processor.py:826} INFO - Processing file /home/airflow/.local/lib/python3.7/site-packages/airflow/example_dags/example_short_circuit_operator.py for tasks to queue
[2023-06-28T14:47:59.235+0000] {logging_mixin.py:149} INFO - [2023-06-28T14:47:59.235+0000] {dagbag.py:541} INFO - Filling up the DagBag from /home/airflow/.local/lib/python3.7/site-packages/airflow/example_dags/example_short_circuit_operator.py
[2023-06-28T14:47:59.247+0000] {processor.py:836} INFO - DAG(s) dict_keys(['example_short_circuit_operator']) retrieved from /home/airflow/.local/lib/python3.7/site-packages/airflow/example_dags/example_short_circuit_operator.py
[2023-06-28T14:47:59.295+0000] {logging_mixin.py:149} INFO - [2023-06-28T14:47:59.295+0000] {dag.py:2726} INFO - Sync 1 DAGs
[2023-06-28T14:47:59.338+0000] {logging_mixin.py:149} INFO - [2023-06-28T14:47:59.337+0000] {dag.py:3490} INFO - Setting next_dagrun for example_short_circuit_operator to 2023-06-27T14:47:59.337420+00:00, run_after=2023-06-28T14:47:59.337420+00:00
[2023-06-28T14:47:59.380+0000] {processor.py:179} INFO - Processing /home/airflow/.local/lib/python3.7/site-packages/airflow/example_dags/example_short_circuit_operator.py took 0.153 seconds
