[2023-06-28T14:16:36.796+0000] {processor.py:157} INFO - Started process (PID=66) to work on /home/airflow/.local/lib/python3.7/site-packages/airflow/example_dags/example_sla_dag.py
[2023-06-28T14:16:36.835+0000] {processor.py:826} INFO - Processing file /home/airflow/.local/lib/python3.7/site-packages/airflow/example_dags/example_sla_dag.py for tasks to queue
[2023-06-28T14:16:36.850+0000] {logging_mixin.py:149} INFO - [2023-06-28T14:16:36.850+0000] {dagbag.py:541} INFO - Filling up the DagBag from /home/airflow/.local/lib/python3.7/site-packages/airflow/example_dags/example_sla_dag.py
[2023-06-28T14:16:36.961+0000] {processor.py:836} INFO - DAG(s) dict_keys(['example_sla_dag']) retrieved from /home/airflow/.local/lib/python3.7/site-packages/airflow/example_dags/example_sla_dag.py
[2023-06-28T14:16:37.260+0000] {logging_mixin.py:149} INFO - [2023-06-28T14:16:37.249+0000] {dag.py:2726} INFO - Sync 1 DAGs
[2023-06-28T14:16:37.950+0000] {logging_mixin.py:149} INFO - [2023-06-28T14:16:37.950+0000] {dag.py:3490} INFO - Setting next_dagrun for example_sla_dag to 2023-06-28T14:14:00+00:00, run_after=2023-06-28T14:16:00+00:00
[2023-06-28T14:16:38.184+0000] {processor.py:179} INFO - Processing /home/airflow/.local/lib/python3.7/site-packages/airflow/example_dags/example_sla_dag.py took 1.421 seconds
[2023-06-28T14:17:11.517+0000] {processor.py:157} INFO - Started process (PID=125) to work on /home/airflow/.local/lib/python3.7/site-packages/airflow/example_dags/example_sla_dag.py
[2023-06-28T14:17:11.523+0000] {processor.py:826} INFO - Processing file /home/airflow/.local/lib/python3.7/site-packages/airflow/example_dags/example_sla_dag.py for tasks to queue
[2023-06-28T14:17:11.527+0000] {logging_mixin.py:149} INFO - [2023-06-28T14:17:11.526+0000] {dagbag.py:541} INFO - Filling up the DagBag from /home/airflow/.local/lib/python3.7/site-packages/airflow/example_dags/example_sla_dag.py
[2023-06-28T14:17:11.534+0000] {processor.py:836} INFO - DAG(s) dict_keys(['example_sla_dag']) retrieved from /home/airflow/.local/lib/python3.7/site-packages/airflow/example_dags/example_sla_dag.py
[2023-06-28T14:17:11.666+0000] {logging_mixin.py:149} INFO - [2023-06-28T14:17:11.665+0000] {dag.py:2726} INFO - Sync 1 DAGs
[2023-06-28T14:17:11.839+0000] {logging_mixin.py:149} INFO - [2023-06-28T14:17:11.839+0000] {dag.py:3490} INFO - Setting next_dagrun for example_sla_dag to 2023-06-28T14:14:00+00:00, run_after=2023-06-28T14:16:00+00:00
[2023-06-28T14:17:12.064+0000] {processor.py:179} INFO - Processing /home/airflow/.local/lib/python3.7/site-packages/airflow/example_dags/example_sla_dag.py took 0.598 seconds
[2023-06-28T14:17:42.923+0000] {processor.py:157} INFO - Started process (PID=183) to work on /home/airflow/.local/lib/python3.7/site-packages/airflow/example_dags/example_sla_dag.py
[2023-06-28T14:17:42.924+0000] {processor.py:826} INFO - Processing file /home/airflow/.local/lib/python3.7/site-packages/airflow/example_dags/example_sla_dag.py for tasks to queue
[2023-06-28T14:17:42.931+0000] {logging_mixin.py:149} INFO - [2023-06-28T14:17:42.931+0000] {dagbag.py:541} INFO - Filling up the DagBag from /home/airflow/.local/lib/python3.7/site-packages/airflow/example_dags/example_sla_dag.py
[2023-06-28T14:17:42.953+0000] {processor.py:836} INFO - DAG(s) dict_keys(['example_sla_dag']) retrieved from /home/airflow/.local/lib/python3.7/site-packages/airflow/example_dags/example_sla_dag.py
[2023-06-28T14:17:42.987+0000] {logging_mixin.py:149} INFO - [2023-06-28T14:17:42.987+0000] {dag.py:2726} INFO - Sync 1 DAGs
[2023-06-28T14:17:43.053+0000] {logging_mixin.py:149} INFO - [2023-06-28T14:17:43.053+0000] {dag.py:3490} INFO - Setting next_dagrun for example_sla_dag to 2023-06-28T14:14:00+00:00, run_after=2023-06-28T14:16:00+00:00
[2023-06-28T14:17:43.089+0000] {processor.py:179} INFO - Processing /home/airflow/.local/lib/python3.7/site-packages/airflow/example_dags/example_sla_dag.py took 0.173 seconds
[2023-06-28T14:18:13.296+0000] {processor.py:157} INFO - Started process (PID=242) to work on /home/airflow/.local/lib/python3.7/site-packages/airflow/example_dags/example_sla_dag.py
[2023-06-28T14:18:13.298+0000] {processor.py:826} INFO - Processing file /home/airflow/.local/lib/python3.7/site-packages/airflow/example_dags/example_sla_dag.py for tasks to queue
[2023-06-28T14:18:13.300+0000] {logging_mixin.py:149} INFO - [2023-06-28T14:18:13.300+0000] {dagbag.py:541} INFO - Filling up the DagBag from /home/airflow/.local/lib/python3.7/site-packages/airflow/example_dags/example_sla_dag.py
[2023-06-28T14:18:13.328+0000] {processor.py:836} INFO - DAG(s) dict_keys(['example_sla_dag']) retrieved from /home/airflow/.local/lib/python3.7/site-packages/airflow/example_dags/example_sla_dag.py
[2023-06-28T14:18:13.378+0000] {logging_mixin.py:149} INFO - [2023-06-28T14:18:13.377+0000] {dag.py:2726} INFO - Sync 1 DAGs
[2023-06-28T14:18:13.445+0000] {logging_mixin.py:149} INFO - [2023-06-28T14:18:13.444+0000] {dag.py:3490} INFO - Setting next_dagrun for example_sla_dag to 2023-06-28T14:16:00+00:00, run_after=2023-06-28T14:18:00+00:00
[2023-06-28T14:18:13.490+0000] {processor.py:179} INFO - Processing /home/airflow/.local/lib/python3.7/site-packages/airflow/example_dags/example_sla_dag.py took 0.204 seconds
[2023-06-28T14:18:43.611+0000] {processor.py:157} INFO - Started process (PID=300) to work on /home/airflow/.local/lib/python3.7/site-packages/airflow/example_dags/example_sla_dag.py
[2023-06-28T14:18:43.614+0000] {processor.py:826} INFO - Processing file /home/airflow/.local/lib/python3.7/site-packages/airflow/example_dags/example_sla_dag.py for tasks to queue
[2023-06-28T14:18:43.615+0000] {logging_mixin.py:149} INFO - [2023-06-28T14:18:43.615+0000] {dagbag.py:541} INFO - Filling up the DagBag from /home/airflow/.local/lib/python3.7/site-packages/airflow/example_dags/example_sla_dag.py
[2023-06-28T14:18:43.627+0000] {processor.py:836} INFO - DAG(s) dict_keys(['example_sla_dag']) retrieved from /home/airflow/.local/lib/python3.7/site-packages/airflow/example_dags/example_sla_dag.py
[2023-06-28T14:18:43.670+0000] {logging_mixin.py:149} INFO - [2023-06-28T14:18:43.670+0000] {dag.py:2726} INFO - Sync 1 DAGs
[2023-06-28T14:18:43.734+0000] {logging_mixin.py:149} INFO - [2023-06-28T14:18:43.734+0000] {dag.py:3490} INFO - Setting next_dagrun for example_sla_dag to 2023-06-28T14:16:00+00:00, run_after=2023-06-28T14:18:00+00:00
[2023-06-28T14:18:43.794+0000] {processor.py:179} INFO - Processing /home/airflow/.local/lib/python3.7/site-packages/airflow/example_dags/example_sla_dag.py took 0.190 seconds
[2023-06-28T14:19:14.186+0000] {processor.py:157} INFO - Started process (PID=358) to work on /home/airflow/.local/lib/python3.7/site-packages/airflow/example_dags/example_sla_dag.py
[2023-06-28T14:19:14.189+0000] {processor.py:826} INFO - Processing file /home/airflow/.local/lib/python3.7/site-packages/airflow/example_dags/example_sla_dag.py for tasks to queue
[2023-06-28T14:19:14.192+0000] {logging_mixin.py:149} INFO - [2023-06-28T14:19:14.192+0000] {dagbag.py:541} INFO - Filling up the DagBag from /home/airflow/.local/lib/python3.7/site-packages/airflow/example_dags/example_sla_dag.py
[2023-06-28T14:19:14.211+0000] {processor.py:836} INFO - DAG(s) dict_keys(['example_sla_dag']) retrieved from /home/airflow/.local/lib/python3.7/site-packages/airflow/example_dags/example_sla_dag.py
[2023-06-28T14:19:14.263+0000] {logging_mixin.py:149} INFO - [2023-06-28T14:19:14.263+0000] {dag.py:2726} INFO - Sync 1 DAGs
[2023-06-28T14:19:14.332+0000] {logging_mixin.py:149} INFO - [2023-06-28T14:19:14.332+0000] {dag.py:3490} INFO - Setting next_dagrun for example_sla_dag to 2023-06-28T14:16:00+00:00, run_after=2023-06-28T14:18:00+00:00
[2023-06-28T14:19:14.375+0000] {processor.py:179} INFO - Processing /home/airflow/.local/lib/python3.7/site-packages/airflow/example_dags/example_sla_dag.py took 0.195 seconds
[2023-06-28T14:19:44.641+0000] {processor.py:157} INFO - Started process (PID=417) to work on /home/airflow/.local/lib/python3.7/site-packages/airflow/example_dags/example_sla_dag.py
[2023-06-28T14:19:44.644+0000] {processor.py:826} INFO - Processing file /home/airflow/.local/lib/python3.7/site-packages/airflow/example_dags/example_sla_dag.py for tasks to queue
[2023-06-28T14:19:44.645+0000] {logging_mixin.py:149} INFO - [2023-06-28T14:19:44.645+0000] {dagbag.py:541} INFO - Filling up the DagBag from /home/airflow/.local/lib/python3.7/site-packages/airflow/example_dags/example_sla_dag.py
[2023-06-28T14:19:44.675+0000] {processor.py:836} INFO - DAG(s) dict_keys(['example_sla_dag']) retrieved from /home/airflow/.local/lib/python3.7/site-packages/airflow/example_dags/example_sla_dag.py
[2023-06-28T14:19:44.760+0000] {logging_mixin.py:149} INFO - [2023-06-28T14:19:44.759+0000] {dag.py:2726} INFO - Sync 1 DAGs
[2023-06-28T14:19:44.818+0000] {logging_mixin.py:149} INFO - [2023-06-28T14:19:44.818+0000] {dag.py:3490} INFO - Setting next_dagrun for example_sla_dag to 2023-06-28T14:16:00+00:00, run_after=2023-06-28T14:18:00+00:00
[2023-06-28T14:19:44.870+0000] {processor.py:179} INFO - Processing /home/airflow/.local/lib/python3.7/site-packages/airflow/example_dags/example_sla_dag.py took 0.244 seconds
[2023-06-28T14:20:15.071+0000] {processor.py:157} INFO - Started process (PID=476) to work on /home/airflow/.local/lib/python3.7/site-packages/airflow/example_dags/example_sla_dag.py
[2023-06-28T14:20:15.073+0000] {processor.py:826} INFO - Processing file /home/airflow/.local/lib/python3.7/site-packages/airflow/example_dags/example_sla_dag.py for tasks to queue
[2023-06-28T14:20:15.074+0000] {logging_mixin.py:149} INFO - [2023-06-28T14:20:15.074+0000] {dagbag.py:541} INFO - Filling up the DagBag from /home/airflow/.local/lib/python3.7/site-packages/airflow/example_dags/example_sla_dag.py
[2023-06-28T14:20:15.091+0000] {processor.py:836} INFO - DAG(s) dict_keys(['example_sla_dag']) retrieved from /home/airflow/.local/lib/python3.7/site-packages/airflow/example_dags/example_sla_dag.py
[2023-06-28T14:20:15.131+0000] {logging_mixin.py:149} INFO - [2023-06-28T14:20:15.131+0000] {dag.py:2726} INFO - Sync 1 DAGs
[2023-06-28T14:20:15.199+0000] {logging_mixin.py:149} INFO - [2023-06-28T14:20:15.199+0000] {dag.py:3490} INFO - Setting next_dagrun for example_sla_dag to 2023-06-28T14:18:00+00:00, run_after=2023-06-28T14:20:00+00:00
[2023-06-28T14:20:15.258+0000] {processor.py:179} INFO - Processing /home/airflow/.local/lib/python3.7/site-packages/airflow/example_dags/example_sla_dag.py took 0.192 seconds
[2023-06-28T14:20:45.627+0000] {processor.py:157} INFO - Started process (PID=535) to work on /home/airflow/.local/lib/python3.7/site-packages/airflow/example_dags/example_sla_dag.py
[2023-06-28T14:20:45.628+0000] {processor.py:826} INFO - Processing file /home/airflow/.local/lib/python3.7/site-packages/airflow/example_dags/example_sla_dag.py for tasks to queue
[2023-06-28T14:20:45.629+0000] {logging_mixin.py:149} INFO - [2023-06-28T14:20:45.629+0000] {dagbag.py:541} INFO - Filling up the DagBag from /home/airflow/.local/lib/python3.7/site-packages/airflow/example_dags/example_sla_dag.py
[2023-06-28T14:20:45.642+0000] {processor.py:836} INFO - DAG(s) dict_keys(['example_sla_dag']) retrieved from /home/airflow/.local/lib/python3.7/site-packages/airflow/example_dags/example_sla_dag.py
[2023-06-28T14:20:45.674+0000] {logging_mixin.py:149} INFO - [2023-06-28T14:20:45.674+0000] {dag.py:2726} INFO - Sync 1 DAGs
[2023-06-28T14:20:45.716+0000] {logging_mixin.py:149} INFO - [2023-06-28T14:20:45.716+0000] {dag.py:3490} INFO - Setting next_dagrun for example_sla_dag to 2023-06-28T14:18:00+00:00, run_after=2023-06-28T14:20:00+00:00
[2023-06-28T14:20:45.747+0000] {processor.py:179} INFO - Processing /home/airflow/.local/lib/python3.7/site-packages/airflow/example_dags/example_sla_dag.py took 0.124 seconds
[2023-06-28T14:21:16.491+0000] {processor.py:157} INFO - Started process (PID=594) to work on /home/airflow/.local/lib/python3.7/site-packages/airflow/example_dags/example_sla_dag.py
[2023-06-28T14:21:16.493+0000] {processor.py:826} INFO - Processing file /home/airflow/.local/lib/python3.7/site-packages/airflow/example_dags/example_sla_dag.py for tasks to queue
[2023-06-28T14:21:16.495+0000] {logging_mixin.py:149} INFO - [2023-06-28T14:21:16.495+0000] {dagbag.py:541} INFO - Filling up the DagBag from /home/airflow/.local/lib/python3.7/site-packages/airflow/example_dags/example_sla_dag.py
[2023-06-28T14:21:16.528+0000] {processor.py:836} INFO - DAG(s) dict_keys(['example_sla_dag']) retrieved from /home/airflow/.local/lib/python3.7/site-packages/airflow/example_dags/example_sla_dag.py
[2023-06-28T14:21:16.586+0000] {logging_mixin.py:149} INFO - [2023-06-28T14:21:16.586+0000] {dag.py:2726} INFO - Sync 1 DAGs
[2023-06-28T14:21:16.659+0000] {logging_mixin.py:149} INFO - [2023-06-28T14:21:16.659+0000] {dag.py:3490} INFO - Setting next_dagrun for example_sla_dag to 2023-06-28T14:18:00+00:00, run_after=2023-06-28T14:20:00+00:00
[2023-06-28T14:21:16.722+0000] {processor.py:179} INFO - Processing /home/airflow/.local/lib/python3.7/site-packages/airflow/example_dags/example_sla_dag.py took 0.236 seconds
[2023-06-28T14:21:47.561+0000] {processor.py:157} INFO - Started process (PID=654) to work on /home/airflow/.local/lib/python3.7/site-packages/airflow/example_dags/example_sla_dag.py
[2023-06-28T14:21:47.563+0000] {processor.py:826} INFO - Processing file /home/airflow/.local/lib/python3.7/site-packages/airflow/example_dags/example_sla_dag.py for tasks to queue
[2023-06-28T14:21:47.564+0000] {logging_mixin.py:149} INFO - [2023-06-28T14:21:47.564+0000] {dagbag.py:541} INFO - Filling up the DagBag from /home/airflow/.local/lib/python3.7/site-packages/airflow/example_dags/example_sla_dag.py
[2023-06-28T14:21:47.577+0000] {processor.py:836} INFO - DAG(s) dict_keys(['example_sla_dag']) retrieved from /home/airflow/.local/lib/python3.7/site-packages/airflow/example_dags/example_sla_dag.py
[2023-06-28T14:21:47.619+0000] {logging_mixin.py:149} INFO - [2023-06-28T14:21:47.618+0000] {dag.py:2726} INFO - Sync 1 DAGs
[2023-06-28T14:21:47.676+0000] {logging_mixin.py:149} INFO - [2023-06-28T14:21:47.675+0000] {dag.py:3490} INFO - Setting next_dagrun for example_sla_dag to 2023-06-28T14:18:00+00:00, run_after=2023-06-28T14:20:00+00:00
[2023-06-28T14:21:47.723+0000] {processor.py:179} INFO - Processing /home/airflow/.local/lib/python3.7/site-packages/airflow/example_dags/example_sla_dag.py took 0.167 seconds
[2023-06-28T14:22:18.647+0000] {processor.py:157} INFO - Started process (PID=714) to work on /home/airflow/.local/lib/python3.7/site-packages/airflow/example_dags/example_sla_dag.py
[2023-06-28T14:22:18.649+0000] {processor.py:826} INFO - Processing file /home/airflow/.local/lib/python3.7/site-packages/airflow/example_dags/example_sla_dag.py for tasks to queue
[2023-06-28T14:22:18.650+0000] {logging_mixin.py:149} INFO - [2023-06-28T14:22:18.650+0000] {dagbag.py:541} INFO - Filling up the DagBag from /home/airflow/.local/lib/python3.7/site-packages/airflow/example_dags/example_sla_dag.py
[2023-06-28T14:22:18.663+0000] {processor.py:836} INFO - DAG(s) dict_keys(['example_sla_dag']) retrieved from /home/airflow/.local/lib/python3.7/site-packages/airflow/example_dags/example_sla_dag.py
[2023-06-28T14:22:18.705+0000] {logging_mixin.py:149} INFO - [2023-06-28T14:22:18.704+0000] {dag.py:2726} INFO - Sync 1 DAGs
[2023-06-28T14:22:18.760+0000] {logging_mixin.py:149} INFO - [2023-06-28T14:22:18.760+0000] {dag.py:3490} INFO - Setting next_dagrun for example_sla_dag to 2023-06-28T14:20:00+00:00, run_after=2023-06-28T14:22:00+00:00
[2023-06-28T14:22:18.798+0000] {processor.py:179} INFO - Processing /home/airflow/.local/lib/python3.7/site-packages/airflow/example_dags/example_sla_dag.py took 0.157 seconds
[2023-06-28T14:22:49.117+0000] {processor.py:157} INFO - Started process (PID=773) to work on /home/airflow/.local/lib/python3.7/site-packages/airflow/example_dags/example_sla_dag.py
[2023-06-28T14:22:49.119+0000] {processor.py:826} INFO - Processing file /home/airflow/.local/lib/python3.7/site-packages/airflow/example_dags/example_sla_dag.py for tasks to queue
[2023-06-28T14:22:49.121+0000] {logging_mixin.py:149} INFO - [2023-06-28T14:22:49.120+0000] {dagbag.py:541} INFO - Filling up the DagBag from /home/airflow/.local/lib/python3.7/site-packages/airflow/example_dags/example_sla_dag.py
[2023-06-28T14:22:49.134+0000] {processor.py:836} INFO - DAG(s) dict_keys(['example_sla_dag']) retrieved from /home/airflow/.local/lib/python3.7/site-packages/airflow/example_dags/example_sla_dag.py
[2023-06-28T14:22:49.169+0000] {logging_mixin.py:149} INFO - [2023-06-28T14:22:49.168+0000] {dag.py:2726} INFO - Sync 1 DAGs
[2023-06-28T14:22:49.218+0000] {logging_mixin.py:149} INFO - [2023-06-28T14:22:49.218+0000] {dag.py:3490} INFO - Setting next_dagrun for example_sla_dag to 2023-06-28T14:20:00+00:00, run_after=2023-06-28T14:22:00+00:00
[2023-06-28T14:22:49.250+0000] {processor.py:179} INFO - Processing /home/airflow/.local/lib/python3.7/site-packages/airflow/example_dags/example_sla_dag.py took 0.140 seconds
[2023-06-28T14:23:19.305+0000] {processor.py:157} INFO - Started process (PID=832) to work on /home/airflow/.local/lib/python3.7/site-packages/airflow/example_dags/example_sla_dag.py
[2023-06-28T14:23:19.306+0000] {processor.py:826} INFO - Processing file /home/airflow/.local/lib/python3.7/site-packages/airflow/example_dags/example_sla_dag.py for tasks to queue
[2023-06-28T14:23:19.307+0000] {logging_mixin.py:149} INFO - [2023-06-28T14:23:19.307+0000] {dagbag.py:541} INFO - Filling up the DagBag from /home/airflow/.local/lib/python3.7/site-packages/airflow/example_dags/example_sla_dag.py
[2023-06-28T14:23:19.321+0000] {processor.py:836} INFO - DAG(s) dict_keys(['example_sla_dag']) retrieved from /home/airflow/.local/lib/python3.7/site-packages/airflow/example_dags/example_sla_dag.py
[2023-06-28T14:23:19.355+0000] {logging_mixin.py:149} INFO - [2023-06-28T14:23:19.354+0000] {dag.py:2726} INFO - Sync 1 DAGs
[2023-06-28T14:23:19.400+0000] {logging_mixin.py:149} INFO - [2023-06-28T14:23:19.399+0000] {dag.py:3490} INFO - Setting next_dagrun for example_sla_dag to 2023-06-28T14:20:00+00:00, run_after=2023-06-28T14:22:00+00:00
[2023-06-28T14:23:19.438+0000] {processor.py:179} INFO - Processing /home/airflow/.local/lib/python3.7/site-packages/airflow/example_dags/example_sla_dag.py took 0.138 seconds
[2023-06-28T14:23:49.940+0000] {processor.py:157} INFO - Started process (PID=892) to work on /home/airflow/.local/lib/python3.7/site-packages/airflow/example_dags/example_sla_dag.py
[2023-06-28T14:23:49.941+0000] {processor.py:826} INFO - Processing file /home/airflow/.local/lib/python3.7/site-packages/airflow/example_dags/example_sla_dag.py for tasks to queue
[2023-06-28T14:23:49.943+0000] {logging_mixin.py:149} INFO - [2023-06-28T14:23:49.942+0000] {dagbag.py:541} INFO - Filling up the DagBag from /home/airflow/.local/lib/python3.7/site-packages/airflow/example_dags/example_sla_dag.py
[2023-06-28T14:23:49.956+0000] {processor.py:836} INFO - DAG(s) dict_keys(['example_sla_dag']) retrieved from /home/airflow/.local/lib/python3.7/site-packages/airflow/example_dags/example_sla_dag.py
[2023-06-28T14:23:49.993+0000] {logging_mixin.py:149} INFO - [2023-06-28T14:23:49.992+0000] {dag.py:2726} INFO - Sync 1 DAGs
[2023-06-28T14:23:50.048+0000] {logging_mixin.py:149} INFO - [2023-06-28T14:23:50.048+0000] {dag.py:3490} INFO - Setting next_dagrun for example_sla_dag to 2023-06-28T14:20:00+00:00, run_after=2023-06-28T14:22:00+00:00
[2023-06-28T14:23:50.084+0000] {processor.py:179} INFO - Processing /home/airflow/.local/lib/python3.7/site-packages/airflow/example_dags/example_sla_dag.py took 0.149 seconds
[2023-06-28T14:24:20.944+0000] {processor.py:157} INFO - Started process (PID=957) to work on /home/airflow/.local/lib/python3.7/site-packages/airflow/example_dags/example_sla_dag.py
[2023-06-28T14:24:20.947+0000] {processor.py:826} INFO - Processing file /home/airflow/.local/lib/python3.7/site-packages/airflow/example_dags/example_sla_dag.py for tasks to queue
[2023-06-28T14:24:20.948+0000] {logging_mixin.py:149} INFO - [2023-06-28T14:24:20.948+0000] {dagbag.py:541} INFO - Filling up the DagBag from /home/airflow/.local/lib/python3.7/site-packages/airflow/example_dags/example_sla_dag.py
[2023-06-28T14:24:20.965+0000] {processor.py:836} INFO - DAG(s) dict_keys(['example_sla_dag']) retrieved from /home/airflow/.local/lib/python3.7/site-packages/airflow/example_dags/example_sla_dag.py
[2023-06-28T14:24:20.997+0000] {logging_mixin.py:149} INFO - [2023-06-28T14:24:20.997+0000] {dag.py:2726} INFO - Sync 1 DAGs
[2023-06-28T14:24:21.039+0000] {logging_mixin.py:149} INFO - [2023-06-28T14:24:21.038+0000] {dag.py:3490} INFO - Setting next_dagrun for example_sla_dag to 2023-06-28T14:22:00+00:00, run_after=2023-06-28T14:24:00+00:00
[2023-06-28T14:24:21.072+0000] {processor.py:179} INFO - Processing /home/airflow/.local/lib/python3.7/site-packages/airflow/example_dags/example_sla_dag.py took 0.134 seconds
[2023-06-28T14:24:51.142+0000] {processor.py:157} INFO - Started process (PID=1017) to work on /home/airflow/.local/lib/python3.7/site-packages/airflow/example_dags/example_sla_dag.py
[2023-06-28T14:24:51.143+0000] {processor.py:826} INFO - Processing file /home/airflow/.local/lib/python3.7/site-packages/airflow/example_dags/example_sla_dag.py for tasks to queue
[2023-06-28T14:24:51.145+0000] {logging_mixin.py:149} INFO - [2023-06-28T14:24:51.145+0000] {dagbag.py:541} INFO - Filling up the DagBag from /home/airflow/.local/lib/python3.7/site-packages/airflow/example_dags/example_sla_dag.py
[2023-06-28T14:24:51.160+0000] {processor.py:836} INFO - DAG(s) dict_keys(['example_sla_dag']) retrieved from /home/airflow/.local/lib/python3.7/site-packages/airflow/example_dags/example_sla_dag.py
[2023-06-28T14:24:51.201+0000] {logging_mixin.py:149} INFO - [2023-06-28T14:24:51.200+0000] {dag.py:2726} INFO - Sync 1 DAGs
[2023-06-28T14:24:51.256+0000] {logging_mixin.py:149} INFO - [2023-06-28T14:24:51.255+0000] {dag.py:3490} INFO - Setting next_dagrun for example_sla_dag to 2023-06-28T14:22:00+00:00, run_after=2023-06-28T14:24:00+00:00
[2023-06-28T14:24:51.297+0000] {processor.py:179} INFO - Processing /home/airflow/.local/lib/python3.7/site-packages/airflow/example_dags/example_sla_dag.py took 0.161 seconds
[2023-06-28T14:25:21.792+0000] {processor.py:157} INFO - Started process (PID=1075) to work on /home/airflow/.local/lib/python3.7/site-packages/airflow/example_dags/example_sla_dag.py
[2023-06-28T14:25:21.794+0000] {processor.py:826} INFO - Processing file /home/airflow/.local/lib/python3.7/site-packages/airflow/example_dags/example_sla_dag.py for tasks to queue
[2023-06-28T14:25:21.796+0000] {logging_mixin.py:149} INFO - [2023-06-28T14:25:21.795+0000] {dagbag.py:541} INFO - Filling up the DagBag from /home/airflow/.local/lib/python3.7/site-packages/airflow/example_dags/example_sla_dag.py
[2023-06-28T14:25:21.811+0000] {processor.py:836} INFO - DAG(s) dict_keys(['example_sla_dag']) retrieved from /home/airflow/.local/lib/python3.7/site-packages/airflow/example_dags/example_sla_dag.py
[2023-06-28T14:25:21.850+0000] {logging_mixin.py:149} INFO - [2023-06-28T14:25:21.849+0000] {dag.py:2726} INFO - Sync 1 DAGs
[2023-06-28T14:25:21.894+0000] {logging_mixin.py:149} INFO - [2023-06-28T14:25:21.893+0000] {dag.py:3490} INFO - Setting next_dagrun for example_sla_dag to 2023-06-28T14:22:00+00:00, run_after=2023-06-28T14:24:00+00:00
[2023-06-28T14:25:21.930+0000] {processor.py:179} INFO - Processing /home/airflow/.local/lib/python3.7/site-packages/airflow/example_dags/example_sla_dag.py took 0.143 seconds
[2023-06-28T14:25:52.095+0000] {processor.py:157} INFO - Started process (PID=1134) to work on /home/airflow/.local/lib/python3.7/site-packages/airflow/example_dags/example_sla_dag.py
[2023-06-28T14:25:52.097+0000] {processor.py:826} INFO - Processing file /home/airflow/.local/lib/python3.7/site-packages/airflow/example_dags/example_sla_dag.py for tasks to queue
[2023-06-28T14:25:52.098+0000] {logging_mixin.py:149} INFO - [2023-06-28T14:25:52.098+0000] {dagbag.py:541} INFO - Filling up the DagBag from /home/airflow/.local/lib/python3.7/site-packages/airflow/example_dags/example_sla_dag.py
[2023-06-28T14:25:52.109+0000] {processor.py:836} INFO - DAG(s) dict_keys(['example_sla_dag']) retrieved from /home/airflow/.local/lib/python3.7/site-packages/airflow/example_dags/example_sla_dag.py
[2023-06-28T14:25:52.142+0000] {logging_mixin.py:149} INFO - [2023-06-28T14:25:52.142+0000] {dag.py:2726} INFO - Sync 1 DAGs
[2023-06-28T14:25:52.185+0000] {logging_mixin.py:149} INFO - [2023-06-28T14:25:52.185+0000] {dag.py:3490} INFO - Setting next_dagrun for example_sla_dag to 2023-06-28T14:22:00+00:00, run_after=2023-06-28T14:24:00+00:00
[2023-06-28T14:25:52.218+0000] {processor.py:179} INFO - Processing /home/airflow/.local/lib/python3.7/site-packages/airflow/example_dags/example_sla_dag.py took 0.128 seconds
[2023-06-28T14:26:22.277+0000] {processor.py:157} INFO - Started process (PID=1194) to work on /home/airflow/.local/lib/python3.7/site-packages/airflow/example_dags/example_sla_dag.py
[2023-06-28T14:26:22.279+0000] {processor.py:826} INFO - Processing file /home/airflow/.local/lib/python3.7/site-packages/airflow/example_dags/example_sla_dag.py for tasks to queue
[2023-06-28T14:26:22.280+0000] {logging_mixin.py:149} INFO - [2023-06-28T14:26:22.280+0000] {dagbag.py:541} INFO - Filling up the DagBag from /home/airflow/.local/lib/python3.7/site-packages/airflow/example_dags/example_sla_dag.py
[2023-06-28T14:26:22.294+0000] {processor.py:836} INFO - DAG(s) dict_keys(['example_sla_dag']) retrieved from /home/airflow/.local/lib/python3.7/site-packages/airflow/example_dags/example_sla_dag.py
[2023-06-28T14:26:22.328+0000] {logging_mixin.py:149} INFO - [2023-06-28T14:26:22.328+0000] {dag.py:2726} INFO - Sync 1 DAGs
[2023-06-28T14:26:22.370+0000] {logging_mixin.py:149} INFO - [2023-06-28T14:26:22.370+0000] {dag.py:3490} INFO - Setting next_dagrun for example_sla_dag to 2023-06-28T14:24:00+00:00, run_after=2023-06-28T14:26:00+00:00
[2023-06-28T14:26:22.413+0000] {processor.py:179} INFO - Processing /home/airflow/.local/lib/python3.7/site-packages/airflow/example_dags/example_sla_dag.py took 0.142 seconds
[2023-06-28T14:26:52.630+0000] {processor.py:157} INFO - Started process (PID=1253) to work on /home/airflow/.local/lib/python3.7/site-packages/airflow/example_dags/example_sla_dag.py
[2023-06-28T14:26:52.632+0000] {processor.py:826} INFO - Processing file /home/airflow/.local/lib/python3.7/site-packages/airflow/example_dags/example_sla_dag.py for tasks to queue
[2023-06-28T14:26:52.634+0000] {logging_mixin.py:149} INFO - [2023-06-28T14:26:52.633+0000] {dagbag.py:541} INFO - Filling up the DagBag from /home/airflow/.local/lib/python3.7/site-packages/airflow/example_dags/example_sla_dag.py
[2023-06-28T14:26:52.649+0000] {processor.py:836} INFO - DAG(s) dict_keys(['example_sla_dag']) retrieved from /home/airflow/.local/lib/python3.7/site-packages/airflow/example_dags/example_sla_dag.py
[2023-06-28T14:26:52.692+0000] {logging_mixin.py:149} INFO - [2023-06-28T14:26:52.691+0000] {dag.py:2726} INFO - Sync 1 DAGs
[2023-06-28T14:26:52.757+0000] {logging_mixin.py:149} INFO - [2023-06-28T14:26:52.757+0000] {dag.py:3490} INFO - Setting next_dagrun for example_sla_dag to 2023-06-28T14:24:00+00:00, run_after=2023-06-28T14:26:00+00:00
[2023-06-28T14:26:52.795+0000] {processor.py:179} INFO - Processing /home/airflow/.local/lib/python3.7/site-packages/airflow/example_dags/example_sla_dag.py took 0.172 seconds
[2023-06-28T14:27:23.147+0000] {processor.py:157} INFO - Started process (PID=1312) to work on /home/airflow/.local/lib/python3.7/site-packages/airflow/example_dags/example_sla_dag.py
[2023-06-28T14:27:23.149+0000] {processor.py:826} INFO - Processing file /home/airflow/.local/lib/python3.7/site-packages/airflow/example_dags/example_sla_dag.py for tasks to queue
[2023-06-28T14:27:23.150+0000] {logging_mixin.py:149} INFO - [2023-06-28T14:27:23.150+0000] {dagbag.py:541} INFO - Filling up the DagBag from /home/airflow/.local/lib/python3.7/site-packages/airflow/example_dags/example_sla_dag.py
[2023-06-28T14:27:23.165+0000] {processor.py:836} INFO - DAG(s) dict_keys(['example_sla_dag']) retrieved from /home/airflow/.local/lib/python3.7/site-packages/airflow/example_dags/example_sla_dag.py
[2023-06-28T14:27:23.205+0000] {logging_mixin.py:149} INFO - [2023-06-28T14:27:23.205+0000] {dag.py:2726} INFO - Sync 1 DAGs
[2023-06-28T14:27:23.262+0000] {logging_mixin.py:149} INFO - [2023-06-28T14:27:23.262+0000] {dag.py:3490} INFO - Setting next_dagrun for example_sla_dag to 2023-06-28T14:24:00+00:00, run_after=2023-06-28T14:26:00+00:00
[2023-06-28T14:27:23.298+0000] {processor.py:179} INFO - Processing /home/airflow/.local/lib/python3.7/site-packages/airflow/example_dags/example_sla_dag.py took 0.155 seconds
[2023-06-28T14:27:53.633+0000] {processor.py:157} INFO - Started process (PID=1371) to work on /home/airflow/.local/lib/python3.7/site-packages/airflow/example_dags/example_sla_dag.py
[2023-06-28T14:27:53.635+0000] {processor.py:826} INFO - Processing file /home/airflow/.local/lib/python3.7/site-packages/airflow/example_dags/example_sla_dag.py for tasks to queue
[2023-06-28T14:27:53.636+0000] {logging_mixin.py:149} INFO - [2023-06-28T14:27:53.636+0000] {dagbag.py:541} INFO - Filling up the DagBag from /home/airflow/.local/lib/python3.7/site-packages/airflow/example_dags/example_sla_dag.py
[2023-06-28T14:27:53.647+0000] {processor.py:836} INFO - DAG(s) dict_keys(['example_sla_dag']) retrieved from /home/airflow/.local/lib/python3.7/site-packages/airflow/example_dags/example_sla_dag.py
[2023-06-28T14:27:53.679+0000] {logging_mixin.py:149} INFO - [2023-06-28T14:27:53.679+0000] {dag.py:2726} INFO - Sync 1 DAGs
[2023-06-28T14:27:53.723+0000] {logging_mixin.py:149} INFO - [2023-06-28T14:27:53.723+0000] {dag.py:3490} INFO - Setting next_dagrun for example_sla_dag to 2023-06-28T14:24:00+00:00, run_after=2023-06-28T14:26:00+00:00
[2023-06-28T14:27:53.753+0000] {processor.py:179} INFO - Processing /home/airflow/.local/lib/python3.7/site-packages/airflow/example_dags/example_sla_dag.py took 0.124 seconds
[2023-06-28T14:28:24.409+0000] {processor.py:157} INFO - Started process (PID=1429) to work on /home/airflow/.local/lib/python3.7/site-packages/airflow/example_dags/example_sla_dag.py
[2023-06-28T14:28:24.412+0000] {processor.py:826} INFO - Processing file /home/airflow/.local/lib/python3.7/site-packages/airflow/example_dags/example_sla_dag.py for tasks to queue
[2023-06-28T14:28:24.413+0000] {logging_mixin.py:149} INFO - [2023-06-28T14:28:24.413+0000] {dagbag.py:541} INFO - Filling up the DagBag from /home/airflow/.local/lib/python3.7/site-packages/airflow/example_dags/example_sla_dag.py
[2023-06-28T14:28:24.428+0000] {processor.py:836} INFO - DAG(s) dict_keys(['example_sla_dag']) retrieved from /home/airflow/.local/lib/python3.7/site-packages/airflow/example_dags/example_sla_dag.py
[2023-06-28T14:28:24.464+0000] {logging_mixin.py:149} INFO - [2023-06-28T14:28:24.463+0000] {dag.py:2726} INFO - Sync 1 DAGs
[2023-06-28T14:28:24.513+0000] {logging_mixin.py:149} INFO - [2023-06-28T14:28:24.513+0000] {dag.py:3490} INFO - Setting next_dagrun for example_sla_dag to 2023-06-28T14:26:00+00:00, run_after=2023-06-28T14:28:00+00:00
[2023-06-28T14:28:24.553+0000] {processor.py:179} INFO - Processing /home/airflow/.local/lib/python3.7/site-packages/airflow/example_dags/example_sla_dag.py took 0.149 seconds
[2023-06-28T14:28:54.682+0000] {processor.py:157} INFO - Started process (PID=1489) to work on /home/airflow/.local/lib/python3.7/site-packages/airflow/example_dags/example_sla_dag.py
[2023-06-28T14:28:54.684+0000] {processor.py:826} INFO - Processing file /home/airflow/.local/lib/python3.7/site-packages/airflow/example_dags/example_sla_dag.py for tasks to queue
[2023-06-28T14:28:54.685+0000] {logging_mixin.py:149} INFO - [2023-06-28T14:28:54.685+0000] {dagbag.py:541} INFO - Filling up the DagBag from /home/airflow/.local/lib/python3.7/site-packages/airflow/example_dags/example_sla_dag.py
[2023-06-28T14:28:54.696+0000] {processor.py:836} INFO - DAG(s) dict_keys(['example_sla_dag']) retrieved from /home/airflow/.local/lib/python3.7/site-packages/airflow/example_dags/example_sla_dag.py
[2023-06-28T14:28:54.726+0000] {logging_mixin.py:149} INFO - [2023-06-28T14:28:54.725+0000] {dag.py:2726} INFO - Sync 1 DAGs
[2023-06-28T14:28:54.763+0000] {logging_mixin.py:149} INFO - [2023-06-28T14:28:54.763+0000] {dag.py:3490} INFO - Setting next_dagrun for example_sla_dag to 2023-06-28T14:26:00+00:00, run_after=2023-06-28T14:28:00+00:00
[2023-06-28T14:28:54.795+0000] {processor.py:179} INFO - Processing /home/airflow/.local/lib/python3.7/site-packages/airflow/example_dags/example_sla_dag.py took 0.116 seconds
[2023-06-28T14:29:25.145+0000] {processor.py:157} INFO - Started process (PID=1549) to work on /home/airflow/.local/lib/python3.7/site-packages/airflow/example_dags/example_sla_dag.py
[2023-06-28T14:29:25.146+0000] {processor.py:826} INFO - Processing file /home/airflow/.local/lib/python3.7/site-packages/airflow/example_dags/example_sla_dag.py for tasks to queue
[2023-06-28T14:29:25.148+0000] {logging_mixin.py:149} INFO - [2023-06-28T14:29:25.147+0000] {dagbag.py:541} INFO - Filling up the DagBag from /home/airflow/.local/lib/python3.7/site-packages/airflow/example_dags/example_sla_dag.py
[2023-06-28T14:29:25.157+0000] {processor.py:836} INFO - DAG(s) dict_keys(['example_sla_dag']) retrieved from /home/airflow/.local/lib/python3.7/site-packages/airflow/example_dags/example_sla_dag.py
[2023-06-28T14:29:25.207+0000] {logging_mixin.py:149} INFO - [2023-06-28T14:29:25.207+0000] {dag.py:2726} INFO - Sync 1 DAGs
[2023-06-28T14:29:25.274+0000] {logging_mixin.py:149} INFO - [2023-06-28T14:29:25.273+0000] {dag.py:3490} INFO - Setting next_dagrun for example_sla_dag to 2023-06-28T14:26:00+00:00, run_after=2023-06-28T14:28:00+00:00
[2023-06-28T14:29:25.332+0000] {processor.py:179} INFO - Processing /home/airflow/.local/lib/python3.7/site-packages/airflow/example_dags/example_sla_dag.py took 0.191 seconds
[2023-06-28T14:29:55.790+0000] {processor.py:157} INFO - Started process (PID=1608) to work on /home/airflow/.local/lib/python3.7/site-packages/airflow/example_dags/example_sla_dag.py
[2023-06-28T14:29:55.792+0000] {processor.py:826} INFO - Processing file /home/airflow/.local/lib/python3.7/site-packages/airflow/example_dags/example_sla_dag.py for tasks to queue
[2023-06-28T14:29:55.793+0000] {logging_mixin.py:149} INFO - [2023-06-28T14:29:55.792+0000] {dagbag.py:541} INFO - Filling up the DagBag from /home/airflow/.local/lib/python3.7/site-packages/airflow/example_dags/example_sla_dag.py
[2023-06-28T14:29:55.803+0000] {processor.py:836} INFO - DAG(s) dict_keys(['example_sla_dag']) retrieved from /home/airflow/.local/lib/python3.7/site-packages/airflow/example_dags/example_sla_dag.py
[2023-06-28T14:29:55.833+0000] {logging_mixin.py:149} INFO - [2023-06-28T14:29:55.833+0000] {dag.py:2726} INFO - Sync 1 DAGs
[2023-06-28T14:29:55.871+0000] {logging_mixin.py:149} INFO - [2023-06-28T14:29:55.871+0000] {dag.py:3490} INFO - Setting next_dagrun for example_sla_dag to 2023-06-28T14:26:00+00:00, run_after=2023-06-28T14:28:00+00:00
[2023-06-28T14:29:55.915+0000] {processor.py:179} INFO - Processing /home/airflow/.local/lib/python3.7/site-packages/airflow/example_dags/example_sla_dag.py took 0.128 seconds
[2023-06-28T14:30:26.302+0000] {processor.py:157} INFO - Started process (PID=1667) to work on /home/airflow/.local/lib/python3.7/site-packages/airflow/example_dags/example_sla_dag.py
[2023-06-28T14:30:26.304+0000] {processor.py:826} INFO - Processing file /home/airflow/.local/lib/python3.7/site-packages/airflow/example_dags/example_sla_dag.py for tasks to queue
[2023-06-28T14:30:26.305+0000] {logging_mixin.py:149} INFO - [2023-06-28T14:30:26.305+0000] {dagbag.py:541} INFO - Filling up the DagBag from /home/airflow/.local/lib/python3.7/site-packages/airflow/example_dags/example_sla_dag.py
[2023-06-28T14:30:26.315+0000] {processor.py:836} INFO - DAG(s) dict_keys(['example_sla_dag']) retrieved from /home/airflow/.local/lib/python3.7/site-packages/airflow/example_dags/example_sla_dag.py
[2023-06-28T14:30:26.347+0000] {logging_mixin.py:149} INFO - [2023-06-28T14:30:26.346+0000] {dag.py:2726} INFO - Sync 1 DAGs
[2023-06-28T14:30:26.384+0000] {logging_mixin.py:149} INFO - [2023-06-28T14:30:26.383+0000] {dag.py:3490} INFO - Setting next_dagrun for example_sla_dag to 2023-06-28T14:28:00+00:00, run_after=2023-06-28T14:30:00+00:00
[2023-06-28T14:30:26.433+0000] {processor.py:179} INFO - Processing /home/airflow/.local/lib/python3.7/site-packages/airflow/example_dags/example_sla_dag.py took 0.135 seconds
[2023-06-28T14:30:57.019+0000] {processor.py:157} INFO - Started process (PID=1726) to work on /home/airflow/.local/lib/python3.7/site-packages/airflow/example_dags/example_sla_dag.py
[2023-06-28T14:30:57.020+0000] {processor.py:826} INFO - Processing file /home/airflow/.local/lib/python3.7/site-packages/airflow/example_dags/example_sla_dag.py for tasks to queue
[2023-06-28T14:30:57.021+0000] {logging_mixin.py:149} INFO - [2023-06-28T14:30:57.021+0000] {dagbag.py:541} INFO - Filling up the DagBag from /home/airflow/.local/lib/python3.7/site-packages/airflow/example_dags/example_sla_dag.py
[2023-06-28T14:30:57.032+0000] {processor.py:836} INFO - DAG(s) dict_keys(['example_sla_dag']) retrieved from /home/airflow/.local/lib/python3.7/site-packages/airflow/example_dags/example_sla_dag.py
[2023-06-28T14:30:57.067+0000] {logging_mixin.py:149} INFO - [2023-06-28T14:30:57.067+0000] {dag.py:2726} INFO - Sync 1 DAGs
[2023-06-28T14:30:57.112+0000] {logging_mixin.py:149} INFO - [2023-06-28T14:30:57.112+0000] {dag.py:3490} INFO - Setting next_dagrun for example_sla_dag to 2023-06-28T14:28:00+00:00, run_after=2023-06-28T14:30:00+00:00
[2023-06-28T14:30:57.148+0000] {processor.py:179} INFO - Processing /home/airflow/.local/lib/python3.7/site-packages/airflow/example_dags/example_sla_dag.py took 0.133 seconds
[2023-06-28T14:31:27.246+0000] {processor.py:157} INFO - Started process (PID=1786) to work on /home/airflow/.local/lib/python3.7/site-packages/airflow/example_dags/example_sla_dag.py
[2023-06-28T14:31:27.247+0000] {processor.py:826} INFO - Processing file /home/airflow/.local/lib/python3.7/site-packages/airflow/example_dags/example_sla_dag.py for tasks to queue
[2023-06-28T14:31:27.248+0000] {logging_mixin.py:149} INFO - [2023-06-28T14:31:27.248+0000] {dagbag.py:541} INFO - Filling up the DagBag from /home/airflow/.local/lib/python3.7/site-packages/airflow/example_dags/example_sla_dag.py
[2023-06-28T14:31:27.258+0000] {processor.py:836} INFO - DAG(s) dict_keys(['example_sla_dag']) retrieved from /home/airflow/.local/lib/python3.7/site-packages/airflow/example_dags/example_sla_dag.py
[2023-06-28T14:31:27.287+0000] {logging_mixin.py:149} INFO - [2023-06-28T14:31:27.287+0000] {dag.py:2726} INFO - Sync 1 DAGs
[2023-06-28T14:31:27.325+0000] {logging_mixin.py:149} INFO - [2023-06-28T14:31:27.325+0000] {dag.py:3490} INFO - Setting next_dagrun for example_sla_dag to 2023-06-28T14:28:00+00:00, run_after=2023-06-28T14:30:00+00:00
[2023-06-28T14:31:27.360+0000] {processor.py:179} INFO - Processing /home/airflow/.local/lib/python3.7/site-packages/airflow/example_dags/example_sla_dag.py took 0.118 seconds
[2023-06-28T14:31:57.664+0000] {processor.py:157} INFO - Started process (PID=1845) to work on /home/airflow/.local/lib/python3.7/site-packages/airflow/example_dags/example_sla_dag.py
[2023-06-28T14:31:57.667+0000] {processor.py:826} INFO - Processing file /home/airflow/.local/lib/python3.7/site-packages/airflow/example_dags/example_sla_dag.py for tasks to queue
[2023-06-28T14:31:57.669+0000] {logging_mixin.py:149} INFO - [2023-06-28T14:31:57.669+0000] {dagbag.py:541} INFO - Filling up the DagBag from /home/airflow/.local/lib/python3.7/site-packages/airflow/example_dags/example_sla_dag.py
[2023-06-28T14:31:57.689+0000] {processor.py:836} INFO - DAG(s) dict_keys(['example_sla_dag']) retrieved from /home/airflow/.local/lib/python3.7/site-packages/airflow/example_dags/example_sla_dag.py
[2023-06-28T14:31:57.738+0000] {logging_mixin.py:149} INFO - [2023-06-28T14:31:57.738+0000] {dag.py:2726} INFO - Sync 1 DAGs
[2023-06-28T14:31:57.795+0000] {logging_mixin.py:149} INFO - [2023-06-28T14:31:57.795+0000] {dag.py:3490} INFO - Setting next_dagrun for example_sla_dag to 2023-06-28T14:28:00+00:00, run_after=2023-06-28T14:30:00+00:00
[2023-06-28T14:31:57.825+0000] {processor.py:179} INFO - Processing /home/airflow/.local/lib/python3.7/site-packages/airflow/example_dags/example_sla_dag.py took 0.178 seconds
[2023-06-28T14:32:28.000+0000] {processor.py:157} INFO - Started process (PID=1903) to work on /home/airflow/.local/lib/python3.7/site-packages/airflow/example_dags/example_sla_dag.py
[2023-06-28T14:32:28.002+0000] {processor.py:826} INFO - Processing file /home/airflow/.local/lib/python3.7/site-packages/airflow/example_dags/example_sla_dag.py for tasks to queue
[2023-06-28T14:32:28.003+0000] {logging_mixin.py:149} INFO - [2023-06-28T14:32:28.003+0000] {dagbag.py:541} INFO - Filling up the DagBag from /home/airflow/.local/lib/python3.7/site-packages/airflow/example_dags/example_sla_dag.py
[2023-06-28T14:32:28.018+0000] {processor.py:836} INFO - DAG(s) dict_keys(['example_sla_dag']) retrieved from /home/airflow/.local/lib/python3.7/site-packages/airflow/example_dags/example_sla_dag.py
[2023-06-28T14:32:28.067+0000] {logging_mixin.py:149} INFO - [2023-06-28T14:32:28.067+0000] {dag.py:2726} INFO - Sync 1 DAGs
[2023-06-28T14:32:28.138+0000] {logging_mixin.py:149} INFO - [2023-06-28T14:32:28.138+0000] {dag.py:3490} INFO - Setting next_dagrun for example_sla_dag to 2023-06-28T14:30:00+00:00, run_after=2023-06-28T14:32:00+00:00
[2023-06-28T14:32:28.177+0000] {processor.py:179} INFO - Processing /home/airflow/.local/lib/python3.7/site-packages/airflow/example_dags/example_sla_dag.py took 0.182 seconds
[2023-06-28T14:32:58.894+0000] {processor.py:157} INFO - Started process (PID=1961) to work on /home/airflow/.local/lib/python3.7/site-packages/airflow/example_dags/example_sla_dag.py
[2023-06-28T14:32:58.896+0000] {processor.py:826} INFO - Processing file /home/airflow/.local/lib/python3.7/site-packages/airflow/example_dags/example_sla_dag.py for tasks to queue
[2023-06-28T14:32:58.898+0000] {logging_mixin.py:149} INFO - [2023-06-28T14:32:58.897+0000] {dagbag.py:541} INFO - Filling up the DagBag from /home/airflow/.local/lib/python3.7/site-packages/airflow/example_dags/example_sla_dag.py
[2023-06-28T14:32:58.917+0000] {processor.py:836} INFO - DAG(s) dict_keys(['example_sla_dag']) retrieved from /home/airflow/.local/lib/python3.7/site-packages/airflow/example_dags/example_sla_dag.py
[2023-06-28T14:32:58.960+0000] {logging_mixin.py:149} INFO - [2023-06-28T14:32:58.960+0000] {dag.py:2726} INFO - Sync 1 DAGs
[2023-06-28T14:32:59.012+0000] {logging_mixin.py:149} INFO - [2023-06-28T14:32:59.012+0000] {dag.py:3490} INFO - Setting next_dagrun for example_sla_dag to 2023-06-28T14:30:00+00:00, run_after=2023-06-28T14:32:00+00:00
[2023-06-28T14:32:59.057+0000] {processor.py:179} INFO - Processing /home/airflow/.local/lib/python3.7/site-packages/airflow/example_dags/example_sla_dag.py took 0.170 seconds
[2023-06-28T14:33:29.319+0000] {processor.py:157} INFO - Started process (PID=2020) to work on /home/airflow/.local/lib/python3.7/site-packages/airflow/example_dags/example_sla_dag.py
[2023-06-28T14:33:29.320+0000] {processor.py:826} INFO - Processing file /home/airflow/.local/lib/python3.7/site-packages/airflow/example_dags/example_sla_dag.py for tasks to queue
[2023-06-28T14:33:29.321+0000] {logging_mixin.py:149} INFO - [2023-06-28T14:33:29.321+0000] {dagbag.py:541} INFO - Filling up the DagBag from /home/airflow/.local/lib/python3.7/site-packages/airflow/example_dags/example_sla_dag.py
[2023-06-28T14:33:29.334+0000] {processor.py:836} INFO - DAG(s) dict_keys(['example_sla_dag']) retrieved from /home/airflow/.local/lib/python3.7/site-packages/airflow/example_dags/example_sla_dag.py
[2023-06-28T14:33:29.370+0000] {logging_mixin.py:149} INFO - [2023-06-28T14:33:29.370+0000] {dag.py:2726} INFO - Sync 1 DAGs
[2023-06-28T14:33:29.407+0000] {logging_mixin.py:149} INFO - [2023-06-28T14:33:29.407+0000] {dag.py:3490} INFO - Setting next_dagrun for example_sla_dag to 2023-06-28T14:30:00+00:00, run_after=2023-06-28T14:32:00+00:00
[2023-06-28T14:33:29.437+0000] {processor.py:179} INFO - Processing /home/airflow/.local/lib/python3.7/site-packages/airflow/example_dags/example_sla_dag.py took 0.123 seconds
[2023-06-28T14:34:00.068+0000] {processor.py:157} INFO - Started process (PID=2074) to work on /home/airflow/.local/lib/python3.7/site-packages/airflow/example_dags/example_sla_dag.py
[2023-06-28T14:34:00.069+0000] {processor.py:826} INFO - Processing file /home/airflow/.local/lib/python3.7/site-packages/airflow/example_dags/example_sla_dag.py for tasks to queue
[2023-06-28T14:34:00.071+0000] {logging_mixin.py:149} INFO - [2023-06-28T14:34:00.070+0000] {dagbag.py:541} INFO - Filling up the DagBag from /home/airflow/.local/lib/python3.7/site-packages/airflow/example_dags/example_sla_dag.py
[2023-06-28T14:34:00.082+0000] {processor.py:836} INFO - DAG(s) dict_keys(['example_sla_dag']) retrieved from /home/airflow/.local/lib/python3.7/site-packages/airflow/example_dags/example_sla_dag.py
[2023-06-28T14:34:00.128+0000] {logging_mixin.py:149} INFO - [2023-06-28T14:34:00.128+0000] {dag.py:2726} INFO - Sync 1 DAGs
[2023-06-28T14:34:00.251+0000] {logging_mixin.py:149} INFO - [2023-06-28T14:34:00.251+0000] {dag.py:3490} INFO - Setting next_dagrun for example_sla_dag to 2023-06-28T14:32:00+00:00, run_after=2023-06-28T14:34:00+00:00
[2023-06-28T14:34:00.309+0000] {processor.py:179} INFO - Processing /home/airflow/.local/lib/python3.7/site-packages/airflow/example_dags/example_sla_dag.py took 0.247 seconds
[2023-06-28T14:34:30.810+0000] {processor.py:157} INFO - Started process (PID=2133) to work on /home/airflow/.local/lib/python3.7/site-packages/airflow/example_dags/example_sla_dag.py
[2023-06-28T14:34:30.811+0000] {processor.py:826} INFO - Processing file /home/airflow/.local/lib/python3.7/site-packages/airflow/example_dags/example_sla_dag.py for tasks to queue
[2023-06-28T14:34:30.813+0000] {logging_mixin.py:149} INFO - [2023-06-28T14:34:30.812+0000] {dagbag.py:541} INFO - Filling up the DagBag from /home/airflow/.local/lib/python3.7/site-packages/airflow/example_dags/example_sla_dag.py
[2023-06-28T14:34:30.825+0000] {processor.py:836} INFO - DAG(s) dict_keys(['example_sla_dag']) retrieved from /home/airflow/.local/lib/python3.7/site-packages/airflow/example_dags/example_sla_dag.py
[2023-06-28T14:34:30.859+0000] {logging_mixin.py:149} INFO - [2023-06-28T14:34:30.859+0000] {dag.py:2726} INFO - Sync 1 DAGs
[2023-06-28T14:34:30.906+0000] {logging_mixin.py:149} INFO - [2023-06-28T14:34:30.906+0000] {dag.py:3490} INFO - Setting next_dagrun for example_sla_dag to 2023-06-28T14:32:00+00:00, run_after=2023-06-28T14:34:00+00:00
[2023-06-28T14:34:30.943+0000] {processor.py:179} INFO - Processing /home/airflow/.local/lib/python3.7/site-packages/airflow/example_dags/example_sla_dag.py took 0.138 seconds
[2023-06-28T14:35:01.811+0000] {processor.py:157} INFO - Started process (PID=2193) to work on /home/airflow/.local/lib/python3.7/site-packages/airflow/example_dags/example_sla_dag.py
[2023-06-28T14:35:01.812+0000] {processor.py:826} INFO - Processing file /home/airflow/.local/lib/python3.7/site-packages/airflow/example_dags/example_sla_dag.py for tasks to queue
[2023-06-28T14:35:01.814+0000] {logging_mixin.py:149} INFO - [2023-06-28T14:35:01.814+0000] {dagbag.py:541} INFO - Filling up the DagBag from /home/airflow/.local/lib/python3.7/site-packages/airflow/example_dags/example_sla_dag.py
[2023-06-28T14:35:01.826+0000] {processor.py:836} INFO - DAG(s) dict_keys(['example_sla_dag']) retrieved from /home/airflow/.local/lib/python3.7/site-packages/airflow/example_dags/example_sla_dag.py
[2023-06-28T14:35:01.858+0000] {logging_mixin.py:149} INFO - [2023-06-28T14:35:01.858+0000] {dag.py:2726} INFO - Sync 1 DAGs
[2023-06-28T14:35:01.896+0000] {logging_mixin.py:149} INFO - [2023-06-28T14:35:01.896+0000] {dag.py:3490} INFO - Setting next_dagrun for example_sla_dag to 2023-06-28T14:32:00+00:00, run_after=2023-06-28T14:34:00+00:00
[2023-06-28T14:35:01.936+0000] {processor.py:179} INFO - Processing /home/airflow/.local/lib/python3.7/site-packages/airflow/example_dags/example_sla_dag.py took 0.128 seconds
[2023-06-28T14:35:32.043+0000] {processor.py:157} INFO - Started process (PID=2252) to work on /home/airflow/.local/lib/python3.7/site-packages/airflow/example_dags/example_sla_dag.py
[2023-06-28T14:35:32.044+0000] {processor.py:826} INFO - Processing file /home/airflow/.local/lib/python3.7/site-packages/airflow/example_dags/example_sla_dag.py for tasks to queue
[2023-06-28T14:35:32.046+0000] {logging_mixin.py:149} INFO - [2023-06-28T14:35:32.045+0000] {dagbag.py:541} INFO - Filling up the DagBag from /home/airflow/.local/lib/python3.7/site-packages/airflow/example_dags/example_sla_dag.py
[2023-06-28T14:35:32.056+0000] {processor.py:836} INFO - DAG(s) dict_keys(['example_sla_dag']) retrieved from /home/airflow/.local/lib/python3.7/site-packages/airflow/example_dags/example_sla_dag.py
[2023-06-28T14:35:32.085+0000] {logging_mixin.py:149} INFO - [2023-06-28T14:35:32.085+0000] {dag.py:2726} INFO - Sync 1 DAGs
[2023-06-28T14:35:32.127+0000] {logging_mixin.py:149} INFO - [2023-06-28T14:35:32.126+0000] {dag.py:3490} INFO - Setting next_dagrun for example_sla_dag to 2023-06-28T14:32:00+00:00, run_after=2023-06-28T14:34:00+00:00
[2023-06-28T14:35:32.176+0000] {processor.py:179} INFO - Processing /home/airflow/.local/lib/python3.7/site-packages/airflow/example_dags/example_sla_dag.py took 0.137 seconds
[2023-06-28T14:36:02.386+0000] {processor.py:157} INFO - Started process (PID=2312) to work on /home/airflow/.local/lib/python3.7/site-packages/airflow/example_dags/example_sla_dag.py
[2023-06-28T14:36:02.387+0000] {processor.py:826} INFO - Processing file /home/airflow/.local/lib/python3.7/site-packages/airflow/example_dags/example_sla_dag.py for tasks to queue
[2023-06-28T14:36:02.388+0000] {logging_mixin.py:149} INFO - [2023-06-28T14:36:02.388+0000] {dagbag.py:541} INFO - Filling up the DagBag from /home/airflow/.local/lib/python3.7/site-packages/airflow/example_dags/example_sla_dag.py
[2023-06-28T14:36:02.399+0000] {processor.py:836} INFO - DAG(s) dict_keys(['example_sla_dag']) retrieved from /home/airflow/.local/lib/python3.7/site-packages/airflow/example_dags/example_sla_dag.py
[2023-06-28T14:36:02.434+0000] {logging_mixin.py:149} INFO - [2023-06-28T14:36:02.433+0000] {dag.py:2726} INFO - Sync 1 DAGs
[2023-06-28T14:36:02.474+0000] {logging_mixin.py:149} INFO - [2023-06-28T14:36:02.473+0000] {dag.py:3490} INFO - Setting next_dagrun for example_sla_dag to 2023-06-28T14:34:00+00:00, run_after=2023-06-28T14:36:00+00:00
[2023-06-28T14:36:02.508+0000] {processor.py:179} INFO - Processing /home/airflow/.local/lib/python3.7/site-packages/airflow/example_dags/example_sla_dag.py took 0.126 seconds
[2023-06-28T14:36:32.758+0000] {processor.py:157} INFO - Started process (PID=2371) to work on /home/airflow/.local/lib/python3.7/site-packages/airflow/example_dags/example_sla_dag.py
[2023-06-28T14:36:32.759+0000] {processor.py:826} INFO - Processing file /home/airflow/.local/lib/python3.7/site-packages/airflow/example_dags/example_sla_dag.py for tasks to queue
[2023-06-28T14:36:32.760+0000] {logging_mixin.py:149} INFO - [2023-06-28T14:36:32.760+0000] {dagbag.py:541} INFO - Filling up the DagBag from /home/airflow/.local/lib/python3.7/site-packages/airflow/example_dags/example_sla_dag.py
[2023-06-28T14:36:32.771+0000] {processor.py:836} INFO - DAG(s) dict_keys(['example_sla_dag']) retrieved from /home/airflow/.local/lib/python3.7/site-packages/airflow/example_dags/example_sla_dag.py
[2023-06-28T14:36:32.801+0000] {logging_mixin.py:149} INFO - [2023-06-28T14:36:32.801+0000] {dag.py:2726} INFO - Sync 1 DAGs
[2023-06-28T14:36:32.839+0000] {logging_mixin.py:149} INFO - [2023-06-28T14:36:32.838+0000] {dag.py:3490} INFO - Setting next_dagrun for example_sla_dag to 2023-06-28T14:34:00+00:00, run_after=2023-06-28T14:36:00+00:00
[2023-06-28T14:36:32.869+0000] {processor.py:179} INFO - Processing /home/airflow/.local/lib/python3.7/site-packages/airflow/example_dags/example_sla_dag.py took 0.115 seconds
[2023-06-28T14:37:03.186+0000] {processor.py:157} INFO - Started process (PID=2430) to work on /home/airflow/.local/lib/python3.7/site-packages/airflow/example_dags/example_sla_dag.py
[2023-06-28T14:37:03.187+0000] {processor.py:826} INFO - Processing file /home/airflow/.local/lib/python3.7/site-packages/airflow/example_dags/example_sla_dag.py for tasks to queue
[2023-06-28T14:37:03.188+0000] {logging_mixin.py:149} INFO - [2023-06-28T14:37:03.188+0000] {dagbag.py:541} INFO - Filling up the DagBag from /home/airflow/.local/lib/python3.7/site-packages/airflow/example_dags/example_sla_dag.py
[2023-06-28T14:37:03.198+0000] {processor.py:836} INFO - DAG(s) dict_keys(['example_sla_dag']) retrieved from /home/airflow/.local/lib/python3.7/site-packages/airflow/example_dags/example_sla_dag.py
[2023-06-28T14:37:03.229+0000] {logging_mixin.py:149} INFO - [2023-06-28T14:37:03.229+0000] {dag.py:2726} INFO - Sync 1 DAGs
[2023-06-28T14:37:03.267+0000] {logging_mixin.py:149} INFO - [2023-06-28T14:37:03.267+0000] {dag.py:3490} INFO - Setting next_dagrun for example_sla_dag to 2023-06-28T14:34:00+00:00, run_after=2023-06-28T14:36:00+00:00
[2023-06-28T14:37:03.300+0000] {processor.py:179} INFO - Processing /home/airflow/.local/lib/python3.7/site-packages/airflow/example_dags/example_sla_dag.py took 0.118 seconds
[2023-06-28T14:37:33.476+0000] {processor.py:157} INFO - Started process (PID=2489) to work on /home/airflow/.local/lib/python3.7/site-packages/airflow/example_dags/example_sla_dag.py
[2023-06-28T14:37:33.478+0000] {processor.py:826} INFO - Processing file /home/airflow/.local/lib/python3.7/site-packages/airflow/example_dags/example_sla_dag.py for tasks to queue
[2023-06-28T14:37:33.479+0000] {logging_mixin.py:149} INFO - [2023-06-28T14:37:33.479+0000] {dagbag.py:541} INFO - Filling up the DagBag from /home/airflow/.local/lib/python3.7/site-packages/airflow/example_dags/example_sla_dag.py
[2023-06-28T14:37:33.489+0000] {processor.py:836} INFO - DAG(s) dict_keys(['example_sla_dag']) retrieved from /home/airflow/.local/lib/python3.7/site-packages/airflow/example_dags/example_sla_dag.py
[2023-06-28T14:37:33.523+0000] {logging_mixin.py:149} INFO - [2023-06-28T14:37:33.522+0000] {dag.py:2726} INFO - Sync 1 DAGs
[2023-06-28T14:37:33.565+0000] {logging_mixin.py:149} INFO - [2023-06-28T14:37:33.565+0000] {dag.py:3490} INFO - Setting next_dagrun for example_sla_dag to 2023-06-28T14:34:00+00:00, run_after=2023-06-28T14:36:00+00:00
[2023-06-28T14:37:33.610+0000] {processor.py:179} INFO - Processing /home/airflow/.local/lib/python3.7/site-packages/airflow/example_dags/example_sla_dag.py took 0.138 seconds
[2023-06-28T14:38:03.846+0000] {processor.py:157} INFO - Started process (PID=2549) to work on /home/airflow/.local/lib/python3.7/site-packages/airflow/example_dags/example_sla_dag.py
[2023-06-28T14:38:03.847+0000] {processor.py:826} INFO - Processing file /home/airflow/.local/lib/python3.7/site-packages/airflow/example_dags/example_sla_dag.py for tasks to queue
[2023-06-28T14:38:03.849+0000] {logging_mixin.py:149} INFO - [2023-06-28T14:38:03.848+0000] {dagbag.py:541} INFO - Filling up the DagBag from /home/airflow/.local/lib/python3.7/site-packages/airflow/example_dags/example_sla_dag.py
[2023-06-28T14:38:03.862+0000] {processor.py:836} INFO - DAG(s) dict_keys(['example_sla_dag']) retrieved from /home/airflow/.local/lib/python3.7/site-packages/airflow/example_dags/example_sla_dag.py
[2023-06-28T14:38:03.902+0000] {logging_mixin.py:149} INFO - [2023-06-28T14:38:03.902+0000] {dag.py:2726} INFO - Sync 1 DAGs
[2023-06-28T14:38:03.952+0000] {logging_mixin.py:149} INFO - [2023-06-28T14:38:03.952+0000] {dag.py:3490} INFO - Setting next_dagrun for example_sla_dag to 2023-06-28T14:36:00+00:00, run_after=2023-06-28T14:38:00+00:00
[2023-06-28T14:38:03.990+0000] {processor.py:179} INFO - Processing /home/airflow/.local/lib/python3.7/site-packages/airflow/example_dags/example_sla_dag.py took 0.150 seconds
[2023-06-28T14:38:34.338+0000] {processor.py:157} INFO - Started process (PID=2608) to work on /home/airflow/.local/lib/python3.7/site-packages/airflow/example_dags/example_sla_dag.py
[2023-06-28T14:38:34.339+0000] {processor.py:826} INFO - Processing file /home/airflow/.local/lib/python3.7/site-packages/airflow/example_dags/example_sla_dag.py for tasks to queue
[2023-06-28T14:38:34.340+0000] {logging_mixin.py:149} INFO - [2023-06-28T14:38:34.340+0000] {dagbag.py:541} INFO - Filling up the DagBag from /home/airflow/.local/lib/python3.7/site-packages/airflow/example_dags/example_sla_dag.py
[2023-06-28T14:38:34.350+0000] {processor.py:836} INFO - DAG(s) dict_keys(['example_sla_dag']) retrieved from /home/airflow/.local/lib/python3.7/site-packages/airflow/example_dags/example_sla_dag.py
[2023-06-28T14:38:34.379+0000] {logging_mixin.py:149} INFO - [2023-06-28T14:38:34.379+0000] {dag.py:2726} INFO - Sync 1 DAGs
[2023-06-28T14:38:34.417+0000] {logging_mixin.py:149} INFO - [2023-06-28T14:38:34.417+0000] {dag.py:3490} INFO - Setting next_dagrun for example_sla_dag to 2023-06-28T14:36:00+00:00, run_after=2023-06-28T14:38:00+00:00
[2023-06-28T14:38:34.457+0000] {processor.py:179} INFO - Processing /home/airflow/.local/lib/python3.7/site-packages/airflow/example_dags/example_sla_dag.py took 0.124 seconds
[2023-06-28T14:39:04.697+0000] {processor.py:157} INFO - Started process (PID=2667) to work on /home/airflow/.local/lib/python3.7/site-packages/airflow/example_dags/example_sla_dag.py
[2023-06-28T14:39:04.699+0000] {processor.py:826} INFO - Processing file /home/airflow/.local/lib/python3.7/site-packages/airflow/example_dags/example_sla_dag.py for tasks to queue
[2023-06-28T14:39:04.700+0000] {logging_mixin.py:149} INFO - [2023-06-28T14:39:04.700+0000] {dagbag.py:541} INFO - Filling up the DagBag from /home/airflow/.local/lib/python3.7/site-packages/airflow/example_dags/example_sla_dag.py
[2023-06-28T14:39:04.713+0000] {processor.py:836} INFO - DAG(s) dict_keys(['example_sla_dag']) retrieved from /home/airflow/.local/lib/python3.7/site-packages/airflow/example_dags/example_sla_dag.py
[2023-06-28T14:39:04.757+0000] {logging_mixin.py:149} INFO - [2023-06-28T14:39:04.757+0000] {dag.py:2726} INFO - Sync 1 DAGs
[2023-06-28T14:39:04.808+0000] {logging_mixin.py:149} INFO - [2023-06-28T14:39:04.808+0000] {dag.py:3490} INFO - Setting next_dagrun for example_sla_dag to 2023-06-28T14:36:00+00:00, run_after=2023-06-28T14:38:00+00:00
[2023-06-28T14:39:04.843+0000] {processor.py:179} INFO - Processing /home/airflow/.local/lib/python3.7/site-packages/airflow/example_dags/example_sla_dag.py took 0.151 seconds
[2023-06-28T14:39:35.233+0000] {processor.py:157} INFO - Started process (PID=2726) to work on /home/airflow/.local/lib/python3.7/site-packages/airflow/example_dags/example_sla_dag.py
[2023-06-28T14:39:35.234+0000] {processor.py:826} INFO - Processing file /home/airflow/.local/lib/python3.7/site-packages/airflow/example_dags/example_sla_dag.py for tasks to queue
[2023-06-28T14:39:35.237+0000] {logging_mixin.py:149} INFO - [2023-06-28T14:39:35.237+0000] {dagbag.py:541} INFO - Filling up the DagBag from /home/airflow/.local/lib/python3.7/site-packages/airflow/example_dags/example_sla_dag.py
[2023-06-28T14:39:35.255+0000] {processor.py:836} INFO - DAG(s) dict_keys(['example_sla_dag']) retrieved from /home/airflow/.local/lib/python3.7/site-packages/airflow/example_dags/example_sla_dag.py
[2023-06-28T14:39:35.314+0000] {logging_mixin.py:149} INFO - [2023-06-28T14:39:35.314+0000] {dag.py:2726} INFO - Sync 1 DAGs
[2023-06-28T14:39:35.418+0000] {logging_mixin.py:149} INFO - [2023-06-28T14:39:35.418+0000] {dag.py:3490} INFO - Setting next_dagrun for example_sla_dag to 2023-06-28T14:36:00+00:00, run_after=2023-06-28T14:38:00+00:00
[2023-06-28T14:39:35.474+0000] {processor.py:179} INFO - Processing /home/airflow/.local/lib/python3.7/site-packages/airflow/example_dags/example_sla_dag.py took 0.250 seconds
[2023-06-28T14:40:05.794+0000] {processor.py:157} INFO - Started process (PID=2786) to work on /home/airflow/.local/lib/python3.7/site-packages/airflow/example_dags/example_sla_dag.py
[2023-06-28T14:40:05.796+0000] {processor.py:826} INFO - Processing file /home/airflow/.local/lib/python3.7/site-packages/airflow/example_dags/example_sla_dag.py for tasks to queue
[2023-06-28T14:40:05.797+0000] {logging_mixin.py:149} INFO - [2023-06-28T14:40:05.797+0000] {dagbag.py:541} INFO - Filling up the DagBag from /home/airflow/.local/lib/python3.7/site-packages/airflow/example_dags/example_sla_dag.py
[2023-06-28T14:40:05.811+0000] {processor.py:836} INFO - DAG(s) dict_keys(['example_sla_dag']) retrieved from /home/airflow/.local/lib/python3.7/site-packages/airflow/example_dags/example_sla_dag.py
[2023-06-28T14:40:05.847+0000] {logging_mixin.py:149} INFO - [2023-06-28T14:40:05.847+0000] {dag.py:2726} INFO - Sync 1 DAGs
[2023-06-28T14:40:05.924+0000] {logging_mixin.py:149} INFO - [2023-06-28T14:40:05.924+0000] {dag.py:3490} INFO - Setting next_dagrun for example_sla_dag to 2023-06-28T14:38:00+00:00, run_after=2023-06-28T14:40:00+00:00
[2023-06-28T14:40:05.983+0000] {processor.py:179} INFO - Processing /home/airflow/.local/lib/python3.7/site-packages/airflow/example_dags/example_sla_dag.py took 0.194 seconds
[2023-06-28T14:40:36.177+0000] {processor.py:157} INFO - Started process (PID=2846) to work on /home/airflow/.local/lib/python3.7/site-packages/airflow/example_dags/example_sla_dag.py
[2023-06-28T14:40:36.179+0000] {processor.py:826} INFO - Processing file /home/airflow/.local/lib/python3.7/site-packages/airflow/example_dags/example_sla_dag.py for tasks to queue
[2023-06-28T14:40:36.181+0000] {logging_mixin.py:149} INFO - [2023-06-28T14:40:36.180+0000] {dagbag.py:541} INFO - Filling up the DagBag from /home/airflow/.local/lib/python3.7/site-packages/airflow/example_dags/example_sla_dag.py
[2023-06-28T14:40:36.194+0000] {processor.py:836} INFO - DAG(s) dict_keys(['example_sla_dag']) retrieved from /home/airflow/.local/lib/python3.7/site-packages/airflow/example_dags/example_sla_dag.py
[2023-06-28T14:40:36.242+0000] {logging_mixin.py:149} INFO - [2023-06-28T14:40:36.241+0000] {dag.py:2726} INFO - Sync 1 DAGs
[2023-06-28T14:40:36.294+0000] {logging_mixin.py:149} INFO - [2023-06-28T14:40:36.294+0000] {dag.py:3490} INFO - Setting next_dagrun for example_sla_dag to 2023-06-28T14:38:00+00:00, run_after=2023-06-28T14:40:00+00:00
[2023-06-28T14:40:36.331+0000] {processor.py:179} INFO - Processing /home/airflow/.local/lib/python3.7/site-packages/airflow/example_dags/example_sla_dag.py took 0.160 seconds
[2023-06-28T14:41:06.471+0000] {processor.py:157} INFO - Started process (PID=2905) to work on /home/airflow/.local/lib/python3.7/site-packages/airflow/example_dags/example_sla_dag.py
[2023-06-28T14:41:06.472+0000] {processor.py:826} INFO - Processing file /home/airflow/.local/lib/python3.7/site-packages/airflow/example_dags/example_sla_dag.py for tasks to queue
[2023-06-28T14:41:06.474+0000] {logging_mixin.py:149} INFO - [2023-06-28T14:41:06.473+0000] {dagbag.py:541} INFO - Filling up the DagBag from /home/airflow/.local/lib/python3.7/site-packages/airflow/example_dags/example_sla_dag.py
[2023-06-28T14:41:06.488+0000] {processor.py:836} INFO - DAG(s) dict_keys(['example_sla_dag']) retrieved from /home/airflow/.local/lib/python3.7/site-packages/airflow/example_dags/example_sla_dag.py
[2023-06-28T14:41:06.525+0000] {logging_mixin.py:149} INFO - [2023-06-28T14:41:06.524+0000] {dag.py:2726} INFO - Sync 1 DAGs
[2023-06-28T14:41:06.592+0000] {logging_mixin.py:149} INFO - [2023-06-28T14:41:06.592+0000] {dag.py:3490} INFO - Setting next_dagrun for example_sla_dag to 2023-06-28T14:38:00+00:00, run_after=2023-06-28T14:40:00+00:00
[2023-06-28T14:41:06.740+0000] {processor.py:179} INFO - Processing /home/airflow/.local/lib/python3.7/site-packages/airflow/example_dags/example_sla_dag.py took 0.274 seconds
[2023-06-28T14:41:37.208+0000] {processor.py:157} INFO - Started process (PID=2965) to work on /home/airflow/.local/lib/python3.7/site-packages/airflow/example_dags/example_sla_dag.py
[2023-06-28T14:41:37.210+0000] {processor.py:826} INFO - Processing file /home/airflow/.local/lib/python3.7/site-packages/airflow/example_dags/example_sla_dag.py for tasks to queue
[2023-06-28T14:41:37.211+0000] {logging_mixin.py:149} INFO - [2023-06-28T14:41:37.211+0000] {dagbag.py:541} INFO - Filling up the DagBag from /home/airflow/.local/lib/python3.7/site-packages/airflow/example_dags/example_sla_dag.py
[2023-06-28T14:41:37.221+0000] {processor.py:836} INFO - DAG(s) dict_keys(['example_sla_dag']) retrieved from /home/airflow/.local/lib/python3.7/site-packages/airflow/example_dags/example_sla_dag.py
[2023-06-28T14:41:37.255+0000] {logging_mixin.py:149} INFO - [2023-06-28T14:41:37.255+0000] {dag.py:2726} INFO - Sync 1 DAGs
[2023-06-28T14:41:37.299+0000] {logging_mixin.py:149} INFO - [2023-06-28T14:41:37.299+0000] {dag.py:3490} INFO - Setting next_dagrun for example_sla_dag to 2023-06-28T14:38:00+00:00, run_after=2023-06-28T14:40:00+00:00
[2023-06-28T14:41:37.336+0000] {processor.py:179} INFO - Processing /home/airflow/.local/lib/python3.7/site-packages/airflow/example_dags/example_sla_dag.py took 0.133 seconds
[2023-06-28T14:42:07.478+0000] {processor.py:157} INFO - Started process (PID=3023) to work on /home/airflow/.local/lib/python3.7/site-packages/airflow/example_dags/example_sla_dag.py
[2023-06-28T14:42:07.479+0000] {processor.py:826} INFO - Processing file /home/airflow/.local/lib/python3.7/site-packages/airflow/example_dags/example_sla_dag.py for tasks to queue
[2023-06-28T14:42:07.480+0000] {logging_mixin.py:149} INFO - [2023-06-28T14:42:07.480+0000] {dagbag.py:541} INFO - Filling up the DagBag from /home/airflow/.local/lib/python3.7/site-packages/airflow/example_dags/example_sla_dag.py
[2023-06-28T14:42:07.492+0000] {processor.py:836} INFO - DAG(s) dict_keys(['example_sla_dag']) retrieved from /home/airflow/.local/lib/python3.7/site-packages/airflow/example_dags/example_sla_dag.py
[2023-06-28T14:42:07.530+0000] {logging_mixin.py:149} INFO - [2023-06-28T14:42:07.530+0000] {dag.py:2726} INFO - Sync 1 DAGs
[2023-06-28T14:42:07.584+0000] {logging_mixin.py:149} INFO - [2023-06-28T14:42:07.584+0000] {dag.py:3490} INFO - Setting next_dagrun for example_sla_dag to 2023-06-28T14:40:00+00:00, run_after=2023-06-28T14:42:00+00:00
[2023-06-28T14:42:07.611+0000] {processor.py:179} INFO - Processing /home/airflow/.local/lib/python3.7/site-packages/airflow/example_dags/example_sla_dag.py took 0.138 seconds
[2023-06-28T14:42:38.280+0000] {processor.py:157} INFO - Started process (PID=3082) to work on /home/airflow/.local/lib/python3.7/site-packages/airflow/example_dags/example_sla_dag.py
[2023-06-28T14:42:38.282+0000] {processor.py:826} INFO - Processing file /home/airflow/.local/lib/python3.7/site-packages/airflow/example_dags/example_sla_dag.py for tasks to queue
[2023-06-28T14:42:38.283+0000] {logging_mixin.py:149} INFO - [2023-06-28T14:42:38.283+0000] {dagbag.py:541} INFO - Filling up the DagBag from /home/airflow/.local/lib/python3.7/site-packages/airflow/example_dags/example_sla_dag.py
[2023-06-28T14:42:38.293+0000] {processor.py:836} INFO - DAG(s) dict_keys(['example_sla_dag']) retrieved from /home/airflow/.local/lib/python3.7/site-packages/airflow/example_dags/example_sla_dag.py
[2023-06-28T14:42:38.324+0000] {logging_mixin.py:149} INFO - [2023-06-28T14:42:38.323+0000] {dag.py:2726} INFO - Sync 1 DAGs
[2023-06-28T14:42:38.362+0000] {logging_mixin.py:149} INFO - [2023-06-28T14:42:38.362+0000] {dag.py:3490} INFO - Setting next_dagrun for example_sla_dag to 2023-06-28T14:40:00+00:00, run_after=2023-06-28T14:42:00+00:00
[2023-06-28T14:42:38.392+0000] {processor.py:179} INFO - Processing /home/airflow/.local/lib/python3.7/site-packages/airflow/example_dags/example_sla_dag.py took 0.116 seconds
[2023-06-28T14:43:08.541+0000] {processor.py:157} INFO - Started process (PID=3142) to work on /home/airflow/.local/lib/python3.7/site-packages/airflow/example_dags/example_sla_dag.py
[2023-06-28T14:43:08.542+0000] {processor.py:826} INFO - Processing file /home/airflow/.local/lib/python3.7/site-packages/airflow/example_dags/example_sla_dag.py for tasks to queue
[2023-06-28T14:43:08.543+0000] {logging_mixin.py:149} INFO - [2023-06-28T14:43:08.543+0000] {dagbag.py:541} INFO - Filling up the DagBag from /home/airflow/.local/lib/python3.7/site-packages/airflow/example_dags/example_sla_dag.py
[2023-06-28T14:43:08.553+0000] {processor.py:836} INFO - DAG(s) dict_keys(['example_sla_dag']) retrieved from /home/airflow/.local/lib/python3.7/site-packages/airflow/example_dags/example_sla_dag.py
[2023-06-28T14:43:08.588+0000] {logging_mixin.py:149} INFO - [2023-06-28T14:43:08.588+0000] {dag.py:2726} INFO - Sync 1 DAGs
[2023-06-28T14:43:08.627+0000] {logging_mixin.py:149} INFO - [2023-06-28T14:43:08.627+0000] {dag.py:3490} INFO - Setting next_dagrun for example_sla_dag to 2023-06-28T14:40:00+00:00, run_after=2023-06-28T14:42:00+00:00
[2023-06-28T14:43:08.662+0000] {processor.py:179} INFO - Processing /home/airflow/.local/lib/python3.7/site-packages/airflow/example_dags/example_sla_dag.py took 0.125 seconds
[2023-06-28T14:43:40.312+0000] {processor.py:157} INFO - Started process (PID=3201) to work on /home/airflow/.local/lib/python3.7/site-packages/airflow/example_dags/example_sla_dag.py
[2023-06-28T14:43:40.328+0000] {processor.py:826} INFO - Processing file /home/airflow/.local/lib/python3.7/site-packages/airflow/example_dags/example_sla_dag.py for tasks to queue
[2023-06-28T14:43:40.343+0000] {logging_mixin.py:149} INFO - [2023-06-28T14:43:40.343+0000] {dagbag.py:541} INFO - Filling up the DagBag from /home/airflow/.local/lib/python3.7/site-packages/airflow/example_dags/example_sla_dag.py
[2023-06-28T14:43:40.398+0000] {processor.py:836} INFO - DAG(s) dict_keys(['example_sla_dag']) retrieved from /home/airflow/.local/lib/python3.7/site-packages/airflow/example_dags/example_sla_dag.py
[2023-06-28T14:43:40.535+0000] {logging_mixin.py:149} INFO - [2023-06-28T14:43:40.535+0000] {dag.py:2726} INFO - Sync 1 DAGs
[2023-06-28T14:43:40.755+0000] {logging_mixin.py:149} INFO - [2023-06-28T14:43:40.755+0000] {dag.py:3490} INFO - Setting next_dagrun for example_sla_dag to 2023-06-28T14:40:00+00:00, run_after=2023-06-28T14:42:00+00:00
[2023-06-28T14:43:40.904+0000] {processor.py:179} INFO - Processing /home/airflow/.local/lib/python3.7/site-packages/airflow/example_dags/example_sla_dag.py took 0.612 seconds
[2023-06-28T14:44:11.992+0000] {processor.py:157} INFO - Started process (PID=3260) to work on /home/airflow/.local/lib/python3.7/site-packages/airflow/example_dags/example_sla_dag.py
[2023-06-28T14:44:11.997+0000] {processor.py:826} INFO - Processing file /home/airflow/.local/lib/python3.7/site-packages/airflow/example_dags/example_sla_dag.py for tasks to queue
[2023-06-28T14:44:12.003+0000] {logging_mixin.py:149} INFO - [2023-06-28T14:44:12.003+0000] {dagbag.py:541} INFO - Filling up the DagBag from /home/airflow/.local/lib/python3.7/site-packages/airflow/example_dags/example_sla_dag.py
[2023-06-28T14:44:12.051+0000] {processor.py:836} INFO - DAG(s) dict_keys(['example_sla_dag']) retrieved from /home/airflow/.local/lib/python3.7/site-packages/airflow/example_dags/example_sla_dag.py
[2023-06-28T14:44:12.198+0000] {logging_mixin.py:149} INFO - [2023-06-28T14:44:12.197+0000] {dag.py:2726} INFO - Sync 1 DAGs
[2023-06-28T14:44:12.390+0000] {logging_mixin.py:149} INFO - [2023-06-28T14:44:12.390+0000] {dag.py:3490} INFO - Setting next_dagrun for example_sla_dag to 2023-06-28T14:42:00+00:00, run_after=2023-06-28T14:44:00+00:00
[2023-06-28T14:44:12.535+0000] {processor.py:179} INFO - Processing /home/airflow/.local/lib/python3.7/site-packages/airflow/example_dags/example_sla_dag.py took 0.560 seconds
[2023-06-28T14:44:43.393+0000] {processor.py:157} INFO - Started process (PID=3319) to work on /home/airflow/.local/lib/python3.7/site-packages/airflow/example_dags/example_sla_dag.py
[2023-06-28T14:44:43.395+0000] {processor.py:826} INFO - Processing file /home/airflow/.local/lib/python3.7/site-packages/airflow/example_dags/example_sla_dag.py for tasks to queue
[2023-06-28T14:44:43.397+0000] {logging_mixin.py:149} INFO - [2023-06-28T14:44:43.397+0000] {dagbag.py:541} INFO - Filling up the DagBag from /home/airflow/.local/lib/python3.7/site-packages/airflow/example_dags/example_sla_dag.py
[2023-06-28T14:44:43.417+0000] {processor.py:836} INFO - DAG(s) dict_keys(['example_sla_dag']) retrieved from /home/airflow/.local/lib/python3.7/site-packages/airflow/example_dags/example_sla_dag.py
[2023-06-28T14:44:43.522+0000] {logging_mixin.py:149} INFO - [2023-06-28T14:44:43.522+0000] {dag.py:2726} INFO - Sync 1 DAGs
[2023-06-28T14:44:43.695+0000] {logging_mixin.py:149} INFO - [2023-06-28T14:44:43.695+0000] {dag.py:3490} INFO - Setting next_dagrun for example_sla_dag to 2023-06-28T14:42:00+00:00, run_after=2023-06-28T14:44:00+00:00
[2023-06-28T14:44:43.860+0000] {processor.py:179} INFO - Processing /home/airflow/.local/lib/python3.7/site-packages/airflow/example_dags/example_sla_dag.py took 0.473 seconds
[2023-06-28T14:45:14.163+0000] {processor.py:157} INFO - Started process (PID=3378) to work on /home/airflow/.local/lib/python3.7/site-packages/airflow/example_dags/example_sla_dag.py
[2023-06-28T14:45:14.165+0000] {processor.py:826} INFO - Processing file /home/airflow/.local/lib/python3.7/site-packages/airflow/example_dags/example_sla_dag.py for tasks to queue
[2023-06-28T14:45:14.167+0000] {logging_mixin.py:149} INFO - [2023-06-28T14:45:14.167+0000] {dagbag.py:541} INFO - Filling up the DagBag from /home/airflow/.local/lib/python3.7/site-packages/airflow/example_dags/example_sla_dag.py
[2023-06-28T14:45:14.186+0000] {processor.py:836} INFO - DAG(s) dict_keys(['example_sla_dag']) retrieved from /home/airflow/.local/lib/python3.7/site-packages/airflow/example_dags/example_sla_dag.py
[2023-06-28T14:45:14.230+0000] {logging_mixin.py:149} INFO - [2023-06-28T14:45:14.230+0000] {dag.py:2726} INFO - Sync 1 DAGs
[2023-06-28T14:45:14.274+0000] {logging_mixin.py:149} INFO - [2023-06-28T14:45:14.273+0000] {dag.py:3490} INFO - Setting next_dagrun for example_sla_dag to 2023-06-28T14:42:00+00:00, run_after=2023-06-28T14:44:00+00:00
[2023-06-28T14:45:14.306+0000] {processor.py:179} INFO - Processing /home/airflow/.local/lib/python3.7/site-packages/airflow/example_dags/example_sla_dag.py took 0.153 seconds
[2023-06-28T14:45:45.046+0000] {processor.py:157} INFO - Started process (PID=3439) to work on /home/airflow/.local/lib/python3.7/site-packages/airflow/example_dags/example_sla_dag.py
[2023-06-28T14:45:45.047+0000] {processor.py:826} INFO - Processing file /home/airflow/.local/lib/python3.7/site-packages/airflow/example_dags/example_sla_dag.py for tasks to queue
[2023-06-28T14:45:45.049+0000] {logging_mixin.py:149} INFO - [2023-06-28T14:45:45.048+0000] {dagbag.py:541} INFO - Filling up the DagBag from /home/airflow/.local/lib/python3.7/site-packages/airflow/example_dags/example_sla_dag.py
[2023-06-28T14:45:45.059+0000] {processor.py:836} INFO - DAG(s) dict_keys(['example_sla_dag']) retrieved from /home/airflow/.local/lib/python3.7/site-packages/airflow/example_dags/example_sla_dag.py
[2023-06-28T14:45:45.090+0000] {logging_mixin.py:149} INFO - [2023-06-28T14:45:45.090+0000] {dag.py:2726} INFO - Sync 1 DAGs
[2023-06-28T14:45:45.130+0000] {logging_mixin.py:149} INFO - [2023-06-28T14:45:45.130+0000] {dag.py:3490} INFO - Setting next_dagrun for example_sla_dag to 2023-06-28T14:42:00+00:00, run_after=2023-06-28T14:44:00+00:00
[2023-06-28T14:45:45.167+0000] {processor.py:179} INFO - Processing /home/airflow/.local/lib/python3.7/site-packages/airflow/example_dags/example_sla_dag.py took 0.125 seconds
[2023-06-28T14:46:15.803+0000] {processor.py:157} INFO - Started process (PID=3498) to work on /home/airflow/.local/lib/python3.7/site-packages/airflow/example_dags/example_sla_dag.py
[2023-06-28T14:46:15.805+0000] {processor.py:826} INFO - Processing file /home/airflow/.local/lib/python3.7/site-packages/airflow/example_dags/example_sla_dag.py for tasks to queue
[2023-06-28T14:46:15.806+0000] {logging_mixin.py:149} INFO - [2023-06-28T14:46:15.806+0000] {dagbag.py:541} INFO - Filling up the DagBag from /home/airflow/.local/lib/python3.7/site-packages/airflow/example_dags/example_sla_dag.py
[2023-06-28T14:46:15.833+0000] {processor.py:836} INFO - DAG(s) dict_keys(['example_sla_dag']) retrieved from /home/airflow/.local/lib/python3.7/site-packages/airflow/example_dags/example_sla_dag.py
[2023-06-28T14:46:15.926+0000] {logging_mixin.py:149} INFO - [2023-06-28T14:46:15.925+0000] {dag.py:2726} INFO - Sync 1 DAGs
[2023-06-28T14:46:16.066+0000] {logging_mixin.py:149} INFO - [2023-06-28T14:46:16.062+0000] {dag.py:3490} INFO - Setting next_dagrun for example_sla_dag to 2023-06-28T14:44:00+00:00, run_after=2023-06-28T14:46:00+00:00
[2023-06-28T14:46:16.127+0000] {processor.py:179} INFO - Processing /home/airflow/.local/lib/python3.7/site-packages/airflow/example_dags/example_sla_dag.py took 0.334 seconds
[2023-06-28T14:46:46.410+0000] {processor.py:157} INFO - Started process (PID=3557) to work on /home/airflow/.local/lib/python3.7/site-packages/airflow/example_dags/example_sla_dag.py
[2023-06-28T14:46:46.419+0000] {processor.py:826} INFO - Processing file /home/airflow/.local/lib/python3.7/site-packages/airflow/example_dags/example_sla_dag.py for tasks to queue
[2023-06-28T14:46:46.420+0000] {logging_mixin.py:149} INFO - [2023-06-28T14:46:46.420+0000] {dagbag.py:541} INFO - Filling up the DagBag from /home/airflow/.local/lib/python3.7/site-packages/airflow/example_dags/example_sla_dag.py
[2023-06-28T14:46:46.439+0000] {processor.py:836} INFO - DAG(s) dict_keys(['example_sla_dag']) retrieved from /home/airflow/.local/lib/python3.7/site-packages/airflow/example_dags/example_sla_dag.py
[2023-06-28T14:46:46.503+0000] {logging_mixin.py:149} INFO - [2023-06-28T14:46:46.503+0000] {dag.py:2726} INFO - Sync 1 DAGs
[2023-06-28T14:46:46.632+0000] {logging_mixin.py:149} INFO - [2023-06-28T14:46:46.632+0000] {dag.py:3490} INFO - Setting next_dagrun for example_sla_dag to 2023-06-28T14:44:00+00:00, run_after=2023-06-28T14:46:00+00:00
[2023-06-28T14:46:46.753+0000] {processor.py:179} INFO - Processing /home/airflow/.local/lib/python3.7/site-packages/airflow/example_dags/example_sla_dag.py took 0.347 seconds
[2023-06-28T14:47:17.498+0000] {processor.py:157} INFO - Started process (PID=3617) to work on /home/airflow/.local/lib/python3.7/site-packages/airflow/example_dags/example_sla_dag.py
[2023-06-28T14:47:17.500+0000] {processor.py:826} INFO - Processing file /home/airflow/.local/lib/python3.7/site-packages/airflow/example_dags/example_sla_dag.py for tasks to queue
[2023-06-28T14:47:17.501+0000] {logging_mixin.py:149} INFO - [2023-06-28T14:47:17.500+0000] {dagbag.py:541} INFO - Filling up the DagBag from /home/airflow/.local/lib/python3.7/site-packages/airflow/example_dags/example_sla_dag.py
[2023-06-28T14:47:17.511+0000] {processor.py:836} INFO - DAG(s) dict_keys(['example_sla_dag']) retrieved from /home/airflow/.local/lib/python3.7/site-packages/airflow/example_dags/example_sla_dag.py
[2023-06-28T14:47:17.552+0000] {logging_mixin.py:149} INFO - [2023-06-28T14:47:17.551+0000] {dag.py:2726} INFO - Sync 1 DAGs
[2023-06-28T14:47:17.601+0000] {logging_mixin.py:149} INFO - [2023-06-28T14:47:17.601+0000] {dag.py:3490} INFO - Setting next_dagrun for example_sla_dag to 2023-06-28T14:44:00+00:00, run_after=2023-06-28T14:46:00+00:00
[2023-06-28T14:47:17.635+0000] {processor.py:179} INFO - Processing /home/airflow/.local/lib/python3.7/site-packages/airflow/example_dags/example_sla_dag.py took 0.142 seconds
[2023-06-28T14:47:48.103+0000] {processor.py:157} INFO - Started process (PID=3676) to work on /home/airflow/.local/lib/python3.7/site-packages/airflow/example_dags/example_sla_dag.py
[2023-06-28T14:47:48.104+0000] {processor.py:826} INFO - Processing file /home/airflow/.local/lib/python3.7/site-packages/airflow/example_dags/example_sla_dag.py for tasks to queue
[2023-06-28T14:47:48.105+0000] {logging_mixin.py:149} INFO - [2023-06-28T14:47:48.105+0000] {dagbag.py:541} INFO - Filling up the DagBag from /home/airflow/.local/lib/python3.7/site-packages/airflow/example_dags/example_sla_dag.py
[2023-06-28T14:47:48.119+0000] {processor.py:836} INFO - DAG(s) dict_keys(['example_sla_dag']) retrieved from /home/airflow/.local/lib/python3.7/site-packages/airflow/example_dags/example_sla_dag.py
[2023-06-28T14:47:48.149+0000] {logging_mixin.py:149} INFO - [2023-06-28T14:47:48.148+0000] {dag.py:2726} INFO - Sync 1 DAGs
[2023-06-28T14:47:48.193+0000] {logging_mixin.py:149} INFO - [2023-06-28T14:47:48.193+0000] {dag.py:3490} INFO - Setting next_dagrun for example_sla_dag to 2023-06-28T14:44:00+00:00, run_after=2023-06-28T14:46:00+00:00
[2023-06-28T14:47:48.249+0000] {processor.py:179} INFO - Processing /home/airflow/.local/lib/python3.7/site-packages/airflow/example_dags/example_sla_dag.py took 0.150 seconds
