[2023-06-28T14:16:34.157+0000] {processor.py:157} INFO - Started process (PID=62) to work on /home/airflow/.local/lib/python3.7/site-packages/airflow/example_dags/example_branch_day_of_week_operator.py
[2023-06-28T14:16:34.162+0000] {processor.py:826} INFO - Processing file /home/airflow/.local/lib/python3.7/site-packages/airflow/example_dags/example_branch_day_of_week_operator.py for tasks to queue
[2023-06-28T14:16:34.166+0000] {logging_mixin.py:149} INFO - [2023-06-28T14:16:34.165+0000] {dagbag.py:541} INFO - Filling up the DagBag from /home/airflow/.local/lib/python3.7/site-packages/airflow/example_dags/example_branch_day_of_week_operator.py
[2023-06-28T14:16:34.225+0000] {processor.py:836} INFO - DAG(s) dict_keys(['example_weekday_branch_operator']) retrieved from /home/airflow/.local/lib/python3.7/site-packages/airflow/example_dags/example_branch_day_of_week_operator.py
[2023-06-28T14:16:34.385+0000] {logging_mixin.py:149} INFO - [2023-06-28T14:16:34.385+0000] {dag.py:2726} INFO - Sync 1 DAGs
[2023-06-28T14:16:34.503+0000] {logging_mixin.py:149} INFO - [2023-06-28T14:16:34.502+0000] {dag.py:3490} INFO - Setting next_dagrun for example_weekday_branch_operator to 2023-06-27T00:00:00+00:00, run_after=2023-06-28T00:00:00+00:00
[2023-06-28T14:16:34.718+0000] {processor.py:179} INFO - Processing /home/airflow/.local/lib/python3.7/site-packages/airflow/example_dags/example_branch_day_of_week_operator.py took 0.570 seconds
[2023-06-28T14:17:09.310+0000] {processor.py:157} INFO - Started process (PID=121) to work on /home/airflow/.local/lib/python3.7/site-packages/airflow/example_dags/example_branch_day_of_week_operator.py
[2023-06-28T14:17:09.311+0000] {processor.py:826} INFO - Processing file /home/airflow/.local/lib/python3.7/site-packages/airflow/example_dags/example_branch_day_of_week_operator.py for tasks to queue
[2023-06-28T14:17:09.313+0000] {logging_mixin.py:149} INFO - [2023-06-28T14:17:09.313+0000] {dagbag.py:541} INFO - Filling up the DagBag from /home/airflow/.local/lib/python3.7/site-packages/airflow/example_dags/example_branch_day_of_week_operator.py
[2023-06-28T14:17:09.374+0000] {processor.py:836} INFO - DAG(s) dict_keys(['example_weekday_branch_operator']) retrieved from /home/airflow/.local/lib/python3.7/site-packages/airflow/example_dags/example_branch_day_of_week_operator.py
[2023-06-28T14:17:09.544+0000] {logging_mixin.py:149} INFO - [2023-06-28T14:17:09.543+0000] {dag.py:2726} INFO - Sync 1 DAGs
[2023-06-28T14:17:09.907+0000] {logging_mixin.py:149} INFO - [2023-06-28T14:17:09.906+0000] {dag.py:3490} INFO - Setting next_dagrun for example_weekday_branch_operator to 2023-06-27T00:00:00+00:00, run_after=2023-06-28T00:00:00+00:00
[2023-06-28T14:17:09.974+0000] {processor.py:179} INFO - Processing /home/airflow/.local/lib/python3.7/site-packages/airflow/example_dags/example_branch_day_of_week_operator.py took 0.677 seconds
[2023-06-28T14:17:40.514+0000] {processor.py:157} INFO - Started process (PID=179) to work on /home/airflow/.local/lib/python3.7/site-packages/airflow/example_dags/example_branch_day_of_week_operator.py
[2023-06-28T14:17:40.517+0000] {processor.py:826} INFO - Processing file /home/airflow/.local/lib/python3.7/site-packages/airflow/example_dags/example_branch_day_of_week_operator.py for tasks to queue
[2023-06-28T14:17:40.518+0000] {logging_mixin.py:149} INFO - [2023-06-28T14:17:40.518+0000] {dagbag.py:541} INFO - Filling up the DagBag from /home/airflow/.local/lib/python3.7/site-packages/airflow/example_dags/example_branch_day_of_week_operator.py
[2023-06-28T14:17:40.529+0000] {processor.py:836} INFO - DAG(s) dict_keys(['example_weekday_branch_operator']) retrieved from /home/airflow/.local/lib/python3.7/site-packages/airflow/example_dags/example_branch_day_of_week_operator.py
[2023-06-28T14:17:40.552+0000] {logging_mixin.py:149} INFO - [2023-06-28T14:17:40.552+0000] {dag.py:2726} INFO - Sync 1 DAGs
[2023-06-28T14:17:40.605+0000] {logging_mixin.py:149} INFO - [2023-06-28T14:17:40.604+0000] {dag.py:3490} INFO - Setting next_dagrun for example_weekday_branch_operator to 2023-06-27T00:00:00+00:00, run_after=2023-06-28T00:00:00+00:00
[2023-06-28T14:17:40.648+0000] {processor.py:179} INFO - Processing /home/airflow/.local/lib/python3.7/site-packages/airflow/example_dags/example_branch_day_of_week_operator.py took 0.141 seconds
[2023-06-28T14:18:10.798+0000] {processor.py:157} INFO - Started process (PID=238) to work on /home/airflow/.local/lib/python3.7/site-packages/airflow/example_dags/example_branch_day_of_week_operator.py
[2023-06-28T14:18:10.799+0000] {processor.py:826} INFO - Processing file /home/airflow/.local/lib/python3.7/site-packages/airflow/example_dags/example_branch_day_of_week_operator.py for tasks to queue
[2023-06-28T14:18:10.801+0000] {logging_mixin.py:149} INFO - [2023-06-28T14:18:10.801+0000] {dagbag.py:541} INFO - Filling up the DagBag from /home/airflow/.local/lib/python3.7/site-packages/airflow/example_dags/example_branch_day_of_week_operator.py
[2023-06-28T14:18:10.816+0000] {processor.py:836} INFO - DAG(s) dict_keys(['example_weekday_branch_operator']) retrieved from /home/airflow/.local/lib/python3.7/site-packages/airflow/example_dags/example_branch_day_of_week_operator.py
[2023-06-28T14:18:10.854+0000] {logging_mixin.py:149} INFO - [2023-06-28T14:18:10.854+0000] {dag.py:2726} INFO - Sync 1 DAGs
[2023-06-28T14:18:10.909+0000] {logging_mixin.py:149} INFO - [2023-06-28T14:18:10.908+0000] {dag.py:3490} INFO - Setting next_dagrun for example_weekday_branch_operator to 2023-06-27T00:00:00+00:00, run_after=2023-06-28T00:00:00+00:00
[2023-06-28T14:18:10.961+0000] {processor.py:179} INFO - Processing /home/airflow/.local/lib/python3.7/site-packages/airflow/example_dags/example_branch_day_of_week_operator.py took 0.167 seconds
[2023-06-28T14:18:41.072+0000] {processor.py:157} INFO - Started process (PID=297) to work on /home/airflow/.local/lib/python3.7/site-packages/airflow/example_dags/example_branch_day_of_week_operator.py
[2023-06-28T14:18:41.074+0000] {processor.py:826} INFO - Processing file /home/airflow/.local/lib/python3.7/site-packages/airflow/example_dags/example_branch_day_of_week_operator.py for tasks to queue
[2023-06-28T14:18:41.075+0000] {logging_mixin.py:149} INFO - [2023-06-28T14:18:41.075+0000] {dagbag.py:541} INFO - Filling up the DagBag from /home/airflow/.local/lib/python3.7/site-packages/airflow/example_dags/example_branch_day_of_week_operator.py
[2023-06-28T14:18:41.089+0000] {processor.py:836} INFO - DAG(s) dict_keys(['example_weekday_branch_operator']) retrieved from /home/airflow/.local/lib/python3.7/site-packages/airflow/example_dags/example_branch_day_of_week_operator.py
[2023-06-28T14:18:41.134+0000] {logging_mixin.py:149} INFO - [2023-06-28T14:18:41.134+0000] {dag.py:2726} INFO - Sync 1 DAGs
[2023-06-28T14:18:41.190+0000] {logging_mixin.py:149} INFO - [2023-06-28T14:18:41.190+0000] {dag.py:3490} INFO - Setting next_dagrun for example_weekday_branch_operator to 2023-06-27T00:00:00+00:00, run_after=2023-06-28T00:00:00+00:00
[2023-06-28T14:18:41.234+0000] {processor.py:179} INFO - Processing /home/airflow/.local/lib/python3.7/site-packages/airflow/example_dags/example_branch_day_of_week_operator.py took 0.167 seconds
[2023-06-28T14:19:11.961+0000] {processor.py:157} INFO - Started process (PID=355) to work on /home/airflow/.local/lib/python3.7/site-packages/airflow/example_dags/example_branch_day_of_week_operator.py
[2023-06-28T14:19:11.964+0000] {processor.py:826} INFO - Processing file /home/airflow/.local/lib/python3.7/site-packages/airflow/example_dags/example_branch_day_of_week_operator.py for tasks to queue
[2023-06-28T14:19:11.967+0000] {logging_mixin.py:149} INFO - [2023-06-28T14:19:11.965+0000] {dagbag.py:541} INFO - Filling up the DagBag from /home/airflow/.local/lib/python3.7/site-packages/airflow/example_dags/example_branch_day_of_week_operator.py
[2023-06-28T14:19:11.979+0000] {processor.py:836} INFO - DAG(s) dict_keys(['example_weekday_branch_operator']) retrieved from /home/airflow/.local/lib/python3.7/site-packages/airflow/example_dags/example_branch_day_of_week_operator.py
[2023-06-28T14:19:12.022+0000] {logging_mixin.py:149} INFO - [2023-06-28T14:19:12.022+0000] {dag.py:2726} INFO - Sync 1 DAGs
[2023-06-28T14:19:12.070+0000] {logging_mixin.py:149} INFO - [2023-06-28T14:19:12.070+0000] {dag.py:3490} INFO - Setting next_dagrun for example_weekday_branch_operator to 2023-06-27T00:00:00+00:00, run_after=2023-06-28T00:00:00+00:00
[2023-06-28T14:19:12.109+0000] {processor.py:179} INFO - Processing /home/airflow/.local/lib/python3.7/site-packages/airflow/example_dags/example_branch_day_of_week_operator.py took 0.155 seconds
[2023-06-28T14:19:42.378+0000] {processor.py:157} INFO - Started process (PID=414) to work on /home/airflow/.local/lib/python3.7/site-packages/airflow/example_dags/example_branch_day_of_week_operator.py
[2023-06-28T14:19:42.379+0000] {processor.py:826} INFO - Processing file /home/airflow/.local/lib/python3.7/site-packages/airflow/example_dags/example_branch_day_of_week_operator.py for tasks to queue
[2023-06-28T14:19:42.380+0000] {logging_mixin.py:149} INFO - [2023-06-28T14:19:42.380+0000] {dagbag.py:541} INFO - Filling up the DagBag from /home/airflow/.local/lib/python3.7/site-packages/airflow/example_dags/example_branch_day_of_week_operator.py
[2023-06-28T14:19:42.390+0000] {processor.py:836} INFO - DAG(s) dict_keys(['example_weekday_branch_operator']) retrieved from /home/airflow/.local/lib/python3.7/site-packages/airflow/example_dags/example_branch_day_of_week_operator.py
[2023-06-28T14:19:42.427+0000] {logging_mixin.py:149} INFO - [2023-06-28T14:19:42.426+0000] {dag.py:2726} INFO - Sync 1 DAGs
[2023-06-28T14:19:42.472+0000] {logging_mixin.py:149} INFO - [2023-06-28T14:19:42.472+0000] {dag.py:3490} INFO - Setting next_dagrun for example_weekday_branch_operator to 2023-06-27T00:00:00+00:00, run_after=2023-06-28T00:00:00+00:00
[2023-06-28T14:19:42.508+0000] {processor.py:179} INFO - Processing /home/airflow/.local/lib/python3.7/site-packages/airflow/example_dags/example_branch_day_of_week_operator.py took 0.134 seconds
[2023-06-28T14:20:12.842+0000] {processor.py:157} INFO - Started process (PID=473) to work on /home/airflow/.local/lib/python3.7/site-packages/airflow/example_dags/example_branch_day_of_week_operator.py
[2023-06-28T14:20:12.843+0000] {processor.py:826} INFO - Processing file /home/airflow/.local/lib/python3.7/site-packages/airflow/example_dags/example_branch_day_of_week_operator.py for tasks to queue
[2023-06-28T14:20:12.845+0000] {logging_mixin.py:149} INFO - [2023-06-28T14:20:12.845+0000] {dagbag.py:541} INFO - Filling up the DagBag from /home/airflow/.local/lib/python3.7/site-packages/airflow/example_dags/example_branch_day_of_week_operator.py
[2023-06-28T14:20:12.858+0000] {processor.py:836} INFO - DAG(s) dict_keys(['example_weekday_branch_operator']) retrieved from /home/airflow/.local/lib/python3.7/site-packages/airflow/example_dags/example_branch_day_of_week_operator.py
[2023-06-28T14:20:12.895+0000] {logging_mixin.py:149} INFO - [2023-06-28T14:20:12.895+0000] {dag.py:2726} INFO - Sync 1 DAGs
[2023-06-28T14:20:12.938+0000] {logging_mixin.py:149} INFO - [2023-06-28T14:20:12.938+0000] {dag.py:3490} INFO - Setting next_dagrun for example_weekday_branch_operator to 2023-06-27T00:00:00+00:00, run_after=2023-06-28T00:00:00+00:00
[2023-06-28T14:20:12.971+0000] {processor.py:179} INFO - Processing /home/airflow/.local/lib/python3.7/site-packages/airflow/example_dags/example_branch_day_of_week_operator.py took 0.133 seconds
[2023-06-28T14:20:43.405+0000] {processor.py:157} INFO - Started process (PID=532) to work on /home/airflow/.local/lib/python3.7/site-packages/airflow/example_dags/example_branch_day_of_week_operator.py
[2023-06-28T14:20:43.407+0000] {processor.py:826} INFO - Processing file /home/airflow/.local/lib/python3.7/site-packages/airflow/example_dags/example_branch_day_of_week_operator.py for tasks to queue
[2023-06-28T14:20:43.408+0000] {logging_mixin.py:149} INFO - [2023-06-28T14:20:43.408+0000] {dagbag.py:541} INFO - Filling up the DagBag from /home/airflow/.local/lib/python3.7/site-packages/airflow/example_dags/example_branch_day_of_week_operator.py
[2023-06-28T14:20:43.420+0000] {processor.py:836} INFO - DAG(s) dict_keys(['example_weekday_branch_operator']) retrieved from /home/airflow/.local/lib/python3.7/site-packages/airflow/example_dags/example_branch_day_of_week_operator.py
[2023-06-28T14:20:43.456+0000] {logging_mixin.py:149} INFO - [2023-06-28T14:20:43.456+0000] {dag.py:2726} INFO - Sync 1 DAGs
[2023-06-28T14:20:43.494+0000] {logging_mixin.py:149} INFO - [2023-06-28T14:20:43.494+0000] {dag.py:3490} INFO - Setting next_dagrun for example_weekday_branch_operator to 2023-06-27T00:00:00+00:00, run_after=2023-06-28T00:00:00+00:00
[2023-06-28T14:20:43.526+0000] {processor.py:179} INFO - Processing /home/airflow/.local/lib/python3.7/site-packages/airflow/example_dags/example_branch_day_of_week_operator.py took 0.125 seconds
[2023-06-28T14:21:13.835+0000] {processor.py:157} INFO - Started process (PID=591) to work on /home/airflow/.local/lib/python3.7/site-packages/airflow/example_dags/example_branch_day_of_week_operator.py
[2023-06-28T14:21:13.837+0000] {processor.py:826} INFO - Processing file /home/airflow/.local/lib/python3.7/site-packages/airflow/example_dags/example_branch_day_of_week_operator.py for tasks to queue
[2023-06-28T14:21:13.839+0000] {logging_mixin.py:149} INFO - [2023-06-28T14:21:13.839+0000] {dagbag.py:541} INFO - Filling up the DagBag from /home/airflow/.local/lib/python3.7/site-packages/airflow/example_dags/example_branch_day_of_week_operator.py
[2023-06-28T14:21:13.854+0000] {processor.py:836} INFO - DAG(s) dict_keys(['example_weekday_branch_operator']) retrieved from /home/airflow/.local/lib/python3.7/site-packages/airflow/example_dags/example_branch_day_of_week_operator.py
[2023-06-28T14:21:13.895+0000] {logging_mixin.py:149} INFO - [2023-06-28T14:21:13.895+0000] {dag.py:2726} INFO - Sync 1 DAGs
[2023-06-28T14:21:13.954+0000] {logging_mixin.py:149} INFO - [2023-06-28T14:21:13.954+0000] {dag.py:3490} INFO - Setting next_dagrun for example_weekday_branch_operator to 2023-06-27T00:00:00+00:00, run_after=2023-06-28T00:00:00+00:00
[2023-06-28T14:21:13.997+0000] {processor.py:179} INFO - Processing /home/airflow/.local/lib/python3.7/site-packages/airflow/example_dags/example_branch_day_of_week_operator.py took 0.175 seconds
[2023-06-28T14:21:44.235+0000] {processor.py:157} INFO - Started process (PID=651) to work on /home/airflow/.local/lib/python3.7/site-packages/airflow/example_dags/example_branch_day_of_week_operator.py
[2023-06-28T14:21:44.236+0000] {processor.py:826} INFO - Processing file /home/airflow/.local/lib/python3.7/site-packages/airflow/example_dags/example_branch_day_of_week_operator.py for tasks to queue
[2023-06-28T14:21:44.238+0000] {logging_mixin.py:149} INFO - [2023-06-28T14:21:44.238+0000] {dagbag.py:541} INFO - Filling up the DagBag from /home/airflow/.local/lib/python3.7/site-packages/airflow/example_dags/example_branch_day_of_week_operator.py
[2023-06-28T14:21:44.252+0000] {processor.py:836} INFO - DAG(s) dict_keys(['example_weekday_branch_operator']) retrieved from /home/airflow/.local/lib/python3.7/site-packages/airflow/example_dags/example_branch_day_of_week_operator.py
[2023-06-28T14:21:44.329+0000] {logging_mixin.py:149} INFO - [2023-06-28T14:21:44.328+0000] {dag.py:2726} INFO - Sync 1 DAGs
[2023-06-28T14:21:44.386+0000] {logging_mixin.py:149} INFO - [2023-06-28T14:21:44.386+0000] {dag.py:3490} INFO - Setting next_dagrun for example_weekday_branch_operator to 2023-06-27T00:00:00+00:00, run_after=2023-06-28T00:00:00+00:00
[2023-06-28T14:21:44.438+0000] {processor.py:179} INFO - Processing /home/airflow/.local/lib/python3.7/site-packages/airflow/example_dags/example_branch_day_of_week_operator.py took 0.210 seconds
[2023-06-28T14:22:15.405+0000] {processor.py:157} INFO - Started process (PID=711) to work on /home/airflow/.local/lib/python3.7/site-packages/airflow/example_dags/example_branch_day_of_week_operator.py
[2023-06-28T14:22:15.408+0000] {processor.py:826} INFO - Processing file /home/airflow/.local/lib/python3.7/site-packages/airflow/example_dags/example_branch_day_of_week_operator.py for tasks to queue
[2023-06-28T14:22:15.413+0000] {logging_mixin.py:149} INFO - [2023-06-28T14:22:15.410+0000] {dagbag.py:541} INFO - Filling up the DagBag from /home/airflow/.local/lib/python3.7/site-packages/airflow/example_dags/example_branch_day_of_week_operator.py
[2023-06-28T14:22:15.429+0000] {processor.py:836} INFO - DAG(s) dict_keys(['example_weekday_branch_operator']) retrieved from /home/airflow/.local/lib/python3.7/site-packages/airflow/example_dags/example_branch_day_of_week_operator.py
[2023-06-28T14:22:15.484+0000] {logging_mixin.py:149} INFO - [2023-06-28T14:22:15.483+0000] {dag.py:2726} INFO - Sync 1 DAGs
[2023-06-28T14:22:15.532+0000] {logging_mixin.py:149} INFO - [2023-06-28T14:22:15.531+0000] {dag.py:3490} INFO - Setting next_dagrun for example_weekday_branch_operator to 2023-06-27T00:00:00+00:00, run_after=2023-06-28T00:00:00+00:00
[2023-06-28T14:22:15.571+0000] {processor.py:179} INFO - Processing /home/airflow/.local/lib/python3.7/site-packages/airflow/example_dags/example_branch_day_of_week_operator.py took 0.175 seconds
[2023-06-28T14:22:45.893+0000] {processor.py:157} INFO - Started process (PID=770) to work on /home/airflow/.local/lib/python3.7/site-packages/airflow/example_dags/example_branch_day_of_week_operator.py
[2023-06-28T14:22:45.894+0000] {processor.py:826} INFO - Processing file /home/airflow/.local/lib/python3.7/site-packages/airflow/example_dags/example_branch_day_of_week_operator.py for tasks to queue
[2023-06-28T14:22:45.895+0000] {logging_mixin.py:149} INFO - [2023-06-28T14:22:45.895+0000] {dagbag.py:541} INFO - Filling up the DagBag from /home/airflow/.local/lib/python3.7/site-packages/airflow/example_dags/example_branch_day_of_week_operator.py
[2023-06-28T14:22:45.908+0000] {processor.py:836} INFO - DAG(s) dict_keys(['example_weekday_branch_operator']) retrieved from /home/airflow/.local/lib/python3.7/site-packages/airflow/example_dags/example_branch_day_of_week_operator.py
[2023-06-28T14:22:45.949+0000] {logging_mixin.py:149} INFO - [2023-06-28T14:22:45.949+0000] {dag.py:2726} INFO - Sync 1 DAGs
[2023-06-28T14:22:45.991+0000] {logging_mixin.py:149} INFO - [2023-06-28T14:22:45.991+0000] {dag.py:3490} INFO - Setting next_dagrun for example_weekday_branch_operator to 2023-06-27T00:00:00+00:00, run_after=2023-06-28T00:00:00+00:00
[2023-06-28T14:22:46.031+0000] {processor.py:179} INFO - Processing /home/airflow/.local/lib/python3.7/site-packages/airflow/example_dags/example_branch_day_of_week_operator.py took 0.142 seconds
[2023-06-28T14:23:17.092+0000] {processor.py:157} INFO - Started process (PID=829) to work on /home/airflow/.local/lib/python3.7/site-packages/airflow/example_dags/example_branch_day_of_week_operator.py
[2023-06-28T14:23:17.094+0000] {processor.py:826} INFO - Processing file /home/airflow/.local/lib/python3.7/site-packages/airflow/example_dags/example_branch_day_of_week_operator.py for tasks to queue
[2023-06-28T14:23:17.095+0000] {logging_mixin.py:149} INFO - [2023-06-28T14:23:17.095+0000] {dagbag.py:541} INFO - Filling up the DagBag from /home/airflow/.local/lib/python3.7/site-packages/airflow/example_dags/example_branch_day_of_week_operator.py
[2023-06-28T14:23:17.108+0000] {processor.py:836} INFO - DAG(s) dict_keys(['example_weekday_branch_operator']) retrieved from /home/airflow/.local/lib/python3.7/site-packages/airflow/example_dags/example_branch_day_of_week_operator.py
[2023-06-28T14:23:17.150+0000] {logging_mixin.py:149} INFO - [2023-06-28T14:23:17.150+0000] {dag.py:2726} INFO - Sync 1 DAGs
[2023-06-28T14:23:17.196+0000] {logging_mixin.py:149} INFO - [2023-06-28T14:23:17.196+0000] {dag.py:3490} INFO - Setting next_dagrun for example_weekday_branch_operator to 2023-06-27T00:00:00+00:00, run_after=2023-06-28T00:00:00+00:00
[2023-06-28T14:23:17.234+0000] {processor.py:179} INFO - Processing /home/airflow/.local/lib/python3.7/site-packages/airflow/example_dags/example_branch_day_of_week_operator.py took 0.147 seconds
[2023-06-28T14:23:47.681+0000] {processor.py:157} INFO - Started process (PID=889) to work on /home/airflow/.local/lib/python3.7/site-packages/airflow/example_dags/example_branch_day_of_week_operator.py
[2023-06-28T14:23:47.683+0000] {processor.py:826} INFO - Processing file /home/airflow/.local/lib/python3.7/site-packages/airflow/example_dags/example_branch_day_of_week_operator.py for tasks to queue
[2023-06-28T14:23:47.685+0000] {logging_mixin.py:149} INFO - [2023-06-28T14:23:47.684+0000] {dagbag.py:541} INFO - Filling up the DagBag from /home/airflow/.local/lib/python3.7/site-packages/airflow/example_dags/example_branch_day_of_week_operator.py
[2023-06-28T14:23:47.695+0000] {processor.py:836} INFO - DAG(s) dict_keys(['example_weekday_branch_operator']) retrieved from /home/airflow/.local/lib/python3.7/site-packages/airflow/example_dags/example_branch_day_of_week_operator.py
[2023-06-28T14:23:47.744+0000] {logging_mixin.py:149} INFO - [2023-06-28T14:23:47.743+0000] {dag.py:2726} INFO - Sync 1 DAGs
[2023-06-28T14:23:47.789+0000] {logging_mixin.py:149} INFO - [2023-06-28T14:23:47.789+0000] {dag.py:3490} INFO - Setting next_dagrun for example_weekday_branch_operator to 2023-06-27T00:00:00+00:00, run_after=2023-06-28T00:00:00+00:00
[2023-06-28T14:23:47.860+0000] {processor.py:179} INFO - Processing /home/airflow/.local/lib/python3.7/site-packages/airflow/example_dags/example_branch_day_of_week_operator.py took 0.184 seconds
[2023-06-28T14:24:18.373+0000] {processor.py:157} INFO - Started process (PID=948) to work on /home/airflow/.local/lib/python3.7/site-packages/airflow/example_dags/example_branch_day_of_week_operator.py
[2023-06-28T14:24:18.375+0000] {processor.py:826} INFO - Processing file /home/airflow/.local/lib/python3.7/site-packages/airflow/example_dags/example_branch_day_of_week_operator.py for tasks to queue
[2023-06-28T14:24:18.376+0000] {logging_mixin.py:149} INFO - [2023-06-28T14:24:18.376+0000] {dagbag.py:541} INFO - Filling up the DagBag from /home/airflow/.local/lib/python3.7/site-packages/airflow/example_dags/example_branch_day_of_week_operator.py
[2023-06-28T14:24:18.391+0000] {processor.py:836} INFO - DAG(s) dict_keys(['example_weekday_branch_operator']) retrieved from /home/airflow/.local/lib/python3.7/site-packages/airflow/example_dags/example_branch_day_of_week_operator.py
[2023-06-28T14:24:18.432+0000] {logging_mixin.py:149} INFO - [2023-06-28T14:24:18.431+0000] {dag.py:2726} INFO - Sync 1 DAGs
[2023-06-28T14:24:18.526+0000] {logging_mixin.py:149} INFO - [2023-06-28T14:24:18.526+0000] {dag.py:3490} INFO - Setting next_dagrun for example_weekday_branch_operator to 2023-06-27T00:00:00+00:00, run_after=2023-06-28T00:00:00+00:00
[2023-06-28T14:24:18.613+0000] {processor.py:179} INFO - Processing /home/airflow/.local/lib/python3.7/site-packages/airflow/example_dags/example_branch_day_of_week_operator.py took 0.246 seconds
[2023-06-28T14:24:49.617+0000] {processor.py:157} INFO - Started process (PID=1006) to work on /home/airflow/.local/lib/python3.7/site-packages/airflow/example_dags/example_branch_day_of_week_operator.py
[2023-06-28T14:24:49.619+0000] {processor.py:826} INFO - Processing file /home/airflow/.local/lib/python3.7/site-packages/airflow/example_dags/example_branch_day_of_week_operator.py for tasks to queue
[2023-06-28T14:24:49.620+0000] {logging_mixin.py:149} INFO - [2023-06-28T14:24:49.620+0000] {dagbag.py:541} INFO - Filling up the DagBag from /home/airflow/.local/lib/python3.7/site-packages/airflow/example_dags/example_branch_day_of_week_operator.py
[2023-06-28T14:24:49.630+0000] {processor.py:836} INFO - DAG(s) dict_keys(['example_weekday_branch_operator']) retrieved from /home/airflow/.local/lib/python3.7/site-packages/airflow/example_dags/example_branch_day_of_week_operator.py
[2023-06-28T14:24:49.669+0000] {logging_mixin.py:149} INFO - [2023-06-28T14:24:49.668+0000] {dag.py:2726} INFO - Sync 1 DAGs
[2023-06-28T14:24:49.709+0000] {logging_mixin.py:149} INFO - [2023-06-28T14:24:49.709+0000] {dag.py:3490} INFO - Setting next_dagrun for example_weekday_branch_operator to 2023-06-27T00:00:00+00:00, run_after=2023-06-28T00:00:00+00:00
[2023-06-28T14:24:49.744+0000] {processor.py:179} INFO - Processing /home/airflow/.local/lib/python3.7/site-packages/airflow/example_dags/example_branch_day_of_week_operator.py took 0.131 seconds
[2023-06-28T14:25:20.379+0000] {processor.py:157} INFO - Started process (PID=1066) to work on /home/airflow/.local/lib/python3.7/site-packages/airflow/example_dags/example_branch_day_of_week_operator.py
[2023-06-28T14:25:20.380+0000] {processor.py:826} INFO - Processing file /home/airflow/.local/lib/python3.7/site-packages/airflow/example_dags/example_branch_day_of_week_operator.py for tasks to queue
[2023-06-28T14:25:20.383+0000] {logging_mixin.py:149} INFO - [2023-06-28T14:25:20.382+0000] {dagbag.py:541} INFO - Filling up the DagBag from /home/airflow/.local/lib/python3.7/site-packages/airflow/example_dags/example_branch_day_of_week_operator.py
[2023-06-28T14:25:20.406+0000] {processor.py:836} INFO - DAG(s) dict_keys(['example_weekday_branch_operator']) retrieved from /home/airflow/.local/lib/python3.7/site-packages/airflow/example_dags/example_branch_day_of_week_operator.py
[2023-06-28T14:25:20.454+0000] {logging_mixin.py:149} INFO - [2023-06-28T14:25:20.454+0000] {dag.py:2726} INFO - Sync 1 DAGs
[2023-06-28T14:25:20.504+0000] {logging_mixin.py:149} INFO - [2023-06-28T14:25:20.504+0000] {dag.py:3490} INFO - Setting next_dagrun for example_weekday_branch_operator to 2023-06-27T00:00:00+00:00, run_after=2023-06-28T00:00:00+00:00
[2023-06-28T14:25:20.539+0000] {processor.py:179} INFO - Processing /home/airflow/.local/lib/python3.7/site-packages/airflow/example_dags/example_branch_day_of_week_operator.py took 0.167 seconds
[2023-06-28T14:25:50.737+0000] {processor.py:157} INFO - Started process (PID=1123) to work on /home/airflow/.local/lib/python3.7/site-packages/airflow/example_dags/example_branch_day_of_week_operator.py
[2023-06-28T14:25:50.738+0000] {processor.py:826} INFO - Processing file /home/airflow/.local/lib/python3.7/site-packages/airflow/example_dags/example_branch_day_of_week_operator.py for tasks to queue
[2023-06-28T14:25:50.740+0000] {logging_mixin.py:149} INFO - [2023-06-28T14:25:50.740+0000] {dagbag.py:541} INFO - Filling up the DagBag from /home/airflow/.local/lib/python3.7/site-packages/airflow/example_dags/example_branch_day_of_week_operator.py
[2023-06-28T14:25:50.760+0000] {processor.py:836} INFO - DAG(s) dict_keys(['example_weekday_branch_operator']) retrieved from /home/airflow/.local/lib/python3.7/site-packages/airflow/example_dags/example_branch_day_of_week_operator.py
[2023-06-28T14:25:50.890+0000] {logging_mixin.py:149} INFO - [2023-06-28T14:25:50.889+0000] {dag.py:2726} INFO - Sync 1 DAGs
[2023-06-28T14:25:50.942+0000] {logging_mixin.py:149} INFO - [2023-06-28T14:25:50.941+0000] {dag.py:3490} INFO - Setting next_dagrun for example_weekday_branch_operator to 2023-06-27T00:00:00+00:00, run_after=2023-06-28T00:00:00+00:00
[2023-06-28T14:25:50.972+0000] {processor.py:179} INFO - Processing /home/airflow/.local/lib/python3.7/site-packages/airflow/example_dags/example_branch_day_of_week_operator.py took 0.239 seconds
[2023-06-28T14:26:21.766+0000] {processor.py:157} INFO - Started process (PID=1191) to work on /home/airflow/.local/lib/python3.7/site-packages/airflow/example_dags/example_branch_day_of_week_operator.py
[2023-06-28T14:26:21.768+0000] {processor.py:826} INFO - Processing file /home/airflow/.local/lib/python3.7/site-packages/airflow/example_dags/example_branch_day_of_week_operator.py for tasks to queue
[2023-06-28T14:26:21.769+0000] {logging_mixin.py:149} INFO - [2023-06-28T14:26:21.769+0000] {dagbag.py:541} INFO - Filling up the DagBag from /home/airflow/.local/lib/python3.7/site-packages/airflow/example_dags/example_branch_day_of_week_operator.py
[2023-06-28T14:26:21.786+0000] {processor.py:836} INFO - DAG(s) dict_keys(['example_weekday_branch_operator']) retrieved from /home/airflow/.local/lib/python3.7/site-packages/airflow/example_dags/example_branch_day_of_week_operator.py
[2023-06-28T14:26:21.839+0000] {logging_mixin.py:149} INFO - [2023-06-28T14:26:21.839+0000] {dag.py:2726} INFO - Sync 1 DAGs
[2023-06-28T14:26:21.881+0000] {logging_mixin.py:149} INFO - [2023-06-28T14:26:21.881+0000] {dag.py:3490} INFO - Setting next_dagrun for example_weekday_branch_operator to 2023-06-27T00:00:00+00:00, run_after=2023-06-28T00:00:00+00:00
[2023-06-28T14:26:21.918+0000] {processor.py:179} INFO - Processing /home/airflow/.local/lib/python3.7/site-packages/airflow/example_dags/example_branch_day_of_week_operator.py took 0.157 seconds
[2023-06-28T14:26:52.223+0000] {processor.py:157} INFO - Started process (PID=1249) to work on /home/airflow/.local/lib/python3.7/site-packages/airflow/example_dags/example_branch_day_of_week_operator.py
[2023-06-28T14:26:52.225+0000] {processor.py:826} INFO - Processing file /home/airflow/.local/lib/python3.7/site-packages/airflow/example_dags/example_branch_day_of_week_operator.py for tasks to queue
[2023-06-28T14:26:52.227+0000] {logging_mixin.py:149} INFO - [2023-06-28T14:26:52.227+0000] {dagbag.py:541} INFO - Filling up the DagBag from /home/airflow/.local/lib/python3.7/site-packages/airflow/example_dags/example_branch_day_of_week_operator.py
[2023-06-28T14:26:52.241+0000] {processor.py:836} INFO - DAG(s) dict_keys(['example_weekday_branch_operator']) retrieved from /home/airflow/.local/lib/python3.7/site-packages/airflow/example_dags/example_branch_day_of_week_operator.py
[2023-06-28T14:26:52.288+0000] {logging_mixin.py:149} INFO - [2023-06-28T14:26:52.288+0000] {dag.py:2726} INFO - Sync 1 DAGs
[2023-06-28T14:26:52.333+0000] {logging_mixin.py:149} INFO - [2023-06-28T14:26:52.333+0000] {dag.py:3490} INFO - Setting next_dagrun for example_weekday_branch_operator to 2023-06-27T00:00:00+00:00, run_after=2023-06-28T00:00:00+00:00
[2023-06-28T14:26:52.376+0000] {processor.py:179} INFO - Processing /home/airflow/.local/lib/python3.7/site-packages/airflow/example_dags/example_branch_day_of_week_operator.py took 0.159 seconds
[2023-06-28T14:27:22.759+0000] {processor.py:157} INFO - Started process (PID=1308) to work on /home/airflow/.local/lib/python3.7/site-packages/airflow/example_dags/example_branch_day_of_week_operator.py
[2023-06-28T14:27:22.760+0000] {processor.py:826} INFO - Processing file /home/airflow/.local/lib/python3.7/site-packages/airflow/example_dags/example_branch_day_of_week_operator.py for tasks to queue
[2023-06-28T14:27:22.761+0000] {logging_mixin.py:149} INFO - [2023-06-28T14:27:22.761+0000] {dagbag.py:541} INFO - Filling up the DagBag from /home/airflow/.local/lib/python3.7/site-packages/airflow/example_dags/example_branch_day_of_week_operator.py
[2023-06-28T14:27:22.773+0000] {processor.py:836} INFO - DAG(s) dict_keys(['example_weekday_branch_operator']) retrieved from /home/airflow/.local/lib/python3.7/site-packages/airflow/example_dags/example_branch_day_of_week_operator.py
[2023-06-28T14:27:22.812+0000] {logging_mixin.py:149} INFO - [2023-06-28T14:27:22.812+0000] {dag.py:2726} INFO - Sync 1 DAGs
[2023-06-28T14:27:22.865+0000] {logging_mixin.py:149} INFO - [2023-06-28T14:27:22.865+0000] {dag.py:3490} INFO - Setting next_dagrun for example_weekday_branch_operator to 2023-06-27T00:00:00+00:00, run_after=2023-06-28T00:00:00+00:00
[2023-06-28T14:27:22.899+0000] {processor.py:179} INFO - Processing /home/airflow/.local/lib/python3.7/site-packages/airflow/example_dags/example_branch_day_of_week_operator.py took 0.146 seconds
[2023-06-28T14:27:53.331+0000] {processor.py:157} INFO - Started process (PID=1368) to work on /home/airflow/.local/lib/python3.7/site-packages/airflow/example_dags/example_branch_day_of_week_operator.py
[2023-06-28T14:27:53.333+0000] {processor.py:826} INFO - Processing file /home/airflow/.local/lib/python3.7/site-packages/airflow/example_dags/example_branch_day_of_week_operator.py for tasks to queue
[2023-06-28T14:27:53.334+0000] {logging_mixin.py:149} INFO - [2023-06-28T14:27:53.334+0000] {dagbag.py:541} INFO - Filling up the DagBag from /home/airflow/.local/lib/python3.7/site-packages/airflow/example_dags/example_branch_day_of_week_operator.py
[2023-06-28T14:27:53.346+0000] {processor.py:836} INFO - DAG(s) dict_keys(['example_weekday_branch_operator']) retrieved from /home/airflow/.local/lib/python3.7/site-packages/airflow/example_dags/example_branch_day_of_week_operator.py
[2023-06-28T14:27:53.382+0000] {logging_mixin.py:149} INFO - [2023-06-28T14:27:53.382+0000] {dag.py:2726} INFO - Sync 1 DAGs
[2023-06-28T14:27:53.421+0000] {logging_mixin.py:149} INFO - [2023-06-28T14:27:53.421+0000] {dag.py:3490} INFO - Setting next_dagrun for example_weekday_branch_operator to 2023-06-27T00:00:00+00:00, run_after=2023-06-28T00:00:00+00:00
[2023-06-28T14:27:53.453+0000] {processor.py:179} INFO - Processing /home/airflow/.local/lib/python3.7/site-packages/airflow/example_dags/example_branch_day_of_week_operator.py took 0.127 seconds
[2023-06-28T14:28:24.089+0000] {processor.py:157} INFO - Started process (PID=1426) to work on /home/airflow/.local/lib/python3.7/site-packages/airflow/example_dags/example_branch_day_of_week_operator.py
[2023-06-28T14:28:24.091+0000] {processor.py:826} INFO - Processing file /home/airflow/.local/lib/python3.7/site-packages/airflow/example_dags/example_branch_day_of_week_operator.py for tasks to queue
[2023-06-28T14:28:24.092+0000] {logging_mixin.py:149} INFO - [2023-06-28T14:28:24.092+0000] {dagbag.py:541} INFO - Filling up the DagBag from /home/airflow/.local/lib/python3.7/site-packages/airflow/example_dags/example_branch_day_of_week_operator.py
[2023-06-28T14:28:24.103+0000] {processor.py:836} INFO - DAG(s) dict_keys(['example_weekday_branch_operator']) retrieved from /home/airflow/.local/lib/python3.7/site-packages/airflow/example_dags/example_branch_day_of_week_operator.py
[2023-06-28T14:28:24.144+0000] {logging_mixin.py:149} INFO - [2023-06-28T14:28:24.144+0000] {dag.py:2726} INFO - Sync 1 DAGs
[2023-06-28T14:28:24.184+0000] {logging_mixin.py:149} INFO - [2023-06-28T14:28:24.184+0000] {dag.py:3490} INFO - Setting next_dagrun for example_weekday_branch_operator to 2023-06-27T00:00:00+00:00, run_after=2023-06-28T00:00:00+00:00
[2023-06-28T14:28:24.220+0000] {processor.py:179} INFO - Processing /home/airflow/.local/lib/python3.7/site-packages/airflow/example_dags/example_branch_day_of_week_operator.py took 0.136 seconds
[2023-06-28T14:28:54.360+0000] {processor.py:157} INFO - Started process (PID=1486) to work on /home/airflow/.local/lib/python3.7/site-packages/airflow/example_dags/example_branch_day_of_week_operator.py
[2023-06-28T14:28:54.362+0000] {processor.py:826} INFO - Processing file /home/airflow/.local/lib/python3.7/site-packages/airflow/example_dags/example_branch_day_of_week_operator.py for tasks to queue
[2023-06-28T14:28:54.363+0000] {logging_mixin.py:149} INFO - [2023-06-28T14:28:54.363+0000] {dagbag.py:541} INFO - Filling up the DagBag from /home/airflow/.local/lib/python3.7/site-packages/airflow/example_dags/example_branch_day_of_week_operator.py
[2023-06-28T14:28:54.376+0000] {processor.py:836} INFO - DAG(s) dict_keys(['example_weekday_branch_operator']) retrieved from /home/airflow/.local/lib/python3.7/site-packages/airflow/example_dags/example_branch_day_of_week_operator.py
[2023-06-28T14:28:54.412+0000] {logging_mixin.py:149} INFO - [2023-06-28T14:28:54.411+0000] {dag.py:2726} INFO - Sync 1 DAGs
[2023-06-28T14:28:54.452+0000] {logging_mixin.py:149} INFO - [2023-06-28T14:28:54.452+0000] {dag.py:3490} INFO - Setting next_dagrun for example_weekday_branch_operator to 2023-06-27T00:00:00+00:00, run_after=2023-06-28T00:00:00+00:00
[2023-06-28T14:28:54.486+0000] {processor.py:179} INFO - Processing /home/airflow/.local/lib/python3.7/site-packages/airflow/example_dags/example_branch_day_of_week_operator.py took 0.132 seconds
[2023-06-28T14:29:24.826+0000] {processor.py:157} INFO - Started process (PID=1546) to work on /home/airflow/.local/lib/python3.7/site-packages/airflow/example_dags/example_branch_day_of_week_operator.py
[2023-06-28T14:29:24.827+0000] {processor.py:826} INFO - Processing file /home/airflow/.local/lib/python3.7/site-packages/airflow/example_dags/example_branch_day_of_week_operator.py for tasks to queue
[2023-06-28T14:29:24.829+0000] {logging_mixin.py:149} INFO - [2023-06-28T14:29:24.829+0000] {dagbag.py:541} INFO - Filling up the DagBag from /home/airflow/.local/lib/python3.7/site-packages/airflow/example_dags/example_branch_day_of_week_operator.py
[2023-06-28T14:29:24.840+0000] {processor.py:836} INFO - DAG(s) dict_keys(['example_weekday_branch_operator']) retrieved from /home/airflow/.local/lib/python3.7/site-packages/airflow/example_dags/example_branch_day_of_week_operator.py
[2023-06-28T14:29:24.882+0000] {logging_mixin.py:149} INFO - [2023-06-28T14:29:24.882+0000] {dag.py:2726} INFO - Sync 1 DAGs
[2023-06-28T14:29:24.924+0000] {logging_mixin.py:149} INFO - [2023-06-28T14:29:24.924+0000] {dag.py:3490} INFO - Setting next_dagrun for example_weekday_branch_operator to 2023-06-27T00:00:00+00:00, run_after=2023-06-28T00:00:00+00:00
[2023-06-28T14:29:24.957+0000] {processor.py:179} INFO - Processing /home/airflow/.local/lib/python3.7/site-packages/airflow/example_dags/example_branch_day_of_week_operator.py took 0.136 seconds
[2023-06-28T14:29:55.480+0000] {processor.py:157} INFO - Started process (PID=1605) to work on /home/airflow/.local/lib/python3.7/site-packages/airflow/example_dags/example_branch_day_of_week_operator.py
[2023-06-28T14:29:55.482+0000] {processor.py:826} INFO - Processing file /home/airflow/.local/lib/python3.7/site-packages/airflow/example_dags/example_branch_day_of_week_operator.py for tasks to queue
[2023-06-28T14:29:55.483+0000] {logging_mixin.py:149} INFO - [2023-06-28T14:29:55.483+0000] {dagbag.py:541} INFO - Filling up the DagBag from /home/airflow/.local/lib/python3.7/site-packages/airflow/example_dags/example_branch_day_of_week_operator.py
[2023-06-28T14:29:55.495+0000] {processor.py:836} INFO - DAG(s) dict_keys(['example_weekday_branch_operator']) retrieved from /home/airflow/.local/lib/python3.7/site-packages/airflow/example_dags/example_branch_day_of_week_operator.py
[2023-06-28T14:29:55.533+0000] {logging_mixin.py:149} INFO - [2023-06-28T14:29:55.533+0000] {dag.py:2726} INFO - Sync 1 DAGs
[2023-06-28T14:29:55.573+0000] {logging_mixin.py:149} INFO - [2023-06-28T14:29:55.573+0000] {dag.py:3490} INFO - Setting next_dagrun for example_weekday_branch_operator to 2023-06-27T00:00:00+00:00, run_after=2023-06-28T00:00:00+00:00
[2023-06-28T14:29:55.607+0000] {processor.py:179} INFO - Processing /home/airflow/.local/lib/python3.7/site-packages/airflow/example_dags/example_branch_day_of_week_operator.py took 0.131 seconds
[2023-06-28T14:30:25.971+0000] {processor.py:157} INFO - Started process (PID=1664) to work on /home/airflow/.local/lib/python3.7/site-packages/airflow/example_dags/example_branch_day_of_week_operator.py
[2023-06-28T14:30:25.972+0000] {processor.py:826} INFO - Processing file /home/airflow/.local/lib/python3.7/site-packages/airflow/example_dags/example_branch_day_of_week_operator.py for tasks to queue
[2023-06-28T14:30:25.974+0000] {logging_mixin.py:149} INFO - [2023-06-28T14:30:25.973+0000] {dagbag.py:541} INFO - Filling up the DagBag from /home/airflow/.local/lib/python3.7/site-packages/airflow/example_dags/example_branch_day_of_week_operator.py
[2023-06-28T14:30:25.986+0000] {processor.py:836} INFO - DAG(s) dict_keys(['example_weekday_branch_operator']) retrieved from /home/airflow/.local/lib/python3.7/site-packages/airflow/example_dags/example_branch_day_of_week_operator.py
[2023-06-28T14:30:26.028+0000] {logging_mixin.py:149} INFO - [2023-06-28T14:30:26.028+0000] {dag.py:2726} INFO - Sync 1 DAGs
[2023-06-28T14:30:26.072+0000] {logging_mixin.py:149} INFO - [2023-06-28T14:30:26.072+0000] {dag.py:3490} INFO - Setting next_dagrun for example_weekday_branch_operator to 2023-06-27T00:00:00+00:00, run_after=2023-06-28T00:00:00+00:00
[2023-06-28T14:30:26.108+0000] {processor.py:179} INFO - Processing /home/airflow/.local/lib/python3.7/site-packages/airflow/example_dags/example_branch_day_of_week_operator.py took 0.143 seconds
[2023-06-28T14:30:56.615+0000] {processor.py:157} INFO - Started process (PID=1723) to work on /home/airflow/.local/lib/python3.7/site-packages/airflow/example_dags/example_branch_day_of_week_operator.py
[2023-06-28T14:30:56.617+0000] {processor.py:826} INFO - Processing file /home/airflow/.local/lib/python3.7/site-packages/airflow/example_dags/example_branch_day_of_week_operator.py for tasks to queue
[2023-06-28T14:30:56.619+0000] {logging_mixin.py:149} INFO - [2023-06-28T14:30:56.619+0000] {dagbag.py:541} INFO - Filling up the DagBag from /home/airflow/.local/lib/python3.7/site-packages/airflow/example_dags/example_branch_day_of_week_operator.py
[2023-06-28T14:30:56.633+0000] {processor.py:836} INFO - DAG(s) dict_keys(['example_weekday_branch_operator']) retrieved from /home/airflow/.local/lib/python3.7/site-packages/airflow/example_dags/example_branch_day_of_week_operator.py
[2023-06-28T14:30:56.684+0000] {logging_mixin.py:149} INFO - [2023-06-28T14:30:56.684+0000] {dag.py:2726} INFO - Sync 1 DAGs
[2023-06-28T14:30:56.743+0000] {logging_mixin.py:149} INFO - [2023-06-28T14:30:56.743+0000] {dag.py:3490} INFO - Setting next_dagrun for example_weekday_branch_operator to 2023-06-27T00:00:00+00:00, run_after=2023-06-28T00:00:00+00:00
[2023-06-28T14:30:56.792+0000] {processor.py:179} INFO - Processing /home/airflow/.local/lib/python3.7/site-packages/airflow/example_dags/example_branch_day_of_week_operator.py took 0.183 seconds
[2023-06-28T14:31:26.940+0000] {processor.py:157} INFO - Started process (PID=1783) to work on /home/airflow/.local/lib/python3.7/site-packages/airflow/example_dags/example_branch_day_of_week_operator.py
[2023-06-28T14:31:26.941+0000] {processor.py:826} INFO - Processing file /home/airflow/.local/lib/python3.7/site-packages/airflow/example_dags/example_branch_day_of_week_operator.py for tasks to queue
[2023-06-28T14:31:26.943+0000] {logging_mixin.py:149} INFO - [2023-06-28T14:31:26.943+0000] {dagbag.py:541} INFO - Filling up the DagBag from /home/airflow/.local/lib/python3.7/site-packages/airflow/example_dags/example_branch_day_of_week_operator.py
[2023-06-28T14:31:26.953+0000] {processor.py:836} INFO - DAG(s) dict_keys(['example_weekday_branch_operator']) retrieved from /home/airflow/.local/lib/python3.7/site-packages/airflow/example_dags/example_branch_day_of_week_operator.py
[2023-06-28T14:31:26.989+0000] {logging_mixin.py:149} INFO - [2023-06-28T14:31:26.989+0000] {dag.py:2726} INFO - Sync 1 DAGs
[2023-06-28T14:31:27.036+0000] {logging_mixin.py:149} INFO - [2023-06-28T14:31:27.036+0000] {dag.py:3490} INFO - Setting next_dagrun for example_weekday_branch_operator to 2023-06-27T00:00:00+00:00, run_after=2023-06-28T00:00:00+00:00
[2023-06-28T14:31:27.073+0000] {processor.py:179} INFO - Processing /home/airflow/.local/lib/python3.7/site-packages/airflow/example_dags/example_branch_day_of_week_operator.py took 0.137 seconds
[2023-06-28T14:31:57.321+0000] {processor.py:157} INFO - Started process (PID=1842) to work on /home/airflow/.local/lib/python3.7/site-packages/airflow/example_dags/example_branch_day_of_week_operator.py
[2023-06-28T14:31:57.322+0000] {processor.py:826} INFO - Processing file /home/airflow/.local/lib/python3.7/site-packages/airflow/example_dags/example_branch_day_of_week_operator.py for tasks to queue
[2023-06-28T14:31:57.324+0000] {logging_mixin.py:149} INFO - [2023-06-28T14:31:57.324+0000] {dagbag.py:541} INFO - Filling up the DagBag from /home/airflow/.local/lib/python3.7/site-packages/airflow/example_dags/example_branch_day_of_week_operator.py
[2023-06-28T14:31:57.334+0000] {processor.py:836} INFO - DAG(s) dict_keys(['example_weekday_branch_operator']) retrieved from /home/airflow/.local/lib/python3.7/site-packages/airflow/example_dags/example_branch_day_of_week_operator.py
[2023-06-28T14:31:57.374+0000] {logging_mixin.py:149} INFO - [2023-06-28T14:31:57.374+0000] {dag.py:2726} INFO - Sync 1 DAGs
[2023-06-28T14:31:57.411+0000] {logging_mixin.py:149} INFO - [2023-06-28T14:31:57.411+0000] {dag.py:3490} INFO - Setting next_dagrun for example_weekday_branch_operator to 2023-06-27T00:00:00+00:00, run_after=2023-06-28T00:00:00+00:00
[2023-06-28T14:31:57.444+0000] {processor.py:179} INFO - Processing /home/airflow/.local/lib/python3.7/site-packages/airflow/example_dags/example_branch_day_of_week_operator.py took 0.128 seconds
[2023-06-28T14:32:27.560+0000] {processor.py:157} INFO - Started process (PID=1900) to work on /home/airflow/.local/lib/python3.7/site-packages/airflow/example_dags/example_branch_day_of_week_operator.py
[2023-06-28T14:32:27.562+0000] {processor.py:826} INFO - Processing file /home/airflow/.local/lib/python3.7/site-packages/airflow/example_dags/example_branch_day_of_week_operator.py for tasks to queue
[2023-06-28T14:32:27.565+0000] {logging_mixin.py:149} INFO - [2023-06-28T14:32:27.565+0000] {dagbag.py:541} INFO - Filling up the DagBag from /home/airflow/.local/lib/python3.7/site-packages/airflow/example_dags/example_branch_day_of_week_operator.py
[2023-06-28T14:32:27.579+0000] {processor.py:836} INFO - DAG(s) dict_keys(['example_weekday_branch_operator']) retrieved from /home/airflow/.local/lib/python3.7/site-packages/airflow/example_dags/example_branch_day_of_week_operator.py
[2023-06-28T14:32:27.627+0000] {logging_mixin.py:149} INFO - [2023-06-28T14:32:27.626+0000] {dag.py:2726} INFO - Sync 1 DAGs
[2023-06-28T14:32:27.686+0000] {logging_mixin.py:149} INFO - [2023-06-28T14:32:27.685+0000] {dag.py:3490} INFO - Setting next_dagrun for example_weekday_branch_operator to 2023-06-27T00:00:00+00:00, run_after=2023-06-28T00:00:00+00:00
[2023-06-28T14:32:27.740+0000] {processor.py:179} INFO - Processing /home/airflow/.local/lib/python3.7/site-packages/airflow/example_dags/example_branch_day_of_week_operator.py took 0.186 seconds
[2023-06-28T14:32:58.682+0000] {processor.py:157} INFO - Started process (PID=1958) to work on /home/airflow/.local/lib/python3.7/site-packages/airflow/example_dags/example_branch_day_of_week_operator.py
[2023-06-28T14:32:58.684+0000] {processor.py:826} INFO - Processing file /home/airflow/.local/lib/python3.7/site-packages/airflow/example_dags/example_branch_day_of_week_operator.py for tasks to queue
[2023-06-28T14:32:58.686+0000] {logging_mixin.py:149} INFO - [2023-06-28T14:32:58.685+0000] {dagbag.py:541} INFO - Filling up the DagBag from /home/airflow/.local/lib/python3.7/site-packages/airflow/example_dags/example_branch_day_of_week_operator.py
[2023-06-28T14:32:58.698+0000] {processor.py:836} INFO - DAG(s) dict_keys(['example_weekday_branch_operator']) retrieved from /home/airflow/.local/lib/python3.7/site-packages/airflow/example_dags/example_branch_day_of_week_operator.py
[2023-06-28T14:32:58.746+0000] {logging_mixin.py:149} INFO - [2023-06-28T14:32:58.746+0000] {dag.py:2726} INFO - Sync 1 DAGs
[2023-06-28T14:32:58.799+0000] {logging_mixin.py:149} INFO - [2023-06-28T14:32:58.799+0000] {dag.py:3490} INFO - Setting next_dagrun for example_weekday_branch_operator to 2023-06-27T00:00:00+00:00, run_after=2023-06-28T00:00:00+00:00
[2023-06-28T14:32:58.845+0000] {processor.py:179} INFO - Processing /home/airflow/.local/lib/python3.7/site-packages/airflow/example_dags/example_branch_day_of_week_operator.py took 0.169 seconds
[2023-06-28T14:33:28.932+0000] {processor.py:157} INFO - Started process (PID=2017) to work on /home/airflow/.local/lib/python3.7/site-packages/airflow/example_dags/example_branch_day_of_week_operator.py
[2023-06-28T14:33:28.933+0000] {processor.py:826} INFO - Processing file /home/airflow/.local/lib/python3.7/site-packages/airflow/example_dags/example_branch_day_of_week_operator.py for tasks to queue
[2023-06-28T14:33:28.935+0000] {logging_mixin.py:149} INFO - [2023-06-28T14:33:28.935+0000] {dagbag.py:541} INFO - Filling up the DagBag from /home/airflow/.local/lib/python3.7/site-packages/airflow/example_dags/example_branch_day_of_week_operator.py
[2023-06-28T14:33:28.947+0000] {processor.py:836} INFO - DAG(s) dict_keys(['example_weekday_branch_operator']) retrieved from /home/airflow/.local/lib/python3.7/site-packages/airflow/example_dags/example_branch_day_of_week_operator.py
[2023-06-28T14:33:28.988+0000] {logging_mixin.py:149} INFO - [2023-06-28T14:33:28.988+0000] {dag.py:2726} INFO - Sync 1 DAGs
[2023-06-28T14:33:29.035+0000] {logging_mixin.py:149} INFO - [2023-06-28T14:33:29.034+0000] {dag.py:3490} INFO - Setting next_dagrun for example_weekday_branch_operator to 2023-06-27T00:00:00+00:00, run_after=2023-06-28T00:00:00+00:00
[2023-06-28T14:33:29.071+0000] {processor.py:179} INFO - Processing /home/airflow/.local/lib/python3.7/site-packages/airflow/example_dags/example_branch_day_of_week_operator.py took 0.144 seconds
[2023-06-28T14:33:59.726+0000] {processor.py:157} INFO - Started process (PID=2071) to work on /home/airflow/.local/lib/python3.7/site-packages/airflow/example_dags/example_branch_day_of_week_operator.py
[2023-06-28T14:33:59.728+0000] {processor.py:826} INFO - Processing file /home/airflow/.local/lib/python3.7/site-packages/airflow/example_dags/example_branch_day_of_week_operator.py for tasks to queue
[2023-06-28T14:33:59.730+0000] {logging_mixin.py:149} INFO - [2023-06-28T14:33:59.729+0000] {dagbag.py:541} INFO - Filling up the DagBag from /home/airflow/.local/lib/python3.7/site-packages/airflow/example_dags/example_branch_day_of_week_operator.py
[2023-06-28T14:33:59.742+0000] {processor.py:836} INFO - DAG(s) dict_keys(['example_weekday_branch_operator']) retrieved from /home/airflow/.local/lib/python3.7/site-packages/airflow/example_dags/example_branch_day_of_week_operator.py
[2023-06-28T14:33:59.782+0000] {logging_mixin.py:149} INFO - [2023-06-28T14:33:59.782+0000] {dag.py:2726} INFO - Sync 1 DAGs
[2023-06-28T14:33:59.829+0000] {logging_mixin.py:149} INFO - [2023-06-28T14:33:59.828+0000] {dag.py:3490} INFO - Setting next_dagrun for example_weekday_branch_operator to 2023-06-27T00:00:00+00:00, run_after=2023-06-28T00:00:00+00:00
[2023-06-28T14:33:59.863+0000] {processor.py:179} INFO - Processing /home/airflow/.local/lib/python3.7/site-packages/airflow/example_dags/example_branch_day_of_week_operator.py took 0.142 seconds
[2023-06-28T14:34:30.553+0000] {processor.py:157} INFO - Started process (PID=2130) to work on /home/airflow/.local/lib/python3.7/site-packages/airflow/example_dags/example_branch_day_of_week_operator.py
[2023-06-28T14:34:30.556+0000] {processor.py:826} INFO - Processing file /home/airflow/.local/lib/python3.7/site-packages/airflow/example_dags/example_branch_day_of_week_operator.py for tasks to queue
[2023-06-28T14:34:30.558+0000] {logging_mixin.py:149} INFO - [2023-06-28T14:34:30.558+0000] {dagbag.py:541} INFO - Filling up the DagBag from /home/airflow/.local/lib/python3.7/site-packages/airflow/example_dags/example_branch_day_of_week_operator.py
[2023-06-28T14:34:30.582+0000] {processor.py:836} INFO - DAG(s) dict_keys(['example_weekday_branch_operator']) retrieved from /home/airflow/.local/lib/python3.7/site-packages/airflow/example_dags/example_branch_day_of_week_operator.py
[2023-06-28T14:34:30.648+0000] {logging_mixin.py:149} INFO - [2023-06-28T14:34:30.648+0000] {dag.py:2726} INFO - Sync 1 DAGs
[2023-06-28T14:34:30.725+0000] {logging_mixin.py:149} INFO - [2023-06-28T14:34:30.725+0000] {dag.py:3490} INFO - Setting next_dagrun for example_weekday_branch_operator to 2023-06-27T00:00:00+00:00, run_after=2023-06-28T00:00:00+00:00
[2023-06-28T14:34:30.767+0000] {processor.py:179} INFO - Processing /home/airflow/.local/lib/python3.7/site-packages/airflow/example_dags/example_branch_day_of_week_operator.py took 0.221 seconds
[2023-06-28T14:35:01.457+0000] {processor.py:157} INFO - Started process (PID=2190) to work on /home/airflow/.local/lib/python3.7/site-packages/airflow/example_dags/example_branch_day_of_week_operator.py
[2023-06-28T14:35:01.459+0000] {processor.py:826} INFO - Processing file /home/airflow/.local/lib/python3.7/site-packages/airflow/example_dags/example_branch_day_of_week_operator.py for tasks to queue
[2023-06-28T14:35:01.460+0000] {logging_mixin.py:149} INFO - [2023-06-28T14:35:01.460+0000] {dagbag.py:541} INFO - Filling up the DagBag from /home/airflow/.local/lib/python3.7/site-packages/airflow/example_dags/example_branch_day_of_week_operator.py
[2023-06-28T14:35:01.476+0000] {processor.py:836} INFO - DAG(s) dict_keys(['example_weekday_branch_operator']) retrieved from /home/airflow/.local/lib/python3.7/site-packages/airflow/example_dags/example_branch_day_of_week_operator.py
[2023-06-28T14:35:01.534+0000] {logging_mixin.py:149} INFO - [2023-06-28T14:35:01.533+0000] {dag.py:2726} INFO - Sync 1 DAGs
[2023-06-28T14:35:01.580+0000] {logging_mixin.py:149} INFO - [2023-06-28T14:35:01.580+0000] {dag.py:3490} INFO - Setting next_dagrun for example_weekday_branch_operator to 2023-06-27T00:00:00+00:00, run_after=2023-06-28T00:00:00+00:00
[2023-06-28T14:35:01.616+0000] {processor.py:179} INFO - Processing /home/airflow/.local/lib/python3.7/site-packages/airflow/example_dags/example_branch_day_of_week_operator.py took 0.166 seconds
[2023-06-28T14:35:31.696+0000] {processor.py:157} INFO - Started process (PID=2249) to work on /home/airflow/.local/lib/python3.7/site-packages/airflow/example_dags/example_branch_day_of_week_operator.py
[2023-06-28T14:35:31.697+0000] {processor.py:826} INFO - Processing file /home/airflow/.local/lib/python3.7/site-packages/airflow/example_dags/example_branch_day_of_week_operator.py for tasks to queue
[2023-06-28T14:35:31.699+0000] {logging_mixin.py:149} INFO - [2023-06-28T14:35:31.699+0000] {dagbag.py:541} INFO - Filling up the DagBag from /home/airflow/.local/lib/python3.7/site-packages/airflow/example_dags/example_branch_day_of_week_operator.py
[2023-06-28T14:35:31.715+0000] {processor.py:836} INFO - DAG(s) dict_keys(['example_weekday_branch_operator']) retrieved from /home/airflow/.local/lib/python3.7/site-packages/airflow/example_dags/example_branch_day_of_week_operator.py
[2023-06-28T14:35:31.759+0000] {logging_mixin.py:149} INFO - [2023-06-28T14:35:31.759+0000] {dag.py:2726} INFO - Sync 1 DAGs
[2023-06-28T14:35:31.805+0000] {logging_mixin.py:149} INFO - [2023-06-28T14:35:31.805+0000] {dag.py:3490} INFO - Setting next_dagrun for example_weekday_branch_operator to 2023-06-27T00:00:00+00:00, run_after=2023-06-28T00:00:00+00:00
[2023-06-28T14:35:31.849+0000] {processor.py:179} INFO - Processing /home/airflow/.local/lib/python3.7/site-packages/airflow/example_dags/example_branch_day_of_week_operator.py took 0.160 seconds
[2023-06-28T14:36:02.080+0000] {processor.py:157} INFO - Started process (PID=2309) to work on /home/airflow/.local/lib/python3.7/site-packages/airflow/example_dags/example_branch_day_of_week_operator.py
[2023-06-28T14:36:02.082+0000] {processor.py:826} INFO - Processing file /home/airflow/.local/lib/python3.7/site-packages/airflow/example_dags/example_branch_day_of_week_operator.py for tasks to queue
[2023-06-28T14:36:02.083+0000] {logging_mixin.py:149} INFO - [2023-06-28T14:36:02.083+0000] {dagbag.py:541} INFO - Filling up the DagBag from /home/airflow/.local/lib/python3.7/site-packages/airflow/example_dags/example_branch_day_of_week_operator.py
[2023-06-28T14:36:02.093+0000] {processor.py:836} INFO - DAG(s) dict_keys(['example_weekday_branch_operator']) retrieved from /home/airflow/.local/lib/python3.7/site-packages/airflow/example_dags/example_branch_day_of_week_operator.py
[2023-06-28T14:36:02.127+0000] {logging_mixin.py:149} INFO - [2023-06-28T14:36:02.126+0000] {dag.py:2726} INFO - Sync 1 DAGs
[2023-06-28T14:36:02.168+0000] {logging_mixin.py:149} INFO - [2023-06-28T14:36:02.168+0000] {dag.py:3490} INFO - Setting next_dagrun for example_weekday_branch_operator to 2023-06-27T00:00:00+00:00, run_after=2023-06-28T00:00:00+00:00
[2023-06-28T14:36:02.205+0000] {processor.py:179} INFO - Processing /home/airflow/.local/lib/python3.7/site-packages/airflow/example_dags/example_branch_day_of_week_operator.py took 0.130 seconds
[2023-06-28T14:36:32.417+0000] {processor.py:157} INFO - Started process (PID=2368) to work on /home/airflow/.local/lib/python3.7/site-packages/airflow/example_dags/example_branch_day_of_week_operator.py
[2023-06-28T14:36:32.419+0000] {processor.py:826} INFO - Processing file /home/airflow/.local/lib/python3.7/site-packages/airflow/example_dags/example_branch_day_of_week_operator.py for tasks to queue
[2023-06-28T14:36:32.420+0000] {logging_mixin.py:149} INFO - [2023-06-28T14:36:32.420+0000] {dagbag.py:541} INFO - Filling up the DagBag from /home/airflow/.local/lib/python3.7/site-packages/airflow/example_dags/example_branch_day_of_week_operator.py
[2023-06-28T14:36:32.440+0000] {processor.py:836} INFO - DAG(s) dict_keys(['example_weekday_branch_operator']) retrieved from /home/airflow/.local/lib/python3.7/site-packages/airflow/example_dags/example_branch_day_of_week_operator.py
[2023-06-28T14:36:32.484+0000] {logging_mixin.py:149} INFO - [2023-06-28T14:36:32.484+0000] {dag.py:2726} INFO - Sync 1 DAGs
[2023-06-28T14:36:32.524+0000] {logging_mixin.py:149} INFO - [2023-06-28T14:36:32.524+0000] {dag.py:3490} INFO - Setting next_dagrun for example_weekday_branch_operator to 2023-06-27T00:00:00+00:00, run_after=2023-06-28T00:00:00+00:00
[2023-06-28T14:36:32.573+0000] {processor.py:179} INFO - Processing /home/airflow/.local/lib/python3.7/site-packages/airflow/example_dags/example_branch_day_of_week_operator.py took 0.162 seconds
[2023-06-28T14:37:02.833+0000] {processor.py:157} INFO - Started process (PID=2427) to work on /home/airflow/.local/lib/python3.7/site-packages/airflow/example_dags/example_branch_day_of_week_operator.py
[2023-06-28T14:37:02.835+0000] {processor.py:826} INFO - Processing file /home/airflow/.local/lib/python3.7/site-packages/airflow/example_dags/example_branch_day_of_week_operator.py for tasks to queue
[2023-06-28T14:37:02.836+0000] {logging_mixin.py:149} INFO - [2023-06-28T14:37:02.836+0000] {dagbag.py:541} INFO - Filling up the DagBag from /home/airflow/.local/lib/python3.7/site-packages/airflow/example_dags/example_branch_day_of_week_operator.py
[2023-06-28T14:37:02.849+0000] {processor.py:836} INFO - DAG(s) dict_keys(['example_weekday_branch_operator']) retrieved from /home/airflow/.local/lib/python3.7/site-packages/airflow/example_dags/example_branch_day_of_week_operator.py
[2023-06-28T14:37:02.896+0000] {logging_mixin.py:149} INFO - [2023-06-28T14:37:02.896+0000] {dag.py:2726} INFO - Sync 1 DAGs
[2023-06-28T14:37:02.941+0000] {logging_mixin.py:149} INFO - [2023-06-28T14:37:02.941+0000] {dag.py:3490} INFO - Setting next_dagrun for example_weekday_branch_operator to 2023-06-27T00:00:00+00:00, run_after=2023-06-28T00:00:00+00:00
[2023-06-28T14:37:02.989+0000] {processor.py:179} INFO - Processing /home/airflow/.local/lib/python3.7/site-packages/airflow/example_dags/example_branch_day_of_week_operator.py took 0.161 seconds
[2023-06-28T14:37:33.157+0000] {processor.py:157} INFO - Started process (PID=2486) to work on /home/airflow/.local/lib/python3.7/site-packages/airflow/example_dags/example_branch_day_of_week_operator.py
[2023-06-28T14:37:33.159+0000] {processor.py:826} INFO - Processing file /home/airflow/.local/lib/python3.7/site-packages/airflow/example_dags/example_branch_day_of_week_operator.py for tasks to queue
[2023-06-28T14:37:33.160+0000] {logging_mixin.py:149} INFO - [2023-06-28T14:37:33.160+0000] {dagbag.py:541} INFO - Filling up the DagBag from /home/airflow/.local/lib/python3.7/site-packages/airflow/example_dags/example_branch_day_of_week_operator.py
[2023-06-28T14:37:33.173+0000] {processor.py:836} INFO - DAG(s) dict_keys(['example_weekday_branch_operator']) retrieved from /home/airflow/.local/lib/python3.7/site-packages/airflow/example_dags/example_branch_day_of_week_operator.py
[2023-06-28T14:37:33.216+0000] {logging_mixin.py:149} INFO - [2023-06-28T14:37:33.216+0000] {dag.py:2726} INFO - Sync 1 DAGs
[2023-06-28T14:37:33.257+0000] {logging_mixin.py:149} INFO - [2023-06-28T14:37:33.256+0000] {dag.py:3490} INFO - Setting next_dagrun for example_weekday_branch_operator to 2023-06-27T00:00:00+00:00, run_after=2023-06-28T00:00:00+00:00
[2023-06-28T14:37:33.290+0000] {processor.py:179} INFO - Processing /home/airflow/.local/lib/python3.7/site-packages/airflow/example_dags/example_branch_day_of_week_operator.py took 0.139 seconds
[2023-06-28T14:38:03.472+0000] {processor.py:157} INFO - Started process (PID=2546) to work on /home/airflow/.local/lib/python3.7/site-packages/airflow/example_dags/example_branch_day_of_week_operator.py
[2023-06-28T14:38:03.474+0000] {processor.py:826} INFO - Processing file /home/airflow/.local/lib/python3.7/site-packages/airflow/example_dags/example_branch_day_of_week_operator.py for tasks to queue
[2023-06-28T14:38:03.475+0000] {logging_mixin.py:149} INFO - [2023-06-28T14:38:03.475+0000] {dagbag.py:541} INFO - Filling up the DagBag from /home/airflow/.local/lib/python3.7/site-packages/airflow/example_dags/example_branch_day_of_week_operator.py
[2023-06-28T14:38:03.488+0000] {processor.py:836} INFO - DAG(s) dict_keys(['example_weekday_branch_operator']) retrieved from /home/airflow/.local/lib/python3.7/site-packages/airflow/example_dags/example_branch_day_of_week_operator.py
[2023-06-28T14:38:03.538+0000] {logging_mixin.py:149} INFO - [2023-06-28T14:38:03.537+0000] {dag.py:2726} INFO - Sync 1 DAGs
[2023-06-28T14:38:03.586+0000] {logging_mixin.py:149} INFO - [2023-06-28T14:38:03.586+0000] {dag.py:3490} INFO - Setting next_dagrun for example_weekday_branch_operator to 2023-06-27T00:00:00+00:00, run_after=2023-06-28T00:00:00+00:00
[2023-06-28T14:38:03.623+0000] {processor.py:179} INFO - Processing /home/airflow/.local/lib/python3.7/site-packages/airflow/example_dags/example_branch_day_of_week_operator.py took 0.157 seconds
[2023-06-28T14:38:33.842+0000] {processor.py:157} INFO - Started process (PID=2605) to work on /home/airflow/.local/lib/python3.7/site-packages/airflow/example_dags/example_branch_day_of_week_operator.py
[2023-06-28T14:38:33.844+0000] {processor.py:826} INFO - Processing file /home/airflow/.local/lib/python3.7/site-packages/airflow/example_dags/example_branch_day_of_week_operator.py for tasks to queue
[2023-06-28T14:38:33.845+0000] {logging_mixin.py:149} INFO - [2023-06-28T14:38:33.845+0000] {dagbag.py:541} INFO - Filling up the DagBag from /home/airflow/.local/lib/python3.7/site-packages/airflow/example_dags/example_branch_day_of_week_operator.py
[2023-06-28T14:38:33.858+0000] {processor.py:836} INFO - DAG(s) dict_keys(['example_weekday_branch_operator']) retrieved from /home/airflow/.local/lib/python3.7/site-packages/airflow/example_dags/example_branch_day_of_week_operator.py
[2023-06-28T14:38:33.897+0000] {logging_mixin.py:149} INFO - [2023-06-28T14:38:33.897+0000] {dag.py:2726} INFO - Sync 1 DAGs
[2023-06-28T14:38:33.934+0000] {logging_mixin.py:149} INFO - [2023-06-28T14:38:33.934+0000] {dag.py:3490} INFO - Setting next_dagrun for example_weekday_branch_operator to 2023-06-27T00:00:00+00:00, run_after=2023-06-28T00:00:00+00:00
[2023-06-28T14:38:33.971+0000] {processor.py:179} INFO - Processing /home/airflow/.local/lib/python3.7/site-packages/airflow/example_dags/example_branch_day_of_week_operator.py took 0.133 seconds
[2023-06-28T14:39:04.359+0000] {processor.py:157} INFO - Started process (PID=2664) to work on /home/airflow/.local/lib/python3.7/site-packages/airflow/example_dags/example_branch_day_of_week_operator.py
[2023-06-28T14:39:04.361+0000] {processor.py:826} INFO - Processing file /home/airflow/.local/lib/python3.7/site-packages/airflow/example_dags/example_branch_day_of_week_operator.py for tasks to queue
[2023-06-28T14:39:04.362+0000] {logging_mixin.py:149} INFO - [2023-06-28T14:39:04.362+0000] {dagbag.py:541} INFO - Filling up the DagBag from /home/airflow/.local/lib/python3.7/site-packages/airflow/example_dags/example_branch_day_of_week_operator.py
[2023-06-28T14:39:04.375+0000] {processor.py:836} INFO - DAG(s) dict_keys(['example_weekday_branch_operator']) retrieved from /home/airflow/.local/lib/python3.7/site-packages/airflow/example_dags/example_branch_day_of_week_operator.py
[2023-06-28T14:39:04.417+0000] {logging_mixin.py:149} INFO - [2023-06-28T14:39:04.416+0000] {dag.py:2726} INFO - Sync 1 DAGs
[2023-06-28T14:39:04.462+0000] {logging_mixin.py:149} INFO - [2023-06-28T14:39:04.461+0000] {dag.py:3490} INFO - Setting next_dagrun for example_weekday_branch_operator to 2023-06-27T00:00:00+00:00, run_after=2023-06-28T00:00:00+00:00
[2023-06-28T14:39:04.499+0000] {processor.py:179} INFO - Processing /home/airflow/.local/lib/python3.7/site-packages/airflow/example_dags/example_branch_day_of_week_operator.py took 0.145 seconds
[2023-06-28T14:39:34.868+0000] {processor.py:157} INFO - Started process (PID=2723) to work on /home/airflow/.local/lib/python3.7/site-packages/airflow/example_dags/example_branch_day_of_week_operator.py
[2023-06-28T14:39:34.870+0000] {processor.py:826} INFO - Processing file /home/airflow/.local/lib/python3.7/site-packages/airflow/example_dags/example_branch_day_of_week_operator.py for tasks to queue
[2023-06-28T14:39:34.871+0000] {logging_mixin.py:149} INFO - [2023-06-28T14:39:34.871+0000] {dagbag.py:541} INFO - Filling up the DagBag from /home/airflow/.local/lib/python3.7/site-packages/airflow/example_dags/example_branch_day_of_week_operator.py
[2023-06-28T14:39:34.881+0000] {processor.py:836} INFO - DAG(s) dict_keys(['example_weekday_branch_operator']) retrieved from /home/airflow/.local/lib/python3.7/site-packages/airflow/example_dags/example_branch_day_of_week_operator.py
[2023-06-28T14:39:34.919+0000] {logging_mixin.py:149} INFO - [2023-06-28T14:39:34.919+0000] {dag.py:2726} INFO - Sync 1 DAGs
[2023-06-28T14:39:34.961+0000] {logging_mixin.py:149} INFO - [2023-06-28T14:39:34.961+0000] {dag.py:3490} INFO - Setting next_dagrun for example_weekday_branch_operator to 2023-06-27T00:00:00+00:00, run_after=2023-06-28T00:00:00+00:00
[2023-06-28T14:39:34.999+0000] {processor.py:179} INFO - Processing /home/airflow/.local/lib/python3.7/site-packages/airflow/example_dags/example_branch_day_of_week_operator.py took 0.135 seconds
[2023-06-28T14:40:05.413+0000] {processor.py:157} INFO - Started process (PID=2783) to work on /home/airflow/.local/lib/python3.7/site-packages/airflow/example_dags/example_branch_day_of_week_operator.py
[2023-06-28T14:40:05.415+0000] {processor.py:826} INFO - Processing file /home/airflow/.local/lib/python3.7/site-packages/airflow/example_dags/example_branch_day_of_week_operator.py for tasks to queue
[2023-06-28T14:40:05.417+0000] {logging_mixin.py:149} INFO - [2023-06-28T14:40:05.417+0000] {dagbag.py:541} INFO - Filling up the DagBag from /home/airflow/.local/lib/python3.7/site-packages/airflow/example_dags/example_branch_day_of_week_operator.py
[2023-06-28T14:40:05.435+0000] {processor.py:836} INFO - DAG(s) dict_keys(['example_weekday_branch_operator']) retrieved from /home/airflow/.local/lib/python3.7/site-packages/airflow/example_dags/example_branch_day_of_week_operator.py
[2023-06-28T14:40:05.488+0000] {logging_mixin.py:149} INFO - [2023-06-28T14:40:05.488+0000] {dag.py:2726} INFO - Sync 1 DAGs
[2023-06-28T14:40:05.544+0000] {logging_mixin.py:149} INFO - [2023-06-28T14:40:05.544+0000] {dag.py:3490} INFO - Setting next_dagrun for example_weekday_branch_operator to 2023-06-27T00:00:00+00:00, run_after=2023-06-28T00:00:00+00:00
[2023-06-28T14:40:05.582+0000] {processor.py:179} INFO - Processing /home/airflow/.local/lib/python3.7/site-packages/airflow/example_dags/example_branch_day_of_week_operator.py took 0.175 seconds
[2023-06-28T14:40:35.660+0000] {processor.py:157} INFO - Started process (PID=2842) to work on /home/airflow/.local/lib/python3.7/site-packages/airflow/example_dags/example_branch_day_of_week_operator.py
[2023-06-28T14:40:35.661+0000] {processor.py:826} INFO - Processing file /home/airflow/.local/lib/python3.7/site-packages/airflow/example_dags/example_branch_day_of_week_operator.py for tasks to queue
[2023-06-28T14:40:35.663+0000] {logging_mixin.py:149} INFO - [2023-06-28T14:40:35.662+0000] {dagbag.py:541} INFO - Filling up the DagBag from /home/airflow/.local/lib/python3.7/site-packages/airflow/example_dags/example_branch_day_of_week_operator.py
[2023-06-28T14:40:35.673+0000] {processor.py:836} INFO - DAG(s) dict_keys(['example_weekday_branch_operator']) retrieved from /home/airflow/.local/lib/python3.7/site-packages/airflow/example_dags/example_branch_day_of_week_operator.py
[2023-06-28T14:40:35.707+0000] {logging_mixin.py:149} INFO - [2023-06-28T14:40:35.707+0000] {dag.py:2726} INFO - Sync 1 DAGs
[2023-06-28T14:40:35.781+0000] {logging_mixin.py:149} INFO - [2023-06-28T14:40:35.781+0000] {dag.py:3490} INFO - Setting next_dagrun for example_weekday_branch_operator to 2023-06-27T00:00:00+00:00, run_after=2023-06-28T00:00:00+00:00
[2023-06-28T14:40:35.824+0000] {processor.py:179} INFO - Processing /home/airflow/.local/lib/python3.7/site-packages/airflow/example_dags/example_branch_day_of_week_operator.py took 0.168 seconds
[2023-06-28T14:41:05.989+0000] {processor.py:157} INFO - Started process (PID=2901) to work on /home/airflow/.local/lib/python3.7/site-packages/airflow/example_dags/example_branch_day_of_week_operator.py
[2023-06-28T14:41:05.991+0000] {processor.py:826} INFO - Processing file /home/airflow/.local/lib/python3.7/site-packages/airflow/example_dags/example_branch_day_of_week_operator.py for tasks to queue
[2023-06-28T14:41:05.992+0000] {logging_mixin.py:149} INFO - [2023-06-28T14:41:05.992+0000] {dagbag.py:541} INFO - Filling up the DagBag from /home/airflow/.local/lib/python3.7/site-packages/airflow/example_dags/example_branch_day_of_week_operator.py
[2023-06-28T14:41:06.004+0000] {processor.py:836} INFO - DAG(s) dict_keys(['example_weekday_branch_operator']) retrieved from /home/airflow/.local/lib/python3.7/site-packages/airflow/example_dags/example_branch_day_of_week_operator.py
[2023-06-28T14:41:06.039+0000] {logging_mixin.py:149} INFO - [2023-06-28T14:41:06.039+0000] {dag.py:2726} INFO - Sync 1 DAGs
[2023-06-28T14:41:06.074+0000] {logging_mixin.py:149} INFO - [2023-06-28T14:41:06.074+0000] {dag.py:3490} INFO - Setting next_dagrun for example_weekday_branch_operator to 2023-06-27T00:00:00+00:00, run_after=2023-06-28T00:00:00+00:00
[2023-06-28T14:41:06.108+0000] {processor.py:179} INFO - Processing /home/airflow/.local/lib/python3.7/site-packages/airflow/example_dags/example_branch_day_of_week_operator.py took 0.122 seconds
[2023-06-28T14:41:36.703+0000] {processor.py:157} INFO - Started process (PID=2961) to work on /home/airflow/.local/lib/python3.7/site-packages/airflow/example_dags/example_branch_day_of_week_operator.py
[2023-06-28T14:41:36.707+0000] {processor.py:826} INFO - Processing file /home/airflow/.local/lib/python3.7/site-packages/airflow/example_dags/example_branch_day_of_week_operator.py for tasks to queue
[2023-06-28T14:41:36.709+0000] {logging_mixin.py:149} INFO - [2023-06-28T14:41:36.708+0000] {dagbag.py:541} INFO - Filling up the DagBag from /home/airflow/.local/lib/python3.7/site-packages/airflow/example_dags/example_branch_day_of_week_operator.py
[2023-06-28T14:41:36.726+0000] {processor.py:836} INFO - DAG(s) dict_keys(['example_weekday_branch_operator']) retrieved from /home/airflow/.local/lib/python3.7/site-packages/airflow/example_dags/example_branch_day_of_week_operator.py
[2023-06-28T14:41:36.779+0000] {logging_mixin.py:149} INFO - [2023-06-28T14:41:36.779+0000] {dag.py:2726} INFO - Sync 1 DAGs
[2023-06-28T14:41:36.827+0000] {logging_mixin.py:149} INFO - [2023-06-28T14:41:36.827+0000] {dag.py:3490} INFO - Setting next_dagrun for example_weekday_branch_operator to 2023-06-27T00:00:00+00:00, run_after=2023-06-28T00:00:00+00:00
[2023-06-28T14:41:36.864+0000] {processor.py:179} INFO - Processing /home/airflow/.local/lib/python3.7/site-packages/airflow/example_dags/example_branch_day_of_week_operator.py took 0.168 seconds
[2023-06-28T14:42:06.990+0000] {processor.py:157} INFO - Started process (PID=3019) to work on /home/airflow/.local/lib/python3.7/site-packages/airflow/example_dags/example_branch_day_of_week_operator.py
[2023-06-28T14:42:06.992+0000] {processor.py:826} INFO - Processing file /home/airflow/.local/lib/python3.7/site-packages/airflow/example_dags/example_branch_day_of_week_operator.py for tasks to queue
[2023-06-28T14:42:06.994+0000] {logging_mixin.py:149} INFO - [2023-06-28T14:42:06.994+0000] {dagbag.py:541} INFO - Filling up the DagBag from /home/airflow/.local/lib/python3.7/site-packages/airflow/example_dags/example_branch_day_of_week_operator.py
[2023-06-28T14:42:07.009+0000] {processor.py:836} INFO - DAG(s) dict_keys(['example_weekday_branch_operator']) retrieved from /home/airflow/.local/lib/python3.7/site-packages/airflow/example_dags/example_branch_day_of_week_operator.py
[2023-06-28T14:42:07.053+0000] {logging_mixin.py:149} INFO - [2023-06-28T14:42:07.052+0000] {dag.py:2726} INFO - Sync 1 DAGs
[2023-06-28T14:42:07.144+0000] {logging_mixin.py:149} INFO - [2023-06-28T14:42:07.143+0000] {dag.py:3490} INFO - Setting next_dagrun for example_weekday_branch_operator to 2023-06-27T00:00:00+00:00, run_after=2023-06-28T00:00:00+00:00
[2023-06-28T14:42:07.209+0000] {processor.py:179} INFO - Processing /home/airflow/.local/lib/python3.7/site-packages/airflow/example_dags/example_branch_day_of_week_operator.py took 0.224 seconds
[2023-06-28T14:42:37.777+0000] {processor.py:157} INFO - Started process (PID=3079) to work on /home/airflow/.local/lib/python3.7/site-packages/airflow/example_dags/example_branch_day_of_week_operator.py
[2023-06-28T14:42:37.779+0000] {processor.py:826} INFO - Processing file /home/airflow/.local/lib/python3.7/site-packages/airflow/example_dags/example_branch_day_of_week_operator.py for tasks to queue
[2023-06-28T14:42:37.780+0000] {logging_mixin.py:149} INFO - [2023-06-28T14:42:37.780+0000] {dagbag.py:541} INFO - Filling up the DagBag from /home/airflow/.local/lib/python3.7/site-packages/airflow/example_dags/example_branch_day_of_week_operator.py
[2023-06-28T14:42:37.793+0000] {processor.py:836} INFO - DAG(s) dict_keys(['example_weekday_branch_operator']) retrieved from /home/airflow/.local/lib/python3.7/site-packages/airflow/example_dags/example_branch_day_of_week_operator.py
[2023-06-28T14:42:37.833+0000] {logging_mixin.py:149} INFO - [2023-06-28T14:42:37.833+0000] {dag.py:2726} INFO - Sync 1 DAGs
[2023-06-28T14:42:37.874+0000] {logging_mixin.py:149} INFO - [2023-06-28T14:42:37.874+0000] {dag.py:3490} INFO - Setting next_dagrun for example_weekday_branch_operator to 2023-06-27T00:00:00+00:00, run_after=2023-06-28T00:00:00+00:00
[2023-06-28T14:42:37.915+0000] {processor.py:179} INFO - Processing /home/airflow/.local/lib/python3.7/site-packages/airflow/example_dags/example_branch_day_of_week_operator.py took 0.143 seconds
[2023-06-28T14:43:08.058+0000] {processor.py:157} INFO - Started process (PID=3138) to work on /home/airflow/.local/lib/python3.7/site-packages/airflow/example_dags/example_branch_day_of_week_operator.py
[2023-06-28T14:43:08.059+0000] {processor.py:826} INFO - Processing file /home/airflow/.local/lib/python3.7/site-packages/airflow/example_dags/example_branch_day_of_week_operator.py for tasks to queue
[2023-06-28T14:43:08.060+0000] {logging_mixin.py:149} INFO - [2023-06-28T14:43:08.060+0000] {dagbag.py:541} INFO - Filling up the DagBag from /home/airflow/.local/lib/python3.7/site-packages/airflow/example_dags/example_branch_day_of_week_operator.py
[2023-06-28T14:43:08.070+0000] {processor.py:836} INFO - DAG(s) dict_keys(['example_weekday_branch_operator']) retrieved from /home/airflow/.local/lib/python3.7/site-packages/airflow/example_dags/example_branch_day_of_week_operator.py
[2023-06-28T14:43:08.105+0000] {logging_mixin.py:149} INFO - [2023-06-28T14:43:08.104+0000] {dag.py:2726} INFO - Sync 1 DAGs
[2023-06-28T14:43:08.141+0000] {logging_mixin.py:149} INFO - [2023-06-28T14:43:08.141+0000] {dag.py:3490} INFO - Setting next_dagrun for example_weekday_branch_operator to 2023-06-27T00:00:00+00:00, run_after=2023-06-28T00:00:00+00:00
[2023-06-28T14:43:08.173+0000] {processor.py:179} INFO - Processing /home/airflow/.local/lib/python3.7/site-packages/airflow/example_dags/example_branch_day_of_week_operator.py took 0.120 seconds
[2023-06-28T14:43:39.398+0000] {processor.py:157} INFO - Started process (PID=3198) to work on /home/airflow/.local/lib/python3.7/site-packages/airflow/example_dags/example_branch_day_of_week_operator.py
[2023-06-28T14:43:39.400+0000] {processor.py:826} INFO - Processing file /home/airflow/.local/lib/python3.7/site-packages/airflow/example_dags/example_branch_day_of_week_operator.py for tasks to queue
[2023-06-28T14:43:39.401+0000] {logging_mixin.py:149} INFO - [2023-06-28T14:43:39.401+0000] {dagbag.py:541} INFO - Filling up the DagBag from /home/airflow/.local/lib/python3.7/site-packages/airflow/example_dags/example_branch_day_of_week_operator.py
[2023-06-28T14:43:39.425+0000] {processor.py:836} INFO - DAG(s) dict_keys(['example_weekday_branch_operator']) retrieved from /home/airflow/.local/lib/python3.7/site-packages/airflow/example_dags/example_branch_day_of_week_operator.py
[2023-06-28T14:43:39.523+0000] {logging_mixin.py:149} INFO - [2023-06-28T14:43:39.522+0000] {dag.py:2726} INFO - Sync 1 DAGs
[2023-06-28T14:43:39.640+0000] {logging_mixin.py:149} INFO - [2023-06-28T14:43:39.640+0000] {dag.py:3490} INFO - Setting next_dagrun for example_weekday_branch_operator to 2023-06-27T00:00:00+00:00, run_after=2023-06-28T00:00:00+00:00
[2023-06-28T14:43:39.718+0000] {processor.py:179} INFO - Processing /home/airflow/.local/lib/python3.7/site-packages/airflow/example_dags/example_branch_day_of_week_operator.py took 0.332 seconds
[2023-06-28T14:44:09.876+0000] {processor.py:157} INFO - Started process (PID=3256) to work on /home/airflow/.local/lib/python3.7/site-packages/airflow/example_dags/example_branch_day_of_week_operator.py
[2023-06-28T14:44:09.877+0000] {processor.py:826} INFO - Processing file /home/airflow/.local/lib/python3.7/site-packages/airflow/example_dags/example_branch_day_of_week_operator.py for tasks to queue
[2023-06-28T14:44:09.879+0000] {logging_mixin.py:149} INFO - [2023-06-28T14:44:09.879+0000] {dagbag.py:541} INFO - Filling up the DagBag from /home/airflow/.local/lib/python3.7/site-packages/airflow/example_dags/example_branch_day_of_week_operator.py
[2023-06-28T14:44:09.899+0000] {processor.py:836} INFO - DAG(s) dict_keys(['example_weekday_branch_operator']) retrieved from /home/airflow/.local/lib/python3.7/site-packages/airflow/example_dags/example_branch_day_of_week_operator.py
[2023-06-28T14:44:10.015+0000] {logging_mixin.py:149} INFO - [2023-06-28T14:44:10.015+0000] {dag.py:2726} INFO - Sync 1 DAGs
[2023-06-28T14:44:10.111+0000] {logging_mixin.py:149} INFO - [2023-06-28T14:44:10.111+0000] {dag.py:3490} INFO - Setting next_dagrun for example_weekday_branch_operator to 2023-06-27T00:00:00+00:00, run_after=2023-06-28T00:00:00+00:00
[2023-06-28T14:44:10.278+0000] {processor.py:179} INFO - Processing /home/airflow/.local/lib/python3.7/site-packages/airflow/example_dags/example_branch_day_of_week_operator.py took 0.409 seconds
[2023-06-28T14:44:40.457+0000] {processor.py:157} INFO - Started process (PID=3314) to work on /home/airflow/.local/lib/python3.7/site-packages/airflow/example_dags/example_branch_day_of_week_operator.py
[2023-06-28T14:44:40.459+0000] {processor.py:826} INFO - Processing file /home/airflow/.local/lib/python3.7/site-packages/airflow/example_dags/example_branch_day_of_week_operator.py for tasks to queue
[2023-06-28T14:44:40.469+0000] {logging_mixin.py:149} INFO - [2023-06-28T14:44:40.469+0000] {dagbag.py:541} INFO - Filling up the DagBag from /home/airflow/.local/lib/python3.7/site-packages/airflow/example_dags/example_branch_day_of_week_operator.py
[2023-06-28T14:44:40.519+0000] {processor.py:836} INFO - DAG(s) dict_keys(['example_weekday_branch_operator']) retrieved from /home/airflow/.local/lib/python3.7/site-packages/airflow/example_dags/example_branch_day_of_week_operator.py
[2023-06-28T14:44:40.616+0000] {logging_mixin.py:149} INFO - [2023-06-28T14:44:40.615+0000] {dag.py:2726} INFO - Sync 1 DAGs
[2023-06-28T14:44:40.748+0000] {logging_mixin.py:149} INFO - [2023-06-28T14:44:40.747+0000] {dag.py:3490} INFO - Setting next_dagrun for example_weekday_branch_operator to 2023-06-27T00:00:00+00:00, run_after=2023-06-28T00:00:00+00:00
[2023-06-28T14:44:40.846+0000] {processor.py:179} INFO - Processing /home/airflow/.local/lib/python3.7/site-packages/airflow/example_dags/example_branch_day_of_week_operator.py took 0.396 seconds
[2023-06-28T14:45:11.457+0000] {processor.py:157} INFO - Started process (PID=3374) to work on /home/airflow/.local/lib/python3.7/site-packages/airflow/example_dags/example_branch_day_of_week_operator.py
[2023-06-28T14:45:11.460+0000] {processor.py:826} INFO - Processing file /home/airflow/.local/lib/python3.7/site-packages/airflow/example_dags/example_branch_day_of_week_operator.py for tasks to queue
[2023-06-28T14:45:11.462+0000] {logging_mixin.py:149} INFO - [2023-06-28T14:45:11.462+0000] {dagbag.py:541} INFO - Filling up the DagBag from /home/airflow/.local/lib/python3.7/site-packages/airflow/example_dags/example_branch_day_of_week_operator.py
[2023-06-28T14:45:11.520+0000] {processor.py:836} INFO - DAG(s) dict_keys(['example_weekday_branch_operator']) retrieved from /home/airflow/.local/lib/python3.7/site-packages/airflow/example_dags/example_branch_day_of_week_operator.py
[2023-06-28T14:45:11.607+0000] {logging_mixin.py:149} INFO - [2023-06-28T14:45:11.607+0000] {dag.py:2726} INFO - Sync 1 DAGs
[2023-06-28T14:45:11.676+0000] {logging_mixin.py:149} INFO - [2023-06-28T14:45:11.676+0000] {dag.py:3490} INFO - Setting next_dagrun for example_weekday_branch_operator to 2023-06-27T00:00:00+00:00, run_after=2023-06-28T00:00:00+00:00
[2023-06-28T14:45:11.795+0000] {processor.py:179} INFO - Processing /home/airflow/.local/lib/python3.7/site-packages/airflow/example_dags/example_branch_day_of_week_operator.py took 0.354 seconds
[2023-06-28T14:45:42.571+0000] {processor.py:157} INFO - Started process (PID=3435) to work on /home/airflow/.local/lib/python3.7/site-packages/airflow/example_dags/example_branch_day_of_week_operator.py
[2023-06-28T14:45:42.573+0000] {processor.py:826} INFO - Processing file /home/airflow/.local/lib/python3.7/site-packages/airflow/example_dags/example_branch_day_of_week_operator.py for tasks to queue
[2023-06-28T14:45:42.576+0000] {logging_mixin.py:149} INFO - [2023-06-28T14:45:42.575+0000] {dagbag.py:541} INFO - Filling up the DagBag from /home/airflow/.local/lib/python3.7/site-packages/airflow/example_dags/example_branch_day_of_week_operator.py
[2023-06-28T14:45:42.603+0000] {processor.py:836} INFO - DAG(s) dict_keys(['example_weekday_branch_operator']) retrieved from /home/airflow/.local/lib/python3.7/site-packages/airflow/example_dags/example_branch_day_of_week_operator.py
[2023-06-28T14:45:42.653+0000] {logging_mixin.py:149} INFO - [2023-06-28T14:45:42.653+0000] {dag.py:2726} INFO - Sync 1 DAGs
[2023-06-28T14:45:42.708+0000] {logging_mixin.py:149} INFO - [2023-06-28T14:45:42.708+0000] {dag.py:3490} INFO - Setting next_dagrun for example_weekday_branch_operator to 2023-06-27T00:00:00+00:00, run_after=2023-06-28T00:00:00+00:00
[2023-06-28T14:45:42.764+0000] {processor.py:179} INFO - Processing /home/airflow/.local/lib/python3.7/site-packages/airflow/example_dags/example_branch_day_of_week_operator.py took 0.200 seconds
[2023-06-28T14:46:13.738+0000] {processor.py:157} INFO - Started process (PID=3494) to work on /home/airflow/.local/lib/python3.7/site-packages/airflow/example_dags/example_branch_day_of_week_operator.py
[2023-06-28T14:46:13.741+0000] {processor.py:826} INFO - Processing file /home/airflow/.local/lib/python3.7/site-packages/airflow/example_dags/example_branch_day_of_week_operator.py for tasks to queue
[2023-06-28T14:46:13.757+0000] {logging_mixin.py:149} INFO - [2023-06-28T14:46:13.757+0000] {dagbag.py:541} INFO - Filling up the DagBag from /home/airflow/.local/lib/python3.7/site-packages/airflow/example_dags/example_branch_day_of_week_operator.py
[2023-06-28T14:46:13.793+0000] {processor.py:836} INFO - DAG(s) dict_keys(['example_weekday_branch_operator']) retrieved from /home/airflow/.local/lib/python3.7/site-packages/airflow/example_dags/example_branch_day_of_week_operator.py
[2023-06-28T14:46:13.910+0000] {logging_mixin.py:149} INFO - [2023-06-28T14:46:13.909+0000] {dag.py:2726} INFO - Sync 1 DAGs
[2023-06-28T14:46:14.056+0000] {logging_mixin.py:149} INFO - [2023-06-28T14:46:14.056+0000] {dag.py:3490} INFO - Setting next_dagrun for example_weekday_branch_operator to 2023-06-27T00:00:00+00:00, run_after=2023-06-28T00:00:00+00:00
[2023-06-28T14:46:14.177+0000] {processor.py:179} INFO - Processing /home/airflow/.local/lib/python3.7/site-packages/airflow/example_dags/example_branch_day_of_week_operator.py took 0.466 seconds
[2023-06-28T14:46:44.358+0000] {processor.py:157} INFO - Started process (PID=3553) to work on /home/airflow/.local/lib/python3.7/site-packages/airflow/example_dags/example_branch_day_of_week_operator.py
[2023-06-28T14:46:44.360+0000] {processor.py:826} INFO - Processing file /home/airflow/.local/lib/python3.7/site-packages/airflow/example_dags/example_branch_day_of_week_operator.py for tasks to queue
[2023-06-28T14:46:44.361+0000] {logging_mixin.py:149} INFO - [2023-06-28T14:46:44.361+0000] {dagbag.py:541} INFO - Filling up the DagBag from /home/airflow/.local/lib/python3.7/site-packages/airflow/example_dags/example_branch_day_of_week_operator.py
[2023-06-28T14:46:44.389+0000] {processor.py:836} INFO - DAG(s) dict_keys(['example_weekday_branch_operator']) retrieved from /home/airflow/.local/lib/python3.7/site-packages/airflow/example_dags/example_branch_day_of_week_operator.py
[2023-06-28T14:46:44.443+0000] {logging_mixin.py:149} INFO - [2023-06-28T14:46:44.443+0000] {dag.py:2726} INFO - Sync 1 DAGs
[2023-06-28T14:46:44.517+0000] {logging_mixin.py:149} INFO - [2023-06-28T14:46:44.516+0000] {dag.py:3490} INFO - Setting next_dagrun for example_weekday_branch_operator to 2023-06-27T00:00:00+00:00, run_after=2023-06-28T00:00:00+00:00
[2023-06-28T14:46:44.594+0000] {processor.py:179} INFO - Processing /home/airflow/.local/lib/python3.7/site-packages/airflow/example_dags/example_branch_day_of_week_operator.py took 0.242 seconds
[2023-06-28T14:47:15.366+0000] {processor.py:157} INFO - Started process (PID=3613) to work on /home/airflow/.local/lib/python3.7/site-packages/airflow/example_dags/example_branch_day_of_week_operator.py
[2023-06-28T14:47:15.371+0000] {processor.py:826} INFO - Processing file /home/airflow/.local/lib/python3.7/site-packages/airflow/example_dags/example_branch_day_of_week_operator.py for tasks to queue
[2023-06-28T14:47:15.373+0000] {logging_mixin.py:149} INFO - [2023-06-28T14:47:15.372+0000] {dagbag.py:541} INFO - Filling up the DagBag from /home/airflow/.local/lib/python3.7/site-packages/airflow/example_dags/example_branch_day_of_week_operator.py
[2023-06-28T14:47:15.421+0000] {processor.py:836} INFO - DAG(s) dict_keys(['example_weekday_branch_operator']) retrieved from /home/airflow/.local/lib/python3.7/site-packages/airflow/example_dags/example_branch_day_of_week_operator.py
[2023-06-28T14:47:15.586+0000] {logging_mixin.py:149} INFO - [2023-06-28T14:47:15.585+0000] {dag.py:2726} INFO - Sync 1 DAGs
[2023-06-28T14:47:15.722+0000] {logging_mixin.py:149} INFO - [2023-06-28T14:47:15.722+0000] {dag.py:3490} INFO - Setting next_dagrun for example_weekday_branch_operator to 2023-06-27T00:00:00+00:00, run_after=2023-06-28T00:00:00+00:00
[2023-06-28T14:47:15.775+0000] {processor.py:179} INFO - Processing /home/airflow/.local/lib/python3.7/site-packages/airflow/example_dags/example_branch_day_of_week_operator.py took 0.418 seconds
[2023-06-28T14:47:46.530+0000] {processor.py:157} INFO - Started process (PID=3672) to work on /home/airflow/.local/lib/python3.7/site-packages/airflow/example_dags/example_branch_day_of_week_operator.py
[2023-06-28T14:47:46.536+0000] {processor.py:826} INFO - Processing file /home/airflow/.local/lib/python3.7/site-packages/airflow/example_dags/example_branch_day_of_week_operator.py for tasks to queue
[2023-06-28T14:47:46.539+0000] {logging_mixin.py:149} INFO - [2023-06-28T14:47:46.539+0000] {dagbag.py:541} INFO - Filling up the DagBag from /home/airflow/.local/lib/python3.7/site-packages/airflow/example_dags/example_branch_day_of_week_operator.py
[2023-06-28T14:47:46.579+0000] {processor.py:836} INFO - DAG(s) dict_keys(['example_weekday_branch_operator']) retrieved from /home/airflow/.local/lib/python3.7/site-packages/airflow/example_dags/example_branch_day_of_week_operator.py
[2023-06-28T14:47:46.677+0000] {logging_mixin.py:149} INFO - [2023-06-28T14:47:46.677+0000] {dag.py:2726} INFO - Sync 1 DAGs
[2023-06-28T14:47:46.735+0000] {logging_mixin.py:149} INFO - [2023-06-28T14:47:46.735+0000] {dag.py:3490} INFO - Setting next_dagrun for example_weekday_branch_operator to 2023-06-27T00:00:00+00:00, run_after=2023-06-28T00:00:00+00:00
[2023-06-28T14:47:46.789+0000] {processor.py:179} INFO - Processing /home/airflow/.local/lib/python3.7/site-packages/airflow/example_dags/example_branch_day_of_week_operator.py took 0.266 seconds
