[2023-06-28T14:16:33.507+0000] {processor.py:157} INFO - Started process (PID=59) to work on /home/airflow/.local/lib/python3.7/site-packages/airflow/example_dags/tutorial_dag.py
[2023-06-28T14:16:33.508+0000] {processor.py:826} INFO - Processing file /home/airflow/.local/lib/python3.7/site-packages/airflow/example_dags/tutorial_dag.py for tasks to queue
[2023-06-28T14:16:33.511+0000] {logging_mixin.py:149} INFO - [2023-06-28T14:16:33.510+0000] {dagbag.py:541} INFO - Filling up the DagBag from /home/airflow/.local/lib/python3.7/site-packages/airflow/example_dags/tutorial_dag.py
[2023-06-28T14:16:33.533+0000] {processor.py:836} INFO - DAG(s) dict_keys(['tutorial_dag']) retrieved from /home/airflow/.local/lib/python3.7/site-packages/airflow/example_dags/tutorial_dag.py
[2023-06-28T14:16:33.762+0000] {logging_mixin.py:149} INFO - [2023-06-28T14:16:33.761+0000] {dag.py:2726} INFO - Sync 1 DAGs
[2023-06-28T14:16:33.968+0000] {logging_mixin.py:149} INFO - [2023-06-28T14:16:33.968+0000] {dag.py:3490} INFO - Setting next_dagrun for tutorial_dag to None, run_after=None
[2023-06-28T14:16:34.053+0000] {processor.py:179} INFO - Processing /home/airflow/.local/lib/python3.7/site-packages/airflow/example_dags/tutorial_dag.py took 0.552 seconds
[2023-06-28T14:17:08.802+0000] {processor.py:157} INFO - Started process (PID=118) to work on /home/airflow/.local/lib/python3.7/site-packages/airflow/example_dags/tutorial_dag.py
[2023-06-28T14:17:08.804+0000] {processor.py:826} INFO - Processing file /home/airflow/.local/lib/python3.7/site-packages/airflow/example_dags/tutorial_dag.py for tasks to queue
[2023-06-28T14:17:08.806+0000] {logging_mixin.py:149} INFO - [2023-06-28T14:17:08.806+0000] {dagbag.py:541} INFO - Filling up the DagBag from /home/airflow/.local/lib/python3.7/site-packages/airflow/example_dags/tutorial_dag.py
[2023-06-28T14:17:08.819+0000] {processor.py:836} INFO - DAG(s) dict_keys(['tutorial_dag']) retrieved from /home/airflow/.local/lib/python3.7/site-packages/airflow/example_dags/tutorial_dag.py
[2023-06-28T14:17:08.878+0000] {logging_mixin.py:149} INFO - [2023-06-28T14:17:08.878+0000] {dag.py:2726} INFO - Sync 1 DAGs
[2023-06-28T14:17:08.962+0000] {logging_mixin.py:149} INFO - [2023-06-28T14:17:08.962+0000] {dag.py:3490} INFO - Setting next_dagrun for tutorial_dag to None, run_after=None
[2023-06-28T14:17:09.035+0000] {processor.py:179} INFO - Processing /home/airflow/.local/lib/python3.7/site-packages/airflow/example_dags/tutorial_dag.py took 0.241 seconds
[2023-06-28T14:17:39.217+0000] {processor.py:157} INFO - Started process (PID=176) to work on /home/airflow/.local/lib/python3.7/site-packages/airflow/example_dags/tutorial_dag.py
[2023-06-28T14:17:39.219+0000] {processor.py:826} INFO - Processing file /home/airflow/.local/lib/python3.7/site-packages/airflow/example_dags/tutorial_dag.py for tasks to queue
[2023-06-28T14:17:39.221+0000] {logging_mixin.py:149} INFO - [2023-06-28T14:17:39.220+0000] {dagbag.py:541} INFO - Filling up the DagBag from /home/airflow/.local/lib/python3.7/site-packages/airflow/example_dags/tutorial_dag.py
[2023-06-28T14:17:39.229+0000] {processor.py:836} INFO - DAG(s) dict_keys(['tutorial_dag']) retrieved from /home/airflow/.local/lib/python3.7/site-packages/airflow/example_dags/tutorial_dag.py
[2023-06-28T14:17:39.255+0000] {logging_mixin.py:149} INFO - [2023-06-28T14:17:39.254+0000] {dag.py:2726} INFO - Sync 1 DAGs
[2023-06-28T14:17:39.322+0000] {logging_mixin.py:149} INFO - [2023-06-28T14:17:39.322+0000] {dag.py:3490} INFO - Setting next_dagrun for tutorial_dag to None, run_after=None
[2023-06-28T14:17:39.367+0000] {processor.py:179} INFO - Processing /home/airflow/.local/lib/python3.7/site-packages/airflow/example_dags/tutorial_dag.py took 0.156 seconds
[2023-06-28T14:18:09.486+0000] {processor.py:157} INFO - Started process (PID=235) to work on /home/airflow/.local/lib/python3.7/site-packages/airflow/example_dags/tutorial_dag.py
[2023-06-28T14:18:09.488+0000] {processor.py:826} INFO - Processing file /home/airflow/.local/lib/python3.7/site-packages/airflow/example_dags/tutorial_dag.py for tasks to queue
[2023-06-28T14:18:09.490+0000] {logging_mixin.py:149} INFO - [2023-06-28T14:18:09.490+0000] {dagbag.py:541} INFO - Filling up the DagBag from /home/airflow/.local/lib/python3.7/site-packages/airflow/example_dags/tutorial_dag.py
[2023-06-28T14:18:09.521+0000] {processor.py:836} INFO - DAG(s) dict_keys(['tutorial_dag']) retrieved from /home/airflow/.local/lib/python3.7/site-packages/airflow/example_dags/tutorial_dag.py
[2023-06-28T14:18:09.614+0000] {logging_mixin.py:149} INFO - [2023-06-28T14:18:09.613+0000] {dag.py:2726} INFO - Sync 1 DAGs
[2023-06-28T14:18:09.671+0000] {logging_mixin.py:149} INFO - [2023-06-28T14:18:09.671+0000] {dag.py:3490} INFO - Setting next_dagrun for tutorial_dag to None, run_after=None
[2023-06-28T14:18:09.722+0000] {processor.py:179} INFO - Processing /home/airflow/.local/lib/python3.7/site-packages/airflow/example_dags/tutorial_dag.py took 0.247 seconds
[2023-06-28T14:18:40.875+0000] {processor.py:157} INFO - Started process (PID=294) to work on /home/airflow/.local/lib/python3.7/site-packages/airflow/example_dags/tutorial_dag.py
[2023-06-28T14:18:40.876+0000] {processor.py:826} INFO - Processing file /home/airflow/.local/lib/python3.7/site-packages/airflow/example_dags/tutorial_dag.py for tasks to queue
[2023-06-28T14:18:40.878+0000] {logging_mixin.py:149} INFO - [2023-06-28T14:18:40.878+0000] {dagbag.py:541} INFO - Filling up the DagBag from /home/airflow/.local/lib/python3.7/site-packages/airflow/example_dags/tutorial_dag.py
[2023-06-28T14:18:40.886+0000] {processor.py:836} INFO - DAG(s) dict_keys(['tutorial_dag']) retrieved from /home/airflow/.local/lib/python3.7/site-packages/airflow/example_dags/tutorial_dag.py
[2023-06-28T14:18:40.941+0000] {logging_mixin.py:149} INFO - [2023-06-28T14:18:40.940+0000] {dag.py:2726} INFO - Sync 1 DAGs
[2023-06-28T14:18:40.989+0000] {logging_mixin.py:149} INFO - [2023-06-28T14:18:40.989+0000] {dag.py:3490} INFO - Setting next_dagrun for tutorial_dag to None, run_after=None
[2023-06-28T14:18:41.022+0000] {processor.py:179} INFO - Processing /home/airflow/.local/lib/python3.7/site-packages/airflow/example_dags/tutorial_dag.py took 0.153 seconds
[2023-06-28T14:19:11.471+0000] {processor.py:157} INFO - Started process (PID=352) to work on /home/airflow/.local/lib/python3.7/site-packages/airflow/example_dags/tutorial_dag.py
[2023-06-28T14:19:11.472+0000] {processor.py:826} INFO - Processing file /home/airflow/.local/lib/python3.7/site-packages/airflow/example_dags/tutorial_dag.py for tasks to queue
[2023-06-28T14:19:11.473+0000] {logging_mixin.py:149} INFO - [2023-06-28T14:19:11.473+0000] {dagbag.py:541} INFO - Filling up the DagBag from /home/airflow/.local/lib/python3.7/site-packages/airflow/example_dags/tutorial_dag.py
[2023-06-28T14:19:11.480+0000] {processor.py:836} INFO - DAG(s) dict_keys(['tutorial_dag']) retrieved from /home/airflow/.local/lib/python3.7/site-packages/airflow/example_dags/tutorial_dag.py
[2023-06-28T14:19:11.516+0000] {logging_mixin.py:149} INFO - [2023-06-28T14:19:11.516+0000] {dag.py:2726} INFO - Sync 1 DAGs
[2023-06-28T14:19:11.595+0000] {logging_mixin.py:149} INFO - [2023-06-28T14:19:11.595+0000] {dag.py:3490} INFO - Setting next_dagrun for tutorial_dag to None, run_after=None
[2023-06-28T14:19:11.639+0000] {processor.py:179} INFO - Processing /home/airflow/.local/lib/python3.7/site-packages/airflow/example_dags/tutorial_dag.py took 0.172 seconds
[2023-06-28T14:19:41.975+0000] {processor.py:157} INFO - Started process (PID=411) to work on /home/airflow/.local/lib/python3.7/site-packages/airflow/example_dags/tutorial_dag.py
[2023-06-28T14:19:41.977+0000] {processor.py:826} INFO - Processing file /home/airflow/.local/lib/python3.7/site-packages/airflow/example_dags/tutorial_dag.py for tasks to queue
[2023-06-28T14:19:41.979+0000] {logging_mixin.py:149} INFO - [2023-06-28T14:19:41.978+0000] {dagbag.py:541} INFO - Filling up the DagBag from /home/airflow/.local/lib/python3.7/site-packages/airflow/example_dags/tutorial_dag.py
[2023-06-28T14:19:41.990+0000] {processor.py:836} INFO - DAG(s) dict_keys(['tutorial_dag']) retrieved from /home/airflow/.local/lib/python3.7/site-packages/airflow/example_dags/tutorial_dag.py
[2023-06-28T14:19:42.045+0000] {logging_mixin.py:149} INFO - [2023-06-28T14:19:42.044+0000] {dag.py:2726} INFO - Sync 1 DAGs
[2023-06-28T14:19:42.099+0000] {logging_mixin.py:149} INFO - [2023-06-28T14:19:42.099+0000] {dag.py:3490} INFO - Setting next_dagrun for tutorial_dag to None, run_after=None
[2023-06-28T14:19:42.144+0000] {processor.py:179} INFO - Processing /home/airflow/.local/lib/python3.7/site-packages/airflow/example_dags/tutorial_dag.py took 0.175 seconds
[2023-06-28T14:20:12.467+0000] {processor.py:157} INFO - Started process (PID=470) to work on /home/airflow/.local/lib/python3.7/site-packages/airflow/example_dags/tutorial_dag.py
[2023-06-28T14:20:12.469+0000] {processor.py:826} INFO - Processing file /home/airflow/.local/lib/python3.7/site-packages/airflow/example_dags/tutorial_dag.py for tasks to queue
[2023-06-28T14:20:12.470+0000] {logging_mixin.py:149} INFO - [2023-06-28T14:20:12.470+0000] {dagbag.py:541} INFO - Filling up the DagBag from /home/airflow/.local/lib/python3.7/site-packages/airflow/example_dags/tutorial_dag.py
[2023-06-28T14:20:12.476+0000] {processor.py:836} INFO - DAG(s) dict_keys(['tutorial_dag']) retrieved from /home/airflow/.local/lib/python3.7/site-packages/airflow/example_dags/tutorial_dag.py
[2023-06-28T14:20:12.528+0000] {logging_mixin.py:149} INFO - [2023-06-28T14:20:12.528+0000] {dag.py:2726} INFO - Sync 1 DAGs
[2023-06-28T14:20:12.573+0000] {logging_mixin.py:149} INFO - [2023-06-28T14:20:12.573+0000] {dag.py:3490} INFO - Setting next_dagrun for tutorial_dag to None, run_after=None
[2023-06-28T14:20:12.614+0000] {processor.py:179} INFO - Processing /home/airflow/.local/lib/python3.7/site-packages/airflow/example_dags/tutorial_dag.py took 0.151 seconds
[2023-06-28T14:20:43.026+0000] {processor.py:157} INFO - Started process (PID=529) to work on /home/airflow/.local/lib/python3.7/site-packages/airflow/example_dags/tutorial_dag.py
[2023-06-28T14:20:43.028+0000] {processor.py:826} INFO - Processing file /home/airflow/.local/lib/python3.7/site-packages/airflow/example_dags/tutorial_dag.py for tasks to queue
[2023-06-28T14:20:43.029+0000] {logging_mixin.py:149} INFO - [2023-06-28T14:20:43.029+0000] {dagbag.py:541} INFO - Filling up the DagBag from /home/airflow/.local/lib/python3.7/site-packages/airflow/example_dags/tutorial_dag.py
[2023-06-28T14:20:43.037+0000] {processor.py:836} INFO - DAG(s) dict_keys(['tutorial_dag']) retrieved from /home/airflow/.local/lib/python3.7/site-packages/airflow/example_dags/tutorial_dag.py
[2023-06-28T14:20:43.082+0000] {logging_mixin.py:149} INFO - [2023-06-28T14:20:43.082+0000] {dag.py:2726} INFO - Sync 1 DAGs
[2023-06-28T14:20:43.116+0000] {logging_mixin.py:149} INFO - [2023-06-28T14:20:43.116+0000] {dag.py:3490} INFO - Setting next_dagrun for tutorial_dag to None, run_after=None
[2023-06-28T14:20:43.147+0000] {processor.py:179} INFO - Processing /home/airflow/.local/lib/python3.7/site-packages/airflow/example_dags/tutorial_dag.py took 0.125 seconds
[2023-06-28T14:21:13.270+0000] {processor.py:157} INFO - Started process (PID=587) to work on /home/airflow/.local/lib/python3.7/site-packages/airflow/example_dags/tutorial_dag.py
[2023-06-28T14:21:13.271+0000] {processor.py:826} INFO - Processing file /home/airflow/.local/lib/python3.7/site-packages/airflow/example_dags/tutorial_dag.py for tasks to queue
[2023-06-28T14:21:13.273+0000] {logging_mixin.py:149} INFO - [2023-06-28T14:21:13.273+0000] {dagbag.py:541} INFO - Filling up the DagBag from /home/airflow/.local/lib/python3.7/site-packages/airflow/example_dags/tutorial_dag.py
[2023-06-28T14:21:13.280+0000] {processor.py:836} INFO - DAG(s) dict_keys(['tutorial_dag']) retrieved from /home/airflow/.local/lib/python3.7/site-packages/airflow/example_dags/tutorial_dag.py
[2023-06-28T14:21:13.327+0000] {logging_mixin.py:149} INFO - [2023-06-28T14:21:13.327+0000] {dag.py:2726} INFO - Sync 1 DAGs
[2023-06-28T14:21:13.370+0000] {logging_mixin.py:149} INFO - [2023-06-28T14:21:13.370+0000] {dag.py:3490} INFO - Setting next_dagrun for tutorial_dag to None, run_after=None
[2023-06-28T14:21:13.406+0000] {processor.py:179} INFO - Processing /home/airflow/.local/lib/python3.7/site-packages/airflow/example_dags/tutorial_dag.py took 0.142 seconds
[2023-06-28T14:21:43.650+0000] {processor.py:157} INFO - Started process (PID=647) to work on /home/airflow/.local/lib/python3.7/site-packages/airflow/example_dags/tutorial_dag.py
[2023-06-28T14:21:43.652+0000] {processor.py:826} INFO - Processing file /home/airflow/.local/lib/python3.7/site-packages/airflow/example_dags/tutorial_dag.py for tasks to queue
[2023-06-28T14:21:43.653+0000] {logging_mixin.py:149} INFO - [2023-06-28T14:21:43.653+0000] {dagbag.py:541} INFO - Filling up the DagBag from /home/airflow/.local/lib/python3.7/site-packages/airflow/example_dags/tutorial_dag.py
[2023-06-28T14:21:43.661+0000] {processor.py:836} INFO - DAG(s) dict_keys(['tutorial_dag']) retrieved from /home/airflow/.local/lib/python3.7/site-packages/airflow/example_dags/tutorial_dag.py
[2023-06-28T14:21:43.711+0000] {logging_mixin.py:149} INFO - [2023-06-28T14:21:43.711+0000] {dag.py:2726} INFO - Sync 1 DAGs
[2023-06-28T14:21:43.766+0000] {logging_mixin.py:149} INFO - [2023-06-28T14:21:43.766+0000] {dag.py:3490} INFO - Setting next_dagrun for tutorial_dag to None, run_after=None
[2023-06-28T14:21:43.801+0000] {processor.py:179} INFO - Processing /home/airflow/.local/lib/python3.7/site-packages/airflow/example_dags/tutorial_dag.py took 0.159 seconds
[2023-06-28T14:22:15.056+0000] {processor.py:157} INFO - Started process (PID=708) to work on /home/airflow/.local/lib/python3.7/site-packages/airflow/example_dags/tutorial_dag.py
[2023-06-28T14:22:15.058+0000] {processor.py:826} INFO - Processing file /home/airflow/.local/lib/python3.7/site-packages/airflow/example_dags/tutorial_dag.py for tasks to queue
[2023-06-28T14:22:15.059+0000] {logging_mixin.py:149} INFO - [2023-06-28T14:22:15.059+0000] {dagbag.py:541} INFO - Filling up the DagBag from /home/airflow/.local/lib/python3.7/site-packages/airflow/example_dags/tutorial_dag.py
[2023-06-28T14:22:15.066+0000] {processor.py:836} INFO - DAG(s) dict_keys(['tutorial_dag']) retrieved from /home/airflow/.local/lib/python3.7/site-packages/airflow/example_dags/tutorial_dag.py
[2023-06-28T14:22:15.101+0000] {logging_mixin.py:149} INFO - [2023-06-28T14:22:15.100+0000] {dag.py:2726} INFO - Sync 1 DAGs
[2023-06-28T14:22:15.143+0000] {logging_mixin.py:149} INFO - [2023-06-28T14:22:15.143+0000] {dag.py:3490} INFO - Setting next_dagrun for tutorial_dag to None, run_after=None
[2023-06-28T14:22:15.191+0000] {processor.py:179} INFO - Processing /home/airflow/.local/lib/python3.7/site-packages/airflow/example_dags/tutorial_dag.py took 0.139 seconds
[2023-06-28T14:22:45.247+0000] {processor.py:157} INFO - Started process (PID=766) to work on /home/airflow/.local/lib/python3.7/site-packages/airflow/example_dags/tutorial_dag.py
[2023-06-28T14:22:45.249+0000] {processor.py:826} INFO - Processing file /home/airflow/.local/lib/python3.7/site-packages/airflow/example_dags/tutorial_dag.py for tasks to queue
[2023-06-28T14:22:45.250+0000] {logging_mixin.py:149} INFO - [2023-06-28T14:22:45.250+0000] {dagbag.py:541} INFO - Filling up the DagBag from /home/airflow/.local/lib/python3.7/site-packages/airflow/example_dags/tutorial_dag.py
[2023-06-28T14:22:45.261+0000] {processor.py:836} INFO - DAG(s) dict_keys(['tutorial_dag']) retrieved from /home/airflow/.local/lib/python3.7/site-packages/airflow/example_dags/tutorial_dag.py
[2023-06-28T14:22:45.335+0000] {logging_mixin.py:149} INFO - [2023-06-28T14:22:45.334+0000] {dag.py:2726} INFO - Sync 1 DAGs
[2023-06-28T14:22:45.404+0000] {logging_mixin.py:149} INFO - [2023-06-28T14:22:45.404+0000] {dag.py:3490} INFO - Setting next_dagrun for tutorial_dag to None, run_after=None
[2023-06-28T14:22:45.457+0000] {processor.py:179} INFO - Processing /home/airflow/.local/lib/python3.7/site-packages/airflow/example_dags/tutorial_dag.py took 0.216 seconds
[2023-06-28T14:23:16.704+0000] {processor.py:157} INFO - Started process (PID=826) to work on /home/airflow/.local/lib/python3.7/site-packages/airflow/example_dags/tutorial_dag.py
[2023-06-28T14:23:16.706+0000] {processor.py:826} INFO - Processing file /home/airflow/.local/lib/python3.7/site-packages/airflow/example_dags/tutorial_dag.py for tasks to queue
[2023-06-28T14:23:16.713+0000] {logging_mixin.py:149} INFO - [2023-06-28T14:23:16.712+0000] {dagbag.py:541} INFO - Filling up the DagBag from /home/airflow/.local/lib/python3.7/site-packages/airflow/example_dags/tutorial_dag.py
[2023-06-28T14:23:16.722+0000] {processor.py:836} INFO - DAG(s) dict_keys(['tutorial_dag']) retrieved from /home/airflow/.local/lib/python3.7/site-packages/airflow/example_dags/tutorial_dag.py
[2023-06-28T14:23:16.800+0000] {logging_mixin.py:149} INFO - [2023-06-28T14:23:16.800+0000] {dag.py:2726} INFO - Sync 1 DAGs
[2023-06-28T14:23:16.872+0000] {logging_mixin.py:149} INFO - [2023-06-28T14:23:16.872+0000] {dag.py:3490} INFO - Setting next_dagrun for tutorial_dag to None, run_after=None
[2023-06-28T14:23:16.940+0000] {processor.py:179} INFO - Processing /home/airflow/.local/lib/python3.7/site-packages/airflow/example_dags/tutorial_dag.py took 0.241 seconds
[2023-06-28T14:23:47.215+0000] {processor.py:157} INFO - Started process (PID=886) to work on /home/airflow/.local/lib/python3.7/site-packages/airflow/example_dags/tutorial_dag.py
[2023-06-28T14:23:47.216+0000] {processor.py:826} INFO - Processing file /home/airflow/.local/lib/python3.7/site-packages/airflow/example_dags/tutorial_dag.py for tasks to queue
[2023-06-28T14:23:47.218+0000] {logging_mixin.py:149} INFO - [2023-06-28T14:23:47.217+0000] {dagbag.py:541} INFO - Filling up the DagBag from /home/airflow/.local/lib/python3.7/site-packages/airflow/example_dags/tutorial_dag.py
[2023-06-28T14:23:47.225+0000] {processor.py:836} INFO - DAG(s) dict_keys(['tutorial_dag']) retrieved from /home/airflow/.local/lib/python3.7/site-packages/airflow/example_dags/tutorial_dag.py
[2023-06-28T14:23:47.272+0000] {logging_mixin.py:149} INFO - [2023-06-28T14:23:47.271+0000] {dag.py:2726} INFO - Sync 1 DAGs
[2023-06-28T14:23:47.318+0000] {logging_mixin.py:149} INFO - [2023-06-28T14:23:47.318+0000] {dag.py:3490} INFO - Setting next_dagrun for tutorial_dag to None, run_after=None
[2023-06-28T14:23:47.351+0000] {processor.py:179} INFO - Processing /home/airflow/.local/lib/python3.7/site-packages/airflow/example_dags/tutorial_dag.py took 0.141 seconds
[2023-06-28T14:24:17.882+0000] {processor.py:157} INFO - Started process (PID=944) to work on /home/airflow/.local/lib/python3.7/site-packages/airflow/example_dags/tutorial_dag.py
[2023-06-28T14:24:17.884+0000] {processor.py:826} INFO - Processing file /home/airflow/.local/lib/python3.7/site-packages/airflow/example_dags/tutorial_dag.py for tasks to queue
[2023-06-28T14:24:17.886+0000] {logging_mixin.py:149} INFO - [2023-06-28T14:24:17.885+0000] {dagbag.py:541} INFO - Filling up the DagBag from /home/airflow/.local/lib/python3.7/site-packages/airflow/example_dags/tutorial_dag.py
[2023-06-28T14:24:17.894+0000] {processor.py:836} INFO - DAG(s) dict_keys(['tutorial_dag']) retrieved from /home/airflow/.local/lib/python3.7/site-packages/airflow/example_dags/tutorial_dag.py
[2023-06-28T14:24:17.958+0000] {logging_mixin.py:149} INFO - [2023-06-28T14:24:17.958+0000] {dag.py:2726} INFO - Sync 1 DAGs
[2023-06-28T14:24:18.010+0000] {logging_mixin.py:149} INFO - [2023-06-28T14:24:18.009+0000] {dag.py:3490} INFO - Setting next_dagrun for tutorial_dag to None, run_after=None
[2023-06-28T14:24:18.053+0000] {processor.py:179} INFO - Processing /home/airflow/.local/lib/python3.7/site-packages/airflow/example_dags/tutorial_dag.py took 0.177 seconds
[2023-06-28T14:24:48.237+0000] {processor.py:157} INFO - Started process (PID=1001) to work on /home/airflow/.local/lib/python3.7/site-packages/airflow/example_dags/tutorial_dag.py
[2023-06-28T14:24:48.238+0000] {processor.py:826} INFO - Processing file /home/airflow/.local/lib/python3.7/site-packages/airflow/example_dags/tutorial_dag.py for tasks to queue
[2023-06-28T14:24:48.240+0000] {logging_mixin.py:149} INFO - [2023-06-28T14:24:48.240+0000] {dagbag.py:541} INFO - Filling up the DagBag from /home/airflow/.local/lib/python3.7/site-packages/airflow/example_dags/tutorial_dag.py
[2023-06-28T14:24:48.246+0000] {processor.py:836} INFO - DAG(s) dict_keys(['tutorial_dag']) retrieved from /home/airflow/.local/lib/python3.7/site-packages/airflow/example_dags/tutorial_dag.py
[2023-06-28T14:24:48.284+0000] {logging_mixin.py:149} INFO - [2023-06-28T14:24:48.284+0000] {dag.py:2726} INFO - Sync 1 DAGs
[2023-06-28T14:24:48.331+0000] {logging_mixin.py:149} INFO - [2023-06-28T14:24:48.331+0000] {dag.py:3490} INFO - Setting next_dagrun for tutorial_dag to None, run_after=None
[2023-06-28T14:24:48.369+0000] {processor.py:179} INFO - Processing /home/airflow/.local/lib/python3.7/site-packages/airflow/example_dags/tutorial_dag.py took 0.136 seconds
[2023-06-28T14:25:18.963+0000] {processor.py:157} INFO - Started process (PID=1062) to work on /home/airflow/.local/lib/python3.7/site-packages/airflow/example_dags/tutorial_dag.py
[2023-06-28T14:25:18.964+0000] {processor.py:826} INFO - Processing file /home/airflow/.local/lib/python3.7/site-packages/airflow/example_dags/tutorial_dag.py for tasks to queue
[2023-06-28T14:25:18.966+0000] {logging_mixin.py:149} INFO - [2023-06-28T14:25:18.966+0000] {dagbag.py:541} INFO - Filling up the DagBag from /home/airflow/.local/lib/python3.7/site-packages/airflow/example_dags/tutorial_dag.py
[2023-06-28T14:25:18.974+0000] {processor.py:836} INFO - DAG(s) dict_keys(['tutorial_dag']) retrieved from /home/airflow/.local/lib/python3.7/site-packages/airflow/example_dags/tutorial_dag.py
[2023-06-28T14:25:19.014+0000] {logging_mixin.py:149} INFO - [2023-06-28T14:25:19.014+0000] {dag.py:2726} INFO - Sync 1 DAGs
[2023-06-28T14:25:19.050+0000] {logging_mixin.py:149} INFO - [2023-06-28T14:25:19.050+0000] {dag.py:3490} INFO - Setting next_dagrun for tutorial_dag to None, run_after=None
[2023-06-28T14:25:19.082+0000] {processor.py:179} INFO - Processing /home/airflow/.local/lib/python3.7/site-packages/airflow/example_dags/tutorial_dag.py took 0.125 seconds
[2023-06-28T14:25:49.157+0000] {processor.py:157} INFO - Started process (PID=1119) to work on /home/airflow/.local/lib/python3.7/site-packages/airflow/example_dags/tutorial_dag.py
[2023-06-28T14:25:49.159+0000] {processor.py:826} INFO - Processing file /home/airflow/.local/lib/python3.7/site-packages/airflow/example_dags/tutorial_dag.py for tasks to queue
[2023-06-28T14:25:49.160+0000] {logging_mixin.py:149} INFO - [2023-06-28T14:25:49.160+0000] {dagbag.py:541} INFO - Filling up the DagBag from /home/airflow/.local/lib/python3.7/site-packages/airflow/example_dags/tutorial_dag.py
[2023-06-28T14:25:49.167+0000] {processor.py:836} INFO - DAG(s) dict_keys(['tutorial_dag']) retrieved from /home/airflow/.local/lib/python3.7/site-packages/airflow/example_dags/tutorial_dag.py
[2023-06-28T14:25:49.226+0000] {logging_mixin.py:149} INFO - [2023-06-28T14:25:49.226+0000] {dag.py:2726} INFO - Sync 1 DAGs
[2023-06-28T14:25:49.270+0000] {logging_mixin.py:149} INFO - [2023-06-28T14:25:49.269+0000] {dag.py:3490} INFO - Setting next_dagrun for tutorial_dag to None, run_after=None
[2023-06-28T14:25:49.307+0000] {processor.py:179} INFO - Processing /home/airflow/.local/lib/python3.7/site-packages/airflow/example_dags/tutorial_dag.py took 0.154 seconds
[2023-06-28T14:26:19.440+0000] {processor.py:157} INFO - Started process (PID=1178) to work on /home/airflow/.local/lib/python3.7/site-packages/airflow/example_dags/tutorial_dag.py
[2023-06-28T14:26:19.442+0000] {processor.py:826} INFO - Processing file /home/airflow/.local/lib/python3.7/site-packages/airflow/example_dags/tutorial_dag.py for tasks to queue
[2023-06-28T14:26:19.443+0000] {logging_mixin.py:149} INFO - [2023-06-28T14:26:19.443+0000] {dagbag.py:541} INFO - Filling up the DagBag from /home/airflow/.local/lib/python3.7/site-packages/airflow/example_dags/tutorial_dag.py
[2023-06-28T14:26:19.452+0000] {processor.py:836} INFO - DAG(s) dict_keys(['tutorial_dag']) retrieved from /home/airflow/.local/lib/python3.7/site-packages/airflow/example_dags/tutorial_dag.py
[2023-06-28T14:26:19.494+0000] {logging_mixin.py:149} INFO - [2023-06-28T14:26:19.494+0000] {dag.py:2726} INFO - Sync 1 DAGs
[2023-06-28T14:26:19.526+0000] {logging_mixin.py:149} INFO - [2023-06-28T14:26:19.526+0000] {dag.py:3490} INFO - Setting next_dagrun for tutorial_dag to None, run_after=None
[2023-06-28T14:26:19.559+0000] {processor.py:179} INFO - Processing /home/airflow/.local/lib/python3.7/site-packages/airflow/example_dags/tutorial_dag.py took 0.126 seconds
[2023-06-28T14:26:49.861+0000] {processor.py:157} INFO - Started process (PID=1238) to work on /home/airflow/.local/lib/python3.7/site-packages/airflow/example_dags/tutorial_dag.py
[2023-06-28T14:26:49.862+0000] {processor.py:826} INFO - Processing file /home/airflow/.local/lib/python3.7/site-packages/airflow/example_dags/tutorial_dag.py for tasks to queue
[2023-06-28T14:26:49.865+0000] {logging_mixin.py:149} INFO - [2023-06-28T14:26:49.864+0000] {dagbag.py:541} INFO - Filling up the DagBag from /home/airflow/.local/lib/python3.7/site-packages/airflow/example_dags/tutorial_dag.py
[2023-06-28T14:26:49.881+0000] {processor.py:836} INFO - DAG(s) dict_keys(['tutorial_dag']) retrieved from /home/airflow/.local/lib/python3.7/site-packages/airflow/example_dags/tutorial_dag.py
[2023-06-28T14:26:49.947+0000] {logging_mixin.py:149} INFO - [2023-06-28T14:26:49.946+0000] {dag.py:2726} INFO - Sync 1 DAGs
[2023-06-28T14:26:49.989+0000] {logging_mixin.py:149} INFO - [2023-06-28T14:26:49.989+0000] {dag.py:3490} INFO - Setting next_dagrun for tutorial_dag to None, run_after=None
[2023-06-28T14:26:50.024+0000] {processor.py:179} INFO - Processing /home/airflow/.local/lib/python3.7/site-packages/airflow/example_dags/tutorial_dag.py took 0.175 seconds
[2023-06-28T14:27:20.353+0000] {processor.py:157} INFO - Started process (PID=1297) to work on /home/airflow/.local/lib/python3.7/site-packages/airflow/example_dags/tutorial_dag.py
[2023-06-28T14:27:20.355+0000] {processor.py:826} INFO - Processing file /home/airflow/.local/lib/python3.7/site-packages/airflow/example_dags/tutorial_dag.py for tasks to queue
[2023-06-28T14:27:20.356+0000] {logging_mixin.py:149} INFO - [2023-06-28T14:27:20.356+0000] {dagbag.py:541} INFO - Filling up the DagBag from /home/airflow/.local/lib/python3.7/site-packages/airflow/example_dags/tutorial_dag.py
[2023-06-28T14:27:20.373+0000] {processor.py:836} INFO - DAG(s) dict_keys(['tutorial_dag']) retrieved from /home/airflow/.local/lib/python3.7/site-packages/airflow/example_dags/tutorial_dag.py
[2023-06-28T14:27:20.430+0000] {logging_mixin.py:149} INFO - [2023-06-28T14:27:20.430+0000] {dag.py:2726} INFO - Sync 1 DAGs
[2023-06-28T14:27:20.476+0000] {logging_mixin.py:149} INFO - [2023-06-28T14:27:20.476+0000] {dag.py:3490} INFO - Setting next_dagrun for tutorial_dag to None, run_after=None
[2023-06-28T14:27:20.504+0000] {processor.py:179} INFO - Processing /home/airflow/.local/lib/python3.7/site-packages/airflow/example_dags/tutorial_dag.py took 0.158 seconds
[2023-06-28T14:27:50.992+0000] {processor.py:157} INFO - Started process (PID=1356) to work on /home/airflow/.local/lib/python3.7/site-packages/airflow/example_dags/tutorial_dag.py
[2023-06-28T14:27:50.994+0000] {processor.py:826} INFO - Processing file /home/airflow/.local/lib/python3.7/site-packages/airflow/example_dags/tutorial_dag.py for tasks to queue
[2023-06-28T14:27:50.996+0000] {logging_mixin.py:149} INFO - [2023-06-28T14:27:50.995+0000] {dagbag.py:541} INFO - Filling up the DagBag from /home/airflow/.local/lib/python3.7/site-packages/airflow/example_dags/tutorial_dag.py
[2023-06-28T14:27:51.011+0000] {processor.py:836} INFO - DAG(s) dict_keys(['tutorial_dag']) retrieved from /home/airflow/.local/lib/python3.7/site-packages/airflow/example_dags/tutorial_dag.py
[2023-06-28T14:27:51.069+0000] {logging_mixin.py:149} INFO - [2023-06-28T14:27:51.069+0000] {dag.py:2726} INFO - Sync 1 DAGs
[2023-06-28T14:27:51.133+0000] {logging_mixin.py:149} INFO - [2023-06-28T14:27:51.133+0000] {dag.py:3490} INFO - Setting next_dagrun for tutorial_dag to None, run_after=None
[2023-06-28T14:27:51.196+0000] {processor.py:179} INFO - Processing /home/airflow/.local/lib/python3.7/site-packages/airflow/example_dags/tutorial_dag.py took 0.209 seconds
[2023-06-28T14:28:21.688+0000] {processor.py:157} INFO - Started process (PID=1416) to work on /home/airflow/.local/lib/python3.7/site-packages/airflow/example_dags/tutorial_dag.py
[2023-06-28T14:28:21.691+0000] {processor.py:826} INFO - Processing file /home/airflow/.local/lib/python3.7/site-packages/airflow/example_dags/tutorial_dag.py for tasks to queue
[2023-06-28T14:28:21.693+0000] {logging_mixin.py:149} INFO - [2023-06-28T14:28:21.692+0000] {dagbag.py:541} INFO - Filling up the DagBag from /home/airflow/.local/lib/python3.7/site-packages/airflow/example_dags/tutorial_dag.py
[2023-06-28T14:28:21.705+0000] {processor.py:836} INFO - DAG(s) dict_keys(['tutorial_dag']) retrieved from /home/airflow/.local/lib/python3.7/site-packages/airflow/example_dags/tutorial_dag.py
[2023-06-28T14:28:21.803+0000] {logging_mixin.py:149} INFO - [2023-06-28T14:28:21.803+0000] {dag.py:2726} INFO - Sync 1 DAGs
[2023-06-28T14:28:21.862+0000] {logging_mixin.py:149} INFO - [2023-06-28T14:28:21.862+0000] {dag.py:3490} INFO - Setting next_dagrun for tutorial_dag to None, run_after=None
[2023-06-28T14:28:21.918+0000] {processor.py:179} INFO - Processing /home/airflow/.local/lib/python3.7/site-packages/airflow/example_dags/tutorial_dag.py took 0.236 seconds
[2023-06-28T14:28:52.076+0000] {processor.py:157} INFO - Started process (PID=1482) to work on /home/airflow/.local/lib/python3.7/site-packages/airflow/example_dags/tutorial_dag.py
[2023-06-28T14:28:52.078+0000] {processor.py:826} INFO - Processing file /home/airflow/.local/lib/python3.7/site-packages/airflow/example_dags/tutorial_dag.py for tasks to queue
[2023-06-28T14:28:52.081+0000] {logging_mixin.py:149} INFO - [2023-06-28T14:28:52.081+0000] {dagbag.py:541} INFO - Filling up the DagBag from /home/airflow/.local/lib/python3.7/site-packages/airflow/example_dags/tutorial_dag.py
[2023-06-28T14:28:52.090+0000] {processor.py:836} INFO - DAG(s) dict_keys(['tutorial_dag']) retrieved from /home/airflow/.local/lib/python3.7/site-packages/airflow/example_dags/tutorial_dag.py
[2023-06-28T14:28:52.130+0000] {logging_mixin.py:149} INFO - [2023-06-28T14:28:52.129+0000] {dag.py:2726} INFO - Sync 1 DAGs
[2023-06-28T14:28:52.161+0000] {logging_mixin.py:149} INFO - [2023-06-28T14:28:52.161+0000] {dag.py:3490} INFO - Setting next_dagrun for tutorial_dag to None, run_after=None
[2023-06-28T14:28:52.191+0000] {processor.py:179} INFO - Processing /home/airflow/.local/lib/python3.7/site-packages/airflow/example_dags/tutorial_dag.py took 0.120 seconds
[2023-06-28T14:29:22.483+0000] {processor.py:157} INFO - Started process (PID=1542) to work on /home/airflow/.local/lib/python3.7/site-packages/airflow/example_dags/tutorial_dag.py
[2023-06-28T14:29:22.484+0000] {processor.py:826} INFO - Processing file /home/airflow/.local/lib/python3.7/site-packages/airflow/example_dags/tutorial_dag.py for tasks to queue
[2023-06-28T14:29:22.486+0000] {logging_mixin.py:149} INFO - [2023-06-28T14:29:22.485+0000] {dagbag.py:541} INFO - Filling up the DagBag from /home/airflow/.local/lib/python3.7/site-packages/airflow/example_dags/tutorial_dag.py
[2023-06-28T14:29:22.492+0000] {processor.py:836} INFO - DAG(s) dict_keys(['tutorial_dag']) retrieved from /home/airflow/.local/lib/python3.7/site-packages/airflow/example_dags/tutorial_dag.py
[2023-06-28T14:29:22.532+0000] {logging_mixin.py:149} INFO - [2023-06-28T14:29:22.532+0000] {dag.py:2726} INFO - Sync 1 DAGs
[2023-06-28T14:29:22.567+0000] {logging_mixin.py:149} INFO - [2023-06-28T14:29:22.567+0000] {dag.py:3490} INFO - Setting next_dagrun for tutorial_dag to None, run_after=None
[2023-06-28T14:29:22.607+0000] {processor.py:179} INFO - Processing /home/airflow/.local/lib/python3.7/site-packages/airflow/example_dags/tutorial_dag.py took 0.130 seconds
[2023-06-28T14:29:53.208+0000] {processor.py:157} INFO - Started process (PID=1601) to work on /home/airflow/.local/lib/python3.7/site-packages/airflow/example_dags/tutorial_dag.py
[2023-06-28T14:29:53.209+0000] {processor.py:826} INFO - Processing file /home/airflow/.local/lib/python3.7/site-packages/airflow/example_dags/tutorial_dag.py for tasks to queue
[2023-06-28T14:29:53.211+0000] {logging_mixin.py:149} INFO - [2023-06-28T14:29:53.210+0000] {dagbag.py:541} INFO - Filling up the DagBag from /home/airflow/.local/lib/python3.7/site-packages/airflow/example_dags/tutorial_dag.py
[2023-06-28T14:29:53.220+0000] {processor.py:836} INFO - DAG(s) dict_keys(['tutorial_dag']) retrieved from /home/airflow/.local/lib/python3.7/site-packages/airflow/example_dags/tutorial_dag.py
[2023-06-28T14:29:53.258+0000] {logging_mixin.py:149} INFO - [2023-06-28T14:29:53.258+0000] {dag.py:2726} INFO - Sync 1 DAGs
[2023-06-28T14:29:53.290+0000] {logging_mixin.py:149} INFO - [2023-06-28T14:29:53.290+0000] {dag.py:3490} INFO - Setting next_dagrun for tutorial_dag to None, run_after=None
[2023-06-28T14:29:53.332+0000] {processor.py:179} INFO - Processing /home/airflow/.local/lib/python3.7/site-packages/airflow/example_dags/tutorial_dag.py took 0.131 seconds
[2023-06-28T14:30:23.676+0000] {processor.py:157} INFO - Started process (PID=1660) to work on /home/airflow/.local/lib/python3.7/site-packages/airflow/example_dags/tutorial_dag.py
[2023-06-28T14:30:23.677+0000] {processor.py:826} INFO - Processing file /home/airflow/.local/lib/python3.7/site-packages/airflow/example_dags/tutorial_dag.py for tasks to queue
[2023-06-28T14:30:23.679+0000] {logging_mixin.py:149} INFO - [2023-06-28T14:30:23.678+0000] {dagbag.py:541} INFO - Filling up the DagBag from /home/airflow/.local/lib/python3.7/site-packages/airflow/example_dags/tutorial_dag.py
[2023-06-28T14:30:23.686+0000] {processor.py:836} INFO - DAG(s) dict_keys(['tutorial_dag']) retrieved from /home/airflow/.local/lib/python3.7/site-packages/airflow/example_dags/tutorial_dag.py
[2023-06-28T14:30:23.728+0000] {logging_mixin.py:149} INFO - [2023-06-28T14:30:23.728+0000] {dag.py:2726} INFO - Sync 1 DAGs
[2023-06-28T14:30:23.767+0000] {logging_mixin.py:149} INFO - [2023-06-28T14:30:23.767+0000] {dag.py:3490} INFO - Setting next_dagrun for tutorial_dag to None, run_after=None
[2023-06-28T14:30:23.796+0000] {processor.py:179} INFO - Processing /home/airflow/.local/lib/python3.7/site-packages/airflow/example_dags/tutorial_dag.py took 0.126 seconds
[2023-06-28T14:30:54.257+0000] {processor.py:157} INFO - Started process (PID=1719) to work on /home/airflow/.local/lib/python3.7/site-packages/airflow/example_dags/tutorial_dag.py
[2023-06-28T14:30:54.259+0000] {processor.py:826} INFO - Processing file /home/airflow/.local/lib/python3.7/site-packages/airflow/example_dags/tutorial_dag.py for tasks to queue
[2023-06-28T14:30:54.260+0000] {logging_mixin.py:149} INFO - [2023-06-28T14:30:54.260+0000] {dagbag.py:541} INFO - Filling up the DagBag from /home/airflow/.local/lib/python3.7/site-packages/airflow/example_dags/tutorial_dag.py
[2023-06-28T14:30:54.269+0000] {processor.py:836} INFO - DAG(s) dict_keys(['tutorial_dag']) retrieved from /home/airflow/.local/lib/python3.7/site-packages/airflow/example_dags/tutorial_dag.py
[2023-06-28T14:30:54.308+0000] {logging_mixin.py:149} INFO - [2023-06-28T14:30:54.308+0000] {dag.py:2726} INFO - Sync 1 DAGs
[2023-06-28T14:30:54.341+0000] {logging_mixin.py:149} INFO - [2023-06-28T14:30:54.341+0000] {dag.py:3490} INFO - Setting next_dagrun for tutorial_dag to None, run_after=None
[2023-06-28T14:30:54.371+0000] {processor.py:179} INFO - Processing /home/airflow/.local/lib/python3.7/site-packages/airflow/example_dags/tutorial_dag.py took 0.120 seconds
[2023-06-28T14:31:24.622+0000] {processor.py:157} INFO - Started process (PID=1779) to work on /home/airflow/.local/lib/python3.7/site-packages/airflow/example_dags/tutorial_dag.py
[2023-06-28T14:31:24.623+0000] {processor.py:826} INFO - Processing file /home/airflow/.local/lib/python3.7/site-packages/airflow/example_dags/tutorial_dag.py for tasks to queue
[2023-06-28T14:31:24.625+0000] {logging_mixin.py:149} INFO - [2023-06-28T14:31:24.625+0000] {dagbag.py:541} INFO - Filling up the DagBag from /home/airflow/.local/lib/python3.7/site-packages/airflow/example_dags/tutorial_dag.py
[2023-06-28T14:31:24.633+0000] {processor.py:836} INFO - DAG(s) dict_keys(['tutorial_dag']) retrieved from /home/airflow/.local/lib/python3.7/site-packages/airflow/example_dags/tutorial_dag.py
[2023-06-28T14:31:24.673+0000] {logging_mixin.py:149} INFO - [2023-06-28T14:31:24.673+0000] {dag.py:2726} INFO - Sync 1 DAGs
[2023-06-28T14:31:24.706+0000] {logging_mixin.py:149} INFO - [2023-06-28T14:31:24.706+0000] {dag.py:3490} INFO - Setting next_dagrun for tutorial_dag to None, run_after=None
[2023-06-28T14:31:24.739+0000] {processor.py:179} INFO - Processing /home/airflow/.local/lib/python3.7/site-packages/airflow/example_dags/tutorial_dag.py took 0.123 seconds
[2023-06-28T14:31:54.843+0000] {processor.py:157} INFO - Started process (PID=1839) to work on /home/airflow/.local/lib/python3.7/site-packages/airflow/example_dags/tutorial_dag.py
[2023-06-28T14:31:54.846+0000] {processor.py:826} INFO - Processing file /home/airflow/.local/lib/python3.7/site-packages/airflow/example_dags/tutorial_dag.py for tasks to queue
[2023-06-28T14:31:54.847+0000] {logging_mixin.py:149} INFO - [2023-06-28T14:31:54.847+0000] {dagbag.py:541} INFO - Filling up the DagBag from /home/airflow/.local/lib/python3.7/site-packages/airflow/example_dags/tutorial_dag.py
[2023-06-28T14:31:54.860+0000] {processor.py:836} INFO - DAG(s) dict_keys(['tutorial_dag']) retrieved from /home/airflow/.local/lib/python3.7/site-packages/airflow/example_dags/tutorial_dag.py
[2023-06-28T14:31:54.903+0000] {logging_mixin.py:149} INFO - [2023-06-28T14:31:54.903+0000] {dag.py:2726} INFO - Sync 1 DAGs
[2023-06-28T14:31:54.950+0000] {logging_mixin.py:149} INFO - [2023-06-28T14:31:54.950+0000] {dag.py:3490} INFO - Setting next_dagrun for tutorial_dag to None, run_after=None
[2023-06-28T14:31:55.001+0000] {processor.py:179} INFO - Processing /home/airflow/.local/lib/python3.7/site-packages/airflow/example_dags/tutorial_dag.py took 0.168 seconds
[2023-06-28T14:32:26.019+0000] {processor.py:157} INFO - Started process (PID=1896) to work on /home/airflow/.local/lib/python3.7/site-packages/airflow/example_dags/tutorial_dag.py
[2023-06-28T14:32:26.021+0000] {processor.py:826} INFO - Processing file /home/airflow/.local/lib/python3.7/site-packages/airflow/example_dags/tutorial_dag.py for tasks to queue
[2023-06-28T14:32:26.023+0000] {logging_mixin.py:149} INFO - [2023-06-28T14:32:26.023+0000] {dagbag.py:541} INFO - Filling up the DagBag from /home/airflow/.local/lib/python3.7/site-packages/airflow/example_dags/tutorial_dag.py
[2023-06-28T14:32:26.032+0000] {processor.py:836} INFO - DAG(s) dict_keys(['tutorial_dag']) retrieved from /home/airflow/.local/lib/python3.7/site-packages/airflow/example_dags/tutorial_dag.py
[2023-06-28T14:32:26.076+0000] {logging_mixin.py:149} INFO - [2023-06-28T14:32:26.075+0000] {dag.py:2726} INFO - Sync 1 DAGs
[2023-06-28T14:32:26.130+0000] {logging_mixin.py:149} INFO - [2023-06-28T14:32:26.129+0000] {dag.py:3490} INFO - Setting next_dagrun for tutorial_dag to None, run_after=None
[2023-06-28T14:32:26.172+0000] {processor.py:179} INFO - Processing /home/airflow/.local/lib/python3.7/site-packages/airflow/example_dags/tutorial_dag.py took 0.160 seconds
[2023-06-28T14:32:56.449+0000] {processor.py:157} INFO - Started process (PID=1949) to work on /home/airflow/.local/lib/python3.7/site-packages/airflow/example_dags/tutorial_dag.py
[2023-06-28T14:32:56.450+0000] {processor.py:826} INFO - Processing file /home/airflow/.local/lib/python3.7/site-packages/airflow/example_dags/tutorial_dag.py for tasks to queue
[2023-06-28T14:32:56.451+0000] {logging_mixin.py:149} INFO - [2023-06-28T14:32:56.451+0000] {dagbag.py:541} INFO - Filling up the DagBag from /home/airflow/.local/lib/python3.7/site-packages/airflow/example_dags/tutorial_dag.py
[2023-06-28T14:32:56.457+0000] {processor.py:836} INFO - DAG(s) dict_keys(['tutorial_dag']) retrieved from /home/airflow/.local/lib/python3.7/site-packages/airflow/example_dags/tutorial_dag.py
[2023-06-28T14:32:56.487+0000] {logging_mixin.py:149} INFO - [2023-06-28T14:32:56.487+0000] {dag.py:2726} INFO - Sync 1 DAGs
[2023-06-28T14:32:56.520+0000] {logging_mixin.py:149} INFO - [2023-06-28T14:32:56.519+0000] {dag.py:3490} INFO - Setting next_dagrun for tutorial_dag to None, run_after=None
[2023-06-28T14:32:56.550+0000] {processor.py:179} INFO - Processing /home/airflow/.local/lib/python3.7/site-packages/airflow/example_dags/tutorial_dag.py took 0.105 seconds
[2023-06-28T14:33:26.876+0000] {processor.py:157} INFO - Started process (PID=2008) to work on /home/airflow/.local/lib/python3.7/site-packages/airflow/example_dags/tutorial_dag.py
[2023-06-28T14:33:26.878+0000] {processor.py:826} INFO - Processing file /home/airflow/.local/lib/python3.7/site-packages/airflow/example_dags/tutorial_dag.py for tasks to queue
[2023-06-28T14:33:26.880+0000] {logging_mixin.py:149} INFO - [2023-06-28T14:33:26.880+0000] {dagbag.py:541} INFO - Filling up the DagBag from /home/airflow/.local/lib/python3.7/site-packages/airflow/example_dags/tutorial_dag.py
[2023-06-28T14:33:26.905+0000] {processor.py:836} INFO - DAG(s) dict_keys(['tutorial_dag']) retrieved from /home/airflow/.local/lib/python3.7/site-packages/airflow/example_dags/tutorial_dag.py
[2023-06-28T14:33:26.970+0000] {logging_mixin.py:149} INFO - [2023-06-28T14:33:26.970+0000] {dag.py:2726} INFO - Sync 1 DAGs
[2023-06-28T14:33:27.058+0000] {logging_mixin.py:149} INFO - [2023-06-28T14:33:27.058+0000] {dag.py:3490} INFO - Setting next_dagrun for tutorial_dag to None, run_after=None
[2023-06-28T14:33:27.113+0000] {processor.py:179} INFO - Processing /home/airflow/.local/lib/python3.7/site-packages/airflow/example_dags/tutorial_dag.py took 0.246 seconds
[2023-06-28T14:33:57.403+0000] {processor.py:157} INFO - Started process (PID=2067) to work on /home/airflow/.local/lib/python3.7/site-packages/airflow/example_dags/tutorial_dag.py
[2023-06-28T14:33:57.404+0000] {processor.py:826} INFO - Processing file /home/airflow/.local/lib/python3.7/site-packages/airflow/example_dags/tutorial_dag.py for tasks to queue
[2023-06-28T14:33:57.405+0000] {logging_mixin.py:149} INFO - [2023-06-28T14:33:57.405+0000] {dagbag.py:541} INFO - Filling up the DagBag from /home/airflow/.local/lib/python3.7/site-packages/airflow/example_dags/tutorial_dag.py
[2023-06-28T14:33:57.411+0000] {processor.py:836} INFO - DAG(s) dict_keys(['tutorial_dag']) retrieved from /home/airflow/.local/lib/python3.7/site-packages/airflow/example_dags/tutorial_dag.py
[2023-06-28T14:33:57.442+0000] {logging_mixin.py:149} INFO - [2023-06-28T14:33:57.442+0000] {dag.py:2726} INFO - Sync 1 DAGs
[2023-06-28T14:33:57.475+0000] {logging_mixin.py:149} INFO - [2023-06-28T14:33:57.475+0000] {dag.py:3490} INFO - Setting next_dagrun for tutorial_dag to None, run_after=None
[2023-06-28T14:33:57.508+0000] {processor.py:179} INFO - Processing /home/airflow/.local/lib/python3.7/site-packages/airflow/example_dags/tutorial_dag.py took 0.109 seconds
[2023-06-28T14:34:28.254+0000] {processor.py:157} INFO - Started process (PID=2126) to work on /home/airflow/.local/lib/python3.7/site-packages/airflow/example_dags/tutorial_dag.py
[2023-06-28T14:34:28.256+0000] {processor.py:826} INFO - Processing file /home/airflow/.local/lib/python3.7/site-packages/airflow/example_dags/tutorial_dag.py for tasks to queue
[2023-06-28T14:34:28.257+0000] {logging_mixin.py:149} INFO - [2023-06-28T14:34:28.257+0000] {dagbag.py:541} INFO - Filling up the DagBag from /home/airflow/.local/lib/python3.7/site-packages/airflow/example_dags/tutorial_dag.py
[2023-06-28T14:34:28.263+0000] {processor.py:836} INFO - DAG(s) dict_keys(['tutorial_dag']) retrieved from /home/airflow/.local/lib/python3.7/site-packages/airflow/example_dags/tutorial_dag.py
[2023-06-28T14:34:28.293+0000] {logging_mixin.py:149} INFO - [2023-06-28T14:34:28.292+0000] {dag.py:2726} INFO - Sync 1 DAGs
[2023-06-28T14:34:28.326+0000] {logging_mixin.py:149} INFO - [2023-06-28T14:34:28.326+0000] {dag.py:3490} INFO - Setting next_dagrun for tutorial_dag to None, run_after=None
[2023-06-28T14:34:28.357+0000] {processor.py:179} INFO - Processing /home/airflow/.local/lib/python3.7/site-packages/airflow/example_dags/tutorial_dag.py took 0.107 seconds
[2023-06-28T14:34:59.039+0000] {processor.py:157} INFO - Started process (PID=2186) to work on /home/airflow/.local/lib/python3.7/site-packages/airflow/example_dags/tutorial_dag.py
[2023-06-28T14:34:59.040+0000] {processor.py:826} INFO - Processing file /home/airflow/.local/lib/python3.7/site-packages/airflow/example_dags/tutorial_dag.py for tasks to queue
[2023-06-28T14:34:59.042+0000] {logging_mixin.py:149} INFO - [2023-06-28T14:34:59.041+0000] {dagbag.py:541} INFO - Filling up the DagBag from /home/airflow/.local/lib/python3.7/site-packages/airflow/example_dags/tutorial_dag.py
[2023-06-28T14:34:59.049+0000] {processor.py:836} INFO - DAG(s) dict_keys(['tutorial_dag']) retrieved from /home/airflow/.local/lib/python3.7/site-packages/airflow/example_dags/tutorial_dag.py
[2023-06-28T14:34:59.082+0000] {logging_mixin.py:149} INFO - [2023-06-28T14:34:59.082+0000] {dag.py:2726} INFO - Sync 1 DAGs
[2023-06-28T14:34:59.117+0000] {logging_mixin.py:149} INFO - [2023-06-28T14:34:59.116+0000] {dag.py:3490} INFO - Setting next_dagrun for tutorial_dag to None, run_after=None
[2023-06-28T14:34:59.149+0000] {processor.py:179} INFO - Processing /home/airflow/.local/lib/python3.7/site-packages/airflow/example_dags/tutorial_dag.py took 0.114 seconds
[2023-06-28T14:35:29.455+0000] {processor.py:157} INFO - Started process (PID=2245) to work on /home/airflow/.local/lib/python3.7/site-packages/airflow/example_dags/tutorial_dag.py
[2023-06-28T14:35:29.456+0000] {processor.py:826} INFO - Processing file /home/airflow/.local/lib/python3.7/site-packages/airflow/example_dags/tutorial_dag.py for tasks to queue
[2023-06-28T14:35:29.457+0000] {logging_mixin.py:149} INFO - [2023-06-28T14:35:29.457+0000] {dagbag.py:541} INFO - Filling up the DagBag from /home/airflow/.local/lib/python3.7/site-packages/airflow/example_dags/tutorial_dag.py
[2023-06-28T14:35:29.463+0000] {processor.py:836} INFO - DAG(s) dict_keys(['tutorial_dag']) retrieved from /home/airflow/.local/lib/python3.7/site-packages/airflow/example_dags/tutorial_dag.py
[2023-06-28T14:35:29.496+0000] {logging_mixin.py:149} INFO - [2023-06-28T14:35:29.496+0000] {dag.py:2726} INFO - Sync 1 DAGs
[2023-06-28T14:35:29.530+0000] {logging_mixin.py:149} INFO - [2023-06-28T14:35:29.530+0000] {dag.py:3490} INFO - Setting next_dagrun for tutorial_dag to None, run_after=None
[2023-06-28T14:35:29.570+0000] {processor.py:179} INFO - Processing /home/airflow/.local/lib/python3.7/site-packages/airflow/example_dags/tutorial_dag.py took 0.119 seconds
[2023-06-28T14:35:59.779+0000] {processor.py:157} INFO - Started process (PID=2305) to work on /home/airflow/.local/lib/python3.7/site-packages/airflow/example_dags/tutorial_dag.py
[2023-06-28T14:35:59.780+0000] {processor.py:826} INFO - Processing file /home/airflow/.local/lib/python3.7/site-packages/airflow/example_dags/tutorial_dag.py for tasks to queue
[2023-06-28T14:35:59.782+0000] {logging_mixin.py:149} INFO - [2023-06-28T14:35:59.781+0000] {dagbag.py:541} INFO - Filling up the DagBag from /home/airflow/.local/lib/python3.7/site-packages/airflow/example_dags/tutorial_dag.py
[2023-06-28T14:35:59.789+0000] {processor.py:836} INFO - DAG(s) dict_keys(['tutorial_dag']) retrieved from /home/airflow/.local/lib/python3.7/site-packages/airflow/example_dags/tutorial_dag.py
[2023-06-28T14:35:59.821+0000] {logging_mixin.py:149} INFO - [2023-06-28T14:35:59.821+0000] {dag.py:2726} INFO - Sync 1 DAGs
[2023-06-28T14:35:59.854+0000] {logging_mixin.py:149} INFO - [2023-06-28T14:35:59.853+0000] {dag.py:3490} INFO - Setting next_dagrun for tutorial_dag to None, run_after=None
[2023-06-28T14:35:59.897+0000] {processor.py:179} INFO - Processing /home/airflow/.local/lib/python3.7/site-packages/airflow/example_dags/tutorial_dag.py took 0.123 seconds
[2023-06-28T14:36:30.141+0000] {processor.py:157} INFO - Started process (PID=2364) to work on /home/airflow/.local/lib/python3.7/site-packages/airflow/example_dags/tutorial_dag.py
[2023-06-28T14:36:30.143+0000] {processor.py:826} INFO - Processing file /home/airflow/.local/lib/python3.7/site-packages/airflow/example_dags/tutorial_dag.py for tasks to queue
[2023-06-28T14:36:30.144+0000] {logging_mixin.py:149} INFO - [2023-06-28T14:36:30.144+0000] {dagbag.py:541} INFO - Filling up the DagBag from /home/airflow/.local/lib/python3.7/site-packages/airflow/example_dags/tutorial_dag.py
[2023-06-28T14:36:30.150+0000] {processor.py:836} INFO - DAG(s) dict_keys(['tutorial_dag']) retrieved from /home/airflow/.local/lib/python3.7/site-packages/airflow/example_dags/tutorial_dag.py
[2023-06-28T14:36:30.200+0000] {logging_mixin.py:149} INFO - [2023-06-28T14:36:30.200+0000] {dag.py:2726} INFO - Sync 1 DAGs
[2023-06-28T14:36:30.264+0000] {logging_mixin.py:149} INFO - [2023-06-28T14:36:30.264+0000] {dag.py:3490} INFO - Setting next_dagrun for tutorial_dag to None, run_after=None
[2023-06-28T14:36:30.332+0000] {processor.py:179} INFO - Processing /home/airflow/.local/lib/python3.7/site-packages/airflow/example_dags/tutorial_dag.py took 0.195 seconds
[2023-06-28T14:37:00.517+0000] {processor.py:157} INFO - Started process (PID=2423) to work on /home/airflow/.local/lib/python3.7/site-packages/airflow/example_dags/tutorial_dag.py
[2023-06-28T14:37:00.518+0000] {processor.py:826} INFO - Processing file /home/airflow/.local/lib/python3.7/site-packages/airflow/example_dags/tutorial_dag.py for tasks to queue
[2023-06-28T14:37:00.519+0000] {logging_mixin.py:149} INFO - [2023-06-28T14:37:00.519+0000] {dagbag.py:541} INFO - Filling up the DagBag from /home/airflow/.local/lib/python3.7/site-packages/airflow/example_dags/tutorial_dag.py
[2023-06-28T14:37:00.525+0000] {processor.py:836} INFO - DAG(s) dict_keys(['tutorial_dag']) retrieved from /home/airflow/.local/lib/python3.7/site-packages/airflow/example_dags/tutorial_dag.py
[2023-06-28T14:37:00.557+0000] {logging_mixin.py:149} INFO - [2023-06-28T14:37:00.557+0000] {dag.py:2726} INFO - Sync 1 DAGs
[2023-06-28T14:37:00.593+0000] {logging_mixin.py:149} INFO - [2023-06-28T14:37:00.593+0000] {dag.py:3490} INFO - Setting next_dagrun for tutorial_dag to None, run_after=None
[2023-06-28T14:37:00.641+0000] {processor.py:179} INFO - Processing /home/airflow/.local/lib/python3.7/site-packages/airflow/example_dags/tutorial_dag.py took 0.128 seconds
[2023-06-28T14:37:30.738+0000] {processor.py:157} INFO - Started process (PID=2482) to work on /home/airflow/.local/lib/python3.7/site-packages/airflow/example_dags/tutorial_dag.py
[2023-06-28T14:37:30.739+0000] {processor.py:826} INFO - Processing file /home/airflow/.local/lib/python3.7/site-packages/airflow/example_dags/tutorial_dag.py for tasks to queue
[2023-06-28T14:37:30.741+0000] {logging_mixin.py:149} INFO - [2023-06-28T14:37:30.741+0000] {dagbag.py:541} INFO - Filling up the DagBag from /home/airflow/.local/lib/python3.7/site-packages/airflow/example_dags/tutorial_dag.py
[2023-06-28T14:37:30.749+0000] {processor.py:836} INFO - DAG(s) dict_keys(['tutorial_dag']) retrieved from /home/airflow/.local/lib/python3.7/site-packages/airflow/example_dags/tutorial_dag.py
[2023-06-28T14:37:30.785+0000] {logging_mixin.py:149} INFO - [2023-06-28T14:37:30.785+0000] {dag.py:2726} INFO - Sync 1 DAGs
[2023-06-28T14:37:30.826+0000] {logging_mixin.py:149} INFO - [2023-06-28T14:37:30.826+0000] {dag.py:3490} INFO - Setting next_dagrun for tutorial_dag to None, run_after=None
[2023-06-28T14:37:30.866+0000] {processor.py:179} INFO - Processing /home/airflow/.local/lib/python3.7/site-packages/airflow/example_dags/tutorial_dag.py took 0.134 seconds
[2023-06-28T14:38:01.060+0000] {processor.py:157} INFO - Started process (PID=2542) to work on /home/airflow/.local/lib/python3.7/site-packages/airflow/example_dags/tutorial_dag.py
[2023-06-28T14:38:01.061+0000] {processor.py:826} INFO - Processing file /home/airflow/.local/lib/python3.7/site-packages/airflow/example_dags/tutorial_dag.py for tasks to queue
[2023-06-28T14:38:01.062+0000] {logging_mixin.py:149} INFO - [2023-06-28T14:38:01.062+0000] {dagbag.py:541} INFO - Filling up the DagBag from /home/airflow/.local/lib/python3.7/site-packages/airflow/example_dags/tutorial_dag.py
[2023-06-28T14:38:01.069+0000] {processor.py:836} INFO - DAG(s) dict_keys(['tutorial_dag']) retrieved from /home/airflow/.local/lib/python3.7/site-packages/airflow/example_dags/tutorial_dag.py
[2023-06-28T14:38:01.100+0000] {logging_mixin.py:149} INFO - [2023-06-28T14:38:01.100+0000] {dag.py:2726} INFO - Sync 1 DAGs
[2023-06-28T14:38:01.133+0000] {logging_mixin.py:149} INFO - [2023-06-28T14:38:01.133+0000] {dag.py:3490} INFO - Setting next_dagrun for tutorial_dag to None, run_after=None
[2023-06-28T14:38:01.165+0000] {processor.py:179} INFO - Processing /home/airflow/.local/lib/python3.7/site-packages/airflow/example_dags/tutorial_dag.py took 0.109 seconds
[2023-06-28T14:38:31.726+0000] {processor.py:157} INFO - Started process (PID=2601) to work on /home/airflow/.local/lib/python3.7/site-packages/airflow/example_dags/tutorial_dag.py
[2023-06-28T14:38:31.727+0000] {processor.py:826} INFO - Processing file /home/airflow/.local/lib/python3.7/site-packages/airflow/example_dags/tutorial_dag.py for tasks to queue
[2023-06-28T14:38:31.729+0000] {logging_mixin.py:149} INFO - [2023-06-28T14:38:31.729+0000] {dagbag.py:541} INFO - Filling up the DagBag from /home/airflow/.local/lib/python3.7/site-packages/airflow/example_dags/tutorial_dag.py
[2023-06-28T14:38:31.738+0000] {processor.py:836} INFO - DAG(s) dict_keys(['tutorial_dag']) retrieved from /home/airflow/.local/lib/python3.7/site-packages/airflow/example_dags/tutorial_dag.py
[2023-06-28T14:38:31.790+0000] {logging_mixin.py:149} INFO - [2023-06-28T14:38:31.789+0000] {dag.py:2726} INFO - Sync 1 DAGs
[2023-06-28T14:38:31.833+0000] {logging_mixin.py:149} INFO - [2023-06-28T14:38:31.833+0000] {dag.py:3490} INFO - Setting next_dagrun for tutorial_dag to None, run_after=None
[2023-06-28T14:38:31.875+0000] {processor.py:179} INFO - Processing /home/airflow/.local/lib/python3.7/site-packages/airflow/example_dags/tutorial_dag.py took 0.156 seconds
[2023-06-28T14:39:02.220+0000] {processor.py:157} INFO - Started process (PID=2660) to work on /home/airflow/.local/lib/python3.7/site-packages/airflow/example_dags/tutorial_dag.py
[2023-06-28T14:39:02.222+0000] {processor.py:826} INFO - Processing file /home/airflow/.local/lib/python3.7/site-packages/airflow/example_dags/tutorial_dag.py for tasks to queue
[2023-06-28T14:39:02.224+0000] {logging_mixin.py:149} INFO - [2023-06-28T14:39:02.224+0000] {dagbag.py:541} INFO - Filling up the DagBag from /home/airflow/.local/lib/python3.7/site-packages/airflow/example_dags/tutorial_dag.py
[2023-06-28T14:39:02.238+0000] {processor.py:836} INFO - DAG(s) dict_keys(['tutorial_dag']) retrieved from /home/airflow/.local/lib/python3.7/site-packages/airflow/example_dags/tutorial_dag.py
[2023-06-28T14:39:02.279+0000] {logging_mixin.py:149} INFO - [2023-06-28T14:39:02.279+0000] {dag.py:2726} INFO - Sync 1 DAGs
[2023-06-28T14:39:02.312+0000] {logging_mixin.py:149} INFO - [2023-06-28T14:39:02.312+0000] {dag.py:3490} INFO - Setting next_dagrun for tutorial_dag to None, run_after=None
[2023-06-28T14:39:02.341+0000] {processor.py:179} INFO - Processing /home/airflow/.local/lib/python3.7/site-packages/airflow/example_dags/tutorial_dag.py took 0.126 seconds
[2023-06-28T14:39:32.768+0000] {processor.py:157} INFO - Started process (PID=2719) to work on /home/airflow/.local/lib/python3.7/site-packages/airflow/example_dags/tutorial_dag.py
[2023-06-28T14:39:32.769+0000] {processor.py:826} INFO - Processing file /home/airflow/.local/lib/python3.7/site-packages/airflow/example_dags/tutorial_dag.py for tasks to queue
[2023-06-28T14:39:32.770+0000] {logging_mixin.py:149} INFO - [2023-06-28T14:39:32.770+0000] {dagbag.py:541} INFO - Filling up the DagBag from /home/airflow/.local/lib/python3.7/site-packages/airflow/example_dags/tutorial_dag.py
[2023-06-28T14:39:32.777+0000] {processor.py:836} INFO - DAG(s) dict_keys(['tutorial_dag']) retrieved from /home/airflow/.local/lib/python3.7/site-packages/airflow/example_dags/tutorial_dag.py
[2023-06-28T14:39:32.807+0000] {logging_mixin.py:149} INFO - [2023-06-28T14:39:32.807+0000] {dag.py:2726} INFO - Sync 1 DAGs
[2023-06-28T14:39:32.841+0000] {logging_mixin.py:149} INFO - [2023-06-28T14:39:32.841+0000] {dag.py:3490} INFO - Setting next_dagrun for tutorial_dag to None, run_after=None
[2023-06-28T14:39:32.871+0000] {processor.py:179} INFO - Processing /home/airflow/.local/lib/python3.7/site-packages/airflow/example_dags/tutorial_dag.py took 0.108 seconds
[2023-06-28T14:40:03.275+0000] {processor.py:157} INFO - Started process (PID=2779) to work on /home/airflow/.local/lib/python3.7/site-packages/airflow/example_dags/tutorial_dag.py
[2023-06-28T14:40:03.276+0000] {processor.py:826} INFO - Processing file /home/airflow/.local/lib/python3.7/site-packages/airflow/example_dags/tutorial_dag.py for tasks to queue
[2023-06-28T14:40:03.278+0000] {logging_mixin.py:149} INFO - [2023-06-28T14:40:03.277+0000] {dagbag.py:541} INFO - Filling up the DagBag from /home/airflow/.local/lib/python3.7/site-packages/airflow/example_dags/tutorial_dag.py
[2023-06-28T14:40:03.285+0000] {processor.py:836} INFO - DAG(s) dict_keys(['tutorial_dag']) retrieved from /home/airflow/.local/lib/python3.7/site-packages/airflow/example_dags/tutorial_dag.py
[2023-06-28T14:40:03.323+0000] {logging_mixin.py:149} INFO - [2023-06-28T14:40:03.323+0000] {dag.py:2726} INFO - Sync 1 DAGs
[2023-06-28T14:40:03.368+0000] {logging_mixin.py:149} INFO - [2023-06-28T14:40:03.368+0000] {dag.py:3490} INFO - Setting next_dagrun for tutorial_dag to None, run_after=None
[2023-06-28T14:40:03.404+0000] {processor.py:179} INFO - Processing /home/airflow/.local/lib/python3.7/site-packages/airflow/example_dags/tutorial_dag.py took 0.134 seconds
[2023-06-28T14:40:33.865+0000] {processor.py:157} INFO - Started process (PID=2838) to work on /home/airflow/.local/lib/python3.7/site-packages/airflow/example_dags/tutorial_dag.py
[2023-06-28T14:40:33.866+0000] {processor.py:826} INFO - Processing file /home/airflow/.local/lib/python3.7/site-packages/airflow/example_dags/tutorial_dag.py for tasks to queue
[2023-06-28T14:40:33.867+0000] {logging_mixin.py:149} INFO - [2023-06-28T14:40:33.867+0000] {dagbag.py:541} INFO - Filling up the DagBag from /home/airflow/.local/lib/python3.7/site-packages/airflow/example_dags/tutorial_dag.py
[2023-06-28T14:40:33.873+0000] {processor.py:836} INFO - DAG(s) dict_keys(['tutorial_dag']) retrieved from /home/airflow/.local/lib/python3.7/site-packages/airflow/example_dags/tutorial_dag.py
[2023-06-28T14:40:33.903+0000] {logging_mixin.py:149} INFO - [2023-06-28T14:40:33.903+0000] {dag.py:2726} INFO - Sync 1 DAGs
[2023-06-28T14:40:33.937+0000] {logging_mixin.py:149} INFO - [2023-06-28T14:40:33.937+0000] {dag.py:3490} INFO - Setting next_dagrun for tutorial_dag to None, run_after=None
[2023-06-28T14:40:33.967+0000] {processor.py:179} INFO - Processing /home/airflow/.local/lib/python3.7/site-packages/airflow/example_dags/tutorial_dag.py took 0.106 seconds
[2023-06-28T14:41:04.241+0000] {processor.py:157} INFO - Started process (PID=2897) to work on /home/airflow/.local/lib/python3.7/site-packages/airflow/example_dags/tutorial_dag.py
[2023-06-28T14:41:04.243+0000] {processor.py:826} INFO - Processing file /home/airflow/.local/lib/python3.7/site-packages/airflow/example_dags/tutorial_dag.py for tasks to queue
[2023-06-28T14:41:04.244+0000] {logging_mixin.py:149} INFO - [2023-06-28T14:41:04.243+0000] {dagbag.py:541} INFO - Filling up the DagBag from /home/airflow/.local/lib/python3.7/site-packages/airflow/example_dags/tutorial_dag.py
[2023-06-28T14:41:04.250+0000] {processor.py:836} INFO - DAG(s) dict_keys(['tutorial_dag']) retrieved from /home/airflow/.local/lib/python3.7/site-packages/airflow/example_dags/tutorial_dag.py
[2023-06-28T14:41:04.283+0000] {logging_mixin.py:149} INFO - [2023-06-28T14:41:04.283+0000] {dag.py:2726} INFO - Sync 1 DAGs
[2023-06-28T14:41:04.318+0000] {logging_mixin.py:149} INFO - [2023-06-28T14:41:04.318+0000] {dag.py:3490} INFO - Setting next_dagrun for tutorial_dag to None, run_after=None
[2023-06-28T14:41:04.351+0000] {processor.py:179} INFO - Processing /home/airflow/.local/lib/python3.7/site-packages/airflow/example_dags/tutorial_dag.py took 0.114 seconds
[2023-06-28T14:41:34.564+0000] {processor.py:157} INFO - Started process (PID=2957) to work on /home/airflow/.local/lib/python3.7/site-packages/airflow/example_dags/tutorial_dag.py
[2023-06-28T14:41:34.566+0000] {processor.py:826} INFO - Processing file /home/airflow/.local/lib/python3.7/site-packages/airflow/example_dags/tutorial_dag.py for tasks to queue
[2023-06-28T14:41:34.567+0000] {logging_mixin.py:149} INFO - [2023-06-28T14:41:34.567+0000] {dagbag.py:541} INFO - Filling up the DagBag from /home/airflow/.local/lib/python3.7/site-packages/airflow/example_dags/tutorial_dag.py
[2023-06-28T14:41:34.573+0000] {processor.py:836} INFO - DAG(s) dict_keys(['tutorial_dag']) retrieved from /home/airflow/.local/lib/python3.7/site-packages/airflow/example_dags/tutorial_dag.py
[2023-06-28T14:41:34.604+0000] {logging_mixin.py:149} INFO - [2023-06-28T14:41:34.604+0000] {dag.py:2726} INFO - Sync 1 DAGs
[2023-06-28T14:41:34.639+0000] {logging_mixin.py:149} INFO - [2023-06-28T14:41:34.638+0000] {dag.py:3490} INFO - Setting next_dagrun for tutorial_dag to None, run_after=None
[2023-06-28T14:41:34.670+0000] {processor.py:179} INFO - Processing /home/airflow/.local/lib/python3.7/site-packages/airflow/example_dags/tutorial_dag.py took 0.111 seconds
[2023-06-28T14:42:04.883+0000] {processor.py:157} INFO - Started process (PID=3016) to work on /home/airflow/.local/lib/python3.7/site-packages/airflow/example_dags/tutorial_dag.py
[2023-06-28T14:42:04.884+0000] {processor.py:826} INFO - Processing file /home/airflow/.local/lib/python3.7/site-packages/airflow/example_dags/tutorial_dag.py for tasks to queue
[2023-06-28T14:42:04.886+0000] {logging_mixin.py:149} INFO - [2023-06-28T14:42:04.885+0000] {dagbag.py:541} INFO - Filling up the DagBag from /home/airflow/.local/lib/python3.7/site-packages/airflow/example_dags/tutorial_dag.py
[2023-06-28T14:42:04.892+0000] {processor.py:836} INFO - DAG(s) dict_keys(['tutorial_dag']) retrieved from /home/airflow/.local/lib/python3.7/site-packages/airflow/example_dags/tutorial_dag.py
[2023-06-28T14:42:04.922+0000] {logging_mixin.py:149} INFO - [2023-06-28T14:42:04.922+0000] {dag.py:2726} INFO - Sync 1 DAGs
[2023-06-28T14:42:04.956+0000] {logging_mixin.py:149} INFO - [2023-06-28T14:42:04.956+0000] {dag.py:3490} INFO - Setting next_dagrun for tutorial_dag to None, run_after=None
[2023-06-28T14:42:04.995+0000] {processor.py:179} INFO - Processing /home/airflow/.local/lib/python3.7/site-packages/airflow/example_dags/tutorial_dag.py took 0.116 seconds
[2023-06-28T14:42:35.618+0000] {processor.py:157} INFO - Started process (PID=3075) to work on /home/airflow/.local/lib/python3.7/site-packages/airflow/example_dags/tutorial_dag.py
[2023-06-28T14:42:35.621+0000] {processor.py:826} INFO - Processing file /home/airflow/.local/lib/python3.7/site-packages/airflow/example_dags/tutorial_dag.py for tasks to queue
[2023-06-28T14:42:35.622+0000] {logging_mixin.py:149} INFO - [2023-06-28T14:42:35.622+0000] {dagbag.py:541} INFO - Filling up the DagBag from /home/airflow/.local/lib/python3.7/site-packages/airflow/example_dags/tutorial_dag.py
[2023-06-28T14:42:35.632+0000] {processor.py:836} INFO - DAG(s) dict_keys(['tutorial_dag']) retrieved from /home/airflow/.local/lib/python3.7/site-packages/airflow/example_dags/tutorial_dag.py
[2023-06-28T14:42:35.666+0000] {logging_mixin.py:149} INFO - [2023-06-28T14:42:35.666+0000] {dag.py:2726} INFO - Sync 1 DAGs
[2023-06-28T14:42:35.700+0000] {logging_mixin.py:149} INFO - [2023-06-28T14:42:35.700+0000] {dag.py:3490} INFO - Setting next_dagrun for tutorial_dag to None, run_after=None
[2023-06-28T14:42:35.753+0000] {processor.py:179} INFO - Processing /home/airflow/.local/lib/python3.7/site-packages/airflow/example_dags/tutorial_dag.py took 0.149 seconds
[2023-06-28T14:43:05.867+0000] {processor.py:157} INFO - Started process (PID=3135) to work on /home/airflow/.local/lib/python3.7/site-packages/airflow/example_dags/tutorial_dag.py
[2023-06-28T14:43:05.868+0000] {processor.py:826} INFO - Processing file /home/airflow/.local/lib/python3.7/site-packages/airflow/example_dags/tutorial_dag.py for tasks to queue
[2023-06-28T14:43:05.869+0000] {logging_mixin.py:149} INFO - [2023-06-28T14:43:05.869+0000] {dagbag.py:541} INFO - Filling up the DagBag from /home/airflow/.local/lib/python3.7/site-packages/airflow/example_dags/tutorial_dag.py
[2023-06-28T14:43:05.877+0000] {processor.py:836} INFO - DAG(s) dict_keys(['tutorial_dag']) retrieved from /home/airflow/.local/lib/python3.7/site-packages/airflow/example_dags/tutorial_dag.py
[2023-06-28T14:43:05.912+0000] {logging_mixin.py:149} INFO - [2023-06-28T14:43:05.912+0000] {dag.py:2726} INFO - Sync 1 DAGs
[2023-06-28T14:43:05.948+0000] {logging_mixin.py:149} INFO - [2023-06-28T14:43:05.947+0000] {dag.py:3490} INFO - Setting next_dagrun for tutorial_dag to None, run_after=None
[2023-06-28T14:43:05.981+0000] {processor.py:179} INFO - Processing /home/airflow/.local/lib/python3.7/site-packages/airflow/example_dags/tutorial_dag.py took 0.118 seconds
[2023-06-28T14:43:37.500+0000] {processor.py:157} INFO - Started process (PID=3194) to work on /home/airflow/.local/lib/python3.7/site-packages/airflow/example_dags/tutorial_dag.py
[2023-06-28T14:43:37.502+0000] {processor.py:826} INFO - Processing file /home/airflow/.local/lib/python3.7/site-packages/airflow/example_dags/tutorial_dag.py for tasks to queue
[2023-06-28T14:43:37.514+0000] {logging_mixin.py:149} INFO - [2023-06-28T14:43:37.514+0000] {dagbag.py:541} INFO - Filling up the DagBag from /home/airflow/.local/lib/python3.7/site-packages/airflow/example_dags/tutorial_dag.py
[2023-06-28T14:43:37.548+0000] {processor.py:836} INFO - DAG(s) dict_keys(['tutorial_dag']) retrieved from /home/airflow/.local/lib/python3.7/site-packages/airflow/example_dags/tutorial_dag.py
[2023-06-28T14:43:37.734+0000] {logging_mixin.py:149} INFO - [2023-06-28T14:43:37.734+0000] {dag.py:2726} INFO - Sync 1 DAGs
[2023-06-28T14:43:38.020+0000] {logging_mixin.py:149} INFO - [2023-06-28T14:43:38.019+0000] {dag.py:3490} INFO - Setting next_dagrun for tutorial_dag to None, run_after=None
[2023-06-28T14:43:38.269+0000] {processor.py:179} INFO - Processing /home/airflow/.local/lib/python3.7/site-packages/airflow/example_dags/tutorial_dag.py took 0.783 seconds
[2023-06-28T14:44:08.453+0000] {processor.py:157} INFO - Started process (PID=3253) to work on /home/airflow/.local/lib/python3.7/site-packages/airflow/example_dags/tutorial_dag.py
[2023-06-28T14:44:08.464+0000] {processor.py:826} INFO - Processing file /home/airflow/.local/lib/python3.7/site-packages/airflow/example_dags/tutorial_dag.py for tasks to queue
[2023-06-28T14:44:08.466+0000] {logging_mixin.py:149} INFO - [2023-06-28T14:44:08.465+0000] {dagbag.py:541} INFO - Filling up the DagBag from /home/airflow/.local/lib/python3.7/site-packages/airflow/example_dags/tutorial_dag.py
[2023-06-28T14:44:08.486+0000] {processor.py:836} INFO - DAG(s) dict_keys(['tutorial_dag']) retrieved from /home/airflow/.local/lib/python3.7/site-packages/airflow/example_dags/tutorial_dag.py
[2023-06-28T14:44:08.589+0000] {logging_mixin.py:149} INFO - [2023-06-28T14:44:08.589+0000] {dag.py:2726} INFO - Sync 1 DAGs
[2023-06-28T14:44:08.689+0000] {logging_mixin.py:149} INFO - [2023-06-28T14:44:08.688+0000] {dag.py:3490} INFO - Setting next_dagrun for tutorial_dag to None, run_after=None
[2023-06-28T14:44:08.764+0000] {processor.py:179} INFO - Processing /home/airflow/.local/lib/python3.7/site-packages/airflow/example_dags/tutorial_dag.py took 0.317 seconds
[2023-06-28T14:44:39.137+0000] {processor.py:157} INFO - Started process (PID=3312) to work on /home/airflow/.local/lib/python3.7/site-packages/airflow/example_dags/tutorial_dag.py
[2023-06-28T14:44:39.138+0000] {processor.py:826} INFO - Processing file /home/airflow/.local/lib/python3.7/site-packages/airflow/example_dags/tutorial_dag.py for tasks to queue
[2023-06-28T14:44:39.139+0000] {logging_mixin.py:149} INFO - [2023-06-28T14:44:39.139+0000] {dagbag.py:541} INFO - Filling up the DagBag from /home/airflow/.local/lib/python3.7/site-packages/airflow/example_dags/tutorial_dag.py
[2023-06-28T14:44:39.146+0000] {processor.py:836} INFO - DAG(s) dict_keys(['tutorial_dag']) retrieved from /home/airflow/.local/lib/python3.7/site-packages/airflow/example_dags/tutorial_dag.py
[2023-06-28T14:44:39.180+0000] {logging_mixin.py:149} INFO - [2023-06-28T14:44:39.180+0000] {dag.py:2726} INFO - Sync 1 DAGs
[2023-06-28T14:44:39.215+0000] {logging_mixin.py:149} INFO - [2023-06-28T14:44:39.214+0000] {dag.py:3490} INFO - Setting next_dagrun for tutorial_dag to None, run_after=None
[2023-06-28T14:44:39.255+0000] {processor.py:179} INFO - Processing /home/airflow/.local/lib/python3.7/site-packages/airflow/example_dags/tutorial_dag.py took 0.122 seconds
[2023-06-28T14:45:10.170+0000] {processor.py:157} INFO - Started process (PID=3371) to work on /home/airflow/.local/lib/python3.7/site-packages/airflow/example_dags/tutorial_dag.py
[2023-06-28T14:45:10.172+0000] {processor.py:826} INFO - Processing file /home/airflow/.local/lib/python3.7/site-packages/airflow/example_dags/tutorial_dag.py for tasks to queue
[2023-06-28T14:45:10.173+0000] {logging_mixin.py:149} INFO - [2023-06-28T14:45:10.173+0000] {dagbag.py:541} INFO - Filling up the DagBag from /home/airflow/.local/lib/python3.7/site-packages/airflow/example_dags/tutorial_dag.py
[2023-06-28T14:45:10.183+0000] {processor.py:836} INFO - DAG(s) dict_keys(['tutorial_dag']) retrieved from /home/airflow/.local/lib/python3.7/site-packages/airflow/example_dags/tutorial_dag.py
[2023-06-28T14:45:10.232+0000] {logging_mixin.py:149} INFO - [2023-06-28T14:45:10.232+0000] {dag.py:2726} INFO - Sync 1 DAGs
[2023-06-28T14:45:10.299+0000] {logging_mixin.py:149} INFO - [2023-06-28T14:45:10.298+0000] {dag.py:3490} INFO - Setting next_dagrun for tutorial_dag to None, run_after=None
[2023-06-28T14:45:10.352+0000] {processor.py:179} INFO - Processing /home/airflow/.local/lib/python3.7/site-packages/airflow/example_dags/tutorial_dag.py took 0.190 seconds
[2023-06-28T14:45:41.342+0000] {processor.py:157} INFO - Started process (PID=3432) to work on /home/airflow/.local/lib/python3.7/site-packages/airflow/example_dags/tutorial_dag.py
[2023-06-28T14:45:41.343+0000] {processor.py:826} INFO - Processing file /home/airflow/.local/lib/python3.7/site-packages/airflow/example_dags/tutorial_dag.py for tasks to queue
[2023-06-28T14:45:41.345+0000] {logging_mixin.py:149} INFO - [2023-06-28T14:45:41.345+0000] {dagbag.py:541} INFO - Filling up the DagBag from /home/airflow/.local/lib/python3.7/site-packages/airflow/example_dags/tutorial_dag.py
[2023-06-28T14:45:41.353+0000] {processor.py:836} INFO - DAG(s) dict_keys(['tutorial_dag']) retrieved from /home/airflow/.local/lib/python3.7/site-packages/airflow/example_dags/tutorial_dag.py
[2023-06-28T14:45:41.395+0000] {logging_mixin.py:149} INFO - [2023-06-28T14:45:41.395+0000] {dag.py:2726} INFO - Sync 1 DAGs
[2023-06-28T14:45:41.439+0000] {logging_mixin.py:149} INFO - [2023-06-28T14:45:41.439+0000] {dag.py:3490} INFO - Setting next_dagrun for tutorial_dag to None, run_after=None
[2023-06-28T14:45:41.478+0000] {processor.py:179} INFO - Processing /home/airflow/.local/lib/python3.7/site-packages/airflow/example_dags/tutorial_dag.py took 0.142 seconds
[2023-06-28T14:46:12.783+0000] {processor.py:157} INFO - Started process (PID=3491) to work on /home/airflow/.local/lib/python3.7/site-packages/airflow/example_dags/tutorial_dag.py
[2023-06-28T14:46:12.807+0000] {processor.py:826} INFO - Processing file /home/airflow/.local/lib/python3.7/site-packages/airflow/example_dags/tutorial_dag.py for tasks to queue
[2023-06-28T14:46:12.818+0000] {logging_mixin.py:149} INFO - [2023-06-28T14:46:12.817+0000] {dagbag.py:541} INFO - Filling up the DagBag from /home/airflow/.local/lib/python3.7/site-packages/airflow/example_dags/tutorial_dag.py
[2023-06-28T14:46:12.855+0000] {processor.py:836} INFO - DAG(s) dict_keys(['tutorial_dag']) retrieved from /home/airflow/.local/lib/python3.7/site-packages/airflow/example_dags/tutorial_dag.py
[2023-06-28T14:46:13.009+0000] {logging_mixin.py:149} INFO - [2023-06-28T14:46:13.008+0000] {dag.py:2726} INFO - Sync 1 DAGs
[2023-06-28T14:46:13.190+0000] {logging_mixin.py:149} INFO - [2023-06-28T14:46:13.190+0000] {dag.py:3490} INFO - Setting next_dagrun for tutorial_dag to None, run_after=None
[2023-06-28T14:46:13.312+0000] {processor.py:179} INFO - Processing /home/airflow/.local/lib/python3.7/site-packages/airflow/example_dags/tutorial_dag.py took 0.551 seconds
[2023-06-28T14:46:43.852+0000] {processor.py:157} INFO - Started process (PID=3551) to work on /home/airflow/.local/lib/python3.7/site-packages/airflow/example_dags/tutorial_dag.py
[2023-06-28T14:46:43.853+0000] {processor.py:826} INFO - Processing file /home/airflow/.local/lib/python3.7/site-packages/airflow/example_dags/tutorial_dag.py for tasks to queue
[2023-06-28T14:46:43.854+0000] {logging_mixin.py:149} INFO - [2023-06-28T14:46:43.854+0000] {dagbag.py:541} INFO - Filling up the DagBag from /home/airflow/.local/lib/python3.7/site-packages/airflow/example_dags/tutorial_dag.py
[2023-06-28T14:46:43.861+0000] {processor.py:836} INFO - DAG(s) dict_keys(['tutorial_dag']) retrieved from /home/airflow/.local/lib/python3.7/site-packages/airflow/example_dags/tutorial_dag.py
[2023-06-28T14:46:43.916+0000] {logging_mixin.py:149} INFO - [2023-06-28T14:46:43.915+0000] {dag.py:2726} INFO - Sync 1 DAGs
[2023-06-28T14:46:43.971+0000] {logging_mixin.py:149} INFO - [2023-06-28T14:46:43.971+0000] {dag.py:3490} INFO - Setting next_dagrun for tutorial_dag to None, run_after=None
[2023-06-28T14:46:44.023+0000] {processor.py:179} INFO - Processing /home/airflow/.local/lib/python3.7/site-packages/airflow/example_dags/tutorial_dag.py took 0.181 seconds
[2023-06-28T14:47:14.841+0000] {processor.py:157} INFO - Started process (PID=3610) to work on /home/airflow/.local/lib/python3.7/site-packages/airflow/example_dags/tutorial_dag.py
[2023-06-28T14:47:14.842+0000] {processor.py:826} INFO - Processing file /home/airflow/.local/lib/python3.7/site-packages/airflow/example_dags/tutorial_dag.py for tasks to queue
[2023-06-28T14:47:14.843+0000] {logging_mixin.py:149} INFO - [2023-06-28T14:47:14.843+0000] {dagbag.py:541} INFO - Filling up the DagBag from /home/airflow/.local/lib/python3.7/site-packages/airflow/example_dags/tutorial_dag.py
[2023-06-28T14:47:14.857+0000] {processor.py:836} INFO - DAG(s) dict_keys(['tutorial_dag']) retrieved from /home/airflow/.local/lib/python3.7/site-packages/airflow/example_dags/tutorial_dag.py
[2023-06-28T14:47:14.921+0000] {logging_mixin.py:149} INFO - [2023-06-28T14:47:14.920+0000] {dag.py:2726} INFO - Sync 1 DAGs
[2023-06-28T14:47:14.975+0000] {logging_mixin.py:149} INFO - [2023-06-28T14:47:14.974+0000] {dag.py:3490} INFO - Setting next_dagrun for tutorial_dag to None, run_after=None
[2023-06-28T14:47:15.045+0000] {processor.py:179} INFO - Processing /home/airflow/.local/lib/python3.7/site-packages/airflow/example_dags/tutorial_dag.py took 0.208 seconds
[2023-06-28T14:47:45.230+0000] {processor.py:157} INFO - Started process (PID=3669) to work on /home/airflow/.local/lib/python3.7/site-packages/airflow/example_dags/tutorial_dag.py
[2023-06-28T14:47:45.233+0000] {processor.py:826} INFO - Processing file /home/airflow/.local/lib/python3.7/site-packages/airflow/example_dags/tutorial_dag.py for tasks to queue
[2023-06-28T14:47:45.234+0000] {logging_mixin.py:149} INFO - [2023-06-28T14:47:45.234+0000] {dagbag.py:541} INFO - Filling up the DagBag from /home/airflow/.local/lib/python3.7/site-packages/airflow/example_dags/tutorial_dag.py
[2023-06-28T14:47:45.244+0000] {processor.py:836} INFO - DAG(s) dict_keys(['tutorial_dag']) retrieved from /home/airflow/.local/lib/python3.7/site-packages/airflow/example_dags/tutorial_dag.py
[2023-06-28T14:47:45.289+0000] {logging_mixin.py:149} INFO - [2023-06-28T14:47:45.289+0000] {dag.py:2726} INFO - Sync 1 DAGs
[2023-06-28T14:47:45.362+0000] {logging_mixin.py:149} INFO - [2023-06-28T14:47:45.361+0000] {dag.py:3490} INFO - Setting next_dagrun for tutorial_dag to None, run_after=None
[2023-06-28T14:47:45.409+0000] {processor.py:179} INFO - Processing /home/airflow/.local/lib/python3.7/site-packages/airflow/example_dags/tutorial_dag.py took 0.189 seconds
