[2023-06-30T11:27:39.616+0000] {taskinstance.py:1103} INFO - Dependencies all met for dep_context=non-requeueable deps ti=<TaskInstance: order-letter_NER.post_to_dynamics_task manual__2023-06-30T11:18:42.905527+00:00 [queued]>
[2023-06-30T11:27:39.628+0000] {taskinstance.py:1103} INFO - Dependencies all met for dep_context=requeueable deps ti=<TaskInstance: order-letter_NER.post_to_dynamics_task manual__2023-06-30T11:18:42.905527+00:00 [queued]>
[2023-06-30T11:27:39.629+0000] {taskinstance.py:1308} INFO - Starting attempt 4 of 6
[2023-06-30T11:27:39.651+0000] {taskinstance.py:1327} INFO - Executing <Task(PythonOperator): post_to_dynamics_task> on 2023-06-30 11:18:42.905527+00:00
[2023-06-30T11:27:39.657+0000] {standard_task_runner.py:57} INFO - Started process 14204 to run task
[2023-06-30T11:27:39.663+0000] {standard_task_runner.py:84} INFO - Running: ['***', 'tasks', 'run', 'order-letter_NER', 'post_to_dynamics_task', 'manual__2023-06-30T11:18:42.905527+00:00', '--job-id', '84', '--raw', '--subdir', 'DAGS_FOLDER/order-letter-extraction.py', '--cfg-path', '/tmp/tmp89siobb2']
[2023-06-30T11:27:39.667+0000] {standard_task_runner.py:85} INFO - Job 84: Subtask post_to_dynamics_task
[2023-06-30T11:27:39.728+0000] {task_command.py:410} INFO - Running <TaskInstance: order-letter_NER.post_to_dynamics_task manual__2023-06-30T11:18:42.905527+00:00 [running]> on host f7b244b51c6e
[2023-06-30T11:27:39.853+0000] {taskinstance.py:1545} INFO - Exporting env vars: AIRFLOW_CTX_DAG_OWNER='Abin Jilson' AIRFLOW_CTX_DAG_ID='order-letter_NER' AIRFLOW_CTX_TASK_ID='post_to_dynamics_task' AIRFLOW_CTX_EXECUTION_DATE='2023-06-30T11:18:42.905527+00:00' AIRFLOW_CTX_TRY_NUMBER='4' AIRFLOW_CTX_DAG_RUN_ID='manual__2023-06-30T11:18:42.905527+00:00'
[2023-06-30T11:27:39.856+0000] {taskinstance.py:1824} ERROR - Task failed with exception
Traceback (most recent call last):
  File "/home/airflow/.local/lib/python3.8/site-packages/airflow/operators/python.py", line 181, in execute
    return_value = self.execute_callable()
  File "/home/airflow/.local/lib/python3.8/site-packages/airflow/operators/python.py", line 198, in execute_callable
    return self.python_callable(*self.op_args, **self.op_kwargs)
  File "/opt/airflow/dags/order-letter-extraction.py", line 163, in dynamics_upload_main
    product_list = json.loads(product_list)
  File "/usr/local/lib/python3.8/json/__init__.py", line 357, in loads
    return _default_decoder.decode(s)
  File "/usr/local/lib/python3.8/json/decoder.py", line 337, in decode
    obj, end = self.raw_decode(s, idx=_w(s, 0).end())
  File "/usr/local/lib/python3.8/json/decoder.py", line 355, in raw_decode
    raise JSONDecodeError("Expecting value", s, err.value) from None
json.decoder.JSONDecodeError: Expecting value: line 1 column 2 (char 1)
[2023-06-30T11:27:39.867+0000] {taskinstance.py:1345} INFO - Marking task as UP_FOR_RETRY. dag_id=order-letter_NER, task_id=post_to_dynamics_task, execution_date=20230630T111842, start_date=20230630T112739, end_date=20230630T112739
[2023-06-30T11:27:39.886+0000] {standard_task_runner.py:104} ERROR - Failed to execute job 84 for task post_to_dynamics_task (Expecting value: line 1 column 2 (char 1); 14204)
[2023-06-30T11:27:39.918+0000] {local_task_job_runner.py:225} INFO - Task exited with return code 1
[2023-06-30T11:27:39.940+0000] {taskinstance.py:2653} INFO - 0 downstream tasks scheduled from follow-on schedule check
